Picked up JAVA_TOOL_OPTIONS: -XX:CICompilerCount=2 -XX:ParallelGCThreads=2 -XX:ConcGCThreads=2 -Djdk.net.URLClassPath.disableClassPathURLCheck=true 
Picked up _JAVA_OPTIONS: -Djdk.net.URLClassPath.disableClassPathURLCheck=true
Apache Maven 3.5.0 (Red Hat 3.5.0-4.3)
Maven home: /opt/rh/rh-maven35/root/usr/share/maven
Java version: 1.8.0_181, vendor: Oracle Corporation
Java home: /scratch/rjust/projects/calling-bs/repair-them-all/RepairThemAll/jdks/jdk1.8.0_181/jre
Default locale: en_US, platform encoding: UTF-8
OS name: "linux", version: "4.14.132-1.el7.retpoline.x86_64", arch: "amd64", family: "unix"
[INFO] Scanning for projects...
[INFO] ------------------------------------------------------------------------
[INFO] Reactor Build Order:
[INFO] 
[INFO] stratosphere
[INFO] stratosphere-core
[INFO] stratosphere-java
[INFO] stratosphere-runtime
[INFO] stratosphere-compiler
[INFO] stratosphere-scala
[INFO] stratosphere-clients
[INFO] stratosphere-examples
[INFO] stratosphere-java-examples
[INFO] stratosphere-scala-examples
[INFO] stratosphere-test-utils
[INFO] stratosphere-tests
[INFO] stratosphere-addons
[INFO] avro
[INFO] jdbc
[INFO] spargel
[INFO] hadoop-compatibility
[INFO] stratosphere-quickstart
[INFO] quickstart-java
[INFO] quickstart-scala
[INFO] stratosphere-dist
[INFO] 
[INFO] ------------------------------------------------------------------------
[INFO] Building stratosphere 0.6-SNAPSHOT
[INFO] ------------------------------------------------------------------------
[INFO] 
[INFO] --- maven-checkstyle-plugin:2.12.1:check (validate) @ stratosphere ---
[INFO] Downloading: https://repo.maven.apache.org/maven2/org/apache/maven/shared/maven-doxia-tools/1.4/maven-doxia-tools-1.4.pom
[INFO] Downloaded: https://repo.maven.apache.org/maven2/org/apache/maven/shared/maven-doxia-tools/1.4/maven-doxia-tools-1.4.pom (7.7 kB at 11 kB/s)
[INFO] Downloading: https://repo.maven.apache.org/maven2/org/apache/maven/shared/maven-shared-components/16/maven-shared-components-16.pom
[INFO] Downloaded: https://repo.maven.apache.org/maven2/org/apache/maven/shared/maven-shared-components/16/maven-shared-components-16.pom (9.2 kB at 572 kB/s)
[INFO] Downloading: https://repo.maven.apache.org/maven2/org/codehaus/plexus/plexus-interpolation/1.14/plexus-interpolation-1.14.pom
[INFO] Downloaded: https://repo.maven.apache.org/maven2/org/codehaus/plexus/plexus-interpolation/1.14/plexus-interpolation-1.14.pom (910 B at 76 kB/s)
[INFO] Downloading: https://repo.maven.apache.org/maven2/org/codehaus/plexus/plexus-components/1.1.18/plexus-components-1.1.18.pom
[INFO] Downloaded: https://repo.maven.apache.org/maven2/org/codehaus/plexus/plexus-components/1.1.18/plexus-components-1.1.18.pom (5.4 kB at 382 kB/s)
[INFO] Downloading: https://repo.maven.apache.org/maven2/org/codehaus/plexus/plexus-resources/1.0-alpha-7/plexus-resources-1.0-alpha-7.pom
[INFO] Downloaded: https://repo.maven.apache.org/maven2/org/codehaus/plexus/plexus-resources/1.0-alpha-7/plexus-resources-1.0-alpha-7.pom (1.4 kB at 105 kB/s)
[INFO] Downloading: https://repo.maven.apache.org/maven2/org/codehaus/plexus/plexus-components/1.1.17/plexus-components-1.1.17.pom
[INFO] Downloaded: https://repo.maven.apache.org/maven2/org/codehaus/plexus/plexus-components/1.1.17/plexus-components-1.1.17.pom (5.2 kB at 401 kB/s)
[INFO] Downloading: https://repo.maven.apache.org/maven2/org/codehaus/plexus/plexus/2.0.5/plexus-2.0.5.pom
[INFO] Downloaded: https://repo.maven.apache.org/maven2/org/codehaus/plexus/plexus/2.0.5/plexus-2.0.5.pom (17 kB at 1.2 MB/s)
[INFO] Downloading: https://repo.maven.apache.org/maven2/org/codehaus/plexus/plexus-interpolation/1.19/plexus-interpolation-1.19.pom
[INFO] Downloaded: https://repo.maven.apache.org/maven2/org/codehaus/plexus/plexus-interpolation/1.19/plexus-interpolation-1.19.pom (1.0 kB at 54 kB/s)
[INFO] Downloading: https://repo.maven.apache.org/maven2/com/puppycrawl/tools/checkstyle/5.7/checkstyle-5.7.pom
[INFO] Downloaded: https://repo.maven.apache.org/maven2/com/puppycrawl/tools/checkstyle/5.7/checkstyle-5.7.pom (25 kB at 306 kB/s)
[INFO] Downloading: https://repo.maven.apache.org/maven2/commons-beanutils/commons-beanutils-core/1.8.3/commons-beanutils-core-1.8.3.pom
[INFO] Downloaded: https://repo.maven.apache.org/maven2/commons-beanutils/commons-beanutils-core/1.8.3/commons-beanutils-core-1.8.3.pom (1.6 kB at 102 kB/s)
[INFO] Downloading: https://repo.maven.apache.org/maven2/com/google/guava/guava-jdk5/14.0.1/guava-jdk5-14.0.1.pom
[INFO] Downloaded: https://repo.maven.apache.org/maven2/com/google/guava/guava-jdk5/14.0.1/guava-jdk5-14.0.1.pom (6.4 kB at 401 kB/s)
[INFO] Downloading: https://repo.maven.apache.org/maven2/com/google/guava/guava-parent-jdk5/14.0.1/guava-parent-jdk5-14.0.1.pom
[INFO] Downloaded: https://repo.maven.apache.org/maven2/com/google/guava/guava-parent-jdk5/14.0.1/guava-parent-jdk5-14.0.1.pom (3.0 kB at 201 kB/s)
[INFO] Downloading: https://repo.maven.apache.org/maven2/commons-beanutils/commons-beanutils-core/1.8.3/commons-beanutils-core-1.8.3.jar
[INFO] Downloading: https://repo.maven.apache.org/maven2/com/google/guava/guava-jdk5/14.0.1/guava-jdk5-14.0.1.jar
[INFO] Downloaded: https://repo.maven.apache.org/maven2/commons-beanutils/commons-beanutils-core/1.8.3/commons-beanutils-core-1.8.3.jar (207 kB at 1.5 MB/s)
[INFO] Downloaded: https://repo.maven.apache.org/maven2/com/google/guava/guava-jdk5/14.0.1/guava-jdk5-14.0.1.jar (2.0 MB at 8.9 MB/s)
[INFO] 
[INFO] --- maven-enforcer-plugin:1.3.1:enforce (enforce-maven) @ stratosphere ---
[INFO] Downloading: https://repo.maven.apache.org/maven2/org/apache/maven/enforcer/enforcer-api/1.3.1/enforcer-api-1.3.1.pom
[INFO] Downloaded: https://repo.maven.apache.org/maven2/org/apache/maven/enforcer/enforcer-api/1.3.1/enforcer-api-1.3.1.pom (2.7 kB at 129 kB/s)
[INFO] Downloading: https://repo.maven.apache.org/maven2/org/apache/maven/enforcer/enforcer-rules/1.3.1/enforcer-rules-1.3.1.pom
[INFO] Downloaded: https://repo.maven.apache.org/maven2/org/apache/maven/enforcer/enforcer-rules/1.3.1/enforcer-rules-1.3.1.pom (3.8 kB at 141 kB/s)
[INFO] Skipping Rule Enforcement.
[INFO] 
[INFO] --- maven-javadoc-plugin:2.9.1:jar (attach-javadocs) @ stratosphere ---
[INFO] Downloading: https://repo.maven.apache.org/maven2/org/apache/maven/shared/maven-invoker/2.0.9/maven-invoker-2.0.9.pom
[INFO] Downloaded: https://repo.maven.apache.org/maven2/org/apache/maven/shared/maven-invoker/2.0.9/maven-invoker-2.0.9.pom (5.8 kB at 385 kB/s)
[INFO] Downloading: https://repo.maven.apache.org/maven2/org/codehaus/plexus/plexus-utils/1.4.9/plexus-utils-1.4.9.pom
[INFO] Downloaded: https://repo.maven.apache.org/maven2/org/codehaus/plexus/plexus-utils/1.4.9/plexus-utils-1.4.9.pom (2.3 kB at 209 kB/s)
[INFO] Downloading: https://repo.maven.apache.org/maven2/org/apache/maven/wagon/wagon-provider-api/1.0-beta-6/wagon-provider-api-1.0-beta-6.pom
[INFO] Downloaded: https://repo.maven.apache.org/maven2/org/apache/maven/wagon/wagon-provider-api/1.0-beta-6/wagon-provider-api-1.0-beta-6.pom (1.8 kB at 70 kB/s)
[INFO] Downloading: https://repo.maven.apache.org/maven2/org/apache/maven/wagon/wagon/1.0-beta-6/wagon-1.0-beta-6.pom
[INFO] Downloaded: https://repo.maven.apache.org/maven2/org/apache/maven/wagon/wagon/1.0-beta-6/wagon-1.0-beta-6.pom (12 kB at 826 kB/s)
[INFO] Downloading: https://repo.maven.apache.org/maven2/org/codehaus/plexus/plexus-utils/1.4.2/plexus-utils-1.4.2.pom
[INFO] Downloaded: https://repo.maven.apache.org/maven2/org/codehaus/plexus/plexus-utils/1.4.2/plexus-utils-1.4.2.pom (2.0 kB at 151 kB/s)
[INFO] Downloading: https://repo.maven.apache.org/maven2/com/thoughtworks/qdox/qdox/1.12.1/qdox-1.12.1.pom
[INFO] Downloaded: https://repo.maven.apache.org/maven2/com/thoughtworks/qdox/qdox/1.12.1/qdox-1.12.1.pom (18 kB at 733 kB/s)
[INFO] Downloading: https://repo.maven.apache.org/maven2/org/codehaus/plexus/plexus-archiver/2.1.2/plexus-archiver-2.1.2.pom
[INFO] Downloaded: https://repo.maven.apache.org/maven2/org/codehaus/plexus/plexus-archiver/2.1.2/plexus-archiver-2.1.2.pom (3.8 kB at 236 kB/s)
[INFO] Downloading: https://repo.maven.apache.org/maven2/org/codehaus/plexus/plexus-utils/3.0.2/plexus-utils-3.0.2.pom
[INFO] Downloaded: https://repo.maven.apache.org/maven2/org/codehaus/plexus/plexus-utils/3.0.2/plexus-utils-3.0.2.pom (2.5 kB at 314 kB/s)
[INFO] Downloading: https://repo.maven.apache.org/maven2/org/codehaus/plexus/plexus-io/2.0.4/plexus-io-2.0.4.pom
[INFO] Downloaded: https://repo.maven.apache.org/maven2/org/codehaus/plexus/plexus-io/2.0.4/plexus-io-2.0.4.pom (1.7 kB at 144 kB/s)
[INFO] Downloading: https://repo.maven.apache.org/maven2/commons-collections/commons-collections/3.2/commons-collections-3.2.jar
[INFO] Downloading: https://repo.maven.apache.org/maven2/org/apache/httpcomponents/httpcore/4.2.2/httpcore-4.2.2.jar
[INFO] Downloading: https://repo.maven.apache.org/maven2/org/codehaus/plexus/plexus-io/2.0.4/plexus-io-2.0.4.jar
[INFO] Downloaded: https://repo.maven.apache.org/maven2/org/codehaus/plexus/plexus-io/2.0.4/plexus-io-2.0.4.jar (58 kB at 1.6 MB/s)
[INFO] Downloaded: https://repo.maven.apache.org/maven2/commons-collections/commons-collections/3.2/commons-collections-3.2.jar (571 kB at 9.5 MB/s)
[INFO] Downloaded: https://repo.maven.apache.org/maven2/org/apache/httpcomponents/httpcore/4.2.2/httpcore-4.2.2.jar (224 kB at 2.6 MB/s)
[INFO] Not executing Javadoc as the project is not a Java classpath-capable package
[INFO] 
[INFO] >>> maven-source-plugin:2.2.1:jar (attach-sources) > generate-sources @ stratosphere >>>
[INFO] 
[INFO] --- maven-checkstyle-plugin:2.12.1:check (validate) @ stratosphere ---
[INFO] 
[INFO] --- maven-enforcer-plugin:1.3.1:enforce (enforce-maven) @ stratosphere ---
[INFO] Skipping Rule Enforcement.
[INFO] 
[INFO] <<< maven-source-plugin:2.2.1:jar (attach-sources) < generate-sources @ stratosphere <<<
[INFO] 
[INFO] 
[INFO] --- maven-source-plugin:2.2.1:jar (attach-sources) @ stratosphere ---
[INFO] Downloading: https://repo.maven.apache.org/maven2/org/codehaus/plexus/plexus-archiver/2.2/plexus-archiver-2.2.pom
[INFO] Downloaded: https://repo.maven.apache.org/maven2/org/codehaus/plexus/plexus-archiver/2.2/plexus-archiver-2.2.pom (3.2 kB at 115 kB/s)
[INFO] Downloading: https://repo.maven.apache.org/maven2/org/codehaus/plexus/plexus-components/1.1.20/plexus-components-1.1.20.pom
[INFO] Downloaded: https://repo.maven.apache.org/maven2/org/codehaus/plexus/plexus-components/1.1.20/plexus-components-1.1.20.pom (3.0 kB at 335 kB/s)
[INFO] Downloading: https://repo.maven.apache.org/maven2/org/codehaus/plexus/plexus-utils/3.0.7/plexus-utils-3.0.7.pom
[INFO] Downloaded: https://repo.maven.apache.org/maven2/org/codehaus/plexus/plexus-utils/3.0.7/plexus-utils-3.0.7.pom (2.5 kB at 228 kB/s)
[INFO] 
[INFO] --- maven-failsafe-plugin:2.6:integration-test (default) @ stratosphere ---
[INFO] Downloading: https://repo.maven.apache.org/maven2/org/apache/maven/surefire/surefire-booter/2.6/surefire-booter-2.6.pom
[INFO] Downloaded: https://repo.maven.apache.org/maven2/org/apache/maven/surefire/surefire-booter/2.6/surefire-booter-2.6.pom (2.0 kB at 133 kB/s)
[INFO] Downloading: https://repo.maven.apache.org/maven2/org/apache/maven/surefire/surefire-api/2.6/surefire-api-2.6.pom
[INFO] Downloaded: https://repo.maven.apache.org/maven2/org/apache/maven/surefire/surefire-api/2.6/surefire-api-2.6.pom (2.1 kB at 208 kB/s)
[INFO] Downloading: https://repo.maven.apache.org/maven2/org/apache/maven/surefire/maven-surefire-common/2.6/maven-surefire-common-2.6.pom
[INFO] Downloaded: https://repo.maven.apache.org/maven2/org/apache/maven/surefire/maven-surefire-common/2.6/maven-surefire-common-2.6.pom (3.7 kB at 143 kB/s)
[INFO] Downloading: https://repo.maven.apache.org/maven2/org/apache/maven/surefire/surefire-api/2.6/surefire-api-2.6.jar
[INFO] Downloaded: https://repo.maven.apache.org/maven2/org/apache/maven/surefire/surefire-api/2.6/surefire-api-2.6.jar (531 kB at 9.0 MB/s)
[INFO] Tests are skipped.
[INFO] 
[INFO] --- apache-rat-plugin:0.10:check (default) @ stratosphere ---
[INFO] Downloading: https://repo.maven.apache.org/maven2/org/apache/rat/apache-rat-core/0.10/apache-rat-core-0.10.pom
[INFO] Downloaded: https://repo.maven.apache.org/maven2/org/apache/rat/apache-rat-core/0.10/apache-rat-core-0.10.pom (4.0 kB at 331 kB/s)
[INFO] Downloading: https://repo.maven.apache.org/maven2/org/apache/maven/maven-project/2.0/maven-project-2.0.pom
[INFO] Downloaded: https://repo.maven.apache.org/maven2/org/apache/maven/maven-project/2.0/maven-project-2.0.pom (1.6 kB at 126 kB/s)
[INFO] Downloading: https://repo.maven.apache.org/maven2/org/apache/maven/maven/2.0/maven-2.0.pom
[INFO] Downloaded: https://repo.maven.apache.org/maven2/org/apache/maven/maven/2.0/maven-2.0.pom (8.8 kB at 1.1 MB/s)
[INFO] Downloading: https://repo.maven.apache.org/maven2/org/apache/maven/maven-profile/2.0/maven-profile-2.0.pom
[INFO] Downloaded: https://repo.maven.apache.org/maven2/org/apache/maven/maven-profile/2.0/maven-profile-2.0.pom (1.4 kB at 137 kB/s)
[INFO] Downloading: https://repo.maven.apache.org/maven2/org/apache/maven/maven-model/2.0/maven-model-2.0.pom
[INFO] Downloaded: https://repo.maven.apache.org/maven2/org/apache/maven/maven-model/2.0/maven-model-2.0.pom (2.4 kB at 185 kB/s)
[INFO] Downloading: https://repo.maven.apache.org/maven2/org/apache/maven/maven-artifact-manager/2.0/maven-artifact-manager-2.0.pom
[INFO] Downloaded: https://repo.maven.apache.org/maven2/org/apache/maven/maven-artifact-manager/2.0/maven-artifact-manager-2.0.pom (1.3 kB at 150 kB/s)
[INFO] Downloading: https://repo.maven.apache.org/maven2/org/apache/maven/maven-repository-metadata/2.0/maven-repository-metadata-2.0.pom
[INFO] Downloaded: https://repo.maven.apache.org/maven2/org/apache/maven/maven-repository-metadata/2.0/maven-repository-metadata-2.0.pom (1.2 kB at 112 kB/s)
[INFO] Downloading: https://repo.maven.apache.org/maven2/org/apache/maven/maven-artifact/2.0/maven-artifact-2.0.pom
[INFO] Downloaded: https://repo.maven.apache.org/maven2/org/apache/maven/maven-artifact/2.0/maven-artifact-2.0.pom (723 B at 31 kB/s)
[INFO] Downloading: https://repo.maven.apache.org/maven2/org/apache/maven/maven-core/2.0/maven-core-2.0.pom
[INFO] Downloaded: https://repo.maven.apache.org/maven2/org/apache/maven/maven-core/2.0/maven-core-2.0.pom (5.6 kB at 329 kB/s)
[INFO] Downloading: https://repo.maven.apache.org/maven2/org/apache/maven/maven-settings/2.0/maven-settings-2.0.pom
[INFO] Downloaded: https://repo.maven.apache.org/maven2/org/apache/maven/maven-settings/2.0/maven-settings-2.0.pom (1.4 kB at 125 kB/s)
[INFO] Downloading: https://repo.maven.apache.org/maven2/org/apache/maven/maven-plugin-parameter-documenter/2.0/maven-plugin-parameter-documenter-2.0.pom
[INFO] Downloaded: https://repo.maven.apache.org/maven2/org/apache/maven/maven-plugin-parameter-documenter/2.0/maven-plugin-parameter-documenter-2.0.pom (1.5 kB at 218 kB/s)
[INFO] Downloading: https://repo.maven.apache.org/maven2/org/apache/maven/reporting/maven-reporting-api/2.0/maven-reporting-api-2.0.pom
[INFO] Downloaded: https://repo.maven.apache.org/maven2/org/apache/maven/reporting/maven-reporting-api/2.0/maven-reporting-api-2.0.pom (1.1 kB at 101 kB/s)
[INFO] Downloading: https://repo.maven.apache.org/maven2/org/apache/maven/reporting/maven-reporting/2.0/maven-reporting-2.0.pom
[INFO] Downloaded: https://repo.maven.apache.org/maven2/org/apache/maven/reporting/maven-reporting/2.0/maven-reporting-2.0.pom (504 B at 63 kB/s)
[INFO] Downloading: https://repo.maven.apache.org/maven2/doxia/doxia-sink-api/1.0-alpha-4/doxia-sink-api-1.0-alpha-4.pom
[INFO] Downloaded: https://repo.maven.apache.org/maven2/doxia/doxia-sink-api/1.0-alpha-4/doxia-sink-api-1.0-alpha-4.pom (1.1 kB at 156 kB/s)
[INFO] Downloading: https://repo.maven.apache.org/maven2/org/apache/maven/maven-error-diagnostics/2.0/maven-error-diagnostics-2.0.pom
[INFO] Downloaded: https://repo.maven.apache.org/maven2/org/apache/maven/maven-error-diagnostics/2.0/maven-error-diagnostics-2.0.pom (812 B at 135 kB/s)
[INFO] Downloading: https://repo.maven.apache.org/maven2/org/apache/maven/maven-plugin-registry/2.0/maven-plugin-registry-2.0.pom
[INFO] Downloaded: https://repo.maven.apache.org/maven2/org/apache/maven/maven-plugin-registry/2.0/maven-plugin-registry-2.0.pom (1.3 kB at 143 kB/s)
[INFO] Downloading: https://repo.maven.apache.org/maven2/org/apache/maven/maven-plugin-api/2.0/maven-plugin-api-2.0.pom
[INFO] Downloaded: https://repo.maven.apache.org/maven2/org/apache/maven/maven-plugin-api/2.0/maven-plugin-api-2.0.pom (601 B at 75 kB/s)
[INFO] Downloading: https://repo.maven.apache.org/maven2/org/apache/maven/maven-plugin-descriptor/2.0/maven-plugin-descriptor-2.0.pom
[INFO] Downloaded: https://repo.maven.apache.org/maven2/org/apache/maven/maven-plugin-descriptor/2.0/maven-plugin-descriptor-2.0.pom (1.5 kB at 112 kB/s)
[INFO] Downloading: https://repo.maven.apache.org/maven2/org/apache/maven/maven-monitor/2.0/maven-monitor-2.0.pom
[INFO] Downloaded: https://repo.maven.apache.org/maven2/org/apache/maven/maven-monitor/2.0/maven-monitor-2.0.pom (400 B at 44 kB/s)
[INFO] Downloading: https://repo.maven.apache.org/maven2/org/codehaus/plexus/plexus-utils/1.2/plexus-utils-1.2.pom
[INFO] Downloaded: https://repo.maven.apache.org/maven2/org/codehaus/plexus/plexus-utils/1.2/plexus-utils-1.2.pom (767 B at 85 kB/s)
[INFO] Downloading: https://repo.maven.apache.org/maven2/org/codehaus/plexus/plexus/1.0.5/plexus-1.0.5.pom
[INFO] Downloaded: https://repo.maven.apache.org/maven2/org/codehaus/plexus/plexus/1.0.5/plexus-1.0.5.pom (5.9 kB at 743 kB/s)
[INFO] Downloading: https://repo.maven.apache.org/maven2/org/apache/maven/doxia/doxia-logging-api/1.2/doxia-logging-api-1.2.jar
[INFO] Downloading: https://repo.maven.apache.org/maven2/org/apache/maven/doxia/doxia-module-xhtml/1.2/doxia-module-xhtml-1.2.jar
[INFO] Downloading: https://repo.maven.apache.org/maven2/org/apache/maven/doxia/doxia-module-fml/1.2/doxia-module-fml-1.2.jar
[INFO] Downloading: https://repo.maven.apache.org/maven2/org/apache/maven/maven-core/2.0/maven-core-2.0.jar
[INFO] Downloading: https://repo.maven.apache.org/maven2/org/apache/maven/maven-plugin-parameter-documenter/2.0/maven-plugin-parameter-documenter-2.0.jar
[INFO] Downloaded: https://repo.maven.apache.org/maven2/org/apache/maven/doxia/doxia-logging-api/1.2/doxia-logging-api-1.2.jar (11 kB at 199 kB/s)
[INFO] Downloading: https://repo.maven.apache.org/maven2/org/apache/maven/maven-error-diagnostics/2.0/maven-error-diagnostics-2.0.jar
[INFO] Downloaded: https://repo.maven.apache.org/maven2/org/apache/maven/doxia/doxia-module-fml/1.2/doxia-module-fml-1.2.jar (38 kB at 492 kB/s)
[INFO] Downloading: https://repo.maven.apache.org/maven2/org/apache/maven/maven-plugin-descriptor/2.0/maven-plugin-descriptor-2.0.jar
[INFO] Downloaded: https://repo.maven.apache.org/maven2/org/apache/maven/maven-plugin-descriptor/2.0/maven-plugin-descriptor-2.0.jar (33 kB at 404 kB/s)
[INFO] Downloading: https://repo.maven.apache.org/maven2/org/apache/maven/maven-monitor/2.0/maven-monitor-2.0.jar
[INFO] Downloaded: https://repo.maven.apache.org/maven2/org/apache/maven/maven-plugin-parameter-documenter/2.0/maven-plugin-parameter-documenter-2.0.jar (18 kB at 194 kB/s)
[INFO] Downloaded: https://repo.maven.apache.org/maven2/org/apache/maven/maven-error-diagnostics/2.0/maven-error-diagnostics-2.0.jar (10 kB at 106 kB/s)
[INFO] Downloaded: https://repo.maven.apache.org/maven2/org/apache/maven/maven-core/2.0/maven-core-2.0.jar (136 kB at 1.3 MB/s)
[INFO] Downloaded: https://repo.maven.apache.org/maven2/org/apache/maven/doxia/doxia-module-xhtml/1.2/doxia-module-xhtml-1.2.jar (15 kB at 123 kB/s)
[INFO] Downloaded: https://repo.maven.apache.org/maven2/org/apache/maven/maven-monitor/2.0/maven-monitor-2.0.jar (7.6 kB at 68 kB/s)
[INFO] 51 implicit excludes (use -debug for more details).
[INFO] Exclude: **/.*
[INFO] Exclude: **/*.prefs
[INFO] Exclude: **/resources/**
[INFO] Exclude: **/stratosphere-bin/conf/slaves
[INFO] Exclude: **/README.md
[INFO] Exclude: tools/checkstyle.xml
[INFO] Exclude: CHANGELOG
[INFO] Exclude: **/*.creole
[INFO] Exclude: CONTRIBUTORS
[INFO] Exclude: tools/maven/checkstyle.xml
[INFO] Exclude: tools/maven/suppressions.xml
[INFO] Exclude: **/pom.xml
[INFO] Exclude: **/pom.hadoop2.xml
[INFO] Exclude: **/*.iml
[INFO] Exclude: **/target/**
[INFO] Exclude: **/docs/**
[INFO] 10240 resources included (use -debug for more details)
[INFO] Rat check: Summary of files. Unapproved: 5980 unknown: 5980 generated: 0 approved: 2825 licence.
[WARNING] Rat check: 5980 files with unapproved licenses. See RAT report in: /tmp/DynaMoth_Bugs.jar_Flink_32a003d5/target/rat.txt
[INFO] 
[INFO] --- maven-failsafe-plugin:2.6:verify (default) @ stratosphere ---
[INFO] Tests are skipped.
[INFO] 
[INFO] --- maven-install-plugin:2.4:install (default-install) @ stratosphere ---
[INFO] Installing /tmp/DynaMoth_Bugs.jar_Flink_32a003d5/pom.xml to /tmp/DynaMoth_Bugs.jar_Flink_32a003d5/.m2/eu/stratosphere/stratosphere/0.6-SNAPSHOT/stratosphere-0.6-SNAPSHOT.pom
[INFO] 
[INFO] ------------------------------------------------------------------------
[INFO] Building stratosphere-core 0.6-SNAPSHOT
[INFO] ------------------------------------------------------------------------
[INFO] 
[INFO] --- maven-checkstyle-plugin:2.12.1:check (validate) @ stratosphere-core ---
[INFO] 
[INFO] --- maven-enforcer-plugin:1.3.1:enforce (enforce-maven) @ stratosphere-core ---
[INFO] Skipping Rule Enforcement.
[INFO] 
[INFO] --- maven-resources-plugin:2.6:resources (default-resources) @ stratosphere-core ---
[INFO] Using 'UTF-8' encoding to copy filtered resources.
[INFO] skip non existing resourceDirectory /tmp/DynaMoth_Bugs.jar_Flink_32a003d5/stratosphere-core/src/main/resources
[INFO] 
[INFO] --- maven-compiler-plugin:3.1:compile (default-compile) @ stratosphere-core ---
[INFO] Changes detected - recompiling the module!
[INFO] Compiling 229 source files to /tmp/DynaMoth_Bugs.jar_Flink_32a003d5/stratosphere-core/target/classes
[WARNING] /tmp/DynaMoth_Bugs.jar_Flink_32a003d5/stratosphere-core/src/main/java/eu/stratosphere/core/memory/MemorySegment.java:[963,38] sun.misc.Unsafe is internal proprietary API and may be removed in a future release
[WARNING] /tmp/DynaMoth_Bugs.jar_Flink_32a003d5/stratosphere-core/src/main/java/eu/stratosphere/core/memory/MemoryUtils.java:[27,37] sun.misc.Unsafe is internal proprietary API and may be removed in a future release
[WARNING] /tmp/DynaMoth_Bugs.jar_Flink_32a003d5/stratosphere-core/src/main/java/eu/stratosphere/core/memory/MemoryUtils.java:[36,32] sun.misc.Unsafe is internal proprietary API and may be removed in a future release
[WARNING] /tmp/DynaMoth_Bugs.jar_Flink_32a003d5/stratosphere-core/src/main/java/eu/stratosphere/core/memory/MemoryUtils.java:[38,53] sun.misc.Unsafe is internal proprietary API and may be removed in a future release
[WARNING] /tmp/DynaMoth_Bugs.jar_Flink_32a003d5/stratosphere-core/src/main/java/eu/stratosphere/core/memory/MemoryUtils.java:[40,41] sun.misc.Unsafe is internal proprietary API and may be removed in a future release
[WARNING] /tmp/DynaMoth_Bugs.jar_Flink_32a003d5/stratosphere-core/src/main/java/eu/stratosphere/types/Record.java:[1733,46] sun.misc.Unsafe is internal proprietary API and may be removed in a future release
[INFO] 
[INFO] --- maven-resources-plugin:2.6:testResources (default-testResources) @ stratosphere-core ---
[INFO] Using 'UTF-8' encoding to copy filtered resources.
[INFO] skip non existing resourceDirectory /tmp/DynaMoth_Bugs.jar_Flink_32a003d5/stratosphere-core/src/test/resources
[INFO] 
[INFO] --- maven-compiler-plugin:3.1:testCompile (default-testCompile) @ stratosphere-core ---
[INFO] Changes detected - recompiling the module!
[INFO] Compiling 74 source files to /tmp/DynaMoth_Bugs.jar_Flink_32a003d5/stratosphere-core/target/test-classes
[INFO] 
[INFO] --- maven-surefire-plugin:2.16:test (default-test) @ stratosphere-core ---
[INFO] Downloading: https://repo.maven.apache.org/maven2/org/apache/maven/surefire/maven-surefire-common/2.16/maven-surefire-common-2.16.pom
[INFO] Downloaded: https://repo.maven.apache.org/maven2/org/apache/maven/surefire/maven-surefire-common/2.16/maven-surefire-common-2.16.pom (6.1 kB at 469 kB/s)
[INFO] Downloading: https://repo.maven.apache.org/maven2/org/apache/maven/plugin-tools/maven-plugin-annotations/3.2/maven-plugin-annotations-3.2.pom
[INFO] Downloaded: https://repo.maven.apache.org/maven2/org/apache/maven/plugin-tools/maven-plugin-annotations/3.2/maven-plugin-annotations-3.2.pom (1.6 kB at 232 kB/s)
[INFO] Downloading: https://repo.maven.apache.org/maven2/org/apache/maven/plugin-tools/maven-plugin-tools/3.2/maven-plugin-tools-3.2.pom
[INFO] Downloaded: https://repo.maven.apache.org/maven2/org/apache/maven/plugin-tools/maven-plugin-tools/3.2/maven-plugin-tools-3.2.pom (17 kB at 2.4 MB/s)
[INFO] Downloading: https://repo.maven.apache.org/maven2/org/apache/maven/surefire/surefire-api/2.16/surefire-api-2.16.pom
[INFO] Downloaded: https://repo.maven.apache.org/maven2/org/apache/maven/surefire/surefire-api/2.16/surefire-api-2.16.pom (2.3 kB at 255 kB/s)
[INFO] Downloading: https://repo.maven.apache.org/maven2/org/apache/maven/surefire/surefire-booter/2.16/surefire-booter-2.16.pom
[INFO] Downloaded: https://repo.maven.apache.org/maven2/org/apache/maven/surefire/surefire-booter/2.16/surefire-booter-2.16.pom (2.8 kB at 472 kB/s)
[INFO] Downloading: https://repo.maven.apache.org/maven2/org/apache/maven/surefire/surefire-booter/2.16/surefire-booter-2.16.jar
[INFO] Downloaded: https://repo.maven.apache.org/maven2/org/apache/maven/surefire/surefire-booter/2.16/surefire-booter-2.16.jar (40 kB at 4.4 MB/s)
[INFO] Tests are skipped.
[INFO] 
[INFO] --- maven-jar-plugin:2.4:jar (default-jar) @ stratosphere-core ---
[INFO] Building jar: /tmp/DynaMoth_Bugs.jar_Flink_32a003d5/stratosphere-core/target/stratosphere-core-0.6-SNAPSHOT.jar
[INFO] 
[INFO] --- maven-jar-plugin:2.4:test-jar (default) @ stratosphere-core ---
[INFO] Building jar: /tmp/DynaMoth_Bugs.jar_Flink_32a003d5/stratosphere-core/target/stratosphere-core-0.6-SNAPSHOT-tests.jar
[INFO] 
[INFO] --- maven-javadoc-plugin:2.9.1:jar (attach-javadocs) @ stratosphere-core ---
[WARNING] Javadoc Warnings
[WARNING] Picked up JAVA_TOOL_OPTIONS: -XX:CICompilerCount=2 -XX:ParallelGCThreads=2 -XX:ConcGCThreads=2 -Djdk.net.URLClassPath.disableClassPathURLCheck=true
[WARNING] Picked up _JAVA_OPTIONS: -Djdk.net.URLClassPath.disableClassPathURLCheck=true
[INFO] Building jar: /tmp/DynaMoth_Bugs.jar_Flink_32a003d5/stratosphere-core/target/stratosphere-core-0.6-SNAPSHOT-javadoc.jar
[INFO] 
[INFO] >>> maven-source-plugin:2.2.1:jar (attach-sources) > generate-sources @ stratosphere-core >>>
[INFO] 
[INFO] --- maven-checkstyle-plugin:2.12.1:check (validate) @ stratosphere-core ---
[INFO] 
[INFO] --- maven-enforcer-plugin:1.3.1:enforce (enforce-maven) @ stratosphere-core ---
[INFO] Skipping Rule Enforcement.
[INFO] 
[INFO] <<< maven-source-plugin:2.2.1:jar (attach-sources) < generate-sources @ stratosphere-core <<<
[INFO] 
[INFO] 
[INFO] --- maven-source-plugin:2.2.1:jar (attach-sources) @ stratosphere-core ---
[INFO] Building jar: /tmp/DynaMoth_Bugs.jar_Flink_32a003d5/stratosphere-core/target/stratosphere-core-0.6-SNAPSHOT-sources.jar
[INFO] 
[INFO] --- maven-failsafe-plugin:2.6:integration-test (default) @ stratosphere-core ---
[INFO] Tests are skipped.
[INFO] 
[INFO] --- apache-rat-plugin:0.10:check (default) @ stratosphere-core ---
[INFO] 51 implicit excludes (use -debug for more details).
[INFO] Exclude: **/.*
[INFO] Exclude: **/*.prefs
[INFO] Exclude: **/resources/**
[INFO] Exclude: **/stratosphere-bin/conf/slaves
[INFO] Exclude: **/README.md
[INFO] Exclude: tools/checkstyle.xml
[INFO] Exclude: CHANGELOG
[INFO] Exclude: **/*.creole
[INFO] Exclude: CONTRIBUTORS
[INFO] Exclude: tools/maven/checkstyle.xml
[INFO] Exclude: tools/maven/suppressions.xml
[INFO] Exclude: **/pom.xml
[INFO] Exclude: **/pom.hadoop2.xml
[INFO] Exclude: **/*.iml
[INFO] Exclude: **/target/**
[INFO] Exclude: **/docs/**
[INFO] 303 resources included (use -debug for more details)
[INFO] Rat check: Summary of files. Unapproved: 0 unknown: 0 generated: 0 approved: 303 licence.
[INFO] 
[INFO] --- maven-failsafe-plugin:2.6:verify (default) @ stratosphere-core ---
[INFO] Tests are skipped.
[INFO] 
[INFO] --- maven-install-plugin:2.4:install (default-install) @ stratosphere-core ---
[INFO] Installing /tmp/DynaMoth_Bugs.jar_Flink_32a003d5/stratosphere-core/target/stratosphere-core-0.6-SNAPSHOT.jar to /tmp/DynaMoth_Bugs.jar_Flink_32a003d5/.m2/eu/stratosphere/stratosphere-core/0.6-SNAPSHOT/stratosphere-core-0.6-SNAPSHOT.jar
[INFO] 
[INFO] ------------------------------------------------------------------------
[INFO] Building stratosphere-java 0.6-SNAPSHOT
[INFO] ------------------------------------------------------------------------
[INFO] 
[INFO] --- maven-checkstyle-plugin:2.12.1:check (validate) @ stratosphere-java ---
[INFO] 
[INFO] --- maven-enforcer-plugin:1.3.1:enforce (enforce-maven) @ stratosphere-java ---
[INFO] Skipping Rule Enforcement.
[INFO] 
[INFO] --- maven-resources-plugin:2.6:resources (default-resources) @ stratosphere-java ---
[INFO] Using 'UTF-8' encoding to copy filtered resources.
[INFO] skip non existing resourceDirectory /tmp/DynaMoth_Bugs.jar_Flink_32a003d5/stratosphere-java/src/main/resources
[INFO] 
[INFO] --- maven-compiler-plugin:3.1:compile (default-compile) @ stratosphere-java ---
[INFO] Changes detected - recompiling the module!
[INFO] Compiling 215 source files to /tmp/DynaMoth_Bugs.jar_Flink_32a003d5/stratosphere-java/target/classes
[INFO] 
[INFO] --- maven-resources-plugin:2.6:testResources (default-testResources) @ stratosphere-java ---
[INFO] Using 'UTF-8' encoding to copy filtered resources.
[INFO] skip non existing resourceDirectory /tmp/DynaMoth_Bugs.jar_Flink_32a003d5/stratosphere-java/src/test/resources
[INFO] 
[INFO] --- maven-compiler-plugin:3.1:testCompile (default-testCompile) @ stratosphere-java ---
[INFO] Changes detected - recompiling the module!
[INFO] Compiling 52 source files to /tmp/DynaMoth_Bugs.jar_Flink_32a003d5/stratosphere-java/target/test-classes
[INFO] 
[INFO] --- maven-surefire-plugin:2.16:test (default-test) @ stratosphere-java ---
[INFO] Tests are skipped.
[INFO] 
[INFO] --- maven-jar-plugin:2.4:jar (default-jar) @ stratosphere-java ---
[INFO] Building jar: /tmp/DynaMoth_Bugs.jar_Flink_32a003d5/stratosphere-java/target/stratosphere-java-0.6-SNAPSHOT.jar
[INFO] 
[INFO] --- maven-javadoc-plugin:2.9.1:jar (attach-javadocs) @ stratosphere-java ---
[INFO] 
100 warnings
[WARNING] Javadoc Warnings
[WARNING] Picked up JAVA_TOOL_OPTIONS: -XX:CICompilerCount=2 -XX:ParallelGCThreads=2 -XX:ConcGCThreads=2 -Djdk.net.URLClassPath.disableClassPathURLCheck=true
[WARNING] Picked up _JAVA_OPTIONS: -Djdk.net.URLClassPath.disableClassPathURLCheck=true
[WARNING] /tmp/DynaMoth_Bugs.jar_Flink_32a003d5/stratosphere-java/src/main/java/eu/stratosphere/api/java/DataSet.java:529: warning - Tag @link: malformed: "CoGroupOperatorSets#where("
[WARNING] /tmp/DynaMoth_Bugs.jar_Flink_32a003d5/stratosphere-java/src/main/java/eu/stratosphere/api/java/DataSet.java:573: warning - Tag @link: missing '#': "DefaultCross.with(CrossFunction)"
[WARNING] /tmp/DynaMoth_Bugs.jar_Flink_32a003d5/stratosphere-java/src/main/java/eu/stratosphere/api/java/DataSet.java:573: warning - Tag @link: can't find DefaultCross.with(CrossFunction) in eu.stratosphere.api.java.DataSet
[WARNING] /tmp/DynaMoth_Bugs.jar_Flink_32a003d5/stratosphere-java/src/main/java/eu/stratosphere/api/java/DataSet.java:631: warning - Tag @link: missing '#': "DefaultCross.with(CrossFunction)"
[WARNING] /tmp/DynaMoth_Bugs.jar_Flink_32a003d5/stratosphere-java/src/main/java/eu/stratosphere/api/java/DataSet.java:631: warning - Tag @link: can't find DefaultCross.with(CrossFunction) in eu.stratosphere.api.java.DataSet
[WARNING] /tmp/DynaMoth_Bugs.jar_Flink_32a003d5/stratosphere-java/src/main/java/eu/stratosphere/api/java/DataSet.java:602: warning - Tag @link: missing '#': "DefaultCross.with(CrossFunction)"
[WARNING] /tmp/DynaMoth_Bugs.jar_Flink_32a003d5/stratosphere-java/src/main/java/eu/stratosphere/api/java/DataSet.java:602: warning - Tag @link: can't find DefaultCross.with(CrossFunction) in eu.stratosphere.api.java.DataSet
[WARNING] /tmp/DynaMoth_Bugs.jar_Flink_32a003d5/stratosphere-java/src/main/java/eu/stratosphere/api/java/DataSet.java:403: warning - Tag @link: can't find aggregate(Aggregations, int) in eu.stratosphere.api.java.operators.Grouping
[WARNING] /tmp/DynaMoth_Bugs.jar_Flink_32a003d5/stratosphere-java/src/main/java/eu/stratosphere/api/java/DataSet.java:403: warning - Tag @link: can't find reduce(ReduceFunction) in eu.stratosphere.api.java.operators.Grouping
[WARNING] /tmp/DynaMoth_Bugs.jar_Flink_32a003d5/stratosphere-java/src/main/java/eu/stratosphere/api/java/DataSet.java:403: warning - Tag @link: can't find reduceGroup(GroupReduceFunction) in eu.stratosphere.api.java.operators.Grouping
[WARNING] /tmp/DynaMoth_Bugs.jar_Flink_32a003d5/stratosphere-java/src/main/java/eu/stratosphere/api/java/DataSet.java:374: warning - Tag @link: can't find aggregate(Aggregations, int) in eu.stratosphere.api.java.operators.Grouping
[WARNING] /tmp/DynaMoth_Bugs.jar_Flink_32a003d5/stratosphere-java/src/main/java/eu/stratosphere/api/java/DataSet.java:374: warning - Tag @link: can't find reduce(ReduceFunction) in eu.stratosphere.api.java.operators.Grouping
[WARNING] /tmp/DynaMoth_Bugs.jar_Flink_32a003d5/stratosphere-java/src/main/java/eu/stratosphere/api/java/DataSet.java:374: warning - Tag @link: can't find reduceGroup(GroupReduceFunction) in eu.stratosphere.api.java.operators.Grouping
[WARNING] /tmp/DynaMoth_Bugs.jar_Flink_32a003d5/stratosphere-java/src/main/java/eu/stratosphere/api/java/DataSet.java:432: warning - Tag @link: can't find aggregate(Aggregations, int) in eu.stratosphere.api.java.operators.Grouping
[WARNING] /tmp/DynaMoth_Bugs.jar_Flink_32a003d5/stratosphere-java/src/main/java/eu/stratosphere/api/java/DataSet.java:432: warning - Tag @link: can't find reduce(ReduceFunction) in eu.stratosphere.api.java.operators.Grouping
[WARNING] /tmp/DynaMoth_Bugs.jar_Flink_32a003d5/stratosphere-java/src/main/java/eu/stratosphere/api/java/DataSet.java:432: warning - Tag @link: can't find reduceGroup(GroupReduceFunction) in eu.stratosphere.api.java.operators.Grouping
[WARNING] /tmp/DynaMoth_Bugs.jar_Flink_32a003d5/stratosphere-java/src/main/java/eu/stratosphere/api/java/DataSet.java:457: warning - Tag @link: can't find where() in eu.stratosphere.api.java.operators.JoinOperator.JoinOperatorSets
[WARNING] /tmp/DynaMoth_Bugs.jar_Flink_32a003d5/stratosphere-java/src/main/java/eu/stratosphere/api/java/DataSet.java:501: warning - Tag @link: can't find where() in eu.stratosphere.api.java.operators.JoinOperator.JoinOperatorSets
[WARNING] /tmp/DynaMoth_Bugs.jar_Flink_32a003d5/stratosphere-java/src/main/java/eu/stratosphere/api/java/DataSet.java:479: warning - Tag @link: can't find where() in eu.stratosphere.api.java.operators.JoinOperator.JoinOperatorSets
[WARNING] /tmp/DynaMoth_Bugs.jar_Flink_32a003d5/stratosphere-java/src/main/java/eu/stratosphere/api/java/DataSet.java:200: warning - Tag @link: can't find types() in eu.stratosphere.api.java.operators.ProjectOperator.Projection
[WARNING] /tmp/DynaMoth_Bugs.jar_Flink_32a003d5/stratosphere-java/src/main/java/eu/stratosphere/api/java/DataSet.java:200: warning - Tag @link: can't find types() in eu.stratosphere.api.java.operators.ProjectOperator.Projection
[WARNING] /tmp/DynaMoth_Bugs.jar_Flink_32a003d5/stratosphere-java/src/main/java/eu/stratosphere/api/java/DataSet.java:294: warning - Tag @see: reference not found: GroupReduceOperator
[WARNING] /tmp/DynaMoth_Bugs.jar_Flink_32a003d5/stratosphere-java/src/main/java/eu/stratosphere/api/java/DataSet.java:529: warning - Tag @link: reference not found: CoGroupOperatorSets#where(
[WARNING] /tmp/DynaMoth_Bugs.jar_Flink_32a003d5/stratosphere-java/src/main/java/eu/stratosphere/api/java/DataSet.java:806: warning - Tag @link: reference not found: CsvOutputFormat.DEFAULT_FIELD_DELIMITER
[WARNING] /tmp/DynaMoth_Bugs.jar_Flink_32a003d5/stratosphere-java/src/main/java/eu/stratosphere/api/java/DataSet.java:806: warning - Tag @link: reference not found: CsvOutputFormat.DEFAULT_LINE_DELIMITER
[WARNING] /tmp/DynaMoth_Bugs.jar_Flink_32a003d5/stratosphere-java/src/main/java/eu/stratosphere/api/java/DeltaIteration.java:195: warning - Tag @link: reference not found: AbstractFunction#getIterationRuntimeContext()
[WARNING] /tmp/DynaMoth_Bugs.jar_Flink_32a003d5/stratosphere-java/src/main/java/eu/stratosphere/api/java/IterativeDataSet.java:131: warning - Tag @link: can't find registerAggregator(String, Class) in eu.stratosphere.api.java.IterativeDataSet
[WARNING] /tmp/DynaMoth_Bugs.jar_Flink_32a003d5/stratosphere-java/src/main/java/eu/stratosphere/api/java/IterativeDataSet.java:131: warning - Tag @link: can't find registerAggregationConvergenceCriterion(String, Class, Class) in eu.stratosphere.api.java.IterativeDataSet
[WARNING] /tmp/DynaMoth_Bugs.jar_Flink_32a003d5/stratosphere-java/src/main/java/eu/stratosphere/api/java/IterativeDataSet.java:117: warning - Tag @link: can't find registerAggregator(String, Class) in eu.stratosphere.api.java.IterativeDataSet
[WARNING] /tmp/DynaMoth_Bugs.jar_Flink_32a003d5/stratosphere-java/src/main/java/eu/stratosphere/api/java/IterativeDataSet.java:98: warning - Tag @link: reference not found: AbstractFunction#getIterationRuntimeContext()
[WARNING] /tmp/DynaMoth_Bugs.jar_Flink_32a003d5/stratosphere-java/src/main/java/eu/stratosphere/api/java/RemoteEnvironment.java:34: warning - Tag @return cannot be used in class documentation.  It can only be used in the following types of documentation: method.
[WARNING] /tmp/DynaMoth_Bugs.jar_Flink_32a003d5/stratosphere-java/src/main/java/eu/stratosphere/api/java/aggregation/AggregationFunction.java:22: warning - @param argument "<R>" is not a type parameter name.
[WARNING] /tmp/DynaMoth_Bugs.jar_Flink_32a003d5/stratosphere-java/src/main/java/eu/stratosphere/api/java/functions/FunctionAnnotation.java:191: warning - Tag @link:illegal character: "64" in "@ConstantFields"
[WARNING] /tmp/DynaMoth_Bugs.jar_Flink_32a003d5/stratosphere-java/src/main/java/eu/stratosphere/api/java/functions/FunctionAnnotation.java:228: warning - Tag @link:illegal character: "64" in "@ConstantFields"
[WARNING] /tmp/DynaMoth_Bugs.jar_Flink_32a003d5/stratosphere-java/src/main/java/eu/stratosphere/api/java/functions/FunctionAnnotation.java:265: warning - Tag @link:illegal character: "64" in "@ConstantFields"
[WARNING] /tmp/DynaMoth_Bugs.jar_Flink_32a003d5/stratosphere-java/src/main/java/eu/stratosphere/api/java/functions/FunctionAnnotation.java:191: warning - Tag @link: reference not found: @ConstantFields
[WARNING] /tmp/DynaMoth_Bugs.jar_Flink_32a003d5/stratosphere-java/src/main/java/eu/stratosphere/api/java/functions/FunctionAnnotation.java:228: warning - Tag @link: reference not found: @ConstantFields
[WARNING] /tmp/DynaMoth_Bugs.jar_Flink_32a003d5/stratosphere-java/src/main/java/eu/stratosphere/api/java/functions/FunctionAnnotation.java:265: warning - Tag @link: reference not found: @ConstantFields
[WARNING] /tmp/DynaMoth_Bugs.jar_Flink_32a003d5/stratosphere-java/src/main/java/eu/stratosphere/api/java/functions/JoinFunction.java:86: warning - @param argument "first" is not a parameter name.
[WARNING] /tmp/DynaMoth_Bugs.jar_Flink_32a003d5/stratosphere-java/src/main/java/eu/stratosphere/api/java/functions/JoinFunction.java:86: warning - @param argument "second" is not a parameter name.
[WARNING] /tmp/DynaMoth_Bugs.jar_Flink_32a003d5/stratosphere-java/src/main/java/eu/stratosphere/api/java/functions/ReduceFunction.java:43: warning - @param argument "<IN>" is not a type parameter name.
[WARNING] /tmp/DynaMoth_Bugs.jar_Flink_32a003d5/stratosphere-java/src/main/java/eu/stratosphere/api/java/operators/CoGroupOperator.java:304: warning - Tag @link: can't find where() in eu.stratosphere.api.java.operators.CoGroupOperator.CoGroupOperatorSets
[WARNING] /tmp/DynaMoth_Bugs.jar_Flink_32a003d5/stratosphere-java/src/main/java/eu/stratosphere/api/java/operators/CoGroupOperator.java:382: warning - Tag @link: can't find equalTo(int...) in eu.stratosphere.api.java.operators.CoGroupOperator.CoGroupOperatorSets.CoGroupOperatorSetsPredicate
[WARNING] /tmp/DynaMoth_Bugs.jar_Flink_32a003d5/stratosphere-java/src/main/java/eu/stratosphere/api/java/operators/CoGroupOperator.java:331: warning - Tag @link: can't find equalTo() in eu.stratosphere.api.java.operators.CoGroupOperator.CoGroupOperatorSets.CoGroupOperatorSetsPredicate
[WARNING] /tmp/DynaMoth_Bugs.jar_Flink_32a003d5/stratosphere-java/src/main/java/eu/stratosphere/api/java/operators/CoGroupOperator.java:351: warning - Tag @link: can't find equalTo() in eu.stratosphere.api.java.operators.CoGroupOperator.CoGroupOperatorSets.CoGroupOperatorSetsPredicate
[WARNING] /tmp/DynaMoth_Bugs.jar_Flink_32a003d5/stratosphere-java/src/main/java/eu/stratosphere/api/java/operators/CoGroupOperator.java:370: warning - @param argument "keySelector" is not a parameter name.
[WARNING] /tmp/DynaMoth_Bugs.jar_Flink_32a003d5/stratosphere-java/src/main/java/eu/stratosphere/api/java/operators/CoGroupOperator.java:370: warning - Tag @link: can't find equalTo() in eu.stratosphere.api.java.operators.CoGroupOperator.CoGroupOperatorSets.CoGroupOperatorSetsPredicate
[WARNING] /tmp/DynaMoth_Bugs.jar_Flink_32a003d5/stratosphere-java/src/main/java/eu/stratosphere/api/java/operators/CoGroupOperator.java:408: warning - Tag @link: malformed: "CoGroupOperatorWithoutFunction#with(CoGroupFunction))"
[WARNING] /tmp/DynaMoth_Bugs.jar_Flink_32a003d5/stratosphere-java/src/main/java/eu/stratosphere/api/java/operators/CoGroupOperator.java:408: warning - Tag @link: reference not found: CoGroupOperatorWithoutFunction#with(CoGroupFunction))
[WARNING] /tmp/DynaMoth_Bugs.jar_Flink_32a003d5/stratosphere-java/src/main/java/eu/stratosphere/api/java/operators/CoGroupOperator.java:424: warning - Tag @link: malformed: "CoGroupOperatorWithoutFunction#with(CoGroupFunction))"
[WARNING] /tmp/DynaMoth_Bugs.jar_Flink_32a003d5/stratosphere-java/src/main/java/eu/stratosphere/api/java/operators/CoGroupOperator.java:424: warning - Tag @link: reference not found: CoGroupOperatorWithoutFunction#with(CoGroupFunction))
[WARNING] /tmp/DynaMoth_Bugs.jar_Flink_32a003d5/stratosphere-java/src/main/java/eu/stratosphere/api/java/operators/CoGroupOperator.java:440: warning - @param argument "keySelector" is not a parameter name.
[WARNING] /tmp/DynaMoth_Bugs.jar_Flink_32a003d5/stratosphere-java/src/main/java/eu/stratosphere/api/java/operators/CoGroupOperator.java:440: warning - Tag @link: malformed: "CoGroupOperatorWithoutFunction#with(CoGroupFunction))"
[WARNING] /tmp/DynaMoth_Bugs.jar_Flink_32a003d5/stratosphere-java/src/main/java/eu/stratosphere/api/java/operators/CoGroupOperator.java:440: warning - Tag @link: reference not found: CoGroupOperatorWithoutFunction#with(CoGroupFunction))
[WARNING] /tmp/DynaMoth_Bugs.jar_Flink_32a003d5/stratosphere-java/src/main/java/eu/stratosphere/api/java/operators/CrossOperator.java:385: warning - Tag @link: can't find types() in eu.stratosphere.api.java.operators.CrossOperator.CrossProjection
[WARNING] /tmp/DynaMoth_Bugs.jar_Flink_32a003d5/stratosphere-java/src/main/java/eu/stratosphere/api/java/operators/CrossOperator.java:453: warning - Tag @link: can't find types() in eu.stratosphere.api.java.operators.CrossOperator.CrossProjection
[WARNING] /tmp/DynaMoth_Bugs.jar_Flink_32a003d5/stratosphere-java/src/main/java/eu/stratosphere/api/java/operators/CrossOperator.java:158: warning - Tag @link: can't find types() in eu.stratosphere.api.java.operators.CrossOperator.CrossProjection
[WARNING] /tmp/DynaMoth_Bugs.jar_Flink_32a003d5/stratosphere-java/src/main/java/eu/stratosphere/api/java/operators/CrossOperator.java:183: warning - Tag @link: can't find types() in eu.stratosphere.api.java.operators.CrossOperator.CrossProjection
[WARNING] /tmp/DynaMoth_Bugs.jar_Flink_32a003d5/stratosphere-java/src/main/java/eu/stratosphere/api/java/operators/Grouping.java:33: warning - Tag @link: can't find reduce(ReduceFunction) in eu.stratosphere.api.java.operators.Grouping
[WARNING] /tmp/DynaMoth_Bugs.jar_Flink_32a003d5/stratosphere-java/src/main/java/eu/stratosphere/api/java/operators/Grouping.java:33: warning - Tag @link: can't find reduceGroup(GroupReduceFunction) in eu.stratosphere.api.java.operators.Grouping
[WARNING] /tmp/DynaMoth_Bugs.jar_Flink_32a003d5/stratosphere-java/src/main/java/eu/stratosphere/api/java/operators/Grouping.java:33: warning - Tag @link: can't find aggregate(Aggregations, int) in eu.stratosphere.api.java.operators.Grouping
[WARNING] /tmp/DynaMoth_Bugs.jar_Flink_32a003d5/stratosphere-java/src/main/java/eu/stratosphere/api/java/operators/JoinOperator.java:148: warning - @JoinFunction is an unknown tag.
[WARNING] /tmp/DynaMoth_Bugs.jar_Flink_32a003d5/stratosphere-java/src/main/java/eu/stratosphere/api/java/operators/JoinOperator.java:148: warning - @JoinFunction is an unknown tag.
[WARNING] /tmp/DynaMoth_Bugs.jar_Flink_32a003d5/stratosphere-java/src/main/java/eu/stratosphere/api/java/operators/JoinOperator.java:148: warning - @JoinFunction is an unknown tag.
[WARNING] /tmp/DynaMoth_Bugs.jar_Flink_32a003d5/stratosphere-java/src/main/java/eu/stratosphere/api/java/operators/UdfOperator.java:41: warning - Tag @link: reference not found: AbstractFunction#open(Configuration)
[WARNING] /tmp/DynaMoth_Bugs.jar_Flink_32a003d5/stratosphere-java/src/main/java/eu/stratosphere/api/java/operators/UdfOperator.java:70: warning - Tag @link: reference not found: AbstractFunction#open(Configuration)
[WARNING] /tmp/DynaMoth_Bugs.jar_Flink_32a003d5/stratosphere-java/src/main/java/eu/stratosphere/api/java/operators/UdfOperator.java:82: warning - Tag @link: reference not found: RuntimeContext#getBroadcastVariable(String)
[WARNING] /tmp/DynaMoth_Bugs.jar_Flink_32a003d5/stratosphere-java/src/main/java/eu/stratosphere/api/java/operators/UdfOperator.java:82: warning - Tag @link: reference not found: AbstractFunction#getRuntimeContext()
[WARNING] /tmp/DynaMoth_Bugs.jar_Flink_32a003d5/stratosphere-java/src/main/java/eu/stratosphere/api/java/operators/UdfOperator.java:41: warning - Tag @link: reference not found: AbstractFunction#open(Configuration)
[WARNING] /tmp/DynaMoth_Bugs.jar_Flink_32a003d5/stratosphere-java/src/main/java/eu/stratosphere/api/java/operators/SortedGrouping.java:33: warning - Tag @link: can't find reduce(ReduceFunction) in eu.stratosphere.api.java.operators.Grouping
[WARNING] /tmp/DynaMoth_Bugs.jar_Flink_32a003d5/stratosphere-java/src/main/java/eu/stratosphere/api/java/operators/SortedGrouping.java:97: warning - Tag @link: reference not found: Tuple
[WARNING] /tmp/DynaMoth_Bugs.jar_Flink_32a003d5/stratosphere-java/src/main/java/eu/stratosphere/api/java/operators/SortedGrouping.java:74: warning - Tag @see: reference not found: GroupReduceOperator
[WARNING] /tmp/DynaMoth_Bugs.jar_Flink_32a003d5/stratosphere-java/src/main/java/eu/stratosphere/api/java/operators/SortedGrouping.java:97: warning - Tag @link: reference not found: Tuple
[WARNING] /tmp/DynaMoth_Bugs.jar_Flink_32a003d5/stratosphere-java/src/main/java/eu/stratosphere/api/java/operators/SortedGrouping.java:97: warning - Tag @see: reference not found: Tuple
[WARNING] /tmp/DynaMoth_Bugs.jar_Flink_32a003d5/stratosphere-java/src/main/java/eu/stratosphere/api/java/operators/UdfOperator.java:41: warning - Tag @link: reference not found: AbstractFunction#open(Configuration)
[WARNING] /tmp/DynaMoth_Bugs.jar_Flink_32a003d5/stratosphere-java/src/main/java/eu/stratosphere/api/java/operators/UdfOperator.java:70: warning - Tag @link: reference not found: AbstractFunction#open(Configuration)
[WARNING] /tmp/DynaMoth_Bugs.jar_Flink_32a003d5/stratosphere-java/src/main/java/eu/stratosphere/api/java/operators/UdfOperator.java:82: warning - Tag @link: reference not found: RuntimeContext#getBroadcastVariable(String)
[WARNING] /tmp/DynaMoth_Bugs.jar_Flink_32a003d5/stratosphere-java/src/main/java/eu/stratosphere/api/java/operators/UdfOperator.java:82: warning - Tag @link: reference not found: AbstractFunction#getRuntimeContext()
[WARNING] /tmp/DynaMoth_Bugs.jar_Flink_32a003d5/stratosphere-java/src/main/java/eu/stratosphere/api/java/operators/UdfOperator.java:41: warning - Tag @link: reference not found: AbstractFunction#open(Configuration)
[WARNING] /tmp/DynaMoth_Bugs.jar_Flink_32a003d5/stratosphere-java/src/main/java/eu/stratosphere/api/java/operators/UdfOperator.java:28: warning - Tag @link: reference not found: MapFunction
[WARNING] /tmp/DynaMoth_Bugs.jar_Flink_32a003d5/stratosphere-java/src/main/java/eu/stratosphere/api/java/operators/UdfOperator.java:28: warning - Tag @link: reference not found: ReduceFunction
[WARNING] /tmp/DynaMoth_Bugs.jar_Flink_32a003d5/stratosphere-java/src/main/java/eu/stratosphere/api/java/operators/UdfOperator.java:28: warning - Tag @link: reference not found: CoGroupFunction
[WARNING] /tmp/DynaMoth_Bugs.jar_Flink_32a003d5/stratosphere-java/src/main/java/eu/stratosphere/api/java/operators/UdfOperator.java:41: warning - Tag @link: reference not found: AbstractFunction#open(Configuration)
[WARNING] /tmp/DynaMoth_Bugs.jar_Flink_32a003d5/stratosphere-java/src/main/java/eu/stratosphere/api/java/operators/UdfOperator.java:41: warning - Tag @link: reference not found: AbstractFunction#open(Configuration)
[WARNING] /tmp/DynaMoth_Bugs.jar_Flink_32a003d5/stratosphere-java/src/main/java/eu/stratosphere/api/java/operators/UdfOperator.java:70: warning - Tag @link: reference not found: AbstractFunction#open(Configuration)
[WARNING] /tmp/DynaMoth_Bugs.jar_Flink_32a003d5/stratosphere-java/src/main/java/eu/stratosphere/api/java/operators/UdfOperator.java:82: warning - Tag @link: reference not found: RuntimeContext#getBroadcastVariable(String)
[WARNING] /tmp/DynaMoth_Bugs.jar_Flink_32a003d5/stratosphere-java/src/main/java/eu/stratosphere/api/java/operators/UdfOperator.java:82: warning - Tag @link: reference not found: AbstractFunction#getRuntimeContext()
[WARNING] /tmp/DynaMoth_Bugs.jar_Flink_32a003d5/stratosphere-java/src/main/java/eu/stratosphere/api/java/operators/UnsortedGrouping.java:49: warning - Tag @link: reference not found: Tuple
[WARNING] /tmp/DynaMoth_Bugs.jar_Flink_32a003d5/stratosphere-java/src/main/java/eu/stratosphere/api/java/operators/UnsortedGrouping.java:142: warning - Tag @link: reference not found: Tuple
[WARNING] /tmp/DynaMoth_Bugs.jar_Flink_32a003d5/stratosphere-java/src/main/java/eu/stratosphere/api/java/operators/UnsortedGrouping.java:49: warning - Tag @link: reference not found: Tuple
[WARNING] /tmp/DynaMoth_Bugs.jar_Flink_32a003d5/stratosphere-java/src/main/java/eu/stratosphere/api/java/operators/UnsortedGrouping.java:49: warning - Tag @see: reference not found: Tuple
[WARNING] /tmp/DynaMoth_Bugs.jar_Flink_32a003d5/stratosphere-java/src/main/java/eu/stratosphere/api/java/operators/UnsortedGrouping.java:142: warning - Tag @link: reference not found: Tuple
[WARNING] /tmp/DynaMoth_Bugs.jar_Flink_32a003d5/stratosphere-java/src/main/java/eu/stratosphere/api/java/operators/UnsortedGrouping.java:142: warning - Tag @see: reference not found: Tuple
[WARNING] /tmp/DynaMoth_Bugs.jar_Flink_32a003d5/stratosphere-java/src/main/java/eu/stratosphere/api/java/record/functions/CoGroupFunction.java:26: warning - Tag @link: reference not found: CoGroupOperator
[WARNING] /tmp/DynaMoth_Bugs.jar_Flink_32a003d5/stratosphere-java/src/main/java/eu/stratosphere/api/java/record/functions/CrossFunction.java:24: warning - Tag @link: reference not found: CrossOperator
[WARNING] /tmp/DynaMoth_Bugs.jar_Flink_32a003d5/stratosphere-java/src/main/java/eu/stratosphere/api/java/record/functions/JoinFunction.java:25: warning - Tag @link: reference not found: JoinOperator
[WARNING] /tmp/DynaMoth_Bugs.jar_Flink_32a003d5/stratosphere-java/src/main/java/eu/stratosphere/api/java/record/functions/ReduceFunction.java:28: warning - Tag @link: reference not found: ReduceOperator
[WARNING] /tmp/DynaMoth_Bugs.jar_Flink_32a003d5/stratosphere-java/src/main/java/eu/stratosphere/api/java/record/io/ExternalProcessInputSplit.java:31: warning - Tag @link: reference not found: InputFormat
[WARNING] /tmp/DynaMoth_Bugs.jar_Flink_32a003d5/stratosphere-java/src/main/java/eu/stratosphere/api/java/record/operators/CollectionDataSource.java:51: warning - Tag @link: reference not found: SerializableIterator
[WARNING] /tmp/DynaMoth_Bugs.jar_Flink_32a003d5/stratosphere-java/src/main/java/eu/stratosphere/api/java/tuple/Tuple1.java:133: warning - @returns is an unknown tag.
[INFO] Building jar: /tmp/DynaMoth_Bugs.jar_Flink_32a003d5/stratosphere-java/target/stratosphere-java-0.6-SNAPSHOT-javadoc.jar
[INFO] 
[INFO] >>> maven-source-plugin:2.2.1:jar (attach-sources) > generate-sources @ stratosphere-java >>>
[INFO] 
[INFO] --- maven-checkstyle-plugin:2.12.1:check (validate) @ stratosphere-java ---
[INFO] 
[INFO] --- maven-enforcer-plugin:1.3.1:enforce (enforce-maven) @ stratosphere-java ---
[INFO] Skipping Rule Enforcement.
[INFO] 
[INFO] <<< maven-source-plugin:2.2.1:jar (attach-sources) < generate-sources @ stratosphere-java <<<
[INFO] 
[INFO] 
[INFO] --- maven-source-plugin:2.2.1:jar (attach-sources) @ stratosphere-java ---
[INFO] Building jar: /tmp/DynaMoth_Bugs.jar_Flink_32a003d5/stratosphere-java/target/stratosphere-java-0.6-SNAPSHOT-sources.jar
[INFO] 
[INFO] --- maven-failsafe-plugin:2.6:integration-test (default) @ stratosphere-java ---
[INFO] Tests are skipped.
[INFO] 
[INFO] --- apache-rat-plugin:0.10:check (default) @ stratosphere-java ---
[INFO] 51 implicit excludes (use -debug for more details).
[INFO] Exclude: **/.*
[INFO] Exclude: **/*.prefs
[INFO] Exclude: **/resources/**
[INFO] Exclude: **/stratosphere-bin/conf/slaves
[INFO] Exclude: **/README.md
[INFO] Exclude: tools/checkstyle.xml
[INFO] Exclude: CHANGELOG
[INFO] Exclude: **/*.creole
[INFO] Exclude: CONTRIBUTORS
[INFO] Exclude: tools/maven/checkstyle.xml
[INFO] Exclude: tools/maven/suppressions.xml
[INFO] Exclude: **/pom.xml
[INFO] Exclude: **/pom.hadoop2.xml
[INFO] Exclude: **/*.iml
[INFO] Exclude: **/target/**
[INFO] Exclude: **/docs/**
[INFO] 267 resources included (use -debug for more details)
[INFO] Rat check: Summary of files. Unapproved: 0 unknown: 0 generated: 0 approved: 267 licence.
[INFO] 
[INFO] --- maven-failsafe-plugin:2.6:verify (default) @ stratosphere-java ---
[INFO] Tests are skipped.
[INFO] 
[INFO] --- maven-install-plugin:2.4:install (default-install) @ stratosphere-java ---
[INFO] Installing /tmp/DynaMoth_Bugs.jar_Flink_32a003d5/stratosphere-java/target/stratosphere-java-0.6-SNAPSHOT.jar to /tmp/DynaMoth_Bugs.jar_Flink_32a003d5/.m2/eu/stratosphere/stratosphere-java/0.6-SNAPSHOT/stratosphere-java-0.6-SNAPSHOT.jar
[INFO] 
[INFO] ------------------------------------------------------------------------
[INFO] Building stratosphere-runtime 0.6-SNAPSHOT
[INFO] ------------------------------------------------------------------------
[INFO] Downloading: https://oss.sonatype.org/content/repositories/snapshots/commons-logging/commons-logging/maven-metadata.xml
[INFO] Downloading: https://repo.maven.apache.org/maven2/commons-logging/commons-logging/maven-metadata.xml
[INFO] Downloaded: https://repo.maven.apache.org/maven2/commons-logging/commons-logging/maven-metadata.xml (627 B at 70 kB/s)
[INFO] Downloading: https://repo.maven.apache.org/maven2/org/apache/httpcomponents/httpclient/maven-metadata.xml
[INFO] Downloading: https://oss.sonatype.org/content/repositories/snapshots/org/apache/httpcomponents/httpclient/maven-metadata.xml
[INFO] Downloaded: https://repo.maven.apache.org/maven2/org/apache/httpcomponents/httpclient/maven-metadata.xml (1.9 kB at 192 kB/s)
[INFO] Downloading: https://oss.sonatype.org/content/repositories/snapshots/org/codehaus/jackson/jackson-core-asl/maven-metadata.xml
[INFO] Downloading: https://repo.maven.apache.org/maven2/org/codehaus/jackson/jackson-core-asl/maven-metadata.xml
[INFO] Downloaded: https://repo.maven.apache.org/maven2/org/codehaus/jackson/jackson-core-asl/maven-metadata.xml (2.7 kB at 343 kB/s)
[INFO] Downloading: https://oss.sonatype.org/content/repositories/snapshots/javax/mail/mail/maven-metadata.xml
[INFO] Downloading: https://repo.maven.apache.org/maven2/javax/mail/mail/maven-metadata.xml
[INFO] Downloaded: https://repo.maven.apache.org/maven2/javax/mail/mail/maven-metadata.xml (867 B at 87 kB/s)
[INFO] 
[INFO] --- maven-checkstyle-plugin:2.12.1:check (validate) @ stratosphere-runtime ---
[INFO] 
[INFO] --- maven-enforcer-plugin:1.3.1:enforce (enforce-maven) @ stratosphere-runtime ---
[INFO] Skipping Rule Enforcement.
[INFO] 
[INFO] --- git-commit-id-plugin:2.1.5:revision (default) @ stratosphere-runtime ---
[INFO] Downloading: https://repo.maven.apache.org/maven2/com/google/inject/guice/2.0/guice-2.0.pom
[INFO] Downloaded: https://repo.maven.apache.org/maven2/com/google/inject/guice/2.0/guice-2.0.pom (771 B at 128 kB/s)
[INFO] Downloading: https://repo.maven.apache.org/maven2/com/google/inject/guice-parent/2.0/guice-parent-2.0.pom
[INFO] Downloaded: https://repo.maven.apache.org/maven2/com/google/inject/guice-parent/2.0/guice-parent-2.0.pom (2.6 kB at 516 kB/s)
[INFO] Downloading: https://repo.maven.apache.org/maven2/joda-time/joda-time/2.0/joda-time-2.0.pom
[INFO] Downloaded: https://repo.maven.apache.org/maven2/joda-time/joda-time/2.0/joda-time-2.0.pom (15 kB at 2.6 MB/s)
[INFO] Downloading: https://repo.maven.apache.org/maven2/com/google/guava/guava/13.0/guava-13.0.pom
[INFO] Downloaded: https://repo.maven.apache.org/maven2/com/google/guava/guava/13.0/guava-13.0.pom (5.3 kB at 891 kB/s)
[INFO] Downloading: https://repo.maven.apache.org/maven2/com/google/guava/guava-parent/13.0/guava-parent-13.0.pom
[INFO] Downloaded: https://repo.maven.apache.org/maven2/com/google/guava/guava-parent/13.0/guava-parent-13.0.pom (2.6 kB at 426 kB/s)
[INFO] Downloading: https://repo.maven.apache.org/maven2/com/intellij/annotations/9.0.4/annotations-9.0.4.pom
[INFO] Downloaded: https://repo.maven.apache.org/maven2/com/intellij/annotations/9.0.4/annotations-9.0.4.pom (1.2 kB at 197 kB/s)
[INFO] Downloading: https://repo.maven.apache.org/maven2/org/eclipse/jgit/org.eclipse.jgit/2.0.0.201206130900-r/org.eclipse.jgit-2.0.0.201206130900-r.pom
[INFO] Downloaded: https://repo.maven.apache.org/maven2/org/eclipse/jgit/org.eclipse.jgit/2.0.0.201206130900-r/org.eclipse.jgit-2.0.0.201206130900-r.pom (6.0 kB at 851 kB/s)
[INFO] Downloading: https://repo.maven.apache.org/maven2/org/eclipse/jgit/org.eclipse.jgit-parent/2.0.0.201206130900-r/org.eclipse.jgit-parent-2.0.0.201206130900-r.pom
[INFO] Downloaded: https://repo.maven.apache.org/maven2/org/eclipse/jgit/org.eclipse.jgit-parent/2.0.0.201206130900-r/org.eclipse.jgit-parent-2.0.0.201206130900-r.pom (16 kB at 2.7 MB/s)
[INFO] Downloading: https://repo.maven.apache.org/maven2/com/jcraft/jsch/0.1.44-1/jsch-0.1.44-1.pom
[INFO] Downloaded: https://repo.maven.apache.org/maven2/com/jcraft/jsch/0.1.44-1/jsch-0.1.44-1.pom (3.4 kB at 485 kB/s)
[INFO] Downloading: https://repo.maven.apache.org/maven2/com/jcraft/jsch/0.1.44-1/jsch-0.1.44-1.jar
[INFO] Downloaded: https://repo.maven.apache.org/maven2/com/jcraft/jsch/0.1.44-1/jsch-0.1.44-1.jar (214 kB at 11 MB/s)
[info] 
[info] /tmp/DynaMoth_Bugs.jar_Flink_32a003d5/.git
[info] 
[info] 
[info] 
[info] 
[info] 
[info] 
[info] 
[info] 
[info] 
[info] 
[info] 
[info] 
[info] 
[info] 
[info] 
[INFO] 
[INFO] --- maven-resources-plugin:2.6:resources (default-resources) @ stratosphere-runtime ---
[INFO] Using 'UTF-8' encoding to copy filtered resources.
[INFO] Copying 1 resource
[INFO] 
[INFO] --- maven-compiler-plugin:3.1:compile (default-compile) @ stratosphere-runtime ---
[INFO] Changes detected - recompiling the module!
[INFO] Compiling 435 source files to /tmp/DynaMoth_Bugs.jar_Flink_32a003d5/stratosphere-runtime/target/classes
[WARNING] /tmp/DynaMoth_Bugs.jar_Flink_32a003d5/stratosphere-runtime/src/main/java/eu/stratosphere/runtime/io/serialization/DataOutputSerializer.java:[254,38] sun.misc.Unsafe is internal proprietary API and may be removed in a future release
[WARNING] /tmp/DynaMoth_Bugs.jar_Flink_32a003d5/stratosphere-runtime/src/main/java/eu/stratosphere/runtime/io/serialization/DataInputDeserializer.java:[308,38] sun.misc.Unsafe is internal proprietary API and may be removed in a future release
[WARNING] /tmp/DynaMoth_Bugs.jar_Flink_32a003d5/stratosphere-runtime/src/main/java/eu/stratosphere/nephele/services/memorymanager/UnsafeMemorySegment.java:[881,38] sun.misc.Unsafe is internal proprietary API and may be removed in a future release
[INFO] 
[INFO] --- maven-resources-plugin:2.6:testResources (default-testResources) @ stratosphere-runtime ---
[INFO] Using 'UTF-8' encoding to copy filtered resources.
[INFO] Copying 1 resource
[INFO] 
[INFO] --- maven-compiler-plugin:3.1:testCompile (default-testCompile) @ stratosphere-runtime ---
[INFO] Changes detected - recompiling the module!
[INFO] Compiling 175 source files to /tmp/DynaMoth_Bugs.jar_Flink_32a003d5/stratosphere-runtime/target/test-classes
[INFO] 
[INFO] --- maven-surefire-plugin:2.7:test (default-test) @ stratosphere-runtime ---
[INFO] Downloading: https://repo.maven.apache.org/maven2/org/apache/maven/surefire/surefire-booter/2.7/surefire-booter-2.7.pom
[INFO] Downloaded: https://repo.maven.apache.org/maven2/org/apache/maven/surefire/surefire-booter/2.7/surefire-booter-2.7.pom (1.8 kB at 179 kB/s)
[INFO] Downloading: https://repo.maven.apache.org/maven2/org/apache/maven/surefire/surefire-api/2.7/surefire-api-2.7.pom
[INFO] Downloaded: https://repo.maven.apache.org/maven2/org/apache/maven/surefire/surefire-api/2.7/surefire-api-2.7.pom (2.0 kB at 245 kB/s)
[INFO] Downloading: https://repo.maven.apache.org/maven2/org/apache/maven/surefire/maven-surefire-common/2.7/maven-surefire-common-2.7.pom
[INFO] Downloaded: https://repo.maven.apache.org/maven2/org/apache/maven/surefire/maven-surefire-common/2.7/maven-surefire-common-2.7.pom (3.8 kB at 424 kB/s)
[INFO] Downloading: https://repo.maven.apache.org/maven2/org/apache/maven/surefire/surefire-api/2.7/surefire-api-2.7.jar
[INFO] Downloaded: https://repo.maven.apache.org/maven2/org/apache/maven/surefire/surefire-api/2.7/surefire-api-2.7.jar (128 kB at 9.2 MB/s)
[INFO] Tests are skipped.
[INFO] 
[INFO] --- maven-jar-plugin:2.4:jar (default-jar) @ stratosphere-runtime ---
[INFO] Building jar: /tmp/DynaMoth_Bugs.jar_Flink_32a003d5/stratosphere-runtime/target/stratosphere-runtime-0.6-SNAPSHOT.jar
[INFO] 
[INFO] --- maven-javadoc-plugin:2.9.1:jar (attach-javadocs) @ stratosphere-runtime ---
[INFO] 
100 warnings
[WARNING] Javadoc Warnings
[WARNING] Picked up JAVA_TOOL_OPTIONS: -XX:CICompilerCount=2 -XX:ParallelGCThreads=2 -XX:ConcGCThreads=2 -Djdk.net.URLClassPath.disableClassPathURLCheck=true
[WARNING] Picked up _JAVA_OPTIONS: -Djdk.net.URLClassPath.disableClassPathURLCheck=true
[WARNING] /tmp/DynaMoth_Bugs.jar_Flink_32a003d5/stratosphere-runtime/src/main/java/eu/stratosphere/nephele/client/JobClient.java:124: warning - Tag @link: reference not found: JobSubmissionProtocol
[WARNING] /tmp/DynaMoth_Bugs.jar_Flink_32a003d5/stratosphere-runtime/src/main/java/eu/stratosphere/nephele/client/JobClient.java:140: warning - Tag @link: reference not found: JobSubmissionProtocol
[WARNING] /tmp/DynaMoth_Bugs.jar_Flink_32a003d5/stratosphere-runtime/src/main/java/eu/stratosphere/nephele/client/JobClient.java:167: warning - Tag @link: reference not found: JobSubmissionProtocol
[WARNING] /tmp/DynaMoth_Bugs.jar_Flink_32a003d5/stratosphere-runtime/src/main/java/eu/stratosphere/nephele/client/JobClient.java:124: warning - Tag @link: reference not found: JobSubmissionProtocol
[WARNING] /tmp/DynaMoth_Bugs.jar_Flink_32a003d5/stratosphere-runtime/src/main/java/eu/stratosphere/nephele/client/JobClient.java:140: warning - Tag @link: reference not found: JobSubmissionProtocol
[WARNING] /tmp/DynaMoth_Bugs.jar_Flink_32a003d5/stratosphere-runtime/src/main/java/eu/stratosphere/nephele/client/JobClient.java:167: warning - Tag @link: reference not found: JobSubmissionProtocol
[WARNING] /tmp/DynaMoth_Bugs.jar_Flink_32a003d5/stratosphere-runtime/src/main/java/eu/stratosphere/nephele/deployment/GateDeploymentDescriptor.java:64: warning - @param argument "compressionLevel" is not a parameter name.
[WARNING] /tmp/DynaMoth_Bugs.jar_Flink_32a003d5/stratosphere-runtime/src/main/java/eu/stratosphere/nephele/deployment/TaskDeploymentDescriptor.java:113: warning - @param argument "inputGateIDs" is not a parameter name.
[WARNING] /tmp/DynaMoth_Bugs.jar_Flink_32a003d5/stratosphere-runtime/src/main/java/eu/stratosphere/nephele/event/job/ManagementEvent.java:21: warning - Tag @link: reference not found: ExtendedManagementProtocol
[WARNING] /tmp/DynaMoth_Bugs.jar_Flink_32a003d5/stratosphere-runtime/src/main/java/eu/stratosphere/nephele/event/task/AbstractEvent.java:24: warning - Tag @link: reference not found: TaskManager
[WARNING] /tmp/DynaMoth_Bugs.jar_Flink_32a003d5/stratosphere-runtime/src/main/java/eu/stratosphere/nephele/execution/librarycache/LibraryCacheManager.java:274: warning - @param argument "clientPaths" is not a parameter name.
[WARNING] /tmp/DynaMoth_Bugs.jar_Flink_32a003d5/stratosphere-runtime/src/main/java/eu/stratosphere/nephele/executiongraph/ExecutionEdge.java:23: warning - Tag @link: reference not found: eu.stratosphere.runtime.io.serialization.io.channels.InputChannel
[WARNING] /tmp/DynaMoth_Bugs.jar_Flink_32a003d5/stratosphere-runtime/src/main/java/eu/stratosphere/nephele/executiongraph/ExecutionEdge.java:23: warning - Tag @link: reference not found: AbstractOutputChannel
[WARNING] /tmp/DynaMoth_Bugs.jar_Flink_32a003d5/stratosphere-runtime/src/main/java/eu/stratosphere/nephele/executiongraph/ExecutionGate.java:29: warning - Tag @link: reference not found: InputGate
[WARNING] /tmp/DynaMoth_Bugs.jar_Flink_32a003d5/stratosphere-runtime/src/main/java/eu/stratosphere/nephele/executiongraph/ExecutionGate.java:29: warning - Tag @link: reference not found: OutputGate
[WARNING] /tmp/DynaMoth_Bugs.jar_Flink_32a003d5/stratosphere-runtime/src/main/java/eu/stratosphere/nephele/executiongraph/ExecutionGraph.java:1325: warning - @return tag has no arguments.
[WARNING] /tmp/DynaMoth_Bugs.jar_Flink_32a003d5/stratosphere-runtime/src/main/java/eu/stratosphere/nephele/executiongraph/JobStatusListener.java:33: warning - Missing closing '}' character for inline tag: "{@li"
[WARNING] /tmp/DynaMoth_Bugs.jar_Flink_32a003d5/stratosphere-runtime/src/main/java/eu/stratosphere/nephele/instance/HardwareDescription.java:31: warning - Tag @link: reference not found: InstanceType
[WARNING] /tmp/DynaMoth_Bugs.jar_Flink_32a003d5/stratosphere-runtime/src/main/java/eu/stratosphere/nephele/ipc/Client.java:58: warning - Tag @link: reference not found: Writable
[WARNING] /tmp/DynaMoth_Bugs.jar_Flink_32a003d5/stratosphere-runtime/src/main/java/eu/stratosphere/nephele/ipc/Client.java:58: warning - Tag @link: reference not found: Writable
[WARNING] /tmp/DynaMoth_Bugs.jar_Flink_32a003d5/stratosphere-runtime/src/main/java/eu/stratosphere/nephele/ipc/Client.java:625: warning - Tag @link: reference not found: Writable
[WARNING] /tmp/DynaMoth_Bugs.jar_Flink_32a003d5/stratosphere-runtime/src/main/java/eu/stratosphere/nephele/ipc/Client.java:625: warning - Tag @link: reference not found: Writable
[WARNING] /tmp/DynaMoth_Bugs.jar_Flink_32a003d5/stratosphere-runtime/src/main/java/eu/stratosphere/nephele/ipc/Client.java:639: warning - @param argument "valueClass" is not a parameter name.
[WARNING] /tmp/DynaMoth_Bugs.jar_Flink_32a003d5/stratosphere-runtime/src/main/java/eu/stratosphere/nephele/ipc/Client.java:639: warning - @param argument "conf" is not a parameter name.
[WARNING] /tmp/DynaMoth_Bugs.jar_Flink_32a003d5/stratosphere-runtime/src/main/java/eu/stratosphere/nephele/ipc/RPC.java:332: warning - @return tag has no arguments.
[WARNING] /tmp/DynaMoth_Bugs.jar_Flink_32a003d5/stratosphere-runtime/src/main/java/eu/stratosphere/nephele/ipc/RPC.java:60: warning - Tag @link: reference not found: Writable
[WARNING] /tmp/DynaMoth_Bugs.jar_Flink_32a003d5/stratosphere-runtime/src/main/java/eu/stratosphere/nephele/ipc/RPC.java:375: warning - @param argument "conf" is not a parameter name.
[WARNING] /tmp/DynaMoth_Bugs.jar_Flink_32a003d5/stratosphere-runtime/src/main/java/eu/stratosphere/nephele/ipc/RPC.java:402: warning - @param argument "conf" is not a parameter name.
[WARNING] /tmp/DynaMoth_Bugs.jar_Flink_32a003d5/stratosphere-runtime/src/main/java/eu/stratosphere/nephele/ipc/Server.java:70: warning - Tag @link: reference not found: Writable
[WARNING] /tmp/DynaMoth_Bugs.jar_Flink_32a003d5/stratosphere-runtime/src/main/java/eu/stratosphere/nephele/ipc/Server.java:70: warning - Tag @link: reference not found: Writable
[WARNING] /tmp/DynaMoth_Bugs.jar_Flink_32a003d5/stratosphere-runtime/src/main/java/eu/stratosphere/nephele/ipc/Server.java:103: warning - Tag @link: can't find call(Writable, long) in eu.stratosphere.nephele.ipc.Server
[WARNING] /tmp/DynaMoth_Bugs.jar_Flink_32a003d5/stratosphere-runtime/src/main/java/eu/stratosphere/nephele/ipc/Server.java:103: warning - Tag @link: reference not found: Writable
[WARNING] /tmp/DynaMoth_Bugs.jar_Flink_32a003d5/stratosphere-runtime/src/main/java/eu/stratosphere/nephele/jobgraph/JobEdge.java:97: warning - @return tag has no arguments.
[WARNING] /tmp/DynaMoth_Bugs.jar_Flink_32a003d5/stratosphere-runtime/src/main/java/eu/stratosphere/nephele/jobgraph/JobEdge.java:57: warning - @param argument "compressionLevel" is not a parameter name.
[WARNING] /tmp/DynaMoth_Bugs.jar_Flink_32a003d5/stratosphere-runtime/src/main/java/eu/stratosphere/nephele/jobmanager/archive/ArchiveListener.java:70: warning - @return tag has no arguments.
[WARNING] /tmp/DynaMoth_Bugs.jar_Flink_32a003d5/stratosphere-runtime/src/main/java/eu/stratosphere/nephele/jobmanager/archive/ArchiveListener.java:78: warning - @return tag has no arguments.
[WARNING] /tmp/DynaMoth_Bugs.jar_Flink_32a003d5/stratosphere-runtime/src/main/java/eu/stratosphere/nephele/jobmanager/archive/ArchiveListener.java:86: warning - @return tag has no arguments.
[WARNING] /tmp/DynaMoth_Bugs.jar_Flink_32a003d5/stratosphere-runtime/src/main/java/eu/stratosphere/nephele/jobmanager/archive/ArchiveListener.java:94: warning - @return tag has no arguments.
[WARNING] /tmp/DynaMoth_Bugs.jar_Flink_32a003d5/stratosphere-runtime/src/main/java/eu/stratosphere/nephele/jobmanager/archive/ArchiveListener.java:103: warning - @return tag has no arguments.
[WARNING] /tmp/DynaMoth_Bugs.jar_Flink_32a003d5/stratosphere-runtime/src/main/java/eu/stratosphere/nephele/jobmanager/archive/ArchiveListener.java:113: warning - @return tag has no arguments.
[WARNING] /tmp/DynaMoth_Bugs.jar_Flink_32a003d5/stratosphere-runtime/src/main/java/eu/stratosphere/nephele/jobmanager/splitassigner/DefaultInputSplitAssigner.java:38: warning - Tag @link: reference not found: InputSplitAssigned
[WARNING] /tmp/DynaMoth_Bugs.jar_Flink_32a003d5/stratosphere-runtime/src/main/java/eu/stratosphere/nephele/jobmanager/splitassigner/InputSplitManager.java:45: warning - Tag @link: reference not found: AbstractInputTask
[WARNING] /tmp/DynaMoth_Bugs.jar_Flink_32a003d5/stratosphere-runtime/src/main/java/eu/stratosphere/nephele/managementgraph/ManagementEdge.java:82: warning - @param argument "compressionLevel" is not a parameter name.
[WARNING] /tmp/DynaMoth_Bugs.jar_Flink_32a003d5/stratosphere-runtime/src/main/java/eu/stratosphere/nephele/managementgraph/ManagementGroupEdge.java:68: warning - @param argument "compressionLevel" is not a parameter name.
[WARNING] /tmp/DynaMoth_Bugs.jar_Flink_32a003d5/stratosphere-runtime/src/main/java/eu/stratosphere/nephele/managementgraph/ManagementGroupVertex.java:420: warning - @return tag has no arguments.
[WARNING] /tmp/DynaMoth_Bugs.jar_Flink_32a003d5/stratosphere-runtime/src/main/java/eu/stratosphere/nephele/managementgraph/ManagementGroupVertexID.java:54: warning - @param argument "bytes" is not a parameter name.
[WARNING] /tmp/DynaMoth_Bugs.jar_Flink_32a003d5/stratosphere-runtime/src/main/java/eu/stratosphere/nephele/managementgraph/ManagementVertex.java:315: warning - @return tag has no arguments.
[WARNING] /tmp/DynaMoth_Bugs.jar_Flink_32a003d5/stratosphere-runtime/src/main/java/eu/stratosphere/nephele/net/SocketInputStream.java:147: warning - Tag @link: reference not found: FileChannel#transferFrom(ReadableByteChannel, long, long)
[WARNING] /tmp/DynaMoth_Bugs.jar_Flink_32a003d5/stratosphere-runtime/src/main/java/eu/stratosphere/nephele/profiling/TaskManagerProfiler.java:35: warning - Tag @link: reference not found: ExecutionListener
[WARNING] /tmp/DynaMoth_Bugs.jar_Flink_32a003d5/stratosphere-runtime/src/main/java/eu/stratosphere/nephele/profiling/TaskManagerProfiler.java:44: warning - Tag @link: reference not found: ExecutionListener
[WARNING] /tmp/DynaMoth_Bugs.jar_Flink_32a003d5/stratosphere-runtime/src/main/java/eu/stratosphere/nephele/profiling/TaskManagerProfiler.java:35: warning - Tag @link: reference not found: ExecutionListener
[WARNING] /tmp/DynaMoth_Bugs.jar_Flink_32a003d5/stratosphere-runtime/src/main/java/eu/stratosphere/nephele/profiling/TaskManagerProfiler.java:44: warning - Tag @link: reference not found: ExecutionListener
[WARNING] /tmp/DynaMoth_Bugs.jar_Flink_32a003d5/stratosphere-runtime/src/main/java/eu/stratosphere/nephele/profiling/TaskManagerProfiler.java:44: warning - Tag @link: reference not found: ExecutionListener
[WARNING] /tmp/DynaMoth_Bugs.jar_Flink_32a003d5/stratosphere-runtime/src/main/java/eu/stratosphere/nephele/profiling/TaskManagerProfiler.java:35: warning - Tag @link: reference not found: ExecutionListener
[WARNING] /tmp/DynaMoth_Bugs.jar_Flink_32a003d5/stratosphere-runtime/src/main/java/eu/stratosphere/nephele/profiling/TaskManagerProfiler.java:44: warning - Tag @link: reference not found: ExecutionListener
[WARNING] /tmp/DynaMoth_Bugs.jar_Flink_32a003d5/stratosphere-runtime/src/main/java/eu/stratosphere/nephele/profiling/TaskManagerProfiler.java:35: warning - Tag @link: reference not found: ExecutionListener
[WARNING] /tmp/DynaMoth_Bugs.jar_Flink_32a003d5/stratosphere-runtime/src/main/java/eu/stratosphere/nephele/profiling/TaskManagerProfiler.java:44: warning - Tag @link: reference not found: ExecutionListener
[WARNING] /tmp/DynaMoth_Bugs.jar_Flink_32a003d5/stratosphere-runtime/src/main/java/eu/stratosphere/nephele/profiling/TaskManagerProfiler.java:44: warning - Tag @link: reference not found: ExecutionListener
[WARNING] /tmp/DynaMoth_Bugs.jar_Flink_32a003d5/stratosphere-runtime/src/main/java/eu/stratosphere/nephele/services/iomanager/Channel.java:56: warning - @return tag has no arguments.
[WARNING] /tmp/DynaMoth_Bugs.jar_Flink_32a003d5/stratosphere-runtime/src/main/java/eu/stratosphere/nephele/services/memorymanager/AbstractPagedInputView.java:100: warning - @return tag has no arguments.
[WARNING] /tmp/DynaMoth_Bugs.jar_Flink_32a003d5/stratosphere-runtime/src/main/java/eu/stratosphere/nephele/services/iomanager/ChannelReaderInputView.java:31: warning - Tag @link: reference not found: DataInputView
[WARNING] /tmp/DynaMoth_Bugs.jar_Flink_32a003d5/stratosphere-runtime/src/main/java/eu/stratosphere/nephele/services/iomanager/ChannelReaderInputView.java:211: warning - Tag @see: reference not found: eu.stratosphere.pact.runtime.io.AbstractPagedInputView#nextSegment(eu.stratosphere.core.memory.MemorySegment)
[WARNING] /tmp/DynaMoth_Bugs.jar_Flink_32a003d5/stratosphere-runtime/src/main/java/eu/stratosphere/nephele/services/iomanager/ChannelWriterOutputView.java:31: warning - Tag @link: reference not found: DataOutputView
[WARNING] /tmp/DynaMoth_Bugs.jar_Flink_32a003d5/stratosphere-runtime/src/main/java/eu/stratosphere/nephele/services/memorymanager/AbstractPagedOutputView.java:93: warning - Tag @link: reference not found: EOFException
[WARNING] /tmp/DynaMoth_Bugs.jar_Flink_32a003d5/stratosphere-runtime/src/main/java/eu/stratosphere/nephele/services/iomanager/Deserializer.java:30: warning - Tag @link: reference not found: InputStream
[WARNING] /tmp/DynaMoth_Bugs.jar_Flink_32a003d5/stratosphere-runtime/src/main/java/eu/stratosphere/nephele/services/iomanager/HeaderlessChannelReaderInputView.java:31: warning - Tag @link: reference not found: DataInputView
[WARNING] /tmp/DynaMoth_Bugs.jar_Flink_32a003d5/stratosphere-runtime/src/main/java/eu/stratosphere/nephele/services/iomanager/ChannelReaderInputView.java:211: warning - Tag @see: reference not found: eu.stratosphere.pact.runtime.io.AbstractPagedInputView#nextSegment(eu.stratosphere.core.memory.MemorySegment)
[WARNING] /tmp/DynaMoth_Bugs.jar_Flink_32a003d5/stratosphere-runtime/src/main/java/eu/stratosphere/nephele/services/iomanager/IOManager.java:85: warning - @param argument "path" is not a parameter name.
[WARNING] /tmp/DynaMoth_Bugs.jar_Flink_32a003d5/stratosphere-runtime/src/main/java/eu/stratosphere/nephele/services/iomanager/IOManager.java:96: warning - @param argument "path" is not a parameter name.
[WARNING] /tmp/DynaMoth_Bugs.jar_Flink_32a003d5/stratosphere-runtime/src/main/java/eu/stratosphere/nephele/services/memorymanager/AbstractPagedOutputView.java:93: warning - Tag @link: reference not found: EOFException
[WARNING] /tmp/DynaMoth_Bugs.jar_Flink_32a003d5/stratosphere-runtime/src/main/java/eu/stratosphere/nephele/services/memorymanager/CheckedMemorySegment.java:61: warning - @param argument "size" is not a parameter name.
[WARNING] /tmp/DynaMoth_Bugs.jar_Flink_32a003d5/stratosphere-runtime/src/main/java/eu/stratosphere/nephele/services/memorymanager/CheckedMemorySegment.java:61: warning - @param argument "inputView" is not a parameter name.
[WARNING] /tmp/DynaMoth_Bugs.jar_Flink_32a003d5/stratosphere-runtime/src/main/java/eu/stratosphere/nephele/services/memorymanager/CheckedMemorySegment.java:61: warning - @param argument "outputView" is not a parameter name.
[WARNING] /tmp/DynaMoth_Bugs.jar_Flink_32a003d5/stratosphere-runtime/src/main/java/eu/stratosphere/nephele/services/memorymanager/CheckedMemorySegment.java:168: warning - @param argument "position" is not a parameter name.
[WARNING] /tmp/DynaMoth_Bugs.jar_Flink_32a003d5/stratosphere-runtime/src/main/java/eu/stratosphere/nephele/services/memorymanager/CheckedMemorySegment.java:186: warning - @param argument "position" is not a parameter name.
[WARNING] /tmp/DynaMoth_Bugs.jar_Flink_32a003d5/stratosphere-runtime/src/main/java/eu/stratosphere/nephele/services/memorymanager/CheckedMemorySegment.java:206: warning - @param argument "position" is not a parameter name.
[WARNING] /tmp/DynaMoth_Bugs.jar_Flink_32a003d5/stratosphere-runtime/src/main/java/eu/stratosphere/nephele/services/memorymanager/CheckedMemorySegment.java:244: warning - @param argument "position" is not a parameter name.
[WARNING] /tmp/DynaMoth_Bugs.jar_Flink_32a003d5/stratosphere-runtime/src/main/java/eu/stratosphere/nephele/services/memorymanager/CheckedMemorySegment.java:328: warning - @param argument "position" is not a parameter name.
[WARNING] /tmp/DynaMoth_Bugs.jar_Flink_32a003d5/stratosphere-runtime/src/main/java/eu/stratosphere/nephele/services/memorymanager/CheckedMemorySegment.java:347: warning - @param argument "position" is not a parameter name.
[WARNING] /tmp/DynaMoth_Bugs.jar_Flink_32a003d5/stratosphere-runtime/src/main/java/eu/stratosphere/nephele/services/memorymanager/CheckedMemorySegment.java:366: warning - @param argument "position" is not a parameter name.
[WARNING] /tmp/DynaMoth_Bugs.jar_Flink_32a003d5/stratosphere-runtime/src/main/java/eu/stratosphere/nephele/services/memorymanager/CheckedMemorySegment.java:386: warning - @param argument "position" is not a parameter name.
[WARNING] /tmp/DynaMoth_Bugs.jar_Flink_32a003d5/stratosphere-runtime/src/main/java/eu/stratosphere/nephele/services/memorymanager/CheckedMemorySegment.java:406: warning - @param argument "position" is not a parameter name.
[WARNING] /tmp/DynaMoth_Bugs.jar_Flink_32a003d5/stratosphere-runtime/src/main/java/eu/stratosphere/nephele/services/memorymanager/CheckedMemorySegment.java:427: warning - @param argument "position" is not a parameter name.
[WARNING] /tmp/DynaMoth_Bugs.jar_Flink_32a003d5/stratosphere-runtime/src/main/java/eu/stratosphere/nephele/services/memorymanager/CheckedMemorySegment.java:602: warning - @param argument "position" is not a parameter name.
[WARNING] /tmp/DynaMoth_Bugs.jar_Flink_32a003d5/stratosphere-runtime/src/main/java/eu/stratosphere/nephele/services/memorymanager/CheckedMemorySegment.java:617: warning - @param argument "position" is not a parameter name.
[WARNING] /tmp/DynaMoth_Bugs.jar_Flink_32a003d5/stratosphere-runtime/src/main/java/eu/stratosphere/nephele/services/memorymanager/CheckedMemorySegment.java:632: warning - @param argument "position" is not a parameter name.
[WARNING] /tmp/DynaMoth_Bugs.jar_Flink_32a003d5/stratosphere-runtime/src/main/java/eu/stratosphere/nephele/services/memorymanager/CheckedMemorySegment.java:647: warning - @param argument "position" is not a parameter name.
[WARNING] /tmp/DynaMoth_Bugs.jar_Flink_32a003d5/stratosphere-runtime/src/main/java/eu/stratosphere/nephele/services/memorymanager/DirectMemorySegment.java:51: warning - @param argument "size" is not a parameter name.
[WARNING] /tmp/DynaMoth_Bugs.jar_Flink_32a003d5/stratosphere-runtime/src/main/java/eu/stratosphere/nephele/services/memorymanager/DirectMemorySegment.java:51: warning - @param argument "inputView" is not a parameter name.
[WARNING] /tmp/DynaMoth_Bugs.jar_Flink_32a003d5/stratosphere-runtime/src/main/java/eu/stratosphere/nephele/services/memorymanager/DirectMemorySegment.java:51: warning - @param argument "outputView" is not a parameter name.
[WARNING] /tmp/DynaMoth_Bugs.jar_Flink_32a003d5/stratosphere-runtime/src/main/java/eu/stratosphere/nephele/services/memorymanager/MemoryManager.java:77: warning - @return tag has no arguments.
[WARNING] /tmp/DynaMoth_Bugs.jar_Flink_32a003d5/stratosphere-runtime/src/main/java/eu/stratosphere/nephele/services/memorymanager/MemoryManager.java:94: warning - @return tag has no arguments.
[WARNING] /tmp/DynaMoth_Bugs.jar_Flink_32a003d5/stratosphere-runtime/src/main/java/eu/stratosphere/nephele/services/memorymanager/UnsafeMemorySegment.java:56: warning - @param argument "size" is not a parameter name.
[WARNING] /tmp/DynaMoth_Bugs.jar_Flink_32a003d5/stratosphere-runtime/src/main/java/eu/stratosphere/nephele/services/memorymanager/UnsafeMemorySegment.java:56: warning - @param argument "inputView" is not a parameter name.
[WARNING] /tmp/DynaMoth_Bugs.jar_Flink_32a003d5/stratosphere-runtime/src/main/java/eu/stratosphere/nephele/services/memorymanager/UnsafeMemorySegment.java:56: warning - @param argument "outputView" is not a parameter name.
[WARNING] /tmp/DynaMoth_Bugs.jar_Flink_32a003d5/stratosphere-runtime/src/main/java/eu/stratosphere/nephele/services/memorymanager/UnsafeMemorySegment.java:163: warning - @param argument "position" is not a parameter name.
[WARNING] /tmp/DynaMoth_Bugs.jar_Flink_32a003d5/stratosphere-runtime/src/main/java/eu/stratosphere/nephele/services/memorymanager/UnsafeMemorySegment.java:177: warning - @param argument "position" is not a parameter name.
[WARNING] /tmp/DynaMoth_Bugs.jar_Flink_32a003d5/stratosphere-runtime/src/main/java/eu/stratosphere/nephele/services/memorymanager/UnsafeMemorySegment.java:177: warning - @return tag cannot be used in method with void return type.
[WARNING] /tmp/DynaMoth_Bugs.jar_Flink_32a003d5/stratosphere-runtime/src/main/java/eu/stratosphere/nephele/services/memorymanager/UnsafeMemorySegment.java:192: warning - @param argument "position" is not a parameter name.
[WARNING] /tmp/DynaMoth_Bugs.jar_Flink_32a003d5/stratosphere-runtime/src/main/java/eu/stratosphere/nephele/services/memorymanager/UnsafeMemorySegment.java:192: warning - @return tag cannot be used in method with void return type.
[INFO] Building jar: /tmp/DynaMoth_Bugs.jar_Flink_32a003d5/stratosphere-runtime/target/stratosphere-runtime-0.6-SNAPSHOT-javadoc.jar
[INFO] 
[INFO] >>> maven-source-plugin:2.2.1:jar (attach-sources) > generate-sources @ stratosphere-runtime >>>
[INFO] 
[INFO] --- maven-checkstyle-plugin:2.12.1:check (validate) @ stratosphere-runtime ---
[INFO] 
[INFO] --- maven-enforcer-plugin:1.3.1:enforce (enforce-maven) @ stratosphere-runtime ---
[INFO] Skipping Rule Enforcement.
[INFO] 
[INFO] --- git-commit-id-plugin:2.1.5:revision (default) @ stratosphere-runtime ---
[info] 
[info] /tmp/DynaMoth_Bugs.jar_Flink_32a003d5/.git
[info] 
[info] 
[info] 
[info] 
[info] 
[info] 
[info] 
[info] 
[info] 
[info] 
[info] 
[info] 
[info] 
[info] 
[info] 
[INFO] 
[INFO] <<< maven-source-plugin:2.2.1:jar (attach-sources) < generate-sources @ stratosphere-runtime <<<
[INFO] 
[INFO] 
[INFO] --- maven-source-plugin:2.2.1:jar (attach-sources) @ stratosphere-runtime ---
[INFO] Building jar: /tmp/DynaMoth_Bugs.jar_Flink_32a003d5/stratosphere-runtime/target/stratosphere-runtime-0.6-SNAPSHOT-sources.jar
[INFO] 
[INFO] --- maven-failsafe-plugin:2.7:integration-test (default) @ stratosphere-runtime ---
[INFO] Tests are skipped.
[INFO] 
[INFO] --- apache-rat-plugin:0.10:check (default) @ stratosphere-runtime ---
[INFO] 51 implicit excludes (use -debug for more details).
[INFO] Exclude: **/.*
[INFO] Exclude: **/*.prefs
[INFO] Exclude: **/resources/**
[INFO] Exclude: **/stratosphere-bin/conf/slaves
[INFO] Exclude: **/README.md
[INFO] Exclude: tools/checkstyle.xml
[INFO] Exclude: CHANGELOG
[INFO] Exclude: **/*.creole
[INFO] Exclude: CONTRIBUTORS
[INFO] Exclude: tools/maven/checkstyle.xml
[INFO] Exclude: tools/maven/suppressions.xml
[INFO] Exclude: **/pom.xml
[INFO] Exclude: **/pom.hadoop2.xml
[INFO] Exclude: **/*.iml
[INFO] Exclude: **/target/**
[INFO] Exclude: **/docs/**
[INFO] 610 resources included (use -debug for more details)
[INFO] Rat check: Summary of files. Unapproved: 0 unknown: 0 generated: 0 approved: 610 licence.
[INFO] 
[INFO] --- maven-failsafe-plugin:2.7:verify (default) @ stratosphere-runtime ---
[INFO] Tests are skipped.
[INFO] 
[INFO] --- maven-install-plugin:2.4:install (default-install) @ stratosphere-runtime ---
[INFO] Installing /tmp/DynaMoth_Bugs.jar_Flink_32a003d5/stratosphere-runtime/target/stratosphere-runtime-0.6-SNAPSHOT.jar to /tmp/DynaMoth_Bugs.jar_Flink_32a003d5/.m2/eu/stratosphere/stratosphere-runtime/0.6-SNAPSHOT/stratosphere-runtime-0.6-SNAPSHOT.jar
[INFO] 
[INFO] ------------------------------------------------------------------------
[INFO] Building stratosphere-compiler 0.6-SNAPSHOT
[INFO] ------------------------------------------------------------------------
[INFO] 
[INFO] --- maven-checkstyle-plugin:2.12.1:check (validate) @ stratosphere-compiler ---
[INFO] 
[INFO] --- maven-enforcer-plugin:1.3.1:enforce (enforce-maven) @ stratosphere-compiler ---
[INFO] Skipping Rule Enforcement.
[INFO] 
[INFO] --- maven-resources-plugin:2.6:resources (default-resources) @ stratosphere-compiler ---
[INFO] Using 'UTF-8' encoding to copy filtered resources.
[INFO] skip non existing resourceDirectory /tmp/DynaMoth_Bugs.jar_Flink_32a003d5/stratosphere-compiler/src/main/resources
[INFO] 
[INFO] --- maven-compiler-plugin:3.1:compile (default-compile) @ stratosphere-compiler ---
[INFO] Changes detected - recompiling the module!
[INFO] Compiling 116 source files to /tmp/DynaMoth_Bugs.jar_Flink_32a003d5/stratosphere-compiler/target/classes
[INFO] 
[INFO] --- maven-resources-plugin:2.6:testResources (default-testResources) @ stratosphere-compiler ---
[INFO] Using 'UTF-8' encoding to copy filtered resources.
[INFO] skip non existing resourceDirectory /tmp/DynaMoth_Bugs.jar_Flink_32a003d5/stratosphere-compiler/src/test/resources
[INFO] 
[INFO] --- maven-compiler-plugin:3.1:testCompile (default-testCompile) @ stratosphere-compiler ---
[INFO] Changes detected - recompiling the module!
[INFO] Compiling 31 source files to /tmp/DynaMoth_Bugs.jar_Flink_32a003d5/stratosphere-compiler/target/test-classes
[INFO] 
[INFO] --- maven-surefire-plugin:2.16:test (default-test) @ stratosphere-compiler ---
[INFO] Tests are skipped.
[INFO] 
[INFO] --- maven-jar-plugin:2.4:jar (default-jar) @ stratosphere-compiler ---
[INFO] Building jar: /tmp/DynaMoth_Bugs.jar_Flink_32a003d5/stratosphere-compiler/target/stratosphere-compiler-0.6-SNAPSHOT.jar
[INFO] 
[INFO] --- maven-javadoc-plugin:2.9.1:jar (attach-javadocs) @ stratosphere-compiler ---
[INFO] 
15 warnings
[WARNING] Javadoc Warnings
[WARNING] Picked up JAVA_TOOL_OPTIONS: -XX:CICompilerCount=2 -XX:ParallelGCThreads=2 -XX:ConcGCThreads=2 -Djdk.net.URLClassPath.disableClassPathURLCheck=true
[WARNING] Picked up _JAVA_OPTIONS: -Djdk.net.URLClassPath.disableClassPathURLCheck=true
[WARNING] /tmp/DynaMoth_Bugs.jar_Flink_32a003d5/stratosphere-compiler/src/main/java/eu/stratosphere/compiler/dag/OptimizerNode.java:670: warning - @return tag has no arguments.
[WARNING] /tmp/DynaMoth_Bugs.jar_Flink_32a003d5/stratosphere-compiler/src/main/java/eu/stratosphere/compiler/dag/OptimizerNode.java:694: warning - @return tag has no arguments.
[WARNING] /tmp/DynaMoth_Bugs.jar_Flink_32a003d5/stratosphere-compiler/src/main/java/eu/stratosphere/compiler/dag/OptimizerNode.java:703: warning - @return tag has no arguments.
[WARNING] /tmp/DynaMoth_Bugs.jar_Flink_32a003d5/stratosphere-compiler/src/main/java/eu/stratosphere/compiler/dag/OptimizerNode.java:918: warning - @return tag has no arguments.
[WARNING] /tmp/DynaMoth_Bugs.jar_Flink_32a003d5/stratosphere-compiler/src/main/java/eu/stratosphere/compiler/dag/OptimizerNode.java:1002: warning - @param argument "subPlan1" is not a parameter name.
[WARNING] /tmp/DynaMoth_Bugs.jar_Flink_32a003d5/stratosphere-compiler/src/main/java/eu/stratosphere/compiler/dag/OptimizerNode.java:1002: warning - @param argument "subPlan2" is not a parameter name.
[WARNING] /tmp/DynaMoth_Bugs.jar_Flink_32a003d5/stratosphere-compiler/src/main/java/eu/stratosphere/compiler/dag/PactConnection.java:84: warning - @param argument "target" is not a parameter name.
[WARNING] /tmp/DynaMoth_Bugs.jar_Flink_32a003d5/stratosphere-compiler/src/main/java/eu/stratosphere/compiler/dag/PactConnection.java:84: warning - @param argument "shipStrategy" is not a parameter name.
[WARNING] /tmp/DynaMoth_Bugs.jar_Flink_32a003d5/stratosphere-compiler/src/main/java/eu/stratosphere/compiler/dataproperties/GlobalProperties.java:64: warning - @param argument "partitioning" is not a parameter name.
[WARNING] /tmp/DynaMoth_Bugs.jar_Flink_32a003d5/stratosphere-compiler/src/main/java/eu/stratosphere/compiler/dataproperties/GlobalProperties.java:200: warning - @param argument "contract" is not a parameter name.
[WARNING] /tmp/DynaMoth_Bugs.jar_Flink_32a003d5/stratosphere-compiler/src/main/java/eu/stratosphere/compiler/dataproperties/RequestedGlobalProperties.java:220: warning - @param argument "localDopChange" is not a parameter name.
[WARNING] /tmp/DynaMoth_Bugs.jar_Flink_32a003d5/stratosphere-compiler/src/main/java/eu/stratosphere/compiler/deadlockdetect/DeadlockPreventer.java:131: warning - @return tag has no arguments.
[WARNING] /tmp/DynaMoth_Bugs.jar_Flink_32a003d5/stratosphere-compiler/src/main/java/eu/stratosphere/compiler/deadlockdetect/DeadlockPreventer.java:151: warning - @return tag has no arguments.
[WARNING] /tmp/DynaMoth_Bugs.jar_Flink_32a003d5/stratosphere-compiler/src/main/java/eu/stratosphere/compiler/deadlockdetect/DeadlockPreventer.java:131: warning - @param argument "plan" is not a parameter name.
[WARNING] /tmp/DynaMoth_Bugs.jar_Flink_32a003d5/stratosphere-compiler/src/main/java/eu/stratosphere/compiler/plan/PlanNode.java:194: warning - @return tag cannot be used in method with void return type.
[INFO] Building jar: /tmp/DynaMoth_Bugs.jar_Flink_32a003d5/stratosphere-compiler/target/stratosphere-compiler-0.6-SNAPSHOT-javadoc.jar
[INFO] 
[INFO] >>> maven-source-plugin:2.2.1:jar (attach-sources) > generate-sources @ stratosphere-compiler >>>
[INFO] 
[INFO] --- maven-checkstyle-plugin:2.12.1:check (validate) @ stratosphere-compiler ---
[INFO] 
[INFO] --- maven-enforcer-plugin:1.3.1:enforce (enforce-maven) @ stratosphere-compiler ---
[INFO] Skipping Rule Enforcement.
[INFO] 
[INFO] <<< maven-source-plugin:2.2.1:jar (attach-sources) < generate-sources @ stratosphere-compiler <<<
[INFO] 
[INFO] 
[INFO] --- maven-source-plugin:2.2.1:jar (attach-sources) @ stratosphere-compiler ---
[INFO] Building jar: /tmp/DynaMoth_Bugs.jar_Flink_32a003d5/stratosphere-compiler/target/stratosphere-compiler-0.6-SNAPSHOT-sources.jar
[INFO] 
[INFO] --- maven-failsafe-plugin:2.6:integration-test (default) @ stratosphere-compiler ---
[INFO] Tests are skipped.
[INFO] 
[INFO] --- apache-rat-plugin:0.10:check (default) @ stratosphere-compiler ---
[INFO] 51 implicit excludes (use -debug for more details).
[INFO] Exclude: **/.*
[INFO] Exclude: **/*.prefs
[INFO] Exclude: **/resources/**
[INFO] Exclude: **/stratosphere-bin/conf/slaves
[INFO] Exclude: **/README.md
[INFO] Exclude: tools/checkstyle.xml
[INFO] Exclude: CHANGELOG
[INFO] Exclude: **/*.creole
[INFO] Exclude: CONTRIBUTORS
[INFO] Exclude: tools/maven/checkstyle.xml
[INFO] Exclude: tools/maven/suppressions.xml
[INFO] Exclude: **/pom.xml
[INFO] Exclude: **/pom.hadoop2.xml
[INFO] Exclude: **/*.iml
[INFO] Exclude: **/target/**
[INFO] Exclude: **/docs/**
[INFO] 147 resources included (use -debug for more details)
[INFO] Rat check: Summary of files. Unapproved: 0 unknown: 0 generated: 0 approved: 147 licence.
[INFO] 
[INFO] --- maven-failsafe-plugin:2.6:verify (default) @ stratosphere-compiler ---
[INFO] Tests are skipped.
[INFO] 
[INFO] --- maven-install-plugin:2.4:install (default-install) @ stratosphere-compiler ---
[INFO] Installing /tmp/DynaMoth_Bugs.jar_Flink_32a003d5/stratosphere-compiler/target/stratosphere-compiler-0.6-SNAPSHOT.jar to /tmp/DynaMoth_Bugs.jar_Flink_32a003d5/.m2/eu/stratosphere/stratosphere-compiler/0.6-SNAPSHOT/stratosphere-compiler-0.6-SNAPSHOT.jar
[INFO] 
[INFO] ------------------------------------------------------------------------
[INFO] Building stratosphere-scala 0.6-SNAPSHOT
[INFO] ------------------------------------------------------------------------
[INFO] 
[INFO] --- maven-checkstyle-plugin:2.12.1:check (validate) @ stratosphere-scala ---
[INFO] 
[INFO] --- maven-enforcer-plugin:1.3.1:enforce (enforce-maven) @ stratosphere-scala ---
[INFO] Skipping Rule Enforcement.
[INFO] 
[INFO] --- build-helper-maven-plugin:1.7:add-source (add-source) @ stratosphere-scala ---
[INFO] Source directory: /tmp/DynaMoth_Bugs.jar_Flink_32a003d5/stratosphere-scala/src/main/scala added.
[INFO] 
[INFO] --- maven-resources-plugin:2.6:resources (default-resources) @ stratosphere-scala ---
[INFO] Using 'UTF-8' encoding to copy filtered resources.
[INFO] skip non existing resourceDirectory /tmp/DynaMoth_Bugs.jar_Flink_32a003d5/stratosphere-scala/src/main/resources
[INFO] 
[INFO] --- scala-maven-plugin:3.1.4:compile (scala-compile-first) @ stratosphere-scala ---
[INFO] Downloading: https://repo.maven.apache.org/maven2/org/apache/maven/maven-core/3.0.4/maven-core-3.0.4.pom
[INFO] Downloaded: https://repo.maven.apache.org/maven2/org/apache/maven/maven-core/3.0.4/maven-core-3.0.4.pom (6.4 kB at 796 kB/s)
[INFO] Downloading: https://repo.maven.apache.org/maven2/org/apache/maven/maven/3.0.4/maven-3.0.4.pom
[INFO] Downloaded: https://repo.maven.apache.org/maven2/org/apache/maven/maven/3.0.4/maven-3.0.4.pom (22 kB at 3.1 MB/s)
[INFO] Downloading: https://repo.maven.apache.org/maven2/org/apache/maven/maven-model/3.0.4/maven-model-3.0.4.pom
[INFO] Downloaded: https://repo.maven.apache.org/maven2/org/apache/maven/maven-model/3.0.4/maven-model-3.0.4.pom (3.8 kB at 634 kB/s)
[INFO] Downloading: https://repo.maven.apache.org/maven2/org/codehaus/plexus/plexus-utils/2.0.6/plexus-utils-2.0.6.pom
[INFO] Downloaded: https://repo.maven.apache.org/maven2/org/codehaus/plexus/plexus-utils/2.0.6/plexus-utils-2.0.6.pom (2.9 kB at 413 kB/s)
[INFO] Downloading: https://repo.maven.apache.org/maven2/org/apache/maven/maven-settings/3.0.4/maven-settings-3.0.4.pom
[INFO] Downloaded: https://repo.maven.apache.org/maven2/org/apache/maven/maven-settings/3.0.4/maven-settings-3.0.4.pom (1.8 kB at 367 kB/s)
[INFO] Downloading: https://repo.maven.apache.org/maven2/org/apache/maven/maven-settings-builder/3.0.4/maven-settings-builder-3.0.4.pom
[INFO] Downloaded: https://repo.maven.apache.org/maven2/org/apache/maven/maven-settings-builder/3.0.4/maven-settings-builder-3.0.4.pom (2.3 kB at 226 kB/s)
[INFO] Downloading: https://repo.maven.apache.org/maven2/org/apache/maven/maven-repository-metadata/3.0.4/maven-repository-metadata-3.0.4.pom
[INFO] Downloaded: https://repo.maven.apache.org/maven2/org/apache/maven/maven-repository-metadata/3.0.4/maven-repository-metadata-3.0.4.pom (1.9 kB at 172 kB/s)
[INFO] Downloading: https://repo.maven.apache.org/maven2/org/apache/maven/maven-artifact/3.0.4/maven-artifact-3.0.4.pom
[INFO] Downloaded: https://repo.maven.apache.org/maven2/org/apache/maven/maven-artifact/3.0.4/maven-artifact-3.0.4.pom (1.6 kB at 272 kB/s)
[INFO] Downloading: https://repo.maven.apache.org/maven2/org/apache/maven/maven-plugin-api/3.0.4/maven-plugin-api-3.0.4.pom
[INFO] Downloaded: https://repo.maven.apache.org/maven2/org/apache/maven/maven-plugin-api/3.0.4/maven-plugin-api-3.0.4.pom (2.7 kB at 333 kB/s)
[INFO] Downloading: https://repo.maven.apache.org/maven2/org/sonatype/sisu/sisu-inject-plexus/2.3.0/sisu-inject-plexus-2.3.0.pom
[INFO] Downloaded: https://repo.maven.apache.org/maven2/org/sonatype/sisu/sisu-inject-plexus/2.3.0/sisu-inject-plexus-2.3.0.pom (6.1 kB at 614 kB/s)
[INFO] Downloading: https://repo.maven.apache.org/maven2/org/sonatype/sisu/inject/guice-plexus/2.3.0/guice-plexus-2.3.0.pom
[INFO] Downloaded: https://repo.maven.apache.org/maven2/org/sonatype/sisu/inject/guice-plexus/2.3.0/guice-plexus-2.3.0.pom (3.8 kB at 634 kB/s)
[INFO] Downloading: https://repo.maven.apache.org/maven2/org/sonatype/sisu/inject/guice-bean/2.3.0/guice-bean-2.3.0.pom
[INFO] Downloaded: https://repo.maven.apache.org/maven2/org/sonatype/sisu/inject/guice-bean/2.3.0/guice-bean-2.3.0.pom (3.0 kB at 217 kB/s)
[INFO] Downloading: https://repo.maven.apache.org/maven2/org/sonatype/sisu/inject/containers/2.3.0/containers-2.3.0.pom
[INFO] Downloaded: https://repo.maven.apache.org/maven2/org/sonatype/sisu/inject/containers/2.3.0/containers-2.3.0.pom (1.2 kB at 171 kB/s)
[INFO] Downloading: https://repo.maven.apache.org/maven2/org/sonatype/sisu/sisu-inject/2.3.0/sisu-inject-2.3.0.pom
[INFO] Downloaded: https://repo.maven.apache.org/maven2/org/sonatype/sisu/sisu-inject/2.3.0/sisu-inject-2.3.0.pom (3.2 kB at 324 kB/s)
[INFO] Downloading: https://repo.maven.apache.org/maven2/org/sonatype/sisu/sisu-parent/2.3.0/sisu-parent-2.3.0.pom
[INFO] Downloaded: https://repo.maven.apache.org/maven2/org/sonatype/sisu/sisu-parent/2.3.0/sisu-parent-2.3.0.pom (11 kB at 816 kB/s)
[INFO] Downloading: https://repo.maven.apache.org/maven2/org/codehaus/plexus/plexus-classworlds/2.4/plexus-classworlds-2.4.pom
[INFO] Downloaded: https://repo.maven.apache.org/maven2/org/codehaus/plexus/plexus-classworlds/2.4/plexus-classworlds-2.4.pom (3.9 kB at 647 kB/s)
[INFO] Downloading: https://repo.maven.apache.org/maven2/org/sonatype/sisu/sisu-inject-bean/2.3.0/sisu-inject-bean-2.3.0.pom
[INFO] Downloaded: https://repo.maven.apache.org/maven2/org/sonatype/sisu/sisu-inject-bean/2.3.0/sisu-inject-bean-2.3.0.pom (7.1 kB at 890 kB/s)
[INFO] Downloading: https://repo.maven.apache.org/maven2/org/sonatype/sisu/sisu-guice/3.1.0/sisu-guice-3.1.0.pom
[INFO] Downloaded: https://repo.maven.apache.org/maven2/org/sonatype/sisu/sisu-guice/3.1.0/sisu-guice-3.1.0.pom (10 kB at 1.4 MB/s)
[INFO] Downloading: https://repo.maven.apache.org/maven2/org/sonatype/sisu/inject/guice-parent/3.1.0/guice-parent-3.1.0.pom
[INFO] Downloaded: https://repo.maven.apache.org/maven2/org/sonatype/sisu/inject/guice-parent/3.1.0/guice-parent-3.1.0.pom (11 kB at 1.8 MB/s)
[INFO] Downloading: https://repo.maven.apache.org/maven2/org/sonatype/sisu/sisu-guava/0.9.9/sisu-guava-0.9.9.pom
[INFO] Downloaded: https://repo.maven.apache.org/maven2/org/sonatype/sisu/sisu-guava/0.9.9/sisu-guava-0.9.9.pom (1.1 kB at 127 kB/s)
[INFO] Downloading: https://repo.maven.apache.org/maven2/org/sonatype/sisu/inject/guava-parent/0.9.9/guava-parent-0.9.9.pom
[INFO] Downloaded: https://repo.maven.apache.org/maven2/org/sonatype/sisu/inject/guava-parent/0.9.9/guava-parent-0.9.9.pom (11 kB at 786 kB/s)
[INFO] Downloading: https://repo.maven.apache.org/maven2/org/apache/maven/maven-model-builder/3.0.4/maven-model-builder-3.0.4.pom
[INFO] Downloaded: https://repo.maven.apache.org/maven2/org/apache/maven/maven-model-builder/3.0.4/maven-model-builder-3.0.4.pom (2.5 kB at 493 kB/s)
[INFO] Downloading: https://repo.maven.apache.org/maven2/org/apache/maven/maven-aether-provider/3.0.4/maven-aether-provider-3.0.4.pom
[INFO] Downloaded: https://repo.maven.apache.org/maven2/org/apache/maven/maven-aether-provider/3.0.4/maven-aether-provider-3.0.4.pom (2.8 kB at 282 kB/s)
[INFO] Downloading: https://repo.maven.apache.org/maven2/org/sonatype/aether/aether-api/1.13.1/aether-api-1.13.1.pom
[INFO] Downloaded: https://repo.maven.apache.org/maven2/org/sonatype/aether/aether-api/1.13.1/aether-api-1.13.1.pom (1.4 kB at 142 kB/s)
[INFO] Downloading: https://repo.maven.apache.org/maven2/org/sonatype/aether/aether/1.13.1/aether-1.13.1.pom
[INFO] Downloaded: https://repo.maven.apache.org/maven2/org/sonatype/aether/aether/1.13.1/aether-1.13.1.pom (10 kB at 1.7 MB/s)
[INFO] Downloading: https://repo.maven.apache.org/maven2/org/sonatype/aether/aether-spi/1.13.1/aether-spi-1.13.1.pom
[INFO] Downloaded: https://repo.maven.apache.org/maven2/org/sonatype/aether/aether-spi/1.13.1/aether-spi-1.13.1.pom (1.4 kB at 145 kB/s)
[INFO] Downloading: https://repo.maven.apache.org/maven2/org/sonatype/aether/aether-util/1.13.1/aether-util-1.13.1.pom
[INFO] Downloaded: https://repo.maven.apache.org/maven2/org/sonatype/aether/aether-util/1.13.1/aether-util-1.13.1.pom (1.7 kB at 157 kB/s)
[INFO] Downloading: https://repo.maven.apache.org/maven2/org/sonatype/aether/aether-impl/1.13.1/aether-impl-1.13.1.pom
[INFO] Downloaded: https://repo.maven.apache.org/maven2/org/sonatype/aether/aether-impl/1.13.1/aether-impl-1.13.1.pom (2.5 kB at 310 kB/s)
[INFO] Downloading: https://repo.maven.apache.org/maven2/org/apache/maven/doxia/doxia-sink-api/1.1.2/doxia-sink-api-1.1.2.pom
[INFO] Downloaded: https://repo.maven.apache.org/maven2/org/apache/maven/doxia/doxia-sink-api/1.1.2/doxia-sink-api-1.1.2.pom (1.6 kB at 315 kB/s)
[INFO] Downloading: https://repo.maven.apache.org/maven2/org/apache/maven/doxia/doxia/1.1.2/doxia-1.1.2.pom
[INFO] Downloaded: https://repo.maven.apache.org/maven2/org/apache/maven/doxia/doxia/1.1.2/doxia-1.1.2.pom (18 kB at 2.6 MB/s)
[INFO] Downloading: https://repo.maven.apache.org/maven2/org/apache/maven/doxia/doxia-logging-api/1.1.2/doxia-logging-api-1.1.2.pom
[INFO] Downloaded: https://repo.maven.apache.org/maven2/org/apache/maven/doxia/doxia-logging-api/1.1.2/doxia-logging-api-1.1.2.pom (1.6 kB at 158 kB/s)
[INFO] Downloading: https://repo.maven.apache.org/maven2/com/typesafe/zinc/zinc/0.2.0/zinc-0.2.0.pom
[INFO] Downloaded: https://repo.maven.apache.org/maven2/com/typesafe/zinc/zinc/0.2.0/zinc-0.2.0.pom (2.4 kB at 304 kB/s)
[INFO] Downloading: https://repo.maven.apache.org/maven2/org/scala-lang/scala-library/2.9.2/scala-library-2.9.2.pom
[INFO] Downloaded: https://repo.maven.apache.org/maven2/org/scala-lang/scala-library/2.9.2/scala-library-2.9.2.pom (1.7 kB at 193 kB/s)
[INFO] Downloading: https://repo.maven.apache.org/maven2/com/typesafe/sbt/incremental-compiler/0.12.1/incremental-compiler-0.12.1.pom
[INFO] Downloaded: https://repo.maven.apache.org/maven2/com/typesafe/sbt/incremental-compiler/0.12.1/incremental-compiler-0.12.1.pom (2.1 kB at 213 kB/s)
[INFO] Downloading: https://repo.maven.apache.org/maven2/com/typesafe/sbt/sbt-interface/0.12.1/sbt-interface-0.12.1.pom
[INFO] Downloaded: https://repo.maven.apache.org/maven2/com/typesafe/sbt/sbt-interface/0.12.1/sbt-interface-0.12.1.pom (1.7 kB at 280 kB/s)
[INFO] Downloading: https://repo.maven.apache.org/maven2/org/scala-lang/scala-compiler/2.9.2/scala-compiler-2.9.2.pom
[INFO] Downloaded: https://repo.maven.apache.org/maven2/org/scala-lang/scala-compiler/2.9.2/scala-compiler-2.9.2.pom (2.0 kB at 250 kB/s)
[INFO] Downloading: https://repo.maven.apache.org/maven2/com/typesafe/sbt/compiler-interface/0.12.1/compiler-interface-0.12.1.pom
[INFO] Downloaded: https://repo.maven.apache.org/maven2/com/typesafe/sbt/compiler-interface/0.12.1/compiler-interface-0.12.1.pom (1.7 kB at 212 kB/s)
[INFO] Downloading: https://repo.maven.apache.org/maven2/org/apache/maven/maven-settings/3.0.4/maven-settings-3.0.4.jar
[INFO] Downloading: https://repo.maven.apache.org/maven2/org/apache/maven/maven-plugin-api/3.0.4/maven-plugin-api-3.0.4.jar
[INFO] Downloading: https://repo.maven.apache.org/maven2/org/apache/maven/maven-model-builder/3.0.4/maven-model-builder-3.0.4.jar
[INFO] Downloading: https://repo.maven.apache.org/maven2/org/apache/maven/maven-repository-metadata/3.0.4/maven-repository-metadata-3.0.4.jar
[INFO] Downloading: https://repo.maven.apache.org/maven2/org/apache/maven/maven-settings-builder/3.0.4/maven-settings-builder-3.0.4.jar
[INFO] Downloaded: https://repo.maven.apache.org/maven2/org/apache/maven/maven-settings/3.0.4/maven-settings-3.0.4.jar (47 kB at 1.0 MB/s)
[INFO] Downloading: https://repo.maven.apache.org/maven2/org/apache/maven/maven-aether-provider/3.0.4/maven-aether-provider-3.0.4.jar
[INFO] Downloaded: https://repo.maven.apache.org/maven2/org/apache/maven/maven-aether-provider/3.0.4/maven-aether-provider-3.0.4.jar (56 kB at 1.4 MB/s)
[INFO] Downloading: https://repo.maven.apache.org/maven2/org/sonatype/aether/aether-spi/1.13.1/aether-spi-1.13.1.jar
[INFO] Downloaded: https://repo.maven.apache.org/maven2/org/apache/maven/maven-plugin-api/3.0.4/maven-plugin-api-3.0.4.jar (49 kB at 747 kB/s)
[INFO] Downloading: https://repo.maven.apache.org/maven2/org/sonatype/aether/aether-impl/1.13.1/aether-impl-1.13.1.jar
[INFO] Downloaded: https://repo.maven.apache.org/maven2/org/apache/maven/maven-repository-metadata/3.0.4/maven-repository-metadata-3.0.4.jar (30 kB at 367 kB/s)
[INFO] Downloading: https://repo.maven.apache.org/maven2/org/sonatype/aether/aether-api/1.13.1/aether-api-1.13.1.jar
[INFO] Downloaded: https://repo.maven.apache.org/maven2/org/apache/maven/maven-settings-builder/3.0.4/maven-settings-builder-3.0.4.jar (41 kB at 481 kB/s)
[INFO] Downloading: https://repo.maven.apache.org/maven2/org/sonatype/aether/aether-util/1.13.1/aether-util-1.13.1.jar
[INFO] Downloaded: https://repo.maven.apache.org/maven2/org/sonatype/aether/aether-spi/1.13.1/aether-spi-1.13.1.jar (15 kB at 245 kB/s)
[INFO] Downloading: https://repo.maven.apache.org/maven2/org/sonatype/sisu/sisu-inject-plexus/2.3.0/sisu-inject-plexus-2.3.0.jar
[INFO] Downloaded: https://repo.maven.apache.org/maven2/org/apache/maven/maven-model-builder/3.0.4/maven-model-builder-3.0.4.jar (151 kB at 1.9 MB/s)
[INFO] Downloading: https://repo.maven.apache.org/maven2/org/sonatype/sisu/sisu-inject-bean/2.3.0/sisu-inject-bean-2.3.0.jar
[INFO] Downloaded: https://repo.maven.apache.org/maven2/org/sonatype/aether/aether-impl/1.13.1/aether-impl-1.13.1.jar (130 kB at 1.8 MB/s)
[INFO] Downloading: https://repo.maven.apache.org/maven2/org/sonatype/sisu/sisu-guice/3.1.0/sisu-guice-3.1.0-no_aop.jar
[INFO] Downloaded: https://repo.maven.apache.org/maven2/org/sonatype/aether/aether-api/1.13.1/aether-api-1.13.1.jar (90 kB at 1.1 MB/s)
[INFO] Downloading: https://repo.maven.apache.org/maven2/org/sonatype/sisu/sisu-guava/0.9.9/sisu-guava-0.9.9.jar
[INFO] Downloaded: https://repo.maven.apache.org/maven2/org/sonatype/sisu/sisu-inject-plexus/2.3.0/sisu-inject-plexus-2.3.0.jar (204 kB at 2.3 MB/s)
[INFO] Downloading: https://repo.maven.apache.org/maven2/org/codehaus/plexus/plexus-interpolation/1.14/plexus-interpolation-1.14.jar
[INFO] Downloaded: https://repo.maven.apache.org/maven2/org/codehaus/plexus/plexus-interpolation/1.14/plexus-interpolation-1.14.jar (61 kB at 605 kB/s)
[INFO] Downloading: https://repo.maven.apache.org/maven2/org/apache/maven/maven-profile/2.0.8/maven-profile-2.0.8.jar
[INFO] Downloaded: https://repo.maven.apache.org/maven2/org/sonatype/aether/aether-util/1.13.1/aether-util-1.13.1.jar (130 kB at 1.2 MB/s)
[INFO] Downloading: https://repo.maven.apache.org/maven2/org/apache/maven/maven-plugin-registry/2.0.8/maven-plugin-registry-2.0.8.jar
[INFO] Downloaded: https://repo.maven.apache.org/maven2/org/sonatype/sisu/sisu-guice/3.1.0/sisu-guice-3.1.0-no_aop.jar (357 kB at 3.1 MB/s)
[INFO] Downloading: https://repo.maven.apache.org/maven2/org/apache/maven/doxia/doxia-logging-api/1.1.2/doxia-logging-api-1.1.2.jar
[INFO] Downloaded: https://repo.maven.apache.org/maven2/org/apache/maven/maven-profile/2.0.8/maven-profile-2.0.8.jar (35 kB at 285 kB/s)
[INFO] Downloading: https://repo.maven.apache.org/maven2/org/scala-lang/scala-library/2.9.2/scala-library-2.9.2.jar
[INFO] Downloaded: https://repo.maven.apache.org/maven2/org/sonatype/sisu/sisu-inject-bean/2.3.0/sisu-inject-bean-2.3.0.jar (289 kB at 2.3 MB/s)
[INFO] Downloading: https://repo.maven.apache.org/maven2/com/typesafe/sbt/compiler-interface/0.12.1/compiler-interface-0.12.1-sources.jar
[INFO] Downloaded: https://repo.maven.apache.org/maven2/org/apache/maven/maven-plugin-registry/2.0.8/maven-plugin-registry-2.0.8.jar (29 kB at 227 kB/s)
[INFO] Downloading: https://repo.maven.apache.org/maven2/com/typesafe/sbt/sbt-interface/0.12.1/sbt-interface-0.12.1.jar
[INFO] Downloaded: https://repo.maven.apache.org/maven2/org/apache/maven/doxia/doxia-logging-api/1.1.2/doxia-logging-api-1.1.2.jar (11 kB at 84 kB/s)
[INFO] Downloading: https://repo.maven.apache.org/maven2/org/scala-lang/scala-compiler/2.9.2/scala-compiler-2.9.2.jar
[INFO] Downloaded: https://repo.maven.apache.org/maven2/com/typesafe/sbt/sbt-interface/0.12.1/sbt-interface-0.12.1.jar (42 kB at 315 kB/s)
[INFO] Downloaded: https://repo.maven.apache.org/maven2/com/typesafe/sbt/compiler-interface/0.12.1/compiler-interface-0.12.1-sources.jar (20 kB at 147 kB/s)
[INFO] Downloaded: https://repo.maven.apache.org/maven2/org/sonatype/sisu/sisu-guava/0.9.9/sisu-guava-0.9.9.jar (1.5 MB at 7.2 MB/s)
[INFO] Downloaded: https://repo.maven.apache.org/maven2/org/scala-lang/scala-library/2.9.2/scala-library-2.9.2.jar (8.9 MB at 12 MB/s)
[INFO] Downloaded: https://repo.maven.apache.org/maven2/org/scala-lang/scala-compiler/2.9.2/scala-compiler-2.9.2.jar (11 MB at 14 MB/s)
[INFO] artifact commons-logging:commons-logging: checking for updates from central
[INFO] artifact org.apache.httpcomponents:httpclient: checking for updates from central
[INFO] artifact org.codehaus.jackson:jackson-core-asl: checking for updates from central
[INFO] artifact javax.mail:mail: checking for updates from central
[WARNING]  Expected all dependencies to require Scala version: 2.10.3
[WARNING]  org.scala-lang:scala-reflect:2.10.3 requires scala version: 2.10.3
[WARNING]  eu.stratosphere:stratosphere-scala:0.6-SNAPSHOT requires scala version: 2.10.3
[WARNING]  eu.stratosphere:stratosphere-scala:0.6-SNAPSHOT requires scala version: 2.10.3
[WARNING]  org.scala-lang:scala-compiler:2.10.3 requires scala version: 2.10.3
[WARNING]  org.scalatest:scalatest_2.10:2.2.0 requires scala version: 2.10.4
[WARNING] Multiple versions of scala libraries detected!
[INFO] /tmp/DynaMoth_Bugs.jar_Flink_32a003d5/stratosphere-scala/src/main/java:-1: info: compiling
[INFO] /tmp/DynaMoth_Bugs.jar_Flink_32a003d5/stratosphere-scala/src/main/scala:-1: info: compiling
[INFO] Compiling 51 source files to /tmp/DynaMoth_Bugs.jar_Flink_32a003d5/stratosphere-scala/target/classes at 1566419386344
[INFO] Picked up JAVA_TOOL_OPTIONS: -XX:CICompilerCount=2 -XX:ParallelGCThreads=2 -XX:ConcGCThreads=2 -Djdk.net.URLClassPath.disableClassPathURLCheck=true -XX:CICompilerCount=2 -XX:ParallelGCThreads=2 -XX:ConcGCThreads=2 -Djdk.net.URLClassPath.disableClassPathURLCheck=true 
[INFO] Picked up _JAVA_OPTIONS: -Djdk.net.URLClassPath.disableClassPathURLCheck=true
[WARNING] warning: there were 36 deprecation warning(s); re-run with -deprecation for details
[WARNING] one warning found
[INFO] prepare-compile in 0 s
[INFO] compile in 48 s
[INFO] 
[INFO] --- maven-compiler-plugin:3.1:compile (default-compile) @ stratosphere-scala ---
[INFO] Changes detected - recompiling the module!
[INFO] Compiling 1 source file to /tmp/DynaMoth_Bugs.jar_Flink_32a003d5/stratosphere-scala/target/classes
[INFO] 
[INFO] --- build-helper-maven-plugin:1.7:add-test-source (add-test-source) @ stratosphere-scala ---
[INFO] Test Source directory: /tmp/DynaMoth_Bugs.jar_Flink_32a003d5/stratosphere-scala/src/test/scala added.
[INFO] 
[INFO] --- maven-resources-plugin:2.6:testResources (default-testResources) @ stratosphere-scala ---
[INFO] Using 'UTF-8' encoding to copy filtered resources.
[INFO] skip non existing resourceDirectory /tmp/DynaMoth_Bugs.jar_Flink_32a003d5/stratosphere-scala/src/test/resources
[INFO] 
[INFO] --- scala-maven-plugin:3.1.4:testCompile (scala-test-compile) @ stratosphere-scala ---
[WARNING]  Expected all dependencies to require Scala version: 2.10.3
[WARNING]  org.scala-lang:scala-reflect:2.10.3 requires scala version: 2.10.3
[WARNING]  eu.stratosphere:stratosphere-scala:0.6-SNAPSHOT requires scala version: 2.10.3
[WARNING]  eu.stratosphere:stratosphere-scala:0.6-SNAPSHOT requires scala version: 2.10.3
[WARNING]  org.scala-lang:scala-compiler:2.10.3 requires scala version: 2.10.3
[WARNING]  org.scalatest:scalatest_2.10:2.2.0 requires scala version: 2.10.4
[WARNING] Multiple versions of scala libraries detected!
[INFO] /tmp/DynaMoth_Bugs.jar_Flink_32a003d5/stratosphere-scala/src/test/scala:-1: info: compiling
[INFO] Compiling 1 source files to /tmp/DynaMoth_Bugs.jar_Flink_32a003d5/stratosphere-scala/target/test-classes at 1566419434909
[INFO] Picked up JAVA_TOOL_OPTIONS: -XX:CICompilerCount=2 -XX:ParallelGCThreads=2 -XX:ConcGCThreads=2 -Djdk.net.URLClassPath.disableClassPathURLCheck=true -XX:CICompilerCount=2 -XX:ParallelGCThreads=2 -XX:ConcGCThreads=2 -Djdk.net.URLClassPath.disableClassPathURLCheck=true 
[INFO] Picked up _JAVA_OPTIONS: -Djdk.net.URLClassPath.disableClassPathURLCheck=true
[INFO] prepare-compile in 0 s
[INFO] compile in 4 s
[INFO] 
[INFO] --- maven-compiler-plugin:3.1:testCompile (default-testCompile) @ stratosphere-scala ---
[INFO] Nothing to compile - all classes are up to date
[INFO] 
[INFO] --- maven-surefire-plugin:2.16:test (default-test) @ stratosphere-scala ---
[INFO] Tests are skipped.
[INFO] 
[INFO] --- maven-jar-plugin:2.4:jar (default-jar) @ stratosphere-scala ---
[INFO] Building jar: /tmp/DynaMoth_Bugs.jar_Flink_32a003d5/stratosphere-scala/target/stratosphere-scala-0.6-SNAPSHOT.jar
[INFO] 
[INFO] --- maven-javadoc-plugin:2.9.1:jar (attach-javadocs) @ stratosphere-scala ---
[WARNING] Javadoc Warnings
[WARNING] Picked up JAVA_TOOL_OPTIONS: -XX:CICompilerCount=2 -XX:ParallelGCThreads=2 -XX:ConcGCThreads=2 -Djdk.net.URLClassPath.disableClassPathURLCheck=true
[WARNING] Picked up _JAVA_OPTIONS: -Djdk.net.URLClassPath.disableClassPathURLCheck=true
[INFO] Building jar: /tmp/DynaMoth_Bugs.jar_Flink_32a003d5/stratosphere-scala/target/stratosphere-scala-0.6-SNAPSHOT-javadoc.jar
[INFO] 
[INFO] >>> maven-source-plugin:2.2.1:jar (attach-sources) > generate-sources @ stratosphere-scala >>>
[INFO] 
[INFO] --- maven-checkstyle-plugin:2.12.1:check (validate) @ stratosphere-scala ---
[INFO] 
[INFO] --- maven-enforcer-plugin:1.3.1:enforce (enforce-maven) @ stratosphere-scala ---
[INFO] Skipping Rule Enforcement.
[INFO] 
[INFO] --- build-helper-maven-plugin:1.7:add-source (add-source) @ stratosphere-scala ---
[INFO] Source directory: /tmp/DynaMoth_Bugs.jar_Flink_32a003d5/stratosphere-scala/src/main/scala added.
[INFO] 
[INFO] <<< maven-source-plugin:2.2.1:jar (attach-sources) < generate-sources @ stratosphere-scala <<<
[INFO] 
[INFO] 
[INFO] --- maven-source-plugin:2.2.1:jar (attach-sources) @ stratosphere-scala ---
[INFO] Building jar: /tmp/DynaMoth_Bugs.jar_Flink_32a003d5/stratosphere-scala/target/stratosphere-scala-0.6-SNAPSHOT-sources.jar
[INFO] 
[INFO] --- maven-failsafe-plugin:2.6:integration-test (default) @ stratosphere-scala ---
[INFO] Tests are skipped.
[INFO] 
[INFO] --- apache-rat-plugin:0.10:check (default) @ stratosphere-scala ---
[INFO] 51 implicit excludes (use -debug for more details).
[INFO] Exclude: **/.*
[INFO] Exclude: **/*.prefs
[INFO] Exclude: **/resources/**
[INFO] Exclude: **/stratosphere-bin/conf/slaves
[INFO] Exclude: **/README.md
[INFO] Exclude: tools/checkstyle.xml
[INFO] Exclude: CHANGELOG
[INFO] Exclude: **/*.creole
[INFO] Exclude: CONTRIBUTORS
[INFO] Exclude: tools/maven/checkstyle.xml
[INFO] Exclude: tools/maven/suppressions.xml
[INFO] Exclude: **/pom.xml
[INFO] Exclude: **/pom.hadoop2.xml
[INFO] Exclude: **/*.iml
[INFO] Exclude: **/target/**
[INFO] Exclude: **/docs/**
[INFO] 52 resources included (use -debug for more details)
[INFO] Rat check: Summary of files. Unapproved: 0 unknown: 0 generated: 0 approved: 52 licence.
[INFO] 
[INFO] --- maven-failsafe-plugin:2.6:verify (default) @ stratosphere-scala ---
[INFO] Tests are skipped.
[INFO] 
[INFO] --- maven-install-plugin:2.4:install (default-install) @ stratosphere-scala ---
[INFO] Installing /tmp/DynaMoth_Bugs.jar_Flink_32a003d5/stratosphere-scala/target/stratosphere-scala-0.6-SNAPSHOT.jar to /tmp/DynaMoth_Bugs.jar_Flink_32a003d5/.m2/eu/stratosphere/stratosphere-scala/0.6-SNAPSHOT/stratosphere-scala-0.6-SNAPSHOT.jar
[INFO] 
[INFO] ------------------------------------------------------------------------
[INFO] Building stratosphere-clients 0.6-SNAPSHOT
[INFO] ------------------------------------------------------------------------
[INFO] 
[INFO] --- maven-checkstyle-plugin:2.12.1:check (validate) @ stratosphere-clients ---
[INFO] 
[INFO] --- maven-enforcer-plugin:1.3.1:enforce (enforce-maven) @ stratosphere-clients ---
[INFO] Skipping Rule Enforcement.
[INFO] 
[INFO] --- maven-resources-plugin:2.6:resources (default-resources) @ stratosphere-clients ---
[INFO] Using 'UTF-8' encoding to copy filtered resources.
[INFO] skip non existing resourceDirectory /tmp/DynaMoth_Bugs.jar_Flink_32a003d5/stratosphere-clients/src/main/resources
[INFO] 
[INFO] --- maven-compiler-plugin:3.1:compile (default-compile) @ stratosphere-clients ---
[INFO] Changes detected - recompiling the module!
[INFO] Compiling 17 source files to /tmp/DynaMoth_Bugs.jar_Flink_32a003d5/stratosphere-clients/target/classes
[INFO] 
[INFO] --- maven-resources-plugin:2.6:testResources (default-testResources) @ stratosphere-clients ---
[INFO] Using 'UTF-8' encoding to copy filtered resources.
[INFO] Copying 6 resources
[INFO] 
[INFO] --- maven-compiler-plugin:3.1:testCompile (default-testCompile) @ stratosphere-clients ---
[INFO] Changes detected - recompiling the module!
[INFO] Compiling 10 source files to /tmp/DynaMoth_Bugs.jar_Flink_32a003d5/stratosphere-clients/target/test-classes
[INFO] 
[INFO] --- maven-assembly-plugin:2.4:single (create-test-dependency) @ stratosphere-clients ---
[INFO] Downloading: https://repo.maven.apache.org/maven2/org/apache/maven/shared/file-management/1.1/file-management-1.1.pom
[INFO] Downloaded: https://repo.maven.apache.org/maven2/org/apache/maven/shared/file-management/1.1/file-management-1.1.pom (2.7 kB at 60 kB/s)
[INFO] Downloading: https://repo.maven.apache.org/maven2/org/apache/maven/shared/maven-shared-components/4/maven-shared-components-4.pom
[INFO] Downloaded: https://repo.maven.apache.org/maven2/org/apache/maven/shared/maven-shared-components/4/maven-shared-components-4.pom (2.2 kB at 130 kB/s)
[INFO] Downloading: https://repo.maven.apache.org/maven2/org/apache/maven/maven-parent/4/maven-parent-4.pom
[INFO] Downloaded: https://repo.maven.apache.org/maven2/org/apache/maven/maven-parent/4/maven-parent-4.pom (10.0 kB at 278 kB/s)
[INFO] Downloading: https://repo.maven.apache.org/maven2/org/apache/maven/shared/maven-shared-io/1.0/maven-shared-io-1.0.pom
[INFO] Downloaded: https://repo.maven.apache.org/maven2/org/apache/maven/shared/maven-shared-io/1.0/maven-shared-io-1.0.pom (3.0 kB at 168 kB/s)
[INFO] Downloading: https://repo.maven.apache.org/maven2/org/apache/maven/shared/maven-repository-builder/1.0-alpha-2/maven-repository-builder-1.0-alpha-2.pom
[INFO] Downloaded: https://repo.maven.apache.org/maven2/org/apache/maven/shared/maven-repository-builder/1.0-alpha-2/maven-repository-builder-1.0-alpha-2.pom (3.2 kB at 231 kB/s)
[INFO] Downloading: https://repo.maven.apache.org/maven2/org/apache/maven/maven-artifact/2.0.4/maven-artifact-2.0.4.pom
[INFO] Downloaded: https://repo.maven.apache.org/maven2/org/apache/maven/maven-artifact/2.0.4/maven-artifact-2.0.4.pom (765 B at 96 kB/s)
[INFO] Downloading: https://repo.maven.apache.org/maven2/org/apache/maven/maven/2.0.4/maven-2.0.4.pom
[INFO] Downloaded: https://repo.maven.apache.org/maven2/org/apache/maven/maven/2.0.4/maven-2.0.4.pom (12 kB at 1.1 MB/s)
[INFO] Downloading: https://repo.maven.apache.org/maven2/org/apache/maven/maven-artifact-manager/2.0.4/maven-artifact-manager-2.0.4.pom
[INFO] Downloaded: https://repo.maven.apache.org/maven2/org/apache/maven/maven-artifact-manager/2.0.4/maven-artifact-manager-2.0.4.pom (1.4 kB at 113 kB/s)
[INFO] Downloading: https://repo.maven.apache.org/maven2/org/apache/maven/maven-repository-metadata/2.0.4/maven-repository-metadata-2.0.4.pom
[INFO] Downloaded: https://repo.maven.apache.org/maven2/org/apache/maven/maven-repository-metadata/2.0.4/maven-repository-metadata-2.0.4.pom (1.5 kB at 149 kB/s)
[INFO] Downloading: https://repo.maven.apache.org/maven2/org/apache/maven/maven-project/2.0.4/maven-project-2.0.4.pom
[INFO] Downloaded: https://repo.maven.apache.org/maven2/org/apache/maven/maven-project/2.0.4/maven-project-2.0.4.pom (1.8 kB at 108 kB/s)
[INFO] Downloading: https://repo.maven.apache.org/maven2/org/apache/maven/maven-settings/2.0.4/maven-settings-2.0.4.pom
[INFO] Downloaded: https://repo.maven.apache.org/maven2/org/apache/maven/maven-settings/2.0.4/maven-settings-2.0.4.pom (1.6 kB at 163 kB/s)
[INFO] Downloading: https://repo.maven.apache.org/maven2/org/apache/maven/maven-model/2.0.4/maven-model-2.0.4.pom
[INFO] Downloaded: https://repo.maven.apache.org/maven2/org/apache/maven/maven-model/2.0.4/maven-model-2.0.4.pom (2.7 kB at 159 kB/s)
[INFO] Downloading: https://repo.maven.apache.org/maven2/org/apache/maven/maven-profile/2.0.4/maven-profile-2.0.4.pom
[INFO] Downloaded: https://repo.maven.apache.org/maven2/org/apache/maven/maven-profile/2.0.4/maven-profile-2.0.4.pom (1.6 kB at 162 kB/s)
[INFO] Downloading: https://repo.maven.apache.org/maven2/org/apache/maven/shared/maven-common-artifact-filters/1.0-alpha-1/maven-common-artifact-filters-1.0-alpha-1.pom
[INFO] Downloaded: https://repo.maven.apache.org/maven2/org/apache/maven/shared/maven-common-artifact-filters/1.0-alpha-1/maven-common-artifact-filters-1.0-alpha-1.pom (1.8 kB at 129 kB/s)
[INFO] Downloading: https://repo.maven.apache.org/maven2/org/apache/maven/shared/maven-shared-components/6/maven-shared-components-6.pom
[INFO] Downloaded: https://repo.maven.apache.org/maven2/org/apache/maven/shared/maven-shared-components/6/maven-shared-components-6.pom (3.1 kB at 135 kB/s)
[INFO] Downloading: https://repo.maven.apache.org/maven2/org/apache/maven/doxia/doxia-sink-api/1.1/doxia-sink-api-1.1.jar
[INFO] Downloading: https://repo.maven.apache.org/maven2/org/apache/maven/doxia/doxia-logging-api/1.1/doxia-logging-api-1.1.jar
[INFO] Downloaded: https://repo.maven.apache.org/maven2/org/apache/maven/doxia/doxia-logging-api/1.1/doxia-logging-api-1.1.jar (11 kB at 38 kB/s)
[INFO] Downloaded: https://repo.maven.apache.org/maven2/org/apache/maven/doxia/doxia-sink-api/1.1/doxia-sink-api-1.1.jar (13 kB at 41 kB/s)
[INFO] Reading assembly descriptor: src/main/assembly/test-assembly.xml
[INFO] Building jar: /tmp/DynaMoth_Bugs.jar_Flink_32a003d5/stratosphere-clients/target/maven-test-jar.jar
[INFO] 
[INFO] --- maven-surefire-plugin:2.16:test (default-test) @ stratosphere-clients ---
[INFO] Tests are skipped.
[INFO] 
[INFO] --- maven-jar-plugin:2.4:jar (default-jar) @ stratosphere-clients ---
[INFO] Building jar: /tmp/DynaMoth_Bugs.jar_Flink_32a003d5/stratosphere-clients/target/stratosphere-clients-0.6-SNAPSHOT.jar
[INFO] 
[INFO] --- maven-javadoc-plugin:2.9.1:jar (attach-javadocs) @ stratosphere-clients ---
[INFO] 
3 warnings
[WARNING] Javadoc Warnings
[WARNING] Picked up JAVA_TOOL_OPTIONS: -XX:CICompilerCount=2 -XX:ParallelGCThreads=2 -XX:ConcGCThreads=2 -Djdk.net.URLClassPath.disableClassPathURLCheck=true
[WARNING] Picked up _JAVA_OPTIONS: -Djdk.net.URLClassPath.disableClassPathURLCheck=true
[WARNING] /tmp/DynaMoth_Bugs.jar_Flink_32a003d5/stratosphere-clients/src/main/java/eu/stratosphere/client/LocalExecutor.java:330: warning - @return tag has no arguments.
[WARNING] /tmp/DynaMoth_Bugs.jar_Flink_32a003d5/stratosphere-clients/src/main/java/eu/stratosphere/client/LocalExecutor.java:294: warning - @param argument "pa" is not a parameter name.
[WARNING] /tmp/DynaMoth_Bugs.jar_Flink_32a003d5/stratosphere-clients/src/main/java/eu/stratosphere/client/program/PackagedProgram.java:115: warning - @param argument "className" is not a parameter name.
[INFO] Building jar: /tmp/DynaMoth_Bugs.jar_Flink_32a003d5/stratosphere-clients/target/stratosphere-clients-0.6-SNAPSHOT-javadoc.jar
[INFO] 
[INFO] >>> maven-source-plugin:2.2.1:jar (attach-sources) > generate-sources @ stratosphere-clients >>>
[INFO] 
[INFO] --- maven-checkstyle-plugin:2.12.1:check (validate) @ stratosphere-clients ---
[INFO] 
[INFO] --- maven-enforcer-plugin:1.3.1:enforce (enforce-maven) @ stratosphere-clients ---
[INFO] Skipping Rule Enforcement.
[INFO] 
[INFO] <<< maven-source-plugin:2.2.1:jar (attach-sources) < generate-sources @ stratosphere-clients <<<
[INFO] 
[INFO] 
[INFO] --- maven-source-plugin:2.2.1:jar (attach-sources) @ stratosphere-clients ---
[INFO] Building jar: /tmp/DynaMoth_Bugs.jar_Flink_32a003d5/stratosphere-clients/target/stratosphere-clients-0.6-SNAPSHOT-sources.jar
[INFO] 
[INFO] --- maven-failsafe-plugin:2.6:integration-test (default) @ stratosphere-clients ---
[INFO] Tests are skipped.
[INFO] 
[INFO] --- apache-rat-plugin:0.10:check (default) @ stratosphere-clients ---
[INFO] 51 implicit excludes (use -debug for more details).
[INFO] Exclude: **/.*
[INFO] Exclude: **/*.prefs
[INFO] Exclude: **/resources/**
[INFO] Exclude: **/stratosphere-bin/conf/slaves
[INFO] Exclude: **/README.md
[INFO] Exclude: tools/checkstyle.xml
[INFO] Exclude: CHANGELOG
[INFO] Exclude: **/*.creole
[INFO] Exclude: CONTRIBUTORS
[INFO] Exclude: tools/maven/checkstyle.xml
[INFO] Exclude: tools/maven/suppressions.xml
[INFO] Exclude: **/pom.xml
[INFO] Exclude: **/pom.hadoop2.xml
[INFO] Exclude: **/*.iml
[INFO] Exclude: **/target/**
[INFO] Exclude: **/docs/**
[INFO] 28 resources included (use -debug for more details)
[INFO] Rat check: Summary of files. Unapproved: 0 unknown: 0 generated: 0 approved: 28 licence.
[INFO] 
[INFO] --- maven-failsafe-plugin:2.6:verify (default) @ stratosphere-clients ---
[INFO] Tests are skipped.
[INFO] 
[INFO] --- maven-install-plugin:2.4:install (default-install) @ stratosphere-clients ---
[INFO] Installing /tmp/DynaMoth_Bugs.jar_Flink_32a003d5/stratosphere-clients/target/stratosphere-clients-0.6-SNAPSHOT.jar to /tmp/DynaMoth_Bugs.jar_Flink_32a003d5/.m2/eu/stratosphere/stratosphere-clients/0.6-SNAPSHOT/stratosphere-clients-0.6-SNAPSHOT.jar
[INFO] 
[INFO] ------------------------------------------------------------------------
[INFO] Building stratosphere-examples 0.6-SNAPSHOT
[INFO] ------------------------------------------------------------------------
[INFO] 
[INFO] --- maven-checkstyle-plugin:2.12.1:check (validate) @ stratosphere-examples ---
[INFO] 
[INFO] --- maven-enforcer-plugin:1.3.1:enforce (enforce-maven) @ stratosphere-examples ---
[INFO] Skipping Rule Enforcement.
[INFO] 
[INFO] --- maven-javadoc-plugin:2.9.1:jar (attach-javadocs) @ stratosphere-examples ---
[INFO] Not executing Javadoc as the project is not a Java classpath-capable package
[INFO] 
[INFO] >>> maven-source-plugin:2.2.1:jar (attach-sources) > generate-sources @ stratosphere-examples >>>
[INFO] 
[INFO] --- maven-checkstyle-plugin:2.12.1:check (validate) @ stratosphere-examples ---
[INFO] 
[INFO] --- maven-enforcer-plugin:1.3.1:enforce (enforce-maven) @ stratosphere-examples ---
[INFO] Skipping Rule Enforcement.
[INFO] 
[INFO] <<< maven-source-plugin:2.2.1:jar (attach-sources) < generate-sources @ stratosphere-examples <<<
[INFO] 
[INFO] 
[INFO] --- maven-source-plugin:2.2.1:jar (attach-sources) @ stratosphere-examples ---
[INFO] 
[INFO] --- maven-failsafe-plugin:2.6:integration-test (default) @ stratosphere-examples ---
[INFO] Tests are skipped.
[INFO] 
[INFO] --- apache-rat-plugin:0.10:check (default) @ stratosphere-examples ---
[INFO] 51 implicit excludes (use -debug for more details).
[INFO] Exclude: **/.*
[INFO] Exclude: **/*.prefs
[INFO] Exclude: **/resources/**
[INFO] Exclude: **/stratosphere-bin/conf/slaves
[INFO] Exclude: **/README.md
[INFO] Exclude: tools/checkstyle.xml
[INFO] Exclude: CHANGELOG
[INFO] Exclude: **/*.creole
[INFO] Exclude: CONTRIBUTORS
[INFO] Exclude: tools/maven/checkstyle.xml
[INFO] Exclude: tools/maven/suppressions.xml
[INFO] Exclude: **/pom.xml
[INFO] Exclude: **/pom.hadoop2.xml
[INFO] Exclude: **/*.iml
[INFO] Exclude: **/target/**
[INFO] Exclude: **/docs/**
[INFO] 42 resources included (use -debug for more details)
[INFO] Rat check: Summary of files. Unapproved: 0 unknown: 0 generated: 0 approved: 42 licence.
[INFO] 
[INFO] --- maven-failsafe-plugin:2.6:verify (default) @ stratosphere-examples ---
[INFO] Tests are skipped.
[INFO] 
[INFO] --- maven-install-plugin:2.4:install (default-install) @ stratosphere-examples ---
[INFO] Installing /tmp/DynaMoth_Bugs.jar_Flink_32a003d5/stratosphere-examples/pom.xml to /tmp/DynaMoth_Bugs.jar_Flink_32a003d5/.m2/eu/stratosphere/stratosphere-examples/0.6-SNAPSHOT/stratosphere-examples-0.6-SNAPSHOT.pom
[INFO] 
[INFO] ------------------------------------------------------------------------
[INFO] Building stratosphere-java-examples 0.6-SNAPSHOT
[INFO] ------------------------------------------------------------------------
[INFO] 
[INFO] --- maven-checkstyle-plugin:2.12.1:check (validate) @ stratosphere-java-examples ---
[INFO] 
[INFO] --- maven-enforcer-plugin:1.3.1:enforce (enforce-maven) @ stratosphere-java-examples ---
[INFO] Skipping Rule Enforcement.
[INFO] 
[INFO] --- maven-resources-plugin:2.6:resources (default-resources) @ stratosphere-java-examples ---
[INFO] Using 'UTF-8' encoding to copy filtered resources.
[INFO] skip non existing resourceDirectory /tmp/DynaMoth_Bugs.jar_Flink_32a003d5/stratosphere-examples/stratosphere-java-examples/src/main/resources
[INFO] 
[INFO] --- maven-compiler-plugin:3.1:compile (default-compile) @ stratosphere-java-examples ---
[INFO] Changes detected - recompiling the module!
[INFO] Compiling 24 source files to /tmp/DynaMoth_Bugs.jar_Flink_32a003d5/stratosphere-examples/stratosphere-java-examples/target/classes
[INFO] 
[INFO] --- maven-resources-plugin:2.6:testResources (default-testResources) @ stratosphere-java-examples ---
[INFO] Using 'UTF-8' encoding to copy filtered resources.
[INFO] skip non existing resourceDirectory /tmp/DynaMoth_Bugs.jar_Flink_32a003d5/stratosphere-examples/stratosphere-java-examples/src/test/resources
[INFO] 
[INFO] --- maven-compiler-plugin:3.1:testCompile (default-testCompile) @ stratosphere-java-examples ---
[INFO] No sources to compile
[INFO] 
[INFO] --- maven-surefire-plugin:2.16:test (default-test) @ stratosphere-java-examples ---
[INFO] Tests are skipped.
[INFO] 
[INFO] --- maven-jar-plugin:2.4:jar (default-jar) @ stratosphere-java-examples ---
[INFO] Building jar: /tmp/DynaMoth_Bugs.jar_Flink_32a003d5/stratosphere-examples/stratosphere-java-examples/target/stratosphere-java-examples-0.6-SNAPSHOT.jar
[INFO] 
[INFO] --- maven-jar-plugin:2.4:jar (KMeans) @ stratosphere-java-examples ---
[INFO] Building jar: /tmp/DynaMoth_Bugs.jar_Flink_32a003d5/stratosphere-examples/stratosphere-java-examples/target/stratosphere-java-examples-0.6-SNAPSHOT-KMeans.jar
[INFO] 
[INFO] --- maven-jar-plugin:2.4:jar (TransitiveClosure) @ stratosphere-java-examples ---
[INFO] Building jar: /tmp/DynaMoth_Bugs.jar_Flink_32a003d5/stratosphere-examples/stratosphere-java-examples/target/stratosphere-java-examples-0.6-SNAPSHOT-TransitiveClosure.jar
[INFO] 
[INFO] --- maven-jar-plugin:2.4:jar (ConnectedComponents) @ stratosphere-java-examples ---
[INFO] Building jar: /tmp/DynaMoth_Bugs.jar_Flink_32a003d5/stratosphere-examples/stratosphere-java-examples/target/stratosphere-java-examples-0.6-SNAPSHOT-ConnectedComponents.jar
[INFO] 
[INFO] --- maven-jar-plugin:2.4:jar (EnumTrianglesBasic) @ stratosphere-java-examples ---
[INFO] Building jar: /tmp/DynaMoth_Bugs.jar_Flink_32a003d5/stratosphere-examples/stratosphere-java-examples/target/stratosphere-java-examples-0.6-SNAPSHOT-EnumTrianglesBasic.jar
[INFO] 
[INFO] --- maven-jar-plugin:2.4:jar (EnumTrianglesOpt) @ stratosphere-java-examples ---
[INFO] Building jar: /tmp/DynaMoth_Bugs.jar_Flink_32a003d5/stratosphere-examples/stratosphere-java-examples/target/stratosphere-java-examples-0.6-SNAPSHOT-EnumTrianglesOpt.jar
[INFO] 
[INFO] --- maven-jar-plugin:2.4:jar (PageRankBasic) @ stratosphere-java-examples ---
[INFO] Building jar: /tmp/DynaMoth_Bugs.jar_Flink_32a003d5/stratosphere-examples/stratosphere-java-examples/target/stratosphere-java-examples-0.6-SNAPSHOT-PageRankBasic.jar
[INFO] 
[INFO] --- maven-jar-plugin:2.4:jar (TPCHQuery10) @ stratosphere-java-examples ---
[INFO] Building jar: /tmp/DynaMoth_Bugs.jar_Flink_32a003d5/stratosphere-examples/stratosphere-java-examples/target/stratosphere-java-examples-0.6-SNAPSHOT-TPCHQuery10.jar
[INFO] 
[INFO] --- maven-jar-plugin:2.4:jar (TPCHQuery3) @ stratosphere-java-examples ---
[INFO] Building jar: /tmp/DynaMoth_Bugs.jar_Flink_32a003d5/stratosphere-examples/stratosphere-java-examples/target/stratosphere-java-examples-0.6-SNAPSHOT-TPCHQuery3.jar
[INFO] 
[INFO] --- maven-jar-plugin:2.4:jar (WebLogAnalysis) @ stratosphere-java-examples ---
[INFO] Building jar: /tmp/DynaMoth_Bugs.jar_Flink_32a003d5/stratosphere-examples/stratosphere-java-examples/target/stratosphere-java-examples-0.6-SNAPSHOT-WebLogAnalysis.jar
[INFO] 
[INFO] --- maven-jar-plugin:2.4:jar (WordCount) @ stratosphere-java-examples ---
[INFO] Building jar: /tmp/DynaMoth_Bugs.jar_Flink_32a003d5/stratosphere-examples/stratosphere-java-examples/target/stratosphere-java-examples-0.6-SNAPSHOT-WordCount.jar
[INFO] 
[INFO] --- maven-jar-plugin:2.4:jar (WordCountPOJO) @ stratosphere-java-examples ---
[INFO] Building jar: /tmp/DynaMoth_Bugs.jar_Flink_32a003d5/stratosphere-examples/stratosphere-java-examples/target/stratosphere-java-examples-0.6-SNAPSHOT-WordCountPOJO.jar
[INFO] 
[INFO] --- maven-javadoc-plugin:2.9.1:jar (attach-javadocs) @ stratosphere-java-examples ---
[INFO] 
6 warnings
[WARNING] Javadoc Warnings
[WARNING] Picked up JAVA_TOOL_OPTIONS: -XX:CICompilerCount=2 -XX:ParallelGCThreads=2 -XX:ConcGCThreads=2 -Djdk.net.URLClassPath.disableClassPathURLCheck=true
[WARNING] Picked up _JAVA_OPTIONS: -Djdk.net.URLClassPath.disableClassPathURLCheck=true
[WARNING] /tmp/DynaMoth_Bugs.jar_Flink_32a003d5/stratosphere-examples/stratosphere-java-examples/src/main/java/eu/stratosphere/example/java/ml/util/LinearRegressionDataGenerator.java:27: warning - Tag @link: reference not found: LinearRegression
[WARNING] /tmp/DynaMoth_Bugs.jar_Flink_32a003d5/stratosphere-examples/stratosphere-java-examples/src/main/java/eu/stratosphere/example/java/ml/util/LinearRegressionDataGenerator.java:53: warning - Tag @link: reference not found: LinearRegression
[WARNING] /tmp/DynaMoth_Bugs.jar_Flink_32a003d5/stratosphere-examples/stratosphere-java-examples/src/main/java/eu/stratosphere/example/java/ml/util/LinearRegressionDataGenerator.java:53: warning - Tag @link: reference not found: LinearRegression
[WARNING] /tmp/DynaMoth_Bugs.jar_Flink_32a003d5/stratosphere-examples/stratosphere-java-examples/src/main/java/eu/stratosphere/example/java/ml/util/LinearRegressionDataGenerator.java:27: warning - Tag @link: reference not found: LinearRegression
[WARNING] /tmp/DynaMoth_Bugs.jar_Flink_32a003d5/stratosphere-examples/stratosphere-java-examples/src/main/java/eu/stratosphere/example/java/ml/util/LinearRegressionDataGenerator.java:27: warning - Tag @link: reference not found: LinearRegression
[WARNING] /tmp/DynaMoth_Bugs.jar_Flink_32a003d5/stratosphere-examples/stratosphere-java-examples/src/main/java/eu/stratosphere/example/java/ml/util/LinearRegressionDataGenerator.java:53: warning - Tag @link: reference not found: LinearRegression
[INFO] Building jar: /tmp/DynaMoth_Bugs.jar_Flink_32a003d5/stratosphere-examples/stratosphere-java-examples/target/stratosphere-java-examples-0.6-SNAPSHOT-javadoc.jar
[INFO] 
[INFO] >>> maven-source-plugin:2.2.1:jar (attach-sources) > generate-sources @ stratosphere-java-examples >>>
[INFO] 
[INFO] --- maven-checkstyle-plugin:2.12.1:check (validate) @ stratosphere-java-examples ---
[INFO] 
[INFO] --- maven-enforcer-plugin:1.3.1:enforce (enforce-maven) @ stratosphere-java-examples ---
[INFO] Skipping Rule Enforcement.
[INFO] 
[INFO] <<< maven-source-plugin:2.2.1:jar (attach-sources) < generate-sources @ stratosphere-java-examples <<<
[INFO] 
[INFO] 
[INFO] --- maven-source-plugin:2.2.1:jar (attach-sources) @ stratosphere-java-examples ---
[INFO] Building jar: /tmp/DynaMoth_Bugs.jar_Flink_32a003d5/stratosphere-examples/stratosphere-java-examples/target/stratosphere-java-examples-0.6-SNAPSHOT-sources.jar
[INFO] 
[INFO] --- maven-failsafe-plugin:2.6:integration-test (default) @ stratosphere-java-examples ---
[INFO] Tests are skipped.
[INFO] 
[INFO] --- apache-rat-plugin:0.10:check (default) @ stratosphere-java-examples ---
[INFO] 51 implicit excludes (use -debug for more details).
[INFO] Exclude: **/.*
[INFO] Exclude: **/*.prefs
[INFO] Exclude: **/resources/**
[INFO] Exclude: **/stratosphere-bin/conf/slaves
[INFO] Exclude: **/README.md
[INFO] Exclude: tools/checkstyle.xml
[INFO] Exclude: CHANGELOG
[INFO] Exclude: **/*.creole
[INFO] Exclude: CONTRIBUTORS
[INFO] Exclude: tools/maven/checkstyle.xml
[INFO] Exclude: tools/maven/suppressions.xml
[INFO] Exclude: **/pom.xml
[INFO] Exclude: **/pom.hadoop2.xml
[INFO] Exclude: **/*.iml
[INFO] Exclude: **/target/**
[INFO] Exclude: **/docs/**
[INFO] 24 resources included (use -debug for more details)
[INFO] Rat check: Summary of files. Unapproved: 0 unknown: 0 generated: 0 approved: 24 licence.
[INFO] 
[INFO] --- maven-failsafe-plugin:2.6:verify (default) @ stratosphere-java-examples ---
[INFO] Tests are skipped.
[INFO] 
[INFO] --- maven-install-plugin:2.4:install (default-install) @ stratosphere-java-examples ---
[INFO] Installing /tmp/DynaMoth_Bugs.jar_Flink_32a003d5/stratosphere-examples/stratosphere-java-examples/target/stratosphere-java-examples-0.6-SNAPSHOT.jar to /tmp/DynaMoth_Bugs.jar_Flink_32a003d5/.m2/eu/stratosphere/stratosphere-java-examples/0.6-SNAPSHOT/stratosphere-java-examples-0.6-SNAPSHOT.jar
[INFO] 
[INFO] ------------------------------------------------------------------------
[INFO] Building stratosphere-scala-examples 0.6-SNAPSHOT
[INFO] ------------------------------------------------------------------------
[INFO] 
[INFO] --- maven-checkstyle-plugin:2.12.1:check (validate) @ stratosphere-scala-examples ---
[INFO] 
[INFO] --- maven-enforcer-plugin:1.3.1:enforce (enforce-maven) @ stratosphere-scala-examples ---
[INFO] Skipping Rule Enforcement.
[INFO] 
[INFO] --- build-helper-maven-plugin:1.7:add-source (add-source) @ stratosphere-scala-examples ---
[INFO] Source directory: /tmp/DynaMoth_Bugs.jar_Flink_32a003d5/stratosphere-examples/stratosphere-scala-examples/src/main/scala added.
[INFO] 
[INFO] --- maven-resources-plugin:2.6:resources (default-resources) @ stratosphere-scala-examples ---
[INFO] Using 'UTF-8' encoding to copy filtered resources.
[INFO] skip non existing resourceDirectory /tmp/DynaMoth_Bugs.jar_Flink_32a003d5/stratosphere-examples/stratosphere-scala-examples/src/main/resources
[INFO] 
[INFO] --- scala-maven-plugin:3.1.4:compile (scala-compile-first) @ stratosphere-scala-examples ---
[WARNING]  Expected all dependencies to require Scala version: 2.10.3
[WARNING]  org.scala-lang:scala-reflect:2.10.3 requires scala version: 2.10.3
[WARNING]  eu.stratosphere:stratosphere-scala:0.6-SNAPSHOT requires scala version: 2.10.3
[WARNING]  eu.stratosphere:stratosphere-scala:0.6-SNAPSHOT requires scala version: 2.10.3
[WARNING]  org.scala-lang:scala-compiler:2.10.3 requires scala version: 2.10.3
[WARNING]  org.scalatest:scalatest_2.10:2.2.0 requires scala version: 2.10.4
[WARNING] Multiple versions of scala libraries detected!
[INFO] /tmp/DynaMoth_Bugs.jar_Flink_32a003d5/stratosphere-examples/stratosphere-scala-examples/src/main/java:-1: info: compiling
[INFO] /tmp/DynaMoth_Bugs.jar_Flink_32a003d5/stratosphere-examples/stratosphere-scala-examples/src/main/scala:-1: info: compiling
[INFO] Compiling 18 source files to /tmp/DynaMoth_Bugs.jar_Flink_32a003d5/stratosphere-examples/stratosphere-scala-examples/target/classes at 1566419451635
[INFO] Picked up JAVA_TOOL_OPTIONS: -XX:CICompilerCount=2 -XX:ParallelGCThreads=2 -XX:ConcGCThreads=2 -Djdk.net.URLClassPath.disableClassPathURLCheck=true -XX:CICompilerCount=2 -XX:ParallelGCThreads=2 -XX:ConcGCThreads=2 -Djdk.net.URLClassPath.disableClassPathURLCheck=true 
[INFO] Picked up _JAVA_OPTIONS: -Djdk.net.URLClassPath.disableClassPathURLCheck=true
[WARNING] warning: there were 3 feature warning(s); re-run with -feature for details
[WARNING] one warning found
[INFO] prepare-compile in 0 s
[INFO] compile in 30 s
[INFO] 
[INFO] --- maven-compiler-plugin:3.1:compile (default-compile) @ stratosphere-scala-examples ---
[INFO] Changes detected - recompiling the module!
[INFO] Compiling 1 source file to /tmp/DynaMoth_Bugs.jar_Flink_32a003d5/stratosphere-examples/stratosphere-scala-examples/target/classes
[INFO] 
[INFO] --- build-helper-maven-plugin:1.7:add-test-source (add-test-source) @ stratosphere-scala-examples ---
[INFO] Test Source directory: /tmp/DynaMoth_Bugs.jar_Flink_32a003d5/stratosphere-examples/stratosphere-scala-examples/src/test/scala added.
[INFO] 
[INFO] --- maven-resources-plugin:2.6:testResources (default-testResources) @ stratosphere-scala-examples ---
[INFO] Using 'UTF-8' encoding to copy filtered resources.
[INFO] skip non existing resourceDirectory /tmp/DynaMoth_Bugs.jar_Flink_32a003d5/stratosphere-examples/stratosphere-scala-examples/src/test/resources
[INFO] 
[INFO] --- scala-maven-plugin:3.1.4:testCompile (scala-test-compile) @ stratosphere-scala-examples ---
[WARNING]  Expected all dependencies to require Scala version: 2.10.3
[WARNING]  org.scala-lang:scala-reflect:2.10.3 requires scala version: 2.10.3
[WARNING]  eu.stratosphere:stratosphere-scala:0.6-SNAPSHOT requires scala version: 2.10.3
[WARNING]  eu.stratosphere:stratosphere-scala:0.6-SNAPSHOT requires scala version: 2.10.3
[WARNING]  org.scala-lang:scala-compiler:2.10.3 requires scala version: 2.10.3
[WARNING]  org.scalatest:scalatest_2.10:2.2.0 requires scala version: 2.10.4
[WARNING] Multiple versions of scala libraries detected!
[INFO] No sources to compile
[INFO] 
[INFO] --- maven-compiler-plugin:3.1:testCompile (default-testCompile) @ stratosphere-scala-examples ---
[INFO] No sources to compile
[INFO] 
[INFO] --- maven-surefire-plugin:2.16:test (default-test) @ stratosphere-scala-examples ---
[INFO] Tests are skipped.
[INFO] 
[INFO] --- maven-jar-plugin:2.4:jar (default-jar) @ stratosphere-scala-examples ---
[INFO] Building jar: /tmp/DynaMoth_Bugs.jar_Flink_32a003d5/stratosphere-examples/stratosphere-scala-examples/target/stratosphere-scala-examples-0.6-SNAPSHOT.jar
[INFO] 
[INFO] --- maven-jar-plugin:2.4:jar (KMeans) @ stratosphere-scala-examples ---
[INFO] Building jar: /tmp/DynaMoth_Bugs.jar_Flink_32a003d5/stratosphere-examples/stratosphere-scala-examples/target/stratosphere-scala-examples-0.6-SNAPSHOT-KMeans.jar
[INFO] 
[INFO] --- maven-jar-plugin:2.4:jar (ComputeEdgeDegrees) @ stratosphere-scala-examples ---
[INFO] Building jar: /tmp/DynaMoth_Bugs.jar_Flink_32a003d5/stratosphere-examples/stratosphere-scala-examples/target/stratosphere-scala-examples-0.6-SNAPSHOT-ComputeEdgeDegrees.jar
[INFO] 
[INFO] --- maven-jar-plugin:2.4:jar (EnumTrianglesOnEdgesWithDegrees) @ stratosphere-scala-examples ---
[INFO] Building jar: /tmp/DynaMoth_Bugs.jar_Flink_32a003d5/stratosphere-examples/stratosphere-scala-examples/target/stratosphere-scala-examples-0.6-SNAPSHOT-EnumTrianglesOnEdgesWithDegrees.jar
[INFO] 
[INFO] --- maven-jar-plugin:2.4:jar (TPCHQuery3) @ stratosphere-scala-examples ---
[INFO] Building jar: /tmp/DynaMoth_Bugs.jar_Flink_32a003d5/stratosphere-examples/stratosphere-scala-examples/target/stratosphere-scala-examples-0.6-SNAPSHOT-TPCHQuery3.jar
[INFO] 
[INFO] --- maven-jar-plugin:2.4:jar (WordCount) @ stratosphere-scala-examples ---
[INFO] Building jar: /tmp/DynaMoth_Bugs.jar_Flink_32a003d5/stratosphere-examples/stratosphere-scala-examples/target/stratosphere-scala-examples-0.6-SNAPSHOT-WordCount.jar
[INFO] 
[INFO] --- maven-jar-plugin:2.4:jar (ConnectedComponents) @ stratosphere-scala-examples ---
[INFO] Building jar: /tmp/DynaMoth_Bugs.jar_Flink_32a003d5/stratosphere-examples/stratosphere-scala-examples/target/stratosphere-scala-examples-0.6-SNAPSHOT-ConnectedComponents.jar
[INFO] 
[INFO] --- maven-javadoc-plugin:2.9.1:jar (attach-javadocs) @ stratosphere-scala-examples ---
[WARNING] Javadoc Warnings
[WARNING] Picked up JAVA_TOOL_OPTIONS: -XX:CICompilerCount=2 -XX:ParallelGCThreads=2 -XX:ConcGCThreads=2 -Djdk.net.URLClassPath.disableClassPathURLCheck=true
[WARNING] Picked up _JAVA_OPTIONS: -Djdk.net.URLClassPath.disableClassPathURLCheck=true
[INFO] Building jar: /tmp/DynaMoth_Bugs.jar_Flink_32a003d5/stratosphere-examples/stratosphere-scala-examples/target/stratosphere-scala-examples-0.6-SNAPSHOT-javadoc.jar
[INFO] 
[INFO] >>> maven-source-plugin:2.2.1:jar (attach-sources) > generate-sources @ stratosphere-scala-examples >>>
[INFO] 
[INFO] --- maven-checkstyle-plugin:2.12.1:check (validate) @ stratosphere-scala-examples ---
[INFO] 
[INFO] --- maven-enforcer-plugin:1.3.1:enforce (enforce-maven) @ stratosphere-scala-examples ---
[INFO] Skipping Rule Enforcement.
[INFO] 
[INFO] --- build-helper-maven-plugin:1.7:add-source (add-source) @ stratosphere-scala-examples ---
[INFO] Source directory: /tmp/DynaMoth_Bugs.jar_Flink_32a003d5/stratosphere-examples/stratosphere-scala-examples/src/main/scala added.
[INFO] 
[INFO] <<< maven-source-plugin:2.2.1:jar (attach-sources) < generate-sources @ stratosphere-scala-examples <<<
[INFO] 
[INFO] 
[INFO] --- maven-source-plugin:2.2.1:jar (attach-sources) @ stratosphere-scala-examples ---
[INFO] Building jar: /tmp/DynaMoth_Bugs.jar_Flink_32a003d5/stratosphere-examples/stratosphere-scala-examples/target/stratosphere-scala-examples-0.6-SNAPSHOT-sources.jar
[INFO] 
[INFO] --- maven-failsafe-plugin:2.6:integration-test (default) @ stratosphere-scala-examples ---
[INFO] Tests are skipped.
[INFO] 
[INFO] --- apache-rat-plugin:0.10:check (default) @ stratosphere-scala-examples ---
[INFO] 51 implicit excludes (use -debug for more details).
[INFO] Exclude: **/.*
[INFO] Exclude: **/*.prefs
[INFO] Exclude: **/resources/**
[INFO] Exclude: **/stratosphere-bin/conf/slaves
[INFO] Exclude: **/README.md
[INFO] Exclude: tools/checkstyle.xml
[INFO] Exclude: CHANGELOG
[INFO] Exclude: **/*.creole
[INFO] Exclude: CONTRIBUTORS
[INFO] Exclude: tools/maven/checkstyle.xml
[INFO] Exclude: tools/maven/suppressions.xml
[INFO] Exclude: **/pom.xml
[INFO] Exclude: **/pom.hadoop2.xml
[INFO] Exclude: **/*.iml
[INFO] Exclude: **/target/**
[INFO] Exclude: **/docs/**
[INFO] 18 resources included (use -debug for more details)
[INFO] Rat check: Summary of files. Unapproved: 0 unknown: 0 generated: 0 approved: 18 licence.
[INFO] 
[INFO] --- maven-failsafe-plugin:2.6:verify (default) @ stratosphere-scala-examples ---
[INFO] Tests are skipped.
[INFO] 
[INFO] --- maven-install-plugin:2.4:install (default-install) @ stratosphere-scala-examples ---
[INFO] Installing /tmp/DynaMoth_Bugs.jar_Flink_32a003d5/stratosphere-examples/stratosphere-scala-examples/target/stratosphere-scala-examples-0.6-SNAPSHOT.jar to /tmp/DynaMoth_Bugs.jar_Flink_32a003d5/.m2/eu/stratosphere/stratosphere-scala-examples/0.6-SNAPSHOT/stratosphere-scala-examples-0.6-SNAPSHOT.jar
[INFO] 
[INFO] ------------------------------------------------------------------------
[INFO] Building stratosphere-test-utils 0.6-SNAPSHOT
[INFO] ------------------------------------------------------------------------
[INFO] 
[INFO] --- maven-checkstyle-plugin:2.12.1:check (validate) @ stratosphere-test-utils ---
[INFO] 
[INFO] --- maven-enforcer-plugin:1.3.1:enforce (enforce-maven) @ stratosphere-test-utils ---
[INFO] Skipping Rule Enforcement.
[INFO] 
[INFO] --- maven-resources-plugin:2.6:resources (default-resources) @ stratosphere-test-utils ---
[INFO] Using 'UTF-8' encoding to copy filtered resources.
[INFO] skip non existing resourceDirectory /tmp/DynaMoth_Bugs.jar_Flink_32a003d5/stratosphere-test-utils/src/main/resources
[INFO] 
[INFO] --- maven-compiler-plugin:3.1:compile (default-compile) @ stratosphere-test-utils ---
[INFO] Changes detected - recompiling the module!
[INFO] Compiling 11 source files to /tmp/DynaMoth_Bugs.jar_Flink_32a003d5/stratosphere-test-utils/target/classes
[INFO] 
[INFO] --- maven-resources-plugin:2.6:testResources (default-testResources) @ stratosphere-test-utils ---
[INFO] Using 'UTF-8' encoding to copy filtered resources.
[INFO] skip non existing resourceDirectory /tmp/DynaMoth_Bugs.jar_Flink_32a003d5/stratosphere-test-utils/src/test/resources
[INFO] 
[INFO] --- maven-compiler-plugin:3.1:testCompile (default-testCompile) @ stratosphere-test-utils ---
[INFO] No sources to compile
[INFO] 
[INFO] --- maven-surefire-plugin:2.16:test (default-test) @ stratosphere-test-utils ---
[INFO] Tests are skipped.
[INFO] 
[INFO] --- maven-jar-plugin:2.4:jar (default-jar) @ stratosphere-test-utils ---
[INFO] Building jar: /tmp/DynaMoth_Bugs.jar_Flink_32a003d5/stratosphere-test-utils/target/stratosphere-test-utils-0.6-SNAPSHOT.jar
[INFO] 
[INFO] --- maven-javadoc-plugin:2.9.1:jar (attach-javadocs) @ stratosphere-test-utils ---
[INFO] 
1 warning
[WARNING] Javadoc Warnings
[WARNING] Picked up JAVA_TOOL_OPTIONS: -XX:CICompilerCount=2 -XX:ParallelGCThreads=2 -XX:ConcGCThreads=2 -Djdk.net.URLClassPath.disableClassPathURLCheck=true
[WARNING] Picked up _JAVA_OPTIONS: -Djdk.net.URLClassPath.disableClassPathURLCheck=true
[WARNING] /tmp/DynaMoth_Bugs.jar_Flink_32a003d5/stratosphere-test-utils/src/main/java/eu/stratosphere/test/testdata/ConnectedComponentsData.java:52: warning - @return tag has no arguments.
[INFO] Building jar: /tmp/DynaMoth_Bugs.jar_Flink_32a003d5/stratosphere-test-utils/target/stratosphere-test-utils-0.6-SNAPSHOT-javadoc.jar
[INFO] 
[INFO] >>> maven-source-plugin:2.2.1:jar (attach-sources) > generate-sources @ stratosphere-test-utils >>>
[INFO] 
[INFO] --- maven-checkstyle-plugin:2.12.1:check (validate) @ stratosphere-test-utils ---
[INFO] 
[INFO] --- maven-enforcer-plugin:1.3.1:enforce (enforce-maven) @ stratosphere-test-utils ---
[INFO] Skipping Rule Enforcement.
[INFO] 
[INFO] <<< maven-source-plugin:2.2.1:jar (attach-sources) < generate-sources @ stratosphere-test-utils <<<
[INFO] 
[INFO] 
[INFO] --- maven-source-plugin:2.2.1:jar (attach-sources) @ stratosphere-test-utils ---
[INFO] Building jar: /tmp/DynaMoth_Bugs.jar_Flink_32a003d5/stratosphere-test-utils/target/stratosphere-test-utils-0.6-SNAPSHOT-sources.jar
[INFO] 
[INFO] --- maven-failsafe-plugin:2.6:integration-test (default) @ stratosphere-test-utils ---
[INFO] Tests are skipped.
[INFO] 
[INFO] --- apache-rat-plugin:0.10:check (default) @ stratosphere-test-utils ---
[INFO] 51 implicit excludes (use -debug for more details).
[INFO] Exclude: **/.*
[INFO] Exclude: **/*.prefs
[INFO] Exclude: **/resources/**
[INFO] Exclude: **/stratosphere-bin/conf/slaves
[INFO] Exclude: **/README.md
[INFO] Exclude: tools/checkstyle.xml
[INFO] Exclude: CHANGELOG
[INFO] Exclude: **/*.creole
[INFO] Exclude: CONTRIBUTORS
[INFO] Exclude: tools/maven/checkstyle.xml
[INFO] Exclude: tools/maven/suppressions.xml
[INFO] Exclude: **/pom.xml
[INFO] Exclude: **/pom.hadoop2.xml
[INFO] Exclude: **/*.iml
[INFO] Exclude: **/target/**
[INFO] Exclude: **/docs/**
[INFO] 11 resources included (use -debug for more details)
[INFO] Rat check: Summary of files. Unapproved: 0 unknown: 0 generated: 0 approved: 11 licence.
[INFO] 
[INFO] --- maven-failsafe-plugin:2.6:verify (default) @ stratosphere-test-utils ---
[INFO] Tests are skipped.
[INFO] 
[INFO] --- maven-install-plugin:2.4:install (default-install) @ stratosphere-test-utils ---
[INFO] Installing /tmp/DynaMoth_Bugs.jar_Flink_32a003d5/stratosphere-test-utils/target/stratosphere-test-utils-0.6-SNAPSHOT.jar to /tmp/DynaMoth_Bugs.jar_Flink_32a003d5/.m2/eu/stratosphere/stratosphere-test-utils/0.6-SNAPSHOT/stratosphere-test-utils-0.6-SNAPSHOT.jar
[INFO] 
[INFO] ------------------------------------------------------------------------
[INFO] Building stratosphere-tests 0.6-SNAPSHOT
[INFO] ------------------------------------------------------------------------
[INFO] 
[INFO] --- maven-checkstyle-plugin:2.12.1:check (validate) @ stratosphere-tests ---
[INFO] 
[INFO] --- maven-enforcer-plugin:1.3.1:enforce (enforce-maven) @ stratosphere-tests ---
[INFO] Skipping Rule Enforcement.
[INFO] 
[INFO] --- maven-resources-plugin:2.6:resources (default-resources) @ stratosphere-tests ---
[INFO] Using 'UTF-8' encoding to copy filtered resources.
[INFO] skip non existing resourceDirectory /tmp/DynaMoth_Bugs.jar_Flink_32a003d5/stratosphere-tests/src/main/resources
[INFO] 
[INFO] --- maven-compiler-plugin:3.1:compile (default-compile) @ stratosphere-tests ---
[INFO] No sources to compile
[INFO] 
[INFO] --- maven-resources-plugin:2.6:testResources (default-testResources) @ stratosphere-tests ---
[INFO] Using 'UTF-8' encoding to copy filtered resources.
[INFO] Copying 1 resource
[INFO] 
[INFO] --- maven-compiler-plugin:3.1:testCompile (default-testCompile) @ stratosphere-tests ---
[INFO] Changes detected - recompiling the module!
[INFO] Compiling 234 source files to /tmp/DynaMoth_Bugs.jar_Flink_32a003d5/stratosphere-tests/target/test-classes
[INFO] 
[INFO] --- maven-assembly-plugin:2.4:single (create-test-dependency) @ stratosphere-tests ---
[INFO] Reading assembly descriptor: src/test/assembly/test-assembly.xml
[INFO] Building jar: /tmp/DynaMoth_Bugs.jar_Flink_32a003d5/stratosphere-tests/target/maven-test-jar.jar
[INFO] 
[INFO] --- maven-surefire-plugin:2.7:test (default-test) @ stratosphere-tests ---
[INFO] Tests are skipped.
[INFO] 
[INFO] --- maven-jar-plugin:2.2:jar (default-jar) @ stratosphere-tests ---
[INFO] Downloading: https://repo.maven.apache.org/maven2/org/apache/maven/maven-project/2.0.7/maven-project-2.0.7.pom
[INFO] Downloaded: https://repo.maven.apache.org/maven2/org/apache/maven/maven-project/2.0.7/maven-project-2.0.7.pom (2.6 kB at 377 kB/s)
[INFO] Downloading: https://repo.maven.apache.org/maven2/org/apache/maven/maven/2.0.7/maven-2.0.7.pom
[INFO] Downloaded: https://repo.maven.apache.org/maven2/org/apache/maven/maven/2.0.7/maven-2.0.7.pom (11 kB at 1.5 MB/s)
[INFO] Downloading: https://repo.maven.apache.org/maven2/org/apache/maven/maven-settings/2.0.7/maven-settings-2.0.7.pom
[INFO] Downloaded: https://repo.maven.apache.org/maven2/org/apache/maven/maven-settings/2.0.7/maven-settings-2.0.7.pom (2.0 kB at 334 kB/s)
[INFO] Downloading: https://repo.maven.apache.org/maven2/org/apache/maven/maven-model/2.0.7/maven-model-2.0.7.pom
[INFO] Downloaded: https://repo.maven.apache.org/maven2/org/apache/maven/maven-model/2.0.7/maven-model-2.0.7.pom (3.0 kB at 609 kB/s)
[INFO] Downloading: https://repo.maven.apache.org/maven2/org/apache/maven/maven-profile/2.0.7/maven-profile-2.0.7.pom
[INFO] Downloaded: https://repo.maven.apache.org/maven2/org/apache/maven/maven-profile/2.0.7/maven-profile-2.0.7.pom (2.0 kB at 283 kB/s)
[INFO] Downloading: https://repo.maven.apache.org/maven2/org/apache/maven/maven-artifact-manager/2.0.7/maven-artifact-manager-2.0.7.pom
[INFO] Downloaded: https://repo.maven.apache.org/maven2/org/apache/maven/maven-artifact-manager/2.0.7/maven-artifact-manager-2.0.7.pom (2.6 kB at 238 kB/s)
[INFO] Downloading: https://repo.maven.apache.org/maven2/org/apache/maven/maven-repository-metadata/2.0.7/maven-repository-metadata-2.0.7.pom
[INFO] Downloaded: https://repo.maven.apache.org/maven2/org/apache/maven/maven-repository-metadata/2.0.7/maven-repository-metadata-2.0.7.pom (1.9 kB at 264 kB/s)
[INFO] Downloading: https://repo.maven.apache.org/maven2/org/apache/maven/maven-artifact/2.0.7/maven-artifact-2.0.7.pom
[INFO] Downloaded: https://repo.maven.apache.org/maven2/org/apache/maven/maven-artifact/2.0.7/maven-artifact-2.0.7.pom (1.6 kB at 225 kB/s)
[INFO] Downloading: https://repo.maven.apache.org/maven2/org/apache/maven/maven-plugin-registry/2.0.7/maven-plugin-registry-2.0.7.pom
[INFO] Downloaded: https://repo.maven.apache.org/maven2/org/apache/maven/maven-plugin-registry/2.0.7/maven-plugin-registry-2.0.7.pom (1.9 kB at 243 kB/s)
[INFO] Downloading: https://repo.maven.apache.org/maven2/org/apache/maven/maven-archiver/2.3/maven-archiver-2.3.pom
[INFO] Downloaded: https://repo.maven.apache.org/maven2/org/apache/maven/maven-archiver/2.3/maven-archiver-2.3.pom (3.7 kB at 183 kB/s)
[INFO] Downloading: https://repo.maven.apache.org/maven2/org/codehaus/plexus/plexus-archiver/1.0-alpha-9/plexus-archiver-1.0-alpha-9.pom
[INFO] Downloaded: https://repo.maven.apache.org/maven2/org/codehaus/plexus/plexus-archiver/1.0-alpha-9/plexus-archiver-1.0-alpha-9.pom (1.8 kB at 225 kB/s)
[INFO] Downloading: https://repo.maven.apache.org/maven2/org/codehaus/plexus/plexus-components/1.1.9/plexus-components-1.1.9.pom
[INFO] Downloaded: https://repo.maven.apache.org/maven2/org/codehaus/plexus/plexus-components/1.1.9/plexus-components-1.1.9.pom (2.4 kB at 347 kB/s)
[INFO] Downloading: https://repo.maven.apache.org/maven2/org/codehaus/plexus/plexus-container-default/1.0-alpha-15/plexus-container-default-1.0-alpha-15.pom
[INFO] Downloaded: https://repo.maven.apache.org/maven2/org/codehaus/plexus/plexus-container-default/1.0-alpha-15/plexus-container-default-1.0-alpha-15.pom (1.7 kB at 90 kB/s)
[INFO] Downloading: https://repo.maven.apache.org/maven2/org/codehaus/plexus/plexus-containers/1.0-alpha-15/plexus-containers-1.0-alpha-15.pom
[INFO] Downloaded: https://repo.maven.apache.org/maven2/org/codehaus/plexus/plexus-containers/1.0-alpha-15/plexus-containers-1.0-alpha-15.pom (1.9 kB at 189 kB/s)
[INFO] Downloading: https://repo.maven.apache.org/maven2/org/codehaus/plexus/plexus-component-api/1.0-alpha-15/plexus-component-api-1.0-alpha-15.pom
[INFO] Downloaded: https://repo.maven.apache.org/maven2/org/codehaus/plexus/plexus-component-api/1.0-alpha-15/plexus-component-api-1.0-alpha-15.pom (948 B at 86 kB/s)
[INFO] Downloading: https://repo.maven.apache.org/maven2/org/codehaus/plexus/plexus-classworlds/1.2-alpha-6/plexus-classworlds-1.2-alpha-6.pom
[INFO] Downloaded: https://repo.maven.apache.org/maven2/org/codehaus/plexus/plexus-classworlds/1.2-alpha-6/plexus-classworlds-1.2-alpha-6.pom (2.4 kB at 296 kB/s)
[INFO] Downloading: https://repo.maven.apache.org/maven2/org/codehaus/plexus/plexus-io/1.0-alpha-1/plexus-io-1.0-alpha-1.pom
[INFO] Downloaded: https://repo.maven.apache.org/maven2/org/codehaus/plexus/plexus-io/1.0-alpha-1/plexus-io-1.0-alpha-1.pom (1.3 kB at 129 kB/s)
[INFO] Downloading: https://repo.maven.apache.org/maven2/org/codehaus/plexus/plexus-component-api/1.0-alpha-16/plexus-component-api-1.0-alpha-16.pom
[INFO] Downloaded: https://repo.maven.apache.org/maven2/org/codehaus/plexus/plexus-component-api/1.0-alpha-16/plexus-component-api-1.0-alpha-16.pom (2.2 kB at 277 kB/s)
[INFO] Downloading: https://repo.maven.apache.org/maven2/org/codehaus/plexus/plexus-containers/1.0-alpha-16/plexus-containers-1.0-alpha-16.pom
[INFO] Downloaded: https://repo.maven.apache.org/maven2/org/codehaus/plexus/plexus-containers/1.0-alpha-16/plexus-containers-1.0-alpha-16.pom (1.9 kB at 236 kB/s)
[INFO] Downloading: https://repo.maven.apache.org/maven2/org/apache/maven/maven-settings/2.0.7/maven-settings-2.0.7.jar
[INFO] Downloading: https://repo.maven.apache.org/maven2/org/apache/maven/maven-model/2.0.7/maven-model-2.0.7.jar
[INFO] Downloading: https://repo.maven.apache.org/maven2/org/apache/maven/maven-artifact-manager/2.0.7/maven-artifact-manager-2.0.7.jar
[INFO] Downloaded: https://repo.maven.apache.org/maven2/org/apache/maven/maven-settings/2.0.7/maven-settings-2.0.7.jar (49 kB at 1.3 MB/s)
[INFO] Downloading: https://repo.maven.apache.org/maven2/org/apache/maven/maven-profile/2.0.7/maven-profile-2.0.7.jar
[INFO] Downloading: https://repo.maven.apache.org/maven2/org/apache/maven/maven-repository-metadata/2.0.7/maven-repository-metadata-2.0.7.jar
[INFO] Downloading: https://repo.maven.apache.org/maven2/org/apache/maven/maven-plugin-registry/2.0.7/maven-plugin-registry-2.0.7.jar
[INFO] Downloaded: https://repo.maven.apache.org/maven2/org/apache/maven/maven-artifact-manager/2.0.7/maven-artifact-manager-2.0.7.jar (57 kB at 1.8 MB/s)
[INFO] Downloading: https://repo.maven.apache.org/maven2/org/apache/maven/maven-artifact/2.0.7/maven-artifact-2.0.7.jar
[INFO] Downloaded: https://repo.maven.apache.org/maven2/org/apache/maven/maven-plugin-registry/2.0.7/maven-plugin-registry-2.0.7.jar (29 kB at 997 kB/s)
[INFO] Downloaded: https://repo.maven.apache.org/maven2/org/apache/maven/maven-profile/2.0.7/maven-profile-2.0.7.jar (35 kB at 518 kB/s)
[INFO] Downloaded: https://repo.maven.apache.org/maven2/org/apache/maven/maven-artifact/2.0.7/maven-artifact-2.0.7.jar (88 kB at 2.0 MB/s)
[INFO] Downloaded: https://repo.maven.apache.org/maven2/org/apache/maven/maven-model/2.0.7/maven-model-2.0.7.jar (86 kB at 1.2 MB/s)
[INFO] Downloaded: https://repo.maven.apache.org/maven2/org/apache/maven/maven-repository-metadata/2.0.7/maven-repository-metadata-2.0.7.jar (24 kB at 355 kB/s)
[WARNING] JAR will be empty - no content was marked for inclusion!
[INFO] Building jar: /tmp/DynaMoth_Bugs.jar_Flink_32a003d5/stratosphere-tests/target/stratosphere-tests-0.6-SNAPSHOT.jar
[INFO] 
[INFO] --- maven-jar-plugin:2.2:test-jar (default) @ stratosphere-tests ---
[INFO] Building jar: /tmp/DynaMoth_Bugs.jar_Flink_32a003d5/stratosphere-tests/target/stratosphere-tests-0.6-SNAPSHOT-tests.jar
[INFO] 
[INFO] --- maven-javadoc-plugin:2.9.1:jar (attach-javadocs) @ stratosphere-tests ---
[INFO] 
[INFO] >>> maven-source-plugin:2.2.1:jar (attach-sources) > generate-sources @ stratosphere-tests >>>
[INFO] 
[INFO] --- maven-checkstyle-plugin:2.12.1:check (validate) @ stratosphere-tests ---
[INFO] 
[INFO] --- maven-enforcer-plugin:1.3.1:enforce (enforce-maven) @ stratosphere-tests ---
[INFO] Skipping Rule Enforcement.
[INFO] 
[INFO] <<< maven-source-plugin:2.2.1:jar (attach-sources) < generate-sources @ stratosphere-tests <<<
[INFO] 
[INFO] 
[INFO] --- maven-source-plugin:2.2.1:jar (attach-sources) @ stratosphere-tests ---
[INFO] No sources in project. Archive not created.
[INFO] 
[INFO] --- maven-failsafe-plugin:2.7:integration-test (default) @ stratosphere-tests ---
[INFO] Tests are skipped.
[INFO] 
[INFO] --- apache-rat-plugin:0.10:check (default) @ stratosphere-tests ---
[INFO] 51 implicit excludes (use -debug for more details).
[INFO] Exclude: **/.*
[INFO] Exclude: **/*.prefs
[INFO] Exclude: **/resources/**
[INFO] Exclude: **/stratosphere-bin/conf/slaves
[INFO] Exclude: **/README.md
[INFO] Exclude: tools/checkstyle.xml
[INFO] Exclude: CHANGELOG
[INFO] Exclude: **/*.creole
[INFO] Exclude: CONTRIBUTORS
[INFO] Exclude: tools/maven/checkstyle.xml
[INFO] Exclude: tools/maven/suppressions.xml
[INFO] Exclude: **/pom.xml
[INFO] Exclude: **/pom.hadoop2.xml
[INFO] Exclude: **/*.iml
[INFO] Exclude: **/target/**
[INFO] Exclude: **/docs/**
[INFO] 235 resources included (use -debug for more details)
[INFO] Rat check: Summary of files. Unapproved: 0 unknown: 0 generated: 0 approved: 235 licence.
[INFO] 
[INFO] --- maven-failsafe-plugin:2.7:verify (default) @ stratosphere-tests ---
[INFO] Tests are skipped.
[INFO] 
[INFO] --- maven-install-plugin:2.4:install (default-install) @ stratosphere-tests ---
[INFO] Installing /tmp/DynaMoth_Bugs.jar_Flink_32a003d5/stratosphere-tests/target/stratosphere-tests-0.6-SNAPSHOT.jar to /tmp/DynaMoth_Bugs.jar_Flink_32a003d5/.m2/eu/stratosphere/stratosphere-tests/0.6-SNAPSHOT/stratosphere-tests-0.6-SNAPSHOT.jar
[INFO] 
[INFO] ------------------------------------------------------------------------
[INFO] Building stratosphere-addons 0.6-SNAPSHOT
[INFO] ------------------------------------------------------------------------
[INFO] 
[INFO] --- maven-checkstyle-plugin:2.12.1:check (validate) @ stratosphere-addons ---
[INFO] 
[INFO] --- maven-enforcer-plugin:1.3.1:enforce (enforce-maven) @ stratosphere-addons ---
[INFO] Skipping Rule Enforcement.
[INFO] 
[INFO] --- maven-javadoc-plugin:2.9.1:jar (attach-javadocs) @ stratosphere-addons ---
[INFO] Not executing Javadoc as the project is not a Java classpath-capable package
[INFO] 
[INFO] >>> maven-source-plugin:2.2.1:jar (attach-sources) > generate-sources @ stratosphere-addons >>>
[INFO] 
[INFO] --- maven-checkstyle-plugin:2.12.1:check (validate) @ stratosphere-addons ---
[INFO] 
[INFO] --- maven-enforcer-plugin:1.3.1:enforce (enforce-maven) @ stratosphere-addons ---
[INFO] Skipping Rule Enforcement.
[INFO] 
[INFO] <<< maven-source-plugin:2.2.1:jar (attach-sources) < generate-sources @ stratosphere-addons <<<
[INFO] 
[INFO] 
[INFO] --- maven-source-plugin:2.2.1:jar (attach-sources) @ stratosphere-addons ---
[INFO] 
[INFO] --- maven-failsafe-plugin:2.6:integration-test (default) @ stratosphere-addons ---
[INFO] Tests are skipped.
[INFO] 
[INFO] --- apache-rat-plugin:0.10:check (default) @ stratosphere-addons ---
[INFO] 51 implicit excludes (use -debug for more details).
[INFO] Exclude: **/.*
[INFO] Exclude: **/*.prefs
[INFO] Exclude: **/resources/**
[INFO] Exclude: **/stratosphere-bin/conf/slaves
[INFO] Exclude: **/README.md
[INFO] Exclude: tools/checkstyle.xml
[INFO] Exclude: CHANGELOG
[INFO] Exclude: **/*.creole
[INFO] Exclude: CONTRIBUTORS
[INFO] Exclude: tools/maven/checkstyle.xml
[INFO] Exclude: tools/maven/suppressions.xml
[INFO] Exclude: **/pom.xml
[INFO] Exclude: **/pom.hadoop2.xml
[INFO] Exclude: **/*.iml
[INFO] Exclude: **/target/**
[INFO] Exclude: **/docs/**
[INFO] 88 resources included (use -debug for more details)
[INFO] Rat check: Summary of files. Unapproved: 0 unknown: 0 generated: 0 approved: 88 licence.
[INFO] 
[INFO] --- maven-failsafe-plugin:2.6:verify (default) @ stratosphere-addons ---
[INFO] Tests are skipped.
[INFO] 
[INFO] --- maven-install-plugin:2.4:install (default-install) @ stratosphere-addons ---
[INFO] Installing /tmp/DynaMoth_Bugs.jar_Flink_32a003d5/stratosphere-addons/pom.xml to /tmp/DynaMoth_Bugs.jar_Flink_32a003d5/.m2/eu/stratosphere/stratosphere-addons/0.6-SNAPSHOT/stratosphere-addons-0.6-SNAPSHOT.pom
[INFO] 
[INFO] ------------------------------------------------------------------------
[INFO] Building avro 0.6-SNAPSHOT
[INFO] ------------------------------------------------------------------------
[INFO] 
[INFO] --- maven-checkstyle-plugin:2.12.1:check (validate) @ avro ---
[INFO] 
[INFO] --- maven-enforcer-plugin:1.3.1:enforce (enforce-maven) @ avro ---
[INFO] Skipping Rule Enforcement.
[INFO] 
[INFO] --- maven-resources-plugin:2.6:resources (default-resources) @ avro ---
[INFO] Using 'UTF-8' encoding to copy filtered resources.
[INFO] skip non existing resourceDirectory /tmp/DynaMoth_Bugs.jar_Flink_32a003d5/stratosphere-addons/avro/src/main/resources
[INFO] 
[INFO] --- maven-compiler-plugin:3.1:compile (default-compile) @ avro ---
[INFO] Changes detected - recompiling the module!
[INFO] Compiling 11 source files to /tmp/DynaMoth_Bugs.jar_Flink_32a003d5/stratosphere-addons/avro/target/classes
[INFO] 
[INFO] --- maven-resources-plugin:2.6:testResources (default-testResources) @ avro ---
[INFO] Using 'UTF-8' encoding to copy filtered resources.
[INFO] Copying 2 resources
[INFO] 
[INFO] --- maven-compiler-plugin:3.1:testCompile (default-testCompile) @ avro ---
[INFO] Changes detected - recompiling the module!
[INFO] Compiling 8 source files to /tmp/DynaMoth_Bugs.jar_Flink_32a003d5/stratosphere-addons/avro/target/test-classes
[WARNING] /tmp/DynaMoth_Bugs.jar_Flink_32a003d5/stratosphere-addons/avro/src/test/java/eu/stratosphere/api/java/record/io/avro/generated/User.java: /tmp/DynaMoth_Bugs.jar_Flink_32a003d5/stratosphere-addons/avro/src/test/java/eu/stratosphere/api/java/record/io/avro/generated/User.java uses unchecked or unsafe operations.
[WARNING] /tmp/DynaMoth_Bugs.jar_Flink_32a003d5/stratosphere-addons/avro/src/test/java/eu/stratosphere/api/java/record/io/avro/generated/User.java: Recompile with -Xlint:unchecked for details.
[INFO] 
[INFO] --- maven-assembly-plugin:2.4:single (create-test-dependency) @ avro ---
[INFO] Reading assembly descriptor: src/test/assembly/test-assembly.xml
[INFO] Building jar: /tmp/DynaMoth_Bugs.jar_Flink_32a003d5/stratosphere-addons/avro/target/maven-test-jar.jar
[INFO] 
[INFO] --- maven-surefire-plugin:2.16:test (default-test) @ avro ---
[INFO] Tests are skipped.
[INFO] 
[INFO] --- maven-jar-plugin:2.4:jar (default-jar) @ avro ---
[INFO] Building jar: /tmp/DynaMoth_Bugs.jar_Flink_32a003d5/stratosphere-addons/avro/target/avro-0.6-SNAPSHOT.jar
[INFO] 
[INFO] --- maven-javadoc-plugin:2.9.1:jar (attach-javadocs) @ avro ---
[INFO] 
2 warnings
[WARNING] Javadoc Warnings
[WARNING] Picked up JAVA_TOOL_OPTIONS: -XX:CICompilerCount=2 -XX:ParallelGCThreads=2 -XX:ConcGCThreads=2 -Djdk.net.URLClassPath.disableClassPathURLCheck=true
[WARNING] Picked up _JAVA_OPTIONS: -Djdk.net.URLClassPath.disableClassPathURLCheck=true
[WARNING] /tmp/DynaMoth_Bugs.jar_Flink_32a003d5/stratosphere-addons/avro/src/main/java/eu/stratosphere/api/java/record/io/avro/example/User.java:34: warning - Tag @link:illegal character: "92" in "\#newBuilder()"
[WARNING] /tmp/DynaMoth_Bugs.jar_Flink_32a003d5/stratosphere-addons/avro/src/main/java/eu/stratosphere/api/java/record/io/avro/example/User.java:34: warning - Tag @link: reference not found: \#newBuilder()
[INFO] Building jar: /tmp/DynaMoth_Bugs.jar_Flink_32a003d5/stratosphere-addons/avro/target/avro-0.6-SNAPSHOT-javadoc.jar
[INFO] 
[INFO] >>> maven-source-plugin:2.2.1:jar (attach-sources) > generate-sources @ avro >>>
[INFO] 
[INFO] --- maven-checkstyle-plugin:2.12.1:check (validate) @ avro ---
[INFO] 
[INFO] --- maven-enforcer-plugin:1.3.1:enforce (enforce-maven) @ avro ---
[INFO] Skipping Rule Enforcement.
[INFO] 
[INFO] <<< maven-source-plugin:2.2.1:jar (attach-sources) < generate-sources @ avro <<<
[INFO] 
[INFO] 
[INFO] --- maven-source-plugin:2.2.1:jar (attach-sources) @ avro ---
[INFO] Building jar: /tmp/DynaMoth_Bugs.jar_Flink_32a003d5/stratosphere-addons/avro/target/avro-0.6-SNAPSHOT-sources.jar
[INFO] 
[INFO] --- maven-failsafe-plugin:2.6:integration-test (default) @ avro ---
[INFO] Tests are skipped.
[INFO] 
[INFO] --- apache-rat-plugin:0.10:check (default) @ avro ---
[INFO] 51 implicit excludes (use -debug for more details).
[INFO] Exclude: **/.*
[INFO] Exclude: **/*.prefs
[INFO] Exclude: **/resources/**
[INFO] Exclude: **/stratosphere-bin/conf/slaves
[INFO] Exclude: **/README.md
[INFO] Exclude: tools/checkstyle.xml
[INFO] Exclude: CHANGELOG
[INFO] Exclude: **/*.creole
[INFO] Exclude: CONTRIBUTORS
[INFO] Exclude: tools/maven/checkstyle.xml
[INFO] Exclude: tools/maven/suppressions.xml
[INFO] Exclude: **/pom.xml
[INFO] Exclude: **/pom.hadoop2.xml
[INFO] Exclude: **/*.iml
[INFO] Exclude: **/target/**
[INFO] Exclude: **/docs/**
[INFO] 20 resources included (use -debug for more details)
[INFO] Rat check: Summary of files. Unapproved: 0 unknown: 0 generated: 0 approved: 20 licence.
[INFO] 
[INFO] --- maven-failsafe-plugin:2.6:verify (default) @ avro ---
[INFO] Tests are skipped.
[INFO] 
[INFO] --- maven-install-plugin:2.4:install (default-install) @ avro ---
[INFO] Installing /tmp/DynaMoth_Bugs.jar_Flink_32a003d5/stratosphere-addons/avro/target/avro-0.6-SNAPSHOT.jar to /tmp/DynaMoth_Bugs.jar_Flink_32a003d5/.m2/eu/stratosphere/avro/0.6-SNAPSHOT/avro-0.6-SNAPSHOT.jar
[INFO] 
[INFO] ------------------------------------------------------------------------
[INFO] Building jdbc 0.6-SNAPSHOT
[INFO] ------------------------------------------------------------------------
[INFO] 
[INFO] --- maven-checkstyle-plugin:2.12.1:check (validate) @ jdbc ---
[INFO] 
[INFO] --- maven-enforcer-plugin:1.3.1:enforce (enforce-maven) @ jdbc ---
[INFO] Skipping Rule Enforcement.
[INFO] 
[INFO] --- maven-resources-plugin:2.6:resources (default-resources) @ jdbc ---
[INFO] Using 'UTF-8' encoding to copy filtered resources.
[INFO] skip non existing resourceDirectory /tmp/DynaMoth_Bugs.jar_Flink_32a003d5/stratosphere-addons/jdbc/src/main/resources
[INFO] 
[INFO] --- maven-compiler-plugin:3.1:compile (default-compile) @ jdbc ---
[INFO] Changes detected - recompiling the module!
[INFO] Compiling 6 source files to /tmp/DynaMoth_Bugs.jar_Flink_32a003d5/stratosphere-addons/jdbc/target/classes
[WARNING] /tmp/DynaMoth_Bugs.jar_Flink_32a003d5/stratosphere-addons/jdbc/src/main/java/eu/stratosphere/api/java/record/io/jdbc/example/JDBCExample.java: /tmp/DynaMoth_Bugs.jar_Flink_32a003d5/stratosphere-addons/jdbc/src/main/java/eu/stratosphere/api/java/record/io/jdbc/example/JDBCExample.java uses or overrides a deprecated API.
[WARNING] /tmp/DynaMoth_Bugs.jar_Flink_32a003d5/stratosphere-addons/jdbc/src/main/java/eu/stratosphere/api/java/record/io/jdbc/example/JDBCExample.java: Recompile with -Xlint:deprecation for details.
[WARNING] /tmp/DynaMoth_Bugs.jar_Flink_32a003d5/stratosphere-addons/jdbc/src/main/java/eu/stratosphere/api/java/record/io/jdbc/example/JDBCExample.java: Some input files use unchecked or unsafe operations.
[WARNING] /tmp/DynaMoth_Bugs.jar_Flink_32a003d5/stratosphere-addons/jdbc/src/main/java/eu/stratosphere/api/java/record/io/jdbc/example/JDBCExample.java: Recompile with -Xlint:unchecked for details.
[INFO] 
[INFO] --- maven-resources-plugin:2.6:testResources (default-testResources) @ jdbc ---
[INFO] Using 'UTF-8' encoding to copy filtered resources.
[INFO] skip non existing resourceDirectory /tmp/DynaMoth_Bugs.jar_Flink_32a003d5/stratosphere-addons/jdbc/src/test/resources
[INFO] 
[INFO] --- maven-compiler-plugin:3.1:testCompile (default-testCompile) @ jdbc ---
[INFO] Changes detected - recompiling the module!
[INFO] Compiling 5 source files to /tmp/DynaMoth_Bugs.jar_Flink_32a003d5/stratosphere-addons/jdbc/target/test-classes
[WARNING] /tmp/DynaMoth_Bugs.jar_Flink_32a003d5/stratosphere-addons/jdbc/src/test/java/eu/stratosphere/api/java/io/jdbc/JDBCInputFormatTest.java: Some input files use unchecked or unsafe operations.
[WARNING] /tmp/DynaMoth_Bugs.jar_Flink_32a003d5/stratosphere-addons/jdbc/src/test/java/eu/stratosphere/api/java/io/jdbc/JDBCInputFormatTest.java: Recompile with -Xlint:unchecked for details.
[INFO] 
[INFO] --- maven-surefire-plugin:2.16:test (default-test) @ jdbc ---
[INFO] Tests are skipped.
[INFO] 
[INFO] --- maven-jar-plugin:2.4:jar (default-jar) @ jdbc ---
[INFO] Building jar: /tmp/DynaMoth_Bugs.jar_Flink_32a003d5/stratosphere-addons/jdbc/target/jdbc-0.6-SNAPSHOT.jar
[INFO] 
[INFO] --- maven-javadoc-plugin:2.9.1:jar (attach-javadocs) @ jdbc ---
[WARNING] Javadoc Warnings
[WARNING] Picked up JAVA_TOOL_OPTIONS: -XX:CICompilerCount=2 -XX:ParallelGCThreads=2 -XX:ConcGCThreads=2 -Djdk.net.URLClassPath.disableClassPathURLCheck=true
[WARNING] Picked up _JAVA_OPTIONS: -Djdk.net.URLClassPath.disableClassPathURLCheck=true
[INFO] Building jar: /tmp/DynaMoth_Bugs.jar_Flink_32a003d5/stratosphere-addons/jdbc/target/jdbc-0.6-SNAPSHOT-javadoc.jar
[INFO] 
[INFO] >>> maven-source-plugin:2.2.1:jar (attach-sources) > generate-sources @ jdbc >>>
[INFO] 
[INFO] --- maven-checkstyle-plugin:2.12.1:check (validate) @ jdbc ---
[INFO] 
[INFO] --- maven-enforcer-plugin:1.3.1:enforce (enforce-maven) @ jdbc ---
[INFO] Skipping Rule Enforcement.
[INFO] 
[INFO] <<< maven-source-plugin:2.2.1:jar (attach-sources) < generate-sources @ jdbc <<<
[INFO] 
[INFO] 
[INFO] --- maven-source-plugin:2.2.1:jar (attach-sources) @ jdbc ---
[INFO] Building jar: /tmp/DynaMoth_Bugs.jar_Flink_32a003d5/stratosphere-addons/jdbc/target/jdbc-0.6-SNAPSHOT-sources.jar
[INFO] 
[INFO] --- maven-failsafe-plugin:2.6:integration-test (default) @ jdbc ---
[INFO] Tests are skipped.
[INFO] 
[INFO] --- apache-rat-plugin:0.10:check (default) @ jdbc ---
[INFO] 51 implicit excludes (use -debug for more details).
[INFO] Exclude: **/.*
[INFO] Exclude: **/*.prefs
[INFO] Exclude: **/resources/**
[INFO] Exclude: **/stratosphere-bin/conf/slaves
[INFO] Exclude: **/README.md
[INFO] Exclude: tools/checkstyle.xml
[INFO] Exclude: CHANGELOG
[INFO] Exclude: **/*.creole
[INFO] Exclude: CONTRIBUTORS
[INFO] Exclude: tools/maven/checkstyle.xml
[INFO] Exclude: tools/maven/suppressions.xml
[INFO] Exclude: **/pom.xml
[INFO] Exclude: **/pom.hadoop2.xml
[INFO] Exclude: **/*.iml
[INFO] Exclude: **/target/**
[INFO] Exclude: **/docs/**
[INFO] 11 resources included (use -debug for more details)
[INFO] Rat check: Summary of files. Unapproved: 0 unknown: 0 generated: 0 approved: 11 licence.
[INFO] 
[INFO] --- maven-failsafe-plugin:2.6:verify (default) @ jdbc ---
[INFO] Tests are skipped.
[INFO] 
[INFO] --- maven-install-plugin:2.4:install (default-install) @ jdbc ---
[INFO] Installing /tmp/DynaMoth_Bugs.jar_Flink_32a003d5/stratosphere-addons/jdbc/target/jdbc-0.6-SNAPSHOT.jar to /tmp/DynaMoth_Bugs.jar_Flink_32a003d5/.m2/eu/stratosphere/jdbc/0.6-SNAPSHOT/jdbc-0.6-SNAPSHOT.jar
[INFO] Installing /tmp/DynaMoth_Bugs.jar_Flink_32a003d5/stratosphere-addons/jdbc/pom.xml to /tmp/DynaMoth_Bugs.jar_Flink_32a003d5/.m2/eu/stratosphere/jdbc/0.6-SNAPSHOT/jdbc-0.6-SNAPSHOT.pom
[INFO] Installing /tmp/DynaMoth_Bugs.jar_Flink_32a003d5/stratosphere-addons/jdbc/target/jdbc-0.6-SNAPSHOT-javadoc.jar to /tmp/DynaMoth_Bugs.jar_Flink_32a003d5/.m2/eu/stratosphere/jdbc/0.6-SNAPSHOT/jdbc-0.6-SNAPSHOT-javadoc.jar
[INFO] Installing /tmp/DynaMoth_Bugs.jar_Flink_32a003d5/stratosphere-addons/jdbc/target/jdbc-0.6-SNAPSHOT-sources.jar to /tmp/DynaMoth_Bugs.jar_Flink_32a003d5/.m2/eu/stratosphere/jdbc/0.6-SNAPSHOT/jdbc-0.6-SNAPSHOT-sources.jar
[INFO] 
[INFO] ------------------------------------------------------------------------
[INFO] Building spargel 0.6-SNAPSHOT
[INFO] ------------------------------------------------------------------------
[INFO] 
[INFO] --- maven-checkstyle-plugin:2.12.1:check (validate) @ spargel ---
[INFO] 
[INFO] --- maven-enforcer-plugin:1.3.1:enforce (enforce-maven) @ spargel ---
[INFO] Skipping Rule Enforcement.
[INFO] 
[INFO] --- maven-resources-plugin:2.6:resources (default-resources) @ spargel ---
[INFO] Using 'UTF-8' encoding to copy filtered resources.
[INFO] skip non existing resourceDirectory /tmp/DynaMoth_Bugs.jar_Flink_32a003d5/stratosphere-addons/spargel/src/main/resources
[INFO] 
[INFO] --- maven-compiler-plugin:3.1:compile (default-compile) @ spargel ---
[INFO] Changes detected - recompiling the module!
[INFO] Compiling 13 source files to /tmp/DynaMoth_Bugs.jar_Flink_32a003d5/stratosphere-addons/spargel/target/classes
[INFO] 
[INFO] --- maven-resources-plugin:2.6:testResources (default-testResources) @ spargel ---
[INFO] Using 'UTF-8' encoding to copy filtered resources.
[INFO] skip non existing resourceDirectory /tmp/DynaMoth_Bugs.jar_Flink_32a003d5/stratosphere-addons/spargel/src/test/resources
[INFO] 
[INFO] --- maven-compiler-plugin:3.1:testCompile (default-testCompile) @ spargel ---
[INFO] Changes detected - recompiling the module!
[INFO] Compiling 3 source files to /tmp/DynaMoth_Bugs.jar_Flink_32a003d5/stratosphere-addons/spargel/target/test-classes
[INFO] 
[INFO] --- maven-surefire-plugin:2.16:test (default-test) @ spargel ---
[INFO] Tests are skipped.
[INFO] 
[INFO] --- maven-jar-plugin:2.4:jar (default-jar) @ spargel ---
[INFO] Building jar: /tmp/DynaMoth_Bugs.jar_Flink_32a003d5/stratosphere-addons/spargel/target/spargel-0.6-SNAPSHOT.jar
[INFO] 
[INFO] --- maven-javadoc-plugin:2.9.1:jar (attach-javadocs) @ spargel ---
[INFO] 
1 warning
[WARNING] Javadoc Warnings
[WARNING] Picked up JAVA_TOOL_OPTIONS: -XX:CICompilerCount=2 -XX:ParallelGCThreads=2 -XX:ConcGCThreads=2 -Djdk.net.URLClassPath.disableClassPathURLCheck=true
[WARNING] Picked up _JAVA_OPTIONS: -Djdk.net.URLClassPath.disableClassPathURLCheck=true
[WARNING] /tmp/DynaMoth_Bugs.jar_Flink_32a003d5/stratosphere-addons/spargel/src/main/java/eu/stratosphere/spargel/java/OutgoingEdge.java:26: warning - Tag @link: can't find withEdgesWithValue(eu.stratosphere.api.java.DataSet, VertexUpdateFunction, MessagingFunction) in eu.stratosphere.spargel.java.VertexCentricIteration
[INFO] Building jar: /tmp/DynaMoth_Bugs.jar_Flink_32a003d5/stratosphere-addons/spargel/target/spargel-0.6-SNAPSHOT-javadoc.jar
[INFO] 
[INFO] >>> maven-source-plugin:2.2.1:jar (attach-sources) > generate-sources @ spargel >>>
[INFO] 
[INFO] --- maven-checkstyle-plugin:2.12.1:check (validate) @ spargel ---
[INFO] 
[INFO] --- maven-enforcer-plugin:1.3.1:enforce (enforce-maven) @ spargel ---
[INFO] Skipping Rule Enforcement.
[INFO] 
[INFO] <<< maven-source-plugin:2.2.1:jar (attach-sources) < generate-sources @ spargel <<<
[INFO] 
[INFO] 
[INFO] --- maven-source-plugin:2.2.1:jar (attach-sources) @ spargel ---
[INFO] Building jar: /tmp/DynaMoth_Bugs.jar_Flink_32a003d5/stratosphere-addons/spargel/target/spargel-0.6-SNAPSHOT-sources.jar
[INFO] 
[INFO] --- maven-failsafe-plugin:2.6:integration-test (default) @ spargel ---
[INFO] Tests are skipped.
[INFO] 
[INFO] --- apache-rat-plugin:0.10:check (default) @ spargel ---
[INFO] 51 implicit excludes (use -debug for more details).
[INFO] Exclude: **/.*
[INFO] Exclude: **/*.prefs
[INFO] Exclude: **/resources/**
[INFO] Exclude: **/stratosphere-bin/conf/slaves
[INFO] Exclude: **/README.md
[INFO] Exclude: tools/checkstyle.xml
[INFO] Exclude: CHANGELOG
[INFO] Exclude: **/*.creole
[INFO] Exclude: CONTRIBUTORS
[INFO] Exclude: tools/maven/checkstyle.xml
[INFO] Exclude: tools/maven/suppressions.xml
[INFO] Exclude: **/pom.xml
[INFO] Exclude: **/pom.hadoop2.xml
[INFO] Exclude: **/*.iml
[INFO] Exclude: **/target/**
[INFO] Exclude: **/docs/**
[INFO] 16 resources included (use -debug for more details)
[INFO] Rat check: Summary of files. Unapproved: 0 unknown: 0 generated: 0 approved: 16 licence.
[INFO] 
[INFO] --- maven-failsafe-plugin:2.6:verify (default) @ spargel ---
[INFO] Tests are skipped.
[INFO] 
[INFO] --- maven-install-plugin:2.4:install (default-install) @ spargel ---
[INFO] Installing /tmp/DynaMoth_Bugs.jar_Flink_32a003d5/stratosphere-addons/spargel/target/spargel-0.6-SNAPSHOT.jar to /tmp/DynaMoth_Bugs.jar_Flink_32a003d5/.m2/eu/stratosphere/spargel/0.6-SNAPSHOT/spargel-0.6-SNAPSHOT.jar
[INFO] 
[INFO] ------------------------------------------------------------------------
[INFO] Building hadoop-compatibility 0.6-SNAPSHOT
[INFO] ------------------------------------------------------------------------
[INFO] 
[INFO] --- maven-checkstyle-plugin:2.12.1:check (validate) @ hadoop-compatibility ---
[INFO] 
[INFO] --- maven-enforcer-plugin:1.3.1:enforce (enforce-maven) @ hadoop-compatibility ---
[INFO] Skipping Rule Enforcement.
[INFO] 
[INFO] --- maven-resources-plugin:2.6:resources (default-resources) @ hadoop-compatibility ---
[INFO] Using 'UTF-8' encoding to copy filtered resources.
[INFO] skip non existing resourceDirectory /tmp/DynaMoth_Bugs.jar_Flink_32a003d5/stratosphere-addons/hadoop-compatibility/src/main/resources
[INFO] 
[INFO] --- maven-compiler-plugin:3.1:compile (default-compile) @ hadoop-compatibility ---
[INFO] Changes detected - recompiling the module!
[INFO] Compiling 26 source files to /tmp/DynaMoth_Bugs.jar_Flink_32a003d5/stratosphere-addons/hadoop-compatibility/target/classes
[INFO] 
[INFO] --- maven-resources-plugin:2.6:testResources (default-testResources) @ hadoop-compatibility ---
[INFO] Using 'UTF-8' encoding to copy filtered resources.
[INFO] skip non existing resourceDirectory /tmp/DynaMoth_Bugs.jar_Flink_32a003d5/stratosphere-addons/hadoop-compatibility/src/test/resources
[INFO] 
[INFO] --- maven-compiler-plugin:3.1:testCompile (default-testCompile) @ hadoop-compatibility ---
[INFO] Changes detected - recompiling the module!
[INFO] Compiling 3 source files to /tmp/DynaMoth_Bugs.jar_Flink_32a003d5/stratosphere-addons/hadoop-compatibility/target/test-classes
[INFO] 
[INFO] --- maven-surefire-plugin:2.16:test (default-test) @ hadoop-compatibility ---
[INFO] Tests are skipped.
[INFO] 
[INFO] --- maven-jar-plugin:2.4:jar (default-jar) @ hadoop-compatibility ---
[INFO] Building jar: /tmp/DynaMoth_Bugs.jar_Flink_32a003d5/stratosphere-addons/hadoop-compatibility/target/hadoop-compatibility-0.6-SNAPSHOT.jar
[INFO] 
[INFO] --- maven-javadoc-plugin:2.9.1:jar (attach-javadocs) @ hadoop-compatibility ---
[INFO] The goal 'org.apache.maven.plugins:maven-javadoc-plugin:2.9.1:javadoc' has not been previously called for the module: 'eu.stratosphere:stratosphere-tests:jar:0.6-SNAPSHOT'. Trying to invoke it...
Picked up JAVA_TOOL_OPTIONS: -XX:CICompilerCount=2 -XX:ParallelGCThreads=2 -XX:ConcGCThreads=2 -Djdk.net.URLClassPath.disableClassPathURLCheck=true -XX:CICompilerCount=2 -XX:ParallelGCThreads=2 -XX:ConcGCThreads=2 -Djdk.net.URLClassPath.disableClassPathURLCheck=true 
Picked up _JAVA_OPTIONS: -Djdk.net.URLClassPath.disableClassPathURLCheck=true
[WARNING] Creating fake javadoc directory to prevent repeated invocations: /tmp/DynaMoth_Bugs.jar_Flink_32a003d5/stratosphere-tests/target/apidocs
[ERROR] Error fetching link: /tmp/DynaMoth_Bugs.jar_Flink_32a003d5/stratosphere-tests/target/apidocs/package-list. Ignored it.
[INFO] 
24 warnings
[WARNING] Javadoc Warnings
[WARNING] Picked up JAVA_TOOL_OPTIONS: -XX:CICompilerCount=2 -XX:ParallelGCThreads=2 -XX:ConcGCThreads=2 -Djdk.net.URLClassPath.disableClassPathURLCheck=true
[WARNING] Picked up _JAVA_OPTIONS: -Djdk.net.URLClassPath.disableClassPathURLCheck=true
[WARNING] /tmp/DynaMoth_Bugs.jar_Flink_32a003d5/stratosphere-addons/hadoop-compatibility/src/main/java/eu/stratosphere/hadoopcompatibility/mapred/record/example/WordCount.java:56: warning - Tag @see: reference not found: eu.stratosphere.hadoopcompatibility.mapred.record.example.example.WordCount
[WARNING] /tmp/DynaMoth_Bugs.jar_Flink_32a003d5/stratosphere-addons/hadoop-compatibility/src/main/java/eu/stratosphere/hadoopcompatibility/mapred/record/example/WordCountWithOutputFormat.java:57: warning - Tag @see: reference not found: eu.stratosphere.hadoopcompatibility.mapred.record.example.example.WordCount
[WARNING] /tmp/DynaMoth_Bugs.jar_Flink_32a003d5/stratosphere-addons/hadoop-compatibility/src/main/java/eu/stratosphere/hadoopcompatibility/mapred/record/HadoopRecordInputFormat.java:129: warning - Tag @see:illegal character: "58" in "http://docs.oracle.com/javase/7/docs/api/java/io/Serializable.html"
[WARNING] /tmp/DynaMoth_Bugs.jar_Flink_32a003d5/stratosphere-addons/hadoop-compatibility/src/main/java/eu/stratosphere/hadoopcompatibility/mapred/record/HadoopRecordInputFormat.java:129: warning - Tag @see:illegal character: "47" in "http://docs.oracle.com/javase/7/docs/api/java/io/Serializable.html"
[WARNING] /tmp/DynaMoth_Bugs.jar_Flink_32a003d5/stratosphere-addons/hadoop-compatibility/src/main/java/eu/stratosphere/hadoopcompatibility/mapred/record/HadoopRecordInputFormat.java:129: warning - Tag @see:illegal character: "47" in "http://docs.oracle.com/javase/7/docs/api/java/io/Serializable.html"
[WARNING] /tmp/DynaMoth_Bugs.jar_Flink_32a003d5/stratosphere-addons/hadoop-compatibility/src/main/java/eu/stratosphere/hadoopcompatibility/mapred/record/HadoopRecordInputFormat.java:129: warning - Tag @see:illegal character: "47" in "http://docs.oracle.com/javase/7/docs/api/java/io/Serializable.html"
[WARNING] /tmp/DynaMoth_Bugs.jar_Flink_32a003d5/stratosphere-addons/hadoop-compatibility/src/main/java/eu/stratosphere/hadoopcompatibility/mapred/record/HadoopRecordInputFormat.java:129: warning - Tag @see:illegal character: "47" in "http://docs.oracle.com/javase/7/docs/api/java/io/Serializable.html"
[WARNING] /tmp/DynaMoth_Bugs.jar_Flink_32a003d5/stratosphere-addons/hadoop-compatibility/src/main/java/eu/stratosphere/hadoopcompatibility/mapred/record/HadoopRecordInputFormat.java:129: warning - Tag @see:illegal character: "47" in "http://docs.oracle.com/javase/7/docs/api/java/io/Serializable.html"
[WARNING] /tmp/DynaMoth_Bugs.jar_Flink_32a003d5/stratosphere-addons/hadoop-compatibility/src/main/java/eu/stratosphere/hadoopcompatibility/mapred/record/HadoopRecordInputFormat.java:129: warning - Tag @see:illegal character: "47" in "http://docs.oracle.com/javase/7/docs/api/java/io/Serializable.html"
[WARNING] /tmp/DynaMoth_Bugs.jar_Flink_32a003d5/stratosphere-addons/hadoop-compatibility/src/main/java/eu/stratosphere/hadoopcompatibility/mapred/record/HadoopRecordInputFormat.java:129: warning - Tag @see:illegal character: "47" in "http://docs.oracle.com/javase/7/docs/api/java/io/Serializable.html"
[WARNING] /tmp/DynaMoth_Bugs.jar_Flink_32a003d5/stratosphere-addons/hadoop-compatibility/src/main/java/eu/stratosphere/hadoopcompatibility/mapred/record/HadoopRecordInputFormat.java:129: warning - Tag @see:illegal character: "47" in "http://docs.oracle.com/javase/7/docs/api/java/io/Serializable.html"
[WARNING] /tmp/DynaMoth_Bugs.jar_Flink_32a003d5/stratosphere-addons/hadoop-compatibility/src/main/java/eu/stratosphere/hadoopcompatibility/mapred/record/HadoopRecordInputFormat.java:129: warning - Tag @see:illegal character: "47" in "http://docs.oracle.com/javase/7/docs/api/java/io/Serializable.html"
[WARNING] /tmp/DynaMoth_Bugs.jar_Flink_32a003d5/stratosphere-addons/hadoop-compatibility/src/main/java/eu/stratosphere/hadoopcompatibility/mapred/record/HadoopRecordInputFormat.java:129: warning - Tag @see: reference not found: http://docs.oracle.com/javase/7/docs/api/java/io/Serializable.html
[WARNING] /tmp/DynaMoth_Bugs.jar_Flink_32a003d5/stratosphere-addons/hadoop-compatibility/src/main/java/eu/stratosphere/hadoopcompatibility/mapred/record/HadoopRecordOutputFormat.java:110: warning - Tag @see:illegal character: "58" in "http://docs.oracle.com/javase/7/docs/api/java/io/Serializable.html"
[WARNING] /tmp/DynaMoth_Bugs.jar_Flink_32a003d5/stratosphere-addons/hadoop-compatibility/src/main/java/eu/stratosphere/hadoopcompatibility/mapred/record/HadoopRecordOutputFormat.java:110: warning - Tag @see:illegal character: "47" in "http://docs.oracle.com/javase/7/docs/api/java/io/Serializable.html"
[WARNING] /tmp/DynaMoth_Bugs.jar_Flink_32a003d5/stratosphere-addons/hadoop-compatibility/src/main/java/eu/stratosphere/hadoopcompatibility/mapred/record/HadoopRecordOutputFormat.java:110: warning - Tag @see:illegal character: "47" in "http://docs.oracle.com/javase/7/docs/api/java/io/Serializable.html"
[WARNING] /tmp/DynaMoth_Bugs.jar_Flink_32a003d5/stratosphere-addons/hadoop-compatibility/src/main/java/eu/stratosphere/hadoopcompatibility/mapred/record/HadoopRecordOutputFormat.java:110: warning - Tag @see:illegal character: "47" in "http://docs.oracle.com/javase/7/docs/api/java/io/Serializable.html"
[WARNING] /tmp/DynaMoth_Bugs.jar_Flink_32a003d5/stratosphere-addons/hadoop-compatibility/src/main/java/eu/stratosphere/hadoopcompatibility/mapred/record/HadoopRecordOutputFormat.java:110: warning - Tag @see:illegal character: "47" in "http://docs.oracle.com/javase/7/docs/api/java/io/Serializable.html"
[WARNING] /tmp/DynaMoth_Bugs.jar_Flink_32a003d5/stratosphere-addons/hadoop-compatibility/src/main/java/eu/stratosphere/hadoopcompatibility/mapred/record/HadoopRecordOutputFormat.java:110: warning - Tag @see:illegal character: "47" in "http://docs.oracle.com/javase/7/docs/api/java/io/Serializable.html"
[WARNING] /tmp/DynaMoth_Bugs.jar_Flink_32a003d5/stratosphere-addons/hadoop-compatibility/src/main/java/eu/stratosphere/hadoopcompatibility/mapred/record/HadoopRecordOutputFormat.java:110: warning - Tag @see:illegal character: "47" in "http://docs.oracle.com/javase/7/docs/api/java/io/Serializable.html"
[WARNING] /tmp/DynaMoth_Bugs.jar_Flink_32a003d5/stratosphere-addons/hadoop-compatibility/src/main/java/eu/stratosphere/hadoopcompatibility/mapred/record/HadoopRecordOutputFormat.java:110: warning - Tag @see:illegal character: "47" in "http://docs.oracle.com/javase/7/docs/api/java/io/Serializable.html"
[WARNING] /tmp/DynaMoth_Bugs.jar_Flink_32a003d5/stratosphere-addons/hadoop-compatibility/src/main/java/eu/stratosphere/hadoopcompatibility/mapred/record/HadoopRecordOutputFormat.java:110: warning - Tag @see:illegal character: "47" in "http://docs.oracle.com/javase/7/docs/api/java/io/Serializable.html"
[WARNING] /tmp/DynaMoth_Bugs.jar_Flink_32a003d5/stratosphere-addons/hadoop-compatibility/src/main/java/eu/stratosphere/hadoopcompatibility/mapred/record/HadoopRecordOutputFormat.java:110: warning - Tag @see:illegal character: "47" in "http://docs.oracle.com/javase/7/docs/api/java/io/Serializable.html"
[WARNING] /tmp/DynaMoth_Bugs.jar_Flink_32a003d5/stratosphere-addons/hadoop-compatibility/src/main/java/eu/stratosphere/hadoopcompatibility/mapred/record/HadoopRecordOutputFormat.java:110: warning - Tag @see: reference not found: http://docs.oracle.com/javase/7/docs/api/java/io/Serializable.html
[INFO] Building jar: /tmp/DynaMoth_Bugs.jar_Flink_32a003d5/stratosphere-addons/hadoop-compatibility/target/hadoop-compatibility-0.6-SNAPSHOT-javadoc.jar
[INFO] 
[INFO] >>> maven-source-plugin:2.2.1:jar (attach-sources) > generate-sources @ hadoop-compatibility >>>
[INFO] 
[INFO] --- maven-checkstyle-plugin:2.12.1:check (validate) @ hadoop-compatibility ---
[INFO] 
[INFO] --- maven-enforcer-plugin:1.3.1:enforce (enforce-maven) @ hadoop-compatibility ---
[INFO] Skipping Rule Enforcement.
[INFO] 
[INFO] <<< maven-source-plugin:2.2.1:jar (attach-sources) < generate-sources @ hadoop-compatibility <<<
[INFO] 
[INFO] 
[INFO] --- maven-source-plugin:2.2.1:jar (attach-sources) @ hadoop-compatibility ---
[INFO] Building jar: /tmp/DynaMoth_Bugs.jar_Flink_32a003d5/stratosphere-addons/hadoop-compatibility/target/hadoop-compatibility-0.6-SNAPSHOT-sources.jar
[INFO] 
[INFO] --- maven-failsafe-plugin:2.6:integration-test (default) @ hadoop-compatibility ---
[INFO] Tests are skipped.
[INFO] 
[INFO] --- apache-rat-plugin:0.10:check (default) @ hadoop-compatibility ---
[INFO] 51 implicit excludes (use -debug for more details).
[INFO] Exclude: **/.*
[INFO] Exclude: **/*.prefs
[INFO] Exclude: **/resources/**
[INFO] Exclude: **/stratosphere-bin/conf/slaves
[INFO] Exclude: **/README.md
[INFO] Exclude: tools/checkstyle.xml
[INFO] Exclude: CHANGELOG
[INFO] Exclude: **/*.creole
[INFO] Exclude: CONTRIBUTORS
[INFO] Exclude: tools/maven/checkstyle.xml
[INFO] Exclude: tools/maven/suppressions.xml
[INFO] Exclude: **/pom.xml
[INFO] Exclude: **/pom.hadoop2.xml
[INFO] Exclude: **/*.iml
[INFO] Exclude: **/target/**
[INFO] Exclude: **/docs/**
[INFO] 29 resources included (use -debug for more details)
[INFO] Rat check: Summary of files. Unapproved: 0 unknown: 0 generated: 0 approved: 29 licence.
[INFO] 
[INFO] --- maven-failsafe-plugin:2.6:verify (default) @ hadoop-compatibility ---
[INFO] Tests are skipped.
[INFO] 
[INFO] --- maven-install-plugin:2.4:install (default-install) @ hadoop-compatibility ---
[INFO] Installing /tmp/DynaMoth_Bugs.jar_Flink_32a003d5/stratosphere-addons/hadoop-compatibility/target/hadoop-compatibility-0.6-SNAPSHOT.jar to /tmp/DynaMoth_Bugs.jar_Flink_32a003d5/.m2/eu/stratosphere/hadoop-compatibility/0.6-SNAPSHOT/hadoop-compatibility-0.6-SNAPSHOT.jar
[INFO] Installing /tmp/DynaMoth_Bugs.jar_Flink_32a003d5/stratosphere-addons/hadoop-compatibility/pom.xml to /tmp/DynaMoth_Bugs.jar_Flink_32a003d5/.m2/eu/stratosphere/hadoop-compatibility/0.6-SNAPSHOT/hadoop-compatibility-0.6-SNAPSHOT.pom
[INFO] Installing /tmp/DynaMoth_Bugs.jar_Flink_32a003d5/stratosphere-addons/hadoop-compatibility/target/hadoop-compatibility-0.6-SNAPSHOT-javadoc.jar to /tmp/DynaMoth_Bugs.jar_Flink_32a003d5/.m2/eu/stratosphere/hadoop-compatibility/0.6-SNAPSHOT/hadoop-compatibility-0.6-SNAPSHOT-javadoc.jar
[INFO] Installing /tmp/DynaMoth_Bugs.jar_Flink_32a003d5/stratosphere-addons/hadoop-compatibility/target/hadoop-compatibility-0.6-SNAPSHOT-sources.jar to /tmp/DynaMoth_Bugs.jar_Flink_32a003d5/.m2/eu/stratosphere/hadoop-compatibility/0.6-SNAPSHOT/hadoop-compatibility-0.6-SNAPSHOT-sources.jar
[INFO] 
[INFO] ------------------------------------------------------------------------
[INFO] Building stratosphere-quickstart 0.6-SNAPSHOT
[INFO] ------------------------------------------------------------------------
[INFO] 
[INFO] --- maven-checkstyle-plugin:2.12.1:check (validate) @ stratosphere-quickstart ---
[INFO] 
[INFO] --- maven-enforcer-plugin:1.3.1:enforce (enforce-maven) @ stratosphere-quickstart ---
[INFO] Skipping Rule Enforcement.
[INFO] 
[INFO] --- maven-javadoc-plugin:2.9.1:jar (attach-javadocs) @ stratosphere-quickstart ---
[INFO] Not executing Javadoc as the project is not a Java classpath-capable package
[INFO] 
[INFO] >>> maven-source-plugin:2.2.1:jar (attach-sources) > generate-sources @ stratosphere-quickstart >>>
[INFO] 
[INFO] --- maven-checkstyle-plugin:2.12.1:check (validate) @ stratosphere-quickstart ---
[INFO] 
[INFO] --- maven-enforcer-plugin:1.3.1:enforce (enforce-maven) @ stratosphere-quickstart ---
[INFO] Skipping Rule Enforcement.
[INFO] 
[INFO] <<< maven-source-plugin:2.2.1:jar (attach-sources) < generate-sources @ stratosphere-quickstart <<<
[INFO] 
[INFO] 
[INFO] --- maven-source-plugin:2.2.1:jar (attach-sources) @ stratosphere-quickstart ---
[INFO] 
[INFO] --- maven-failsafe-plugin:2.6:integration-test (default) @ stratosphere-quickstart ---
[INFO] Tests are skipped.
[INFO] 
[INFO] --- apache-rat-plugin:0.10:check (default) @ stratosphere-quickstart ---
[INFO] 51 implicit excludes (use -debug for more details).
[INFO] Exclude: **/.*
[INFO] Exclude: **/*.prefs
[INFO] Exclude: **/resources/**
[INFO] Exclude: **/stratosphere-bin/conf/slaves
[INFO] Exclude: **/README.md
[INFO] Exclude: tools/checkstyle.xml
[INFO] Exclude: CHANGELOG
[INFO] Exclude: **/*.creole
[INFO] Exclude: CONTRIBUTORS
[INFO] Exclude: tools/maven/checkstyle.xml
[INFO] Exclude: tools/maven/suppressions.xml
[INFO] Exclude: **/pom.xml
[INFO] Exclude: **/pom.hadoop2.xml
[INFO] Exclude: **/*.iml
[INFO] Exclude: **/target/**
[INFO] Exclude: **/docs/**
[INFO] 6 resources included (use -debug for more details)
[INFO] Rat check: Summary of files. Unapproved: 0 unknown: 0 generated: 0 approved: 6 licence.
[INFO] 
[INFO] --- maven-failsafe-plugin:2.6:verify (default) @ stratosphere-quickstart ---
[INFO] Tests are skipped.
[INFO] 
[INFO] --- maven-install-plugin:2.4:install (default-install) @ stratosphere-quickstart ---
[INFO] Installing /tmp/DynaMoth_Bugs.jar_Flink_32a003d5/stratosphere-quickstart/pom.xml to /tmp/DynaMoth_Bugs.jar_Flink_32a003d5/.m2/eu/stratosphere/stratosphere-quickstart/0.6-SNAPSHOT/stratosphere-quickstart-0.6-SNAPSHOT.pom
[INFO] 
[INFO] ------------------------------------------------------------------------
[INFO] Building quickstart-java 0.6-SNAPSHOT
[INFO] ------------------------------------------------------------------------
[INFO] 
[INFO] --- maven-checkstyle-plugin:2.12.1:check (validate) @ quickstart-java ---
[INFO] 
[INFO] --- maven-enforcer-plugin:1.3.1:enforce (enforce-maven) @ quickstart-java ---
[INFO] Skipping Rule Enforcement.
[INFO] 
[INFO] --- maven-resources-plugin:2.6:resources (default-resources) @ quickstart-java ---
[INFO] Using 'UTF-8' encoding to copy filtered resources.
[INFO] Copying 4 resources
[INFO] 
[INFO] --- maven-compiler-plugin:3.1:compile (default-compile) @ quickstart-java ---
[INFO] Changes detected - recompiling the module!
[INFO] Compiling 1 source file to /tmp/DynaMoth_Bugs.jar_Flink_32a003d5/stratosphere-quickstart/quickstart-java/target/classes
[INFO] 
[INFO] --- maven-resources-plugin:2.6:testResources (default-testResources) @ quickstart-java ---
[INFO] Using 'UTF-8' encoding to copy filtered resources.
[INFO] skip non existing resourceDirectory /tmp/DynaMoth_Bugs.jar_Flink_32a003d5/stratosphere-quickstart/quickstart-java/src/test/resources
[INFO] 
[INFO] --- maven-compiler-plugin:3.1:testCompile (default-testCompile) @ quickstart-java ---
[INFO] No sources to compile
[INFO] 
[INFO] --- maven-surefire-plugin:2.16:test (default-test) @ quickstart-java ---
[INFO] Tests are skipped.
[INFO] 
[INFO] --- maven-jar-plugin:2.4:jar (default-jar) @ quickstart-java ---
[INFO] Building jar: /tmp/DynaMoth_Bugs.jar_Flink_32a003d5/stratosphere-quickstart/quickstart-java/target/quickstart-java-0.6-SNAPSHOT.jar
[INFO] 
[INFO] --- maven-javadoc-plugin:2.9.1:jar (attach-javadocs) @ quickstart-java ---
[WARNING] Javadoc Warnings
[WARNING] Picked up JAVA_TOOL_OPTIONS: -XX:CICompilerCount=2 -XX:ParallelGCThreads=2 -XX:ConcGCThreads=2 -Djdk.net.URLClassPath.disableClassPathURLCheck=true
[WARNING] Picked up _JAVA_OPTIONS: -Djdk.net.URLClassPath.disableClassPathURLCheck=true
[INFO] Building jar: /tmp/DynaMoth_Bugs.jar_Flink_32a003d5/stratosphere-quickstart/quickstart-java/target/quickstart-java-0.6-SNAPSHOT-javadoc.jar
[INFO] 
[INFO] >>> maven-source-plugin:2.2.1:jar (attach-sources) > generate-sources @ quickstart-java >>>
[INFO] 
[INFO] --- maven-checkstyle-plugin:2.12.1:check (validate) @ quickstart-java ---
[INFO] 
[INFO] --- maven-enforcer-plugin:1.3.1:enforce (enforce-maven) @ quickstart-java ---
[INFO] Skipping Rule Enforcement.
[INFO] 
[INFO] <<< maven-source-plugin:2.2.1:jar (attach-sources) < generate-sources @ quickstart-java <<<
[INFO] 
[INFO] 
[INFO] --- maven-source-plugin:2.2.1:jar (attach-sources) @ quickstart-java ---
[INFO] Building jar: /tmp/DynaMoth_Bugs.jar_Flink_32a003d5/stratosphere-quickstart/quickstart-java/target/quickstart-java-0.6-SNAPSHOT-sources.jar
[INFO] 
[INFO] --- maven-failsafe-plugin:2.6:integration-test (default) @ quickstart-java ---
[INFO] Tests are skipped.
[INFO] 
[INFO] --- apache-rat-plugin:0.10:check (default) @ quickstart-java ---
[INFO] 51 implicit excludes (use -debug for more details).
[INFO] Exclude: **/.*
[INFO] Exclude: **/*.prefs
[INFO] Exclude: **/resources/**
[INFO] Exclude: **/stratosphere-bin/conf/slaves
[INFO] Exclude: **/README.md
[INFO] Exclude: tools/checkstyle.xml
[INFO] Exclude: CHANGELOG
[INFO] Exclude: **/*.creole
[INFO] Exclude: CONTRIBUTORS
[INFO] Exclude: tools/maven/checkstyle.xml
[INFO] Exclude: tools/maven/suppressions.xml
[INFO] Exclude: **/pom.xml
[INFO] Exclude: **/pom.hadoop2.xml
[INFO] Exclude: **/*.iml
[INFO] Exclude: **/target/**
[INFO] Exclude: **/docs/**
[INFO] 1 resources included (use -debug for more details)
[INFO] Rat check: Summary of files. Unapproved: 0 unknown: 0 generated: 0 approved: 1 licence.
[INFO] 
[INFO] --- maven-failsafe-plugin:2.6:verify (default) @ quickstart-java ---
[INFO] Tests are skipped.
[INFO] 
[INFO] --- maven-install-plugin:2.4:install (default-install) @ quickstart-java ---
[INFO] Installing /tmp/DynaMoth_Bugs.jar_Flink_32a003d5/stratosphere-quickstart/quickstart-java/target/quickstart-java-0.6-SNAPSHOT.jar to /tmp/DynaMoth_Bugs.jar_Flink_32a003d5/.m2/eu/stratosphere/quickstart-java/0.6-SNAPSHOT/quickstart-java-0.6-SNAPSHOT.jar
[INFO] Installing /tmp/DynaMoth_Bugs.jar_Flink_32a003d5/stratosphere-quickstart/quickstart-java/pom.xml to /tmp/DynaMoth_Bugs.jar_Flink_32a003d5/.m2/eu/stratosphere/quickstart-java/0.6-SNAPSHOT/quickstart-java-0.6-SNAPSHOT.pom
[INFO] Installing /tmp/DynaMoth_Bugs.jar_Flink_32a003d5/stratosphere-quickstart/quickstart-java/target/quickstart-java-0.6-SNAPSHOT-javadoc.jar to /tmp/DynaMoth_Bugs.jar_Flink_32a003d5/.m2/eu/stratosphere/quickstart-java/0.6-SNAPSHOT/quickstart-java-0.6-SNAPSHOT-javadoc.jar
[INFO] Installing /tmp/DynaMoth_Bugs.jar_Flink_32a003d5/stratosphere-quickstart/quickstart-java/target/quickstart-java-0.6-SNAPSHOT-sources.jar to /tmp/DynaMoth_Bugs.jar_Flink_32a003d5/.m2/eu/stratosphere/quickstart-java/0.6-SNAPSHOT/quickstart-java-0.6-SNAPSHOT-sources.jar
[INFO] 
[INFO] ------------------------------------------------------------------------
[INFO] Building quickstart-scala 0.6-SNAPSHOT
[INFO] ------------------------------------------------------------------------
[INFO] 
[INFO] --- maven-checkstyle-plugin:2.12.1:check (validate) @ quickstart-scala ---
[INFO] 
[INFO] --- maven-enforcer-plugin:1.3.1:enforce (enforce-maven) @ quickstart-scala ---
[INFO] Skipping Rule Enforcement.
[INFO] 
[INFO] --- maven-resources-plugin:2.6:resources (default-resources) @ quickstart-scala ---
[INFO] Using 'UTF-8' encoding to copy filtered resources.
[INFO] Copying 4 resources
[INFO] 
[INFO] --- maven-compiler-plugin:3.1:compile (default-compile) @ quickstart-scala ---
[INFO] Changes detected - recompiling the module!
[INFO] Compiling 1 source file to /tmp/DynaMoth_Bugs.jar_Flink_32a003d5/stratosphere-quickstart/quickstart-scala/target/classes
[INFO] 
[INFO] --- maven-resources-plugin:2.6:testResources (default-testResources) @ quickstart-scala ---
[INFO] Using 'UTF-8' encoding to copy filtered resources.
[INFO] skip non existing resourceDirectory /tmp/DynaMoth_Bugs.jar_Flink_32a003d5/stratosphere-quickstart/quickstart-scala/src/test/resources
[INFO] 
[INFO] --- maven-compiler-plugin:3.1:testCompile (default-testCompile) @ quickstart-scala ---
[INFO] No sources to compile
[INFO] 
[INFO] --- maven-surefire-plugin:2.16:test (default-test) @ quickstart-scala ---
[INFO] Tests are skipped.
[INFO] 
[INFO] --- maven-jar-plugin:2.4:jar (default-jar) @ quickstart-scala ---
[INFO] Building jar: /tmp/DynaMoth_Bugs.jar_Flink_32a003d5/stratosphere-quickstart/quickstart-scala/target/quickstart-scala-0.6-SNAPSHOT.jar
[INFO] 
[INFO] --- maven-javadoc-plugin:2.9.1:jar (attach-javadocs) @ quickstart-scala ---
[WARNING] Javadoc Warnings
[WARNING] Picked up JAVA_TOOL_OPTIONS: -XX:CICompilerCount=2 -XX:ParallelGCThreads=2 -XX:ConcGCThreads=2 -Djdk.net.URLClassPath.disableClassPathURLCheck=true
[WARNING] Picked up _JAVA_OPTIONS: -Djdk.net.URLClassPath.disableClassPathURLCheck=true
[INFO] Building jar: /tmp/DynaMoth_Bugs.jar_Flink_32a003d5/stratosphere-quickstart/quickstart-scala/target/quickstart-scala-0.6-SNAPSHOT-javadoc.jar
[INFO] 
[INFO] >>> maven-source-plugin:2.2.1:jar (attach-sources) > generate-sources @ quickstart-scala >>>
[INFO] 
[INFO] --- maven-checkstyle-plugin:2.12.1:check (validate) @ quickstart-scala ---
[INFO] 
[INFO] --- maven-enforcer-plugin:1.3.1:enforce (enforce-maven) @ quickstart-scala ---
[INFO] Skipping Rule Enforcement.
[INFO] 
[INFO] <<< maven-source-plugin:2.2.1:jar (attach-sources) < generate-sources @ quickstart-scala <<<
[INFO] 
[INFO] 
[INFO] --- maven-source-plugin:2.2.1:jar (attach-sources) @ quickstart-scala ---
[INFO] Building jar: /tmp/DynaMoth_Bugs.jar_Flink_32a003d5/stratosphere-quickstart/quickstart-scala/target/quickstart-scala-0.6-SNAPSHOT-sources.jar
[INFO] 
[INFO] --- maven-failsafe-plugin:2.6:integration-test (default) @ quickstart-scala ---
[INFO] Tests are skipped.
[INFO] 
[INFO] --- apache-rat-plugin:0.10:check (default) @ quickstart-scala ---
[INFO] 51 implicit excludes (use -debug for more details).
[INFO] Exclude: **/.*
[INFO] Exclude: **/*.prefs
[INFO] Exclude: **/resources/**
[INFO] Exclude: **/stratosphere-bin/conf/slaves
[INFO] Exclude: **/README.md
[INFO] Exclude: tools/checkstyle.xml
[INFO] Exclude: CHANGELOG
[INFO] Exclude: **/*.creole
[INFO] Exclude: CONTRIBUTORS
[INFO] Exclude: tools/maven/checkstyle.xml
[INFO] Exclude: tools/maven/suppressions.xml
[INFO] Exclude: **/pom.xml
[INFO] Exclude: **/pom.hadoop2.xml
[INFO] Exclude: **/*.iml
[INFO] Exclude: **/target/**
[INFO] Exclude: **/docs/**
[INFO] 1 resources included (use -debug for more details)
[INFO] Rat check: Summary of files. Unapproved: 0 unknown: 0 generated: 0 approved: 1 licence.
[INFO] 
[INFO] --- maven-failsafe-plugin:2.6:verify (default) @ quickstart-scala ---
[INFO] Tests are skipped.
[INFO] 
[INFO] --- maven-install-plugin:2.4:install (default-install) @ quickstart-scala ---
[INFO] Installing /tmp/DynaMoth_Bugs.jar_Flink_32a003d5/stratosphere-quickstart/quickstart-scala/target/quickstart-scala-0.6-SNAPSHOT.jar to /tmp/DynaMoth_Bugs.jar_Flink_32a003d5/.m2/eu/stratosphere/quickstart-scala/0.6-SNAPSHOT/quickstart-scala-0.6-SNAPSHOT.jar
[INFO] Installing /tmp/DynaMoth_Bugs.jar_Flink_32a003d5/stratosphere-quickstart/quickstart-scala/pom.xml to /tmp/DynaMoth_Bugs.jar_Flink_32a003d5/.m2/eu/stratosphere/quickstart-scala/0.6-SNAPSHOT/quickstart-scala-0.6-SNAPSHOT.pom
[INFO] Installing /tmp/DynaMoth_Bugs.jar_Flink_32a003d5/stratosphere-quickstart/quickstart-scala/target/quickstart-scala-0.6-SNAPSHOT-javadoc.jar to /tmp/DynaMoth_Bugs.jar_Flink_32a003d5/.m2/eu/stratosphere/quickstart-scala/0.6-SNAPSHOT/quickstart-scala-0.6-SNAPSHOT-javadoc.jar
[INFO] Installing /tmp/DynaMoth_Bugs.jar_Flink_32a003d5/stratosphere-quickstart/quickstart-scala/target/quickstart-scala-0.6-SNAPSHOT-sources.jar to /tmp/DynaMoth_Bugs.jar_Flink_32a003d5/.m2/eu/stratosphere/quickstart-scala/0.6-SNAPSHOT/quickstart-scala-0.6-SNAPSHOT-sources.jar
[INFO] 
[INFO] ------------------------------------------------------------------------
[INFO] Building stratosphere-dist 0.6-SNAPSHOT
[INFO] ------------------------------------------------------------------------
[INFO] 
[INFO] --- maven-checkstyle-plugin:2.12.1:check (validate) @ stratosphere-dist ---
[INFO] 
[INFO] --- maven-enforcer-plugin:1.3.1:enforce (enforce-maven) @ stratosphere-dist ---
[INFO] Skipping Rule Enforcement.
[INFO] 
[INFO] --- git-commit-id-plugin:2.1.5:revision (default) @ stratosphere-dist ---
[info] 
[info] /tmp/DynaMoth_Bugs.jar_Flink_32a003d5/stratosphere-dist/../.git
[info] 
[info] 
[info] 
[info] 
[info] 
[info] 
[info] 
[info] 
[info] 
[info] 
[info] 
[info] 
[info] 
[info] 
[info] 
[INFO] 
[INFO] --- maven-javadoc-plugin:2.9.1:jar (attach-javadocs) @ stratosphere-dist ---
[INFO] Not executing Javadoc as the project is not a Java classpath-capable package
[INFO] 
[INFO] >>> maven-source-plugin:2.2.1:jar (attach-sources) > generate-sources @ stratosphere-dist >>>
[INFO] 
[INFO] --- maven-checkstyle-plugin:2.12.1:check (validate) @ stratosphere-dist ---
[INFO] 
[INFO] --- maven-enforcer-plugin:1.3.1:enforce (enforce-maven) @ stratosphere-dist ---
[INFO] Skipping Rule Enforcement.
[INFO] 
[INFO] --- git-commit-id-plugin:2.1.5:revision (default) @ stratosphere-dist ---
[info] 
[info] /tmp/DynaMoth_Bugs.jar_Flink_32a003d5/stratosphere-dist/../.git
[info] 
[info] 
[info] 
[info] 
[info] 
[info] 
[info] 
[info] 
[info] 
[info] 
[info] 
[info] 
[info] 
[info] 
[info] 
[INFO] 
[INFO] <<< maven-source-plugin:2.2.1:jar (attach-sources) < generate-sources @ stratosphere-dist <<<
[INFO] 
[INFO] 
[INFO] --- maven-source-plugin:2.2.1:jar (attach-sources) @ stratosphere-dist ---
[INFO] 
[INFO] --- maven-assembly-plugin:2.2-beta-5:single (generate-package) @ stratosphere-dist ---
[INFO] Downloading: https://repo.maven.apache.org/maven2/org/apache/maven/shared/maven-common-artifact-filters/1.1/maven-common-artifact-filters-1.1.pom
[INFO] Downloaded: https://repo.maven.apache.org/maven2/org/apache/maven/shared/maven-common-artifact-filters/1.1/maven-common-artifact-filters-1.1.pom (2.8 kB at 252 kB/s)
[INFO] Downloading: https://repo.maven.apache.org/maven2/org/codehaus/plexus/plexus-interpolation/1.7/plexus-interpolation-1.7.pom
[INFO] Downloaded: https://repo.maven.apache.org/maven2/org/codehaus/plexus/plexus-interpolation/1.7/plexus-interpolation-1.7.pom (2.9 kB at 484 kB/s)
[INFO] Downloading: https://repo.maven.apache.org/maven2/org/codehaus/plexus/plexus-archiver/1.0-alpha-12/plexus-archiver-1.0-alpha-12.pom
[INFO] Downloaded: https://repo.maven.apache.org/maven2/org/codehaus/plexus/plexus-archiver/1.0-alpha-12/plexus-archiver-1.0-alpha-12.pom (1.6 kB at 262 kB/s)
[INFO] Downloading: https://repo.maven.apache.org/maven2/org/codehaus/plexus/plexus-io/1.0-alpha-4/plexus-io-1.0-alpha-4.pom
[INFO] Downloaded: https://repo.maven.apache.org/maven2/org/codehaus/plexus/plexus-io/1.0-alpha-4/plexus-io-1.0-alpha-4.pom (1.2 kB at 149 kB/s)
[INFO] Downloading: https://repo.maven.apache.org/maven2/org/apache/maven/shared/maven-filtering/1.0-beta-2/maven-filtering-1.0-beta-2.pom
[INFO] Downloaded: https://repo.maven.apache.org/maven2/org/apache/maven/shared/maven-filtering/1.0-beta-2/maven-filtering-1.0-beta-2.pom (4.0 kB at 448 kB/s)
[INFO] Downloading: https://repo.maven.apache.org/maven2/org/codehaus/plexus/plexus-interpolation/1.6/plexus-interpolation-1.6.pom
[INFO] Downloaded: https://repo.maven.apache.org/maven2/org/codehaus/plexus/plexus-interpolation/1.6/plexus-interpolation-1.6.pom (2.9 kB at 484 kB/s)
[INFO] Downloading: https://repo.maven.apache.org/maven2/org/codehaus/plexus/plexus-active-collections/1.0-beta-2/plexus-active-collections-1.0-beta-2.pom
[INFO] Downloaded: https://repo.maven.apache.org/maven2/org/codehaus/plexus/plexus-active-collections/1.0-beta-2/plexus-active-collections-1.0-beta-2.pom (2.8 kB at 309 kB/s)
[INFO] Downloading: https://repo.maven.apache.org/maven2/org/codehaus/plexus/plexus-container-default/1.0-alpha-22/plexus-container-default-1.0-alpha-22.pom
[INFO] Downloaded: https://repo.maven.apache.org/maven2/org/codehaus/plexus/plexus-container-default/1.0-alpha-22/plexus-container-default-1.0-alpha-22.pom (3.0 kB at 498 kB/s)
[INFO] Downloading: https://repo.maven.apache.org/maven2/org/codehaus/plexus/plexus-containers/1.0-alpha-22/plexus-containers-1.0-alpha-22.pom
[INFO] Downloaded: https://repo.maven.apache.org/maven2/org/codehaus/plexus/plexus-containers/1.0-alpha-22/plexus-containers-1.0-alpha-22.pom (1.9 kB at 314 kB/s)
[INFO] Downloading: https://repo.maven.apache.org/maven2/org/apache/maven/maven-plugin-api/2.0.4/maven-plugin-api-2.0.4.pom
[INFO] Downloaded: https://repo.maven.apache.org/maven2/org/apache/maven/maven-plugin-api/2.0.4/maven-plugin-api-2.0.4.pom (643 B at 92 kB/s)
[INFO] Downloading: https://repo.maven.apache.org/maven2/org/apache/maven/maven-archiver/2.4/maven-archiver-2.4.pom
[INFO] Downloaded: https://repo.maven.apache.org/maven2/org/apache/maven/maven-archiver/2.4/maven-archiver-2.4.pom (3.4 kB at 572 kB/s)
[INFO] Downloading: https://repo.maven.apache.org/maven2/org/codehaus/plexus/plexus-archiver/1.0-alpha-11/plexus-archiver-1.0-alpha-11.pom
[INFO] Downloaded: https://repo.maven.apache.org/maven2/org/codehaus/plexus/plexus-archiver/1.0-alpha-11/plexus-archiver-1.0-alpha-11.pom (1.8 kB at 300 kB/s)
[INFO] Downloading: https://repo.maven.apache.org/maven2/org/codehaus/plexus/plexus-io/1.0-alpha-3/plexus-io-1.0-alpha-3.pom
[INFO] Downloaded: https://repo.maven.apache.org/maven2/org/codehaus/plexus/plexus-io/1.0-alpha-3/plexus-io-1.0-alpha-3.pom (1.4 kB at 201 kB/s)
[INFO] Downloading: https://repo.maven.apache.org/maven2/org/codehaus/plexus/plexus-utils/2.0.1/plexus-utils-2.0.1.pom
[INFO] Downloaded: https://repo.maven.apache.org/maven2/org/codehaus/plexus/plexus-utils/2.0.1/plexus-utils-2.0.1.pom (3.3 kB at 669 kB/s)
[INFO] Downloading: https://repo.maven.apache.org/maven2/org/apache/maven/maven-artifact-manager/2.0.2/maven-artifact-manager-2.0.2.jar
[INFO] Downloading: https://repo.maven.apache.org/maven2/org/apache/maven/maven-repository-metadata/2.0.2/maven-repository-metadata-2.0.2.jar
[INFO] Downloading: https://repo.maven.apache.org/maven2/org/apache/maven/maven-profile/2.0.4/maven-profile-2.0.4.jar
[INFO] Downloaded: https://repo.maven.apache.org/maven2/org/apache/maven/maven-artifact-manager/2.0.2/maven-artifact-manager-2.0.2.jar (49 kB at 5.5 MB/s)
[INFO] Downloaded: https://repo.maven.apache.org/maven2/org/apache/maven/maven-profile/2.0.4/maven-profile-2.0.4.jar (30 kB at 3.0 MB/s)
[INFO] Downloaded: https://repo.maven.apache.org/maven2/org/apache/maven/maven-repository-metadata/2.0.2/maven-repository-metadata-2.0.2.jar (20 kB at 1.6 MB/s)
[INFO] Reading assembly descriptor: src/main/assemblies/bin.xml
[INFO] stratosphere-0.6-SNAPSHOT/resources/ already added, skipping
[INFO] Copying files to /tmp/DynaMoth_Bugs.jar_Flink_32a003d5/stratosphere-dist/target/stratosphere-dist-0.6-SNAPSHOT-bin
[INFO] stratosphere-0.6-SNAPSHOT/resources/ already added, skipping
[WARNING] Assembly file: /tmp/DynaMoth_Bugs.jar_Flink_32a003d5/stratosphere-dist/target/stratosphere-dist-0.6-SNAPSHOT-bin is not a regular file (it may be a directory). It cannot be attached to the project build for installation or deployment.
[INFO] 
[INFO] --- maven-failsafe-plugin:2.6:integration-test (default) @ stratosphere-dist ---
[INFO] Tests are skipped.
[INFO] 
[INFO] --- apache-rat-plugin:0.10:check (default) @ stratosphere-dist ---
[INFO] 51 implicit excludes (use -debug for more details).
[INFO] Exclude: **/.*
[INFO] Exclude: **/*.prefs
[INFO] Exclude: **/resources/**
[INFO] Exclude: **/stratosphere-bin/conf/slaves
[INFO] Exclude: **/README.md
[INFO] Exclude: tools/checkstyle.xml
[INFO] Exclude: CHANGELOG
[INFO] Exclude: **/*.creole
[INFO] Exclude: CONTRIBUTORS
[INFO] Exclude: tools/maven/checkstyle.xml
[INFO] Exclude: tools/maven/suppressions.xml
[INFO] Exclude: **/pom.xml
[INFO] Exclude: **/pom.hadoop2.xml
[INFO] Exclude: **/*.iml
[INFO] Exclude: **/target/**
[INFO] Exclude: **/docs/**
[INFO] 29 resources included (use -debug for more details)
[INFO] Rat check: Summary of files. Unapproved: 0 unknown: 0 generated: 0 approved: 26 licence.
[INFO] 
[INFO] --- maven-failsafe-plugin:2.6:verify (default) @ stratosphere-dist ---
[INFO] Tests are skipped.
[INFO] 
[INFO] --- maven-install-plugin:2.4:install (default-install) @ stratosphere-dist ---
[INFO] Installing /tmp/DynaMoth_Bugs.jar_Flink_32a003d5/stratosphere-dist/pom.xml to /tmp/DynaMoth_Bugs.jar_Flink_32a003d5/.m2/eu/stratosphere/stratosphere-dist/0.6-SNAPSHOT/stratosphere-dist-0.6-SNAPSHOT.pom
[INFO] ------------------------------------------------------------------------
[INFO] Reactor Summary:
[INFO] 
[INFO] stratosphere ....................................... SUCCESS [ 14.742 s]
[INFO] stratosphere-core .................................. FAILURE [ 10.813 s]
[INFO] stratosphere-java .................................. FAILURE [ 10.313 s]
[INFO] stratosphere-runtime ............................... FAILURE [ 34.658 s]
[INFO] stratosphere-compiler .............................. FAILURE [  8.188 s]
[INFO] stratosphere-scala ................................. FAILURE [ 58.904 s]
[INFO] stratosphere-clients ............................... FAILURE [  4.234 s]
[INFO] stratosphere-examples .............................. SUCCESS [  0.112 s]
[INFO] stratosphere-java-examples ......................... FAILURE [  4.130 s]
[INFO] stratosphere-scala-examples ........................ FAILURE [ 39.304 s]
[INFO] stratosphere-test-utils ............................ FAILURE [  2.385 s]
[INFO] stratosphere-tests ................................. FAILURE [  2.662 s]
[INFO] stratosphere-addons ................................ SUCCESS [  0.101 s]
[INFO] avro ............................................... FAILURE [  3.478 s]
[INFO] jdbc ............................................... SUCCESS [  2.557 s]
[INFO] spargel ............................................ FAILURE [  2.733 s]
[INFO] hadoop-compatibility ............................... SUCCESS [ 26.655 s]
[INFO] stratosphere-quickstart ............................ SUCCESS [  0.035 s]
[INFO] quickstart-java .................................... SUCCESS [  1.233 s]
[INFO] quickstart-scala ................................... SUCCESS [  1.306 s]
[INFO] stratosphere-dist .................................. SUCCESS [ 11.721 s]
[INFO] ------------------------------------------------------------------------
[INFO] BUILD FAILURE
[INFO] ------------------------------------------------------------------------
[INFO] Total time: 04:00 min
[INFO] Finished at: 2019-08-21T13:32:25-07:00
[INFO] Final Memory: 85M/3208M
[INFO] ------------------------------------------------------------------------
[ERROR] Failed to execute goal org.apache.maven.plugins:maven-install-plugin:2.4:install (default-install) on project stratosphere-core: Failed to install artifact eu.stratosphere:stratosphere-core:jar:0.6-SNAPSHOT: /tmp/DynaMoth_Bugs.jar_Flink_32a003d5/.m2/eu/stratosphere/stratosphere-core/0.6-SNAPSHOT/stratosphere-core-0.6-SNAPSHOT.jar (Permission denied) -> [Help 1]
[ERROR] Failed to execute goal org.apache.maven.plugins:maven-install-plugin:2.4:install (default-install) on project stratosphere-java: Failed to install artifact eu.stratosphere:stratosphere-java:jar:0.6-SNAPSHOT: /tmp/DynaMoth_Bugs.jar_Flink_32a003d5/.m2/eu/stratosphere/stratosphere-java/0.6-SNAPSHOT/stratosphere-java-0.6-SNAPSHOT.jar (Permission denied) -> [Help 1]
[ERROR] Failed to execute goal org.apache.maven.plugins:maven-install-plugin:2.4:install (default-install) on project stratosphere-runtime: Failed to install artifact eu.stratosphere:stratosphere-runtime:jar:0.6-SNAPSHOT: /tmp/DynaMoth_Bugs.jar_Flink_32a003d5/.m2/eu/stratosphere/stratosphere-runtime/0.6-SNAPSHOT/stratosphere-runtime-0.6-SNAPSHOT.jar (Permission denied) -> [Help 1]
[ERROR] Failed to execute goal org.apache.maven.plugins:maven-install-plugin:2.4:install (default-install) on project stratosphere-compiler: Failed to install artifact eu.stratosphere:stratosphere-compiler:jar:0.6-SNAPSHOT: /tmp/DynaMoth_Bugs.jar_Flink_32a003d5/.m2/eu/stratosphere/stratosphere-compiler/0.6-SNAPSHOT/stratosphere-compiler-0.6-SNAPSHOT.jar (Permission denied) -> [Help 1]
[ERROR] Failed to execute goal org.apache.maven.plugins:maven-install-plugin:2.4:install (default-install) on project stratosphere-scala: Failed to install artifact eu.stratosphere:stratosphere-scala:jar:0.6-SNAPSHOT: /tmp/DynaMoth_Bugs.jar_Flink_32a003d5/.m2/eu/stratosphere/stratosphere-scala/0.6-SNAPSHOT/stratosphere-scala-0.6-SNAPSHOT.jar (Permission denied) -> [Help 1]
[ERROR] Failed to execute goal org.apache.maven.plugins:maven-install-plugin:2.4:install (default-install) on project stratosphere-clients: Failed to install artifact eu.stratosphere:stratosphere-clients:jar:0.6-SNAPSHOT: /tmp/DynaMoth_Bugs.jar_Flink_32a003d5/.m2/eu/stratosphere/stratosphere-clients/0.6-SNAPSHOT/stratosphere-clients-0.6-SNAPSHOT.jar (Permission denied) -> [Help 1]
[ERROR] Failed to execute goal org.apache.maven.plugins:maven-install-plugin:2.4:install (default-install) on project stratosphere-java-examples: Failed to install artifact eu.stratosphere:stratosphere-java-examples:jar:0.6-SNAPSHOT: /tmp/DynaMoth_Bugs.jar_Flink_32a003d5/.m2/eu/stratosphere/stratosphere-java-examples/0.6-SNAPSHOT/stratosphere-java-examples-0.6-SNAPSHOT.jar (Permission denied) -> [Help 1]
[ERROR] Failed to execute goal org.apache.maven.plugins:maven-install-plugin:2.4:install (default-install) on project stratosphere-scala-examples: Failed to install artifact eu.stratosphere:stratosphere-scala-examples:jar:0.6-SNAPSHOT: /tmp/DynaMoth_Bugs.jar_Flink_32a003d5/.m2/eu/stratosphere/stratosphere-scala-examples/0.6-SNAPSHOT/stratosphere-scala-examples-0.6-SNAPSHOT.jar (Permission denied) -> [Help 1]
[ERROR] Failed to execute goal org.apache.maven.plugins:maven-install-plugin:2.4:install (default-install) on project stratosphere-test-utils: Failed to install artifact eu.stratosphere:stratosphere-test-utils:jar:0.6-SNAPSHOT: /tmp/DynaMoth_Bugs.jar_Flink_32a003d5/.m2/eu/stratosphere/stratosphere-test-utils/0.6-SNAPSHOT/stratosphere-test-utils-0.6-SNAPSHOT.jar (Permission denied) -> [Help 1]
[ERROR] Failed to execute goal org.apache.maven.plugins:maven-install-plugin:2.4:install (default-install) on project stratosphere-tests: Failed to install artifact eu.stratosphere:stratosphere-tests:jar:0.6-SNAPSHOT: /tmp/DynaMoth_Bugs.jar_Flink_32a003d5/.m2/eu/stratosphere/stratosphere-tests/0.6-SNAPSHOT/stratosphere-tests-0.6-SNAPSHOT.jar (Permission denied) -> [Help 1]
[ERROR] Failed to execute goal org.apache.maven.plugins:maven-install-plugin:2.4:install (default-install) on project avro: Failed to install artifact eu.stratosphere:avro:jar:0.6-SNAPSHOT: /tmp/DynaMoth_Bugs.jar_Flink_32a003d5/.m2/eu/stratosphere/avro/0.6-SNAPSHOT/avro-0.6-SNAPSHOT.jar (Permission denied) -> [Help 1]
[ERROR] Failed to execute goal org.apache.maven.plugins:maven-install-plugin:2.4:install (default-install) on project spargel: Failed to install artifact eu.stratosphere:spargel:jar:0.6-SNAPSHOT: /tmp/DynaMoth_Bugs.jar_Flink_32a003d5/.m2/eu/stratosphere/spargel/0.6-SNAPSHOT/spargel-0.6-SNAPSHOT.jar (Permission denied) -> [Help 1]
[ERROR] 
[ERROR] To see the full stack trace of the errors, re-run Maven with the -e switch.
[ERROR] Re-run Maven using the -X switch to enable full debug logging.
[ERROR] 
[ERROR] For more information about the errors and possible solutions, please read the following articles:
[ERROR] [Help 1] http://cwiki.apache.org/confluence/display/MAVEN/MojoExecutionException
[ERROR] 
[ERROR] After correcting the problems, you can resume the build with the command
[ERROR]   mvn <goals> -rf :stratosphere-core
[INFO] Build failures were ignored.
