Picked up JAVA_TOOL_OPTIONS: -XX:CICompilerCount=2 -XX:ParallelGCThreads=2 -XX:ConcGCThreads=2 -Djdk.net.URLClassPath.disableClassPathURLCheck=true 
Picked up _JAVA_OPTIONS: -Djdk.net.URLClassPath.disableClassPathURLCheck=true
Apache Maven 3.5.0 (Red Hat 3.5.0-4.3)
Maven home: /opt/rh/rh-maven35/root/usr/share/maven
Java version: 1.8.0_181, vendor: Oracle Corporation
Java home: /scratch/rjust/projects/calling-bs/repair-them-all/RepairThemAll/jdks/jdk1.8.0_181/jre
Default locale: en_US, platform encoding: UTF-8
OS name: "linux", version: "4.14.132-1.el7.retpoline.x86_64", arch: "amd64", family: "unix"
[INFO] Scanning for projects...
[INFO] 
[INFO] ------------------------------------------------------------------------
[INFO] Building flink-compiler 0.8-incubating-SNAPSHOT
[INFO] ------------------------------------------------------------------------
[WARNING] The POM for org.apache.flink:flink-runtime:jar:0.8-incubating-20141219.043910-100 is invalid, transitive dependencies (if any) will not be available, enable debug logging for more details
[WARNING] The POM for org.apache.flink:flink-java:jar:0.8-incubating-20141219.043841-100 is invalid, transitive dependencies (if any) will not be available, enable debug logging for more details
[INFO] 
[INFO] --- maven-checkstyle-plugin:2.12.1:check (validate) @ flink-compiler ---
[INFO] 
[INFO] --- maven-enforcer-plugin:1.3.1:enforce (enforce-maven) @ flink-compiler ---
[INFO] Skipping Rule Enforcement.
[INFO] 
[INFO] --- maven-remote-resources-plugin:1.5:process (default) @ flink-compiler ---
[WARNING] Invalid POM for org.apache.flink:flink-runtime:jar:0.8-incubating-SNAPSHOT, transitive dependencies (if any) will not be available, enable debug logging for more details
[WARNING] Invalid POM for org.apache.flink:flink-java:jar:0.8-incubating-SNAPSHOT, transitive dependencies (if any) will not be available, enable debug logging for more details
[WARNING] Invalid project model for artifact [flink-java:org.apache.flink:0.8-incubating-SNAPSHOT]. It will be ignored by the remote resources Mojo.
[WARNING] Invalid project model for artifact [flink-runtime:org.apache.flink:0.8-incubating-SNAPSHOT]. It will be ignored by the remote resources Mojo.
[INFO] 
[INFO] --- maven-resources-plugin:2.6:resources (default-resources) @ flink-compiler ---
[INFO] Using 'UTF-8' encoding to copy filtered resources.
[INFO] skip non existing resourceDirectory /tmp/DynaMoth_Bugs.jar_Flink_6ecd0f82/flink-compiler/src/main/resources
[INFO] Copying 3 resources
[INFO] 
[INFO] --- maven-compiler-plugin:3.1:compile (default-compile) @ flink-compiler ---
[INFO] Nothing to compile - all classes are up to date
[INFO] 
[INFO] --- maven-resources-plugin:2.6:testResources (default-testResources) @ flink-compiler ---
[INFO] Using 'UTF-8' encoding to copy filtered resources.
[INFO] Copying 2 resources
[INFO] Copying 3 resources
[INFO] 
[INFO] --- maven-compiler-plugin:3.1:testCompile (default-testCompile) @ flink-compiler ---
[INFO] Nothing to compile - all classes are up to date
[INFO] 
[INFO] --- maven-surefire-plugin:2.17:test (default-test) @ flink-compiler ---
[INFO] Surefire report directory: /tmp/DynaMoth_Bugs.jar_Flink_6ecd0f82/flink-compiler/target/surefire-reports
[INFO] Downloading: https://repo.maven.apache.org/maven2/org/apache/maven/surefire/surefire-junit4/2.17/surefire-junit4-2.17.pom
[INFO] Downloaded: https://repo.maven.apache.org/maven2/org/apache/maven/surefire/surefire-junit4/2.17/surefire-junit4-2.17.pom (2.5 kB at 9.2 kB/s)
[INFO] Downloading: https://repo.maven.apache.org/maven2/org/apache/maven/surefire/surefire-providers/2.17/surefire-providers-2.17.pom
[INFO] Downloaded: https://repo.maven.apache.org/maven2/org/apache/maven/surefire/surefire-providers/2.17/surefire-providers-2.17.pom (2.4 kB at 238 kB/s)
[INFO] Downloading: https://repo.maven.apache.org/maven2/org/apache/maven/surefire/surefire-junit4/2.17/surefire-junit4-2.17.jar
[INFO] Downloaded: https://repo.maven.apache.org/maven2/org/apache/maven/surefire/surefire-junit4/2.17/surefire-junit4-2.17.jar (64 kB at 1.2 MB/s)

-------------------------------------------------------
 T E S T S
-------------------------------------------------------

-------------------------------------------------------
 T E S T S
-------------------------------------------------------
Picked up JAVA_TOOL_OPTIONS: -XX:CICompilerCount=2 -XX:ParallelGCThreads=2 -XX:ConcGCThreads=2 -Djdk.net.URLClassPath.disableClassPathURLCheck=true -XX:CICompilerCount=2 -XX:ParallelGCThreads=2 -XX:ConcGCThreads=2 -Djdk.net.URLClassPath.disableClassPathURLCheck=true 
Picked up _JAVA_OPTIONS: -Djdk.net.URLClassPath.disableClassPathURLCheck=true
Picked up JAVA_TOOL_OPTIONS: -XX:CICompilerCount=2 -XX:ParallelGCThreads=2 -XX:ConcGCThreads=2 -Djdk.net.URLClassPath.disableClassPathURLCheck=true -XX:CICompilerCount=2 -XX:ParallelGCThreads=2 -XX:ConcGCThreads=2 -Djdk.net.URLClassPath.disableClassPathURLCheck=true 
Picked up _JAVA_OPTIONS: -Djdk.net.URLClassPath.disableClassPathURLCheck=true
Picked up JAVA_TOOL_OPTIONS: -XX:CICompilerCount=2 -XX:ParallelGCThreads=2 -XX:ConcGCThreads=2 -Djdk.net.URLClassPath.disableClassPathURLCheck=true -XX:CICompilerCount=2 -XX:ParallelGCThreads=2 -XX:ConcGCThreads=2 -Djdk.net.URLClassPath.disableClassPathURLCheck=true 
Picked up _JAVA_OPTIONS: -Djdk.net.URLClassPath.disableClassPathURLCheck=true
Picked up JAVA_TOOL_OPTIONS: -XX:CICompilerCount=2 -XX:ParallelGCThreads=2 -XX:ConcGCThreads=2 -Djdk.net.URLClassPath.disableClassPathURLCheck=true -XX:CICompilerCount=2 -XX:ParallelGCThreads=2 -XX:ConcGCThreads=2 -Djdk.net.URLClassPath.disableClassPathURLCheck=true 
Picked up _JAVA_OPTIONS: -Djdk.net.URLClassPath.disableClassPathURLCheck=true
Picked up JAVA_TOOL_OPTIONS: -XX:CICompilerCount=2 -XX:ParallelGCThreads=2 -XX:ConcGCThreads=2 -Djdk.net.URLClassPath.disableClassPathURLCheck=true -XX:CICompilerCount=2 -XX:ParallelGCThreads=2 -XX:ConcGCThreads=2 -Djdk.net.URLClassPath.disableClassPathURLCheck=true 
Picked up _JAVA_OPTIONS: -Djdk.net.URLClassPath.disableClassPathURLCheck=true
Picked up JAVA_TOOL_OPTIONS: -XX:CICompilerCount=2 -XX:ParallelGCThreads=2 -XX:ConcGCThreads=2 -Djdk.net.URLClassPath.disableClassPathURLCheck=true -XX:CICompilerCount=2 -XX:ParallelGCThreads=2 -XX:ConcGCThreads=2 -Djdk.net.URLClassPath.disableClassPathURLCheck=true 
Picked up JAVA_TOOL_OPTIONS: -XX:CICompilerCount=2 -XX:ParallelGCThreads=2 -XX:ConcGCThreads=2 -Djdk.net.URLClassPath.disableClassPathURLCheck=true -XX:CICompilerCount=2 -XX:ParallelGCThreads=2 -XX:ConcGCThreads=2 -Djdk.net.URLClassPath.disableClassPathURLCheck=true 
Picked up _JAVA_OPTIONS: -Djdk.net.URLClassPath.disableClassPathURLCheck=true
Picked up JAVA_TOOL_OPTIONS: -XX:CICompilerCount=2 -XX:ParallelGCThreads=2 -XX:ConcGCThreads=2 -Djdk.net.URLClassPath.disableClassPathURLCheck=true -XX:CICompilerCount=2 -XX:ParallelGCThreads=2 -XX:ConcGCThreads=2 -Djdk.net.URLClassPath.disableClassPathURLCheck=true 
Picked up _JAVA_OPTIONS: -Djdk.net.URLClassPath.disableClassPathURLCheck=true
Picked up JAVA_TOOL_OPTIONS: -XX:CICompilerCount=2 -XX:ParallelGCThreads=2 -XX:ConcGCThreads=2 -Djdk.net.URLClassPath.disableClassPathURLCheck=true -XX:CICompilerCount=2 -XX:ParallelGCThreads=2 -XX:ConcGCThreads=2 -Djdk.net.URLClassPath.disableClassPathURLCheck=true 
Picked up _JAVA_OPTIONS: -Djdk.net.URLClassPath.disableClassPathURLCheck=true
Picked up JAVA_TOOL_OPTIONS: -XX:CICompilerCount=2 -XX:ParallelGCThreads=2 -XX:ConcGCThreads=2 -Djdk.net.URLClassPath.disableClassPathURLCheck=true -XX:CICompilerCount=2 -XX:ParallelGCThreads=2 -XX:ConcGCThreads=2 -Djdk.net.URLClassPath.disableClassPathURLCheck=true 
Picked up _JAVA_OPTIONS: -Djdk.net.URLClassPath.disableClassPathURLCheck=true
Picked up JAVA_TOOL_OPTIONS: -XX:CICompilerCount=2 -XX:ParallelGCThreads=2 -XX:ConcGCThreads=2 -Djdk.net.URLClassPath.disableClassPathURLCheck=true -XX:CICompilerCount=2 -XX:ParallelGCThreads=2 -XX:ConcGCThreads=2 -Djdk.net.URLClassPath.disableClassPathURLCheck=true 
Picked up _JAVA_OPTIONS: -Djdk.net.URLClassPath.disableClassPathURLCheck=true
Running org.apache.flink.compiler.DOPChangeTest
Picked up JAVA_TOOL_OPTIONS: -XX:CICompilerCount=2 -XX:ParallelGCThreads=2 -XX:ConcGCThreads=2 -Djdk.net.URLClassPath.disableClassPathURLCheck=true -XX:CICompilerCount=2 -XX:ParallelGCThreads=2 -XX:ConcGCThreads=2 -Djdk.net.URLClassPath.disableClassPathURLCheck=true 
Picked up _JAVA_OPTIONS: -Djdk.net.URLClassPath.disableClassPathURLCheck=true
Picked up JAVA_TOOL_OPTIONS: -XX:CICompilerCount=2 -XX:ParallelGCThreads=2 -XX:ConcGCThreads=2 -Djdk.net.URLClassPath.disableClassPathURLCheck=true -XX:CICompilerCount=2 -XX:ParallelGCThreads=2 -XX:ConcGCThreads=2 -Djdk.net.URLClassPath.disableClassPathURLCheck=true 
Picked up _JAVA_OPTIONS: -Djdk.net.URLClassPath.disableClassPathURLCheck=true
Picked up JAVA_TOOL_OPTIONS: -XX:CICompilerCount=2 -XX:ParallelGCThreads=2 -XX:ConcGCThreads=2 -Djdk.net.URLClassPath.disableClassPathURLCheck=true -XX:CICompilerCount=2 -XX:ParallelGCThreads=2 -XX:ConcGCThreads=2 -Djdk.net.URLClassPath.disableClassPathURLCheck=true 
Picked up _JAVA_OPTIONS: -Djdk.net.URLClassPath.disableClassPathURLCheck=true
Picked up JAVA_TOOL_OPTIONS: -XX:CICompilerCount=2 -XX:ParallelGCThreads=2 -XX:ConcGCThreads=2 -Djdk.net.URLClassPath.disableClassPathURLCheck=true -XX:CICompilerCount=2 -XX:ParallelGCThreads=2 -XX:ConcGCThreads=2 -Djdk.net.URLClassPath.disableClassPathURLCheck=true 
Picked up _JAVA_OPTIONS: -Djdk.net.URLClassPath.disableClassPathURLCheck=true
Picked up JAVA_TOOL_OPTIONS: -XX:CICompilerCount=2 -XX:ParallelGCThreads=2 -XX:ConcGCThreads=2 -Djdk.net.URLClassPath.disableClassPathURLCheck=true -XX:CICompilerCount=2 -XX:ParallelGCThreads=2 -XX:ConcGCThreads=2 -Djdk.net.URLClassPath.disableClassPathURLCheck=true 
Picked up _JAVA_OPTIONS: -Djdk.net.URLClassPath.disableClassPathURLCheck=true
Picked up JAVA_TOOL_OPTIONS: -XX:CICompilerCount=2 -XX:ParallelGCThreads=2 -XX:ConcGCThreads=2 -Djdk.net.URLClassPath.disableClassPathURLCheck=true -XX:CICompilerCount=2 -XX:ParallelGCThreads=2 -XX:ConcGCThreads=2 -Djdk.net.URLClassPath.disableClassPathURLCheck=true 
Picked up _JAVA_OPTIONS: -Djdk.net.URLClassPath.disableClassPathURLCheck=true
Picked up JAVA_TOOL_OPTIONS: -XX:CICompilerCount=2 -XX:ParallelGCThreads=2 -XX:ConcGCThreads=2 -Djdk.net.URLClassPath.disableClassPathURLCheck=true -XX:CICompilerCount=2 -XX:ParallelGCThreads=2 -XX:ConcGCThreads=2 -Djdk.net.URLClassPath.disableClassPathURLCheck=true 
Picked up _JAVA_OPTIONS: -Djdk.net.URLClassPath.disableClassPathURLCheck=true
Picked up JAVA_TOOL_OPTIONS: -XX:CICompilerCount=2 -XX:ParallelGCThreads=2 -XX:ConcGCThreads=2 -Djdk.net.URLClassPath.disableClassPathURLCheck=true -XX:CICompilerCount=2 -XX:ParallelGCThreads=2 -XX:ConcGCThreads=2 -Djdk.net.URLClassPath.disableClassPathURLCheck=true 
Picked up _JAVA_OPTIONS: -Djdk.net.URLClassPath.disableClassPathURLCheck=true
Picked up JAVA_TOOL_OPTIONS: -XX:CICompilerCount=2 -XX:ParallelGCThreads=2 -XX:ConcGCThreads=2 -Djdk.net.URLClassPath.disableClassPathURLCheck=true -XX:CICompilerCount=2 -XX:ParallelGCThreads=2 -XX:ConcGCThreads=2 -Djdk.net.URLClassPath.disableClassPathURLCheck=true 
Picked up _JAVA_OPTIONS: -Djdk.net.URLClassPath.disableClassPathURLCheck=true
Picked up JAVA_TOOL_OPTIONS: -XX:CICompilerCount=2 -XX:ParallelGCThreads=2 -XX:ConcGCThreads=2 -Djdk.net.URLClassPath.disableClassPathURLCheck=true -XX:CICompilerCount=2 -XX:ParallelGCThreads=2 -XX:ConcGCThreads=2 -Djdk.net.URLClassPath.disableClassPathURLCheck=true 
Picked up _JAVA_OPTIONS: -Djdk.net.URLClassPath.disableClassPathURLCheck=true
Picked up JAVA_TOOL_OPTIONS: -XX:CICompilerCount=2 -XX:ParallelGCThreads=2 -XX:ConcGCThreads=2 -Djdk.net.URLClassPath.disableClassPathURLCheck=true -XX:CICompilerCount=2 -XX:ParallelGCThreads=2 -XX:ConcGCThreads=2 -Djdk.net.URLClassPath.disableClassPathURLCheck=true 
Picked up _JAVA_OPTIONS: -Djdk.net.URLClassPath.disableClassPathURLCheck=true
Picked up JAVA_TOOL_OPTIONS: -XX:CICompilerCount=2 -XX:ParallelGCThreads=2 -XX:ConcGCThreads=2 -Djdk.net.URLClassPath.disableClassPathURLCheck=true -XX:CICompilerCount=2 -XX:ParallelGCThreads=2 -XX:ConcGCThreads=2 -Djdk.net.URLClassPath.disableClassPathURLCheck=true 
Picked up _JAVA_OPTIONS: -Djdk.net.URLClassPath.disableClassPathURLCheck=true
Picked up JAVA_TOOL_OPTIONS: -XX:CICompilerCount=2 -XX:ParallelGCThreads=2 -XX:ConcGCThreads=2 -Djdk.net.URLClassPath.disableClassPathURLCheck=true -XX:CICompilerCount=2 -XX:ParallelGCThreads=2 -XX:ConcGCThreads=2 -Djdk.net.URLClassPath.disableClassPathURLCheck=true 
Picked up _JAVA_OPTIONS: -Djdk.net.URLClassPath.disableClassPathURLCheck=true
Picked up JAVA_TOOL_OPTIONS: -XX:CICompilerCount=2 -XX:ParallelGCThreads=2 -XX:ConcGCThreads=2 -Djdk.net.URLClassPath.disableClassPathURLCheck=true -XX:CICompilerCount=2 -XX:ParallelGCThreads=2 -XX:ConcGCThreads=2 -Djdk.net.URLClassPath.disableClassPathURLCheck=true 
Picked up _JAVA_OPTIONS: -Djdk.net.URLClassPath.disableClassPathURLCheck=true
Picked up JAVA_TOOL_OPTIONS: -XX:CICompilerCount=2 -XX:ParallelGCThreads=2 -XX:ConcGCThreads=2 -Djdk.net.URLClassPath.disableClassPathURLCheck=true -XX:CICompilerCount=2 -XX:ParallelGCThreads=2 -XX:ConcGCThreads=2 -Djdk.net.URLClassPath.disableClassPathURLCheck=true 
Picked up _JAVA_OPTIONS: -Djdk.net.URLClassPath.disableClassPathURLCheck=true
Picked up _JAVA_OPTIONS: -Djdk.net.URLClassPath.disableClassPathURLCheck=true
Running org.apache.flink.compiler.java.DeltaIterationDependenciesTest
Running org.apache.flink.compiler.BranchingPlansCompilerTest
Running org.apache.flink.compiler.java.ReduceCompilationTest
Running org.apache.flink.compiler.java.IterationCompilerTest
Running org.apache.flink.compiler.java.GroupReduceCompilationTest
Running org.apache.flink.compiler.java.JoinTranslationTest
Running org.apache.flink.compiler.java.WorksetIterationsJavaApiCompilerTest
Running org.apache.flink.compiler.BroadcastVariablePipelinebreakerTest
Running org.apache.flink.compiler.plan.ChannelTest
Running org.apache.flink.compiler.HardPlansCompilationTest
Running org.apache.flink.compiler.CoGroupSolutionSetFirstTest
Running org.apache.flink.compiler.IterationsCompilerTest
Running org.apache.flink.compiler.CachedMatchStrategyCompilerTest
Running org.apache.flink.compiler.ReduceAllTest
Running org.apache.flink.compiler.WorksetIterationCornerCasesTest
Running org.apache.flink.compiler.UnionReplacementTest
Running org.apache.flink.compiler.PipelineBreakerTest
Running org.apache.flink.compiler.costs.DefaultCostEstimatorTest
Running org.apache.flink.compiler.PartitionPushdownTest
Running org.apache.flink.compiler.plandump.NumberFormattingTest
Running org.apache.flink.compiler.UnionPropertyPropagationTest
Running org.apache.flink.compiler.GroupOrderTest
Running org.apache.flink.compiler.FeedbackPropertiesMatchTest
Running org.apache.flink.compiler.AdditionalOperatorsTest
Running org.apache.flink.compiler.WorksetIterationsRecordApiCompilerTest
Tests run: 1, Failures: 0, Errors: 0, Skipped: 0, Time elapsed: 0.133 sec - in org.apache.flink.compiler.plandump.NumberFormattingTest
Tests run: 6, Failures: 0, Errors: 0, Skipped: 0, Time elapsed: 0.176 sec - in org.apache.flink.compiler.costs.DefaultCostEstimatorTest
Tests run: 2, Failures: 0, Errors: 2, Skipped: 0, Time elapsed: 0.259 sec <<< FAILURE! - in org.apache.flink.compiler.BroadcastVariablePipelinebreakerTest
testNoBreakerForIndependentVariable(org.apache.flink.compiler.BroadcastVariablePipelinebreakerTest)  Time elapsed: 0.132 sec  <<< ERROR!
java.lang.NoClassDefFoundError: org/apache/hadoop/io/Writable
	at java.net.URLClassLoader.findClass(URLClassLoader.java:381)
	at java.lang.ClassLoader.loadClass(ClassLoader.java:424)
	at sun.misc.Launcher$AppClassLoader.loadClass(Launcher.java:349)
	at java.lang.ClassLoader.loadClass(ClassLoader.java:357)
	at org.apache.flink.api.java.typeutils.TypeExtractor.privateGetForClass(TypeExtractor.java:913)
	at org.apache.flink.api.java.typeutils.TypeExtractor.privateGetForClass(TypeExtractor.java:876)
	at org.apache.flink.api.java.typeutils.TypeExtractor.privateGetForObject(TypeExtractor.java:1182)
	at org.apache.flink.api.java.typeutils.TypeExtractor.getForObject(TypeExtractor.java:1152)
	at org.apache.flink.api.java.ExecutionEnvironment.fromElements(ExecutionEnvironment.java:540)
	at org.apache.flink.compiler.BroadcastVariablePipelinebreakerTest.testNoBreakerForIndependentVariable(BroadcastVariablePipelinebreakerTest.java:42)

testBreakerForDependentVariable(org.apache.flink.compiler.BroadcastVariablePipelinebreakerTest)  Time elapsed: 0.009 sec  <<< ERROR!
java.lang.NoClassDefFoundError: org/apache/hadoop/io/Writable
	at org.apache.flink.api.java.typeutils.TypeExtractor.privateGetForClass(TypeExtractor.java:913)
	at org.apache.flink.api.java.typeutils.TypeExtractor.privateGetForClass(TypeExtractor.java:876)
	at org.apache.flink.api.java.typeutils.TypeExtractor.privateGetForObject(TypeExtractor.java:1182)
	at org.apache.flink.api.java.typeutils.TypeExtractor.getForObject(TypeExtractor.java:1152)
	at org.apache.flink.api.java.ExecutionEnvironment.fromElements(ExecutionEnvironment.java:540)
	at org.apache.flink.compiler.BroadcastVariablePipelinebreakerTest.testBreakerForDependentVariable(BroadcastVariablePipelinebreakerTest.java:66)

Tests run: 2, Failures: 0, Errors: 0, Skipped: 0, Time elapsed: 0.294 sec - in org.apache.flink.compiler.plan.ChannelTest
Tests run: 1, Failures: 0, Errors: 1, Skipped: 0, Time elapsed: 0.386 sec <<< FAILURE! - in org.apache.flink.compiler.UnionReplacementTest
testUnionReplacement(org.apache.flink.compiler.UnionReplacementTest)  Time elapsed: 0.261 sec  <<< ERROR!
java.lang.NoClassDefFoundError: org/apache/hadoop/io/Writable
	at java.net.URLClassLoader.findClass(URLClassLoader.java:381)
	at java.lang.ClassLoader.loadClass(ClassLoader.java:424)
	at sun.misc.Launcher$AppClassLoader.loadClass(Launcher.java:349)
	at java.lang.ClassLoader.loadClass(ClassLoader.java:357)
	at org.apache.flink.api.java.typeutils.TypeExtractor.privateGetForClass(TypeExtractor.java:913)
	at org.apache.flink.api.java.typeutils.TypeExtractor.privateGetForClass(TypeExtractor.java:876)
	at org.apache.flink.api.java.typeutils.TypeExtractor.privateGetForObject(TypeExtractor.java:1182)
	at org.apache.flink.api.java.typeutils.TypeExtractor.getForObject(TypeExtractor.java:1152)
	at org.apache.flink.api.java.ExecutionEnvironment.fromElements(ExecutionEnvironment.java:540)
	at org.apache.flink.compiler.UnionReplacementTest.testUnionReplacement(UnionReplacementTest.java:37)

Tests run: 2, Failures: 0, Errors: 2, Skipped: 0, Time elapsed: 0.416 sec <<< FAILURE! - in org.apache.flink.compiler.PartitionPushdownTest
testPartitioningNotPushedDown(org.apache.flink.compiler.PartitionPushdownTest)  Time elapsed: 0.19 sec  <<< ERROR!
java.lang.NoClassDefFoundError: org/apache/hadoop/io/Writable
	at java.net.URLClassLoader.findClass(URLClassLoader.java:381)
	at java.lang.ClassLoader.loadClass(ClassLoader.java:424)
	at sun.misc.Launcher$AppClassLoader.loadClass(Launcher.java:349)
	at java.lang.ClassLoader.loadClass(ClassLoader.java:357)
	at org.apache.flink.api.java.typeutils.TypeExtractor.privateGetForClass(TypeExtractor.java:913)
	at org.apache.flink.api.java.typeutils.TypeExtractor.privateGetForClass(TypeExtractor.java:876)
	at org.apache.flink.api.java.typeutils.TypeExtractor.privateGetForObject(TypeExtractor.java:1182)
	at org.apache.flink.api.java.typeutils.TypeExtractor.privateGetForObject(TypeExtractor.java:1178)
	at org.apache.flink.api.java.typeutils.TypeExtractor.getForObject(TypeExtractor.java:1152)
	at org.apache.flink.api.java.ExecutionEnvironment.fromElements(ExecutionEnvironment.java:540)
	at org.apache.flink.compiler.PartitionPushdownTest.testPartitioningNotPushedDown(PartitionPushdownTest.java:43)

testPartitioningReused(org.apache.flink.compiler.PartitionPushdownTest)  Time elapsed: 0 sec  <<< ERROR!
java.lang.NoClassDefFoundError: org/apache/hadoop/io/Writable
	at org.apache.flink.api.java.typeutils.TypeExtractor.privateGetForClass(TypeExtractor.java:913)
	at org.apache.flink.api.java.typeutils.TypeExtractor.privateGetForClass(TypeExtractor.java:876)
	at org.apache.flink.api.java.typeutils.TypeExtractor.privateGetForObject(TypeExtractor.java:1182)
	at org.apache.flink.api.java.typeutils.TypeExtractor.privateGetForObject(TypeExtractor.java:1178)
	at org.apache.flink.api.java.typeutils.TypeExtractor.getForObject(TypeExtractor.java:1152)
	at org.apache.flink.api.java.ExecutionEnvironment.fromElements(ExecutionEnvironment.java:540)
	at org.apache.flink.compiler.PartitionPushdownTest.testPartitioningReused(PartitionPushdownTest.java:79)

Tests run: 1, Failures: 0, Errors: 1, Skipped: 0, Time elapsed: 0.536 sec <<< FAILURE! - in org.apache.flink.compiler.java.DeltaIterationDependenciesTest
testExceptionWhenNewWorksetNotDependentOnWorkset(org.apache.flink.compiler.java.DeltaIterationDependenciesTest)  Time elapsed: 0.454 sec  <<< ERROR!
java.lang.NoClassDefFoundError: org/apache/hadoop/io/Writable
	at java.net.URLClassLoader.findClass(URLClassLoader.java:381)
	at java.lang.ClassLoader.loadClass(ClassLoader.java:424)
	at sun.misc.Launcher$AppClassLoader.loadClass(Launcher.java:349)
	at java.lang.ClassLoader.loadClass(ClassLoader.java:357)
	at org.apache.flink.api.java.typeutils.TypeExtractor.privateGetForClass(TypeExtractor.java:913)
	at org.apache.flink.api.java.typeutils.TypeExtractor.privateGetForClass(TypeExtractor.java:876)
	at org.apache.flink.api.java.typeutils.TypeExtractor.privateGetForObject(TypeExtractor.java:1182)
	at org.apache.flink.api.java.typeutils.TypeExtractor.privateGetForObject(TypeExtractor.java:1178)
	at org.apache.flink.api.java.typeutils.TypeExtractor.getForObject(TypeExtractor.java:1152)
	at org.apache.flink.api.java.ExecutionEnvironment.fromElements(ExecutionEnvironment.java:540)
	at org.apache.flink.compiler.java.DeltaIterationDependenciesTest.testExceptionWhenNewWorksetNotDependentOnWorkset(DeltaIterationDependenciesTest.java:42)

Tests run: 1, Failures: 0, Errors: 1, Skipped: 0, Time elapsed: 0.53 sec <<< FAILURE! - in org.apache.flink.compiler.CoGroupSolutionSetFirstTest
testCoGroupSolutionSet(org.apache.flink.compiler.CoGroupSolutionSetFirstTest)  Time elapsed: 0.398 sec  <<< ERROR!
java.lang.NoClassDefFoundError: org/apache/hadoop/io/Writable
	at java.net.URLClassLoader.findClass(URLClassLoader.java:381)
	at java.lang.ClassLoader.loadClass(ClassLoader.java:424)
	at sun.misc.Launcher$AppClassLoader.loadClass(Launcher.java:349)
	at java.lang.ClassLoader.loadClass(ClassLoader.java:357)
	at org.apache.flink.api.java.typeutils.TypeExtractor.privateGetForClass(TypeExtractor.java:913)
	at org.apache.flink.api.java.typeutils.TypeExtractor.privateGetForClass(TypeExtractor.java:876)
	at org.apache.flink.api.java.typeutils.TypeExtractor.createTypeInfoWithTypeHierarchy(TypeExtractor.java:375)
	at org.apache.flink.api.java.typeutils.TypeExtractor.createTypeInfoWithTypeHierarchy(TypeExtractor.java:295)
	at org.apache.flink.api.java.typeutils.TypeExtractor.createTypeInfoFromInputs(TypeExtractor.java:388)
	at org.apache.flink.api.java.typeutils.TypeExtractor.privateCreateTypeInfo(TypeExtractor.java:215)
	at org.apache.flink.api.java.typeutils.TypeExtractor.getUnaryOperatorReturnType(TypeExtractor.java:151)
	at org.apache.flink.api.java.typeutils.TypeExtractor.getMapReturnTypes(TypeExtractor.java:78)
	at org.apache.flink.api.java.DataSet.map(DataSet.java:160)
	at org.apache.flink.compiler.CoGroupSolutionSetFirstTest.testCoGroupSolutionSet(CoGroupSolutionSetFirstTest.java:61)

Tests run: 1, Failures: 0, Errors: 1, Skipped: 0, Time elapsed: 0.503 sec <<< FAILURE! - in org.apache.flink.compiler.WorksetIterationCornerCasesTest
Tests run: 7, Failures: 0, Errors: 0, Skipped: 0, Time elapsed: 0.471 sec - in org.apache.flink.compiler.FeedbackPropertiesMatchTest
Tests run: 4, Failures: 0, Errors: 4, Skipped: 0, Time elapsed: 0.489 sec <<< FAILURE! - in org.apache.flink.compiler.java.WorksetIterationsJavaApiCompilerTest
testJavaApiWithDeferredSoltionSetUpdateWithMapper(org.apache.flink.compiler.java.WorksetIterationsJavaApiCompilerTest)  Time elapsed: 0.263 sec  <<< ERROR!
java.lang.NoClassDefFoundError: org/apache/hadoop/io/Writable
	at java.net.URLClassLoader.findClass(URLClassLoader.java:381)
	at java.lang.ClassLoader.loadClass(ClassLoader.java:424)
	at sun.misc.Launcher$AppClassLoader.loadClass(Launcher.java:349)
	at java.lang.ClassLoader.loadClass(ClassLoader.java:357)
	at org.apache.flink.api.java.typeutils.TypeExtractor.privateGetForClass(TypeExtractor.java:913)
	at org.apache.flink.api.java.typeutils.TypeExtractor.privateGetForClass(TypeExtractor.java:876)
	at org.apache.flink.api.java.typeutils.TypeExtractor.privateGetForObject(TypeExtractor.java:1182)
	at org.apache.flink.api.java.typeutils.TypeExtractor.privateGetForObject(TypeExtractor.java:1178)
	at org.apache.flink.api.java.typeutils.TypeExtractor.getForObject(TypeExtractor.java:1152)
	at org.apache.flink.api.java.ExecutionEnvironment.fromElements(ExecutionEnvironment.java:540)
	at org.apache.flink.compiler.java.WorksetIterationsJavaApiCompilerTest.getJavaTestPlan(WorksetIterationsJavaApiCompilerTest.java:251)
	at org.apache.flink.compiler.java.WorksetIterationsJavaApiCompilerTest.testJavaApiWithDeferredSoltionSetUpdateWithMapper(WorksetIterationsJavaApiCompilerTest.java:60)

testJavaApiWithDirectSoltionSetUpdate(org.apache.flink.compiler.java.WorksetIterationsJavaApiCompilerTest)  Time elapsed: 0.021 sec  <<< ERROR!
java.lang.NoClassDefFoundError: org/apache/hadoop/io/Writable
	at org.apache.flink.api.java.typeutils.TypeExtractor.privateGetForClass(TypeExtractor.java:913)
	at org.apache.flink.api.java.typeutils.TypeExtractor.privateGetForClass(TypeExtractor.java:876)
	at org.apache.flink.api.java.typeutils.TypeExtractor.privateGetForObject(TypeExtractor.java:1182)
	at org.apache.flink.api.java.typeutils.TypeExtractor.privateGetForObject(TypeExtractor.java:1178)
	at org.apache.flink.api.java.typeutils.TypeExtractor.getForObject(TypeExtractor.java:1152)
	at org.apache.flink.api.java.ExecutionEnvironment.fromElements(ExecutionEnvironment.java:540)
	at org.apache.flink.compiler.java.WorksetIterationsJavaApiCompilerTest.getJavaTestPlan(WorksetIterationsJavaApiCompilerTest.java:251)
	at org.apache.flink.compiler.java.WorksetIterationsJavaApiCompilerTest.testJavaApiWithDirectSoltionSetUpdate(WorksetIterationsJavaApiCompilerTest.java:152)

testRejectPlanIfSolutionSetKeysAndJoinKeysDontMatch(org.apache.flink.compiler.java.WorksetIterationsJavaApiCompilerTest)  Time elapsed: 0 sec  <<< ERROR!
java.lang.NoClassDefFoundError: org/apache/hadoop/io/Writable
	at org.apache.flink.api.java.typeutils.TypeExtractor.privateGetForClass(TypeExtractor.java:913)
	at org.apache.flink.api.java.typeutils.TypeExtractor.privateGetForClass(TypeExtractor.java:876)
	at org.apache.flink.api.java.typeutils.TypeExtractor.privateGetForObject(TypeExtractor.java:1182)
	at org.apache.flink.api.java.typeutils.TypeExtractor.privateGetForObject(TypeExtractor.java:1178)
	at org.apache.flink.api.java.typeutils.TypeExtractor.getForObject(TypeExtractor.java:1152)
	at org.apache.flink.api.java.ExecutionEnvironment.fromElements(ExecutionEnvironment.java:540)
	at org.apache.flink.compiler.java.WorksetIterationsJavaApiCompilerTest.testRejectPlanIfSolutionSetKeysAndJoinKeysDontMatch(WorksetIterationsJavaApiCompilerTest.java:202)

testJavaApiWithDeferredSoltionSetUpdateWithNonPreservingJoin(org.apache.flink.compiler.java.WorksetIterationsJavaApiCompilerTest)  Time elapsed: 0.001 sec  <<< ERROR!
java.lang.NoClassDefFoundError: org/apache/hadoop/io/Writable
	at org.apache.flink.api.java.typeutils.TypeExtractor.privateGetForClass(TypeExtractor.java:913)
	at org.apache.flink.api.java.typeutils.TypeExtractor.privateGetForClass(TypeExtractor.java:876)
	at org.apache.flink.api.java.typeutils.TypeExtractor.privateGetForObject(TypeExtractor.java:1182)
	at org.apache.flink.api.java.typeutils.TypeExtractor.privateGetForObject(TypeExtractor.java:1178)
	at org.apache.flink.api.java.typeutils.TypeExtractor.getForObject(TypeExtractor.java:1152)
	at org.apache.flink.api.java.ExecutionEnvironment.fromElements(ExecutionEnvironment.java:540)
	at org.apache.flink.compiler.java.WorksetIterationsJavaApiCompilerTest.getJavaTestPlan(WorksetIterationsJavaApiCompilerTest.java:251)
	at org.apache.flink.compiler.java.WorksetIterationsJavaApiCompilerTest.testJavaApiWithDeferredSoltionSetUpdateWithNonPreservingJoin(WorksetIterationsJavaApiCompilerTest.java:108)

testWorksetIterationNotDependingOnSolutionSet(org.apache.flink.compiler.WorksetIterationCornerCasesTest)  Time elapsed: 0.36 sec  <<< ERROR!
java.lang.NoClassDefFoundError: org/objectweb/asm/ClassVisitor
	at java.net.URLClassLoader.findClass(URLClassLoader.java:381)
	at java.lang.ClassLoader.loadClass(ClassLoader.java:424)
	at sun.misc.Launcher$AppClassLoader.loadClass(Launcher.java:349)
	at java.lang.ClassLoader.loadClass(ClassLoader.java:357)
	at org.apache.flink.api.java.DataSet.clean(DataSet.java:133)
	at org.apache.flink.api.java.DataSet.map(DataSet.java:162)
	at org.apache.flink.compiler.WorksetIterationCornerCasesTest.testWorksetIterationNotDependingOnSolutionSet(WorksetIterationCornerCasesTest.java:42)

Tests run: 4, Failures: 0, Errors: 4, Skipped: 0, Time elapsed: 0.438 sec <<< FAILURE! - in org.apache.flink.compiler.PipelineBreakerTest
testPilelineBreakerWithCross(org.apache.flink.compiler.PipelineBreakerTest)  Time elapsed: 0.293 sec  <<< ERROR!
java.lang.NoClassDefFoundError: org/objectweb/asm/ClassVisitor
	at java.net.URLClassLoader.findClass(URLClassLoader.java:381)
	at java.lang.ClassLoader.loadClass(ClassLoader.java:424)
	at sun.misc.Launcher$AppClassLoader.loadClass(Launcher.java:349)
	at java.lang.ClassLoader.loadClass(ClassLoader.java:357)
	at org.apache.flink.api.java.DataSet.clean(DataSet.java:133)
	at org.apache.flink.api.java.DataSet.map(DataSet.java:162)
	at org.apache.flink.compiler.PipelineBreakerTest.testPilelineBreakerWithCross(PipelineBreakerTest.java:154)

testPipelineBreakerWithBroadcastVariable(org.apache.flink.compiler.PipelineBreakerTest)  Time elapsed: 0.019 sec  <<< ERROR!
java.lang.NoClassDefFoundError: org/objectweb/asm/ClassVisitor
	at java.net.URLClassLoader.findClass(URLClassLoader.java:381)
	at java.lang.ClassLoader.loadClass(ClassLoader.java:424)
	at sun.misc.Launcher$AppClassLoader.loadClass(Launcher.java:349)
	at java.lang.ClassLoader.loadClass(ClassLoader.java:357)
	at org.apache.flink.api.java.DataSet.clean(DataSet.java:133)
	at org.apache.flink.api.java.DataSet.map(DataSet.java:162)
	at org.apache.flink.compiler.PipelineBreakerTest.testPipelineBreakerWithBroadcastVariable(PipelineBreakerTest.java:46)

testPipelineBreakerBroadcastedPartialSolution(org.apache.flink.compiler.PipelineBreakerTest)  Time elapsed: 0.001 sec  <<< ERROR!
java.lang.NoClassDefFoundError: org/objectweb/asm/ClassVisitor
	at java.net.URLClassLoader.findClass(URLClassLoader.java:381)
	at java.lang.ClassLoader.loadClass(ClassLoader.java:424)
	at sun.misc.Launcher$AppClassLoader.loadClass(Launcher.java:349)
	at java.lang.ClassLoader.loadClass(ClassLoader.java:357)
	at org.apache.flink.api.java.DataSet.clean(DataSet.java:133)
	at org.apache.flink.api.java.DataSet.map(DataSet.java:162)
	at org.apache.flink.compiler.PipelineBreakerTest.testPipelineBreakerBroadcastedPartialSolution(PipelineBreakerTest.java:113)

testPipelineBreakerBroadcastedAllReduce(org.apache.flink.compiler.PipelineBreakerTest)  Time elapsed: 0 sec  <<< ERROR!
java.lang.NoClassDefFoundError: org/objectweb/asm/ClassVisitor
	at java.net.URLClassLoader.findClass(URLClassLoader.java:381)
	at java.lang.ClassLoader.loadClass(ClassLoader.java:424)
	at sun.misc.Launcher$AppClassLoader.loadClass(Launcher.java:349)
	at java.lang.ClassLoader.loadClass(ClassLoader.java:357)
	at org.apache.flink.api.java.DataSet.clean(DataSet.java:133)
	at org.apache.flink.api.java.DataSet.map(DataSet.java:162)
	at org.apache.flink.compiler.PipelineBreakerTest.testPipelineBreakerBroadcastedAllReduce(PipelineBreakerTest.java:74)

Tests run: 6, Failures: 0, Errors: 6, Skipped: 0, Time elapsed: 0.555 sec <<< FAILURE! - in org.apache.flink.compiler.java.GroupReduceCompilationTest
testGroupedReduceWithSelectorFunctionKeyNoncombinable(org.apache.flink.compiler.java.GroupReduceCompilationTest)  Time elapsed: 0.423 sec  <<< ERROR!
java.lang.NoClassDefFoundError: org/apache/hadoop/io/Writable
	at java.net.URLClassLoader.findClass(URLClassLoader.java:381)
	at java.lang.ClassLoader.loadClass(ClassLoader.java:424)
	at sun.misc.Launcher$AppClassLoader.loadClass(Launcher.java:349)
	at java.lang.ClassLoader.loadClass(ClassLoader.java:357)
	at org.apache.flink.api.java.typeutils.TypeExtractor.privateGetForClass(TypeExtractor.java:913)
	at org.apache.flink.api.java.typeutils.TypeExtractor.privateGetForClass(TypeExtractor.java:876)
	at org.apache.flink.api.java.typeutils.TypeExtractor.createTypeInfoWithTypeHierarchy(TypeExtractor.java:375)
	at org.apache.flink.api.java.typeutils.TypeExtractor.privateCreateTypeInfo(TypeExtractor.java:223)
	at org.apache.flink.api.java.typeutils.TypeExtractor.getUnaryOperatorReturnType(TypeExtractor.java:151)
	at org.apache.flink.api.java.typeutils.TypeExtractor.getKeySelectorTypes(TypeExtractor.java:115)
	at org.apache.flink.api.java.DataSet.groupBy(DataSet.java:541)
	at org.apache.flink.compiler.java.GroupReduceCompilationTest.testGroupedReduceWithSelectorFunctionKeyNoncombinable(GroupReduceCompilationTest.java:254)

testAllGroupReduceNoCombiner(org.apache.flink.compiler.java.GroupReduceCompilationTest)  Time elapsed: 0.065 sec  <<< ERROR!
java.lang.NoClassDefFoundError: org/apache/hadoop/io/Writable
	at org.apache.flink.api.java.typeutils.TypeExtractor.privateGetForClass(TypeExtractor.java:913)
	at org.apache.flink.api.java.typeutils.TypeExtractor.privateGetForClass(TypeExtractor.java:876)
	at org.apache.flink.api.java.typeutils.TypeExtractor.privateGetForObject(TypeExtractor.java:1182)
	at org.apache.flink.api.java.typeutils.TypeExtractor.getForObject(TypeExtractor.java:1152)
	at org.apache.flink.api.java.ExecutionEnvironment.fromElements(ExecutionEnvironment.java:540)
	at org.apache.flink.compiler.java.GroupReduceCompilationTest.testAllGroupReduceNoCombiner(GroupReduceCompilationTest.java:49)

testGroupedReduceWithFieldPositionKeyCombinable(org.apache.flink.compiler.java.GroupReduceCompilationTest)  Time elapsed: 0.001 sec  <<< ERROR!
java.lang.NoClassDefFoundError: org/apache/hadoop/io/Writable
	at org.apache.flink.api.java.typeutils.TypeExtractor.privateGetForClass(TypeExtractor.java:913)
	at org.apache.flink.api.java.typeutils.TypeExtractor.privateGetForClass(TypeExtractor.java:876)
	at org.apache.flink.api.java.typeutils.TypeExtractor.createTypeInfoWithTypeHierarchy(TypeExtractor.java:375)
	at org.apache.flink.api.java.typeutils.TypeExtractor.createTypeInfoWithTypeHierarchy(TypeExtractor.java:295)
	at org.apache.flink.api.java.typeutils.TypeExtractor.createTypeInfoFromInputs(TypeExtractor.java:388)
	at org.apache.flink.api.java.typeutils.TypeExtractor.privateCreateTypeInfo(TypeExtractor.java:215)
	at org.apache.flink.api.java.typeutils.TypeExtractor.getUnaryOperatorReturnType(TypeExtractor.java:151)
	at org.apache.flink.api.java.typeutils.TypeExtractor.getGroupReduceReturnTypes(TypeExtractor.java:91)
	at org.apache.flink.api.java.operators.UnsortedGrouping.reduceGroup(UnsortedGrouping.java:157)
	at org.apache.flink.compiler.java.GroupReduceCompilationTest.testGroupedReduceWithFieldPositionKeyCombinable(GroupReduceCompilationTest.java:197)

testGroupedReduceWithSelectorFunctionKeyCombinable(org.apache.flink.compiler.java.GroupReduceCompilationTest)  Time elapsed: 0 sec  <<< ERROR!
java.lang.NoClassDefFoundError: org/apache/hadoop/io/Writable
	at org.apache.flink.api.java.typeutils.TypeExtractor.privateGetForClass(TypeExtractor.java:913)
	at org.apache.flink.api.java.typeutils.TypeExtractor.privateGetForClass(TypeExtractor.java:876)
	at org.apache.flink.api.java.typeutils.TypeExtractor.createTypeInfoWithTypeHierarchy(TypeExtractor.java:375)
	at org.apache.flink.api.java.typeutils.TypeExtractor.privateCreateTypeInfo(TypeExtractor.java:223)
	at org.apache.flink.api.java.typeutils.TypeExtractor.getUnaryOperatorReturnType(TypeExtractor.java:151)
	at org.apache.flink.api.java.typeutils.TypeExtractor.getKeySelectorTypes(TypeExtractor.java:115)
	at org.apache.flink.api.java.DataSet.groupBy(DataSet.java:541)
	at org.apache.flink.compiler.java.GroupReduceCompilationTest.testGroupedReduceWithSelectorFunctionKeyCombinable(GroupReduceCompilationTest.java:312)

testAllReduceWithCombiner(org.apache.flink.compiler.java.GroupReduceCompilationTest)  Time elapsed: 0 sec  <<< ERROR!
java.lang.NoClassDefFoundError: org/apache/hadoop/io/Writable
	at org.apache.flink.api.java.typeutils.TypeExtractor.privateGetForClass(TypeExtractor.java:913)
	at org.apache.flink.api.java.typeutils.TypeExtractor.privateGetForClass(TypeExtractor.java:876)
	at org.apache.flink.api.java.typeutils.TypeExtractor.createTypeInfoWithTypeHierarchy(TypeExtractor.java:375)
	at org.apache.flink.api.java.typeutils.TypeExtractor.createTypeInfoFromInputs(TypeExtractor.java:388)
	at org.apache.flink.api.java.typeutils.TypeExtractor.privateCreateTypeInfo(TypeExtractor.java:215)
	at org.apache.flink.api.java.typeutils.TypeExtractor.getUnaryOperatorReturnType(TypeExtractor.java:151)
	at org.apache.flink.api.java.typeutils.TypeExtractor.getGroupReduceReturnTypes(TypeExtractor.java:91)
	at org.apache.flink.api.java.DataSet.reduceGroup(DataSet.java:365)
	at org.apache.flink.compiler.java.GroupReduceCompilationTest.testAllReduceWithCombiner(GroupReduceCompilationTest.java:95)

testGroupedReduceWithFieldPositionKeyNonCombinable(org.apache.flink.compiler.java.GroupReduceCompilationTest)  Time elapsed: 0 sec  <<< ERROR!
java.lang.NoClassDefFoundError: org/apache/hadoop/io/Writable
	at org.apache.flink.api.java.typeutils.TypeExtractor.privateGetForClass(TypeExtractor.java:913)
	at org.apache.flink.api.java.typeutils.TypeExtractor.privateGetForClass(TypeExtractor.java:876)
	at org.apache.flink.api.java.typeutils.TypeExtractor.createTypeInfoWithTypeHierarchy(TypeExtractor.java:375)
	at org.apache.flink.api.java.typeutils.TypeExtractor.createTypeInfoWithTypeHierarchy(TypeExtractor.java:295)
	at org.apache.flink.api.java.typeutils.TypeExtractor.createTypeInfoFromInputs(TypeExtractor.java:388)
	at org.apache.flink.api.java.typeutils.TypeExtractor.privateCreateTypeInfo(TypeExtractor.java:215)
	at org.apache.flink.api.java.typeutils.TypeExtractor.getUnaryOperatorReturnType(TypeExtractor.java:151)
	at org.apache.flink.api.java.typeutils.TypeExtractor.getGroupReduceReturnTypes(TypeExtractor.java:91)
	at org.apache.flink.api.java.operators.UnsortedGrouping.reduceGroup(UnsortedGrouping.java:157)
	at org.apache.flink.compiler.java.GroupReduceCompilationTest.testGroupedReduceWithFieldPositionKeyNonCombinable(GroupReduceCompilationTest.java:148)

Tests run: 5, Failures: 0, Errors: 5, Skipped: 0, Time elapsed: 0.578 sec <<< FAILURE! - in org.apache.flink.compiler.CachedMatchStrategyCompilerTest
testLeftSide(org.apache.flink.compiler.CachedMatchStrategyCompilerTest)  Time elapsed: 0.262 sec  <<< ERROR!
java.lang.NoClassDefFoundError: org/apache/hadoop/io/Writable
	at java.net.URLClassLoader.findClass(URLClassLoader.java:381)
	at java.lang.ClassLoader.loadClass(ClassLoader.java:424)
	at sun.misc.Launcher$AppClassLoader.loadClass(Launcher.java:349)
	at java.lang.ClassLoader.loadClass(ClassLoader.java:357)
	at org.apache.flink.api.java.typeutils.TypeExtractor.privateGetForClass(TypeExtractor.java:913)
	at org.apache.flink.api.java.typeutils.TypeExtractor.privateGetForClass(TypeExtractor.java:876)
	at org.apache.flink.api.java.typeutils.TypeExtractor.privateGetForObject(TypeExtractor.java:1182)
	at org.apache.flink.api.java.typeutils.TypeExtractor.privateGetForObject(TypeExtractor.java:1178)
	at org.apache.flink.api.java.typeutils.TypeExtractor.getForObject(TypeExtractor.java:1152)
	at org.apache.flink.api.java.ExecutionEnvironment.fromElements(ExecutionEnvironment.java:540)
	at org.apache.flink.compiler.CachedMatchStrategyCompilerTest.getTestPlanLeftStatic(CachedMatchStrategyCompilerTest.java:237)
	at org.apache.flink.compiler.CachedMatchStrategyCompilerTest.testLeftSide(CachedMatchStrategyCompilerTest.java:111)

testRightSideCountercheck(org.apache.flink.compiler.CachedMatchStrategyCompilerTest)  Time elapsed: 0.178 sec  <<< ERROR!
java.lang.NoClassDefFoundError: org/objectweb/asm/ClassVisitor
	at java.net.URLClassLoader.findClass(URLClassLoader.java:381)
	at java.lang.ClassLoader.loadClass(ClassLoader.java:424)
	at sun.misc.Launcher$AppClassLoader.loadClass(Launcher.java:349)
	at java.lang.ClassLoader.loadClass(ClassLoader.java:357)
	at org.apache.flink.api.java.DataSet.clean(DataSet.java:133)
	at org.apache.flink.api.java.operators.JoinOperator$DefaultJoin.with(JoinOperator.java:530)
	at org.apache.flink.compiler.CachedMatchStrategyCompilerTest.getTestPlanRightStatic(CachedMatchStrategyCompilerTest.java:221)
	at org.apache.flink.compiler.CachedMatchStrategyCompilerTest.testRightSideCountercheck(CachedMatchStrategyCompilerTest.java:82)

testRightSide(org.apache.flink.compiler.CachedMatchStrategyCompilerTest)  Time elapsed: 0 sec  <<< ERROR!
java.lang.NoClassDefFoundError: org/objectweb/asm/ClassVisitor
	at java.net.URLClassLoader.findClass(URLClassLoader.java:381)
	at java.lang.ClassLoader.loadClass(ClassLoader.java:424)
	at sun.misc.Launcher$AppClassLoader.loadClass(Launcher.java:349)
	at java.lang.ClassLoader.loadClass(ClassLoader.java:357)
	at org.apache.flink.api.java.DataSet.clean(DataSet.java:133)
	at org.apache.flink.api.java.operators.JoinOperator$DefaultJoin.with(JoinOperator.java:530)
	at org.apache.flink.compiler.CachedMatchStrategyCompilerTest.getTestPlanRightStatic(CachedMatchStrategyCompilerTest.java:221)
	at org.apache.flink.compiler.CachedMatchStrategyCompilerTest.testRightSide(CachedMatchStrategyCompilerTest.java:54)

testCorrectChoosing(org.apache.flink.compiler.CachedMatchStrategyCompilerTest)  Time elapsed: 0.007 sec  <<< ERROR!
java.lang.NoClassDefFoundError: org/objectweb/asm/ClassVisitor
	at java.net.URLClassLoader.findClass(URLClassLoader.java:381)
	at java.lang.ClassLoader.loadClass(ClassLoader.java:424)
	at sun.misc.Launcher$AppClassLoader.loadClass(Launcher.java:349)
	at java.lang.ClassLoader.loadClass(ClassLoader.java:357)
	at org.apache.flink.api.java.DataSet.clean(DataSet.java:133)
	at org.apache.flink.api.java.operators.JoinOperator$DefaultJoin.with(JoinOperator.java:530)
	at org.apache.flink.compiler.CachedMatchStrategyCompilerTest.getTestPlanRightStatic(CachedMatchStrategyCompilerTest.java:221)
	at org.apache.flink.compiler.CachedMatchStrategyCompilerTest.testCorrectChoosing(CachedMatchStrategyCompilerTest.java:169)

testLeftSideCountercheck(org.apache.flink.compiler.CachedMatchStrategyCompilerTest)  Time elapsed: 0 sec  <<< ERROR!
java.lang.NoClassDefFoundError: org/apache/hadoop/io/Writable
	at org.apache.flink.api.java.typeutils.TypeExtractor.privateGetForClass(TypeExtractor.java:913)
	at org.apache.flink.api.java.typeutils.TypeExtractor.privateGetForClass(TypeExtractor.java:876)
	at org.apache.flink.api.java.typeutils.TypeExtractor.privateGetForObject(TypeExtractor.java:1182)
	at org.apache.flink.api.java.typeutils.TypeExtractor.privateGetForObject(TypeExtractor.java:1178)
	at org.apache.flink.api.java.typeutils.TypeExtractor.getForObject(TypeExtractor.java:1152)
	at org.apache.flink.api.java.ExecutionEnvironment.fromElements(ExecutionEnvironment.java:540)
	at org.apache.flink.compiler.CachedMatchStrategyCompilerTest.getTestPlanLeftStatic(CachedMatchStrategyCompilerTest.java:237)
	at org.apache.flink.compiler.CachedMatchStrategyCompilerTest.testLeftSideCountercheck(CachedMatchStrategyCompilerTest.java:139)

Tests run: 2, Failures: 0, Errors: 0, Skipped: 0, Time elapsed: 0.643 sec - in org.apache.flink.compiler.GroupOrderTest
Tests run: 5, Failures: 0, Errors: 0, Skipped: 0, Time elapsed: 0.77 sec - in org.apache.flink.compiler.DOPChangeTest
Tests run: 5, Failures: 0, Errors: 5, Skipped: 0, Time elapsed: 0.698 sec <<< FAILURE! - in org.apache.flink.compiler.IterationsCompilerTest
testTwoIterationsWithMapperInbetween(org.apache.flink.compiler.IterationsCompilerTest)  Time elapsed: 0.099 sec  <<< ERROR!
java.lang.NoClassDefFoundError: org/apache/hadoop/io/Writable
	at java.net.URLClassLoader.findClass(URLClassLoader.java:381)
	at java.lang.ClassLoader.loadClass(ClassLoader.java:424)
	at sun.misc.Launcher$AppClassLoader.loadClass(Launcher.java:349)
	at java.lang.ClassLoader.loadClass(ClassLoader.java:357)
	at org.apache.flink.api.java.typeutils.TypeExtractor.privateGetForClass(TypeExtractor.java:913)
	at org.apache.flink.api.java.typeutils.TypeExtractor.privateGetForClass(TypeExtractor.java:876)
	at org.apache.flink.api.java.typeutils.TypeExtractor.privateGetForObject(TypeExtractor.java:1182)
	at org.apache.flink.api.java.typeutils.TypeExtractor.privateGetForObject(TypeExtractor.java:1178)
	at org.apache.flink.api.java.typeutils.TypeExtractor.getForObject(TypeExtractor.java:1152)
	at org.apache.flink.api.java.ExecutionEnvironment.fromElements(ExecutionEnvironment.java:540)
	at org.apache.flink.compiler.IterationsCompilerTest.testTwoIterationsWithMapperInbetween(IterationsCompilerTest.java:88)

testTwoWorksetIterationsDirectlyChained(org.apache.flink.compiler.IterationsCompilerTest)  Time elapsed: 0.006 sec  <<< ERROR!
java.lang.NoClassDefFoundError: org/apache/hadoop/io/Writable
	at org.apache.flink.api.java.typeutils.TypeExtractor.privateGetForClass(TypeExtractor.java:913)
	at org.apache.flink.api.java.typeutils.TypeExtractor.privateGetForClass(TypeExtractor.java:876)
	at org.apache.flink.api.java.typeutils.TypeExtractor.privateGetForObject(TypeExtractor.java:1182)
	at org.apache.flink.api.java.typeutils.TypeExtractor.privateGetForObject(TypeExtractor.java:1178)
	at org.apache.flink.api.java.typeutils.TypeExtractor.getForObject(TypeExtractor.java:1152)
	at org.apache.flink.api.java.ExecutionEnvironment.fromElements(ExecutionEnvironment.java:540)
	at org.apache.flink.compiler.IterationsCompilerTest.testTwoWorksetIterationsDirectlyChained(IterationsCompilerTest.java:158)

testIterationPushingWorkOut(org.apache.flink.compiler.IterationsCompilerTest)  Time elapsed: 0.155 sec  <<< ERROR!
java.lang.NoClassDefFoundError: org/apache/hadoop/io/Writable
	at org.apache.flink.api.java.typeutils.TypeExtractor.privateGetForClass(TypeExtractor.java:913)
	at org.apache.flink.api.java.typeutils.TypeExtractor.privateGetForClass(TypeExtractor.java:876)
	at org.apache.flink.api.java.typeutils.TypeExtractor.createTypeInfoWithTypeHierarchy(TypeExtractor.java:375)
	at org.apache.flink.api.java.typeutils.TypeExtractor.createTypeInfoWithTypeHierarchy(TypeExtractor.java:295)
	at org.apache.flink.api.java.typeutils.TypeExtractor.createTypeInfoFromInputs(TypeExtractor.java:388)
	at org.apache.flink.api.java.typeutils.TypeExtractor.privateCreateTypeInfo(TypeExtractor.java:215)
	at org.apache.flink.api.java.typeutils.TypeExtractor.getUnaryOperatorReturnType(TypeExtractor.java:151)
	at org.apache.flink.api.java.typeutils.TypeExtractor.getMapReturnTypes(TypeExtractor.java:78)
	at org.apache.flink.api.java.DataSet.map(DataSet.java:160)
	at org.apache.flink.compiler.IterationsCompilerTest.testIterationPushingWorkOut(IterationsCompilerTest.java:192)

testTwoIterationsDirectlyChained(org.apache.flink.compiler.IterationsCompilerTest)  Time elapsed: 0 sec  <<< ERROR!
java.lang.NoClassDefFoundError: org/apache/hadoop/io/Writable
	at org.apache.flink.api.java.typeutils.TypeExtractor.privateGetForClass(TypeExtractor.java:913)
	at org.apache.flink.api.java.typeutils.TypeExtractor.privateGetForClass(TypeExtractor.java:876)
	at org.apache.flink.api.java.typeutils.TypeExtractor.privateGetForObject(TypeExtractor.java:1182)
	at org.apache.flink.api.java.typeutils.TypeExtractor.privateGetForObject(TypeExtractor.java:1178)
	at org.apache.flink.api.java.typeutils.TypeExtractor.getForObject(TypeExtractor.java:1152)
	at org.apache.flink.api.java.ExecutionEnvironment.fromElements(ExecutionEnvironment.java:540)
	at org.apache.flink.compiler.IterationsCompilerTest.testTwoIterationsDirectlyChained(IterationsCompilerTest.java:124)

testSolutionSetDeltaDependsOnBroadcastVariable(org.apache.flink.compiler.IterationsCompilerTest)  Time elapsed: 0.001 sec  <<< ERROR!
java.lang.NoClassDefFoundError: org/objectweb/asm/ClassVisitor
	at java.net.URLClassLoader.findClass(URLClassLoader.java:381)
	at java.lang.ClassLoader.loadClass(ClassLoader.java:424)
	at sun.misc.Launcher$AppClassLoader.loadClass(Launcher.java:349)
	at java.lang.ClassLoader.loadClass(ClassLoader.java:357)
	at org.apache.flink.api.java.DataSet.clean(DataSet.java:133)
	at org.apache.flink.api.java.DataSet.map(DataSet.java:162)
	at org.apache.flink.compiler.IterationsCompilerTest.testSolutionSetDeltaDependsOnBroadcastVariable(IterationsCompilerTest.java:57)

Tests run: 4, Failures: 0, Errors: 3, Skipped: 0, Time elapsed: 0.736 sec <<< FAILURE! - in org.apache.flink.compiler.java.ReduceCompilationTest
testAllReduceNoCombiner(org.apache.flink.compiler.java.ReduceCompilationTest)  Time elapsed: 0.037 sec  <<< ERROR!
java.lang.NoClassDefFoundError: org/apache/hadoop/io/Writable
	at java.net.URLClassLoader.findClass(URLClassLoader.java:381)
	at java.lang.ClassLoader.loadClass(ClassLoader.java:424)
	at sun.misc.Launcher$AppClassLoader.loadClass(Launcher.java:349)
	at java.lang.ClassLoader.loadClass(ClassLoader.java:357)
	at org.apache.flink.api.java.typeutils.TypeExtractor.privateGetForClass(TypeExtractor.java:913)
	at org.apache.flink.api.java.typeutils.TypeExtractor.privateGetForClass(TypeExtractor.java:876)
	at org.apache.flink.api.java.typeutils.TypeExtractor.privateGetForObject(TypeExtractor.java:1182)
	at org.apache.flink.api.java.typeutils.TypeExtractor.getForObject(TypeExtractor.java:1152)
	at org.apache.flink.api.java.ExecutionEnvironment.fromElements(ExecutionEnvironment.java:540)
	at org.apache.flink.compiler.java.ReduceCompilationTest.testAllReduceNoCombiner(ReduceCompilationTest.java:47)

testGroupedReduceWithSelectorFunctionKey(org.apache.flink.compiler.java.ReduceCompilationTest)  Time elapsed: 0 sec  <<< ERROR!
java.lang.NoClassDefFoundError: org/apache/hadoop/io/Writable
	at org.apache.flink.api.java.typeutils.TypeExtractor.privateGetForClass(TypeExtractor.java:913)
	at org.apache.flink.api.java.typeutils.TypeExtractor.privateGetForClass(TypeExtractor.java:876)
	at org.apache.flink.api.java.typeutils.TypeExtractor.createTypeInfoWithTypeHierarchy(TypeExtractor.java:375)
	at org.apache.flink.api.java.typeutils.TypeExtractor.privateCreateTypeInfo(TypeExtractor.java:223)
	at org.apache.flink.api.java.typeutils.TypeExtractor.getUnaryOperatorReturnType(TypeExtractor.java:151)
	at org.apache.flink.api.java.typeutils.TypeExtractor.getKeySelectorTypes(TypeExtractor.java:115)
	at org.apache.flink.api.java.DataSet.groupBy(DataSet.java:541)
	at org.apache.flink.compiler.java.ReduceCompilationTest.testGroupedReduceWithSelectorFunctionKey(ReduceCompilationTest.java:205)

testAllReduceWithCombiner(org.apache.flink.compiler.java.ReduceCompilationTest)  Time elapsed: 0 sec  <<< ERROR!
java.lang.NoClassDefFoundError: org/objectweb/asm/ClassVisitor
	at java.net.URLClassLoader.findClass(URLClassLoader.java:381)
	at java.lang.ClassLoader.loadClass(ClassLoader.java:424)
	at sun.misc.Launcher$AppClassLoader.loadClass(Launcher.java:349)
	at java.lang.ClassLoader.loadClass(ClassLoader.java:357)
	at org.apache.flink.api.java.DataSet.clean(DataSet.java:133)
	at org.apache.flink.api.java.DataSet.reduce(DataSet.java:345)
	at org.apache.flink.compiler.java.ReduceCompilationTest.testAllReduceWithCombiner(ReduceCompilationTest.java:94)

Tests run: 1, Failures: 0, Errors: 0, Skipped: 0, Time elapsed: 0.701 sec - in org.apache.flink.compiler.ReduceAllTest
Tests run: 2, Failures: 0, Errors: 0, Skipped: 0, Time elapsed: 0.685 sec - in org.apache.flink.compiler.AdditionalOperatorsTest
Tests run: 2, Failures: 0, Errors: 1, Skipped: 0, Time elapsed: 0.716 sec <<< FAILURE! - in org.apache.flink.compiler.UnionPropertyPropagationTest
testUnionNewApiAssembly(org.apache.flink.compiler.UnionPropertyPropagationTest)  Time elapsed: 0.039 sec  <<< ERROR!
java.lang.NoClassDefFoundError: org/apache/hadoop/io/Writable
	at java.net.URLClassLoader.findClass(URLClassLoader.java:381)
	at java.lang.ClassLoader.loadClass(ClassLoader.java:424)
	at sun.misc.Launcher$AppClassLoader.loadClass(Launcher.java:349)
	at java.lang.ClassLoader.loadClass(ClassLoader.java:357)
	at org.apache.flink.api.java.typeutils.TypeExtractor.privateGetForClass(TypeExtractor.java:913)
	at org.apache.flink.api.java.typeutils.TypeExtractor.privateGetForClass(TypeExtractor.java:876)
	at org.apache.flink.api.java.typeutils.TypeExtractor.createTypeInfoWithTypeHierarchy(TypeExtractor.java:375)
	at org.apache.flink.api.java.typeutils.TypeExtractor.createTypeInfoWithTypeHierarchy(TypeExtractor.java:295)
	at org.apache.flink.api.java.typeutils.TypeExtractor.createTypeInfoFromInputs(TypeExtractor.java:388)
	at org.apache.flink.api.java.typeutils.TypeExtractor.privateCreateTypeInfo(TypeExtractor.java:215)
	at org.apache.flink.api.java.typeutils.TypeExtractor.getUnaryOperatorReturnType(TypeExtractor.java:151)
	at org.apache.flink.api.java.typeutils.TypeExtractor.getFlatMapReturnTypes(TypeExtractor.java:82)
	at org.apache.flink.api.java.DataSet.flatMap(DataSet.java:210)
	at org.apache.flink.compiler.UnionPropertyPropagationTest.testUnionNewApiAssembly(UnionPropertyPropagationTest.java:117)

Tests run: 1, Failures: 0, Errors: 0, Skipped: 0, Time elapsed: 0.746 sec - in org.apache.flink.compiler.HardPlansCompilationTest
Tests run: 4, Failures: 0, Errors: 3, Skipped: 0, Time elapsed: 0.788 sec <<< FAILURE! - in org.apache.flink.compiler.java.IterationCompilerTest
testEmptyWorksetIteration(org.apache.flink.compiler.java.IterationCompilerTest)  Time elapsed: 0.362 sec  <<< ERROR!
java.lang.NoClassDefFoundError: org/apache/hadoop/io/Writable
	at java.net.URLClassLoader.findClass(URLClassLoader.java:381)
	at java.lang.ClassLoader.loadClass(ClassLoader.java:424)
	at sun.misc.Launcher$AppClassLoader.loadClass(Launcher.java:349)
	at java.lang.ClassLoader.loadClass(ClassLoader.java:357)
	at org.apache.flink.api.java.typeutils.TypeExtractor.privateGetForClass(TypeExtractor.java:913)
	at org.apache.flink.api.java.typeutils.TypeExtractor.privateGetForClass(TypeExtractor.java:876)
	at org.apache.flink.api.java.typeutils.TypeExtractor.createTypeInfoWithTypeHierarchy(TypeExtractor.java:375)
	at org.apache.flink.api.java.typeutils.TypeExtractor.createTypeInfoWithTypeHierarchy(TypeExtractor.java:295)
	at org.apache.flink.api.java.typeutils.TypeExtractor.privateCreateTypeInfo(TypeExtractor.java:223)
	at org.apache.flink.api.java.typeutils.TypeExtractor.getUnaryOperatorReturnType(TypeExtractor.java:151)
	at org.apache.flink.api.java.typeutils.TypeExtractor.getMapReturnTypes(TypeExtractor.java:78)
	at org.apache.flink.api.java.DataSet.map(DataSet.java:160)
	at org.apache.flink.compiler.java.IterationCompilerTest.testEmptyWorksetIteration(IterationCompilerTest.java:66)

testIterationWithUnionRoot(org.apache.flink.compiler.java.IterationCompilerTest)  Time elapsed: 0 sec  <<< ERROR!
java.lang.NoClassDefFoundError: org/objectweb/asm/ClassVisitor
	at java.net.URLClassLoader.findClass(URLClassLoader.java:381)
	at java.lang.ClassLoader.loadClass(ClassLoader.java:424)
	at sun.misc.Launcher$AppClassLoader.loadClass(Launcher.java:349)
	at java.lang.ClassLoader.loadClass(ClassLoader.java:357)
	at org.apache.flink.api.java.DataSet.clean(DataSet.java:133)
	at org.apache.flink.api.java.DataSet.map(DataSet.java:162)
	at org.apache.flink.compiler.java.IterationCompilerTest.testIterationWithUnionRoot(IterationCompilerTest.java:96)

testWorksetIterationWithUnionRoot(org.apache.flink.compiler.java.IterationCompilerTest)  Time elapsed: 0 sec  <<< ERROR!
java.lang.NoClassDefFoundError: org/apache/hadoop/io/Writable
	at org.apache.flink.api.java.typeutils.TypeExtractor.privateGetForClass(TypeExtractor.java:913)
	at org.apache.flink.api.java.typeutils.TypeExtractor.privateGetForClass(TypeExtractor.java:876)
	at org.apache.flink.api.java.typeutils.TypeExtractor.createTypeInfoWithTypeHierarchy(TypeExtractor.java:375)
	at org.apache.flink.api.java.typeutils.TypeExtractor.createTypeInfoWithTypeHierarchy(TypeExtractor.java:295)
	at org.apache.flink.api.java.typeutils.TypeExtractor.privateCreateTypeInfo(TypeExtractor.java:223)
	at org.apache.flink.api.java.typeutils.TypeExtractor.getUnaryOperatorReturnType(TypeExtractor.java:151)
	at org.apache.flink.api.java.typeutils.TypeExtractor.getMapReturnTypes(TypeExtractor.java:78)
	at org.apache.flink.api.java.DataSet.map(DataSet.java:160)
	at org.apache.flink.compiler.java.IterationCompilerTest.testWorksetIterationWithUnionRoot(IterationCompilerTest.java:117)

Tests run: 6, Failures: 0, Errors: 0, Skipped: 0, Time elapsed: 0.799 sec - in org.apache.flink.compiler.java.JoinTranslationTest
Tests run: 3, Failures: 0, Errors: 0, Skipped: 0, Time elapsed: 0.867 sec - in org.apache.flink.compiler.WorksetIterationsRecordApiCompilerTest
Tests run: 18, Failures: 0, Errors: 4, Skipped: 0, Time elapsed: 1.058 sec <<< FAILURE! - in org.apache.flink.compiler.BranchingPlansCompilerTest
testBCVariableClosure(org.apache.flink.compiler.BranchingPlansCompilerTest)  Time elapsed: 0.077 sec  <<< ERROR!
java.lang.NoClassDefFoundError: org/objectweb/asm/ClassVisitor
	at java.net.URLClassLoader.findClass(URLClassLoader.java:381)
	at java.lang.ClassLoader.loadClass(ClassLoader.java:424)
	at sun.misc.Launcher$AppClassLoader.loadClass(Launcher.java:349)
	at java.lang.ClassLoader.loadClass(ClassLoader.java:357)
	at org.apache.flink.api.java.DataSet.clean(DataSet.java:133)
	at org.apache.flink.api.java.DataSet.map(DataSet.java:162)
	at org.apache.flink.compiler.BranchingPlansCompilerTest.testBCVariableClosure(BranchingPlansCompilerTest.java:989)

testBranchingBroadcastVariable(org.apache.flink.compiler.BranchingPlansCompilerTest)  Time elapsed: 0 sec  <<< ERROR!
java.lang.NoClassDefFoundError: org/objectweb/asm/ClassVisitor
	at java.net.URLClassLoader.findClass(URLClassLoader.java:381)
	at java.lang.ClassLoader.loadClass(ClassLoader.java:424)
	at sun.misc.Launcher$AppClassLoader.loadClass(Launcher.java:349)
	at java.lang.ClassLoader.loadClass(ClassLoader.java:357)
	at org.apache.flink.api.java.DataSet.clean(DataSet.java:133)
	at org.apache.flink.api.java.DataSet.map(DataSet.java:162)
	at org.apache.flink.compiler.BranchingPlansCompilerTest.testBranchingBroadcastVariable(BranchingPlansCompilerTest.java:949)

testMultipleIterations(org.apache.flink.compiler.BranchingPlansCompilerTest)  Time elapsed: 0.001 sec  <<< ERROR!
java.lang.NoClassDefFoundError: org/objectweb/asm/ClassVisitor
	at java.net.URLClassLoader.findClass(URLClassLoader.java:381)
	at java.lang.ClassLoader.loadClass(ClassLoader.java:424)
	at sun.misc.Launcher$AppClassLoader.loadClass(Launcher.java:349)
	at java.lang.ClassLoader.loadClass(ClassLoader.java:357)
	at org.apache.flink.api.java.DataSet.clean(DataSet.java:133)
	at org.apache.flink.api.java.DataSet.map(DataSet.java:162)
	at org.apache.flink.compiler.BranchingPlansCompilerTest.testMultipleIterations(BranchingPlansCompilerTest.java:1018)

testMultipleIterationsWithClosueBCVars(org.apache.flink.compiler.BranchingPlansCompilerTest)  Time elapsed: 0.003 sec  <<< ERROR!
java.lang.NoClassDefFoundError: org/objectweb/asm/ClassVisitor
	at java.net.URLClassLoader.findClass(URLClassLoader.java:381)
	at java.lang.ClassLoader.loadClass(ClassLoader.java:424)
	at sun.misc.Launcher$AppClassLoader.loadClass(Launcher.java:349)
	at java.lang.ClassLoader.loadClass(ClassLoader.java:357)
	at org.apache.flink.api.java.DataSet.clean(DataSet.java:133)
	at org.apache.flink.api.java.DataSet.map(DataSet.java:162)
	at org.apache.flink.compiler.BranchingPlansCompilerTest.testMultipleIterationsWithClosueBCVars(BranchingPlansCompilerTest.java:1050)


Results :

Tests in error: 
  BroadcastVariablePipelinebreakerTest.testNoBreakerForIndependentVariable:42  NoClassDefFound
  BroadcastVariablePipelinebreakerTest.testBreakerForDependentVariable:66  NoClassDefFound
  PartitionPushdownTest.testPartitioningNotPushedDown:43  NoClassDefFound org/a...
  CachedMatchStrategyCompilerTest.testLeftSide:111->getTestPlanLeftStatic:237  NoClassDefFound
  UnionReplacementTest.testUnionReplacement:37  NoClassDefFound org/apache/hado...
  PartitionPushdownTest.testPartitioningReused:79  NoClassDefFound org/apache/h...
  PipelineBreakerTest.testPilelineBreakerWithCross:154  NoClassDefFound org/obj...
  PipelineBreakerTest.testPipelineBreakerWithBroadcastVariable:46  NoClassDefFound
  WorksetIterationsJavaApiCompilerTest.testJavaApiWithDeferredSoltionSetUpdateWithMapper:60->getJavaTestPlan:251  NoClassDefFound
  PipelineBreakerTest.testPipelineBreakerBroadcastedPartialSolution:113  NoClassDefFound
  PipelineBreakerTest.testPipelineBreakerBroadcastedAllReduce:74  NoClassDefFound
  WorksetIterationsJavaApiCompilerTest.testJavaApiWithDirectSoltionSetUpdate:152->getJavaTestPlan:251  NoClassDefFound
  WorksetIterationsJavaApiCompilerTest.testRejectPlanIfSolutionSetKeysAndJoinKeysDontMatch:202  NoClassDefFound
  WorksetIterationsJavaApiCompilerTest.testJavaApiWithDeferredSoltionSetUpdateWithNonPreservingJoin:108->getJavaTestPlan:251  NoClassDefFound
  GroupReduceCompilationTest.testGroupedReduceWithSelectorFunctionKeyNoncombinable:254  NoClassDefFound
  DeltaIterationDependenciesTest.testExceptionWhenNewWorksetNotDependentOnWorkset:42  NoClassDefFound
  CoGroupSolutionSetFirstTest.testCoGroupSolutionSet:61  NoClassDefFound org/ap...
  WorksetIterationCornerCasesTest.testWorksetIterationNotDependingOnSolutionSet:42  NoClassDefFound
  IterationsCompilerTest.testTwoIterationsWithMapperInbetween:88  NoClassDefFound
  IterationCompilerTest.testEmptyWorksetIteration:66  NoClassDefFound org/apach...
  IterationCompilerTest.testIterationWithUnionRoot:96  NoClassDefFound org/obje...
  GroupReduceCompilationTest.testAllGroupReduceNoCombiner:49  NoClassDefFound o...
  GroupReduceCompilationTest.testGroupedReduceWithFieldPositionKeyCombinable:197  NoClassDefFound
  GroupReduceCompilationTest.testGroupedReduceWithSelectorFunctionKeyCombinable:312  NoClassDefFound
  GroupReduceCompilationTest.testAllReduceWithCombiner:95  NoClassDefFound org/...
  GroupReduceCompilationTest.testGroupedReduceWithFieldPositionKeyNonCombinable:148  NoClassDefFound
  IterationsCompilerTest.testTwoWorksetIterationsDirectlyChained:158  NoClassDefFound
  CachedMatchStrategyCompilerTest.testRightSideCountercheck:82->getTestPlanRightStatic:221  NoClassDefFound
  CachedMatchStrategyCompilerTest.testRightSide:54->getTestPlanRightStatic:221  NoClassDefFound
  CachedMatchStrategyCompilerTest.testCorrectChoosing:169->getTestPlanRightStatic:221  NoClassDefFound
  CachedMatchStrategyCompilerTest.testLeftSideCountercheck:139->getTestPlanLeftStatic:237  NoClassDefFound
  IterationsCompilerTest.testIterationPushingWorkOut:192  NoClassDefFound org/a...
  IterationsCompilerTest.testTwoIterationsDirectlyChained:124  NoClassDefFound ...
  IterationsCompilerTest.testSolutionSetDeltaDependsOnBroadcastVariable:57  NoClassDefFound
  ReduceCompilationTest.testAllReduceNoCombiner:47  NoClassDefFound org/apache/...
  ReduceCompilationTest.testGroupedReduceWithSelectorFunctionKey:205  NoClassDefFound
  ReduceCompilationTest.testAllReduceWithCombiner:94  NoClassDefFound org/objec...
  UnionPropertyPropagationTest.testUnionNewApiAssembly:117  NoClassDefFound org...
  IterationCompilerTest.testWorksetIterationWithUnionRoot:117  NoClassDefFound ...
  BranchingPlansCompilerTest.testBCVariableClosure:989  NoClassDefFound org/obj...
  BranchingPlansCompilerTest.testBranchingBroadcastVariable:949  NoClassDefFound
  BranchingPlansCompilerTest.testMultipleIterations:1018  NoClassDefFound org/o...
  BranchingPlansCompilerTest.testMultipleIterationsWithClosueBCVars:1050  NoClassDefFound

Tests run: 96, Failures: 0, Errors: 43, Skipped: 0

[INFO] ------------------------------------------------------------------------
[INFO] BUILD FAILURE
[INFO] ------------------------------------------------------------------------
[INFO] Total time: 6.809 s
[INFO] Finished at: 2019-08-21T13:18:43-07:00
[INFO] Final Memory: 24M/1111M
[INFO] ------------------------------------------------------------------------
[ERROR] Failed to execute goal org.apache.maven.plugins:maven-surefire-plugin:2.17:test (default-test) on project flink-compiler: There are test failures.
[ERROR] 
[ERROR] Please refer to /tmp/DynaMoth_Bugs.jar_Flink_6ecd0f82/flink-compiler/target/surefire-reports for the individual test results.
[ERROR] -> [Help 1]
[ERROR] 
[ERROR] To see the full stack trace of the errors, re-run Maven with the -e switch.
[ERROR] Re-run Maven using the -X switch to enable full debug logging.
[ERROR] 
[ERROR] For more information about the errors and possible solutions, please read the following articles:
[ERROR] [Help 1] http://cwiki.apache.org/confluence/display/MAVEN/MojoFailureException
