Picked up JAVA_TOOL_OPTIONS: -XX:CICompilerCount=2 -XX:ParallelGCThreads=2 -XX:ConcGCThreads=2 -Djdk.net.URLClassPath.disableClassPathURLCheck=true 
Picked up _JAVA_OPTIONS: -Djdk.net.URLClassPath.disableClassPathURLCheck=true
Apache Maven 3.5.0 (Red Hat 3.5.0-4.3)
Maven home: /opt/rh/rh-maven35/root/usr/share/maven
Java version: 1.7.0_80, vendor: Oracle Corporation
Java home: /scratch/rjust/projects/calling-bs/repair-them-all/RepairThemAll/jdks/jdk1.7.0_80/jre
Default locale: en_US, platform encoding: UTF-8
OS name: "linux", version: "4.14.132-1.el7.retpoline.x86_64", arch: "amd64", family: "unix"
[INFO] Scanning for projects...
[INFO] 
[INFO] ------------------------------------------------------------------------
[INFO] Building io.opentracing.contrib:opentracing-p6spy 0.2.1-SNAPSHOT
[INFO] ------------------------------------------------------------------------
[INFO] 
[INFO] --- jacoco-maven-plugin:0.8.1:prepare-agent (prepare-agent) @ opentracing-p6spy ---
[INFO] Skipping JaCoCo execution because property jacoco.skip is set.
[INFO] argLine set to empty
[INFO] 
[INFO] --- maven-resources-plugin:2.6:resources (default-resources) @ opentracing-p6spy ---
[INFO] Using 'UTF-8' encoding to copy filtered resources.
[INFO] skip non existing resourceDirectory /tmp/Arja_Bears_opentracing-contrib-java-p6spy_390188323-431527545/src/main/resources
[INFO] 
[INFO] --- maven-compiler-plugin:3.7.0:compile (default-compile) @ opentracing-p6spy ---
[INFO] Nothing to compile - all classes are up to date
[INFO] 
[INFO] --- license-maven-plugin:3.0:check (default) @ opentracing-p6spy ---
[INFO] 
[INFO] --- maven-resources-plugin:2.6:testResources (default-testResources) @ opentracing-p6spy ---
[INFO] Using 'UTF-8' encoding to copy filtered resources.
[INFO] Copying 4 resources
[INFO] 
[INFO] --- maven-compiler-plugin:3.7.0:testCompile (default-testCompile) @ opentracing-p6spy ---
[INFO] Changes detected - recompiling the module!
[INFO] Compiling 4 source files to /tmp/Arja_Bears_opentracing-contrib-java-p6spy_390188323-431527545/target/test-classes
[INFO] /tmp/Arja_Bears_opentracing-contrib-java-p6spy_390188323-431527545/src/test/java/io/opentracing/contrib/p6spy/JdbcTest.java: /tmp/Arja_Bears_opentracing-contrib-java-p6spy_390188323-431527545/src/test/java/io/opentracing/contrib/p6spy/JdbcTest.java uses unchecked or unsafe operations.
[INFO] /tmp/Arja_Bears_opentracing-contrib-java-p6spy_390188323-431527545/src/test/java/io/opentracing/contrib/p6spy/JdbcTest.java: Recompile with -Xlint:unchecked for details.
[INFO] -------------------------------------------------------------
[ERROR] COMPILATION ERROR : 
[INFO] -------------------------------------------------------------
[ERROR] /tmp/Arja_Bears_opentracing-contrib-java-p6spy_390188323-431527545/src/test/java/io/opentracing/contrib/p6spy/HibernateTest.java:[133,18] unreported exception java.io.IOException; must be caught or declared to be thrown
[ERROR] /tmp/Arja_Bears_opentracing-contrib-java-p6spy_390188323-431527545/src/test/java/io/opentracing/contrib/p6spy/HibernateTest.java:[153,18] unreported exception java.io.IOException; must be caught or declared to be thrown
[ERROR] /tmp/Arja_Bears_opentracing-contrib-java-p6spy_390188323-431527545/src/test/java/io/opentracing/contrib/p6spy/HibernateTest.java:[173,18] unreported exception java.io.IOException; must be caught or declared to be thrown
[ERROR] /tmp/Arja_Bears_opentracing-contrib-java-p6spy_390188323-431527545/src/test/java/io/opentracing/contrib/p6spy/HibernateTest.java:[192,20] unreported exception java.io.IOException; must be caught or declared to be thrown
[INFO] 4 errors 
[INFO] -------------------------------------------------------------
[INFO] ------------------------------------------------------------------------
[INFO] BUILD FAILURE
[INFO] ------------------------------------------------------------------------
[INFO] Total time: 4.624 s
[INFO] Finished at: 2019-08-20T23:34:11-07:00
[INFO] Final Memory: 35M/1427M
[INFO] ------------------------------------------------------------------------
[ERROR] Failed to execute goal org.apache.maven.plugins:maven-compiler-plugin:3.7.0:testCompile (default-testCompile) on project opentracing-p6spy: Compilation failure: Compilation failure: 
[ERROR] /tmp/Arja_Bears_opentracing-contrib-java-p6spy_390188323-431527545/src/test/java/io/opentracing/contrib/p6spy/HibernateTest.java:[133,18] unreported exception java.io.IOException; must be caught or declared to be thrown
[ERROR] /tmp/Arja_Bears_opentracing-contrib-java-p6spy_390188323-431527545/src/test/java/io/opentracing/contrib/p6spy/HibernateTest.java:[153,18] unreported exception java.io.IOException; must be caught or declared to be thrown
[ERROR] /tmp/Arja_Bears_opentracing-contrib-java-p6spy_390188323-431527545/src/test/java/io/opentracing/contrib/p6spy/HibernateTest.java:[173,18] unreported exception java.io.IOException; must be caught or declared to be thrown
[ERROR] /tmp/Arja_Bears_opentracing-contrib-java-p6spy_390188323-431527545/src/test/java/io/opentracing/contrib/p6spy/HibernateTest.java:[192,20] unreported exception java.io.IOException; must be caught or declared to be thrown
[ERROR] -> [Help 1]
[ERROR] 
[ERROR] To see the full stack trace of the errors, re-run Maven with the -e switch.
[ERROR] Re-run Maven using the -X switch to enable full debug logging.
[ERROR] 
[ERROR] For more information about the errors and possible solutions, please read the following articles:
[ERROR] [Help 1] http://cwiki.apache.org/confluence/display/MAVEN/MojoFailureException
