Picked up JAVA_TOOL_OPTIONS: -XX:CICompilerCount=2 -XX:ParallelGCThreads=2 -XX:ConcGCThreads=2 -Djdk.net.URLClassPath.disableClassPathURLCheck=true 
Picked up _JAVA_OPTIONS: -Djdk.net.URLClassPath.disableClassPathURLCheck=true
[INFO] Scanning for projects...
[INFO] 
[INFO] [1m------------------------------------------------------------------------[m
[INFO] [1mBuilding grade-0cea42f9680f35f5a84c724c396d4d588b65c303453f9585562f2e2af8db74f5096a83a70b17c5126538222b111a0795a34e9fb6db95d62d771d01592abe3ff6-001 0.0.1-SNAPSHOT[m
[INFO] [1m------------------------------------------------------------------------[m
[INFO] 
[INFO] [1m--- [0;32mmaven-resources-plugin:2.6:resources[m [1m(default-resources)[m @ [36mintroclassJava[0;1m ---[m
[WARNING] Using platform encoding (UTF-8 actually) to copy filtered resources, i.e. build is platform dependent!
[INFO] skip non existing resourceDirectory /scratch/tmp-rta/IntroClassJava_grade_0cea42f9680f35f5a84c724c396d4d588b65c303453f9585562f2e2af8db74f5096a83a70b17c5126538222b111a0795a34e9fb6db95d62d771d01592abe3ff6-001_java-8/src/main/resources
[INFO] 
[INFO] [1m--- [0;32mmaven-compiler-plugin:3.1:compile[m [1m(default-compile)[m @ [36mintroclassJava[0;1m ---[m
[INFO] Nothing to compile - all classes are up to date
[INFO] 
[INFO] [1m--- [0;32mmaven-resources-plugin:2.6:testResources[m [1m(default-testResources)[m @ [36mintroclassJava[0;1m ---[m
[WARNING] Using platform encoding (UTF-8 actually) to copy filtered resources, i.e. build is platform dependent!
[INFO] skip non existing resourceDirectory /scratch/tmp-rta/IntroClassJava_grade_0cea42f9680f35f5a84c724c396d4d588b65c303453f9585562f2e2af8db74f5096a83a70b17c5126538222b111a0795a34e9fb6db95d62d771d01592abe3ff6-001_java-8/src/test/resources
[INFO] 
[INFO] [1m--- [0;32mmaven-compiler-plugin:3.1:testCompile[m [1m(default-testCompile)[m @ [36mintroclassJava[0;1m ---[m
[INFO] Nothing to compile - all classes are up to date
[INFO] 
[INFO] [1m--- [0;32mmaven-surefire-plugin:2.12.4:test[m [1m(default-test)[m @ [36mintroclassJava[0;1m ---[m
[INFO] Surefire report directory: /scratch/tmp-rta/IntroClassJava_grade_0cea42f9680f35f5a84c724c396d4d588b65c303453f9585562f2e2af8db74f5096a83a70b17c5126538222b111a0795a34e9fb6db95d62d771d01592abe3ff6-001_java-8/target/surefire-reports

-------------------------------------------------------
 T E S T S
-------------------------------------------------------
Picked up JAVA_TOOL_OPTIONS: -XX:CICompilerCount=2 -XX:ParallelGCThreads=2 -XX:ConcGCThreads=2 -Djdk.net.URLClassPath.disableClassPathURLCheck=true -XX:CICompilerCount=2 -XX:ParallelGCThreads=2 -XX:ConcGCThreads=2 -Djdk.net.URLClassPath.disableClassPathURLCheck=true 
Picked up _JAVA_OPTIONS: -Djdk.net.URLClassPath.disableClassPathURLCheck=true
Running introclassJava.grade_0cea42f9_001BlackboxTest
Tests run: 9, Failures: 9, Errors: 0, Skipped: 0, Time elapsed: 0.135 sec <<< FAILURE!
test1(introclassJava.grade_0cea42f9_001BlackboxTest)  Time elapsed: 0.054 sec  <<< FAILURE!
org.junit.ComparisonFailure: expected:<Enterthreshold[sforA,B,C,Dinthatorder,decreasingperc]entages>Thankyou.Now...> but was:<Enterthreshold[forgradesA,B,C,Dinthisorder,decreasingpers]entages>Thankyou.Now...>
	at org.junit.Assert.assertEquals(Assert.java:115)
	at org.junit.Assert.assertEquals(Assert.java:144)
	at introclassJava.grade_0cea42f9_001BlackboxTest.test1(grade_0cea42f9_001BlackboxTest.java:14)
	at sun.reflect.NativeMethodAccessorImpl.invoke0(Native Method)
	at sun.reflect.NativeMethodAccessorImpl.invoke(NativeMethodAccessorImpl.java:62)
	at sun.reflect.DelegatingMethodAccessorImpl.invoke(DelegatingMethodAccessorImpl.java:43)
	at java.lang.reflect.Method.invoke(Method.java:498)
	at org.junit.runners.model.FrameworkMethod$1.runReflectiveCall(FrameworkMethod.java:47)
	at org.junit.internal.runners.model.ReflectiveCallable.run(ReflectiveCallable.java:12)
	at org.junit.runners.model.FrameworkMethod.invokeExplosively(FrameworkMethod.java:44)
	at org.junit.internal.runners.statements.InvokeMethod.evaluate(InvokeMethod.java:17)
	at org.junit.internal.runners.statements.FailOnTimeout$StatementThread.run(FailOnTimeout.java:74)

test2(introclassJava.grade_0cea42f9_001BlackboxTest)  Time elapsed: 0.003 sec  <<< FAILURE!
org.junit.ComparisonFailure: expected:<Enterthreshold[sforA,B,C,Dinthatorder,decreasingperc]entages>Thankyou.Now...> but was:<Enterthreshold[forgradesA,B,C,Dinthisorder,decreasingpers]entages>Thankyou.Now...>
	at org.junit.Assert.assertEquals(Assert.java:115)
	at org.junit.Assert.assertEquals(Assert.java:144)
	at introclassJava.grade_0cea42f9_001BlackboxTest.test2(grade_0cea42f9_001BlackboxTest.java:23)
	at sun.reflect.NativeMethodAccessorImpl.invoke0(Native Method)
	at sun.reflect.NativeMethodAccessorImpl.invoke(NativeMethodAccessorImpl.java:62)
	at sun.reflect.DelegatingMethodAccessorImpl.invoke(DelegatingMethodAccessorImpl.java:43)
	at java.lang.reflect.Method.invoke(Method.java:498)
	at org.junit.runners.model.FrameworkMethod$1.runReflectiveCall(FrameworkMethod.java:47)
	at org.junit.internal.runners.model.ReflectiveCallable.run(ReflectiveCallable.java:12)
	at org.junit.runners.model.FrameworkMethod.invokeExplosively(FrameworkMethod.java:44)
	at org.junit.internal.runners.statements.InvokeMethod.evaluate(InvokeMethod.java:17)
	at org.junit.internal.runners.statements.FailOnTimeout$StatementThread.run(FailOnTimeout.java:74)

test3(introclassJava.grade_0cea42f9_001BlackboxTest)  Time elapsed: 0.005 sec  <<< FAILURE!
org.junit.ComparisonFailure: expected:<Enterthreshold[sforA,B,C,Dinthatorder,decreasingpercentages>Thankyou.Nowenterstudentscore(percent)>Studenthasan]Bgrade> but was:<Enterthreshold[forgradesA,B,C,Dinthisorder,decreasingpersentages>Thankyou.Nowenterstudentscore(percent)>Studenthasa]Bgrade>
	at org.junit.Assert.assertEquals(Assert.java:115)
	at org.junit.Assert.assertEquals(Assert.java:144)
	at introclassJava.grade_0cea42f9_001BlackboxTest.test3(grade_0cea42f9_001BlackboxTest.java:32)
	at sun.reflect.NativeMethodAccessorImpl.invoke0(Native Method)
	at sun.reflect.NativeMethodAccessorImpl.invoke(NativeMethodAccessorImpl.java:62)
	at sun.reflect.DelegatingMethodAccessorImpl.invoke(DelegatingMethodAccessorImpl.java:43)
	at java.lang.reflect.Method.invoke(Method.java:498)
	at org.junit.runners.model.FrameworkMethod$1.runReflectiveCall(FrameworkMethod.java:47)
	at org.junit.internal.runners.model.ReflectiveCallable.run(ReflectiveCallable.java:12)
	at org.junit.runners.model.FrameworkMethod.invokeExplosively(FrameworkMethod.java:44)
	at org.junit.internal.runners.statements.InvokeMethod.evaluate(InvokeMethod.java:17)
	at org.junit.internal.runners.statements.FailOnTimeout$StatementThread.run(FailOnTimeout.java:74)

test4(introclassJava.grade_0cea42f9_001BlackboxTest)  Time elapsed: 0.005 sec  <<< FAILURE!
org.junit.ComparisonFailure: expected:<Enterthreshold[sforA,B,C,Dinthatorder,decreasingpercentages>Thankyou.Nowenterstudentscore(percent)>Studenthasan]Bgrade> but was:<Enterthreshold[forgradesA,B,C,Dinthisorder,decreasingpersentages>Thankyou.Nowenterstudentscore(percent)>Studenthasa]Bgrade>
	at org.junit.Assert.assertEquals(Assert.java:115)
	at org.junit.Assert.assertEquals(Assert.java:144)
	at introclassJava.grade_0cea42f9_001BlackboxTest.test4(grade_0cea42f9_001BlackboxTest.java:41)
	at sun.reflect.NativeMethodAccessorImpl.invoke0(Native Method)
	at sun.reflect.NativeMethodAccessorImpl.invoke(NativeMethodAccessorImpl.java:62)
	at sun.reflect.DelegatingMethodAccessorImpl.invoke(DelegatingMethodAccessorImpl.java:43)
	at java.lang.reflect.Method.invoke(Method.java:498)
	at org.junit.runners.model.FrameworkMethod$1.runReflectiveCall(FrameworkMethod.java:47)
	at org.junit.internal.runners.model.ReflectiveCallable.run(ReflectiveCallable.java:12)
	at org.junit.runners.model.FrameworkMethod.invokeExplosively(FrameworkMethod.java:44)
	at org.junit.internal.runners.statements.InvokeMethod.evaluate(InvokeMethod.java:17)
	at org.junit.internal.runners.statements.FailOnTimeout$StatementThread.run(FailOnTimeout.java:74)

test5(introclassJava.grade_0cea42f9_001BlackboxTest)  Time elapsed: 0.005 sec  <<< FAILURE!
org.junit.ComparisonFailure: expected:<Enterthreshold[sforA,B,C,Dinthatorder,decreasingpercentages>Thankyou.Nowenterstudentscore(percent)>Studenthasan]Cgrade> but was:<Enterthreshold[forgradesA,B,C,Dinthisorder,decreasingpersentages>Thankyou.Nowenterstudentscore(percent)>Studenthasa]Cgrade>
	at org.junit.Assert.assertEquals(Assert.java:115)
	at org.junit.Assert.assertEquals(Assert.java:144)
	at introclassJava.grade_0cea42f9_001BlackboxTest.test5(grade_0cea42f9_001BlackboxTest.java:50)
	at sun.reflect.NativeMethodAccessorImpl.invoke0(Native Method)
	at sun.reflect.NativeMethodAccessorImpl.invoke(NativeMethodAccessorImpl.java:62)
	at sun.reflect.DelegatingMethodAccessorImpl.invoke(DelegatingMethodAccessorImpl.java:43)
	at java.lang.reflect.Method.invoke(Method.java:498)
	at org.junit.runners.model.FrameworkMethod$1.runReflectiveCall(FrameworkMethod.java:47)
	at org.junit.internal.runners.model.ReflectiveCallable.run(ReflectiveCallable.java:12)
	at org.junit.runners.model.FrameworkMethod.invokeExplosively(FrameworkMethod.java:44)
	at org.junit.internal.runners.statements.InvokeMethod.evaluate(InvokeMethod.java:17)
	at org.junit.internal.runners.statements.FailOnTimeout$StatementThread.run(FailOnTimeout.java:74)

test6(introclassJava.grade_0cea42f9_001BlackboxTest)  Time elapsed: 0.004 sec  <<< FAILURE!
org.junit.ComparisonFailure: expected:<Enterthreshold[sforA,B,C,Dinthatorder,decreasingpercentages>Thankyou.Nowenterstudentscore(percent)>Studenthasan]Cgrade> but was:<Enterthreshold[forgradesA,B,C,Dinthisorder,decreasingpersentages>Thankyou.Nowenterstudentscore(percent)>Studenthasa]Cgrade>
	at org.junit.Assert.assertEquals(Assert.java:115)
	at org.junit.Assert.assertEquals(Assert.java:144)
	at introclassJava.grade_0cea42f9_001BlackboxTest.test6(grade_0cea42f9_001BlackboxTest.java:59)
	at sun.reflect.NativeMethodAccessorImpl.invoke0(Native Method)
	at sun.reflect.NativeMethodAccessorImpl.invoke(NativeMethodAccessorImpl.java:62)
	at sun.reflect.DelegatingMethodAccessorImpl.invoke(DelegatingMethodAccessorImpl.java:43)
	at java.lang.reflect.Method.invoke(Method.java:498)
	at org.junit.runners.model.FrameworkMethod$1.runReflectiveCall(FrameworkMethod.java:47)
	at org.junit.internal.runners.model.ReflectiveCallable.run(ReflectiveCallable.java:12)
	at org.junit.runners.model.FrameworkMethod.invokeExplosively(FrameworkMethod.java:44)
	at org.junit.internal.runners.statements.InvokeMethod.evaluate(InvokeMethod.java:17)
	at org.junit.internal.runners.statements.FailOnTimeout$StatementThread.run(FailOnTimeout.java:74)

test7(introclassJava.grade_0cea42f9_001BlackboxTest)  Time elapsed: 0.004 sec  <<< FAILURE!
org.junit.ComparisonFailure: expected:<Enterthreshold[sforA,B,C,Dinthatorder,decreasingpercentages>Thankyou.Nowenterstudentscore(percent)>Studenthasan]Dgrade> but was:<Enterthreshold[forgradesA,B,C,Dinthisorder,decreasingpersentages>Thankyou.Nowenterstudentscore(percent)>Studenthasa]Dgrade>
	at org.junit.Assert.assertEquals(Assert.java:115)
	at org.junit.Assert.assertEquals(Assert.java:144)
	at introclassJava.grade_0cea42f9_001BlackboxTest.test7(grade_0cea42f9_001BlackboxTest.java:68)
	at sun.reflect.NativeMethodAccessorImpl.invoke0(Native Method)
	at sun.reflect.NativeMethodAccessorImpl.invoke(NativeMethodAccessorImpl.java:62)
	at sun.reflect.DelegatingMethodAccessorImpl.invoke(DelegatingMethodAccessorImpl.java:43)
	at java.lang.reflect.Method.invoke(Method.java:498)
	at org.junit.runners.model.FrameworkMethod$1.runReflectiveCall(FrameworkMethod.java:47)
	at org.junit.internal.runners.model.ReflectiveCallable.run(ReflectiveCallable.java:12)
	at org.junit.runners.model.FrameworkMethod.invokeExplosively(FrameworkMethod.java:44)
	at org.junit.internal.runners.statements.InvokeMethod.evaluate(InvokeMethod.java:17)
	at org.junit.internal.runners.statements.FailOnTimeout$StatementThread.run(FailOnTimeout.java:74)

test8(introclassJava.grade_0cea42f9_001BlackboxTest)  Time elapsed: 0.004 sec  <<< FAILURE!
org.junit.ComparisonFailure: expected:<Enterthreshold[sforA,B,C,Dinthatorder,decreasingpercentages>Thankyou.Nowenterstudentscore(percent)>Studenthasan]Dgrade> but was:<Enterthreshold[forgradesA,B,C,Dinthisorder,decreasingpersentages>Thankyou.Nowenterstudentscore(percent)>Studenthasa]Dgrade>
	at org.junit.Assert.assertEquals(Assert.java:115)
	at org.junit.Assert.assertEquals(Assert.java:144)
	at introclassJava.grade_0cea42f9_001BlackboxTest.test8(grade_0cea42f9_001BlackboxTest.java:77)
	at sun.reflect.NativeMethodAccessorImpl.invoke0(Native Method)
	at sun.reflect.NativeMethodAccessorImpl.invoke(NativeMethodAccessorImpl.java:62)
	at sun.reflect.DelegatingMethodAccessorImpl.invoke(DelegatingMethodAccessorImpl.java:43)
	at java.lang.reflect.Method.invoke(Method.java:498)
	at org.junit.runners.model.FrameworkMethod$1.runReflectiveCall(FrameworkMethod.java:47)
	at org.junit.internal.runners.model.ReflectiveCallable.run(ReflectiveCallable.java:12)
	at org.junit.runners.model.FrameworkMethod.invokeExplosively(FrameworkMethod.java:44)
	at org.junit.internal.runners.statements.InvokeMethod.evaluate(InvokeMethod.java:17)
	at org.junit.internal.runners.statements.FailOnTimeout$StatementThread.run(FailOnTimeout.java:74)

test9(introclassJava.grade_0cea42f9_001BlackboxTest)  Time elapsed: 0.004 sec  <<< FAILURE!
org.junit.ComparisonFailure: expected:<Enterthreshold[sforA,B,C,Dinthatorder,decreasingperc]entages>Thankyou.Now...> but was:<Enterthreshold[forgradesA,B,C,Dinthisorder,decreasingpers]entages>Thankyou.Now...>
	at org.junit.Assert.assertEquals(Assert.java:115)
	at org.junit.Assert.assertEquals(Assert.java:144)
	at introclassJava.grade_0cea42f9_001BlackboxTest.test9(grade_0cea42f9_001BlackboxTest.java:86)
	at sun.reflect.NativeMethodAccessorImpl.invoke0(Native Method)
	at sun.reflect.NativeMethodAccessorImpl.invoke(NativeMethodAccessorImpl.java:62)
	at sun.reflect.DelegatingMethodAccessorImpl.invoke(DelegatingMethodAccessorImpl.java:43)
	at java.lang.reflect.Method.invoke(Method.java:498)
	at org.junit.runners.model.FrameworkMethod$1.runReflectiveCall(FrameworkMethod.java:47)
	at org.junit.internal.runners.model.ReflectiveCallable.run(ReflectiveCallable.java:12)
	at org.junit.runners.model.FrameworkMethod.invokeExplosively(FrameworkMethod.java:44)
	at org.junit.internal.runners.statements.InvokeMethod.evaluate(InvokeMethod.java:17)
	at org.junit.internal.runners.statements.FailOnTimeout$StatementThread.run(FailOnTimeout.java:74)

Running introclassJava.grade_0cea42f9_001WhiteboxTest
Tests run: 9, Failures: 9, Errors: 0, Skipped: 0, Time elapsed: 0.013 sec <<< FAILURE!
test1(introclassJava.grade_0cea42f9_001WhiteboxTest)  Time elapsed: 0 sec  <<< FAILURE!
org.junit.ComparisonFailure: expected:<Enterthreshold[sforA,B,C,Dinthatorder,decreasingperc]entages>Thankyou.Now...> but was:<Enterthreshold[forgradesA,B,C,Dinthisorder,decreasingpers]entages>Thankyou.Now...>
	at org.junit.Assert.assertEquals(Assert.java:115)
	at org.junit.Assert.assertEquals(Assert.java:144)
	at introclassJava.grade_0cea42f9_001WhiteboxTest.test1(grade_0cea42f9_001WhiteboxTest.java:14)
	at sun.reflect.NativeMethodAccessorImpl.invoke0(Native Method)
	at sun.reflect.NativeMethodAccessorImpl.invoke(NativeMethodAccessorImpl.java:62)
	at sun.reflect.DelegatingMethodAccessorImpl.invoke(DelegatingMethodAccessorImpl.java:43)
	at java.lang.reflect.Method.invoke(Method.java:498)
	at org.junit.runners.model.FrameworkMethod$1.runReflectiveCall(FrameworkMethod.java:47)
	at org.junit.internal.runners.model.ReflectiveCallable.run(ReflectiveCallable.java:12)
	at org.junit.runners.model.FrameworkMethod.invokeExplosively(FrameworkMethod.java:44)
	at org.junit.internal.runners.statements.InvokeMethod.evaluate(InvokeMethod.java:17)
	at org.junit.internal.runners.statements.FailOnTimeout$StatementThread.run(FailOnTimeout.java:74)

test2(introclassJava.grade_0cea42f9_001WhiteboxTest)  Time elapsed: 0 sec  <<< FAILURE!
org.junit.ComparisonFailure: expected:<Enterthreshold[sforA,B,C,Dinthatorder,decreasingperc]entages>Thankyou.Now...> but was:<Enterthreshold[forgradesA,B,C,Dinthisorder,decreasingpers]entages>Thankyou.Now...>
	at org.junit.Assert.assertEquals(Assert.java:115)
	at org.junit.Assert.assertEquals(Assert.java:144)
	at introclassJava.grade_0cea42f9_001WhiteboxTest.test2(grade_0cea42f9_001WhiteboxTest.java:23)
	at sun.reflect.NativeMethodAccessorImpl.invoke0(Native Method)
	at sun.reflect.NativeMethodAccessorImpl.invoke(NativeMethodAccessorImpl.java:62)
	at sun.reflect.DelegatingMethodAccessorImpl.invoke(DelegatingMethodAccessorImpl.java:43)
	at java.lang.reflect.Method.invoke(Method.java:498)
	at org.junit.runners.model.FrameworkMethod$1.runReflectiveCall(FrameworkMethod.java:47)
	at org.junit.internal.runners.model.ReflectiveCallable.run(ReflectiveCallable.java:12)
	at org.junit.runners.model.FrameworkMethod.invokeExplosively(FrameworkMethod.java:44)
	at org.junit.internal.runners.statements.InvokeMethod.evaluate(InvokeMethod.java:17)
	at org.junit.internal.runners.statements.FailOnTimeout$StatementThread.run(FailOnTimeout.java:74)

test3(introclassJava.grade_0cea42f9_001WhiteboxTest)  Time elapsed: 0 sec  <<< FAILURE!
org.junit.ComparisonFailure: expected:<Enterthreshold[sforA,B,C,Dinthatorder,decreasingpercentages>Thankyou.Nowenterstudentscore(percent)>Studenthasan]Bgrade> but was:<Enterthreshold[forgradesA,B,C,Dinthisorder,decreasingpersentages>Thankyou.Nowenterstudentscore(percent)>Studenthasa]Bgrade>
	at org.junit.Assert.assertEquals(Assert.java:115)
	at org.junit.Assert.assertEquals(Assert.java:144)
	at introclassJava.grade_0cea42f9_001WhiteboxTest.test3(grade_0cea42f9_001WhiteboxTest.java:32)
	at sun.reflect.NativeMethodAccessorImpl.invoke0(Native Method)
	at sun.reflect.NativeMethodAccessorImpl.invoke(NativeMethodAccessorImpl.java:62)
	at sun.reflect.DelegatingMethodAccessorImpl.invoke(DelegatingMethodAccessorImpl.java:43)
	at java.lang.reflect.Method.invoke(Method.java:498)
	at org.junit.runners.model.FrameworkMethod$1.runReflectiveCall(FrameworkMethod.java:47)
	at org.junit.internal.runners.model.ReflectiveCallable.run(ReflectiveCallable.java:12)
	at org.junit.runners.model.FrameworkMethod.invokeExplosively(FrameworkMethod.java:44)
	at org.junit.internal.runners.statements.InvokeMethod.evaluate(InvokeMethod.java:17)
	at org.junit.internal.runners.statements.FailOnTimeout$StatementThread.run(FailOnTimeout.java:74)

test4(introclassJava.grade_0cea42f9_001WhiteboxTest)  Time elapsed: 0 sec  <<< FAILURE!
org.junit.ComparisonFailure: expected:<Enterthreshold[sforA,B,C,Dinthatorder,decreasingpercentages>Thankyou.Nowenterstudentscore(percent)>Studenthasan]Bgrade> but was:<Enterthreshold[forgradesA,B,C,Dinthisorder,decreasingpersentages>Thankyou.Nowenterstudentscore(percent)>Studenthasa]Bgrade>
	at org.junit.Assert.assertEquals(Assert.java:115)
	at org.junit.Assert.assertEquals(Assert.java:144)
	at introclassJava.grade_0cea42f9_001WhiteboxTest.test4(grade_0cea42f9_001WhiteboxTest.java:41)
	at sun.reflect.NativeMethodAccessorImpl.invoke0(Native Method)
	at sun.reflect.NativeMethodAccessorImpl.invoke(NativeMethodAccessorImpl.java:62)
	at sun.reflect.DelegatingMethodAccessorImpl.invoke(DelegatingMethodAccessorImpl.java:43)
	at java.lang.reflect.Method.invoke(Method.java:498)
	at org.junit.runners.model.FrameworkMethod$1.runReflectiveCall(FrameworkMethod.java:47)
	at org.junit.internal.runners.model.ReflectiveCallable.run(ReflectiveCallable.java:12)
	at org.junit.runners.model.FrameworkMethod.invokeExplosively(FrameworkMethod.java:44)
	at org.junit.internal.runners.statements.InvokeMethod.evaluate(InvokeMethod.java:17)
	at org.junit.internal.runners.statements.FailOnTimeout$StatementThread.run(FailOnTimeout.java:74)

test5(introclassJava.grade_0cea42f9_001WhiteboxTest)  Time elapsed: 0 sec  <<< FAILURE!
org.junit.ComparisonFailure: expected:<Enterthreshold[sforA,B,C,Dinthatorder,decreasingpercentages>Thankyou.Nowenterstudentscore(percent)>Studenthasan]Cgrade> but was:<Enterthreshold[forgradesA,B,C,Dinthisorder,decreasingpersentages>Thankyou.Nowenterstudentscore(percent)>Studenthasa]Cgrade>
	at org.junit.Assert.assertEquals(Assert.java:115)
	at org.junit.Assert.assertEquals(Assert.java:144)
	at introclassJava.grade_0cea42f9_001WhiteboxTest.test5(grade_0cea42f9_001WhiteboxTest.java:50)
	at sun.reflect.NativeMethodAccessorImpl.invoke0(Native Method)
	at sun.reflect.NativeMethodAccessorImpl.invoke(NativeMethodAccessorImpl.java:62)
	at sun.reflect.DelegatingMethodAccessorImpl.invoke(DelegatingMethodAccessorImpl.java:43)
	at java.lang.reflect.Method.invoke(Method.java:498)
	at org.junit.runners.model.FrameworkMethod$1.runReflectiveCall(FrameworkMethod.java:47)
	at org.junit.internal.runners.model.ReflectiveCallable.run(ReflectiveCallable.java:12)
	at org.junit.runners.model.FrameworkMethod.invokeExplosively(FrameworkMethod.java:44)
	at org.junit.internal.runners.statements.InvokeMethod.evaluate(InvokeMethod.java:17)
	at org.junit.internal.runners.statements.FailOnTimeout$StatementThread.run(FailOnTimeout.java:74)

test6(introclassJava.grade_0cea42f9_001WhiteboxTest)  Time elapsed: 0.001 sec  <<< FAILURE!
org.junit.ComparisonFailure: expected:<Enterthreshold[sforA,B,C,Dinthatorder,decreasingpercentages>Thankyou.Nowenterstudentscore(percent)>Studenthasan]Cgrade> but was:<Enterthreshold[forgradesA,B,C,Dinthisorder,decreasingpersentages>Thankyou.Nowenterstudentscore(percent)>Studenthasa]Cgrade>
	at org.junit.Assert.assertEquals(Assert.java:115)
	at org.junit.Assert.assertEquals(Assert.java:144)
	at introclassJava.grade_0cea42f9_001WhiteboxTest.test6(grade_0cea42f9_001WhiteboxTest.java:59)
	at sun.reflect.NativeMethodAccessorImpl.invoke0(Native Method)
	at sun.reflect.NativeMethodAccessorImpl.invoke(NativeMethodAccessorImpl.java:62)
	at sun.reflect.DelegatingMethodAccessorImpl.invoke(DelegatingMethodAccessorImpl.java:43)
	at java.lang.reflect.Method.invoke(Method.java:498)
	at org.junit.runners.model.FrameworkMethod$1.runReflectiveCall(FrameworkMethod.java:47)
	at org.junit.internal.runners.model.ReflectiveCallable.run(ReflectiveCallable.java:12)
	at org.junit.runners.model.FrameworkMethod.invokeExplosively(FrameworkMethod.java:44)
	at org.junit.internal.runners.statements.InvokeMethod.evaluate(InvokeMethod.java:17)
	at org.junit.internal.runners.statements.FailOnTimeout$StatementThread.run(FailOnTimeout.java:74)

test7(introclassJava.grade_0cea42f9_001WhiteboxTest)  Time elapsed: 0.004 sec  <<< FAILURE!
org.junit.ComparisonFailure: expected:<Enterthreshold[sforA,B,C,Dinthatorder,decreasingpercentages>Thankyou.Nowenterstudentscore(percent)>Studenthasan]Dgrade> but was:<Enterthreshold[forgradesA,B,C,Dinthisorder,decreasingpersentages>Thankyou.Nowenterstudentscore(percent)>Studenthasa]Dgrade>
	at org.junit.Assert.assertEquals(Assert.java:115)
	at org.junit.Assert.assertEquals(Assert.java:144)
	at introclassJava.grade_0cea42f9_001WhiteboxTest.test7(grade_0cea42f9_001WhiteboxTest.java:68)
	at sun.reflect.NativeMethodAccessorImpl.invoke0(Native Method)
	at sun.reflect.NativeMethodAccessorImpl.invoke(NativeMethodAccessorImpl.java:62)
	at sun.reflect.DelegatingMethodAccessorImpl.invoke(DelegatingMethodAccessorImpl.java:43)
	at java.lang.reflect.Method.invoke(Method.java:498)
	at org.junit.runners.model.FrameworkMethod$1.runReflectiveCall(FrameworkMethod.java:47)
	at org.junit.internal.runners.model.ReflectiveCallable.run(ReflectiveCallable.java:12)
	at org.junit.runners.model.FrameworkMethod.invokeExplosively(FrameworkMethod.java:44)
	at org.junit.internal.runners.statements.InvokeMethod.evaluate(InvokeMethod.java:17)
	at org.junit.internal.runners.statements.FailOnTimeout$StatementThread.run(FailOnTimeout.java:74)

test8(introclassJava.grade_0cea42f9_001WhiteboxTest)  Time elapsed: 0.004 sec  <<< FAILURE!
org.junit.ComparisonFailure: expected:<Enterthreshold[sforA,B,C,Dinthatorder,decreasingpercentages>Thankyou.Nowenterstudentscore(percent)>Studenthasan]Dgrade> but was:<Enterthreshold[forgradesA,B,C,Dinthisorder,decreasingpersentages>Thankyou.Nowenterstudentscore(percent)>Studenthasa]Dgrade>
	at org.junit.Assert.assertEquals(Assert.java:115)
	at org.junit.Assert.assertEquals(Assert.java:144)
	at introclassJava.grade_0cea42f9_001WhiteboxTest.test8(grade_0cea42f9_001WhiteboxTest.java:77)
	at sun.reflect.NativeMethodAccessorImpl.invoke0(Native Method)
	at sun.reflect.NativeMethodAccessorImpl.invoke(NativeMethodAccessorImpl.java:62)
	at sun.reflect.DelegatingMethodAccessorImpl.invoke(DelegatingMethodAccessorImpl.java:43)
	at java.lang.reflect.Method.invoke(Method.java:498)
	at org.junit.runners.model.FrameworkMethod$1.runReflectiveCall(FrameworkMethod.java:47)
	at org.junit.internal.runners.model.ReflectiveCallable.run(ReflectiveCallable.java:12)
	at org.junit.runners.model.FrameworkMethod.invokeExplosively(FrameworkMethod.java:44)
	at org.junit.internal.runners.statements.InvokeMethod.evaluate(InvokeMethod.java:17)
	at org.junit.internal.runners.statements.FailOnTimeout$StatementThread.run(FailOnTimeout.java:74)

test9(introclassJava.grade_0cea42f9_001WhiteboxTest)  Time elapsed: 0.003 sec  <<< FAILURE!
org.junit.ComparisonFailure: expected:<Enterthreshold[sforA,B,C,Dinthatorder,decreasingperc]entages>Thankyou.Now...> but was:<Enterthreshold[forgradesA,B,C,Dinthisorder,decreasingpers]entages>Thankyou.Now...>
	at org.junit.Assert.assertEquals(Assert.java:115)
	at org.junit.Assert.assertEquals(Assert.java:144)
	at introclassJava.grade_0cea42f9_001WhiteboxTest.test9(grade_0cea42f9_001WhiteboxTest.java:86)
	at sun.reflect.NativeMethodAccessorImpl.invoke0(Native Method)
	at sun.reflect.NativeMethodAccessorImpl.invoke(NativeMethodAccessorImpl.java:62)
	at sun.reflect.DelegatingMethodAccessorImpl.invoke(DelegatingMethodAccessorImpl.java:43)
	at java.lang.reflect.Method.invoke(Method.java:498)
	at org.junit.runners.model.FrameworkMethod$1.runReflectiveCall(FrameworkMethod.java:47)
	at org.junit.internal.runners.model.ReflectiveCallable.run(ReflectiveCallable.java:12)
	at org.junit.runners.model.FrameworkMethod.invokeExplosively(FrameworkMethod.java:44)
	at org.junit.internal.runners.statements.InvokeMethod.evaluate(InvokeMethod.java:17)
	at org.junit.internal.runners.statements.FailOnTimeout$StatementThread.run(FailOnTimeout.java:74)


Results :

Failed tests:   test1(introclassJava.grade_0cea42f9_001BlackboxTest): expected:<Enterthreshold[sforA,B,C,Dinthatorder,decreasingperc]entages>Thankyou.Now...> but was:<Enterthreshold[forgradesA,B,C,Dinthisorder,decreasingpers]entages>Thankyou.Now...>
  test2(introclassJava.grade_0cea42f9_001BlackboxTest): expected:<Enterthreshold[sforA,B,C,Dinthatorder,decreasingperc]entages>Thankyou.Now...> but was:<Enterthreshold[forgradesA,B,C,Dinthisorder,decreasingpers]entages>Thankyou.Now...>
  test3(introclassJava.grade_0cea42f9_001BlackboxTest): expected:<Enterthreshold[sforA,B,C,Dinthatorder,decreasingpercentages>Thankyou.Nowenterstudentscore(percent)>Studenthasan]Bgrade> but was:<Enterthreshold[forgradesA,B,C,Dinthisorder,decreasingpersentages>Thankyou.Nowenterstudentscore(percent)>Studenthasa]Bgrade>
  test4(introclassJava.grade_0cea42f9_001BlackboxTest): expected:<Enterthreshold[sforA,B,C,Dinthatorder,decreasingpercentages>Thankyou.Nowenterstudentscore(percent)>Studenthasan]Bgrade> but was:<Enterthreshold[forgradesA,B,C,Dinthisorder,decreasingpersentages>Thankyou.Nowenterstudentscore(percent)>Studenthasa]Bgrade>
  test5(introclassJava.grade_0cea42f9_001BlackboxTest): expected:<Enterthreshold[sforA,B,C,Dinthatorder,decreasingpercentages>Thankyou.Nowenterstudentscore(percent)>Studenthasan]Cgrade> but was:<Enterthreshold[forgradesA,B,C,Dinthisorder,decreasingpersentages>Thankyou.Nowenterstudentscore(percent)>Studenthasa]Cgrade>
  test6(introclassJava.grade_0cea42f9_001BlackboxTest): expected:<Enterthreshold[sforA,B,C,Dinthatorder,decreasingpercentages>Thankyou.Nowenterstudentscore(percent)>Studenthasan]Cgrade> but was:<Enterthreshold[forgradesA,B,C,Dinthisorder,decreasingpersentages>Thankyou.Nowenterstudentscore(percent)>Studenthasa]Cgrade>
  test7(introclassJava.grade_0cea42f9_001BlackboxTest): expected:<Enterthreshold[sforA,B,C,Dinthatorder,decreasingpercentages>Thankyou.Nowenterstudentscore(percent)>Studenthasan]Dgrade> but was:<Enterthreshold[forgradesA,B,C,Dinthisorder,decreasingpersentages>Thankyou.Nowenterstudentscore(percent)>Studenthasa]Dgrade>
  test8(introclassJava.grade_0cea42f9_001BlackboxTest): expected:<Enterthreshold[sforA,B,C,Dinthatorder,decreasingpercentages>Thankyou.Nowenterstudentscore(percent)>Studenthasan]Dgrade> but was:<Enterthreshold[forgradesA,B,C,Dinthisorder,decreasingpersentages>Thankyou.Nowenterstudentscore(percent)>Studenthasa]Dgrade>
  test9(introclassJava.grade_0cea42f9_001BlackboxTest): expected:<Enterthreshold[sforA,B,C,Dinthatorder,decreasingperc]entages>Thankyou.Now...> but was:<Enterthreshold[forgradesA,B,C,Dinthisorder,decreasingpers]entages>Thankyou.Now...>
  test1(introclassJava.grade_0cea42f9_001WhiteboxTest): expected:<Enterthreshold[sforA,B,C,Dinthatorder,decreasingperc]entages>Thankyou.Now...> but was:<Enterthreshold[forgradesA,B,C,Dinthisorder,decreasingpers]entages>Thankyou.Now...>
  test2(introclassJava.grade_0cea42f9_001WhiteboxTest): expected:<Enterthreshold[sforA,B,C,Dinthatorder,decreasingperc]entages>Thankyou.Now...> but was:<Enterthreshold[forgradesA,B,C,Dinthisorder,decreasingpers]entages>Thankyou.Now...>
  test3(introclassJava.grade_0cea42f9_001WhiteboxTest): expected:<Enterthreshold[sforA,B,C,Dinthatorder,decreasingpercentages>Thankyou.Nowenterstudentscore(percent)>Studenthasan]Bgrade> but was:<Enterthreshold[forgradesA,B,C,Dinthisorder,decreasingpersentages>Thankyou.Nowenterstudentscore(percent)>Studenthasa]Bgrade>
  test4(introclassJava.grade_0cea42f9_001WhiteboxTest): expected:<Enterthreshold[sforA,B,C,Dinthatorder,decreasingpercentages>Thankyou.Nowenterstudentscore(percent)>Studenthasan]Bgrade> but was:<Enterthreshold[forgradesA,B,C,Dinthisorder,decreasingpersentages>Thankyou.Nowenterstudentscore(percent)>Studenthasa]Bgrade>
  test5(introclassJava.grade_0cea42f9_001WhiteboxTest): expected:<Enterthreshold[sforA,B,C,Dinthatorder,decreasingpercentages>Thankyou.Nowenterstudentscore(percent)>Studenthasan]Cgrade> but was:<Enterthreshold[forgradesA,B,C,Dinthisorder,decreasingpersentages>Thankyou.Nowenterstudentscore(percent)>Studenthasa]Cgrade>
  test6(introclassJava.grade_0cea42f9_001WhiteboxTest): expected:<Enterthreshold[sforA,B,C,Dinthatorder,decreasingpercentages>Thankyou.Nowenterstudentscore(percent)>Studenthasan]Cgrade> but was:<Enterthreshold[forgradesA,B,C,Dinthisorder,decreasingpersentages>Thankyou.Nowenterstudentscore(percent)>Studenthasa]Cgrade>
  test7(introclassJava.grade_0cea42f9_001WhiteboxTest): expected:<Enterthreshold[sforA,B,C,Dinthatorder,decreasingpercentages>Thankyou.Nowenterstudentscore(percent)>Studenthasan]Dgrade> but was:<Enterthreshold[forgradesA,B,C,Dinthisorder,decreasingpersentages>Thankyou.Nowenterstudentscore(percent)>Studenthasa]Dgrade>
  test8(introclassJava.grade_0cea42f9_001WhiteboxTest): expected:<Enterthreshold[sforA,B,C,Dinthatorder,decreasingpercentages>Thankyou.Nowenterstudentscore(percent)>Studenthasan]Dgrade> but was:<Enterthreshold[forgradesA,B,C,Dinthisorder,decreasingpersentages>Thankyou.Nowenterstudentscore(percent)>Studenthasa]Dgrade>
  test9(introclassJava.grade_0cea42f9_001WhiteboxTest): expected:<Enterthreshold[sforA,B,C,Dinthatorder,decreasingperc]entages>Thankyou.Now...> but was:<Enterthreshold[forgradesA,B,C,Dinthisorder,decreasingpers]entages>Thankyou.Now...>

Tests run: 18, Failures: 18, Errors: 0, Skipped: 0

[INFO] [1m------------------------------------------------------------------------[m
[INFO] [1;31mBUILD FAILURE[m
[INFO] [1m------------------------------------------------------------------------[m
[INFO] Total time: 1.904 s
[INFO] Finished at: 2020-03-13T18:05:50-07:00
[INFO] Final Memory: 25M/1963M
[INFO] [1m------------------------------------------------------------------------[m
[ERROR] Failed to execute goal [32morg.apache.maven.plugins:maven-surefire-plugin:2.12.4:test[m [1m(default-test)[m on project [36mintroclassJava[m: [1;31mThere are test failures.[m
[ERROR] [1;31m[m
[ERROR] [1;31mPlease refer to /scratch/tmp-rta/IntroClassJava_grade_0cea42f9680f35f5a84c724c396d4d588b65c303453f9585562f2e2af8db74f5096a83a70b17c5126538222b111a0795a34e9fb6db95d62d771d01592abe3ff6-001_java-8/target/surefire-reports for the individual test results.[m
[ERROR] -> [1m[Help 1][m
[ERROR] 
[ERROR] To see the full stack trace of the errors, re-run Maven with the [1m-e[m switch.
[ERROR] Re-run Maven using the [1m-X[m switch to enable full debug logging.
[ERROR] 
[ERROR] For more information about the errors and possible solutions, please read the following articles:
[ERROR] [1m[Help 1][m http://cwiki.apache.org/confluence/display/MAVEN/MojoFailureException
