Picked up JAVA_TOOL_OPTIONS: -XX:CICompilerCount=2 -XX:ParallelGCThreads=2 -XX:ConcGCThreads=2 -Djdk.net.URLClassPath.disableClassPathURLCheck=true 
Java HotSpot(TM) 64-Bit Server VM warning: ignoring option MaxPermSize=512m; support was removed in 8.0
Picked up _JAVA_OPTIONS: -Djdk.net.URLClassPath.disableClassPathURLCheck=true
Apache Maven 3.5.0 (Red Hat 3.5.0-4.3)
Maven home: /opt/rh/rh-maven35/root/usr/share/maven
Java version: 1.8.0_181, vendor: Oracle Corporation
Java home: /scratch/jmcampos/RTA/repair_them_all_framework/jdks/jdk1.8.0_181/jre
Default locale: en_US, platform encoding: UTF-8
OS name: "linux", version: "4.14.158-1.el7.retpoline.x86_64", arch: "amd64", family: "unix"
[INFO] Scanning for projects...
[INFO] Downloading: https://oss.sonatype.org/content/repositories/snapshots/io/vertx/vertx-dependencies/3.6.0-SNAPSHOT/maven-metadata.xml
[INFO] 
[INFO] ------------------------------------------------------------------------
[INFO] Building vertx-web-client 3.6.0-SNAPSHOT
[INFO] ------------------------------------------------------------------------
[INFO] Downloading: https://oss.sonatype.org/content/repositories/snapshots/io/vertx/vertx-web-common/3.6.0-SNAPSHOT/maven-metadata.xml
[INFO] Downloading: https://oss.sonatype.org/content/repositories/snapshots/io/vertx/vertx-web-parent/3.6.0-SNAPSHOT/maven-metadata.xml
[INFO] Downloading: https://oss.sonatype.org/content/repositories/snapshots/io/vertx/vertx-core/3.6.0-SNAPSHOT/maven-metadata.xml
[INFO] Downloading: https://oss.sonatype.org/content/repositories/snapshots/io/vertx/vertx-unit/3.6.0-SNAPSHOT/maven-metadata.xml
[INFO] Downloading: https://oss.sonatype.org/content/repositories/snapshots/io/vertx/vertx-codegen/3.6.0-SNAPSHOT/maven-metadata.xml
[INFO] 
[INFO] --- maven-enforcer-plugin:1.0:enforce (enforce-maven) @ vertx-web-client ---
[INFO] Skipping Rule Enforcement.
[INFO] 
[INFO] --- maven-processor-plugin:3.2.0:process (generate-sources) @ vertx-web-client ---
INFO: io.vertx.codegen.CodeGenProcessor - Loaded cheatsheet code generator 
INFO: io.vertx.codegen.CodeGenProcessor - Loaded cheatsheet code generator 
INFO: io.vertx.codegen.CodeGenProcessor - Loaded data_object_converters code generator 
WARNING: io.vertx.codegen.CodeGen - Processed element io.vertx.ext.web.client.impl.ClientPhase is in an implementation package 
WARNING: io.vertx.codegen.CodeGen - Processed element io.vertx.ext.web.client.impl.CookieStoreImpl is in an implementation package 
WARNING: io.vertx.codegen.CodeGen - Processed element io.vertx.ext.web.client.impl.HttpRequestImpl is in an implementation package 
WARNING: io.vertx.codegen.CodeGen - Processed element io.vertx.ext.web.client.impl.HttpResponseImpl is in an implementation package 
WARNING: io.vertx.codegen.CodeGen - Processed element io.vertx.ext.web.client.impl.MultipartFormUpload is in an implementation package 
WARNING: io.vertx.codegen.CodeGen - Processed element io.vertx.ext.web.client.impl.SessionAwareInterceptor is in an implementation package 
WARNING: io.vertx.codegen.CodeGen - Processed element io.vertx.ext.web.client.impl.WebClientBase is in an implementation package 
WARNING: io.vertx.codegen.CodeGen - Processed element io.vertx.ext.web.client.impl.WebClientInternal is in an implementation package 
WARNING: io.vertx.codegen.CodeGen - Processed element io.vertx.ext.web.client.impl.WebClientSessionAware is in an implementation package 
WARNING: io.vertx.codegen.CodeGen - Processed element io.vertx.ext.web.client.impl.predicate.ErrorConverterImpl is in an implementation package 
WARNING: io.vertx.codegen.CodeGen - Processed element io.vertx.ext.web.client.impl.predicate.PredicateInterceptor is in an implementation package 
WARNING: io.vertx.codegen.CodeGen - Processed element io.vertx.ext.web.client.impl.predicate.ResponsePredicateImpl is in an implementation package 
WARNING: io.vertx.codegen.CodeGen - Processed element io.vertx.ext.web.client.impl.predicate.ResponsePredicateResultImpl is in an implementation package 
WARNING: io.vertx.codegen.CodeGen - Processed element io.vertx.ext.web.client.impl.HttpContext is in an implementation package 
INFO: io.vertx.codegen.CodeGenProcessor - Generated model io.vertx.ext.web.client.WebClientOptions: asciidoc/dataobjects.adoc 
INFO: io.vertx.codegen.CodeGenProcessor - Generated model io.vertx.ext.web.client.WebClientOptions: generated/io/vertx/ext/web/client/WebClientOptionsConverter.java 
[WARNING] diagnostic: warning: The following options were not recognized by any processor: '[maven.artifactId, maven.version, codegen.output.data_object_converters, maven.groupId]'
[INFO] 
[INFO] --- build-helper-maven-plugin:3.0.0:add-source (add-source) @ vertx-web-client ---
[INFO] Source directory: /scratch/tmp-rta/Bears_vert-x3-vertx-web_459797171-460136219_java-8/vertx-web-client/src/main/generated added.
[INFO] 
[INFO] --- maven-resources-plugin:2.7:resources (default-resources) @ vertx-web-client ---
[INFO] Using 'UTF-8' encoding to copy filtered resources.
[INFO] skip non existing resourceDirectory /scratch/tmp-rta/Bears_vert-x3-vertx-web_459797171-460136219_java-8/vertx-web-client/src/main/resources
[INFO] 
[INFO] --- maven-compiler-plugin:3.7.0:compile (default-compile) @ vertx-web-client ---
[INFO] Changes detected - recompiling the module!
[INFO] Compiling 28 source files to /scratch/tmp-rta/Bears_vert-x3-vertx-web_459797171-460136219_java-8/vertx-web-client/target/classes
[INFO] /scratch/tmp-rta/Bears_vert-x3-vertx-web_459797171-460136219_java-8/vertx-web-client/src/main/java/io/vertx/ext/web/client/impl/HttpRequestImpl.java: Some input files use unchecked or unsafe operations.
[INFO] /scratch/tmp-rta/Bears_vert-x3-vertx-web_459797171-460136219_java-8/vertx-web-client/src/main/java/io/vertx/ext/web/client/impl/HttpRequestImpl.java: Recompile with -Xlint:unchecked for details.
[INFO] 
[INFO] --- bnd-maven-plugin:3.2.0:bnd-process (default-bnd-process) @ vertx-web-client ---
[WARNING] /scratch/tmp-rta/Bears_vert-x3-vertx-web_459797171-460136219_java-8/vertx-web-client/pom.xml [0:0]: Unused Import-Package instructions: [groovy.lang.*, org.codehaus.groovy.*, kotlin.*, io.vertx.groovy.*, io.vertx.lang.rxjava.*, io.vertx.lang.groovy.*, io.vertx.rxjava.core.*, rx.*, io.reactivex.*, io.vertx.reactivex.*, io.vertx.lang.reactivex.*] 
[WARNING] /scratch/tmp-rta/Bears_vert-x3-vertx-web_459797171-460136219_java-8/vertx-web-client/pom.xml [0:0]: Export io.vertx.ext.web.client.impl.predicate,  has 1,  private references [io.vertx.ext.web.client.impl], 
[INFO] 
[INFO] --- maven-resources-plugin:2.7:testResources (default-testResources) @ vertx-web-client ---
[INFO] Using 'UTF-8' encoding to copy filtered resources.
[INFO] skip non existing resourceDirectory /scratch/tmp-rta/Bears_vert-x3-vertx-web_459797171-460136219_java-8/vertx-web-client/src/test/resources
[INFO] 
[INFO] --- maven-compiler-plugin:3.7.0:testCompile (default-testCompile) @ vertx-web-client ---
[INFO] Nothing to compile - all classes are up to date
[INFO] 
[INFO] --- maven-surefire-plugin:2.18.1:test (default-test) @ vertx-web-client ---
[INFO] Surefire report directory: /scratch/tmp-rta/Bears_vert-x3-vertx-web_459797171-460136219_java-8/vertx-web-client/target/surefire-reports
[INFO] Downloading: https://repo.maven.apache.org/maven2/org/apache/maven/surefire/surefire-junit4/2.18.1/surefire-junit4-2.18.1.pom
[INFO] Downloaded: https://repo.maven.apache.org/maven2/org/apache/maven/surefire/surefire-junit4/2.18.1/surefire-junit4-2.18.1.pom (2.5 kB at 4.2 kB/s)
[INFO] Downloading: https://repo.maven.apache.org/maven2/org/apache/maven/surefire/surefire-providers/2.18.1/surefire-providers-2.18.1.pom
[INFO] Downloaded: https://repo.maven.apache.org/maven2/org/apache/maven/surefire/surefire-providers/2.18.1/surefire-providers-2.18.1.pom (2.5 kB at 134 kB/s)
[INFO] Downloading: https://repo.maven.apache.org/maven2/org/apache/maven/surefire/surefire-junit4/2.18.1/surefire-junit4-2.18.1.jar
[INFO] Downloaded: https://repo.maven.apache.org/maven2/org/apache/maven/surefire/surefire-junit4/2.18.1/surefire-junit4-2.18.1.jar (68 kB at 2.5 MB/s)

-------------------------------------------------------
 T E S T S
-------------------------------------------------------
Picked up JAVA_TOOL_OPTIONS: -XX:CICompilerCount=2 -XX:ParallelGCThreads=2 -XX:ConcGCThreads=2 -Djdk.net.URLClassPath.disableClassPathURLCheck=true -XX:CICompilerCount=2 -XX:ParallelGCThreads=2 -XX:ConcGCThreads=2 -Djdk.net.URLClassPath.disableClassPathURLCheck=true 
Picked up _JAVA_OPTIONS: -Djdk.net.URLClassPath.disableClassPathURLCheck=true
Running io.vertx.ext.web.client.HandlerExceptionTest
Tests run: 1, Failures: 0, Errors: 0, Skipped: 0, Time elapsed: 2.108 sec - in io.vertx.ext.web.client.HandlerExceptionTest
Running io.vertx.ext.web.client.InterceptorTest
Starting test: InterceptorTest#testFollowRedirects 
Starting test: InterceptorTest#testInterceptorsOrder 
Starting test: InterceptorTest#testRetry 
Starting test: InterceptorTest#testPhasesThreadFromVertxThread 
Starting test: InterceptorTest#testMutateCodecInterceptor 
Starting test: InterceptorTest#testMutateRequestInterceptor 
Starting test: InterceptorTest#testPhasesThreadFromNonVertxThread 
Starting test: InterceptorTest#testCacheInterceptor 
Starting test: InterceptorTest#testMaxRedirects 
Starting test: InterceptorTest#testMutateResponseInterceptor 
Tests run: 10, Failures: 0, Errors: 0, Skipped: 0, Time elapsed: 1.489 sec - in io.vertx.ext.web.client.InterceptorTest
Running io.vertx.ext.web.client.SessionAwareWebClientTest
Tests run: 14, Failures: 0, Errors: 0, Skipped: 0, Time elapsed: 7.265 sec - in io.vertx.ext.web.client.SessionAwareWebClientTest
Running io.vertx.ext.web.client.WebClientOptionsTest
Tests run: 2, Failures: 0, Errors: 0, Skipped: 0, Time elapsed: 0.005 sec - in io.vertx.ext.web.client.WebClientOptionsTest
Running io.vertx.ext.web.client.MultipartFormUploadTest
Tests run: 3, Failures: 0, Errors: 0, Skipped: 0, Time elapsed: 0.313 sec - in io.vertx.ext.web.client.MultipartFormUploadTest
Running io.vertx.ext.web.client.WebClientTest
Starting test: WebClientTest#testErrorConverterReturnsNull 
Starting test: WebClientTest#testTLSDisabledDisableRequestTLS 
Starting test: WebClientTest#testFileUploadWhenFileDoesNotExist 
Starting test: WebClientTest#testTLSEnabledDisableRequestTLS 
Starting test: WebClientTest#testFollowRedirects 
Starting test: WebClientTest#testHttpResponseError 
Starting test: WebClientTest#testResponseJsonObjectMissingBody 
Starting test: WebClientTest#testTLSEnabledDisableRequestTLSAbsURI 
Starting test: WebClientTest#testHttpProxyFtpRequest 
Starting test: WebClientTest#testSendJsonArrayBody 
Starting test: WebClientTest#testTimeout 
Starting test: WebClientTest#testExpectFunctionThrowsException 
Starting test: WebClientTest#testVirtualHost 
Starting test: WebClientTest#testResponseBodyUnmarshallingError 
Starting test: WebClientTest#testErrorConverterThrowsException 
Starting test: WebClientTest#testSendJsonPojoBody 
Starting test: WebClientTest#testResponseBodyStreamError 
Starting test: WebClientTest#testSendBufferBody 
Starting test: WebClientTest#testResponseBodyStream 
Starting test: WebClientTest#testGet 
Starting test: WebClientTest#testPut 
Starting test: WebClientTest#testCustomUserAgent 
Starting test: WebClientTest#testResponseUnknownContentTypeBodyAsJsonArray 
Starting test: WebClientTest#testConnectError 
Starting test: WebClientTest#testResponseBodyDiscarded 
Starting test: WebClientTest#testExpectContentTypeFail 
Starting test: WebClientTest#testExpectContentTypePass 
Starting test: WebClientTest#testExpectFail 
Starting test: WebClientTest#testExpectPass 
Starting test: WebClientTest#testPatch 
Starting test: WebClientTest#testHead 
Starting test: WebClientTest#testPost 
Starting test: WebClientTest#testDoNotFollowRedirects 
Starting test: WebClientTest#testDefaultPort 
Starting test: WebClientTest#testExpectStatusFail 
Starting test: WebClientTest#testExpectStatusPass 
Starting test: WebClientTest#testResponseWriteStreamMissingBody 
Starting test: WebClientTest#testUserAgentHeaderRemoved 
Starting test: WebClientTest#testQueryParam 
Starting test: WebClientTest#testQueryParamAppend 
Starting test: WebClientTest#testRequestPumpErrorNotYetConnected 
Starting test: WebClientTest#testVirtualHostSNI 
host2.com:4043
Starting test: WebClientTest#testResponseJsonMissingBody 
Starting test: WebClientTest#testQueryParamEncoding 
Starting test: WebClientTest#testInvalidRedirection 
Starting test: WebClientTest#testFormUrlEncoded 
Starting test: WebClientTest#testFileUploadFormMultipart32B 
Starting test: WebClientTest#testFileUploadFormMultipart32K 
Starting test: WebClientTest#testFileUploadFormMultipart32M 
Starting test: WebClientTest#testExpectStatusRangeFail 
Starting test: WebClientTest#testResponseBodyCodecError 
Starting test: WebClientTest#testExpectStatusRangePass1 
Starting test: WebClientTest#testExpectStatusRangePass2 
Starting test: WebClientTest#testStreamHttpServerRequest 
Starting test: WebClientTest#testOverwriteQueryParams 
Starting test: WebClientTest#testRequestPumpError 
Starting test: WebClientTest#testTLSEnabledEnableRequestTLSAbsURI 
Starting test: WebClientTest#testPutChunked 
Starting test: WebClientTest#testTLSDisabledDisableRequestTLSAbsURI 
Starting test: WebClientTest#testTLSDisabledEnableRequestTLSAbsURI 
Thread Thread[vert.x-eventloop-thread-4,5,main] has been blocked for 2986 ms, time limit is 2000 ms 
Thread Thread[vert.x-eventloop-thread-4,5,main] has been blocked for 3987 ms, time limit is 2000 ms 
Thread Thread[vert.x-eventloop-thread-4,5,main] has been blocked for 4987 ms, time limit is 2000 ms 
Thread Thread[vert.x-eventloop-thread-4,5,main] has been blocked for 5987 ms, time limit is 2000 ms 
io.vertx.core.VertxException: Thread blocked
	at sun.nio.fs.UnixNativeDispatcher.open0(Native Method)
	at sun.nio.fs.UnixNativeDispatcher.open(UnixNativeDispatcher.java:71)
	at sun.nio.fs.UnixChannelFactory.open(UnixChannelFactory.java:257)
	at sun.nio.fs.UnixChannelFactory.newFileChannel(UnixChannelFactory.java:136)
	at sun.nio.fs.UnixChannelFactory.newFileChannel(UnixChannelFactory.java:148)
	at sun.nio.fs.UnixFileSystemProvider.newByteChannel(UnixFileSystemProvider.java:212)
	at java.nio.file.spi.FileSystemProvider.newOutputStream(FileSystemProvider.java:434)
	at java.nio.file.Files.newOutputStream(Files.java:216)
	at java.nio.file.Files.copy(Files.java:3016)
	at io.vertx.core.file.impl.FileResolver.unpackFromJarURL(FileResolver.java:241)
	at io.vertx.core.file.impl.FileResolver.unpackUrlResource(FileResolver.java:159)
	at io.vertx.core.file.impl.FileResolver.resolveFile(FileResolver.java:140)
	at io.vertx.core.impl.VertxImpl.resolveFile(VertxImpl.java:799)
	at io.vertx.core.net.impl.KeyStoreHelper.lambda$create$0(KeyStoreHelper.java:78)
	at io.vertx.core.net.impl.KeyStoreHelper$$Lambda$421/512504008.get(Unknown Source)
	at io.vertx.core.net.impl.KeyStoreHelper.loadJKSOrPKCS12(KeyStoreHelper.java:285)
	at io.vertx.core.net.impl.KeyStoreHelper.create(KeyStoreHelper.java:84)
	at io.vertx.core.net.KeyCertOptions.getKeyManagerFactory(KeyCertOptions.java:43)
	at io.vertx.core.net.impl.SSLHelper.getKeyMgrFactory(SSLHelper.java:304)
	at io.vertx.core.net.impl.SSLHelper.createContext(SSLHelper.java:257)
	at io.vertx.core.net.impl.SSLHelper.getContext(SSLHelper.java:474)
	at io.vertx.core.net.impl.SSLHelper.validate(SSLHelper.java:499)
	at io.vertx.core.http.impl.HttpServerImpl.listen(HttpServerImpl.java:220)
	at io.vertx.core.http.impl.HttpServerImpl.listen(HttpServerImpl.java:191)
	at io.vertx.core.http.impl.HttpServerImpl.listen(HttpServerImpl.java:172)
	at io.vertx.core.http.HttpTestBase.lambda$startServer$3(HttpTestBase.java:91)
	at io.vertx.core.http.HttpTestBase$$Lambda$129/640113647.handle(Unknown Source)
	at io.vertx.core.impl.ContextImpl.executeTask(ContextImpl.java:320)
	at io.vertx.core.impl.EventLoopContext.lambda$executeAsync$0(EventLoopContext.java:38)
	at io.vertx.core.impl.EventLoopContext$$Lambda$24/202270710.run(Unknown Source)
	at io.netty.util.concurrent.AbstractEventExecutor.safeExecute(AbstractEventExecutor.java:163)
	at io.netty.util.concurrent.SingleThreadEventExecutor.runAllTasks(SingleThreadEventExecutor.java:404)
	at io.netty.channel.nio.NioEventLoop.run(NioEventLoop.java:462)
	at io.netty.util.concurrent.SingleThreadEventExecutor$5.run(SingleThreadEventExecutor.java:897)
	at io.netty.util.concurrent.FastThreadLocalRunnable.run(FastThreadLocalRunnable.java:30)
	at java.lang.Thread.run(Thread.java:748)

Thread Thread[vert.x-eventloop-thread-4,5,main] has been blocked for 6987 ms, time limit is 2000 ms 
io.vertx.core.VertxException: Thread blocked
	at sun.nio.fs.UnixNativeDispatcher.open0(Native Method)
	at sun.nio.fs.UnixNativeDispatcher.open(UnixNativeDispatcher.java:71)
	at sun.nio.fs.UnixChannelFactory.open(UnixChannelFactory.java:257)
	at sun.nio.fs.UnixChannelFactory.newFileChannel(UnixChannelFactory.java:136)
	at sun.nio.fs.UnixChannelFactory.newFileChannel(UnixChannelFactory.java:148)
	at sun.nio.fs.UnixFileSystemProvider.newByteChannel(UnixFileSystemProvider.java:212)
	at java.nio.file.spi.FileSystemProvider.newOutputStream(FileSystemProvider.java:434)
	at java.nio.file.Files.newOutputStream(Files.java:216)
	at java.nio.file.Files.copy(Files.java:3016)
	at io.vertx.core.file.impl.FileResolver.unpackFromJarURL(FileResolver.java:241)
	at io.vertx.core.file.impl.FileResolver.unpackUrlResource(FileResolver.java:159)
	at io.vertx.core.file.impl.FileResolver.resolveFile(FileResolver.java:140)
	at io.vertx.core.impl.VertxImpl.resolveFile(VertxImpl.java:799)
	at io.vertx.core.net.impl.KeyStoreHelper.lambda$create$0(KeyStoreHelper.java:78)
	at io.vertx.core.net.impl.KeyStoreHelper$$Lambda$421/512504008.get(Unknown Source)
	at io.vertx.core.net.impl.KeyStoreHelper.loadJKSOrPKCS12(KeyStoreHelper.java:285)
	at io.vertx.core.net.impl.KeyStoreHelper.create(KeyStoreHelper.java:84)
	at io.vertx.core.net.KeyCertOptions.getKeyManagerFactory(KeyCertOptions.java:43)
	at io.vertx.core.net.impl.SSLHelper.getKeyMgrFactory(SSLHelper.java:304)
	at io.vertx.core.net.impl.SSLHelper.createContext(SSLHelper.java:257)
	at io.vertx.core.net.impl.SSLHelper.getContext(SSLHelper.java:474)
	at io.vertx.core.net.impl.SSLHelper.validate(SSLHelper.java:499)
	at io.vertx.core.http.impl.HttpServerImpl.listen(HttpServerImpl.java:220)
	at io.vertx.core.http.impl.HttpServerImpl.listen(HttpServerImpl.java:191)
	at io.vertx.core.http.impl.HttpServerImpl.listen(HttpServerImpl.java:172)
	at io.vertx.core.http.HttpTestBase.lambda$startServer$3(HttpTestBase.java:91)
	at io.vertx.core.http.HttpTestBase$$Lambda$129/640113647.handle(Unknown Source)
	at io.vertx.core.impl.ContextImpl.executeTask(ContextImpl.java:320)
	at io.vertx.core.impl.EventLoopContext.lambda$executeAsync$0(EventLoopContext.java:38)
	at io.vertx.core.impl.EventLoopContext$$Lambda$24/202270710.run(Unknown Source)
	at io.netty.util.concurrent.AbstractEventExecutor.safeExecute(AbstractEventExecutor.java:163)
	at io.netty.util.concurrent.SingleThreadEventExecutor.runAllTasks(SingleThreadEventExecutor.java:404)
	at io.netty.channel.nio.NioEventLoop.run(NioEventLoop.java:462)
	at io.netty.util.concurrent.SingleThreadEventExecutor$5.run(SingleThreadEventExecutor.java:897)
	at io.netty.util.concurrent.FastThreadLocalRunnable.run(FastThreadLocalRunnable.java:30)
	at java.lang.Thread.run(Thread.java:748)

Starting test: WebClientTest#testDefaultHostAndPort 
Starting test: WebClientTest#testTLSEnabledEnableRequestTLS 
Starting test: WebClientTest#testPostChunked 
Starting test: WebClientTest#testTLSQueryParametersIssue563 
Starting test: WebClientTest#testResponseUnknownContentTypeBodyAsJsonMapped 
Starting test: WebClientTest#testResponseBodyAsAsJsonArrayMapped 
Starting test: WebClientTest#testResponseBodyAsBuffer 
Starting test: WebClientTest#testDefaultFollowRedirects 
Starting test: WebClientTest#testResponseUnknownContentTypeBodyAsJsonObject 
Starting test: WebClientTest#testResponseBodyAsAsJsonMapped 
Starting test: WebClientTest#testResponseBodyAsAsJsonObject 
Starting test: WebClientTest#testSendJsonObjectBody 
Starting test: WebClientTest#testExpectCustomExceptionWithResponseBody 
Starting test: WebClientTest#testTLSEnabled 
Starting test: WebClientTest#testDefaultUserAgent 
Starting test: WebClientTest#testExpectCustomException 
Starting test: WebClientTest#testDelete 
Starting test: WebClientTest#testRedirectLimit 
Starting test: WebClientTest#testFormMultipart 
Starting test: WebClientTest#testQueryParamMulti 
Starting test: WebClientTest#testUserAgentDisabled 
Starting test: WebClientTest#testExpectOneOfContentTypesFail 
Starting test: WebClientTest#testExpectOneOfContentTypesPass 
Starting test: WebClientTest#testResponseBodyAsAsJsonArray 
Starting test: WebClientTest#testRequestSendError 
Starting test: WebClientTest#testTLSDisabledEnableRequestTLS 
Starting test: WebClientTest#testUserAgentHeaderOverride 
Tests run: 87, Failures: 0, Errors: 1, Skipped: 0, Time elapsed: 183.797 sec <<< FAILURE! - in io.vertx.ext.web.client.WebClientTest
testInvalidRedirection(io.vertx.ext.web.client.WebClientTest)  Time elapsed: 120.108 sec  <<< ERROR!
java.lang.IllegalStateException: Timed out in waiting for test complete
	at io.vertx.test.core.AsyncTestBase.await(AsyncTestBase.java:131)
	at io.vertx.test.core.AsyncTestBase.await(AsyncTestBase.java:119)
	at io.vertx.ext.web.client.WebClientTest.testInvalidRedirection(WebClientTest.java:1062)


Results :

Tests in error: 
  WebClientTest.testInvalidRedirection:1062->AsyncTestBase.await:119->AsyncTestBase.await:131 Â» IllegalState

Tests run: 117, Failures: 0, Errors: 1, Skipped: 0

[INFO] ------------------------------------------------------------------------
[INFO] BUILD FAILURE
[INFO] ------------------------------------------------------------------------
[INFO] Total time: 03:37 min
[INFO] Finished at: 2020-03-13T18:54:36-07:00
[INFO] Final Memory: 34M/1280M
[INFO] ------------------------------------------------------------------------
[ERROR] Failed to execute goal org.apache.maven.plugins:maven-surefire-plugin:2.18.1:test (default-test) on project vertx-web-client: There are test failures.
[ERROR] 
[ERROR] Please refer to /scratch/tmp-rta/Bears_vert-x3-vertx-web_459797171-460136219_java-8/vertx-web-client/target/surefire-reports for the individual test results.
[ERROR] -> [Help 1]
[ERROR] 
[ERROR] To see the full stack trace of the errors, re-run Maven with the -e switch.
[ERROR] Re-run Maven using the -X switch to enable full debug logging.
[ERROR] 
[ERROR] For more information about the errors and possible solutions, please read the following articles:
[ERROR] [Help 1] http://cwiki.apache.org/confluence/display/MAVEN/MojoFailureException
