Picked up JAVA_TOOL_OPTIONS: -XX:CICompilerCount=2 -XX:ParallelGCThreads=2 -XX:ConcGCThreads=2 -Djdk.net.URLClassPath.disableClassPathURLCheck=true 
Picked up _JAVA_OPTIONS: -Djdk.net.URLClassPath.disableClassPathURLCheck=true
Apache Maven 3.5.0 (Red Hat 3.5.0-4.3)
Maven home: /opt/rh/rh-maven35/root/usr/share/maven
Java version: 1.7.0_80, vendor: Oracle Corporation
Java home: /scratch/jmcampos/RTA/repair_them_all_framework/jdks/jdk1.7.0_80/jre
Default locale: en_US, platform encoding: UTF-8
OS name: "linux", version: "4.14.125-1.el7.retpoline.x86_64", arch: "amd64", family: "unix"
[INFO] Scanning for projects...
[INFO] 
[INFO] ------------------------------------------------------------------------
[INFO] Building JavaPoet 1.12.0-SNAPSHOT
[INFO] ------------------------------------------------------------------------
[INFO] 
[INFO] --- maven-enforcer-plugin:1.0:enforce (enforce-maven) @ javapoet ---
[INFO] Skipping Rule Enforcement.
[INFO] 
[INFO] --- maven-resources-plugin:2.6:resources (default-resources) @ javapoet ---
[INFO] Using 'UTF-8' encoding to copy filtered resources.
[INFO] skip non existing resourceDirectory /scratch/tmp-rta/Bears_square-javapoet_418963407-436938143_java-7/src/main/resources
[INFO] 
[INFO] --- maven-compiler-plugin:3.8.0:compile (default-compile) @ javapoet ---
[INFO] Downloading: https://repo.maven.apache.org/maven2/org/codehaus/plexus/plexus-compiler-javac-errorprone/2.8.2/plexus-compiler-javac-errorprone-2.8.2.pom
[INFO] Downloaded: https://repo.maven.apache.org/maven2/org/codehaus/plexus/plexus-compiler-javac-errorprone/2.8.2/plexus-compiler-javac-errorprone-2.8.2.pom (1.6 kB at 3.2 kB/s)
[INFO] Downloading: https://repo.maven.apache.org/maven2/org/codehaus/plexus/plexus-compilers/2.8.2/plexus-compilers-2.8.2.pom
[INFO] Downloaded: https://repo.maven.apache.org/maven2/org/codehaus/plexus/plexus-compilers/2.8.2/plexus-compilers-2.8.2.pom (1.3 kB at 1.8 kB/s)
[INFO] Downloading: https://repo.maven.apache.org/maven2/org/codehaus/plexus/plexus-compiler/2.8.2/plexus-compiler-2.8.2.pom
[INFO] Downloaded: https://repo.maven.apache.org/maven2/org/codehaus/plexus/plexus-compiler/2.8.2/plexus-compiler-2.8.2.pom (4.9 kB at 1.1 kB/s)
[INFO] Downloading: https://repo.maven.apache.org/maven2/org/codehaus/plexus/plexus-components/4.0/plexus-components-4.0.pom
[INFO] Downloaded: https://repo.maven.apache.org/maven2/org/codehaus/plexus/plexus-components/4.0/plexus-components-4.0.pom (2.7 kB at 1.4 kB/s)
[INFO] Downloading: https://repo.maven.apache.org/maven2/org/codehaus/plexus/plexus-utils/3.0.22/plexus-utils-3.0.22.pom
[INFO] Downloaded: https://repo.maven.apache.org/maven2/org/codehaus/plexus/plexus-utils/3.0.22/plexus-utils-3.0.22.pom (3.8 kB at 383 kB/s)
[INFO] Downloading: https://repo.maven.apache.org/maven2/org/codehaus/plexus/plexus-compiler-javac/2.8.2/plexus-compiler-javac-2.8.2.pom
[INFO] Downloaded: https://repo.maven.apache.org/maven2/org/codehaus/plexus/plexus-compiler-javac/2.8.2/plexus-compiler-javac-2.8.2.pom (771 B at 55 kB/s)
[INFO] Downloading: https://repo.maven.apache.org/maven2/org/codehaus/plexus/plexus-compiler-api/2.8.2/plexus-compiler-api-2.8.2.pom
[INFO] Downloaded: https://repo.maven.apache.org/maven2/org/codehaus/plexus/plexus-compiler-api/2.8.2/plexus-compiler-api-2.8.2.pom (867 B at 54 kB/s)
[INFO] Downloading: https://repo.maven.apache.org/maven2/com/google/errorprone/error_prone_core/2.0.13/error_prone_core-2.0.13.pom
[INFO] Downloaded: https://repo.maven.apache.org/maven2/com/google/errorprone/error_prone_core/2.0.13/error_prone_core-2.0.13.pom (11 kB at 492 kB/s)
[INFO] Downloading: https://repo.maven.apache.org/maven2/com/google/errorprone/error_prone_parent/2.0.13/error_prone_parent-2.0.13.pom
[INFO] Downloaded: https://repo.maven.apache.org/maven2/com/google/errorprone/error_prone_parent/2.0.13/error_prone_parent-2.0.13.pom (5.0 kB at 415 kB/s)
[INFO] Downloading: https://repo.maven.apache.org/maven2/com/google/errorprone/error_prone_annotation/2.0.13/error_prone_annotation-2.0.13.pom
[INFO] Downloaded: https://repo.maven.apache.org/maven2/com/google/errorprone/error_prone_annotation/2.0.13/error_prone_annotation-2.0.13.pom (1.5 kB at 108 kB/s)
[INFO] Downloading: https://repo.maven.apache.org/maven2/com/google/guava/guava/19.0/guava-19.0.pom
[INFO] Downloaded: https://repo.maven.apache.org/maven2/com/google/guava/guava/19.0/guava-19.0.pom (6.8 kB at 566 kB/s)
[INFO] Downloading: https://repo.maven.apache.org/maven2/com/google/guava/guava-parent/19.0/guava-parent-19.0.pom
[INFO] Downloaded: https://repo.maven.apache.org/maven2/com/google/guava/guava-parent/19.0/guava-parent-19.0.pom (9.9 kB at 823 kB/s)
[INFO] Downloading: https://repo.maven.apache.org/maven2/com/github/stephenc/jcip/jcip-annotations/1.0-1/jcip-annotations-1.0-1.pom
[INFO] Downloaded: https://repo.maven.apache.org/maven2/com/github/stephenc/jcip/jcip-annotations/1.0-1/jcip-annotations-1.0-1.pom (5.4 kB at 271 kB/s)
[INFO] Downloading: https://repo.maven.apache.org/maven2/org/pcollections/pcollections/2.1.2/pcollections-2.1.2.pom
[INFO] Downloaded: https://repo.maven.apache.org/maven2/org/pcollections/pcollections/2.1.2/pcollections-2.1.2.pom (2.1 kB at 119 kB/s)
[INFO] Downloading: https://repo.maven.apache.org/maven2/com/google/code/findbugs/jFormatString/3.0.0/jFormatString-3.0.0.pom
[INFO] Downloaded: https://repo.maven.apache.org/maven2/com/google/code/findbugs/jFormatString/3.0.0/jFormatString-3.0.0.pom (3.8 kB at 240 kB/s)
[INFO] Downloading: https://repo.maven.apache.org/maven2/com/google/code/findbugs/jsr305/3.0.0/jsr305-3.0.0.pom
[INFO] Downloaded: https://repo.maven.apache.org/maven2/com/google/code/findbugs/jsr305/3.0.0/jsr305-3.0.0.pom (3.9 kB at 124 kB/s)
[INFO] Downloading: https://repo.maven.apache.org/maven2/org/checkerframework/dataflow/1.8.10/dataflow-1.8.10.pom
[INFO] Downloaded: https://repo.maven.apache.org/maven2/org/checkerframework/dataflow/1.8.10/dataflow-1.8.10.pom (4.3 kB at 362 kB/s)
[INFO] Downloading: https://repo.maven.apache.org/maven2/org/checkerframework/javacutil/1.8.10/javacutil-1.8.10.pom
[INFO] Downloaded: https://repo.maven.apache.org/maven2/org/checkerframework/javacutil/1.8.10/javacutil-1.8.10.pom (4.0 kB at 367 kB/s)
[INFO] Downloading: https://repo.maven.apache.org/maven2/com/google/errorprone/javac/1.9.0-dev-r2973-2/javac-1.9.0-dev-r2973-2.pom
[INFO] Downloaded: https://repo.maven.apache.org/maven2/com/google/errorprone/javac/1.9.0-dev-r2973-2/javac-1.9.0-dev-r2973-2.pom (1.2 kB at 95 kB/s)
[INFO] Downloading: https://repo.maven.apache.org/maven2/com/google/errorprone/error_prone_annotations/2.0.13/error_prone_annotations-2.0.13.pom
[INFO] Downloaded: https://repo.maven.apache.org/maven2/com/google/errorprone/error_prone_annotations/2.0.13/error_prone_annotations-2.0.13.pom (1.3 kB at 148 kB/s)
[INFO] Downloading: https://repo.maven.apache.org/maven2/com/google/errorprone/error_prone_core/2.3.1/error_prone_core-2.3.1.pom
[INFO] Downloaded: https://repo.maven.apache.org/maven2/com/google/errorprone/error_prone_core/2.3.1/error_prone_core-2.3.1.pom (13 kB at 809 kB/s)
[INFO] Downloading: https://repo.maven.apache.org/maven2/com/google/errorprone/error_prone_parent/2.3.1/error_prone_parent-2.3.1.pom
[INFO] Downloaded: https://repo.maven.apache.org/maven2/com/google/errorprone/error_prone_parent/2.3.1/error_prone_parent-2.3.1.pom (5.0 kB at 330 kB/s)
[INFO] Downloading: https://repo.maven.apache.org/maven2/com/google/errorprone/error_prone_annotation/2.3.1/error_prone_annotation-2.3.1.pom
[INFO] Downloaded: https://repo.maven.apache.org/maven2/com/google/errorprone/error_prone_annotation/2.3.1/error_prone_annotation-2.3.1.pom (1.8 kB at 167 kB/s)
[INFO] Downloading: https://repo.maven.apache.org/maven2/com/google/errorprone/error_prone_type_annotations/2.3.1/error_prone_type_annotations-2.3.1.pom
[INFO] Downloaded: https://repo.maven.apache.org/maven2/com/google/errorprone/error_prone_type_annotations/2.3.1/error_prone_type_annotations-2.3.1.pom (1.6 kB at 87 kB/s)
[INFO] Downloading: https://repo.maven.apache.org/maven2/com/google/errorprone/error_prone_check_api/2.3.1/error_prone_check_api-2.3.1.pom
[INFO] Downloaded: https://repo.maven.apache.org/maven2/com/google/errorprone/error_prone_check_api/2.3.1/error_prone_check_api-2.3.1.pom (4.6 kB at 420 kB/s)
[INFO] Downloading: https://repo.maven.apache.org/maven2/org/checkerframework/dataflow/2.5.0/dataflow-2.5.0.pom
[INFO] Downloaded: https://repo.maven.apache.org/maven2/org/checkerframework/dataflow/2.5.0/dataflow-2.5.0.pom (3.2 kB at 227 kB/s)
[INFO] Downloading: https://repo.maven.apache.org/maven2/org/checkerframework/checker-qual/2.5.0/checker-qual-2.5.0.pom
[INFO] Downloaded: https://repo.maven.apache.org/maven2/org/checkerframework/checker-qual/2.5.0/checker-qual-2.5.0.pom (2.5 kB at 41 kB/s)
[INFO] Downloading: https://repo.maven.apache.org/maven2/org/checkerframework/javacutil/2.5.0/javacutil-2.5.0.pom
[INFO] Downloaded: https://repo.maven.apache.org/maven2/org/checkerframework/javacutil/2.5.0/javacutil-2.5.0.pom (2.9 kB at 24 kB/s)
[INFO] Downloading: https://repo.maven.apache.org/maven2/com/google/errorprone/javac/9+181-r4173-1/javac-9+181-r4173-1.pom
[INFO] Downloaded: https://repo.maven.apache.org/maven2/com/google/errorprone/javac/9+181-r4173-1/javac-9+181-r4173-1.pom (1.2 kB at 59 kB/s)
[INFO] Downloading: https://repo.maven.apache.org/maven2/com/googlecode/java-diff-utils/diffutils/1.3.0/diffutils-1.3.0.pom
[INFO] Downloaded: https://repo.maven.apache.org/maven2/com/googlecode/java-diff-utils/diffutils/1.3.0/diffutils-1.3.0.pom (2.8 kB at 154 kB/s)
[INFO] Downloading: https://repo.maven.apache.org/maven2/com/google/errorprone/error_prone_annotations/2.3.1/error_prone_annotations-2.3.1.pom
[INFO] Downloaded: https://repo.maven.apache.org/maven2/com/google/errorprone/error_prone_annotations/2.3.1/error_prone_annotations-2.3.1.pom (1.8 kB at 178 kB/s)
[INFO] Downloading: https://repo.maven.apache.org/maven2/com/github/kevinstern/software-and-algorithms/1.0/software-and-algorithms-1.0.pom
[INFO] Downloaded: https://repo.maven.apache.org/maven2/com/github/kevinstern/software-and-algorithms/1.0/software-and-algorithms-1.0.pom (3.4 kB at 244 kB/s)
[INFO] Downloading: https://repo.maven.apache.org/maven2/com/google/auto/auto-common/0.10/auto-common-0.10.pom
[INFO] Downloaded: https://repo.maven.apache.org/maven2/com/google/auto/auto-common/0.10/auto-common-0.10.pom (2.8 kB at 26 kB/s)
[INFO] Downloading: https://repo.maven.apache.org/maven2/com/google/auto/auto-parent/6/auto-parent-6.pom
[INFO] Downloaded: https://repo.maven.apache.org/maven2/com/google/auto/auto-parent/6/auto-parent-6.pom (6.3 kB at 631 kB/s)
[INFO] Downloading: https://repo.maven.apache.org/maven2/org/apache/maven/maven-plugin-api/3.0/maven-plugin-api-3.0.pom
[INFO] Downloaded: https://repo.maven.apache.org/maven2/org/apache/maven/maven-plugin-api/3.0/maven-plugin-api-3.0.pom (2.3 kB at 191 kB/s)
[INFO] Downloading: https://repo.maven.apache.org/maven2/org/apache/maven/maven-model/3.0/maven-model-3.0.pom
[INFO] Downloaded: https://repo.maven.apache.org/maven2/org/apache/maven/maven-model/3.0/maven-model-3.0.pom (3.9 kB at 324 kB/s)
[INFO] Downloading: https://repo.maven.apache.org/maven2/org/sonatype/sisu/sisu-inject-plexus/1.4.2/sisu-inject-plexus-1.4.2.pom
[INFO] Downloaded: https://repo.maven.apache.org/maven2/org/sonatype/sisu/sisu-inject-plexus/1.4.2/sisu-inject-plexus-1.4.2.pom (5.4 kB at 413 kB/s)
[INFO] Downloading: https://repo.maven.apache.org/maven2/org/sonatype/sisu/inject/guice-plexus/1.4.2/guice-plexus-1.4.2.pom
[INFO] Downloaded: https://repo.maven.apache.org/maven2/org/sonatype/sisu/inject/guice-plexus/1.4.2/guice-plexus-1.4.2.pom (3.1 kB at 209 kB/s)
[INFO] Downloading: https://repo.maven.apache.org/maven2/org/sonatype/sisu/inject/guice-bean/1.4.2/guice-bean-1.4.2.pom
[INFO] Downloaded: https://repo.maven.apache.org/maven2/org/sonatype/sisu/inject/guice-bean/1.4.2/guice-bean-1.4.2.pom (2.6 kB at 217 kB/s)
[INFO] Downloading: https://repo.maven.apache.org/maven2/org/sonatype/sisu/sisu-inject/1.4.2/sisu-inject-1.4.2.pom
[INFO] Downloaded: https://repo.maven.apache.org/maven2/org/sonatype/sisu/sisu-inject/1.4.2/sisu-inject-1.4.2.pom (1.2 kB at 125 kB/s)
[INFO] Downloading: https://repo.maven.apache.org/maven2/org/sonatype/sisu/sisu-parent/1.4.2/sisu-parent-1.4.2.pom
[INFO] Downloaded: https://repo.maven.apache.org/maven2/org/sonatype/sisu/sisu-parent/1.4.2/sisu-parent-1.4.2.pom (7.8 kB at 486 kB/s)
[INFO] Downloading: https://repo.maven.apache.org/maven2/org/sonatype/forge/forge-parent/6/forge-parent-6.pom
[INFO] Downloaded: https://repo.maven.apache.org/maven2/org/sonatype/forge/forge-parent/6/forge-parent-6.pom (11 kB at 717 kB/s)
[INFO] Downloading: https://repo.maven.apache.org/maven2/org/codehaus/plexus/plexus-classworlds/2.2.3/plexus-classworlds-2.2.3.pom
[INFO] Downloaded: https://repo.maven.apache.org/maven2/org/codehaus/plexus/plexus-classworlds/2.2.3/plexus-classworlds-2.2.3.pom (4.0 kB at 167 kB/s)
[INFO] Downloading: https://repo.maven.apache.org/maven2/org/sonatype/sisu/sisu-inject-bean/1.4.2/sisu-inject-bean-1.4.2.pom
[INFO] Downloaded: https://repo.maven.apache.org/maven2/org/sonatype/sisu/sisu-inject-bean/1.4.2/sisu-inject-bean-1.4.2.pom (5.5 kB at 111 kB/s)
[INFO] Downloading: https://repo.maven.apache.org/maven2/org/sonatype/sisu/sisu-guice/2.1.7/sisu-guice-2.1.7.pom
[INFO] Downloaded: https://repo.maven.apache.org/maven2/org/sonatype/sisu/sisu-guice/2.1.7/sisu-guice-2.1.7.pom (11 kB at 614 kB/s)
[INFO] Downloading: https://repo.maven.apache.org/maven2/org/apache/maven/maven-core/3.0/maven-core-3.0.pom
[INFO] Downloaded: https://repo.maven.apache.org/maven2/org/apache/maven/maven-core/3.0/maven-core-3.0.pom (6.6 kB at 510 kB/s)
[INFO] Downloading: https://repo.maven.apache.org/maven2/org/apache/maven/maven-settings/3.0/maven-settings-3.0.pom
[INFO] Downloaded: https://repo.maven.apache.org/maven2/org/apache/maven/maven-settings/3.0/maven-settings-3.0.pom (1.9 kB at 145 kB/s)
[INFO] Downloading: https://repo.maven.apache.org/maven2/org/apache/maven/maven-settings-builder/3.0/maven-settings-builder-3.0.pom
[INFO] Downloaded: https://repo.maven.apache.org/maven2/org/apache/maven/maven-settings-builder/3.0/maven-settings-builder-3.0.pom (2.2 kB at 106 kB/s)
[INFO] Downloading: https://repo.maven.apache.org/maven2/org/codehaus/plexus/plexus-interpolation/1.14/plexus-interpolation-1.14.pom
[INFO] Downloaded: https://repo.maven.apache.org/maven2/org/codehaus/plexus/plexus-interpolation/1.14/plexus-interpolation-1.14.pom (910 B at 91 kB/s)
[INFO] Downloading: https://repo.maven.apache.org/maven2/org/codehaus/plexus/plexus-components/1.1.18/plexus-components-1.1.18.pom
[INFO] Downloaded: https://repo.maven.apache.org/maven2/org/codehaus/plexus/plexus-components/1.1.18/plexus-components-1.1.18.pom (5.4 kB at 487 kB/s)
[INFO] Downloading: https://repo.maven.apache.org/maven2/org/apache/maven/maven-repository-metadata/3.0/maven-repository-metadata-3.0.pom
[INFO] Downloaded: https://repo.maven.apache.org/maven2/org/apache/maven/maven-repository-metadata/3.0/maven-repository-metadata-3.0.pom (1.9 kB at 214 kB/s)
[INFO] Downloading: https://repo.maven.apache.org/maven2/org/apache/maven/maven-model-builder/3.0/maven-model-builder-3.0.pom
[INFO] Downloaded: https://repo.maven.apache.org/maven2/org/apache/maven/maven-model-builder/3.0/maven-model-builder-3.0.pom (2.2 kB at 35 kB/s)
[INFO] Downloading: https://repo.maven.apache.org/maven2/org/apache/maven/maven-aether-provider/3.0/maven-aether-provider-3.0.pom
[INFO] Downloaded: https://repo.maven.apache.org/maven2/org/apache/maven/maven-aether-provider/3.0/maven-aether-provider-3.0.pom (2.5 kB at 48 kB/s)
[INFO] Downloading: https://repo.maven.apache.org/maven2/org/sonatype/aether/aether-api/1.7/aether-api-1.7.pom
[INFO] Downloaded: https://repo.maven.apache.org/maven2/org/sonatype/aether/aether-api/1.7/aether-api-1.7.pom (1.7 kB at 129 kB/s)
[INFO] Downloading: https://repo.maven.apache.org/maven2/org/sonatype/aether/aether-parent/1.7/aether-parent-1.7.pom
[INFO] Downloaded: https://repo.maven.apache.org/maven2/org/sonatype/aether/aether-parent/1.7/aether-parent-1.7.pom (7.7 kB at 702 kB/s)
[INFO] Downloading: https://repo.maven.apache.org/maven2/org/sonatype/aether/aether-util/1.7/aether-util-1.7.pom
[INFO] Downloaded: https://repo.maven.apache.org/maven2/org/sonatype/aether/aether-util/1.7/aether-util-1.7.pom (2.1 kB at 172 kB/s)
[INFO] Downloading: https://repo.maven.apache.org/maven2/org/sonatype/aether/aether-impl/1.7/aether-impl-1.7.pom
[INFO] Downloaded: https://repo.maven.apache.org/maven2/org/sonatype/aether/aether-impl/1.7/aether-impl-1.7.pom (3.7 kB at 217 kB/s)
[INFO] Downloading: https://repo.maven.apache.org/maven2/org/sonatype/aether/aether-spi/1.7/aether-spi-1.7.pom
[INFO] Downloaded: https://repo.maven.apache.org/maven2/org/sonatype/aether/aether-spi/1.7/aether-spi-1.7.pom (1.7 kB at 145 kB/s)
[INFO] Downloading: https://repo.maven.apache.org/maven2/org/codehaus/plexus/plexus-java/0.9.10/plexus-java-0.9.10.pom
[INFO] Downloaded: https://repo.maven.apache.org/maven2/org/codehaus/plexus/plexus-java/0.9.10/plexus-java-0.9.10.pom (5.1 kB at 464 kB/s)
[INFO] Downloading: https://repo.maven.apache.org/maven2/org/codehaus/plexus/plexus-languages/0.9.10/plexus-languages-0.9.10.pom
[INFO] Downloaded: https://repo.maven.apache.org/maven2/org/codehaus/plexus/plexus-languages/0.9.10/plexus-languages-0.9.10.pom (4.1 kB at 345 kB/s)
[INFO] Downloading: https://repo.maven.apache.org/maven2/org/ow2/asm/asm/6.2/asm-6.2.pom
[INFO] Downloaded: https://repo.maven.apache.org/maven2/org/ow2/asm/asm/6.2/asm-6.2.pom (2.9 kB at 210 kB/s)
[INFO] Downloading: https://repo.maven.apache.org/maven2/org/ow2/ow2/1.5/ow2-1.5.pom
[INFO] Downloaded: https://repo.maven.apache.org/maven2/org/ow2/ow2/1.5/ow2-1.5.pom (11 kB at 802 kB/s)
[INFO] Downloading: https://repo.maven.apache.org/maven2/com/thoughtworks/qdox/qdox/2.0-M9/qdox-2.0-M9.pom
[INFO] Downloaded: https://repo.maven.apache.org/maven2/com/thoughtworks/qdox/qdox/2.0-M9/qdox-2.0-M9.pom (16 kB at 1.1 MB/s)
[INFO] Downloading: https://repo.maven.apache.org/maven2/org/codehaus/plexus/plexus-compiler-api/2.8.4/plexus-compiler-api-2.8.4.pom
[INFO] Downloaded: https://repo.maven.apache.org/maven2/org/codehaus/plexus/plexus-compiler-api/2.8.4/plexus-compiler-api-2.8.4.pom (867 B at 79 kB/s)
[INFO] Downloading: https://repo.maven.apache.org/maven2/org/codehaus/plexus/plexus-compiler/2.8.4/plexus-compiler-2.8.4.pom
[INFO] Downloaded: https://repo.maven.apache.org/maven2/org/codehaus/plexus/plexus-compiler/2.8.4/plexus-compiler-2.8.4.pom (6.0 kB at 548 kB/s)
[INFO] Downloading: https://repo.maven.apache.org/maven2/org/codehaus/plexus/plexus-compiler-manager/2.8.4/plexus-compiler-manager-2.8.4.pom
[INFO] Downloaded: https://repo.maven.apache.org/maven2/org/codehaus/plexus/plexus-compiler-manager/2.8.4/plexus-compiler-manager-2.8.4.pom (692 B at 63 kB/s)
[INFO] Downloading: https://repo.maven.apache.org/maven2/org/codehaus/plexus/plexus-compiler-javac/2.8.4/plexus-compiler-javac-2.8.4.pom
[INFO] Downloaded: https://repo.maven.apache.org/maven2/org/codehaus/plexus/plexus-compiler-javac/2.8.4/plexus-compiler-javac-2.8.4.pom (771 B at 45 kB/s)
[INFO] Downloading: https://repo.maven.apache.org/maven2/org/codehaus/plexus/plexus-compilers/2.8.4/plexus-compilers-2.8.4.pom
[INFO] Downloaded: https://repo.maven.apache.org/maven2/org/codehaus/plexus/plexus-compilers/2.8.4/plexus-compilers-2.8.4.pom (1.3 kB at 71 kB/s)
[INFO] Downloading: https://repo.maven.apache.org/maven2/org/codehaus/plexus/plexus-compiler-javac-errorprone/2.8.2/plexus-compiler-javac-errorprone-2.8.2.jar
[INFO] Downloading: https://repo.maven.apache.org/maven2/org/codehaus/plexus/plexus-utils/3.0.22/plexus-utils-3.0.22.jar
[INFO] Downloading: https://repo.maven.apache.org/maven2/com/google/errorprone/error_prone_core/2.3.1/error_prone_core-2.3.1.jar
[INFO] Downloading: https://repo.maven.apache.org/maven2/com/google/errorprone/error_prone_type_annotations/2.3.1/error_prone_type_annotations-2.3.1.jar
[INFO] Downloading: https://repo.maven.apache.org/maven2/com/google/errorprone/error_prone_annotation/2.3.1/error_prone_annotation-2.3.1.jar
[INFO] Downloaded: https://repo.maven.apache.org/maven2/org/codehaus/plexus/plexus-compiler-javac-errorprone/2.8.2/plexus-compiler-javac-errorprone-2.8.2.jar (9.8 kB at 246 kB/s)
[INFO] Downloading: https://repo.maven.apache.org/maven2/com/google/errorprone/error_prone_check_api/2.3.1/error_prone_check_api-2.3.1.jar
[INFO] Downloaded: https://repo.maven.apache.org/maven2/com/google/errorprone/error_prone_annotation/2.3.1/error_prone_annotation-2.3.1.jar (10 kB at 235 kB/s)
[INFO] Downloading: https://repo.maven.apache.org/maven2/com/googlecode/java-diff-utils/diffutils/1.3.0/diffutils-1.3.0.jar
[INFO] Downloaded: https://repo.maven.apache.org/maven2/com/google/errorprone/error_prone_type_annotations/2.3.1/error_prone_type_annotations-2.3.1.jar (3.1 kB at 71 kB/s)
[INFO] Downloading: https://repo.maven.apache.org/maven2/com/github/kevinstern/software-and-algorithms/1.0/software-and-algorithms-1.0.jar
[INFO] Downloaded: https://repo.maven.apache.org/maven2/org/codehaus/plexus/plexus-utils/3.0.22/plexus-utils-3.0.22.jar (245 kB at 3.7 MB/s)
[INFO] Downloading: https://repo.maven.apache.org/maven2/com/github/stephenc/jcip/jcip-annotations/1.0-1/jcip-annotations-1.0-1.jar
[INFO] Downloaded: https://repo.maven.apache.org/maven2/com/googlecode/java-diff-utils/diffutils/1.3.0/diffutils-1.3.0.jar (34 kB at 502 kB/s)
[INFO] Downloading: https://repo.maven.apache.org/maven2/org/pcollections/pcollections/2.1.2/pcollections-2.1.2.jar
[INFO] Downloaded: https://repo.maven.apache.org/maven2/com/github/stephenc/jcip/jcip-annotations/1.0-1/jcip-annotations-1.0-1.jar (4.7 kB at 62 kB/s)
[INFO] Downloading: https://repo.maven.apache.org/maven2/com/google/guava/guava/23.5-jre/guava-23.5-jre.jar
[INFO] Downloaded: https://repo.maven.apache.org/maven2/com/github/kevinstern/software-and-algorithms/1.0/software-and-algorithms-1.0.jar (64 kB at 830 kB/s)
[INFO] Downloading: https://repo.maven.apache.org/maven2/org/checkerframework/checker-qual/2.0.0/checker-qual-2.0.0.jar
[INFO] Downloaded: https://repo.maven.apache.org/maven2/org/pcollections/pcollections/2.1.2/pcollections-2.1.2.jar (39 kB at 404 kB/s)
[INFO] Downloading: https://repo.maven.apache.org/maven2/com/google/auto/auto-common/0.10/auto-common-0.10.jar
[INFO] Downloaded: https://repo.maven.apache.org/maven2/com/google/auto/auto-common/0.10/auto-common-0.10.jar (90 kB at 729 kB/s)
[INFO] Downloading: https://repo.maven.apache.org/maven2/com/google/code/findbugs/jFormatString/3.0.0/jFormatString-3.0.0.jar
[INFO] Downloaded: https://repo.maven.apache.org/maven2/org/checkerframework/checker-qual/2.0.0/checker-qual-2.0.0.jar (343 kB at 2.7 MB/s)
[INFO] Downloading: https://repo.maven.apache.org/maven2/com/google/code/findbugs/jsr305/3.0.0/jsr305-3.0.0.jar
[INFO] Downloaded: https://repo.maven.apache.org/maven2/com/google/errorprone/error_prone_check_api/2.3.1/error_prone_check_api-2.3.1.jar (541 kB at 4.2 MB/s)
[INFO] Downloading: https://repo.maven.apache.org/maven2/org/checkerframework/dataflow/2.5.0/dataflow-2.5.0.jar
[INFO] Downloaded: https://repo.maven.apache.org/maven2/com/google/code/findbugs/jsr305/3.0.0/jsr305-3.0.0.jar (33 kB at 238 kB/s)
[INFO] Downloading: https://repo.maven.apache.org/maven2/org/checkerframework/javacutil/2.5.0/javacutil-2.5.0.jar
[INFO] Downloaded: https://repo.maven.apache.org/maven2/com/google/code/findbugs/jFormatString/3.0.0/jFormatString-3.0.0.jar (35 kB at 246 kB/s)
[INFO] Downloading: https://repo.maven.apache.org/maven2/com/google/errorprone/javac/9+181-r4173-1/javac-9+181-r4173-1.jar
[INFO] Downloaded: https://repo.maven.apache.org/maven2/org/checkerframework/javacutil/2.5.0/javacutil-2.5.0.jar (88 kB at 563 kB/s)
[INFO] Downloading: https://repo.maven.apache.org/maven2/com/google/errorprone/error_prone_annotations/2.3.1/error_prone_annotations-2.3.1.jar
[INFO] Downloaded: https://repo.maven.apache.org/maven2/org/checkerframework/dataflow/2.5.0/dataflow-2.5.0.jar (310 kB at 1.9 MB/s)
[INFO] Downloading: https://repo.maven.apache.org/maven2/org/sonatype/sisu/sisu-inject-plexus/1.4.2/sisu-inject-plexus-1.4.2.jar
[INFO] Downloaded: https://repo.maven.apache.org/maven2/com/google/errorprone/error_prone_annotations/2.3.1/error_prone_annotations-2.3.1.jar (13 kB at 77 kB/s)
[INFO] Downloading: https://repo.maven.apache.org/maven2/org/sonatype/sisu/sisu-inject-bean/1.4.2/sisu-inject-bean-1.4.2.jar
[INFO] Downloaded: https://repo.maven.apache.org/maven2/com/google/errorprone/error_prone_core/2.3.1/error_prone_core-2.3.1.jar (1.7 MB at 9.3 MB/s)
[INFO] Downloading: https://repo.maven.apache.org/maven2/org/sonatype/sisu/sisu-guice/2.1.7/sisu-guice-2.1.7-noaop.jar
[INFO] Downloaded: https://repo.maven.apache.org/maven2/org/sonatype/sisu/sisu-inject-plexus/1.4.2/sisu-inject-plexus-1.4.2.jar (202 kB at 1.1 MB/s)
[INFO] Downloading: https://repo.maven.apache.org/maven2/org/apache/maven/maven-repository-metadata/3.0/maven-repository-metadata-3.0.jar
[INFO] Downloaded: https://repo.maven.apache.org/maven2/org/sonatype/sisu/sisu-inject-bean/1.4.2/sisu-inject-bean-1.4.2.jar (153 kB at 805 kB/s)
[INFO] Downloading: https://repo.maven.apache.org/maven2/org/apache/maven/maven-model-builder/3.0/maven-model-builder-3.0.jar
[INFO] Downloaded: https://repo.maven.apache.org/maven2/org/apache/maven/maven-repository-metadata/3.0/maven-repository-metadata-3.0.jar (30 kB at 153 kB/s)
[INFO] Downloading: https://repo.maven.apache.org/maven2/org/apache/maven/maven-aether-provider/3.0/maven-aether-provider-3.0.jar
[INFO] Downloaded: https://repo.maven.apache.org/maven2/org/apache/maven/maven-model-builder/3.0/maven-model-builder-3.0.jar (148 kB at 705 kB/s)
[INFO] Downloading: https://repo.maven.apache.org/maven2/org/sonatype/aether/aether-impl/1.7/aether-impl-1.7.jar
[INFO] Downloaded: https://repo.maven.apache.org/maven2/org/apache/maven/maven-aether-provider/3.0/maven-aether-provider-3.0.jar (51 kB at 243 kB/s)
[INFO] Downloading: https://repo.maven.apache.org/maven2/org/sonatype/aether/aether-spi/1.7/aether-spi-1.7.jar
[INFO] Downloaded: https://repo.maven.apache.org/maven2/org/sonatype/sisu/sisu-guice/2.1.7/sisu-guice-2.1.7-noaop.jar (472 kB at 2.2 MB/s)
[INFO] Downloading: https://repo.maven.apache.org/maven2/org/sonatype/aether/aether-api/1.7/aether-api-1.7.jar
[INFO] Downloaded: https://repo.maven.apache.org/maven2/com/google/guava/guava/23.5-jre/guava-23.5-jre.jar (2.7 MB at 12 MB/s)
[INFO] Downloading: https://repo.maven.apache.org/maven2/org/sonatype/aether/aether-util/1.7/aether-util-1.7.jar
[INFO] Downloaded: https://repo.maven.apache.org/maven2/org/sonatype/aether/aether-spi/1.7/aether-spi-1.7.jar (14 kB at 60 kB/s)
[INFO] Downloading: https://repo.maven.apache.org/maven2/org/codehaus/plexus/plexus-interpolation/1.14/plexus-interpolation-1.14.jar
[INFO] Downloaded: https://repo.maven.apache.org/maven2/org/sonatype/aether/aether-api/1.7/aether-api-1.7.jar (74 kB at 327 kB/s)
[INFO] Downloading: https://repo.maven.apache.org/maven2/org/codehaus/plexus/plexus-classworlds/2.2.3/plexus-classworlds-2.2.3.jar
[INFO] Downloaded: https://repo.maven.apache.org/maven2/org/sonatype/aether/aether-impl/1.7/aether-impl-1.7.jar (106 kB at 454 kB/s)
[INFO] Downloading: https://repo.maven.apache.org/maven2/org/ow2/asm/asm/6.2/asm-6.2.jar
[INFO] Downloaded: https://repo.maven.apache.org/maven2/org/sonatype/aether/aether-util/1.7/aether-util-1.7.jar (108 kB at 450 kB/s)
[INFO] Downloading: https://repo.maven.apache.org/maven2/com/thoughtworks/qdox/qdox/2.0-M9/qdox-2.0-M9.jar
[INFO] Downloaded: https://repo.maven.apache.org/maven2/org/codehaus/plexus/plexus-classworlds/2.2.3/plexus-classworlds-2.2.3.jar (46 kB at 185 kB/s)
[INFO] Downloaded: https://repo.maven.apache.org/maven2/org/codehaus/plexus/plexus-interpolation/1.14/plexus-interpolation-1.14.jar (61 kB at 245 kB/s)
[INFO] Downloaded: https://repo.maven.apache.org/maven2/org/ow2/asm/asm/6.2/asm-6.2.jar (111 kB at 433 kB/s)
[INFO] Downloaded: https://repo.maven.apache.org/maven2/com/thoughtworks/qdox/qdox/2.0-M9/qdox-2.0-M9.jar (317 kB at 1.2 MB/s)
[INFO] Downloaded: https://repo.maven.apache.org/maven2/com/google/errorprone/javac/9+181-r4173-1/javac-9+181-r4173-1.jar (6.9 MB at 16 MB/s)
[INFO] Changes detected - recompiling the module!
[INFO] Compiling 17 source files to /scratch/tmp-rta/Bears_square-javapoet_418963407-436938143_java-7/target/classes
[INFO] ------------------------------------------------------------------------
[INFO] BUILD FAILURE
[INFO] ------------------------------------------------------------------------
[INFO] Total time: 26.927 s
[INFO] Finished at: 2020-03-12T13:24:42-07:00
[INFO] Final Memory: 16M/982M
[INFO] ------------------------------------------------------------------------
[ERROR] Failed to execute goal org.apache.maven.plugins:maven-compiler-plugin:3.8.0:compile (default-compile) on project javapoet: Execution default-compile of goal org.apache.maven.plugins:maven-compiler-plugin:3.8.0:compile failed: An API incompatibility was encountered while executing org.apache.maven.plugins:maven-compiler-plugin:3.8.0:compile: java.lang.UnsupportedClassVersionError: javax/tools/DiagnosticListener : Unsupported major.minor version 52.0
[ERROR] -----------------------------------------------------
[ERROR] realm =    plugin>org.apache.maven.plugins:maven-compiler-plugin:3.8.0
[ERROR] strategy = org.codehaus.plexus.classworlds.strategy.SelfFirstStrategy
[ERROR] urls[0] = file:/scratch/tmp-rta/Bears_square-javapoet_418963407-436938143_java-7/.m2/org/apache/maven/plugins/maven-compiler-plugin/3.8.0/maven-compiler-plugin-3.8.0.jar
[ERROR] urls[1] = file:/scratch/tmp-rta/Bears_square-javapoet_418963407-436938143_java-7/.m2/org/codehaus/plexus/plexus-compiler-javac-errorprone/2.8.2/plexus-compiler-javac-errorprone-2.8.2.jar
[ERROR] urls[2] = file:/scratch/tmp-rta/Bears_square-javapoet_418963407-436938143_java-7/.m2/org/codehaus/plexus/plexus-utils/3.0.22/plexus-utils-3.0.22.jar
[ERROR] urls[3] = file:/scratch/tmp-rta/Bears_square-javapoet_418963407-436938143_java-7/.m2/com/google/errorprone/error_prone_core/2.3.1/error_prone_core-2.3.1.jar
[ERROR] urls[4] = file:/scratch/tmp-rta/Bears_square-javapoet_418963407-436938143_java-7/.m2/com/google/errorprone/error_prone_annotation/2.3.1/error_prone_annotation-2.3.1.jar
[ERROR] urls[5] = file:/scratch/tmp-rta/Bears_square-javapoet_418963407-436938143_java-7/.m2/com/google/errorprone/error_prone_type_annotations/2.3.1/error_prone_type_annotations-2.3.1.jar
[ERROR] urls[6] = file:/scratch/tmp-rta/Bears_square-javapoet_418963407-436938143_java-7/.m2/com/google/errorprone/error_prone_check_api/2.3.1/error_prone_check_api-2.3.1.jar
[ERROR] urls[7] = file:/scratch/tmp-rta/Bears_square-javapoet_418963407-436938143_java-7/.m2/com/googlecode/java-diff-utils/diffutils/1.3.0/diffutils-1.3.0.jar
[ERROR] urls[8] = file:/scratch/tmp-rta/Bears_square-javapoet_418963407-436938143_java-7/.m2/com/github/kevinstern/software-and-algorithms/1.0/software-and-algorithms-1.0.jar
[ERROR] urls[9] = file:/scratch/tmp-rta/Bears_square-javapoet_418963407-436938143_java-7/.m2/com/github/stephenc/jcip/jcip-annotations/1.0-1/jcip-annotations-1.0-1.jar
[ERROR] urls[10] = file:/scratch/tmp-rta/Bears_square-javapoet_418963407-436938143_java-7/.m2/org/pcollections/pcollections/2.1.2/pcollections-2.1.2.jar
[ERROR] urls[11] = file:/scratch/tmp-rta/Bears_square-javapoet_418963407-436938143_java-7/.m2/com/google/guava/guava/23.5-jre/guava-23.5-jre.jar
[ERROR] urls[12] = file:/scratch/tmp-rta/Bears_square-javapoet_418963407-436938143_java-7/.m2/org/checkerframework/checker-qual/2.0.0/checker-qual-2.0.0.jar
[ERROR] urls[13] = file:/scratch/tmp-rta/Bears_square-javapoet_418963407-436938143_java-7/.m2/com/google/j2objc/j2objc-annotations/1.1/j2objc-annotations-1.1.jar
[ERROR] urls[14] = file:/scratch/tmp-rta/Bears_square-javapoet_418963407-436938143_java-7/.m2/org/codehaus/mojo/animal-sniffer-annotations/1.14/animal-sniffer-annotations-1.14.jar
[ERROR] urls[15] = file:/scratch/tmp-rta/Bears_square-javapoet_418963407-436938143_java-7/.m2/com/google/auto/auto-common/0.10/auto-common-0.10.jar
[ERROR] urls[16] = file:/scratch/tmp-rta/Bears_square-javapoet_418963407-436938143_java-7/.m2/com/google/code/findbugs/jFormatString/3.0.0/jFormatString-3.0.0.jar
[ERROR] urls[17] = file:/scratch/tmp-rta/Bears_square-javapoet_418963407-436938143_java-7/.m2/com/google/code/findbugs/jsr305/3.0.0/jsr305-3.0.0.jar
[ERROR] urls[18] = file:/scratch/tmp-rta/Bears_square-javapoet_418963407-436938143_java-7/.m2/org/checkerframework/dataflow/2.5.0/dataflow-2.5.0.jar
[ERROR] urls[19] = file:/scratch/tmp-rta/Bears_square-javapoet_418963407-436938143_java-7/.m2/org/checkerframework/javacutil/2.5.0/javacutil-2.5.0.jar
[ERROR] urls[20] = file:/scratch/tmp-rta/Bears_square-javapoet_418963407-436938143_java-7/.m2/com/google/errorprone/javac/9+181-r4173-1/javac-9+181-r4173-1.jar
[ERROR] urls[21] = file:/scratch/tmp-rta/Bears_square-javapoet_418963407-436938143_java-7/.m2/com/google/errorprone/error_prone_annotations/2.3.1/error_prone_annotations-2.3.1.jar
[ERROR] urls[22] = file:/scratch/tmp-rta/Bears_square-javapoet_418963407-436938143_java-7/.m2/org/sonatype/sisu/sisu-inject-bean/1.4.2/sisu-inject-bean-1.4.2.jar
[ERROR] urls[23] = file:/scratch/tmp-rta/Bears_square-javapoet_418963407-436938143_java-7/.m2/org/sonatype/sisu/sisu-guice/2.1.7/sisu-guice-2.1.7-noaop.jar
[ERROR] urls[24] = file:/scratch/tmp-rta/Bears_square-javapoet_418963407-436938143_java-7/.m2/org/apache/maven/maven-aether-provider/3.0/maven-aether-provider-3.0.jar
[ERROR] urls[25] = file:/scratch/tmp-rta/Bears_square-javapoet_418963407-436938143_java-7/.m2/org/sonatype/aether/aether-util/1.7/aether-util-1.7.jar
[ERROR] urls[26] = file:/scratch/tmp-rta/Bears_square-javapoet_418963407-436938143_java-7/.m2/org/codehaus/plexus/plexus-interpolation/1.14/plexus-interpolation-1.14.jar
[ERROR] urls[27] = file:/scratch/tmp-rta/Bears_square-javapoet_418963407-436938143_java-7/.m2/org/codehaus/plexus/plexus-component-annotations/1.7.1/plexus-component-annotations-1.7.1.jar
[ERROR] urls[28] = file:/scratch/tmp-rta/Bears_square-javapoet_418963407-436938143_java-7/.m2/org/sonatype/plexus/plexus-sec-dispatcher/1.3/plexus-sec-dispatcher-1.3.jar
[ERROR] urls[29] = file:/scratch/tmp-rta/Bears_square-javapoet_418963407-436938143_java-7/.m2/org/sonatype/plexus/plexus-cipher/1.4/plexus-cipher-1.4.jar
[ERROR] urls[30] = file:/scratch/tmp-rta/Bears_square-javapoet_418963407-436938143_java-7/.m2/org/apache/maven/shared/maven-shared-utils/3.2.1/maven-shared-utils-3.2.1.jar
[ERROR] urls[31] = file:/scratch/tmp-rta/Bears_square-javapoet_418963407-436938143_java-7/.m2/commons-io/commons-io/2.5/commons-io-2.5.jar
[ERROR] urls[32] = file:/scratch/tmp-rta/Bears_square-javapoet_418963407-436938143_java-7/.m2/org/apache/maven/shared/maven-shared-incremental/1.1/maven-shared-incremental-1.1.jar
[ERROR] urls[33] = file:/scratch/tmp-rta/Bears_square-javapoet_418963407-436938143_java-7/.m2/org/codehaus/plexus/plexus-java/0.9.10/plexus-java-0.9.10.jar
[ERROR] urls[34] = file:/scratch/tmp-rta/Bears_square-javapoet_418963407-436938143_java-7/.m2/org/ow2/asm/asm/6.2/asm-6.2.jar
[ERROR] urls[35] = file:/scratch/tmp-rta/Bears_square-javapoet_418963407-436938143_java-7/.m2/com/thoughtworks/qdox/qdox/2.0-M9/qdox-2.0-M9.jar
[ERROR] urls[36] = file:/scratch/tmp-rta/Bears_square-javapoet_418963407-436938143_java-7/.m2/org/codehaus/plexus/plexus-compiler-api/2.8.4/plexus-compiler-api-2.8.4.jar
[ERROR] urls[37] = file:/scratch/tmp-rta/Bears_square-javapoet_418963407-436938143_java-7/.m2/org/codehaus/plexus/plexus-compiler-manager/2.8.4/plexus-compiler-manager-2.8.4.jar
[ERROR] urls[38] = file:/scratch/tmp-rta/Bears_square-javapoet_418963407-436938143_java-7/.m2/org/codehaus/plexus/plexus-compiler-javac/2.8.4/plexus-compiler-javac-2.8.4.jar
[ERROR] Number of foreign imports: 1
[ERROR] import: Entry[import  from realm ClassRealm[maven.api, parent: null]]
[ERROR] 
[ERROR] -----------------------------------------------------
[ERROR] -> [Help 1]
[ERROR] 
[ERROR] To see the full stack trace of the errors, re-run Maven with the -e switch.
[ERROR] Re-run Maven using the -X switch to enable full debug logging.
[ERROR] 
[ERROR] For more information about the errors and possible solutions, please read the following articles:
[ERROR] [Help 1] http://cwiki.apache.org/confluence/display/MAVEN/PluginContainerException
[INFO] Build failures were ignored.
Picked up JAVA_TOOL_OPTIONS: -XX:CICompilerCount=2 -XX:ParallelGCThreads=2 -XX:ConcGCThreads=2 -Djdk.net.URLClassPath.disableClassPathURLCheck=true 
Picked up _JAVA_OPTIONS: -Djdk.net.URLClassPath.disableClassPathURLCheck=true
Apache Maven 3.5.0 (Red Hat 3.5.0-4.3)
Maven home: /opt/rh/rh-maven35/root/usr/share/maven
Java version: 1.7.0_80, vendor: Oracle Corporation
Java home: /scratch/jmcampos/RTA/repair_them_all_framework/jdks/jdk1.7.0_80/jre
Default locale: en_US, platform encoding: UTF-8
OS name: "linux", version: "4.14.125-1.el7.retpoline.x86_64", arch: "amd64", family: "unix"
[INFO] Scanning for projects...
[INFO] 
[INFO] ------------------------------------------------------------------------
[INFO] Building JavaPoet 1.12.0-SNAPSHOT
[INFO] ------------------------------------------------------------------------
[INFO] 
[INFO] --- maven-enforcer-plugin:1.0:enforce (enforce-maven) @ javapoet ---
[INFO] Skipping Rule Enforcement.
[INFO] 
[INFO] --- maven-resources-plugin:2.6:resources (default-resources) @ javapoet ---
[INFO] Using 'UTF-8' encoding to copy filtered resources.
[INFO] skip non existing resourceDirectory /scratch/tmp-rta/Bears_square-javapoet_418963407-436938143_java-7/src/main/resources
[INFO] 
[INFO] --- maven-compiler-plugin:3.8.0:compile (default-compile) @ javapoet ---
[INFO] Changes detected - recompiling the module!
[INFO] Compiling 17 source files to /scratch/tmp-rta/Bears_square-javapoet_418963407-436938143_java-7/target/classes
[INFO] ------------------------------------------------------------------------
[INFO] BUILD FAILURE
[INFO] ------------------------------------------------------------------------
[INFO] Total time: 2.079 s
[INFO] Finished at: 2020-03-12T13:24:47-07:00
[INFO] Final Memory: 24M/982M
[INFO] ------------------------------------------------------------------------
[ERROR] Failed to execute goal org.apache.maven.plugins:maven-compiler-plugin:3.8.0:compile (default-compile) on project javapoet: Execution default-compile of goal org.apache.maven.plugins:maven-compiler-plugin:3.8.0:compile failed: An API incompatibility was encountered while executing org.apache.maven.plugins:maven-compiler-plugin:3.8.0:compile: java.lang.UnsupportedClassVersionError: javax/tools/DiagnosticListener : Unsupported major.minor version 52.0
[ERROR] -----------------------------------------------------
[ERROR] realm =    plugin>org.apache.maven.plugins:maven-compiler-plugin:3.8.0
[ERROR] strategy = org.codehaus.plexus.classworlds.strategy.SelfFirstStrategy
[ERROR] urls[0] = file:/scratch/tmp-rta/Bears_square-javapoet_418963407-436938143_java-7/.m2/org/apache/maven/plugins/maven-compiler-plugin/3.8.0/maven-compiler-plugin-3.8.0.jar
[ERROR] urls[1] = file:/scratch/tmp-rta/Bears_square-javapoet_418963407-436938143_java-7/.m2/org/codehaus/plexus/plexus-compiler-javac-errorprone/2.8.2/plexus-compiler-javac-errorprone-2.8.2.jar
[ERROR] urls[2] = file:/scratch/tmp-rta/Bears_square-javapoet_418963407-436938143_java-7/.m2/org/codehaus/plexus/plexus-utils/3.0.22/plexus-utils-3.0.22.jar
[ERROR] urls[3] = file:/scratch/tmp-rta/Bears_square-javapoet_418963407-436938143_java-7/.m2/com/google/errorprone/error_prone_core/2.3.1/error_prone_core-2.3.1.jar
[ERROR] urls[4] = file:/scratch/tmp-rta/Bears_square-javapoet_418963407-436938143_java-7/.m2/com/google/errorprone/error_prone_annotation/2.3.1/error_prone_annotation-2.3.1.jar
[ERROR] urls[5] = file:/scratch/tmp-rta/Bears_square-javapoet_418963407-436938143_java-7/.m2/com/google/errorprone/error_prone_type_annotations/2.3.1/error_prone_type_annotations-2.3.1.jar
[ERROR] urls[6] = file:/scratch/tmp-rta/Bears_square-javapoet_418963407-436938143_java-7/.m2/com/google/errorprone/error_prone_check_api/2.3.1/error_prone_check_api-2.3.1.jar
[ERROR] urls[7] = file:/scratch/tmp-rta/Bears_square-javapoet_418963407-436938143_java-7/.m2/com/googlecode/java-diff-utils/diffutils/1.3.0/diffutils-1.3.0.jar
[ERROR] urls[8] = file:/scratch/tmp-rta/Bears_square-javapoet_418963407-436938143_java-7/.m2/com/github/kevinstern/software-and-algorithms/1.0/software-and-algorithms-1.0.jar
[ERROR] urls[9] = file:/scratch/tmp-rta/Bears_square-javapoet_418963407-436938143_java-7/.m2/com/github/stephenc/jcip/jcip-annotations/1.0-1/jcip-annotations-1.0-1.jar
[ERROR] urls[10] = file:/scratch/tmp-rta/Bears_square-javapoet_418963407-436938143_java-7/.m2/org/pcollections/pcollections/2.1.2/pcollections-2.1.2.jar
[ERROR] urls[11] = file:/scratch/tmp-rta/Bears_square-javapoet_418963407-436938143_java-7/.m2/com/google/guava/guava/23.5-jre/guava-23.5-jre.jar
[ERROR] urls[12] = file:/scratch/tmp-rta/Bears_square-javapoet_418963407-436938143_java-7/.m2/org/checkerframework/checker-qual/2.0.0/checker-qual-2.0.0.jar
[ERROR] urls[13] = file:/scratch/tmp-rta/Bears_square-javapoet_418963407-436938143_java-7/.m2/com/google/j2objc/j2objc-annotations/1.1/j2objc-annotations-1.1.jar
[ERROR] urls[14] = file:/scratch/tmp-rta/Bears_square-javapoet_418963407-436938143_java-7/.m2/org/codehaus/mojo/animal-sniffer-annotations/1.14/animal-sniffer-annotations-1.14.jar
[ERROR] urls[15] = file:/scratch/tmp-rta/Bears_square-javapoet_418963407-436938143_java-7/.m2/com/google/auto/auto-common/0.10/auto-common-0.10.jar
[ERROR] urls[16] = file:/scratch/tmp-rta/Bears_square-javapoet_418963407-436938143_java-7/.m2/com/google/code/findbugs/jFormatString/3.0.0/jFormatString-3.0.0.jar
[ERROR] urls[17] = file:/scratch/tmp-rta/Bears_square-javapoet_418963407-436938143_java-7/.m2/com/google/code/findbugs/jsr305/3.0.0/jsr305-3.0.0.jar
[ERROR] urls[18] = file:/scratch/tmp-rta/Bears_square-javapoet_418963407-436938143_java-7/.m2/org/checkerframework/dataflow/2.5.0/dataflow-2.5.0.jar
[ERROR] urls[19] = file:/scratch/tmp-rta/Bears_square-javapoet_418963407-436938143_java-7/.m2/org/checkerframework/javacutil/2.5.0/javacutil-2.5.0.jar
[ERROR] urls[20] = file:/scratch/tmp-rta/Bears_square-javapoet_418963407-436938143_java-7/.m2/com/google/errorprone/javac/9+181-r4173-1/javac-9+181-r4173-1.jar
[ERROR] urls[21] = file:/scratch/tmp-rta/Bears_square-javapoet_418963407-436938143_java-7/.m2/com/google/errorprone/error_prone_annotations/2.3.1/error_prone_annotations-2.3.1.jar
[ERROR] urls[22] = file:/scratch/tmp-rta/Bears_square-javapoet_418963407-436938143_java-7/.m2/org/sonatype/sisu/sisu-inject-bean/1.4.2/sisu-inject-bean-1.4.2.jar
[ERROR] urls[23] = file:/scratch/tmp-rta/Bears_square-javapoet_418963407-436938143_java-7/.m2/org/sonatype/sisu/sisu-guice/2.1.7/sisu-guice-2.1.7-noaop.jar
[ERROR] urls[24] = file:/scratch/tmp-rta/Bears_square-javapoet_418963407-436938143_java-7/.m2/org/apache/maven/maven-aether-provider/3.0/maven-aether-provider-3.0.jar
[ERROR] urls[25] = file:/scratch/tmp-rta/Bears_square-javapoet_418963407-436938143_java-7/.m2/org/sonatype/aether/aether-util/1.7/aether-util-1.7.jar
[ERROR] urls[26] = file:/scratch/tmp-rta/Bears_square-javapoet_418963407-436938143_java-7/.m2/org/codehaus/plexus/plexus-interpolation/1.14/plexus-interpolation-1.14.jar
[ERROR] urls[27] = file:/scratch/tmp-rta/Bears_square-javapoet_418963407-436938143_java-7/.m2/org/codehaus/plexus/plexus-component-annotations/1.7.1/plexus-component-annotations-1.7.1.jar
[ERROR] urls[28] = file:/scratch/tmp-rta/Bears_square-javapoet_418963407-436938143_java-7/.m2/org/sonatype/plexus/plexus-sec-dispatcher/1.3/plexus-sec-dispatcher-1.3.jar
[ERROR] urls[29] = file:/scratch/tmp-rta/Bears_square-javapoet_418963407-436938143_java-7/.m2/org/sonatype/plexus/plexus-cipher/1.4/plexus-cipher-1.4.jar
[ERROR] urls[30] = file:/scratch/tmp-rta/Bears_square-javapoet_418963407-436938143_java-7/.m2/org/apache/maven/shared/maven-shared-utils/3.2.1/maven-shared-utils-3.2.1.jar
[ERROR] urls[31] = file:/scratch/tmp-rta/Bears_square-javapoet_418963407-436938143_java-7/.m2/commons-io/commons-io/2.5/commons-io-2.5.jar
[ERROR] urls[32] = file:/scratch/tmp-rta/Bears_square-javapoet_418963407-436938143_java-7/.m2/org/apache/maven/shared/maven-shared-incremental/1.1/maven-shared-incremental-1.1.jar
[ERROR] urls[33] = file:/scratch/tmp-rta/Bears_square-javapoet_418963407-436938143_java-7/.m2/org/codehaus/plexus/plexus-java/0.9.10/plexus-java-0.9.10.jar
[ERROR] urls[34] = file:/scratch/tmp-rta/Bears_square-javapoet_418963407-436938143_java-7/.m2/org/ow2/asm/asm/6.2/asm-6.2.jar
[ERROR] urls[35] = file:/scratch/tmp-rta/Bears_square-javapoet_418963407-436938143_java-7/.m2/com/thoughtworks/qdox/qdox/2.0-M9/qdox-2.0-M9.jar
[ERROR] urls[36] = file:/scratch/tmp-rta/Bears_square-javapoet_418963407-436938143_java-7/.m2/org/codehaus/plexus/plexus-compiler-api/2.8.4/plexus-compiler-api-2.8.4.jar
[ERROR] urls[37] = file:/scratch/tmp-rta/Bears_square-javapoet_418963407-436938143_java-7/.m2/org/codehaus/plexus/plexus-compiler-manager/2.8.4/plexus-compiler-manager-2.8.4.jar
[ERROR] urls[38] = file:/scratch/tmp-rta/Bears_square-javapoet_418963407-436938143_java-7/.m2/org/codehaus/plexus/plexus-compiler-javac/2.8.4/plexus-compiler-javac-2.8.4.jar
[ERROR] Number of foreign imports: 1
[ERROR] import: Entry[import  from realm ClassRealm[maven.api, parent: null]]
[ERROR] 
[ERROR] -----------------------------------------------------
[ERROR] -> [Help 1]
[ERROR] 
[ERROR] To see the full stack trace of the errors, re-run Maven with the -e switch.
[ERROR] Re-run Maven using the -X switch to enable full debug logging.
[ERROR] 
[ERROR] For more information about the errors and possible solutions, please read the following articles:
[ERROR] [Help 1] http://cwiki.apache.org/confluence/display/MAVEN/PluginContainerException
