Picked up JAVA_TOOL_OPTIONS: -XX:CICompilerCount=2 -XX:ParallelGCThreads=2 -XX:ConcGCThreads=2 -Djdk.net.URLClassPath.disableClassPathURLCheck=true 
Java HotSpot(TM) 64-Bit Server VM warning: ignoring option MaxPermSize=512m; support was removed in 8.0
Picked up _JAVA_OPTIONS: -Djdk.net.URLClassPath.disableClassPathURLCheck=true
Apache Maven 3.5.0 (Red Hat 3.5.0-4.3)
Maven home: /opt/rh/rh-maven35/root/usr/share/maven
Java version: 1.8.0_181, vendor: Oracle Corporation
Java home: /scratch/jmcampos/RTA/repair_them_all_framework/jdks/jdk1.8.0_181/jre
Default locale: en_US, platform encoding: UTF-8
OS name: "linux", version: "4.14.125-1.el7.retpoline.x86_64", arch: "amd64", family: "unix"
[INFO] Scanning for projects...
[INFO] 
[INFO] ------------------------------------------------------------------------
[INFO] Building Maven Core 3.2.4-SNAPSHOT
[INFO] ------------------------------------------------------------------------
[INFO] Downloading: http://repository.apache.org/snapshots/org/apache/maven/maven-model/3.2.4-SNAPSHOT/maven-metadata.xml
[INFO] Downloading: http://repository.apache.org/snapshots/org/apache/maven/maven/3.2.4-SNAPSHOT/maven-metadata.xml
[INFO] Downloading: http://repository.apache.org/snapshots/org/apache/maven/maven-settings/3.2.4-SNAPSHOT/maven-metadata.xml
[INFO] Downloading: http://repository.apache.org/snapshots/org/apache/maven/maven-settings-builder/3.2.4-SNAPSHOT/maven-metadata.xml
[INFO] Downloading: http://repository.apache.org/snapshots/org/apache/maven/maven-repository-metadata/3.2.4-SNAPSHOT/maven-metadata.xml
[INFO] Downloading: http://repository.apache.org/snapshots/org/apache/maven/maven-artifact/3.2.4-SNAPSHOT/maven-metadata.xml
[INFO] Downloading: http://repository.apache.org/snapshots/org/apache/maven/maven-plugin-api/3.2.4-SNAPSHOT/maven-metadata.xml
[INFO] Downloading: http://repository.apache.org/snapshots/org/apache/maven/maven-model-builder/3.2.4-SNAPSHOT/maven-metadata.xml
[INFO] Downloading: http://repository.apache.org/snapshots/org/apache/maven/maven-aether-provider/3.2.4-SNAPSHOT/maven-metadata.xml
[INFO] 
[INFO] --- maven-enforcer-plugin:1.3.1:enforce (enforce-bytecode-version) @ maven-core ---
[INFO] Skipping Rule Enforcement.
[INFO] 
[INFO] --- maven-enforcer-plugin:1.3.1:enforce (ban-known-bad-maven-versions) @ maven-core ---
[INFO] Skipping Rule Enforcement.
[INFO] 
[INFO] --- apache-rat-plugin:0.11:check (rat-check) @ maven-core ---
[INFO] RAT will not execute since it is configured to be skipped via system property 'rat.skip'.
[INFO] 
[INFO] --- buildnumber-maven-plugin:1.2:create-timestamp (create-noncanonicalrev) @ maven-core ---
[INFO] 
[INFO] --- buildnumber-maven-plugin:1.2:create (create-buildnumber) @ maven-core ---
[INFO] Checking for local modifications: skipped.
[INFO] Updating project files from SCM: skipped.
[INFO] Executing: /bin/sh -c cd /scratch/tmp-rta/Bugs.jar_Maven_ce6f0bfd_java-8/maven-core && git rev-parse --verify HEAD
[INFO] Working directory: /scratch/tmp-rta/Bugs.jar_Maven_ce6f0bfd_java-8/maven-core
[INFO] Storing buildNumber: c3b8e453d4f7c2c7eb88b11553c8a6cd430614eb at timestamp: 1584142760101
[INFO] Executing: /bin/sh -c cd /scratch/tmp-rta/Bugs.jar_Maven_ce6f0bfd_java-8/maven-core && git rev-parse --verify HEAD
[INFO] Working directory: /scratch/tmp-rta/Bugs.jar_Maven_ce6f0bfd_java-8/maven-core
[INFO] Storing buildScmBranch: UNKNOWN
[INFO] 
[INFO] --- modello-maven-plugin:1.8.1:java (standard) @ maven-core ---
[INFO] outputDirectory: /scratch/tmp-rta/Bugs.jar_Maven_ce6f0bfd_java-8/maven-core/target/generated-sources/modello
[INFO] Working on model: src/main/mdo/toolchains.mdo
[INFO] Generating current version: 1.1.0
[INFO] 
[INFO] --- modello-maven-plugin:1.8.1:xpp3-reader (standard) @ maven-core ---
[INFO] outputDirectory: /scratch/tmp-rta/Bugs.jar_Maven_ce6f0bfd_java-8/maven-core/target/generated-sources/modello
[INFO] Working on model: src/main/mdo/toolchains.mdo
[INFO] Generating current version: 1.1.0
[INFO] 
[INFO] --- modello-maven-plugin:1.8.1:xpp3-writer (standard) @ maven-core ---
[INFO] outputDirectory: /scratch/tmp-rta/Bugs.jar_Maven_ce6f0bfd_java-8/maven-core/target/generated-sources/modello
[INFO] Working on model: src/main/mdo/toolchains.mdo
[INFO] Generating current version: 1.1.0
[INFO] 
[INFO] --- maven-remote-resources-plugin:1.5:process (default) @ maven-core ---
[INFO] 
[INFO] --- maven-resources-plugin:2.6:resources (default-resources) @ maven-core ---
[INFO] Using 'UTF-8' encoding to copy filtered resources.
[INFO] Copying 17 resources
[INFO] Copying 3 resources
[INFO] 
[INFO] --- maven-compiler-plugin:3.1:compile (default-compile) @ maven-core ---
[INFO] Changes detected - recompiling the module!
[INFO] Compiling 314 source files to /scratch/tmp-rta/Bugs.jar_Maven_ce6f0bfd_java-8/maven-core/target/classes
[WARNING] /scratch/tmp-rta/Bugs.jar_Maven_ce6f0bfd_java-8/maven-core/src/main/java/org/apache/maven/execution/MavenSession.java: Some input files use or override a deprecated API.
[WARNING] /scratch/tmp-rta/Bugs.jar_Maven_ce6f0bfd_java-8/maven-core/src/main/java/org/apache/maven/execution/MavenSession.java: Recompile with -Xlint:deprecation for details.
[WARNING] /scratch/tmp-rta/Bugs.jar_Maven_ce6f0bfd_java-8/maven-core/src/main/java/org/apache/maven/execution/ReactorManager.java: Some input files use unchecked or unsafe operations.
[WARNING] /scratch/tmp-rta/Bugs.jar_Maven_ce6f0bfd_java-8/maven-core/src/main/java/org/apache/maven/execution/ReactorManager.java: Recompile with -Xlint:unchecked for details.
[INFO] 
[INFO] --- animal-sniffer-maven-plugin:1.10:check (check-java-1.6-compat) @ maven-core ---
[INFO] Checking unresolved references to org.codehaus.mojo.signature:java16:1.1
[INFO] 
[INFO] --- plexus-component-metadata:1.5.5:generate-metadata (default) @ maven-core ---
[INFO] Discovered 59 component descriptors(s)
[INFO] 
[INFO] --- sisu-maven-plugin:1.1:main-index (default) @ maven-core ---
[INFO] 
[INFO] --- maven-resources-plugin:2.6:testResources (default-testResources) @ maven-core ---
[INFO] Using 'UTF-8' encoding to copy filtered resources.
[INFO] Copying 220 resources
[INFO] Copying 3 resources
[INFO] 
[INFO] --- maven-compiler-plugin:3.1:testCompile (default-testCompile) @ maven-core ---
[INFO] Nothing to compile - all classes are up to date
[INFO] 
[INFO] --- plexus-component-metadata:1.5.5:generate-test-metadata (default) @ maven-core ---
[INFO] Discovered 4 component descriptors(s)
[INFO] 
[INFO] --- sisu-maven-plugin:1.1:test-index (default) @ maven-core ---
[INFO] 
[INFO] --- maven-surefire-plugin:2.17:test (default-test) @ maven-core ---
[INFO] Surefire report directory: /scratch/tmp-rta/Bugs.jar_Maven_ce6f0bfd_java-8/maven-core/target/surefire-reports
[INFO] Downloading: https://repo.maven.apache.org/maven2/org/apache/maven/surefire/surefire-junit4/2.17/surefire-junit4-2.17.pom
[INFO] Downloaded: https://repo.maven.apache.org/maven2/org/apache/maven/surefire/surefire-junit4/2.17/surefire-junit4-2.17.pom (2.5 kB at 8.5 kB/s)
[INFO] Downloading: https://repo.maven.apache.org/maven2/org/apache/maven/surefire/surefire-providers/2.17/surefire-providers-2.17.pom
[INFO] Downloaded: https://repo.maven.apache.org/maven2/org/apache/maven/surefire/surefire-providers/2.17/surefire-providers-2.17.pom (2.4 kB at 22 kB/s)
[INFO] Downloading: https://repo.maven.apache.org/maven2/org/apache/maven/surefire/surefire-junit4/2.17/surefire-junit4-2.17.jar
[INFO] Downloaded: https://repo.maven.apache.org/maven2/org/apache/maven/surefire/surefire-junit4/2.17/surefire-junit4-2.17.jar (64 kB at 1.5 MB/s)

-------------------------------------------------------
 T E S T S
-------------------------------------------------------
Picked up JAVA_TOOL_OPTIONS: -XX:CICompilerCount=2 -XX:ParallelGCThreads=2 -XX:ConcGCThreads=2 -Djdk.net.URLClassPath.disableClassPathURLCheck=true -XX:CICompilerCount=2 -XX:ParallelGCThreads=2 -XX:ConcGCThreads=2 -Djdk.net.URLClassPath.disableClassPathURLCheck=true 
Picked up _JAVA_OPTIONS: -Djdk.net.URLClassPath.disableClassPathURLCheck=true
Running org.apache.maven.execution.DefaultMavenExecutionTest
Tests run: 2, Failures: 0, Errors: 0, Skipped: 0, Time elapsed: 0.045 sec - in org.apache.maven.execution.DefaultMavenExecutionTest
Running org.apache.maven.execution.scope.internal.MojoExecutionScopeTest
Tests run: 2, Failures: 0, Errors: 0, Skipped: 0, Time elapsed: 0.022 sec - in org.apache.maven.execution.scope.internal.MojoExecutionScopeTest
Running org.apache.maven.lifecycle.MavenExecutionPlanTest
Tests run: 4, Failures: 0, Errors: 0, Skipped: 0, Time elapsed: 0.036 sec - in org.apache.maven.lifecycle.MavenExecutionPlanTest
Running org.apache.maven.lifecycle.internal.stub.ProjectDependencyGraphStubTest
Tests run: 1, Failures: 0, Errors: 0, Skipped: 0, Time elapsed: 0.003 sec - in org.apache.maven.lifecycle.internal.stub.ProjectDependencyGraphStubTest
Running org.apache.maven.lifecycle.internal.LifecycleTaskSegmentCalculatorImplTest
Tests run: 1, Failures: 0, Errors: 0, Skipped: 0, Time elapsed: 0.013 sec - in org.apache.maven.lifecycle.internal.LifecycleTaskSegmentCalculatorImplTest
Running org.apache.maven.lifecycle.internal.BuilderCommonTest
Tests run: 4, Failures: 0, Errors: 0, Skipped: 0, Time elapsed: 0.025 sec - in org.apache.maven.lifecycle.internal.BuilderCommonTest
Running org.apache.maven.lifecycle.internal.LifecycleExecutionPlanCalculatorTest
Tests run: 1, Failures: 0, Errors: 0, Skipped: 0, Time elapsed: 1.392 sec - in org.apache.maven.lifecycle.internal.LifecycleExecutionPlanCalculatorTest
Running org.apache.maven.lifecycle.internal.PhaseRecorderTest
Tests run: 1, Failures: 0, Errors: 0, Skipped: 0, Time elapsed: 0 sec - in org.apache.maven.lifecycle.internal.PhaseRecorderTest
Running org.apache.maven.lifecycle.internal.BuildListCalculatorTest
Tests run: 1, Failures: 0, Errors: 0, Skipped: 0, Time elapsed: 0.001 sec - in org.apache.maven.lifecycle.internal.BuildListCalculatorTest
Running org.apache.maven.lifecycle.internal.builder.multithreaded.ThreadOutputMuxerTest
Tests run: 2, Failures: 0, Errors: 0, Skipped: 0, Time elapsed: 0.733 sec - in org.apache.maven.lifecycle.internal.builder.multithreaded.ThreadOutputMuxerTest
Running org.apache.maven.lifecycle.internal.ConcurrencyDependencyGraphTest
Tests run: 2, Failures: 0, Errors: 0, Skipped: 0, Time elapsed: 0.001 sec - in org.apache.maven.lifecycle.internal.ConcurrencyDependencyGraphTest
Running org.apache.maven.lifecycle.internal.ProjectBuildListTest
Tests run: 1, Failures: 0, Errors: 0, Skipped: 0, Time elapsed: 0 sec - in org.apache.maven.lifecycle.internal.ProjectBuildListTest
Running org.apache.maven.lifecycle.DefaultLifecyclesTest
Tests run: 1, Failures: 0, Errors: 0, Skipped: 0, Time elapsed: 0.136 sec - in org.apache.maven.lifecycle.DefaultLifecyclesTest
Running org.apache.maven.lifecycle.LifecycleExecutorSubModulesTest
Tests run: 1, Failures: 0, Errors: 0, Skipped: 0, Time elapsed: 0 sec - in org.apache.maven.lifecycle.LifecycleExecutorSubModulesTest
Running org.apache.maven.lifecycle.LifecycleExecutorTest
Tests run: 13, Failures: 0, Errors: 0, Skipped: 0, Time elapsed: 2.171 sec - in org.apache.maven.lifecycle.LifecycleExecutorTest
Running org.apache.maven.project.PomConstructionTest
Tests run: 122, Failures: 0, Errors: 0, Skipped: 0, Time elapsed: 7.94 sec - in org.apache.maven.project.PomConstructionTest
Running org.apache.maven.project.ProjectSorterTest
Tests run: 12, Failures: 0, Errors: 0, Skipped: 0, Time elapsed: 0.005 sec - in org.apache.maven.project.ProjectSorterTest
Running org.apache.maven.project.MavenProjectTest
Tests run: 9, Failures: 0, Errors: 0, Skipped: 0, Time elapsed: 0.362 sec - in org.apache.maven.project.MavenProjectTest
Running org.apache.maven.project.ExtensionDescriptorBuilderTest
Tests run: 2, Failures: 0, Errors: 0, Skipped: 0, Time elapsed: 0 sec - in org.apache.maven.project.ExtensionDescriptorBuilderTest
Running org.apache.maven.project.canonical.CanonicalProjectBuilderTest
Tests run: 1, Failures: 0, Errors: 0, Skipped: 0, Time elapsed: 0.041 sec - in org.apache.maven.project.canonical.CanonicalProjectBuilderTest
Running org.apache.maven.project.DefaultMavenProjectBuilderTest
Tests run: 5, Failures: 0, Errors: 0, Skipped: 0, Time elapsed: 0.226 sec - in org.apache.maven.project.DefaultMavenProjectBuilderTest
Running org.apache.maven.project.artifact.DefaultMavenMetadataCacheTest
Tests run: 1, Failures: 0, Errors: 0, Skipped: 0, Time elapsed: 0.013 sec - in org.apache.maven.project.artifact.DefaultMavenMetadataCacheTest
Running org.apache.maven.project.artifact.MavenMetadataSourceTest
Tests run: 1, Failures: 0, Errors: 0, Skipped: 0, Time elapsed: 0.01 sec - in org.apache.maven.project.artifact.MavenMetadataSourceTest
Running org.apache.maven.project.ProjectBuilderTest
Tests run: 3, Failures: 0, Errors: 1, Skipped: 0, Time elapsed: 0.055 sec <<< FAILURE! - in org.apache.maven.project.ProjectBuilderTest
testVersionlessManagedDependency(org.apache.maven.project.ProjectBuilderTest)  Time elapsed: 0.001 sec  <<< ERROR!
org.apache.maven.artifact.InvalidArtifactRTException: For artifact {org.apache.maven.its:a:null:jar}: The version cannot be empty.
	at org.apache.maven.artifact.DefaultArtifact.validateIdentity(DefaultArtifact.java:148)
	at org.apache.maven.artifact.DefaultArtifact.<init>(DefaultArtifact.java:123)
	at org.apache.maven.bridge.MavenRepositorySystem.XcreateArtifact(MavenRepositorySystem.java:695)
	at org.apache.maven.bridge.MavenRepositorySystem.XcreateDependencyArtifact(MavenRepositorySystem.java:613)
	at org.apache.maven.bridge.MavenRepositorySystem.createDependencyArtifact(MavenRepositorySystem.java:121)
	at org.apache.maven.project.DefaultProjectBuilder.initProject(DefaultProjectBuilder.java:808)
	at org.apache.maven.project.DefaultProjectBuilder.build(DefaultProjectBuilder.java:174)
	at org.apache.maven.project.DefaultProjectBuilder.build(DefaultProjectBuilder.java:118)
	at org.apache.maven.project.ProjectBuilderTest.testVersionlessManagedDependency(ProjectBuilderTest.java:79)

Running org.apache.maven.settings.SettingsUtilsTest
Tests run: 2, Failures: 0, Errors: 0, Skipped: 0, Time elapsed: 0 sec - in org.apache.maven.settings.SettingsUtilsTest
Running org.apache.maven.settings.PomConstructionWithSettingsTest
Tests run: 3, Failures: 0, Errors: 0, Skipped: 0, Time elapsed: 0.068 sec - in org.apache.maven.settings.PomConstructionWithSettingsTest
Running org.apache.maven.plugin.PluginParameterExceptionTest
Tests run: 4, Failures: 0, Errors: 0, Skipped: 0, Time elapsed: 0.001 sec - in org.apache.maven.plugin.PluginParameterExceptionTest
Running org.apache.maven.plugin.internal.DefaultLegacySupportTest
Tests run: 1, Failures: 0, Errors: 0, Skipped: 0, Time elapsed: 0 sec - in org.apache.maven.plugin.internal.DefaultLegacySupportTest
Running org.apache.maven.plugin.PluginManagerTest
Tests run: 11, Failures: 0, Errors: 0, Skipped: 0, Time elapsed: 0.456 sec - in org.apache.maven.plugin.PluginManagerTest
Running org.apache.maven.plugin.PluginParameterExpressionEvaluatorTest
Tests run: 16, Failures: 0, Errors: 0, Skipped: 0, Time elapsed: 0.615 sec - in org.apache.maven.plugin.PluginParameterExpressionEvaluatorTest
Running org.apache.maven.toolchain.RequirementMatcherFactoryTest
Tests run: 2, Failures: 0, Errors: 0, Skipped: 0, Time elapsed: 0.001 sec - in org.apache.maven.toolchain.RequirementMatcherFactoryTest
Running org.apache.maven.toolchain.merge.MavenToolchainMergerTest
Tests run: 4, Failures: 0, Errors: 0, Skipped: 0, Time elapsed: 0.019 sec - in org.apache.maven.toolchain.merge.MavenToolchainMergerTest
Running org.apache.maven.toolchain.DefaultToolchainTest
Tests run: 1, Failures: 0, Errors: 0, Skipped: 0, Time elapsed: 0.002 sec - in org.apache.maven.toolchain.DefaultToolchainTest
Running org.apache.maven.configuration.DefaultBeanConfiguratorTest
Tests run: 3, Failures: 0, Errors: 0, Skipped: 0, Time elapsed: 0.053 sec - in org.apache.maven.configuration.DefaultBeanConfiguratorTest
Running org.apache.maven.ProjectDependenciesResolverTest
Tests run: 2, Failures: 0, Errors: 0, Skipped: 0, Time elapsed: 0.092 sec - in org.apache.maven.ProjectDependenciesResolverTest
Running org.apache.maven.exception.DefaultExceptionHandlerTest
Tests run: 1, Failures: 0, Errors: 0, Skipped: 0, Time elapsed: 0.001 sec - in org.apache.maven.exception.DefaultExceptionHandlerTest
Running org.apache.maven.DefaultMavenTest
Tests run: 1, Failures: 0, Errors: 0, Skipped: 0, Time elapsed: 0.42 sec - in org.apache.maven.DefaultMavenTest
Running org.apache.maven.DefaultProjectDependencyGraphTest
Tests run: 8, Failures: 0, Errors: 0, Skipped: 0, Time elapsed: 0.001 sec - in org.apache.maven.DefaultProjectDependencyGraphTest
Running org.apache.maven.MavenTest
Tests run: 1, Failures: 0, Errors: 0, Skipped: 0, Time elapsed: 0.039 sec - in org.apache.maven.MavenTest
Running org.apache.maven.rtinfo.internal.DefaultRuntimeInformationTest
Tests run: 2, Failures: 0, Errors: 0, Skipped: 0, Time elapsed: 0.005 sec - in org.apache.maven.rtinfo.internal.DefaultRuntimeInformationTest
Running org.apache.maven.artifact.handler.ArtifactHandlerTest
Tests run: 1, Failures: 0, Errors: 0, Skipped: 0, Time elapsed: 0.014 sec - in org.apache.maven.artifact.handler.ArtifactHandlerTest
Running org.apache.maven.MavenLifecycleParticipantTest
Tests run: 2, Failures: 0, Errors: 0, Skipped: 0, Time elapsed: 0.042 sec - in org.apache.maven.MavenLifecycleParticipantTest

Results :

Tests in error: 
  ProjectBuilderTest.testVersionlessManagedDependency:79 Â» InvalidArtifactRT For...

Tests run: 258, Failures: 0, Errors: 1, Skipped: 0

[INFO] ------------------------------------------------------------------------
[INFO] BUILD FAILURE
[INFO] ------------------------------------------------------------------------
[INFO] Total time: 01:04 min
[INFO] Finished at: 2020-03-13T16:40:20-07:00
[INFO] Final Memory: 40M/1214M
[INFO] ------------------------------------------------------------------------
[ERROR] Failed to execute goal org.apache.maven.plugins:maven-surefire-plugin:2.17:test (default-test) on project maven-core: There are test failures.
[ERROR] 
[ERROR] Please refer to /scratch/tmp-rta/Bugs.jar_Maven_ce6f0bfd_java-8/maven-core/target/surefire-reports for the individual test results.
[ERROR] -> [Help 1]
[ERROR] 
[ERROR] To see the full stack trace of the errors, re-run Maven with the -e switch.
[ERROR] Re-run Maven using the -X switch to enable full debug logging.
[ERROR] 
[ERROR] For more information about the errors and possible solutions, please read the following articles:
[ERROR] [Help 1] http://cwiki.apache.org/confluence/display/MAVEN/MojoFailureException
