Picked up JAVA_TOOL_OPTIONS: -XX:CICompilerCount=2 -XX:ParallelGCThreads=2 -XX:ConcGCThreads=2 -Djdk.net.URLClassPath.disableClassPathURLCheck=true 
Java HotSpot(TM) 64-Bit Server VM warning: ignoring option MaxPermSize=512m; support was removed in 8.0
Picked up _JAVA_OPTIONS: -Djdk.net.URLClassPath.disableClassPathURLCheck=true
Apache Maven 3.5.0 (Red Hat 3.5.0-4.3)
Maven home: /opt/rh/rh-maven35/root/usr/share/maven
Java version: 1.8.0_181, vendor: Oracle Corporation
Java home: /scratch/jmcampos/RTA/repair_them_all_framework/jdks/jdk1.8.0_181/jre
Default locale: en_US, platform encoding: UTF-8
OS name: "linux", version: "4.14.132-1.el7.retpoline.x86_64", arch: "amd64", family: "unix"
[INFO] Scanning for projects...
[INFO] Inspecting build with total of 1 modules...
[INFO] Installing Nexus Staging features:
[INFO]   ... total of 1 executions of maven-deploy-plugin replaced with nexus-staging-maven-plugin
[INFO] 
[INFO] ------------------------------------------------------------------------
[INFO] Building Shift AST 1.5.1-SNAPSHOT
[INFO] ------------------------------------------------------------------------
[INFO] 
[INFO] --- jacoco-maven-plugin:0.7.2.201409121644:prepare-agent (pre-unit-test) @ es2017 ---
[INFO] Skipping JaCoCo execution because property jacoco.skip is set.
[INFO] JACOCO_AGENT_OPT set to empty
[INFO] 
[INFO] --- build-helper-maven-plugin:1.7:add-source (add-source) @ es2017 ---
[INFO] Source directory: /scratch/tmp-rta/Bears_shapesecurity-shift-java_455763022-456154969_java-8/generated-sources/main/java added.
[INFO] 
[INFO] --- maven-resources-plugin:2.6:resources (default-resources) @ es2017 ---
[INFO] Using 'UTF-8' encoding to copy filtered resources.
[INFO] skip non existing resourceDirectory /scratch/tmp-rta/Bears_shapesecurity-shift-java_455763022-456154969_java-8/src/main/resources
[INFO] 
[INFO] --- maven-compiler-plugin:2.3.2:compile (default-compile) @ es2017 ---
[INFO] Compiling 24 source files to /scratch/tmp-rta/Bears_shapesecurity-shift-java_455763022-456154969_java-8/target/classes
[INFO] 
[INFO] --- maven-resources-plugin:2.6:testResources (default-testResources) @ es2017 ---
[INFO] Using 'UTF-8' encoding to copy filtered resources.
[INFO] Copying 24 resources
[INFO] 
[INFO] --- maven-compiler-plugin:2.3.2:testCompile (default-testCompile) @ es2017 ---
[INFO] Compiling 12 source files to /scratch/tmp-rta/Bears_shapesecurity-shift-java_455763022-456154969_java-8/target/test-classes
[INFO] 
[INFO] --- maven-surefire-plugin:2.17:test (default-test) @ es2017 ---
[INFO] Surefire report directory: /scratch/tmp-rta/Bears_shapesecurity-shift-java_455763022-456154969_java-8/target/surefire-reports
[INFO] Downloading: https://repo.maven.apache.org/maven2/org/apache/maven/surefire/surefire-junit4/2.17/surefire-junit4-2.17.pom
[INFO] Downloaded: https://repo.maven.apache.org/maven2/org/apache/maven/surefire/surefire-junit4/2.17/surefire-junit4-2.17.pom (2.5 kB at 2.6 kB/s)
[INFO] Downloading: https://repo.maven.apache.org/maven2/org/apache/maven/surefire/surefire-providers/2.17/surefire-providers-2.17.pom
[INFO] Downloaded: https://repo.maven.apache.org/maven2/org/apache/maven/surefire/surefire-providers/2.17/surefire-providers-2.17.pom (2.4 kB at 2.4 kB/s)
[INFO] Downloading: https://repo.maven.apache.org/maven2/org/apache/maven/surefire/surefire-junit4/2.17/surefire-junit4-2.17.jar
[INFO] Downloaded: https://repo.maven.apache.org/maven2/org/apache/maven/surefire/surefire-junit4/2.17/surefire-junit4-2.17.jar (64 kB at 107 kB/s)

-------------------------------------------------------
 T E S T S
-------------------------------------------------------
Picked up JAVA_TOOL_OPTIONS: -XX:CICompilerCount=2 -XX:ParallelGCThreads=2 -XX:ConcGCThreads=2 -Djdk.net.URLClassPath.disableClassPathURLCheck=true -XX:CICompilerCount=2 -XX:ParallelGCThreads=2 -XX:ConcGCThreads=2 -Djdk.net.URLClassPath.disableClassPathURLCheck=true 
Picked up _JAVA_OPTIONS: -Djdk.net.URLClassPath.disableClassPathURLCheck=true
Running com.shapesecurity.shift.es2017.parser.statements.DoWhileStatementTest
Tests run: 1, Failures: 0, Errors: 0, Skipped: 0, Time elapsed: 0.167 sec - in com.shapesecurity.shift.es2017.parser.statements.DoWhileStatementTest
Running com.shapesecurity.shift.es2017.parser.statements.WithStatementTest
Tests run: 1, Failures: 0, Errors: 0, Skipped: 0, Time elapsed: 0 sec - in com.shapesecurity.shift.es2017.parser.statements.WithStatementTest
Running com.shapesecurity.shift.es2017.parser.statements.ReturnStatementTest
Tests run: 1, Failures: 0, Errors: 0, Skipped: 0, Time elapsed: 0.003 sec - in com.shapesecurity.shift.es2017.parser.statements.ReturnStatementTest
Running com.shapesecurity.shift.es2017.parser.statements.TryFinallyStatementTest
Tests run: 1, Failures: 0, Errors: 0, Skipped: 0, Time elapsed: 0.002 sec - in com.shapesecurity.shift.es2017.parser.statements.TryFinallyStatementTest
Running com.shapesecurity.shift.es2017.parser.statements.SwitchStatementWithDefaultTest
Tests run: 1, Failures: 0, Errors: 0, Skipped: 0, Time elapsed: 0.003 sec - in com.shapesecurity.shift.es2017.parser.statements.SwitchStatementWithDefaultTest
Running com.shapesecurity.shift.es2017.parser.statements.DebuggerStatementTest
Tests run: 1, Failures: 0, Errors: 0, Skipped: 0, Time elapsed: 0 sec - in com.shapesecurity.shift.es2017.parser.statements.DebuggerStatementTest
Running com.shapesecurity.shift.es2017.parser.statements.IfStatementTest
Tests run: 1, Failures: 0, Errors: 0, Skipped: 0, Time elapsed: 0.007 sec - in com.shapesecurity.shift.es2017.parser.statements.IfStatementTest
Running com.shapesecurity.shift.es2017.parser.statements.VariableDeclarationStatementTest
Tests run: 1, Failures: 0, Errors: 0, Skipped: 0, Time elapsed: 0.015 sec - in com.shapesecurity.shift.es2017.parser.statements.VariableDeclarationStatementTest
Running com.shapesecurity.shift.es2017.parser.statements.SwitchStatementTest
Tests run: 1, Failures: 0, Errors: 0, Skipped: 0, Time elapsed: 0.001 sec - in com.shapesecurity.shift.es2017.parser.statements.SwitchStatementTest
Running com.shapesecurity.shift.es2017.parser.statements.ContinueStatementTest
Tests run: 1, Failures: 0, Errors: 0, Skipped: 0, Time elapsed: 0.007 sec - in com.shapesecurity.shift.es2017.parser.statements.ContinueStatementTest
Running com.shapesecurity.shift.es2017.parser.statements.ForOfStatementTest
Tests run: 1, Failures: 0, Errors: 0, Skipped: 0, Time elapsed: 0.01 sec - in com.shapesecurity.shift.es2017.parser.statements.ForOfStatementTest
Running com.shapesecurity.shift.es2017.parser.statements.BreakStatementTest
Tests run: 1, Failures: 0, Errors: 0, Skipped: 0, Time elapsed: 0.001 sec - in com.shapesecurity.shift.es2017.parser.statements.BreakStatementTest
Running com.shapesecurity.shift.es2017.parser.statements.TryCatchStatementTest
Tests run: 1, Failures: 0, Errors: 0, Skipped: 0, Time elapsed: 0.002 sec - in com.shapesecurity.shift.es2017.parser.statements.TryCatchStatementTest
Running com.shapesecurity.shift.es2017.parser.statements.BlockStatementTest
Tests run: 1, Failures: 0, Errors: 0, Skipped: 0, Time elapsed: 0 sec - in com.shapesecurity.shift.es2017.parser.statements.BlockStatementTest
Running com.shapesecurity.shift.es2017.parser.statements.EmptyStatementTest
Tests run: 1, Failures: 0, Errors: 0, Skipped: 0, Time elapsed: 0 sec - in com.shapesecurity.shift.es2017.parser.statements.EmptyStatementTest
Running com.shapesecurity.shift.es2017.parser.statements.LabeledStatementTest
Tests run: 1, Failures: 0, Errors: 0, Skipped: 0, Time elapsed: 0.001 sec - in com.shapesecurity.shift.es2017.parser.statements.LabeledStatementTest
Running com.shapesecurity.shift.es2017.parser.statements.ThrowStatementTest
Tests run: 1, Failures: 0, Errors: 0, Skipped: 0, Time elapsed: 0.001 sec - in com.shapesecurity.shift.es2017.parser.statements.ThrowStatementTest
Running com.shapesecurity.shift.es2017.parser.statements.ForStatementTest
Tests run: 1, Failures: 0, Errors: 0, Skipped: 0, Time elapsed: 0.005 sec - in com.shapesecurity.shift.es2017.parser.statements.ForStatementTest
Running com.shapesecurity.shift.es2017.parser.statements.ForInStatementTest
Tests run: 1, Failures: 0, Errors: 0, Skipped: 0, Time elapsed: 0.006 sec - in com.shapesecurity.shift.es2017.parser.statements.ForInStatementTest
Running com.shapesecurity.shift.es2017.parser.statements.ExpressionStatementTest
Tests run: 1, Failures: 0, Errors: 0, Skipped: 0, Time elapsed: 0 sec - in com.shapesecurity.shift.es2017.parser.statements.ExpressionStatementTest
Running com.shapesecurity.shift.es2017.parser.statements.WhileStatementTest
Tests run: 1, Failures: 0, Errors: 0, Skipped: 0, Time elapsed: 0.001 sec - in com.shapesecurity.shift.es2017.parser.statements.WhileStatementTest
Running com.shapesecurity.shift.es2017.parser.destructuring.assignment.ArrayAssignmentTargetTest
Tests run: 1, Failures: 0, Errors: 0, Skipped: 0, Time elapsed: 0.018 sec - in com.shapesecurity.shift.es2017.parser.destructuring.assignment.ArrayAssignmentTargetTest
Running com.shapesecurity.shift.es2017.parser.destructuring.assignment.ObjectAssignmentTargetTest
Tests run: 1, Failures: 0, Errors: 0, Skipped: 0, Time elapsed: 0.014 sec - in com.shapesecurity.shift.es2017.parser.destructuring.assignment.ObjectAssignmentTargetTest
Running com.shapesecurity.shift.es2017.parser.destructuring.binding_pattern.ObjectBindingTest
Tests run: 1, Failures: 0, Errors: 0, Skipped: 0, Time elapsed: 0.001 sec - in com.shapesecurity.shift.es2017.parser.destructuring.binding_pattern.ObjectBindingTest
Running com.shapesecurity.shift.es2017.parser.destructuring.binding_pattern.BindingIdentifierTest
Tests run: 1, Failures: 0, Errors: 0, Skipped: 0, Time elapsed: 0 sec - in com.shapesecurity.shift.es2017.parser.destructuring.binding_pattern.BindingIdentifierTest
Running com.shapesecurity.shift.es2017.parser.destructuring.binding_pattern.ArrayBindingTest
Tests run: 1, Failures: 0, Errors: 0, Skipped: 0, Time elapsed: 0 sec - in com.shapesecurity.shift.es2017.parser.destructuring.binding_pattern.ArrayBindingTest
Running com.shapesecurity.shift.es2017.parser.expressions.SuperExpressionTest
Tests run: 1, Failures: 0, Errors: 0, Skipped: 0, Time elapsed: 0 sec - in com.shapesecurity.shift.es2017.parser.expressions.SuperExpressionTest
Running com.shapesecurity.shift.es2017.parser.expressions.ArrayExpressionTest
Tests run: 1, Failures: 0, Errors: 0, Skipped: 0, Time elapsed: 0 sec - in com.shapesecurity.shift.es2017.parser.expressions.ArrayExpressionTest
Running com.shapesecurity.shift.es2017.parser.expressions.literals.LiteralNullExpressionTest
Tests run: 1, Failures: 0, Errors: 0, Skipped: 0, Time elapsed: 0 sec - in com.shapesecurity.shift.es2017.parser.expressions.literals.LiteralNullExpressionTest
Running com.shapesecurity.shift.es2017.parser.expressions.literals.LiteralStringExpressionTest
Tests run: 1, Failures: 0, Errors: 0, Skipped: 0, Time elapsed: 0 sec - in com.shapesecurity.shift.es2017.parser.expressions.literals.LiteralStringExpressionTest
Running com.shapesecurity.shift.es2017.parser.expressions.literals.LiteralRegExpExpressionTest
Tests run: 1, Failures: 0, Errors: 0, Skipped: 0, Time elapsed: 0 sec - in com.shapesecurity.shift.es2017.parser.expressions.literals.LiteralRegExpExpressionTest
Running com.shapesecurity.shift.es2017.parser.expressions.literals.LiteralInfinityExpressionTest
Tests run: 1, Failures: 0, Errors: 0, Skipped: 0, Time elapsed: 0 sec - in com.shapesecurity.shift.es2017.parser.expressions.literals.LiteralInfinityExpressionTest
Running com.shapesecurity.shift.es2017.parser.expressions.literals.LiteralNumericExpressionTest
Tests run: 1, Failures: 0, Errors: 0, Skipped: 0, Time elapsed: 0 sec - in com.shapesecurity.shift.es2017.parser.expressions.literals.LiteralNumericExpressionTest
Running com.shapesecurity.shift.es2017.parser.expressions.ConditionalExpressionTest
Tests run: 1, Failures: 0, Errors: 0, Skipped: 0, Time elapsed: 0 sec - in com.shapesecurity.shift.es2017.parser.expressions.ConditionalExpressionTest
Running com.shapesecurity.shift.es2017.parser.expressions.IdentifierExpressionTest
Tests run: 1, Failures: 0, Errors: 0, Skipped: 0, Time elapsed: 0 sec - in com.shapesecurity.shift.es2017.parser.expressions.IdentifierExpressionTest
Running com.shapesecurity.shift.es2017.parser.expressions.ArrowExpressionTest
Tests run: 1, Failures: 0, Errors: 0, Skipped: 0, Time elapsed: 0 sec - in com.shapesecurity.shift.es2017.parser.expressions.ArrowExpressionTest
Running com.shapesecurity.shift.es2017.parser.expressions.UpdateExpressionTest
Tests run: 1, Failures: 0, Errors: 0, Skipped: 0, Time elapsed: 0 sec - in com.shapesecurity.shift.es2017.parser.expressions.UpdateExpressionTest
Running com.shapesecurity.shift.es2017.parser.expressions.CallExpressionTest
Tests run: 1, Failures: 0, Errors: 0, Skipped: 0, Time elapsed: 0 sec - in com.shapesecurity.shift.es2017.parser.expressions.CallExpressionTest
Running com.shapesecurity.shift.es2017.parser.expressions.FunctionExpressionTest
Tests run: 1, Failures: 0, Errors: 0, Skipped: 0, Time elapsed: 0.001 sec - in com.shapesecurity.shift.es2017.parser.expressions.FunctionExpressionTest
Running com.shapesecurity.shift.es2017.parser.expressions.ObjectExpressionTest
Tests run: 1, Failures: 0, Errors: 0, Skipped: 0, Time elapsed: 0 sec - in com.shapesecurity.shift.es2017.parser.expressions.ObjectExpressionTest
Running com.shapesecurity.shift.es2017.parser.expressions.AssignmentExpressionTest
Tests run: 1, Failures: 0, Errors: 0, Skipped: 0, Time elapsed: 0.001 sec - in com.shapesecurity.shift.es2017.parser.expressions.AssignmentExpressionTest
Running com.shapesecurity.shift.es2017.parser.expressions.StaticMemberExpressionTest
Tests run: 1, Failures: 0, Errors: 0, Skipped: 0, Time elapsed: 0 sec - in com.shapesecurity.shift.es2017.parser.expressions.StaticMemberExpressionTest
Running com.shapesecurity.shift.es2017.parser.expressions.YieldGeneratorExpressionTest
Tests run: 1, Failures: 0, Errors: 0, Skipped: 0, Time elapsed: 0 sec - in com.shapesecurity.shift.es2017.parser.expressions.YieldGeneratorExpressionTest
Running com.shapesecurity.shift.es2017.parser.expressions.ComputedMemberExpressionTest
Tests run: 1, Failures: 0, Errors: 0, Skipped: 0, Time elapsed: 0 sec - in com.shapesecurity.shift.es2017.parser.expressions.ComputedMemberExpressionTest
Running com.shapesecurity.shift.es2017.parser.expressions.NewTargetExpressionTest
Tests run: 1, Failures: 0, Errors: 0, Skipped: 0, Time elapsed: 0 sec - in com.shapesecurity.shift.es2017.parser.expressions.NewTargetExpressionTest
Running com.shapesecurity.shift.es2017.parser.expressions.ClassExpressionTest
Tests run: 1, Failures: 0, Errors: 0, Skipped: 0, Time elapsed: 0 sec - in com.shapesecurity.shift.es2017.parser.expressions.ClassExpressionTest
Running com.shapesecurity.shift.es2017.parser.expressions.UnaryExpressionTest
Tests run: 1, Failures: 0, Errors: 0, Skipped: 0, Time elapsed: 0 sec - in com.shapesecurity.shift.es2017.parser.expressions.UnaryExpressionTest
Running com.shapesecurity.shift.es2017.parser.expressions.NewExpressionTest
Tests run: 1, Failures: 0, Errors: 0, Skipped: 0, Time elapsed: 0.001 sec - in com.shapesecurity.shift.es2017.parser.expressions.NewExpressionTest
Running com.shapesecurity.shift.es2017.parser.expressions.BinaryExpressionTest
Tests run: 1, Failures: 0, Errors: 0, Skipped: 0, Time elapsed: 0 sec - in com.shapesecurity.shift.es2017.parser.expressions.BinaryExpressionTest
Running com.shapesecurity.shift.es2017.parser.expressions.ThisExpressionTest
Tests run: 1, Failures: 0, Errors: 0, Skipped: 0, Time elapsed: 0 sec - in com.shapesecurity.shift.es2017.parser.expressions.ThisExpressionTest
Running com.shapesecurity.shift.es2017.parser.expressions.GroupedExpressionTest
Tests run: 1, Failures: 0, Errors: 0, Skipped: 0, Time elapsed: 0 sec - in com.shapesecurity.shift.es2017.parser.expressions.GroupedExpressionTest
Running com.shapesecurity.shift.es2017.parser.expressions.YieldExpressionTest
Tests run: 1, Failures: 0, Errors: 0, Skipped: 0, Time elapsed: 0 sec - in com.shapesecurity.shift.es2017.parser.expressions.YieldExpressionTest
Running com.shapesecurity.shift.es2017.parser.expressions.TemplateExpressionTest
Tests run: 1, Failures: 0, Errors: 0, Skipped: 0, Time elapsed: 0 sec - in com.shapesecurity.shift.es2017.parser.expressions.TemplateExpressionTest
Running com.shapesecurity.shift.es2017.parser.ParserTest
Tests run: 1, Failures: 0, Errors: 0, Skipped: 0, Time elapsed: 0 sec - in com.shapesecurity.shift.es2017.parser.ParserTest
Running com.shapesecurity.shift.es2017.parser.miscellaneous.IncompatibilitiesTest
Tests run: 3, Failures: 0, Errors: 0, Skipped: 0, Time elapsed: 0 sec - in com.shapesecurity.shift.es2017.parser.miscellaneous.IncompatibilitiesTest
Running com.shapesecurity.shift.es2017.parser.miscellaneous.LocationTest
Tests run: 12, Failures: 0, Errors: 0, Skipped: 0, Time elapsed: 0.001 sec - in com.shapesecurity.shift.es2017.parser.miscellaneous.LocationTest
Running com.shapesecurity.shift.es2017.parser.miscellaneous.CommentsTest
Tests run: 1, Failures: 0, Errors: 0, Skipped: 0, Time elapsed: 0 sec - in com.shapesecurity.shift.es2017.parser.miscellaneous.CommentsTest
Running com.shapesecurity.shift.es2017.parser.miscellaneous.WhitespaceTest
Tests run: 1, Failures: 0, Errors: 0, Skipped: 0, Time elapsed: 0 sec - in com.shapesecurity.shift.es2017.parser.miscellaneous.WhitespaceTest
Running com.shapesecurity.shift.es2017.parser.miscellaneous.InteractionsTest
Tests run: 1, Failures: 0, Errors: 0, Skipped: 0, Time elapsed: 0 sec - in com.shapesecurity.shift.es2017.parser.miscellaneous.InteractionsTest
Running com.shapesecurity.shift.es2017.parser.miscellaneous.GroupingTest
Tests run: 1, Failures: 0, Errors: 0, Skipped: 0, Time elapsed: 0 sec - in com.shapesecurity.shift.es2017.parser.miscellaneous.GroupingTest
Running com.shapesecurity.shift.es2017.parser.miscellaneous.AsyncAwaitTest
Tests run: 7, Failures: 0, Errors: 0, Skipped: 0, Time elapsed: 0 sec - in com.shapesecurity.shift.es2017.parser.miscellaneous.AsyncAwaitTest
Running com.shapesecurity.shift.es2017.parser.miscellaneous.SemicolonsTest
Tests run: 2, Failures: 0, Errors: 0, Skipped: 0, Time elapsed: 0 sec - in com.shapesecurity.shift.es2017.parser.miscellaneous.SemicolonsTest
Running com.shapesecurity.shift.es2017.parser.declarations.LexicalDeclarationTest
Tests run: 1, Failures: 0, Errors: 0, Skipped: 0, Time elapsed: 0 sec - in com.shapesecurity.shift.es2017.parser.declarations.LexicalDeclarationTest
Running com.shapesecurity.shift.es2017.parser.declarations.FunctionDeclarationTest
Tests run: 1, Failures: 0, Errors: 0, Skipped: 0, Time elapsed: 0 sec - in com.shapesecurity.shift.es2017.parser.declarations.FunctionDeclarationTest
Running com.shapesecurity.shift.es2017.parser.declarations.ClassDeclarationTest
Tests run: 1, Failures: 0, Errors: 0, Skipped: 0, Time elapsed: 0 sec - in com.shapesecurity.shift.es2017.parser.declarations.ClassDeclarationTest
Running com.shapesecurity.shift.es2017.parser.declarations.GeneratorDeclarationTest
Tests run: 1, Failures: 0, Errors: 0, Skipped: 0, Time elapsed: 0 sec - in com.shapesecurity.shift.es2017.parser.declarations.GeneratorDeclarationTest
Running com.shapesecurity.shift.es2017.parser.modules.ImportTest
Tests run: 1, Failures: 0, Errors: 0, Skipped: 0, Time elapsed: 0 sec - in com.shapesecurity.shift.es2017.parser.modules.ImportTest
Running com.shapesecurity.shift.es2017.parser.modules.ExportTest
Tests run: 1, Failures: 0, Errors: 0, Skipped: 0, Time elapsed: 0 sec - in com.shapesecurity.shift.es2017.parser.modules.ExportTest
Running com.shapesecurity.shift.es2017.parser.property_definitions.PropertyNameTest
Tests run: 1, Failures: 0, Errors: 0, Skipped: 0, Time elapsed: 0.001 sec - in com.shapesecurity.shift.es2017.parser.property_definitions.PropertyNameTest
Running com.shapesecurity.shift.es2017.parser.property_definitions.GeneratorMethodTest
Tests run: 1, Failures: 0, Errors: 0, Skipped: 0, Time elapsed: 0 sec - in com.shapesecurity.shift.es2017.parser.property_definitions.GeneratorMethodTest
Running com.shapesecurity.shift.es2017.parser.API.APITest
Tests run: 3, Failures: 0, Errors: 0, Skipped: 0, Time elapsed: 0 sec - in com.shapesecurity.shift.es2017.parser.API.APITest
Running com.shapesecurity.shift.es2017.parser.API.ModuleTest
Tests run: 1, Failures: 0, Errors: 0, Skipped: 0, Time elapsed: 0 sec - in com.shapesecurity.shift.es2017.parser.API.ModuleTest
Running com.shapesecurity.shift.es2017.parser.API.ScriptTest
Tests run: 1, Failures: 0, Errors: 0, Skipped: 0, Time elapsed: 0 sec - in com.shapesecurity.shift.es2017.parser.API.ScriptTest
Running com.shapesecurity.shift.es2017.parser.DirectiveTest
Tests run: 1, Failures: 0, Errors: 0, Skipped: 0, Time elapsed: 0 sec - in com.shapesecurity.shift.es2017.parser.DirectiveTest
Running com.shapesecurity.shift.es2017.parser.FailuresTest
Tests run: 1, Failures: 0, Errors: 0, Skipped: 0, Time elapsed: 0 sec - in com.shapesecurity.shift.es2017.parser.FailuresTest
Running com.shapesecurity.shift.es2017.parser.EarlyErrorsTest
Tests run: 4, Failures: 0, Errors: 0, Skipped: 0, Time elapsed: 0 sec - in com.shapesecurity.shift.es2017.parser.EarlyErrorsTest
Running com.shapesecurity.shift.es2017.path.BranchIteratorTest
Tests run: 1, Failures: 0, Errors: 0, Skipped: 0, Time elapsed: 0 sec - in com.shapesecurity.shift.es2017.path.BranchIteratorTest
Running com.shapesecurity.shift.es2017.path.ToStringTest
Tests run: 1, Failures: 0, Errors: 0, Skipped: 0, Time elapsed: 0 sec - in com.shapesecurity.shift.es2017.path.ToStringTest
Running com.shapesecurity.shift.es2017.path.EqualityTest
Tests run: 2, Failures: 0, Errors: 0, Skipped: 0, Time elapsed: 0 sec - in com.shapesecurity.shift.es2017.path.EqualityTest
Running com.shapesecurity.shift.es2017.path.BranchGetterTest
Tests run: 1, Failures: 0, Errors: 0, Skipped: 0, Time elapsed: 0 sec - in com.shapesecurity.shift.es2017.path.BranchGetterTest
Running com.shapesecurity.shift.es2017.reducer.ReducerTest
Tests run: 2, Failures: 0, Errors: 0, Skipped: 0, Time elapsed: 0 sec - in com.shapesecurity.shift.es2017.reducer.ReducerTest
Running com.shapesecurity.shift.es2017.reducer.CloneReducerTest
Tests run: 64, Failures: 0, Errors: 0, Skipped: 0, Time elapsed: 0.06 sec - in com.shapesecurity.shift.es2017.reducer.CloneReducerTest
Running com.shapesecurity.shift.es2017.test262.parser.FailTest
Tests run: 1, Failures: 0, Errors: 1, Skipped: 0, Time elapsed: 0.013 sec <<< FAILURE! - in com.shapesecurity.shift.es2017.test262.parser.FailTest
initializationError(com.shapesecurity.shift.es2017.test262.parser.FailTest)  Time elapsed: 0.008 sec  <<< ERROR!
java.lang.NullPointerException: null
	at java.util.Arrays.stream(Arrays.java:5004)
	at com.shapesecurity.shift.es2017.test262.parser.FailTest.data(FailTest.java:46)

Running com.shapesecurity.shift.es2017.test262.parser.EarlyTest
Tests run: 1, Failures: 0, Errors: 1, Skipped: 0, Time elapsed: 0 sec <<< FAILURE! - in com.shapesecurity.shift.es2017.test262.parser.EarlyTest
initializationError(com.shapesecurity.shift.es2017.test262.parser.EarlyTest)  Time elapsed: 0 sec  <<< ERROR!
java.lang.NullPointerException: null
	at java.util.Arrays.stream(Arrays.java:5004)
	at com.shapesecurity.shift.es2017.test262.parser.EarlyTest.data(EarlyTest.java:117)

Running com.shapesecurity.shift.es2017.test262.parser.PassTest
Tests run: 1, Failures: 0, Errors: 1, Skipped: 0, Time elapsed: 0 sec <<< FAILURE! - in com.shapesecurity.shift.es2017.test262.parser.PassTest
initializationError(com.shapesecurity.shift.es2017.test262.parser.PassTest)  Time elapsed: 0 sec  <<< ERROR!
java.lang.NullPointerException: null
	at java.util.Arrays.stream(Arrays.java:5004)
	at com.shapesecurity.shift.es2017.test262.parser.PassTest.data(PassTest.java:178)

Running com.shapesecurity.shift.es2017.test262.Test262
Tests run: 1, Failures: 0, Errors: 1, Skipped: 0, Time elapsed: 0.045 sec <<< FAILURE! - in com.shapesecurity.shift.es2017.test262.Test262
testTest262(com.shapesecurity.shift.es2017.test262.Test262)  Time elapsed: 0.004 sec  <<< ERROR!
java.nio.file.NoSuchFileException: src/test/resources/test262/test
	at sun.nio.fs.UnixException.translateToIOException(UnixException.java:86)
	at sun.nio.fs.UnixException.rethrowAsIOException(UnixException.java:102)
	at sun.nio.fs.UnixException.rethrowAsIOException(UnixException.java:107)
	at sun.nio.fs.UnixFileAttributeViews$Basic.readAttributes(UnixFileAttributeViews.java:55)
	at sun.nio.fs.UnixFileSystemProvider.readAttributes(UnixFileSystemProvider.java:144)
	at sun.nio.fs.LinuxFileSystemProvider.readAttributes(LinuxFileSystemProvider.java:99)
	at java.nio.file.Files.readAttributes(Files.java:1737)
	at java.nio.file.FileTreeWalker.getAttributes(FileTreeWalker.java:219)
	at java.nio.file.FileTreeWalker.visit(FileTreeWalker.java:276)
	at java.nio.file.FileTreeWalker.walk(FileTreeWalker.java:322)
	at java.nio.file.FileTreeIterator.<init>(FileTreeIterator.java:72)
	at java.nio.file.Files.walk(Files.java:3574)
	at java.nio.file.Files.walk(Files.java:3625)
	at com.shapesecurity.shift.es2017.test262.Test262.testTest262(Test262.java:187)

Running com.shapesecurity.shift.es2017.Serialization.DeserializerTest
Tests run: 52, Failures: 0, Errors: 0, Skipped: 0, Time elapsed: 0.098 sec - in com.shapesecurity.shift.es2017.Serialization.DeserializerTest
Running com.shapesecurity.shift.es2017.validator.ValidatorTest
Tests run: 23, Failures: 0, Errors: 0, Skipped: 0, Time elapsed: 0.04 sec - in com.shapesecurity.shift.es2017.validator.ValidatorTest
Running com.shapesecurity.shift.es2017.codegen.CodeGenTest
Tests run: 73, Failures: 0, Errors: 0, Skipped: 0, Time elapsed: 0.142 sec - in com.shapesecurity.shift.es2017.codegen.CodeGenTest
Running com.shapesecurity.shift.es2017.codegen.WebSafeCodeGenTest
Tests run: 4, Failures: 0, Errors: 0, Skipped: 0, Time elapsed: 0.001 sec - in com.shapesecurity.shift.es2017.codegen.WebSafeCodeGenTest
Running com.shapesecurity.shift.es2017.scope.ScopeTest
Tests run: 39, Failures: 0, Errors: 0, Skipped: 0, Time elapsed: 0.001 sec - in com.shapesecurity.shift.es2017.scope.ScopeTest
Running com.shapesecurity.shift.es2017.scope.ScopeSerializerTest
Tests run: 7, Failures: 0, Errors: 0, Skipped: 0, Time elapsed: 0.001 sec - in com.shapesecurity.shift.es2017.scope.ScopeSerializerTest
Running com.shapesecurity.shift.es2017.scope.ScopeLookupTest
Tests run: 4, Failures: 0, Errors: 0, Skipped: 0, Time elapsed: 0 sec - in com.shapesecurity.shift.es2017.scope.ScopeLookupTest
Running com.shapesecurity.shift.es2017.fuzzer.FuzzerTest
[  8.1%] Average speed 107.129 tests per milli-second. 6427767 tests per min.[  8.4%] Average speed 63.863 tests per milli-second. 3831755 tests per min.[  8.7%] Average speed 50.385 tests per milli-second. 3023085 tests per min.[  9.0%] Average speed 45.914 tests per milli-second. 2754862 tests per min.[  9.3%] Average speed 41.192 tests per milli-second. 2471524 tests per min.[  9.6%] Average speed 37.906 tests per milli-second. 2274374 tests per min.[  9.9%] Average speed 34.644 tests per milli-second. 2078624 tests per min.[ 10.2%] Average speed 32.867 tests per milli-second. 1972033 tests per min.[ 10.5%] Average speed 30.911 tests per milli-second. 1854689 tests per min.[ 10.8%] Average speed 29.773 tests per milli-second. 1786381 tests per min.[ 11.1%] Average speed 28.129 tests per milli-second. 1687723 tests per min.[ 11.4%] Average speed 26.540 tests per milli-second. 1592411 tests per min.[ 11.7%] Average speed 25.701 tests per milli-second. 1542064 tests per min.[ 12.0%] Average speed 25.091 tests per milli-second. 1505484 tests per min.[ 12.3%] Average speed 24.753 tests per milli-second. 1485207 tests per min.[ 12.6%] Average speed 23.902 tests per milli-second. 1434143 tests per min.[ 12.9%] Average speed 23.648 tests per milli-second. 1418908 tests per min.[ 13.2%] Average speed 23.205 tests per milli-second. 1392285 tests per min.[ 13.5%] Average speed 23.003 tests per milli-second. 1380151 tests per min.[ 13.8%] Average speed 22.341 tests per milli-second. 1340437 tests per min.[ 14.1%] Average speed 21.960 tests per milli-second. 1317600 tests per min.[ 14.4%] Average speed 21.946 tests per milli-second. 1316785 tests per min.[ 14.7%] Average speed 21.825 tests per milli-second. 1309512 tests per min.[ 15.0%] Average speed 21.706 tests per milli-second. 1302340 tests per min.[ 15.3%] Average speed 21.637 tests per milli-second. 1298208 tests per min.[ 15.6%] Average speed 21.308 tests per milli-second. 1278459 tests per min.[ 15.9%] Average speed 21.085 tests per milli-second. 1265077 tests per min.[ 16.2%] Average speed 20.966 tests per milli-second. 1257942 tests per min.[ 16.5%] Average speed 20.773 tests per milli-second. 1246365 tests per min.[ 16.8%] Average speed 20.599 tests per milli-second. 1235952 tests per min.[ 17.1%] Average speed 20.351 tests per milli-second. 1221044 tests per min.[ 17.4%] Average speed 20.309 tests per milli-second. 1218560 tests per min.[ 17.7%] Average speed 20.121 tests per milli-second. 1207271 tests per min.[ 18.0%] Average speed 20.111 tests per milli-second. 1206644 tests per min.[ 18.3%] Average speed 19.939 tests per milli-second. 1196335 tests per min.[ 18.6%] Average speed 19.867 tests per milli-second. 1192000 tests per min.[ 18.9%] Average speed 19.917 tests per milli-second. 1194999 tests per min.[ 19.2%] Average speed 20.030 tests per milli-second. 1201822 tests per min.[ 19.5%] Average speed 20.124 tests per milli-second. 1207455 tests per min.[ 19.8%] Average speed 20.083 tests per milli-second. 1204987 tests per min.[ 20.1%] Average speed 19.977 tests per milli-second. 1198612 tests per min.[ 20.4%] Average speed 20.002 tests per milli-second. 1200109 tests per min.[ 20.7%] Average speed 20.048 tests per milli-second. 1202905 tests per min.[ 21.0%] Average speed 20.098 tests per milli-second. 1205854 tests per min.[ 21.3%] Average speed 20.086 tests per milli-second. 1205150 tests per min.[ 21.6%] Average speed 20.021 tests per milli-second. 1201284 tests per min.[ 21.9%] Average speed 20.023 tests per milli-second. 1201367 tests per min.[ 22.2%] Average speed 20.114 tests per milli-second. 1206817 tests per min.[ 22.5%] Average speed 20.078 tests per milli-second. 1204688 tests per min.[ 22.8%] Average speed 20.142 tests per milli-second. 1208501 tests per min.[ 23.1%] Average speed 20.071 tests per milli-second. 1204251 tests per min.[ 23.4%] Average speed 20.113 tests per milli-second. 1206803 tests per min.[ 23.7%] Average speed 20.143 tests per milli-second. 1208569 tests per min.[ 24.0%] Average speed 20.164 tests per milli-second. 1209828 tests per min.[ 24.3%] Average speed 20.128 tests per milli-second. 1207673 tests per min.[ 24.6%] Average speed 20.199 tests per milli-second. 1211936 tests per min.[ 24.9%] Average speed 20.231 tests per milli-second. 1213835 tests per min.[ 25.2%] Average speed 20.240 tests per milli-second. 1214407 tests per min.[ 25.5%] Average speed 20.284 tests per milli-second. 1217047 tests per min.[ 25.8%] Average speed 20.234 tests per milli-second. 1214021 tests per min.[ 26.1%] Average speed 20.303 tests per milli-second. 1218152 tests per min.[ 26.4%] Average speed 20.381 tests per milli-second. 1222879 tests per min.[ 26.7%] Average speed 20.430 tests per milli-second. 1225823 tests per min.[ 27.0%] Average speed 20.478 tests per milli-second. 1228703 tests per min.[ 27.3%] Average speed 20.443 tests per milli-second. 1226597 tests per min.[ 27.6%] Average speed 20.489 tests per milli-second. 1229320 tests per min.[ 27.9%] Average speed 20.530 tests per milli-second. 1231773 tests per min.[ 28.2%] Average speed 20.629 tests per milli-second. 1237741 tests per min.[ 28.5%] Average speed 20.681 tests per milli-second. 1240831 tests per min.[ 28.8%] Average speed 20.616 tests per milli-second. 1236955 tests per min.[ 29.1%] Average speed 20.642 tests per milli-second. 1238532 tests per min.[ 29.4%] Average speed 20.688 tests per milli-second. 1241293 tests per min.[ 29.7%] Average speed 20.716 tests per milli-second. 1242986 tests per min.[ 30.0%] Average speed 20.668 tests per milli-second. 1240107 tests per min.[ 30.3%] Average speed 20.586 tests per milli-second. 1235149 tests per min.[ 30.6%] Average speed 20.680 tests per milli-second. 1240786 tests per min.[ 30.9%] Average speed 20.719 tests per milli-second. 1243121 tests per min.[ 31.2%] Average speed 20.780 tests per milli-second. 1246774 tests per min.[ 31.5%] Average speed 20.706 tests per milli-second. 1242340 tests per min.[ 31.8%] Average speed 20.795 tests per milli-second. 1247714 tests per min.[ 32.1%] Average speed 20.882 tests per milli-second. 1252920 tests per min.[ 32.4%] Average speed 20.969 tests per milli-second. 1258160 tests per min.[ 32.7%] Average speed 21.013 tests per milli-second. 1260771 tests per min.[ 33.0%] Average speed 20.919 tests per milli-second. 1255167 tests per min.[ 33.3%] Average speed 21.001 tests per milli-second. 1260087 tests per min.[ 33.6%] Average speed 21.034 tests per milli-second. 1262056 tests per min.[ 33.9%] Average speed 21.095 tests per milli-second. 1265682 tests per min.[ 34.2%] Average speed 21.109 tests per milli-second. 1266550 tests per min.[ 34.5%] Average speed 21.058 tests per milli-second. 1263489 tests per min.[ 34.8%] Average speed 21.121 tests per milli-second. 1267278 tests per min.[ 35.1%] Average speed 21.137 tests per milli-second. 1268238 tests per min.[ 35.4%] Average speed 21.148 tests per milli-second. 1268855 tests per min.[ 35.7%] Average speed 21.186 tests per milli-second. 1271167 tests per min.[ 36.0%] Average speed 21.111 tests per milli-second. 1266673 tests per min.[ 36.3%] Average speed 21.157 tests per milli-second. 1269440 tests per min.[ 36.6%] Average speed 21.194 tests per milli-second. 1271632 tests per min.[ 36.9%] Average speed 21.119 tests per milli-second. 1267131 tests per min.[ 37.2%] Average speed 21.013 tests per milli-second. 1260780 tests per min.[ 37.5%] Average speed 20.810 tests per milli-second. 1248580 tests per min.[ 37.8%] Average speed 20.763 tests per milli-second. 1245776 tests per min.[ 38.1%] Average speed 20.702 tests per milli-second. 1242142 tests per min.[ 38.4%] Average speed 20.634 tests per milli-second. 1238027 tests per min.[ 38.7%] Average speed 20.459 tests per milli-second. 1227559 tests per min.[ 39.0%] Average speed 20.352 tests per milli-second. 1221109 tests per min.[ 39.3%] Average speed 20.315 tests per milli-second. 1218909 tests per min.[ 39.6%] Average speed 20.256 tests per milli-second. 1215387 tests per min.[ 39.9%] Average speed 20.162 tests per milli-second. 1209739 tests per min.[ 40.2%] Average speed 20.054 tests per milli-second. 1203247 tests per min.[ 40.5%] Average speed 20.005 tests per milli-second. 1200297 tests per min.[ 40.8%] Average speed 20.021 tests per milli-second. 1201287 tests per min.[ 41.1%] Average speed 19.712 tests per milli-second. 1182729 tests per min.[ 41.4%] Average speed 19.767 tests per milli-second. 1186019 tests per min.[ 41.7%] Average speed 19.722 tests per milli-second. 1183325 tests per min.[ 42.0%] Average speed 19.760 tests per milli-second. 1185622 tests per min.[ 42.3%] Average speed 19.792 tests per milli-second. 1187526 tests per min.[ 42.6%] Average speed 19.830 tests per milli-second. 1189773 tests per min.[ 42.9%] Average speed 19.854 tests per milli-second. 1191235 tests per min.[ 43.2%] Average speed 19.863 tests per milli-second. 1191777 tests per min.[ 43.5%] Average speed 19.919 tests per milli-second. 1195137 tests per min.[ 43.8%] Average speed 19.977 tests per milli-second. 1198625 tests per min.[ 44.1%] Average speed 20.045 tests per milli-second. 1202694 tests per min.[ 44.4%] Average speed 20.099 tests per milli-second. 1205918 tests per min.[ 44.7%] Average speed 20.150 tests per milli-second. 1208997 tests per min.[ 45.0%] Average speed 20.155 tests per milli-second. 1209295 tests per min.[ 45.3%] Average speed 20.208 tests per milli-second. 1212452 tests per min.[ 45.6%] Average speed 20.280 tests per milli-second. 1216788 tests per min.[ 45.9%] Average speed 20.344 tests per milli-second. 1220660 tests per min.[ 46.2%] Average speed 20.403 tests per milli-second. 1224206 tests per min.[ 46.5%] Average speed 20.429 tests per milli-second. 1225754 tests per min.[ 46.8%] Average speed 20.418 tests per milli-second. 1225090 tests per min.[ 47.1%] Average speed 20.475 tests per milli-second. 1228503 tests per min.[ 47.4%] Average speed 20.514 tests per milli-second. 1230847 tests per min.[ 47.7%] Average speed 20.543 tests per milli-second. 1232572 tests per min.[ 48.0%] Average speed 20.571 tests per milli-second. 1234276 tests per min.[ 48.3%] Average speed 20.534 tests per milli-second. 1232046 tests per min.[ 48.6%] Average speed 20.603 tests per milli-second. 1236158 tests per min.[ 48.9%] Average speed 20.623 tests per milli-second. 1237386 tests per min.[ 49.2%] Average speed 20.654 tests per milli-second. 1239244 tests per min.[ 49.5%] Average speed 20.707 tests per milli-second. 1242431 tests per min.[ 49.8%] Average speed 20.702 tests per milli-second. 1242101 tests per min.[ 50.1%] Average speed 20.762 tests per milli-second. 1245731 tests per min.[ 50.4%] Average speed 20.797 tests per milli-second. 1247818 tests per min.[ 50.7%] Average speed 20.841 tests per milli-second. 1250433 tests per min.[ 51.0%] Average speed 20.874 tests per milli-second. 1252460 tests per min.[ 51.3%] Average speed 20.860 tests per milli-second. 1251613 tests per min.[ 51.6%] Average speed 20.905 tests per milli-second. 1254271 tests per min.[ 51.9%] Average speed 20.976 tests per milli-second. 1258586 tests per min.[ 52.2%] Average speed 21.029 tests per milli-second. 1261751 tests per min.[ 52.5%] Average speed 21.068 tests per milli-second. 1264095 tests per min.[ 52.8%] Average speed 21.130 tests per milli-second. 1267814 tests per min.[ 53.1%] Average speed 21.089 tests per milli-second. 1265318 tests per min.[ 53.4%] Average speed 21.140 tests per milli-second. 1268374 tests per min.[ 53.7%] Average speed 21.197 tests per milli-second. 1271825 tests per min.[ 54.0%] Average speed 21.224 tests per milli-second. 1273439 tests per min.[ 54.3%] Average speed 21.274 tests per milli-second. 1276423 tests per min.[ 54.6%] Average speed 21.247 tests per milli-second. 1274802 tests per min.[ 54.9%] Average speed 21.285 tests per milli-second. 1277114 tests per min.[ 55.2%] Average speed 21.326 tests per milli-second. 1279539 tests per min.[ 55.5%] Average speed 21.365 tests per milli-second. 1281893 tests per min.[ 55.8%] Average speed 21.416 tests per milli-second. 1284940 tests per min.[ 56.1%] Average speed 21.487 tests per milli-second. 1289217 tests per min.[ 56.4%] Average speed 21.456 tests per milli-second. 1287378 tests per min.[ 56.7%] Average speed 21.471 tests per milli-second. 1288255 tests per min.[ 57.0%] Average speed 21.490 tests per milli-second. 1289420 tests per min.[ 57.3%] Average speed 21.532 tests per milli-second. 1291948 tests per min.[ 57.6%] Average speed 21.487 tests per milli-second. 1289196 tests per min.[ 57.9%] Average speed 21.536 tests per milli-second. 1292168 tests per min.[ 58.2%] Average speed 21.571 tests per milli-second. 1294277 tests per min.[ 58.5%] Average speed 21.595 tests per milli-second. 1295703 tests per min.[ 58.8%] Average speed 21.612 tests per milli-second. 1296704 tests per min.[ 59.1%] Average speed 21.571 tests per milli-second. 1294253 tests per min.[ 59.4%] Average speed 21.604 tests per milli-second. 1296242 tests per min.[ 59.7%] Average speed 21.645 tests per milli-second. 1298690 tests per min.[ 60.0%] Average speed 21.666 tests per milli-second. 1299934 tests per min.[ 60.3%] Average speed 21.710 tests per milli-second. 1302587 tests per min.[ 60.6%] Average speed 21.672 tests per milli-second. 1300296 tests per min.[ 60.9%] Average speed 21.712 tests per milli-second. 1302723 tests per min.[ 61.2%] Average speed 21.761 tests per milli-second. 1305655 tests per min.[ 61.5%] Average speed 21.787 tests per milli-second. 1307203 tests per min.[ 61.8%] Average speed 21.838 tests per milli-second. 1310286 tests per min.[ 62.1%] Average speed 21.811 tests per milli-second. 1308689 tests per min.[ 62.4%] Average speed 21.838 tests per milli-second. 1310304 tests per min.[ 62.7%] Average speed 21.874 tests per milli-second. 1312468 tests per min.[ 63.0%] Average speed 21.893 tests per milli-second. 1313604 tests per min.[ 63.3%] Average speed 21.918 tests per milli-second. 1315093 tests per min.[ 63.6%] Average speed 21.913 tests per milli-second. 1314760 tests per min.[ 63.9%] Average speed 21.941 tests per milli-second. 1316469 tests per min.[ 64.2%] Average speed 21.988 tests per milli-second. 1319280 tests per min.[ 64.5%] Average speed 22.031 tests per milli-second. 1321886 tests per min.[ 64.8%] Average speed 22.062 tests per milli-second. 1323746 tests per min.[ 65.1%] Average speed 22.047 tests per milli-second. 1322799 tests per min.[ 65.4%] Average speed 22.080 tests per milli-second. 1324798 tests per min.[ 65.7%] Average speed 22.126 tests per milli-second. 1327550 tests per min.[ 66.0%] Average speed 22.186 tests per milli-second. 1331156 tests per min.[ 66.3%] Average speed 22.178 tests per milli-second. 1330684 tests per min.[ 66.6%] Average speed 22.207 tests per milli-second. 1332417 tests per min.[ 66.9%] Average speed 22.117 tests per milli-second. 1327008 tests per min.[ 67.2%] Average speed 22.146 tests per milli-second. 1328765 tests per min.[ 67.5%] Average speed 22.165 tests per milli-second. 1329902 tests per min.[ 67.8%] Average speed 22.198 tests per milli-second. 1331857 tests per min.[ 68.1%] Average speed 22.226 tests per milli-second. 1333586 tests per min.[ 68.4%] Average speed 22.188 tests per milli-second. 1331274 tests per min.[ 68.7%] Average speed 22.162 tests per milli-second. 1329694 tests per min.[ 69.0%] Average speed 22.141 tests per milli-second. 1328471 tests per min.[ 69.3%] Average speed 22.152 tests per milli-second. 1329094 tests per min.[ 69.6%] Average speed 22.118 tests per milli-second. 1327058 tests per min.[ 69.9%] Average speed 22.026 tests per milli-second. 1321546 tests per min.[ 70.2%] Average speed 22.046 tests per milli-second. 1322775 tests per min.[ 70.5%] Average speed 22.028 tests per milli-second. 1321683 tests per min.[ 70.8%] Average speed 22.030 tests per milli-second. 1321821 tests per min.[ 71.1%] Average speed 22.067 tests per milli-second. 1324012 tests per min.[ 71.4%] Average speed 22.033 tests per milli-second. 1321989 tests per min.[ 71.7%] Average speed 22.055 tests per milli-second. 1323292 tests per min.[ 72.0%] Average speed 22.078 tests per milli-second. 1324703 tests per min.[ 72.3%] Average speed 22.088 tests per milli-second. 1325271 tests per min.[ 72.6%] Average speed 22.118 tests per milli-second. 1327099 tests per min.[ 72.9%] Average speed 22.097 tests per milli-second. 1325836 tests per min.[ 73.2%] Average speed 22.137 tests per milli-second. 1328221 tests per min.[ 73.5%] Average speed 22.157 tests per milli-second. 1329396 tests per min.[ 73.8%] Average speed 22.183 tests per milli-second. 1330981 tests per min.[ 74.1%] Average speed 22.209 tests per milli-second. 1332563 tests per min.[ 74.4%] Average speed 22.256 tests per milli-second. 1335340 tests per min.[ 74.7%] Average speed 22.236 tests per milli-second. 1334156 tests per min.[ 75.0%] Average speed 22.268 tests per milli-second. 1336068 tests per min.[ 75.3%] Average speed 22.306 tests per milli-second. 1338338 tests per min.[ 75.6%] Average speed 22.345 tests per milli-second. 1340722 tests per min.[ 75.9%] Average speed 22.381 tests per milli-second. 1342846 tests per min.[ 76.2%] Average speed 22.351 tests per milli-second. 1341067 tests per min.[ 76.5%] Average speed 22.373 tests per milli-second. 1342407 tests per min.[ 76.8%] Average speed 22.386 tests per milli-second. 1343137 tests per min.[ 77.1%] Average speed 22.423 tests per milli-second. 1345375 tests per min.[ 77.4%] Average speed 22.456 tests per milli-second. 1347345 tests per min.[ 77.7%] Average speed 22.417 tests per milli-second. 1345001 tests per min.[ 78.0%] Average speed 22.462 tests per milli-second. 1347718 tests per min.[ 78.3%] Average speed 22.480 tests per milli-second. 1348783 tests per min.[ 78.6%] Average speed 22.525 tests per milli-second. 1351487 tests per min.[ 78.9%] Average speed 22.553 tests per milli-second. 1353161 tests per min.[ 79.2%] Average speed 22.588 tests per milli-second. 1355284 tests per min.[ 79.5%] Average speed 22.565 tests per milli-second. 1353909 tests per min.[ 79.8%] Average speed 22.594 tests per milli-second. 1355644 tests per min.[ 80.1%] Average speed 22.626 tests per milli-second. 1357590 tests per min.[ 80.4%] Average speed 22.634 tests per milli-second. 1358040 tests per min.[ 80.7%] Average speed 22.629 tests per milli-second. 1357729 tests per min.[ 81.0%] Average speed 22.602 tests per milli-second. 1356138 tests per min.[ 81.3%] Average speed 22.643 tests per milli-second. 1358565 tests per min.[ 81.6%] Average speed 22.691 tests per milli-second. 1361435 tests per min.[ 81.9%] Average speed 22.703 tests per milli-second. 1362153 tests per min.[ 82.2%] Average speed 22.734 tests per milli-second. 1364020 tests per min.[ 82.5%] Average speed 22.688 tests per milli-second. 1361264 tests per min.[ 82.8%] Average speed 22.692 tests per milli-second. 1361497 tests per min.[ 83.1%] Average speed 22.719 tests per milli-second. 1363134 tests per min.[ 83.4%] Average speed 22.742 tests per milli-second. 1364492 tests per min.[ 83.7%] Average speed 22.776 tests per milli-second. 1366584 tests per min.[ 84.0%] Average speed 22.754 tests per milli-second. 1365236 tests per min.[ 84.3%] Average speed 22.766 tests per milli-second. 1365949 tests per min.[ 84.6%] Average speed 22.774 tests per milli-second. 1366428 tests per min.[ 84.9%] Average speed 22.816 tests per milli-second. 1368953 tests per min.[ 85.2%] Average speed 22.844 tests per milli-second. 1370648 tests per min.[ 85.5%] Average speed 22.807 tests per milli-second. 1368407 tests per min.[ 85.8%] Average speed 22.833 tests per milli-second. 1369965 tests per min.[ 86.1%] Average speed 22.824 tests per milli-second. 1369445 tests per min.[ 86.4%] Average speed 22.831 tests per milli-second. 1369860 tests per min.[ 86.7%] Average speed 22.844 tests per milli-second. 1370630 tests per min.[ 87.0%] Average speed 22.836 tests per milli-second. 1370142 tests per min.[ 87.3%] Average speed 22.738 tests per milli-second. 1364258 tests per min.[ 87.6%] Average speed 22.737 tests per milli-second. 1364211 tests per min.[ 87.9%] Average speed 22.691 tests per milli-second. 1361454 tests per min.[ 88.2%] Average speed 22.614 tests per milli-second. 1356850 tests per min.[ 88.5%] Average speed 22.588 tests per milli-second. 1355282 tests per min.[ 88.8%] Average speed 22.484 tests per milli-second. 1349026 tests per min.[ 89.1%] Average speed 22.475 tests per milli-second. 1348514 tests per min.[ 89.4%] Average speed 22.489 tests per milli-second. 1349326 tests per min.[ 89.7%] Average speed 22.498 tests per milli-second. 1349857 tests per min.[ 90.0%] Average speed 22.466 tests per milli-second. 1347960 tests per min.[ 90.3%] Average speed 22.473 tests per milli-second. 1348403 tests per min.[ 90.6%] Average speed 22.508 tests per milli-second. 1350456 tests per min.[ 90.9%] Average speed 22.529 tests per milli-second. 1351746 tests per min.[ 91.2%] Average speed 22.557 tests per milli-second. 1353420 tests per min.[ 91.5%] Average speed 22.553 tests per milli-second. 1353159 tests per min.[ 91.8%] Average speed 22.572 tests per milli-second. 1354349 tests per min.[ 92.1%] Average speed 22.588 tests per milli-second. 1355260 tests per min.[ 92.4%] Average speed 22.615 tests per milli-second. 1356874 tests per min.[ 92.7%] Average speed 22.612 tests per milli-second. 1356727 tests per min.[ 93.0%] Average speed 22.592 tests per milli-second. 1355526 tests per min.[ 93.3%] Average speed 22.612 tests per milli-second. 1356696 tests per min.[ 93.6%] Average speed 22.635 tests per milli-second. 1358095 tests per min.[ 93.9%] Average speed 22.654 tests per milli-second. 1359219 tests per min.[ 94.2%] Average speed 22.671 tests per milli-second. 1360267 tests per min.[ 94.5%] Average speed 22.655 tests per milli-second. 1359306 tests per min.[ 94.8%] Average speed 22.669 tests per milli-second. 1360139 tests per min.[ 95.1%] Average speed 22.698 tests per milli-second. 1361888 tests per min.[ 95.4%] Average speed 22.705 tests per milli-second. 1362283 tests per min.[ 95.7%] Average speed 22.713 tests per milli-second. 1362808 tests per min.[ 96.0%] Average speed 22.704 tests per milli-second. 1362233 tests per min.[ 96.3%] Average speed 22.736 tests per milli-second. 1364137 tests per min.[ 96.6%] Average speed 22.762 tests per milli-second. 1365727 tests per min.[ 96.9%] Average speed 22.763 tests per milli-second. 1365792 tests per min.[ 97.2%] Average speed 22.801 tests per milli-second. 1368036 tests per min.[ 97.5%] Average speed 22.786 tests per milli-second. 1367143 tests per min.[ 97.8%] Average speed 22.817 tests per milli-second. 1369013 tests per min.[ 98.1%] Average speed 22.833 tests per milli-second. 1369997 tests per min.[ 98.4%] Average speed 22.841 tests per milli-second. 1370472 tests per min.[ 98.7%] Average speed 22.868 tests per milli-second. 1372080 tests per min.[ 99.0%] Average speed 22.838 tests per milli-second. 1370294 tests per min.[ 99.3%] Average speed 22.857 tests per milli-second. 1371411 tests per min.[ 99.6%] Average speed 22.879 tests per milli-second. 1372715 tests per min.[ 99.9%] Average speed 22.907 tests per milli-second. 1374407 tests per min.[100.0%] Average speed 22.904 tests per milli-second. 1374265 tests per min.

Tests run: 1, Failures: 0, Errors: 0, Skipped: 0, Time elapsed: 0.303 sec - in com.shapesecurity.shift.es2017.fuzzer.FuzzerTest
Running com.shapesecurity.shift.es2017.integration.IntegrationTest
Fuzzer ran for 5 seconds and generated all valid ASTs.
Tests run: 4, Failures: 0, Errors: 0, Skipped: 0, Time elapsed: 5.006 sec - in com.shapesecurity.shift.es2017.integration.IntegrationTest
Running com.shapesecurity.shift.es2017.template.FindNodesTest
Tests run: 15, Failures: 0, Errors: 0, Skipped: 0, Time elapsed: 0.016 sec - in com.shapesecurity.shift.es2017.template.FindNodesTest
Running com.shapesecurity.shift.es2017.template.ApplyTemplateTest
Tests run: 8, Failures: 0, Errors: 0, Skipped: 0, Time elapsed: 0 sec - in com.shapesecurity.shift.es2017.template.ApplyTemplateTest
Running com.shapesecurity.shift.es2017.template.ApplyStructuredTemplateTest
Tests run: 1, Failures: 0, Errors: 0, Skipped: 0, Time elapsed: 0.016 sec - in com.shapesecurity.shift.es2017.template.ApplyStructuredTemplateTest

Results :

Tests in error: 
  FailTest.data:46  NullPointer
  EarlyTest.data:117  NullPointer
  PassTest.data:178  NullPointer
  Test262.testTest262:187  NoSuchFile src/test/resources/test262/test

Tests run: 407, Failures: 0, Errors: 4, Skipped: 0

[INFO] ------------------------------------------------------------------------
[INFO] BUILD FAILURE
[INFO] ------------------------------------------------------------------------
[INFO] Total time: 15.950 s
[INFO] Finished at: 2020-03-14T16:51:08-07:00
[INFO] Final Memory: 39M/1237M
[INFO] ------------------------------------------------------------------------
[ERROR] Failed to execute goal org.apache.maven.plugins:maven-surefire-plugin:2.17:test (default-test) on project es2017: There are test failures.
[ERROR] 
[ERROR] Please refer to /scratch/tmp-rta/Bears_shapesecurity-shift-java_455763022-456154969_java-8/target/surefire-reports for the individual test results.
[ERROR] -> [Help 1]
[ERROR] 
[ERROR] To see the full stack trace of the errors, re-run Maven with the -e switch.
[ERROR] Re-run Maven using the -X switch to enable full debug logging.
[ERROR] 
[ERROR] For more information about the errors and possible solutions, please read the following articles:
[ERROR] [Help 1] http://cwiki.apache.org/confluence/display/MAVEN/MojoFailureException
