Picked up JAVA_TOOL_OPTIONS: -XX:CICompilerCount=2 -XX:ParallelGCThreads=2 -XX:ConcGCThreads=2 -Djdk.net.URLClassPath.disableClassPathURLCheck=true 
Picked up _JAVA_OPTIONS: -Djdk.net.URLClassPath.disableClassPathURLCheck=true
Apache Maven 3.5.0 (Red Hat 3.5.0-4.3)
Maven home: /opt/rh/rh-maven35/root/usr/share/maven
Java version: 1.7.0_80, vendor: Oracle Corporation
Java home: /boom/scratch/jmcampos/RTA/repair_them_all_framework/jdks/jdk1.7.0_80/jre
Default locale: en_US, platform encoding: UTF-8
OS name: "linux", version: "4.14.147-1.el7.retpoline.x86_64", arch: "amd64", family: "unix"
[INFO] Scanning for projects...
[INFO] 
[INFO] ------------------------------------------------------------------------
[INFO] Building Activiti - Engine 5.23.0-SNAPSHOT
[INFO] ------------------------------------------------------------------------
[INFO] Downloading: https://oss.sonatype.org/content/repositories/snapshots/org/activiti/activiti-bpmn-converter/5.23.0-SNAPSHOT/maven-metadata.xml
[INFO] Downloading: https://oss.sonatype.org/content/repositories/snapshots/org/activiti/activiti-parent/5.23.0-SNAPSHOT/maven-metadata.xml
[INFO] Downloading: https://oss.sonatype.org/content/repositories/snapshots/org/activiti/activiti-root/5.23.0-SNAPSHOT/maven-metadata.xml
[INFO] Downloading: https://oss.sonatype.org/content/repositories/snapshots/org/activiti/activiti-bpmn-model/5.23.0-SNAPSHOT/maven-metadata.xml
[INFO] Downloading: https://oss.sonatype.org/content/repositories/snapshots/org/activiti/activiti-process-validation/5.23.0-SNAPSHOT/maven-metadata.xml
[INFO] Downloading: https://oss.sonatype.org/content/repositories/snapshots/org/activiti/activiti-image-generator/5.23.0-SNAPSHOT/maven-metadata.xml
[INFO] 
[INFO] --- maven-enforcer-plugin:1.0:enforce (enforce-maven) @ activiti-engine ---
[INFO] Skipping Rule Enforcement.
[INFO] 
[INFO] --- maven-bundle-plugin:2.1.0:cleanVersions (default) @ activiti-engine ---
[INFO] 
[INFO] --- maven-resources-plugin:2.6:resources (default-resources) @ activiti-engine ---
[INFO] Using 'UTF-8' encoding to copy filtered resources.
[INFO] Copying 336 resources
[INFO] 
[INFO] --- maven-compiler-plugin:3.1:compile (default-compile) @ activiti-engine ---
[INFO] Nothing to compile - all classes are up to date
[INFO] 
[INFO] --- maven-bundle-plugin:2.1.0:manifest (bundle-manifest) @ activiti-engine ---
[WARNING] Warning in manifest for org.activiti:activiti-engine:jar:5.23.0-SNAPSHOT : Did not find matching referal for com.sun*
[INFO] 
[INFO] --- maven-resources-plugin:2.6:testResources (default-testResources) @ activiti-engine ---
[INFO] Using 'UTF-8' encoding to copy filtered resources.
[INFO] Copying 991 resources
[INFO] 
[INFO] --- maven-compiler-plugin:3.1:testCompile (default-testCompile) @ activiti-engine ---
[INFO] Nothing to compile - all classes are up to date
[INFO] 
[INFO] --- maven-surefire-plugin:2.18.1:test (default-test) @ activiti-engine ---
[INFO] Surefire report directory: /boom/scratch/tmp-rta/Bears_Activiti-Activiti_357660134-359342518_java-7/modules/activiti-engine/target/surefire-reports
[INFO] Downloading: https://repo.maven.apache.org/maven2/org/apache/maven/surefire/surefire-junit4/2.18.1/surefire-junit4-2.18.1.pom
[INFO] Downloaded: https://repo.maven.apache.org/maven2/org/apache/maven/surefire/surefire-junit4/2.18.1/surefire-junit4-2.18.1.pom (2.5 kB at 854 B/s)
[INFO] Downloading: https://repo.maven.apache.org/maven2/org/apache/maven/surefire/surefire-providers/2.18.1/surefire-providers-2.18.1.pom
[INFO] Downloaded: https://repo.maven.apache.org/maven2/org/apache/maven/surefire/surefire-providers/2.18.1/surefire-providers-2.18.1.pom (2.5 kB at 342 B/s)
[INFO] Downloading: https://repo.maven.apache.org/maven2/org/apache/maven/surefire/surefire-junit4/2.18.1/surefire-junit4-2.18.1.jar
[INFO] Downloaded: https://repo.maven.apache.org/maven2/org/apache/maven/surefire/surefire-junit4/2.18.1/surefire-junit4-2.18.1.jar (68 kB at 360 kB/s)

-------------------------------------------------------
 T E S T S
-------------------------------------------------------
Picked up JAVA_TOOL_OPTIONS: -XX:CICompilerCount=2 -XX:ParallelGCThreads=2 -XX:ConcGCThreads=2 -Djdk.net.URLClassPath.disableClassPathURLCheck=true -XX:CICompilerCount=2 -XX:ParallelGCThreads=2 -XX:ConcGCThreads=2 -Djdk.net.URLClassPath.disableClassPathURLCheck=true 
Picked up _JAVA_OPTIONS: -Djdk.net.URLClassPath.disableClassPathURLCheck=true
Running org.activiti.engine.impl.calendar.MapBusinessCalendarManagerTest
Tests run: 3, Failures: 0, Errors: 0, Skipped: 0, Time elapsed: 0.005 sec - in org.activiti.engine.impl.calendar.MapBusinessCalendarManagerTest
Running org.activiti.engine.test.api.event.ActivityEventsTest
Tests run: 15, Failures: 0, Errors: 0, Skipped: 0, Time elapsed: 4.294 sec - in org.activiti.engine.test.api.event.ActivityEventsTest
Running org.activiti.engine.test.api.event.AttachmentEventsTest
Tests run: 5, Failures: 0, Errors: 0, Skipped: 0, Time elapsed: 0.203 sec - in org.activiti.engine.test.api.event.AttachmentEventsTest
Running org.activiti.engine.test.api.event.CommentEventsTest
Tests run: 2, Failures: 0, Errors: 0, Skipped: 0, Time elapsed: 0.054 sec - in org.activiti.engine.test.api.event.CommentEventsTest
Running org.activiti.engine.test.api.event.DatabaseEventLoggerTest
Tests run: 4, Failures: 0, Errors: 0, Skipped: 0, Time elapsed: 1.174 sec - in org.activiti.engine.test.api.event.DatabaseEventLoggerTest
Running org.activiti.engine.test.api.event.DeploymentEventsTest
Tests run: 1, Failures: 0, Errors: 0, Skipped: 0, Time elapsed: 0.024 sec - in org.activiti.engine.test.api.event.DeploymentEventsTest
Running org.activiti.engine.test.api.event.ErrorThrowingEventListenerTest
Tests run: 4, Failures: 0, Errors: 0, Skipped: 0, Time elapsed: 0.213 sec - in org.activiti.engine.test.api.event.ErrorThrowingEventListenerTest
Running org.activiti.engine.test.api.event.ExecutionEventsTest
Tests run: 1, Failures: 0, Errors: 0, Skipped: 0, Time elapsed: 0.045 sec - in org.activiti.engine.test.api.event.ExecutionEventsTest
Running org.activiti.engine.test.api.event.GroupEventsTest
Tests run: 2, Failures: 0, Errors: 0, Skipped: 0, Time elapsed: 0.015 sec - in org.activiti.engine.test.api.event.GroupEventsTest
Running org.activiti.engine.test.api.event.HistoricActivityEventsTest
Tests run: 1, Failures: 0, Errors: 0, Skipped: 0, Time elapsed: 0.081 sec - in org.activiti.engine.test.api.event.HistoricActivityEventsTest
Running org.activiti.engine.test.api.event.HistoricProcessInstanceEventsTest
Tests run: 1, Failures: 0, Errors: 0, Skipped: 0, Time elapsed: 0.032 sec - in org.activiti.engine.test.api.event.HistoricProcessInstanceEventsTest
Running org.activiti.engine.test.api.event.HistoricTaskInstanceEventsTest
Tests run: 1, Failures: 0, Errors: 0, Skipped: 0, Time elapsed: 0.048 sec - in org.activiti.engine.test.api.event.HistoricTaskInstanceEventsTest
Running org.activiti.engine.test.api.event.IdentityLinkEventsTest
Tests run: 4, Failures: 0, Errors: 0, Skipped: 0, Time elapsed: 0.192 sec - in org.activiti.engine.test.api.event.IdentityLinkEventsTest
Running org.activiti.engine.test.api.event.JobEventsTest
Tests run: 8, Failures: 0, Errors: 0, Skipped: 0, Time elapsed: 5.234 sec - in org.activiti.engine.test.api.event.JobEventsTest
Running org.activiti.engine.test.api.event.MessageThrowingEventListenerTest
Tests run: 3, Failures: 0, Errors: 0, Skipped: 0, Time elapsed: 0.141 sec - in org.activiti.engine.test.api.event.MessageThrowingEventListenerTest
Running org.activiti.engine.test.api.event.ModelEventsTest
Tests run: 1, Failures: 0, Errors: 0, Skipped: 0, Time elapsed: 0.009 sec - in org.activiti.engine.test.api.event.ModelEventsTest
Running org.activiti.engine.test.api.event.ProcessDefinitionEventsTest
Tests run: 2, Failures: 0, Errors: 0, Skipped: 0, Time elapsed: 0.066 sec - in org.activiti.engine.test.api.event.ProcessDefinitionEventsTest
Running org.activiti.engine.test.api.event.ProcessDefinitionScopedEventListenerTest
Tests run: 1, Failures: 0, Errors: 0, Skipped: 0, Time elapsed: 0.053 sec - in org.activiti.engine.test.api.event.ProcessDefinitionScopedEventListenerTest
Running org.activiti.engine.test.api.event.ProcessInstanceEventsTest
Tests run: 16, Failures: 0, Errors: 0, Skipped: 0, Time elapsed: 0.776 sec - in org.activiti.engine.test.api.event.ProcessInstanceEventsTest
Running org.activiti.engine.test.api.event.SignalThrowingEventListenerTest
Tests run: 7, Failures: 0, Errors: 0, Skipped: 0, Time elapsed: 0.248 sec - in org.activiti.engine.test.api.event.SignalThrowingEventListenerTest
Running org.activiti.engine.test.api.event.TaskEventsTest
Tests run: 5, Failures: 0, Errors: 0, Skipped: 0, Time elapsed: 0.127 sec - in org.activiti.engine.test.api.event.TaskEventsTest
Running org.activiti.engine.test.api.event.UncaughtErrorEventTest
Tests run: 1, Failures: 0, Errors: 0, Skipped: 0, Time elapsed: 0.014 sec - in org.activiti.engine.test.api.event.UncaughtErrorEventTest
Running org.activiti.engine.test.api.event.UserEventsTest
Tests run: 1, Failures: 0, Errors: 0, Skipped: 0, Time elapsed: 0.003 sec - in org.activiti.engine.test.api.event.UserEventsTest
Running org.activiti.engine.test.api.event.VariableEventsStoreTest
Tests run: 2, Failures: 0, Errors: 0, Skipped: 0, Time elapsed: 0.039 sec - in org.activiti.engine.test.api.event.VariableEventsStoreTest
Running org.activiti.engine.test.api.event.VariableEventsTest
Tests run: 7, Failures: 0, Errors: 0, Skipped: 0, Time elapsed: 0.141 sec - in org.activiti.engine.test.api.event.VariableEventsTest
Running org.activiti.engine.test.api.form.FormPropertyDefaultValueTest
Tests run: 2, Failures: 0, Errors: 0, Skipped: 0, Time elapsed: 0.069 sec - in org.activiti.engine.test.api.form.FormPropertyDefaultValueTest
Running org.activiti.engine.test.api.form.FormServiceTest
Tests run: 20, Failures: 0, Errors: 0, Skipped: 0, Time elapsed: 0.281 sec - in org.activiti.engine.test.api.form.FormServiceTest
Running org.activiti.engine.test.api.history.HistoricProcessInstanceAndVariablesQueryTest
Tests run: 5, Failures: 0, Errors: 0, Skipped: 0, Time elapsed: 0.518 sec - in org.activiti.engine.test.api.history.HistoricProcessInstanceAndVariablesQueryTest
Running org.activiti.engine.test.api.history.HistoricProcessInstanceQueryAndWithExceptionTest
Tests run: 1, Failures: 0, Errors: 0, Skipped: 0, Time elapsed: 0.12 sec - in org.activiti.engine.test.api.history.HistoricProcessInstanceQueryAndWithExceptionTest
Running org.activiti.engine.test.api.history.HistoricProcessInstanceQueryGroupInvolvementTest
Tests run: 1, Failures: 0, Errors: 0, Skipped: 0, Time elapsed: 0.033 sec - in org.activiti.engine.test.api.history.HistoricProcessInstanceQueryGroupInvolvementTest
Running org.activiti.engine.test.api.history.HistoricProcessInstanceQueryTest
Tests run: 1, Failures: 0, Errors: 0, Skipped: 0, Time elapsed: 0.022 sec - in org.activiti.engine.test.api.history.HistoricProcessInstanceQueryTest
Running org.activiti.engine.test.api.history.HistoricProcessInstanceQueryVersionTest
Tests run: 3, Failures: 0, Errors: 0, Skipped: 0, Time elapsed: 0.107 sec - in org.activiti.engine.test.api.history.HistoricProcessInstanceQueryVersionTest
Running org.activiti.engine.test.api.history.HistoricTaskAndVariablesQueryTest
Tests run: 7, Failures: 0, Errors: 0, Skipped: 0, Time elapsed: 0.273 sec - in org.activiti.engine.test.api.history.HistoricTaskAndVariablesQueryTest
Running org.activiti.engine.test.api.history.HistoryServiceTest
Tests run: 26, Failures: 0, Errors: 0, Skipped: 0, Time elapsed: 0.004 sec - in org.activiti.engine.test.api.history.HistoryServiceTest
Running org.activiti.engine.test.api.history.NonCascadeDeleteTest
Tests run: 1, Failures: 0, Errors: 0, Skipped: 0, Time elapsed: 0 sec - in org.activiti.engine.test.api.history.NonCascadeDeleteTest
Running org.activiti.engine.test.api.history.ProcessInstanceLogQueryAndByteArrayTypeVariableTest
Tests run: 2, Failures: 0, Errors: 0, Skipped: 0, Time elapsed: 0.001 sec - in org.activiti.engine.test.api.history.ProcessInstanceLogQueryAndByteArrayTypeVariableTest
Running org.activiti.engine.test.api.history.ProcessInstanceLogQueryTest
Tests run: 8, Failures: 0, Errors: 0, Skipped: 0, Time elapsed: 0.001 sec - in org.activiti.engine.test.api.history.ProcessInstanceLogQueryTest
Running org.activiti.engine.test.api.identity.GroupQueryTest
Tests run: 13, Failures: 0, Errors: 0, Skipped: 0, Time elapsed: 0.001 sec - in org.activiti.engine.test.api.identity.GroupQueryTest
Running org.activiti.engine.test.api.identity.IdentityServiceTest
Tests run: 25, Failures: 0, Errors: 0, Skipped: 0, Time elapsed: 0.003 sec - in org.activiti.engine.test.api.identity.IdentityServiceTest
Running org.activiti.engine.test.api.identity.ProcessInstanceIdentityLinkTest
Tests run: 2, Failures: 0, Errors: 0, Skipped: 0, Time elapsed: 0 sec - in org.activiti.engine.test.api.identity.ProcessInstanceIdentityLinkTest
Running org.activiti.engine.test.api.identity.UserEntityTest
Tests run: 2, Failures: 0, Errors: 0, Skipped: 0, Time elapsed: 0 sec - in org.activiti.engine.test.api.identity.UserEntityTest
Running org.activiti.engine.test.api.identity.UserQueryTest
Tests run: 21, Failures: 0, Errors: 0, Skipped: 0, Time elapsed: 0.002 sec - in org.activiti.engine.test.api.identity.UserQueryTest
Running org.activiti.engine.test.api.mgmt.JobQueryTest
Tests run: 19, Failures: 0, Errors: 0, Skipped: 0, Time elapsed: 0.003 sec - in org.activiti.engine.test.api.mgmt.JobQueryTest
Running org.activiti.engine.test.api.mgmt.ManagementServiceTest
Tests run: 17, Failures: 0, Errors: 0, Skipped: 0, Time elapsed: 0.002 sec - in org.activiti.engine.test.api.mgmt.ManagementServiceTest
Running org.activiti.engine.test.api.nonpublic.EventSubscriptionQueryTest
Tests run: 4, Failures: 0, Errors: 0, Skipped: 0, Time elapsed: 0 sec - in org.activiti.engine.test.api.nonpublic.EventSubscriptionQueryTest
Running org.activiti.engine.test.api.repository.DeployInvalidXmlTest
Tests run: 4, Failures: 0, Errors: 0, Skipped: 0, Time elapsed: 0.001 sec - in org.activiti.engine.test.api.repository.DeployInvalidXmlTest
Running org.activiti.engine.test.api.repository.DeployNonExecutableProcessDefinitionTest
Tests run: 1, Failures: 0, Errors: 0, Skipped: 0, Time elapsed: 0 sec - in org.activiti.engine.test.api.repository.DeployNonExecutableProcessDefinitionTest
Running org.activiti.engine.test.api.repository.DeploymentCategoryTest
Tests run: 1, Failures: 0, Errors: 0, Skipped: 0, Time elapsed: 0.001 sec - in org.activiti.engine.test.api.repository.DeploymentCategoryTest
Running org.activiti.engine.test.api.repository.DeploymentQueryTest
Tests run: 13, Failures: 0, Errors: 0, Skipped: 0, Time elapsed: 0.001 sec - in org.activiti.engine.test.api.repository.DeploymentQueryTest
Running org.activiti.engine.test.api.repository.LaneExtensionTest
Tests run: 1, Failures: 0, Errors: 0, Skipped: 0, Time elapsed: 0.001 sec - in org.activiti.engine.test.api.repository.LaneExtensionTest
Running org.activiti.engine.test.api.repository.ModelQueryTest
Tests run: 23, Failures: 0, Errors: 0, Skipped: 0, Time elapsed: 0.001 sec - in org.activiti.engine.test.api.repository.ModelQueryTest
Running org.activiti.engine.test.api.repository.ProcessDefinitionCategoryTest
Tests run: 2, Failures: 0, Errors: 0, Skipped: 0, Time elapsed: 0 sec - in org.activiti.engine.test.api.repository.ProcessDefinitionCategoryTest
Running org.activiti.engine.test.api.repository.ProcessDefinitionQueryByLatestTest
Tests run: 4, Failures: 0, Errors: 0, Skipped: 0, Time elapsed: 0.001 sec - in org.activiti.engine.test.api.repository.ProcessDefinitionQueryByLatestTest
Running org.activiti.engine.test.api.repository.ProcessDefinitionQueryTest
Tests run: 21, Failures: 0, Errors: 0, Skipped: 0, Time elapsed: 0.003 sec - in org.activiti.engine.test.api.repository.ProcessDefinitionQueryTest
Running org.activiti.engine.test.api.repository.ProcessDefinitionSuspensionTest
Tests run: 17, Failures: 0, Errors: 0, Skipped: 0, Time elapsed: 0.004 sec - in org.activiti.engine.test.api.repository.ProcessDefinitionSuspensionTest
Running org.activiti.engine.test.api.repository.RepositoryServiceTest
Tests run: 19, Failures: 0, Errors: 0, Skipped: 0, Time elapsed: 0.002 sec - in org.activiti.engine.test.api.repository.RepositoryServiceTest
Running org.activiti.engine.test.api.runtime.ExecutionAndProcessInstanceQueryVersionTest
Tests run: 5, Failures: 0, Errors: 0, Skipped: 0, Time elapsed: 0.001 sec - in org.activiti.engine.test.api.runtime.ExecutionAndProcessInstanceQueryVersionTest
Running org.activiti.engine.test.api.runtime.ExecutionQueryTest
Tests run: 42, Failures: 0, Errors: 0, Skipped: 0, Time elapsed: 1.661 sec - in org.activiti.engine.test.api.runtime.ExecutionQueryTest
Running org.activiti.engine.test.api.runtime.InstanceInvolvementTest
Tests run: 6, Failures: 0, Errors: 0, Skipped: 0, Time elapsed: 0.103 sec - in org.activiti.engine.test.api.runtime.InstanceInvolvementTest
Running org.activiti.engine.test.api.runtime.ProcessInstanceAndVariablesQueryTest
Tests run: 4, Failures: 0, Errors: 0, Skipped: 0, Time elapsed: 0.248 sec - in org.activiti.engine.test.api.runtime.ProcessInstanceAndVariablesQueryTest
Running org.activiti.engine.test.api.runtime.ProcessInstanceCommentTest
Tests run: 1, Failures: 0, Errors: 0, Skipped: 0, Time elapsed: 0.015 sec - in org.activiti.engine.test.api.runtime.ProcessInstanceCommentTest
Running org.activiti.engine.test.api.runtime.ProcessInstanceIdentityLinksTest
Tests run: 4, Failures: 0, Errors: 0, Skipped: 0, Time elapsed: 0.061 sec - in org.activiti.engine.test.api.runtime.ProcessInstanceIdentityLinksTest
Running org.activiti.engine.test.api.runtime.ProcessInstanceQueryAndWithExceptionTest
Tests run: 1, Failures: 0, Errors: 0, Skipped: 0, Time elapsed: 0.155 sec - in org.activiti.engine.test.api.runtime.ProcessInstanceQueryAndWithExceptionTest
Running org.activiti.engine.test.api.runtime.ProcessInstanceQueryTest
Tests run: 66, Failures: 0, Errors: 0, Skipped: 0, Time elapsed: 2.483 sec - in org.activiti.engine.test.api.runtime.ProcessInstanceQueryTest
Running org.activiti.engine.test.api.runtime.ProcessInstanceSuspensionTest
Tests run: 14, Failures: 0, Errors: 0, Skipped: 0, Time elapsed: 0.003 sec - in org.activiti.engine.test.api.runtime.ProcessInstanceSuspensionTest
Running org.activiti.engine.test.api.runtime.ProcessInstanceUpdateBusinessKeyTest
Tests run: 2, Failures: 0, Errors: 0, Skipped: 0, Time elapsed: 0 sec - in org.activiti.engine.test.api.runtime.ProcessInstanceUpdateBusinessKeyTest
Running org.activiti.engine.test.api.runtime.RuntimeServiceTest
Tests run: 57, Failures: 0, Errors: 0, Skipped: 0, Time elapsed: 0.004 sec - in org.activiti.engine.test.api.runtime.RuntimeServiceTest
Running org.activiti.engine.test.api.runtime.RuntimeVariablesTest
Tests run: 3, Failures: 0, Errors: 0, Skipped: 0, Time elapsed: 0 sec - in org.activiti.engine.test.api.runtime.RuntimeVariablesTest
Running org.activiti.engine.test.api.runtime.TaskInvolvementTest
Tests run: 6, Failures: 0, Errors: 0, Skipped: 0, Time elapsed: 0.001 sec - in org.activiti.engine.test.api.runtime.TaskInvolvementTest
Running org.activiti.engine.test.api.task.DelegateTaskTest
Tests run: 2, Failures: 0, Errors: 0, Skipped: 0, Time elapsed: 0 sec - in org.activiti.engine.test.api.task.DelegateTaskTest
Running org.activiti.engine.test.api.task.SubTaskQueryTest
Tests run: 7, Failures: 0, Errors: 0, Skipped: 0, Time elapsed: 0.001 sec - in org.activiti.engine.test.api.task.SubTaskQueryTest
Running org.activiti.engine.test.api.task.SubTaskTest
Tests run: 2, Failures: 0, Errors: 0, Skipped: 0, Time elapsed: 0 sec - in org.activiti.engine.test.api.task.SubTaskTest
Running org.activiti.engine.test.api.task.TaskAndVariablesQueryTest
Tests run: 6, Failures: 0, Errors: 0, Skipped: 0, Time elapsed: 0 sec - in org.activiti.engine.test.api.task.TaskAndVariablesQueryTest
Running org.activiti.engine.test.api.task.TaskBatchDeleteTest
Tests run: 2, Failures: 0, Errors: 0, Skipped: 0, Time elapsed: 0.001 sec - in org.activiti.engine.test.api.task.TaskBatchDeleteTest
Running org.activiti.engine.test.api.task.TaskDueDateTest
Tests run: 1, Failures: 0, Errors: 0, Skipped: 0, Time elapsed: 0 sec - in org.activiti.engine.test.api.task.TaskDueDateTest
Running org.activiti.engine.test.api.task.TaskIdentityLinksTest
Tests run: 9, Failures: 0, Errors: 0, Skipped: 0, Time elapsed: 0 sec - in org.activiti.engine.test.api.task.TaskIdentityLinksTest
Running org.activiti.engine.test.api.task.TaskInfoQueryTest
Tests run: 1, Failures: 0, Errors: 0, Skipped: 0, Time elapsed: 0 sec - in org.activiti.engine.test.api.task.TaskInfoQueryTest
Running org.activiti.engine.test.api.task.TaskQueryTest
Tests run: 127, Failures: 0, Errors: 0, Skipped: 0, Time elapsed: 0.007 sec - in org.activiti.engine.test.api.task.TaskQueryTest
Running org.activiti.engine.test.api.task.TaskServiceTest
Tests run: 84, Failures: 1, Errors: 0, Skipped: 0, Time elapsed: 0.007 sec <<< FAILURE! - in org.activiti.engine.test.api.task.TaskServiceTest
testGetVariableByHistoricActivityInstance(org.activiti.engine.test.api.task.TaskServiceTest)  Time elapsed: 0.001 sec  <<< FAILURE!
junit.framework.AssertionFailedError: expected:<value1> but was:<value2>
	at junit.framework.Assert.fail(Assert.java:57)
	at junit.framework.Assert.failNotEquals(Assert.java:329)
	at junit.framework.Assert.assertEquals(Assert.java:78)
	at junit.framework.Assert.assertEquals(Assert.java:86)
	at junit.framework.TestCase.assertEquals(TestCase.java:253)
	at org.activiti.engine.test.api.task.TaskServiceTest.testGetVariableByHistoricActivityInstance(TaskServiceTest.java:1291)
	at sun.reflect.NativeMethodAccessorImpl.invoke0(Native Method)
	at sun.reflect.NativeMethodAccessorImpl.invoke(NativeMethodAccessorImpl.java:57)
	at sun.reflect.DelegatingMethodAccessorImpl.invoke(DelegatingMethodAccessorImpl.java:43)
	at java.lang.reflect.Method.invoke(Method.java:606)
	at junit.framework.TestCase.runTest(TestCase.java:176)
	at org.activiti.engine.impl.test.PvmTestCase.runTest(PvmTestCase.java:65)
	at junit.framework.TestCase.runBare(TestCase.java:141)
	at org.activiti.engine.impl.test.AbstractActivitiTestCase.runBare(AbstractActivitiTestCase.java:104)
	at junit.framework.TestResult$1.protect(TestResult.java:122)
	at junit.framework.TestResult.runProtected(TestResult.java:142)
	at junit.framework.TestResult.run(TestResult.java:125)
	at junit.framework.TestCase.run(TestCase.java:129)
	at junit.framework.TestSuite.runTest(TestSuite.java:252)
	at junit.framework.TestSuite.run(TestSuite.java:247)
	at org.junit.internal.runners.JUnit38ClassRunner.run(JUnit38ClassRunner.java:86)
	at org.apache.maven.surefire.junit4.JUnit4Provider.execute(JUnit4Provider.java:283)
	at org.apache.maven.surefire.junit4.JUnit4Provider.executeWithRerun(JUnit4Provider.java:173)
	at org.apache.maven.surefire.junit4.JUnit4Provider.executeTestSet(JUnit4Provider.java:153)
	at org.apache.maven.surefire.junit4.JUnit4Provider.invoke(JUnit4Provider.java:128)
	at org.apache.maven.surefire.booter.ForkedBooter.invokeProviderInSameClassLoader(ForkedBooter.java:203)
	at org.apache.maven.surefire.booter.ForkedBooter.runSuitesInProcess(ForkedBooter.java:155)
	at org.apache.maven.surefire.booter.ForkedBooter.main(ForkedBooter.java:103)

Running org.activiti.engine.test.api.task.TaskVariablesTest
Tests run: 7, Failures: 0, Errors: 0, Skipped: 0, Time elapsed: 0.001 sec - in org.activiti.engine.test.api.task.TaskVariablesTest
Running org.activiti.engine.test.api.tenant.TenancyTest
Tests run: 22, Failures: 0, Errors: 0, Skipped: 0, Time elapsed: 0.003 sec - in org.activiti.engine.test.api.tenant.TenancyTest
Running org.activiti.engine.test.api.variables.VariablesTest
Tests run: 11, Failures: 0, Errors: 0, Skipped: 0, Time elapsed: 0.245 sec - in org.activiti.engine.test.api.variables.VariablesTest
Running org.activiti.engine.test.bpmn.StartToEndTest
Tests run: 4, Failures: 0, Errors: 0, Skipped: 0, Time elapsed: 0.038 sec - in org.activiti.engine.test.bpmn.StartToEndTest
Running org.activiti.engine.test.bpmn.async.AsyncEmailTaskTest
Tests run: 2, Failures: 0, Errors: 0, Skipped: 0, Time elapsed: 0.767 sec - in org.activiti.engine.test.bpmn.async.AsyncEmailTaskTest
Running org.activiti.engine.test.bpmn.async.AsyncExclusiveJobsTest
Tests run: 1, Failures: 0, Errors: 0, Skipped: 0, Time elapsed: 13.536 sec - in org.activiti.engine.test.bpmn.async.AsyncExclusiveJobsTest
Running org.activiti.engine.test.bpmn.async.AsyncTaskTest
Tests run: 14, Failures: 0, Errors: 0, Skipped: 0, Time elapsed: 3.044 sec - in org.activiti.engine.test.bpmn.async.AsyncTaskTest
Running org.activiti.engine.test.bpmn.callactivity.CallActivityAdvancedTest
Tests run: 10, Failures: 0, Errors: 0, Skipped: 0, Time elapsed: 5.473 sec - in org.activiti.engine.test.bpmn.callactivity.CallActivityAdvancedTest
Running org.activiti.engine.test.bpmn.deployment.BpmnDeploymentTest
Tests run: 13, Failures: 0, Errors: 0, Skipped: 0, Time elapsed: 0.002 sec - in org.activiti.engine.test.bpmn.deployment.BpmnDeploymentTest
Running org.activiti.engine.test.bpmn.deployment.MessageEventsAndNewVersionDeploymentsTest
Tests run: 15, Failures: 0, Errors: 0, Skipped: 0, Time elapsed: 0.003 sec - in org.activiti.engine.test.bpmn.deployment.MessageEventsAndNewVersionDeploymentsTest
Running org.activiti.engine.test.bpmn.deployment.MessageEventsAndNewVersionDeploymentsWithTenantIdTest
Tests run: 15, Failures: 0, Errors: 0, Skipped: 0, Time elapsed: 0.002 sec - in org.activiti.engine.test.bpmn.deployment.MessageEventsAndNewVersionDeploymentsWithTenantIdTest
Running org.activiti.engine.test.bpmn.deployment.SignalEventsAndNewVersionDeploymentsTest
Tests run: 15, Failures: 0, Errors: 0, Skipped: 0, Time elapsed: 0.001 sec - in org.activiti.engine.test.bpmn.deployment.SignalEventsAndNewVersionDeploymentsTest
Running org.activiti.engine.test.bpmn.deployment.TimerEventsAndNewVersionDeploymentsTest
Tests run: 3, Failures: 0, Errors: 0, Skipped: 0, Time elapsed: 0.001 sec - in org.activiti.engine.test.bpmn.deployment.TimerEventsAndNewVersionDeploymentsTest
Running org.activiti.engine.test.bpmn.event.IntermediateNoneEventTest
Tests run: 1, Failures: 0, Errors: 0, Skipped: 0, Time elapsed: 0 sec - in org.activiti.engine.test.bpmn.event.IntermediateNoneEventTest
Running org.activiti.engine.test.bpmn.event.MessageEventDefinitionWithExtensionElementsTest
Tests run: 1, Failures: 0, Errors: 0, Skipped: 0, Time elapsed: 0 sec - in org.activiti.engine.test.bpmn.event.MessageEventDefinitionWithExtensionElementsTest
Running org.activiti.engine.test.bpmn.event.compensate.CompensateEventTest
Tests run: 9, Failures: 0, Errors: 0, Skipped: 0, Time elapsed: 0.001 sec - in org.activiti.engine.test.bpmn.event.compensate.CompensateEventTest
Running org.activiti.engine.test.bpmn.event.end.EndEventTest
Tests run: 1, Failures: 0, Errors: 0, Skipped: 0, Time elapsed: 1.567 sec - in org.activiti.engine.test.bpmn.event.end.EndEventTest
Running org.activiti.engine.test.bpmn.event.end.TerminateEndEventTest
Tests run: 46, Failures: 0, Errors: 0, Skipped: 0, Time elapsed: 0.006 sec - in org.activiti.engine.test.bpmn.event.end.TerminateEndEventTest
Running org.activiti.engine.test.bpmn.event.error.BoundaryErrorEventTest
Tests run: 36, Failures: 0, Errors: 0, Skipped: 0, Time elapsed: 0.003 sec - in org.activiti.engine.test.bpmn.event.error.BoundaryErrorEventTest
Running org.activiti.engine.test.bpmn.event.error.ErrorEventSubProcessTest
Tests run: 8, Failures: 0, Errors: 0, Skipped: 0, Time elapsed: 0.001 sec - in org.activiti.engine.test.bpmn.event.error.ErrorEventSubProcessTest
Running org.activiti.engine.test.bpmn.event.error.mapError.BoundaryErrorMapTest
Tests run: 6, Failures: 0, Errors: 0, Skipped: 0, Time elapsed: 0.001 sec - in org.activiti.engine.test.bpmn.event.error.mapError.BoundaryErrorMapTest
Running org.activiti.engine.test.bpmn.event.message.MessageBoundaryEventTest
Tests run: 10, Failures: 1, Errors: 0, Skipped: 0, Time elapsed: 0.001 sec <<< FAILURE! - in org.activiti.engine.test.bpmn.event.message.MessageBoundaryEventTest
testMessageOnUserTask(org.activiti.engine.test.bpmn.event.message.MessageBoundaryEventTest)  Time elapsed: 0 sec  <<< FAILURE!
junit.framework.AssertionFailedError: Activity should have not ended yet
	at junit.framework.Assert.fail(Assert.java:57)
	at junit.framework.Assert.assertTrue(Assert.java:22)
	at junit.framework.Assert.assertNull(Assert.java:277)
	at junit.framework.TestCase.assertNull(TestCase.java:447)
	at org.activiti.engine.test.bpmn.event.message.MessageBoundaryEventTest.testMessageOnUserTask(MessageBoundaryEventTest.java:722)
	at sun.reflect.NativeMethodAccessorImpl.invoke0(Native Method)
	at sun.reflect.NativeMethodAccessorImpl.invoke(NativeMethodAccessorImpl.java:57)
	at sun.reflect.DelegatingMethodAccessorImpl.invoke(DelegatingMethodAccessorImpl.java:43)
	at java.lang.reflect.Method.invoke(Method.java:606)
	at junit.framework.TestCase.runTest(TestCase.java:176)
	at org.activiti.engine.impl.test.PvmTestCase.runTest(PvmTestCase.java:65)
	at junit.framework.TestCase.runBare(TestCase.java:141)
	at org.activiti.engine.impl.test.AbstractActivitiTestCase.runBare(AbstractActivitiTestCase.java:104)
	at junit.framework.TestResult$1.protect(TestResult.java:122)
	at junit.framework.TestResult.runProtected(TestResult.java:142)
	at junit.framework.TestResult.run(TestResult.java:125)
	at junit.framework.TestCase.run(TestCase.java:129)
	at junit.framework.TestSuite.runTest(TestSuite.java:252)
	at junit.framework.TestSuite.run(TestSuite.java:247)
	at org.junit.internal.runners.JUnit38ClassRunner.run(JUnit38ClassRunner.java:86)
	at org.apache.maven.surefire.junit4.JUnit4Provider.execute(JUnit4Provider.java:283)
	at org.apache.maven.surefire.junit4.JUnit4Provider.executeWithRerun(JUnit4Provider.java:173)
	at org.apache.maven.surefire.junit4.JUnit4Provider.executeTestSet(JUnit4Provider.java:153)
	at org.apache.maven.surefire.junit4.JUnit4Provider.invoke(JUnit4Provider.java:128)
	at org.apache.maven.surefire.booter.ForkedBooter.invokeProviderInSameClassLoader(ForkedBooter.java:203)
	at org.apache.maven.surefire.booter.ForkedBooter.runSuitesInProcess(ForkedBooter.java:155)
	at org.apache.maven.surefire.booter.ForkedBooter.main(ForkedBooter.java:103)

Running org.activiti.engine.test.bpmn.event.message.MessageEventSubprocessTest
Tests run: 2, Failures: 0, Errors: 0, Skipped: 0, Time elapsed: 6.33 sec - in org.activiti.engine.test.bpmn.event.message.MessageEventSubprocessTest
Running org.activiti.engine.test.bpmn.event.message.MessageIntermediateEventTest
Tests run: 3, Failures: 0, Errors: 0, Skipped: 0, Time elapsed: 0.001 sec - in org.activiti.engine.test.bpmn.event.message.MessageIntermediateEventTest
Running org.activiti.engine.test.bpmn.event.message.MessageNonInterruptingBoundaryEventTest
Tests run: 1, Failures: 0, Errors: 0, Skipped: 0, Time elapsed: 0 sec - in org.activiti.engine.test.bpmn.event.message.MessageNonInterruptingBoundaryEventTest
Running org.activiti.engine.test.bpmn.event.message.MessageStartEventTest
Tests run: 7, Failures: 0, Errors: 0, Skipped: 0, Time elapsed: 0.002 sec - in org.activiti.engine.test.bpmn.event.message.MessageStartEventTest
Running org.activiti.engine.test.bpmn.event.signal.SignalEventTest
Tests run: 35, Failures: 1, Errors: 0, Skipped: 0, Time elapsed: 0.003 sec <<< FAILURE! - in org.activiti.engine.test.bpmn.event.signal.SignalEventTest
testSignalOnUserTask(org.activiti.engine.test.bpmn.event.signal.SignalEventTest)  Time elapsed: 0 sec  <<< FAILURE!
junit.framework.AssertionFailedError: Activity should have not ended yet
	at junit.framework.Assert.fail(Assert.java:57)
	at junit.framework.Assert.assertTrue(Assert.java:22)
	at junit.framework.Assert.assertNull(Assert.java:277)
	at junit.framework.TestCase.assertNull(TestCase.java:447)
	at org.activiti.engine.test.bpmn.event.signal.SignalEventTest.testSignalOnUserTask(SignalEventTest.java:753)
	at sun.reflect.NativeMethodAccessorImpl.invoke0(Native Method)
	at sun.reflect.NativeMethodAccessorImpl.invoke(NativeMethodAccessorImpl.java:57)
	at sun.reflect.DelegatingMethodAccessorImpl.invoke(DelegatingMethodAccessorImpl.java:43)
	at java.lang.reflect.Method.invoke(Method.java:606)
	at junit.framework.TestCase.runTest(TestCase.java:176)
	at org.activiti.engine.impl.test.PvmTestCase.runTest(PvmTestCase.java:65)
	at junit.framework.TestCase.runBare(TestCase.java:141)
	at org.activiti.engine.impl.test.AbstractActivitiTestCase.runBare(AbstractActivitiTestCase.java:104)
	at junit.framework.TestResult$1.protect(TestResult.java:122)
	at junit.framework.TestResult.runProtected(TestResult.java:142)
	at junit.framework.TestResult.run(TestResult.java:125)
	at junit.framework.TestCase.run(TestCase.java:129)
	at junit.framework.TestSuite.runTest(TestSuite.java:252)
	at junit.framework.TestSuite.run(TestSuite.java:247)
	at org.junit.internal.runners.JUnit38ClassRunner.run(JUnit38ClassRunner.java:86)
	at org.apache.maven.surefire.junit4.JUnit4Provider.execute(JUnit4Provider.java:283)
	at org.apache.maven.surefire.junit4.JUnit4Provider.executeWithRerun(JUnit4Provider.java:173)
	at org.apache.maven.surefire.junit4.JUnit4Provider.executeTestSet(JUnit4Provider.java:153)
	at org.apache.maven.surefire.junit4.JUnit4Provider.invoke(JUnit4Provider.java:128)
	at org.apache.maven.surefire.booter.ForkedBooter.invokeProviderInSameClassLoader(ForkedBooter.java:203)
	at org.apache.maven.surefire.booter.ForkedBooter.runSuitesInProcess(ForkedBooter.java:155)
	at org.apache.maven.surefire.booter.ForkedBooter.main(ForkedBooter.java:103)

Running org.activiti.engine.test.bpmn.event.timer.BoundaryTimerEventFullHistoryTest
Tests run: 1, Failures: 0, Errors: 0, Skipped: 0, Time elapsed: 0 sec - in org.activiti.engine.test.bpmn.event.timer.BoundaryTimerEventFullHistoryTest
Running org.activiti.engine.test.bpmn.event.timer.BoundaryTimerEventTest
Tests run: 10, Failures: 0, Errors: 0, Skipped: 0, Time elapsed: 0.002 sec - in org.activiti.engine.test.bpmn.event.timer.BoundaryTimerEventTest
Running org.activiti.engine.test.bpmn.event.timer.BoundaryTimerNonInterruptingEventTest
Tests run: 10, Failures: 1, Errors: 0, Skipped: 0, Time elapsed: 3.13 sec <<< FAILURE! - in org.activiti.engine.test.bpmn.event.timer.BoundaryTimerNonInterruptingEventTest
testTimerOnUserTask(org.activiti.engine.test.bpmn.event.timer.BoundaryTimerNonInterruptingEventTest)  Time elapsed: 0 sec  <<< FAILURE!
junit.framework.AssertionFailedError: Activity should have not ended yet
	at junit.framework.Assert.fail(Assert.java:57)
	at junit.framework.Assert.assertTrue(Assert.java:22)
	at junit.framework.Assert.assertNull(Assert.java:277)
	at junit.framework.TestCase.assertNull(TestCase.java:447)
	at org.activiti.engine.test.bpmn.event.timer.BoundaryTimerNonInterruptingEventTest.testTimerOnUserTask(BoundaryTimerNonInterruptingEventTest.java:119)
	at sun.reflect.NativeMethodAccessorImpl.invoke0(Native Method)
	at sun.reflect.NativeMethodAccessorImpl.invoke(NativeMethodAccessorImpl.java:57)
	at sun.reflect.DelegatingMethodAccessorImpl.invoke(DelegatingMethodAccessorImpl.java:43)
	at java.lang.reflect.Method.invoke(Method.java:606)
	at junit.framework.TestCase.runTest(TestCase.java:176)
	at org.activiti.engine.impl.test.PvmTestCase.runTest(PvmTestCase.java:65)
	at junit.framework.TestCase.runBare(TestCase.java:141)
	at org.activiti.engine.impl.test.AbstractActivitiTestCase.runBare(AbstractActivitiTestCase.java:104)
	at junit.framework.TestResult$1.protect(TestResult.java:122)
	at junit.framework.TestResult.runProtected(TestResult.java:142)
	at junit.framework.TestResult.run(TestResult.java:125)
	at junit.framework.TestCase.run(TestCase.java:129)
	at junit.framework.TestSuite.runTest(TestSuite.java:252)
	at junit.framework.TestSuite.run(TestSuite.java:247)
	at org.junit.internal.runners.JUnit38ClassRunner.run(JUnit38ClassRunner.java:86)
	at org.apache.maven.surefire.junit4.JUnit4Provider.execute(JUnit4Provider.java:283)
	at org.apache.maven.surefire.junit4.JUnit4Provider.executeWithRerun(JUnit4Provider.java:173)
	at org.apache.maven.surefire.junit4.JUnit4Provider.executeTestSet(JUnit4Provider.java:153)
	at org.apache.maven.surefire.junit4.JUnit4Provider.invoke(JUnit4Provider.java:128)
	at org.apache.maven.surefire.booter.ForkedBooter.invokeProviderInSameClassLoader(ForkedBooter.java:203)
	at org.apache.maven.surefire.booter.ForkedBooter.runSuitesInProcess(ForkedBooter.java:155)
	at org.apache.maven.surefire.booter.ForkedBooter.main(ForkedBooter.java:103)

Running org.activiti.engine.test.bpmn.event.timer.IntermediateTimerEventRepeatWithEndTest
Tests run: 1, Failures: 0, Errors: 0, Skipped: 0, Time elapsed: 2.762 sec - in org.activiti.engine.test.bpmn.event.timer.IntermediateTimerEventRepeatWithEndTest
Running org.activiti.engine.test.bpmn.event.timer.IntermediateTimerEventTest
Tests run: 5, Failures: 0, Errors: 0, Skipped: 0, Time elapsed: 0.226 sec - in org.activiti.engine.test.bpmn.event.timer.IntermediateTimerEventTest
Running org.activiti.engine.test.bpmn.event.timer.StartTimerEventRepeatWithEndExpressionTest
Tests run: 1, Failures: 0, Errors: 0, Skipped: 0, Time elapsed: 2.224 sec - in org.activiti.engine.test.bpmn.event.timer.StartTimerEventRepeatWithEndExpressionTest
Running org.activiti.engine.test.bpmn.event.timer.StartTimerEventRepeatWithEndTest
Tests run: 1, Failures: 0, Errors: 0, Skipped: 0, Time elapsed: 0.001 sec - in org.activiti.engine.test.bpmn.event.timer.StartTimerEventRepeatWithEndTest
Running org.activiti.engine.test.bpmn.event.timer.StartTimerEventRepeatWithoutEndDateTest
Tests run: 1, Failures: 0, Errors: 0, Skipped: 0, Time elapsed: 8.99 sec - in org.activiti.engine.test.bpmn.event.timer.StartTimerEventRepeatWithoutEndDateTest
Running org.activiti.engine.test.bpmn.event.timer.StartTimerEventTest
Tests run: 12, Failures: 0, Errors: 0, Skipped: 0, Time elapsed: 1.712 sec - in org.activiti.engine.test.bpmn.event.timer.StartTimerEventTest
Running org.activiti.engine.test.bpmn.event.timer.TimeExpressionTest
Tests run: 6, Failures: 0, Errors: 0, Skipped: 0, Time elapsed: 0.145 sec - in org.activiti.engine.test.bpmn.event.timer.TimeExpressionTest
Running org.activiti.engine.test.bpmn.event.timer.TimerCustomCalendarTest
Tests run: 4, Failures: 0, Errors: 0, Skipped: 0, Time elapsed: 1.528 sec - in org.activiti.engine.test.bpmn.event.timer.TimerCustomCalendarTest
Running org.activiti.engine.test.bpmn.event.timer.compatibility.BoundaryTimerEventRepeatCompatibilityTest
Tests run: 1, Failures: 0, Errors: 0, Skipped: 0, Time elapsed: 20.648 sec - in org.activiti.engine.test.bpmn.event.timer.compatibility.BoundaryTimerEventRepeatCompatibilityTest
Running org.activiti.engine.test.bpmn.event.timer.compatibility.IntermediateTimerEventRepeatCompatibilityTest
Tests run: 1, Failures: 0, Errors: 0, Skipped: 0, Time elapsed: 3.035 sec - in org.activiti.engine.test.bpmn.event.timer.compatibility.IntermediateTimerEventRepeatCompatibilityTest
Running org.activiti.engine.test.bpmn.event.timer.compatibility.StartTimerEventRepeatCompatibilityTest
Tests run: 1, Failures: 0, Errors: 0, Skipped: 0, Time elapsed: 10.545 sec - in org.activiti.engine.test.bpmn.event.timer.compatibility.StartTimerEventRepeatCompatibilityTest
Running org.activiti.engine.test.bpmn.exclusive.ExclusiveTaskTest
Tests run: 3, Failures: 0, Errors: 0, Skipped: 0, Time elapsed: 4.659 sec - in org.activiti.engine.test.bpmn.exclusive.ExclusiveTaskTest
Running org.activiti.engine.test.bpmn.exclusive.ExclusiveTimerEventTest
Tests run: 1, Failures: 0, Errors: 0, Skipped: 0, Time elapsed: 0.799 sec - in org.activiti.engine.test.bpmn.exclusive.ExclusiveTimerEventTest
Running org.activiti.engine.test.bpmn.gateway.EventBasedGatewayTest
Tests run: 4, Failures: 0, Errors: 0, Skipped: 0, Time elapsed: 0.002 sec - in org.activiti.engine.test.bpmn.gateway.EventBasedGatewayTest
Running org.activiti.engine.test.bpmn.gateway.ExclusiveGatewayTest
Tests run: 14, Failures: 0, Errors: 0, Skipped: 0, Time elapsed: 0.001 sec - in org.activiti.engine.test.bpmn.gateway.ExclusiveGatewayTest
Running org.activiti.engine.test.bpmn.gateway.InclusiveGatewayDefaultFlowTest
Tests run: 2, Failures: 0, Errors: 0, Skipped: 0, Time elapsed: 0.001 sec - in org.activiti.engine.test.bpmn.gateway.InclusiveGatewayDefaultFlowTest
Running org.activiti.engine.test.bpmn.gateway.InclusiveGatewayTest
Tests run: 19, Failures: 0, Errors: 0, Skipped: 0, Time elapsed: 0.334 sec - in org.activiti.engine.test.bpmn.gateway.InclusiveGatewayTest
Running org.activiti.engine.test.bpmn.gateway.ParallelGatewayTest
Tests run: 9, Failures: 0, Errors: 0, Skipped: 0, Time elapsed: 0.695 sec - in org.activiti.engine.test.bpmn.gateway.ParallelGatewayTest
Running org.activiti.engine.test.bpmn.java.EventJavaTest
Tests run: 1, Failures: 0, Errors: 0, Skipped: 0, Time elapsed: 0.001 sec - in org.activiti.engine.test.bpmn.java.EventJavaTest
Running org.activiti.engine.test.bpmn.mail.EmailSendTaskTest
Tests run: 14, Failures: 0, Errors: 0, Skipped: 0, Time elapsed: 2.28 sec - in org.activiti.engine.test.bpmn.mail.EmailSendTaskTest
Running org.activiti.engine.test.bpmn.mail.EmailServiceTaskTest
Tests run: 17, Failures: 0, Errors: 0, Skipped: 0, Time elapsed: 4.658 sec - in org.activiti.engine.test.bpmn.mail.EmailServiceTaskTest
Running org.activiti.engine.test.bpmn.multiinstance.MultiInstanceTest
Tests run: 71, Failures: 0, Errors: 0, Skipped: 0, Time elapsed: 3.255 sec - in org.activiti.engine.test.bpmn.multiinstance.MultiInstanceTest
Running org.activiti.engine.test.bpmn.parallel.ParallelTest
Tests run: 1, Failures: 0, Errors: 0, Skipped: 0, Time elapsed: 0.006 sec - in org.activiti.engine.test.bpmn.parallel.ParallelTest
Running org.activiti.engine.test.bpmn.parse.BpmnParseTest
Tests run: 7, Failures: 0, Errors: 0, Skipped: 0, Time elapsed: 0.114 sec - in org.activiti.engine.test.bpmn.parse.BpmnParseTest
Running org.activiti.engine.test.bpmn.sequenceflow.ConditionalSequenceFlowTest
Tests run: 3, Failures: 0, Errors: 0, Skipped: 0, Time elapsed: 0.038 sec - in org.activiti.engine.test.bpmn.sequenceflow.ConditionalSequenceFlowTest
Running org.activiti.engine.test.bpmn.sequenceflow.DefaultSequenceFlowTest
Tests run: 1, Failures: 0, Errors: 0, Skipped: 0, Time elapsed: 0.014 sec - in org.activiti.engine.test.bpmn.sequenceflow.DefaultSequenceFlowTest
Running org.activiti.engine.test.bpmn.servicetask.CallServiceInServiceTaskTest
Tests run: 3, Failures: 0, Errors: 0, Skipped: 0, Time elapsed: 0.038 sec - in org.activiti.engine.test.bpmn.servicetask.CallServiceInServiceTaskTest
Running org.activiti.engine.test.bpmn.servicetask.DynamicServiceTaskTest
Tests run: 3, Failures: 0, Errors: 0, Skipped: 0, Time elapsed: 0.057 sec - in org.activiti.engine.test.bpmn.servicetask.DynamicServiceTaskTest
Running org.activiti.engine.test.bpmn.servicetask.ServiceTaskVariablesTest
Tests run: 2, Failures: 0, Errors: 0, Skipped: 0, Time elapsed: 1.033 sec - in org.activiti.engine.test.bpmn.servicetask.ServiceTaskVariablesTest
Running org.activiti.engine.test.bpmn.subprocess.CallActivityTest
Tests run: 8, Failures: 0, Errors: 0, Skipped: 0, Time elapsed: 2.432 sec - in org.activiti.engine.test.bpmn.subprocess.CallActivityTest
Running org.activiti.engine.test.bpmn.subprocess.SubProcessTest
Tests run: 16, Failures: 0, Errors: 0, Skipped: 0, Time elapsed: 0.431 sec - in org.activiti.engine.test.bpmn.subprocess.SubProcessTest
Running org.activiti.engine.test.bpmn.subprocess.transaction.TransactionSubProcessTest
Tests run: 11, Failures: 0, Errors: 0, Skipped: 0, Time elapsed: 0.329 sec - in org.activiti.engine.test.bpmn.subprocess.transaction.TransactionSubProcessTest
Running org.activiti.engine.test.bpmn.usertask.DisabledDefinitionInfoCacheTest
Tests run: 2, Failures: 0, Errors: 0, Skipped: 0, Time elapsed: 0.308 sec - in org.activiti.engine.test.bpmn.usertask.DisabledDefinitionInfoCacheTest
Running org.activiti.engine.test.bpmn.usertask.DynamicUserTaskTest
Tests run: 9, Failures: 0, Errors: 0, Skipped: 0, Time elapsed: 0.135 sec - in org.activiti.engine.test.bpmn.usertask.DynamicUserTaskTest
Running org.activiti.engine.test.bpmn.usertask.ImportExportTest
Tests run: 1, Failures: 0, Errors: 0, Skipped: 0, Time elapsed: 0.302 sec - in org.activiti.engine.test.bpmn.usertask.ImportExportTest
Running org.activiti.engine.test.bpmn.usertask.InitiatorTest
Tests run: 2, Failures: 0, Errors: 0, Skipped: 0, Time elapsed: 0 sec - in org.activiti.engine.test.bpmn.usertask.InitiatorTest
Running org.activiti.engine.test.bpmn.usertask.TaskAssignmentCandidateTest
Tests run: 1, Failures: 0, Errors: 0, Skipped: 0, Time elapsed: 0 sec - in org.activiti.engine.test.bpmn.usertask.TaskAssignmentCandidateTest
Running org.activiti.engine.test.bpmn.usertask.TaskAssignmentExtensionsTest
Tests run: 6, Failures: 0, Errors: 0, Skipped: 0, Time elapsed: 0.002 sec - in org.activiti.engine.test.bpmn.usertask.TaskAssignmentExtensionsTest
Running org.activiti.engine.test.bpmn.usertask.TaskDueDateExtensionsTest
Tests run: 4, Failures: 0, Errors: 0, Skipped: 0, Time elapsed: 0.002 sec - in org.activiti.engine.test.bpmn.usertask.TaskDueDateExtensionsTest
Running org.activiti.engine.test.bpmn.usertask.TaskPriorityExtensionsTest
Tests run: 2, Failures: 0, Errors: 0, Skipped: 0, Time elapsed: 0 sec - in org.activiti.engine.test.bpmn.usertask.TaskPriorityExtensionsTest
Running org.activiti.engine.test.bpmn.usertask.UserTaskTest
Tests run: 5, Failures: 0, Errors: 0, Skipped: 0, Time elapsed: 0 sec - in org.activiti.engine.test.bpmn.usertask.UserTaskTest
Running org.activiti.engine.test.cache.ProcessDefinitionCacheTest
Tests run: 2, Failures: 0, Errors: 0, Skipped: 0, Time elapsed: 0.001 sec - in org.activiti.engine.test.cache.ProcessDefinitionCacheTest
Running org.activiti.engine.test.cache.ProcessDefinitionInfoCacheTest
Tests run: 2, Failures: 0, Errors: 0, Skipped: 0, Time elapsed: 0.767 sec - in org.activiti.engine.test.cache.ProcessDefinitionInfoCacheTest
Running org.activiti.engine.test.cfg.RetryInterceptorTest
Tests run: 1, Failures: 0, Errors: 0, Skipped: 0, Time elapsed: 1.551 sec - in org.activiti.engine.test.cfg.RetryInterceptorTest
Running org.activiti.engine.test.cfg.multitenant.MultiTenantProcessEngineTest
Tests run: 2, Failures: 0, Errors: 0, Skipped: 0, Time elapsed: 31.541 sec - in org.activiti.engine.test.cfg.multitenant.MultiTenantProcessEngineTest
Running org.activiti.engine.test.cmd.FailedJobRetryCmdTest
Tests run: 1, Failures: 0, Errors: 0, Skipped: 0, Time elapsed: 0.025 sec - in org.activiti.engine.test.cmd.FailedJobRetryCmdTest
Running org.activiti.engine.test.concurrency.CompetingJobAcquisitionTest
Tests run: 1, Failures: 0, Errors: 0, Skipped: 0, Time elapsed: 0.017 sec - in org.activiti.engine.test.concurrency.CompetingJobAcquisitionTest
Running org.activiti.engine.test.concurrency.CompetingJoinTest
Tests run: 1, Failures: 0, Errors: 0, Skipped: 0, Time elapsed: 0.018 sec - in org.activiti.engine.test.concurrency.CompetingJoinTest
Running org.activiti.engine.test.concurrency.CompetingSignalsTest
Tests run: 2, Failures: 0, Errors: 0, Skipped: 0, Time elapsed: 0.084 sec - in org.activiti.engine.test.concurrency.CompetingSignalsTest
Running org.activiti.engine.test.concurrency.ConcurrentEngineUsageTest
Tests run: 1, Failures: 0, Errors: 0, Skipped: 0, Time elapsed: 0.011 sec - in org.activiti.engine.test.concurrency.ConcurrentEngineUsageTest
Running org.activiti.engine.test.db.ConnectionPoolTest
Tests run: 1, Failures: 0, Errors: 0, Skipped: 0, Time elapsed: 0.212 sec - in org.activiti.engine.test.db.ConnectionPoolTest
Running org.activiti.engine.test.db.DatabaseTablePrefixTest
Tests run: 1, Failures: 0, Errors: 0, Skipped: 0, Time elapsed: 6.369 sec - in org.activiti.engine.test.db.DatabaseTablePrefixTest
Running org.activiti.engine.test.db.DeploymentPersistenceTest
Tests run: 1, Failures: 0, Errors: 0, Skipped: 0, Time elapsed: 0.001 sec - in org.activiti.engine.test.db.DeploymentPersistenceTest
Running org.activiti.engine.test.db.DuplicateVariableInsertTest
Tests run: 2, Failures: 0, Errors: 0, Skipped: 0, Time elapsed: 0.001 sec - in org.activiti.engine.test.db.DuplicateVariableInsertTest
Running org.activiti.engine.test.db.IdGeneratorDataSourceTest
Tests run: 1, Failures: 0, Errors: 0, Skipped: 0, Time elapsed: 0 sec - in org.activiti.engine.test.db.IdGeneratorDataSourceTest
Running org.activiti.engine.test.db.MetaDataTest
Tests run: 1, Failures: 0, Errors: 0, Skipped: 0, Time elapsed: 0.005 sec - in org.activiti.engine.test.db.MetaDataTest
Running org.activiti.engine.test.db.ProcessDefinitionPersistenceTest
Tests run: 4, Failures: 0, Errors: 0, Skipped: 0, Time elapsed: 0.001 sec - in org.activiti.engine.test.db.ProcessDefinitionPersistenceTest
Running org.activiti.engine.test.db.ProcessInstanceMigrationTest
Tests run: 10, Failures: 0, Errors: 0, Skipped: 0, Time elapsed: 0.001 sec - in org.activiti.engine.test.db.ProcessInstanceMigrationTest
Running org.activiti.engine.test.db.ProcessInstanceSuspensionTest
Tests run: 3, Failures: 0, Errors: 0, Skipped: 0, Time elapsed: 0.001 sec - in org.activiti.engine.test.db.ProcessInstanceSuspensionTest
Running org.activiti.engine.test.db.VariableScopeTest
Tests run: 4, Failures: 0, Errors: 0, Skipped: 0, Time elapsed: 0 sec - in org.activiti.engine.test.db.VariableScopeTest
Running org.activiti.engine.test.el.ExpressionManagerTest
Tests run: 3, Failures: 0, Errors: 0, Skipped: 0, Time elapsed: 0 sec - in org.activiti.engine.test.el.ExpressionManagerTest
Running org.activiti.engine.test.history.HistoricActivityInstanceTest
Tests run: 12, Failures: 0, Errors: 0, Skipped: 0, Time elapsed: 0.001 sec - in org.activiti.engine.test.history.HistoricActivityInstanceTest
Running org.activiti.engine.test.history.HistoricProcessInstanceTest
Tests run: 11, Failures: 0, Errors: 0, Skipped: 0, Time elapsed: 0.001 sec - in org.activiti.engine.test.history.HistoricProcessInstanceTest
Running org.activiti.engine.test.history.HistoricTaskInstanceTest
Tests run: 9, Failures: 0, Errors: 0, Skipped: 0, Time elapsed: 0.001 sec - in org.activiti.engine.test.history.HistoricTaskInstanceTest
Running org.activiti.engine.test.history.HistoricTaskInstanceUpdateTest
Tests run: 2, Failures: 0, Errors: 0, Skipped: 0, Time elapsed: 0 sec - in org.activiti.engine.test.history.HistoricTaskInstanceUpdateTest
Running org.activiti.engine.test.history.HistoricVariableInstanceTest
Tests run: 19, Failures: 0, Errors: 0, Skipped: 0, Time elapsed: 0.001 sec - in org.activiti.engine.test.history.HistoricVariableInstanceTest
Running org.activiti.engine.test.jobexecutor.AsyncExecutorTest
Tests run: 5, Failures: 0, Errors: 0, Skipped: 0, Time elapsed: 6.475 sec - in org.activiti.engine.test.jobexecutor.AsyncExecutorTest
Running org.activiti.engine.test.jobexecutor.JobExecutorCmdExceptionTest
Tests run: 2, Failures: 0, Errors: 0, Skipped: 0, Time elapsed: 0.012 sec - in org.activiti.engine.test.jobexecutor.JobExecutorCmdExceptionTest
Running org.activiti.engine.test.jobexecutor.JobExecutorCmdHappyTest
Tests run: 2, Failures: 0, Errors: 0, Skipped: 0, Time elapsed: 0.004 sec - in org.activiti.engine.test.jobexecutor.JobExecutorCmdHappyTest
Running org.activiti.engine.test.jobexecutor.JobExecutorFailRetryTest
Tests run: 1, Failures: 0, Errors: 0, Skipped: 0, Time elapsed: 14.226 sec - in org.activiti.engine.test.jobexecutor.JobExecutorFailRetryTest
Running org.activiti.engine.test.jobexecutor.JobExecutorTest
Tests run: 1, Failures: 0, Errors: 0, Skipped: 0, Time elapsed: 0.207 sec - in org.activiti.engine.test.jobexecutor.JobExecutorTest
Running org.activiti.engine.test.json.JsonTest
Tests run: 2, Failures: 0, Errors: 0, Skipped: 0, Time elapsed: 0.182 sec - in org.activiti.engine.test.json.JsonTest
Running org.activiti.engine.test.logging.mdc.MDCLoggingTest
Tests run: 1, Failures: 0, Errors: 0, Skipped: 0, Time elapsed: 0.092 sec - in org.activiti.engine.test.logging.mdc.MDCLoggingTest
Running org.activiti.engine.test.pvm.PvmBasicLinearExecutionTest
Tests run: 5, Failures: 0, Errors: 0, Skipped: 0, Time elapsed: 0.033 sec - in org.activiti.engine.test.pvm.PvmBasicLinearExecutionTest
Running org.activiti.engine.test.pvm.PvmEmbeddedSubProcessTest
Tests run: 7, Failures: 0, Errors: 0, Skipped: 0, Time elapsed: 0.001 sec - in org.activiti.engine.test.pvm.PvmEmbeddedSubProcessTest
Running org.activiti.engine.test.pvm.PvmEventScopesTest
Tests run: 2, Failures: 0, Errors: 0, Skipped: 0, Time elapsed: 0 sec - in org.activiti.engine.test.pvm.PvmEventScopesTest
Running org.activiti.engine.test.pvm.PvmEventTest
Tests run: 4, Failures: 0, Errors: 0, Skipped: 0, Time elapsed: 0.001 sec - in org.activiti.engine.test.pvm.PvmEventTest
Running org.activiti.engine.test.pvm.PvmParallelEndTest
Tests run: 1, Failures: 0, Errors: 0, Skipped: 0, Time elapsed: 0 sec - in org.activiti.engine.test.pvm.PvmParallelEndTest
Running org.activiti.engine.test.pvm.PvmParallelTest
Tests run: 5, Failures: 0, Errors: 0, Skipped: 0, Time elapsed: 0.001 sec - in org.activiti.engine.test.pvm.PvmParallelTest
Running org.activiti.engine.test.pvm.PvmProcessInstanceEndTest
Tests run: 1, Failures: 0, Errors: 0, Skipped: 0, Time elapsed: 0.001 sec - in org.activiti.engine.test.pvm.PvmProcessInstanceEndTest
Running org.activiti.engine.test.pvm.PvmReusableSubProcessTest
Tests run: 1, Failures: 0, Errors: 0, Skipped: 0, Time elapsed: 0 sec - in org.activiti.engine.test.pvm.PvmReusableSubProcessTest
Running org.activiti.engine.test.pvm.PvmScopeAndEventsTest
Tests run: 2, Failures: 0, Errors: 0, Skipped: 0, Time elapsed: 0 sec - in org.activiti.engine.test.pvm.PvmScopeAndEventsTest
Running org.activiti.engine.test.pvm.PvmScopeWaitStateTest
Tests run: 2, Failures: 0, Errors: 0, Skipped: 0, Time elapsed: 0.001 sec - in org.activiti.engine.test.pvm.PvmScopeWaitStateTest
Running org.activiti.engine.test.pvm.PvmScopesAndConcurrencyTest
Tests run: 6, Failures: 0, Errors: 0, Skipped: 0, Time elapsed: 0.001 sec - in org.activiti.engine.test.pvm.PvmScopesAndConcurrencyTest
Running org.activiti.engine.test.pvm.PvmVariablesTest
Tests run: 1, Failures: 0, Errors: 0, Skipped: 0, Time elapsed: 0 sec - in org.activiti.engine.test.pvm.PvmVariablesTest
Running org.activiti.engine.test.regression.DeleteProcessInstanceTest
Tests run: 1, Failures: 0, Errors: 0, Skipped: 0, Time elapsed: 0.061 sec - in org.activiti.engine.test.regression.DeleteProcessInstanceTest
Running org.activiti.engine.test.regression.ProcessValidationExecutedAfterDeployTest
Tests run: 2, Failures: 0, Errors: 0, Skipped: 0, Time elapsed: 0.026 sec - in org.activiti.engine.test.regression.ProcessValidationExecutedAfterDeployTest
Running org.activiti.engine.test.regression.RegressionTest
Tests run: 1, Failures: 0, Errors: 0, Skipped: 0, Time elapsed: 0.1 sec - in org.activiti.engine.test.regression.RegressionTest
Running org.activiti.engine.test.transactions.TransactionRollbackTest
Tests run: 3, Failures: 0, Errors: 0, Skipped: 0, Time elapsed: 0 sec - in org.activiti.engine.test.transactions.TransactionRollbackTest
Running org.activiti.examples.bpmn.authorization.StartAuthorizationTest
Tests run: 5, Failures: 0, Errors: 0, Skipped: 0, Time elapsed: 0 sec - in org.activiti.examples.bpmn.authorization.StartAuthorizationTest
Running org.activiti.examples.bpmn.callactivity.CallActivityTest
Tests run: 1, Failures: 0, Errors: 0, Skipped: 0, Time elapsed: 0 sec - in org.activiti.examples.bpmn.callactivity.CallActivityTest
Running org.activiti.examples.bpmn.event.error.BoundaryErrorEventTest
Tests run: 1, Failures: 0, Errors: 0, Skipped: 0, Time elapsed: 0 sec - in org.activiti.examples.bpmn.event.error.BoundaryErrorEventTest
Running org.activiti.examples.bpmn.event.timer.BoundaryTimerEventTest
Tests run: 1, Failures: 0, Errors: 0, Skipped: 0, Time elapsed: 0 sec - in org.activiti.examples.bpmn.event.timer.BoundaryTimerEventTest
Running org.activiti.examples.bpmn.executionlistener.CustomFlowExecutionListenerTest
Tests run: 1, Failures: 0, Errors: 0, Skipped: 0, Time elapsed: 0.234 sec - in org.activiti.examples.bpmn.executionlistener.CustomFlowExecutionListenerTest
Running org.activiti.examples.bpmn.executionlistener.ExecutionListenerTest
Tests run: 5, Failures: 0, Errors: 0, Skipped: 0, Time elapsed: 0.095 sec - in org.activiti.examples.bpmn.executionlistener.ExecutionListenerTest
Running org.activiti.examples.bpmn.executionlistener.ScriptExecutionListenerTest
Tests run: 1, Failures: 0, Errors: 0, Skipped: 0, Time elapsed: 0.02 sec - in org.activiti.examples.bpmn.executionlistener.ScriptExecutionListenerTest
Running org.activiti.examples.bpmn.expression.UelExpressionTest
Tests run: 1, Failures: 0, Errors: 0, Skipped: 0, Time elapsed: 0.023 sec - in org.activiti.examples.bpmn.expression.UelExpressionTest
Running org.activiti.examples.bpmn.gateway.ExclusiveGatewayTest
Tests run: 1, Failures: 0, Errors: 0, Skipped: 0, Time elapsed: 0.026 sec - in org.activiti.examples.bpmn.gateway.ExclusiveGatewayTest
Running org.activiti.examples.bpmn.gateway.InclusiveGatewayTest
Tests run: 1, Failures: 0, Errors: 0, Skipped: 0, Time elapsed: 0.036 sec - in org.activiti.examples.bpmn.gateway.InclusiveGatewayTest
Running org.activiti.examples.bpmn.gateway.ParallelGatewayTest
Tests run: 2, Failures: 0, Errors: 0, Skipped: 0, Time elapsed: 0.047 sec - in org.activiti.examples.bpmn.gateway.ParallelGatewayTest
Running org.activiti.examples.bpmn.mail.EmailSendTaskTest
Tests run: 1, Failures: 0, Errors: 0, Skipped: 0, Time elapsed: 0.026 sec - in org.activiti.examples.bpmn.mail.EmailSendTaskTest
Running org.activiti.examples.bpmn.mail.EmailServiceTaskTest
Tests run: 1, Failures: 0, Errors: 0, Skipped: 0, Time elapsed: 0.026 sec - in org.activiti.examples.bpmn.mail.EmailServiceTaskTest
Running org.activiti.examples.bpmn.receivetask.ReceiveTaskTest
Tests run: 1, Failures: 0, Errors: 0, Skipped: 0, Time elapsed: 0.016 sec - in org.activiti.examples.bpmn.receivetask.ReceiveTaskTest
Running org.activiti.examples.bpmn.scripttask.ScriptTaskTest
Tests run: 6, Failures: 0, Errors: 0, Skipped: 0, Time elapsed: 0.146 sec - in org.activiti.examples.bpmn.scripttask.ScriptTaskTest
Running org.activiti.examples.bpmn.servicetask.ExpressionServiceTaskTest
Tests run: 3, Failures: 0, Errors: 0, Skipped: 0, Time elapsed: 0.064 sec - in org.activiti.examples.bpmn.servicetask.ExpressionServiceTaskTest
Running org.activiti.examples.bpmn.servicetask.JavaServiceTaskTest
Tests run: 8, Failures: 0, Errors: 0, Skipped: 0, Time elapsed: 0.109 sec - in org.activiti.examples.bpmn.servicetask.JavaServiceTaskTest
Running org.activiti.examples.bpmn.servicetask.MethodExpressionServiceTaskTest
Tests run: 2, Failures: 0, Errors: 0, Skipped: 0, Time elapsed: 0.034 sec - in org.activiti.examples.bpmn.servicetask.MethodExpressionServiceTaskTest
Running org.activiti.examples.bpmn.shell.ShellTaskTest
Tests run: 4, Failures: 0, Errors: 0, Skipped: 0, Time elapsed: 0.035 sec - in org.activiti.examples.bpmn.shell.ShellTaskTest
Running org.activiti.examples.bpmn.subprocess.SubProcessTest
Tests run: 1, Failures: 0, Errors: 0, Skipped: 0, Time elapsed: 0.019 sec - in org.activiti.examples.bpmn.subprocess.SubProcessTest
Running org.activiti.examples.bpmn.tasklistener.CustomTaskAssignmentTest
Tests run: 6, Failures: 0, Errors: 0, Skipped: 0, Time elapsed: 0.086 sec - in org.activiti.examples.bpmn.tasklistener.CustomTaskAssignmentTest
Running org.activiti.examples.bpmn.tasklistener.ScriptTaskListenerTest
Tests run: 1, Failures: 0, Errors: 0, Skipped: 0, Time elapsed: 0.027 sec - in org.activiti.examples.bpmn.tasklistener.ScriptTaskListenerTest
Running org.activiti.examples.bpmn.tasklistener.TaskListenerTest
Tests run: 8, Failures: 0, Errors: 0, Skipped: 0, Time elapsed: 0.127 sec - in org.activiti.examples.bpmn.tasklistener.TaskListenerTest
Running org.activiti.examples.bpmn.usertask.FinancialReportProcessTest
Tests run: 1, Failures: 0, Errors: 0, Skipped: 0, Time elapsed: 0.038 sec - in org.activiti.examples.bpmn.usertask.FinancialReportProcessTest
Running org.activiti.examples.bpmn.usertask.SkipExpressionUserTaskTest
Tests run: 3, Failures: 0, Errors: 0, Skipped: 0, Time elapsed: 0.049 sec - in org.activiti.examples.bpmn.usertask.SkipExpressionUserTaskTest
Running org.activiti.examples.bpmn.usertask.taskassignee.TaskAssigneeTest
Tests run: 1, Failures: 0, Errors: 0, Skipped: 0, Time elapsed: 0.013 sec - in org.activiti.examples.bpmn.usertask.taskassignee.TaskAssigneeTest
Running org.activiti.examples.bpmn.usertask.taskcandidate.TaskCandidateTest
Tests run: 6, Failures: 0, Errors: 0, Skipped: 0, Time elapsed: 0.103 sec - in org.activiti.examples.bpmn.usertask.taskcandidate.TaskCandidateTest
Running org.activiti.examples.groovy.GroovyScriptTest
Tests run: 2, Failures: 0, Errors: 0, Skipped: 0, Time elapsed: 0.041 sec - in org.activiti.examples.groovy.GroovyScriptTest
Running org.activiti.examples.identity.IdentityTest
Tests run: 5, Failures: 0, Errors: 0, Skipped: 0, Time elapsed: 0.013 sec - in org.activiti.examples.identity.IdentityTest
Running org.activiti.examples.mgmt.ManagementServiceTest
Tests run: 2, Failures: 0, Errors: 0, Skipped: 0, Time elapsed: 0.005 sec - in org.activiti.examples.mgmt.ManagementServiceTest
Running org.activiti.examples.mgmt.TablePageQueryTest
Tests run: 2, Failures: 0, Errors: 0, Skipped: 0, Time elapsed: 0.035 sec - in org.activiti.examples.mgmt.TablePageQueryTest
Running org.activiti.examples.processdefinitions.ProcessDefinitionsTest
Tests run: 3, Failures: 0, Errors: 0, Skipped: 0, Time elapsed: 0.054 sec - in org.activiti.examples.processdefinitions.ProcessDefinitionsTest
Running org.activiti.examples.pvm.PvmTest
Tests run: 3, Failures: 0, Errors: 0, Skipped: 0, Time elapsed: 0 sec - in org.activiti.examples.pvm.PvmTest
Running org.activiti.examples.task.StandaloneTaskTest
Tests run: 5, Failures: 0, Errors: 0, Skipped: 0, Time elapsed: 0.022 sec - in org.activiti.examples.task.StandaloneTaskTest
Running org.activiti.examples.taskforms.TaskFormsTest
Tests run: 2, Failures: 0, Errors: 0, Skipped: 0, Time elapsed: 0.032 sec - in org.activiti.examples.taskforms.TaskFormsTest
Running org.activiti.examples.variables.VariablesTest
Tests run: 6, Failures: 0, Errors: 0, Skipped: 0, Time elapsed: 0.178 sec - in org.activiti.examples.variables.VariablesTest
Running org.activiti.standalone.calendar.AdvancedCycleBusinessCalendarTest
Tests run: 8, Failures: 0, Errors: 0, Skipped: 0, Time elapsed: 0.005 sec - in org.activiti.standalone.calendar.AdvancedCycleBusinessCalendarTest
Running org.activiti.standalone.calendar.CycleBusinessCalendarTest
Tests run: 2, Failures: 0, Errors: 0, Skipped: 0, Time elapsed: 0 sec - in org.activiti.standalone.calendar.CycleBusinessCalendarTest
Running org.activiti.standalone.calendar.DurationBusinessCalendarTest
Tests run: 1, Failures: 0, Errors: 0, Skipped: 0, Time elapsed: 0 sec - in org.activiti.standalone.calendar.DurationBusinessCalendarTest
Running org.activiti.standalone.calendar.DurationHelperTest
Tests run: 14, Failures: 0, Errors: 0, Skipped: 0, Time elapsed: 0.261 sec - in org.activiti.standalone.calendar.DurationHelperTest
Running org.activiti.standalone.cfg.CustomMybatisMapperTest
Tests run: 2, Failures: 0, Errors: 0, Skipped: 0, Time elapsed: 0.504 sec - in org.activiti.standalone.cfg.CustomMybatisMapperTest
Running org.activiti.standalone.cfg.CustomMybatisXMLMapperTest
Tests run: 7, Failures: 0, Errors: 0, Skipped: 0, Time elapsed: 0 sec - in org.activiti.standalone.cfg.CustomMybatisXMLMapperTest
Running org.activiti.standalone.deploy.CustomDeploymentCacheTest
Tests run: 1, Failures: 0, Errors: 0, Skipped: 0, Time elapsed: 0 sec - in org.activiti.standalone.deploy.CustomDeploymentCacheTest
Running org.activiti.standalone.deploy.DeploymentCacheLimitTest
Tests run: 1, Failures: 0, Errors: 0, Skipped: 0, Time elapsed: 0 sec - in org.activiti.standalone.deploy.DeploymentCacheLimitTest
Running org.activiti.standalone.el.ExpressionBeanAccessTest
Tests run: 1, Failures: 0, Errors: 0, Skipped: 0, Time elapsed: 0 sec - in org.activiti.standalone.el.ExpressionBeanAccessTest
Running org.activiti.standalone.escapeclause.DeploymentQueryEscapeClauseTest
Tests run: 3, Failures: 0, Errors: 0, Skipped: 0, Time elapsed: 0 sec - in org.activiti.standalone.escapeclause.DeploymentQueryEscapeClauseTest
Running org.activiti.standalone.escapeclause.ExecutionQueryEscapeClauseTest
Tests run: 5, Failures: 0, Errors: 0, Skipped: 0, Time elapsed: 0.717 sec - in org.activiti.standalone.escapeclause.ExecutionQueryEscapeClauseTest
Running org.activiti.standalone.escapeclause.GroupQueryEscapeClauseTest
Tests run: 1, Failures: 0, Errors: 0, Skipped: 0, Time elapsed: 0.217 sec - in org.activiti.standalone.escapeclause.GroupQueryEscapeClauseTest
Running org.activiti.standalone.escapeclause.HistoricActivityInstanceEscapeClauseTest
Tests run: 1, Failures: 0, Errors: 0, Skipped: 0, Time elapsed: 0 sec - in org.activiti.standalone.escapeclause.HistoricActivityInstanceEscapeClauseTest
Running org.activiti.standalone.escapeclause.HistoricProcessInstanceQueryEscapeClauseTest
Tests run: 6, Failures: 0, Errors: 0, Skipped: 0, Time elapsed: 0.629 sec - in org.activiti.standalone.escapeclause.HistoricProcessInstanceQueryEscapeClauseTest
Running org.activiti.standalone.escapeclause.HistoricTaskQueryEscapeClauseTest
Tests run: 18, Failures: 0, Errors: 0, Skipped: 0, Time elapsed: 5.634 sec - in org.activiti.standalone.escapeclause.HistoricTaskQueryEscapeClauseTest
Running org.activiti.standalone.escapeclause.HistoricVariableInstanceEscapeClauseTest
Tests run: 3, Failures: 0, Errors: 0, Skipped: 0, Time elapsed: 0 sec - in org.activiti.standalone.escapeclause.HistoricVariableInstanceEscapeClauseTest
Running org.activiti.standalone.escapeclause.JobQueryEscapeClauseTest
Tests run: 1, Failures: 0, Errors: 0, Skipped: 0, Time elapsed: 0 sec - in org.activiti.standalone.escapeclause.JobQueryEscapeClauseTest
Running org.activiti.standalone.escapeclause.ModelQueryEscapeClauseTest
Tests run: 3, Failures: 0, Errors: 0, Skipped: 0, Time elapsed: 0 sec - in org.activiti.standalone.escapeclause.ModelQueryEscapeClauseTest
Running org.activiti.standalone.escapeclause.ProcessDefinitionQueryEscapeClauseTest
Tests run: 5, Failures: 0, Errors: 0, Skipped: 0, Time elapsed: 0.751 sec - in org.activiti.standalone.escapeclause.ProcessDefinitionQueryEscapeClauseTest
Running org.activiti.standalone.escapeclause.ProcessInstanceQueryEscapeClauseTest
Tests run: 5, Failures: 0, Errors: 0, Skipped: 0, Time elapsed: 1.269 sec - in org.activiti.standalone.escapeclause.ProcessInstanceQueryEscapeClauseTest
Running org.activiti.standalone.escapeclause.TaskQueryEscapeClauseTest
Tests run: 16, Failures: 0, Errors: 0, Skipped: 0, Time elapsed: 4.552 sec - in org.activiti.standalone.escapeclause.TaskQueryEscapeClauseTest
Running org.activiti.standalone.escapeclause.UserQueryEscapeClauseTest
Tests run: 4, Failures: 0, Errors: 0, Skipped: 0, Time elapsed: 1.596 sec - in org.activiti.standalone.escapeclause.UserQueryEscapeClauseTest
Running org.activiti.standalone.event.EngineEventsTest
Tests run: 1, Failures: 0, Errors: 0, Skipped: 0, Time elapsed: 0.324 sec - in org.activiti.standalone.event.EngineEventsTest
Running org.activiti.standalone.event.EventListenersConfigurationTest
Tests run: 1, Failures: 0, Errors: 0, Skipped: 0, Time elapsed: 0.271 sec - in org.activiti.standalone.event.EventListenersConfigurationTest
Running org.activiti.standalone.event.ProcessDefinitionScopedEventListenerDefinitionTest
Tests run: 4, Failures: 0, Errors: 0, Skipped: 0, Time elapsed: 1.234 sec - in org.activiti.standalone.event.ProcessDefinitionScopedEventListenerDefinitionTest
Running org.activiti.standalone.event.TypedEventListenersConfigurationTest
Tests run: 1, Failures: 0, Errors: 0, Skipped: 0, Time elapsed: 0.181 sec - in org.activiti.standalone.event.TypedEventListenersConfigurationTest
Running org.activiti.standalone.history.BulkDeleteNoHistoryTest
Tests run: 1, Failures: 0, Errors: 0, Skipped: 0, Time elapsed: 1.196 sec - in org.activiti.standalone.history.BulkDeleteNoHistoryTest
Running org.activiti.standalone.history.FullHistoryTest
Tests run: 27, Failures: 0, Errors: 0, Skipped: 0, Time elapsed: 0.105 sec - in org.activiti.standalone.history.FullHistoryTest
Running org.activiti.standalone.idgenerator.UuidGeneratorTest
Tests run: 1, Failures: 0, Errors: 0, Skipped: 0, Time elapsed: 2.088 sec - in org.activiti.standalone.idgenerator.UuidGeneratorTest
Running org.activiti.standalone.initialization.NoDbConnectionTest
Tests run: 1, Failures: 0, Errors: 0, Skipped: 0, Time elapsed: 0.259 sec - in org.activiti.standalone.initialization.NoDbConnectionTest
Running org.activiti.standalone.initialization.ProcessEngineInitializationTest
Tests run: 2, Failures: 0, Errors: 0, Skipped: 0, Time elapsed: 0.539 sec - in org.activiti.standalone.initialization.ProcessEngineInitializationTest
Running org.activiti.standalone.initialization.ProcessEnginesTest
Tests run: 1, Failures: 0, Errors: 0, Skipped: 0, Time elapsed: 0.193 sec - in org.activiti.standalone.initialization.ProcessEnginesTest
Running org.activiti.standalone.interceptor.CommandContextTest
Tests run: 1, Failures: 0, Errors: 0, Skipped: 0, Time elapsed: 0 sec - in org.activiti.standalone.interceptor.CommandContextTest
Running org.activiti.standalone.jpa.HistoricJPAVariableTest
Tests run: 3, Failures: 0, Errors: 0, Skipped: 0, Time elapsed: 0.317 sec - in org.activiti.standalone.jpa.HistoricJPAVariableTest
Running org.activiti.standalone.jpa.JPAEnhancedVariableTest
Tests run: 2, Failures: 0, Errors: 0, Skipped: 0, Time elapsed: 0.257 sec - in org.activiti.standalone.jpa.JPAEnhancedVariableTest
Running org.activiti.standalone.jpa.JPAVariableTest
Tests run: 7, Failures: 0, Errors: 0, Skipped: 0, Time elapsed: 0.428 sec - in org.activiti.standalone.jpa.JPAVariableTest
Running org.activiti.standalone.parsing.BPMNParseHandlerTest
Tests run: 1, Failures: 0, Errors: 0, Skipped: 0, Time elapsed: 0.185 sec - in org.activiti.standalone.parsing.BPMNParseHandlerTest
Running org.activiti.standalone.parsing.ChineseConverterTest
Tests run: 1, Failures: 0, Errors: 0, Skipped: 0, Time elapsed: 0.414 sec - in org.activiti.standalone.parsing.ChineseConverterTest
Running org.activiti.standalone.parsing.CustomActivityBehaviorFactoryTest
Tests run: 1, Failures: 0, Errors: 0, Skipped: 0, Time elapsed: 0.28 sec - in org.activiti.standalone.parsing.CustomActivityBehaviorFactoryTest
Running org.activiti.standalone.parsing.CustomDefaultBpmnParseHandlerTest
Tests run: 1, Failures: 0, Errors: 0, Skipped: 0, Time elapsed: 0.199 sec - in org.activiti.standalone.parsing.CustomDefaultBpmnParseHandlerTest
Running org.activiti.standalone.parsing.CustomListenerFactoryTest
Tests run: 1, Failures: 0, Errors: 0, Skipped: 0, Time elapsed: 0.205 sec - in org.activiti.standalone.parsing.CustomListenerFactoryTest
Running org.activiti.standalone.rules.BusinessRuleTaskTest
Tests run: 1, Failures: 0, Errors: 0, Skipped: 0, Time elapsed: 0.012 sec - in org.activiti.standalone.rules.BusinessRuleTaskTest
Running org.activiti.standalone.rules.RulesDeployerTest
Tests run: 1, Failures: 0, Errors: 0, Skipped: 0, Time elapsed: 1.157 sec - in org.activiti.standalone.rules.RulesDeployerTest
Running org.activiti.standalone.scripting.ScriptBeanAccessTest
Tests run: 1, Failures: 0, Errors: 0, Skipped: 0, Time elapsed: 0.211 sec - in org.activiti.standalone.scripting.ScriptBeanAccessTest
Running org.activiti.standalone.testing.ActivitiRuleJunit4SubclassTest
Tests run: 2, Failures: 0, Errors: 0, Skipped: 0, Time elapsed: 0.526 sec - in org.activiti.standalone.testing.ActivitiRuleJunit4SubclassTest
Running org.activiti.standalone.testing.ActivitiRuleJunit4Test
Tests run: 2, Failures: 0, Errors: 0, Skipped: 0, Time elapsed: 0.53 sec - in org.activiti.standalone.testing.ActivitiRuleJunit4Test
Running org.activiti.standalone.testing.ActivitiTestCaseTest
Tests run: 1, Failures: 0, Errors: 0, Skipped: 0, Time elapsed: 0.025 sec - in org.activiti.standalone.testing.ActivitiTestCaseTest
Running org.activiti.standalone.testing.MockSupportWithActivitiRuleTest
Tests run: 7, Failures: 0, Errors: 0, Skipped: 0, Time elapsed: 0.096 sec - in org.activiti.standalone.testing.MockSupportWithActivitiRuleTest
Running org.activiti.standalone.testing.MockSupportWithActivitiTestCaseTest
Tests run: 7, Failures: 0, Errors: 0, Skipped: 0, Time elapsed: 0.078 sec - in org.activiti.standalone.testing.MockSupportWithActivitiTestCaseTest
Running org.activiti.standalone.validation.DefaultProcessValidatorTest
Tests run: 4, Failures: 0, Errors: 0, Skipped: 0, Time elapsed: 0.004 sec - in org.activiti.standalone.validation.DefaultProcessValidatorTest
Running org.activiti.standalone.validation.DisabledSchemaValidationTest
Tests run: 1, Failures: 0, Errors: 0, Skipped: 0, Time elapsed: 0.237 sec - in org.activiti.standalone.validation.DisabledSchemaValidationTest

Results :

Failed tests: 
  TaskServiceTest>AbstractActivitiTestCase.runBare:104->PvmTestCase.runTest:65->testGetVariableByHistoricActivityInstance:1291 expected:<value1> but was:<value2>
  MessageBoundaryEventTest>AbstractActivitiTestCase.runBare:104->PvmTestCase.runTest:65->testMessageOnUserTask:722 Activity should have not ended yet
  SignalEventTest>AbstractActivitiTestCase.runBare:104->PvmTestCase.runTest:65->testSignalOnUserTask:753 Activity should have not ended yet
  BoundaryTimerNonInterruptingEventTest>AbstractActivitiTestCase.runBare:104->PvmTestCase.runTest:65->testTimerOnUserTask:119 Activity should have not ended yet

Tests run: 1882, Failures: 4, Errors: 0, Skipped: 0

[INFO] ------------------------------------------------------------------------
[INFO] BUILD FAILURE
[INFO] ------------------------------------------------------------------------
[INFO] Total time: 05:48 min
[INFO] Finished at: 2020-03-12T03:07:32-07:00
[INFO] Final Memory: 27M/982M
[INFO] ------------------------------------------------------------------------
[ERROR] Failed to execute goal org.apache.maven.plugins:maven-surefire-plugin:2.18.1:test (default-test) on project activiti-engine: There are test failures.
[ERROR] 
[ERROR] Please refer to /boom/scratch/tmp-rta/Bears_Activiti-Activiti_357660134-359342518_java-7/modules/activiti-engine/target/surefire-reports for the individual test results.
[ERROR] -> [Help 1]
[ERROR] 
[ERROR] To see the full stack trace of the errors, re-run Maven with the -e switch.
[ERROR] Re-run Maven using the -X switch to enable full debug logging.
[ERROR] 
[ERROR] For more information about the errors and possible solutions, please read the following articles:
[ERROR] [Help 1] http://cwiki.apache.org/confluence/display/MAVEN/MojoFailureException
