PID: 50623
bicycle.cs.washington.edu
Job started at Sun Mar 15 11:07:00 PDT 2020
Running checkout, compile, and test under Java-8 on Bears::societe-generale-ci-droid-tasks-consumer-420388707-430936160. Excluding broken tests? false. Running on the buggy version? true.
compile_and_test.py script started at Sun Mar 15 11:07:00 PDT 2020
Previous HEAD position was cae0bf32a Human patch from brettwooldridge/HikariCP This commit is based on the source code from the following commit: http://github.com/brettwooldridge/HikariCP/commit/45912ebb570ff9d54c010da61d1f2c26cc5cd39b The mentioned commit triggered the following Travis build: http://travis-ci.org/brettwooldridge/HikariCP/builds/446106182.
Switched to branch 'societe-generale-ci-droid-tasks-consumer-420388707-430936160'
Note: checking out 'c3d53678e5712b3d85f4cabf49f0d5f8133d6d86'.

You are in 'detached HEAD' state. You can look around, make experimental
changes and commit them, and you can discard any commits you make in this
state without impacting any branches by performing another checkout.

If you want to create a new branch to retain commits you create, you may
do so (now or later) by using -b with the checkout command again. Example:

  git checkout -b <new-branch-name>

HEAD is now at c3d53678e Changes in the tests This commit is based on the source code from the following commit: http://github.com/societe-generale/ci-droid-tasks-consumer/commit/22675d288c728b3ce3bd0a65c823127fa39b070c The mentioned commit triggered the following Travis build: http://travis-ci.org/societe-generale/ci-droid-tasks-consumer/builds/430936160.
Picked up JAVA_TOOL_OPTIONS: -XX:CICompilerCount=2 -XX:ParallelGCThreads=2 -XX:ConcGCThreads=2  
An exception has occurred in the utils.metadata function!
Traceback (most recent call last):
  File "/scratch/jmcampos/RTA/repair_them_all_framework/data/benchmarks-reproducibility/checkout_and_compile_and_metadata_and_test.py", line 129, in <module>
    die()
  File "/scratch/jmcampos/RTA/repair_them_all_framework/data/benchmarks-reproducibility/checkout_and_compile_and_metadata_and_test.py", line 95, in die
    utils.die(msg=msg, checkout_dir=CHECKOUT_DIR)
  File "/scratch/jmcampos/RTA/repair_them_all_framework/script/utils.py", line 35, in die
    sys.exit(1)
SystemExit: 1
Checkout Bears_societe-generale-ci-droid-tasks-consumer_420388707-430936160
Compile Bears_societe-generale-ci-droid-tasks-consumer_420388707-430936160
Compile top-level project
Get module information
[ERROR] The 'com.github.tdurieux:project-config-maven-plugin' has returned a non-zero exit status!
['[ERROR] Failed to execute goal \x1b[32mcom.github.tdurieux:project-config-maven-plugin:1.0-SNAPSHOT:info\x1b[m \x1b[1m(default-cli)\x1b[m on project \x1b[36mci-droid-tasks-consumer-services\x1b[m: \x1b[1;31mExecution default-cli of goal com.github.tdurieux:project-config-maven-plugin:1.0-SNAPSHOT:info failed: String index out of range: 3\x1b[m -> \x1b[1m[Help 1]\x1b[m\n', '[ERROR] \n', '[ERROR] To see the full stack trace of the errors, re-run Maven with the \x1b[1m-e\x1b[m switch.\n', '[ERROR] Re-run Maven using the \x1b[1m-X\x1b[m switch to enable full debug logging.\n', '[ERROR] \n', '[ERROR] For more information about the errors and possible solutions, please read the following articles:\n', '[ERROR] \x1b[1m[Help 1]\x1b[m http://cwiki.apache.org/confluence/display/MAVEN/PluginExecutionException\n']
/scratch/jmcampos/RTA/repair_them_all_framework/data/benchmarks-reproducibility/checkout_and_compile_and_metadata_and_test.py has failed!
