Picked up JAVA_TOOL_OPTIONS: -XX:CICompilerCount=2 -XX:ParallelGCThreads=2 -XX:ConcGCThreads=2 -Djdk.net.URLClassPath.disableClassPathURLCheck=true 
Picked up _JAVA_OPTIONS: -Djdk.net.URLClassPath.disableClassPathURLCheck=true
Apache Maven 3.5.0 (Red Hat 3.5.0-4.3)
Maven home: /opt/rh/rh-maven35/root/usr/share/maven
Java version: 1.7.0_80, vendor: Oracle Corporation
Java home: /scratch/jmcampos/RTA/repair_them_all_framework/jdks/jdk1.7.0_80/jre
Default locale: en_US, platform encoding: UTF-8
OS name: "linux", version: "4.14.158-1.el7.retpoline.x86_64", arch: "amd64", family: "unix"
[INFO] Scanning for projects...
[WARNING] 
[WARNING] Some problems were encountered while building the effective model for org.apache.maven:maven-core:jar:2.0.1-SNAPSHOT
[WARNING] The expression ${version} is deprecated. Please use ${project.version} instead.
[WARNING] 
[WARNING] Some problems were encountered while building the effective model for org.apache.maven:maven-plugin-tools-model:jar:2.0.1-SNAPSHOT
[WARNING] 'build.plugins.plugin.version' for org.codehaus.modello:modello-maven-plugin is missing. @ line 31, column 15
[WARNING] 
[WARNING] It is highly recommended to fix these problems because they threaten the stability of your build.
[WARNING] 
[WARNING] For this reason, future Maven versions might no longer support building such malformed projects.
[WARNING] 
[INFO] ------------------------------------------------------------------------
[INFO] Reactor Build Order:
[INFO] 
[INFO] Maven
[INFO] Maven Model
[INFO] Maven Local Settings Model
[INFO] Maven Repository Metadata Model
[INFO] Maven Artifact
[INFO] Maven Artifact Manager
[INFO] Maven Artifact Test Helper Library
[INFO] Maven Profile Model
[INFO] Maven Project Builder
[INFO] Maven Archiver
[INFO] Maven Plugin Parameter Documenter API
[INFO] Maven Reporting
[INFO] Maven Reporting API
[INFO] Maven Error Diagnostics
[INFO] Maven Plugin Registry Model
[INFO] Maven Plugin API
[INFO] Maven Plugin Descriptor Model
[INFO] Maven Monitor
[INFO] Maven Core
[INFO] Maven Model Converter
[INFO] Maven Plugin Tools Base POM
[INFO] Maven Plugin Tools APIs
[INFO] Maven Plugin Tools for Java
[INFO] Maven Plugin Tools for Beanshell
[INFO] Maven Pluggy Simplistic Plugin Generator
[INFO] Maven Plugin Metadata Model
[INFO] Maven Ant Plugin Tools
[INFO] Maven Reporting
[INFO] Maven Ant Mojo Support
[INFO] Maven Script Support Root
[INFO] Maven Beanshell Mojo Support
[INFO] 
[INFO] ------------------------------------------------------------------------
[INFO] Building Maven 2.0.1-SNAPSHOT
[INFO] ------------------------------------------------------------------------
[INFO] 
[INFO] --- maven-install-plugin:2.4:install (default-install) @ maven ---
[INFO] Installing /tmp/Bugs.jar_Maven_4e955c05_java-7/pom.xml to /tmp/Bugs.jar_Maven_4e955c05_java-7/.m2/org/apache/maven/maven/2.0.1-SNAPSHOT/maven-2.0.1-SNAPSHOT.pom
[INFO] 
[INFO] ------------------------------------------------------------------------
[INFO] Building Maven Model 2.0.1-SNAPSHOT
[INFO] ------------------------------------------------------------------------
[INFO] 
[INFO] --- modello-maven-plugin:1.0-alpha-6:xpp3-writer (default) @ maven-model ---
[INFO] Downloading: https://repo.maven.apache.org/maven2/org/codehaus/plexus/plexus-container-default/1.0-alpha-7/plexus-container-default-1.0-alpha-7.pom
[INFO] Downloaded: https://repo.maven.apache.org/maven2/org/codehaus/plexus/plexus-container-default/1.0-alpha-7/plexus-container-default-1.0-alpha-7.pom (1.3 kB at 3.0 kB/s)
[INFO] Downloading: https://repo.maven.apache.org/maven2/plexus/plexus-containers/1.0.2/plexus-containers-1.0.2.pom
[INFO] Downloaded: https://repo.maven.apache.org/maven2/plexus/plexus-containers/1.0.2/plexus-containers-1.0.2.pom (471 B at 971 B/s)
[INFO] Downloading: https://repo.maven.apache.org/maven2/org/codehaus/modello/modello-plugin-xpp3/1.0-alpha-6/modello-plugin-xpp3-1.0-alpha-6.pom
[INFO] Downloaded: https://repo.maven.apache.org/maven2/org/codehaus/modello/modello-plugin-xpp3/1.0-alpha-6/modello-plugin-xpp3-1.0-alpha-6.pom (8.1 kB at 12 kB/s)
[INFO] Downloading: https://repo.maven.apache.org/maven2/org/codehaus/modello/modello-core/1.0-alpha-6/modello-core-1.0-alpha-6.pom
[INFO] Downloaded: https://repo.maven.apache.org/maven2/org/codehaus/modello/modello-core/1.0-alpha-6/modello-core-1.0-alpha-6.pom (7.6 kB at 692 kB/s)
[INFO] Downloading: https://repo.maven.apache.org/maven2/org/codehaus/modello/modello-plugin-xml/1.0-alpha-6/modello-plugin-xml-1.0-alpha-6.pom
[INFO] Downloaded: https://repo.maven.apache.org/maven2/org/codehaus/modello/modello-plugin-xml/1.0-alpha-6/modello-plugin-xml-1.0-alpha-6.pom (7.9 kB at 16 kB/s)
[INFO] Downloading: https://repo.maven.apache.org/maven2/org/apache/maven/maven-artifact-manager/2.0-beta-3/maven-artifact-manager-2.0-beta-3.pom
[INFO] Downloaded: https://repo.maven.apache.org/maven2/org/apache/maven/maven-artifact-manager/2.0-beta-3/maven-artifact-manager-2.0-beta-3.pom (8.3 kB at 54 kB/s)
[INFO] Downloading: https://repo.maven.apache.org/maven2/org/apache/maven/maven-artifact/2.0-beta-3/maven-artifact-2.0-beta-3.pom
[INFO] Downloaded: https://repo.maven.apache.org/maven2/org/apache/maven/maven-artifact/2.0-beta-3/maven-artifact-2.0-beta-3.pom (7.5 kB at 574 kB/s)
[INFO] Downloading: https://repo.maven.apache.org/maven2/plexus/plexus-utils/1.0.3/plexus-utils-1.0.3.pom
[INFO] Downloaded: https://repo.maven.apache.org/maven2/plexus/plexus-utils/1.0.3/plexus-utils-1.0.3.pom (970 B at 280 B/s)
[INFO] Downloading: https://repo.maven.apache.org/maven2/org/apache/maven/maven-repository-metadata/2.0-beta-3/maven-repository-metadata-2.0-beta-3.pom
[INFO] Downloaded: https://repo.maven.apache.org/maven2/org/apache/maven/maven-repository-metadata/2.0-beta-3/maven-repository-metadata-2.0-beta-3.pom (7.7 kB at 35 kB/s)
[INFO] Downloading: https://repo.maven.apache.org/maven2/log4j/log4j/1.2.8/log4j-1.2.8.pom
[INFO] Downloaded: https://repo.maven.apache.org/maven2/log4j/log4j/1.2.8/log4j-1.2.8.pom (145 B at 5.0 kB/s)
[INFO] Downloading: https://repo.maven.apache.org/maven2/org/codehaus/modello/modello-plugin-xsd/1.0-alpha-6/modello-plugin-xsd-1.0-alpha-6.pom
[INFO] Downloaded: https://repo.maven.apache.org/maven2/org/codehaus/modello/modello-plugin-xsd/1.0-alpha-6/modello-plugin-xsd-1.0-alpha-6.pom (8.1 kB at 25 kB/s)
[INFO] Downloading: https://repo.maven.apache.org/maven2/org/apache/maven/maven-plugin-api/2.0-beta-3/maven-plugin-api-2.0-beta-3.pom
[INFO] Downloaded: https://repo.maven.apache.org/maven2/org/apache/maven/maven-plugin-api/2.0-beta-3/maven-plugin-api-2.0-beta-3.pom (6.9 kB at 2.5 kB/s)
[INFO] Downloading: https://repo.maven.apache.org/maven2/commons-logging/commons-logging/1.0.2/commons-logging-1.0.2.pom
[INFO] Downloaded: https://repo.maven.apache.org/maven2/commons-logging/commons-logging/1.0.2/commons-logging-1.0.2.pom (810 B at 483 B/s)
[INFO] Downloading: https://repo.maven.apache.org/maven2/org/apache/maven/maven-model/2.0-beta-3/maven-model-2.0-beta-3.pom
[INFO] Downloaded: https://repo.maven.apache.org/maven2/org/apache/maven/maven-model/2.0-beta-3/maven-model-2.0-beta-3.pom (7.6 kB at 758 kB/s)
[INFO] Downloading: https://repo.maven.apache.org/maven2/org/apache/maven/wagon/wagon-provider-api/1.0-alpha-4/wagon-provider-api-1.0-alpha-4.pom
[INFO] Downloaded: https://repo.maven.apache.org/maven2/org/apache/maven/wagon/wagon-provider-api/1.0-alpha-4/wagon-provider-api-1.0-alpha-4.pom (306 B at 38 kB/s)
[INFO] Downloading: https://repo.maven.apache.org/maven2/org/apache/maven/wagon/wagon/1.0-alpha-4/wagon-1.0-alpha-4.pom
[INFO] Downloaded: https://repo.maven.apache.org/maven2/org/apache/maven/wagon/wagon/1.0-alpha-4/wagon-1.0-alpha-4.pom (3.1 kB at 1.3 kB/s)
[INFO] Downloading: https://repo.maven.apache.org/maven2/org/apache/maven/maven-profile/2.0-beta-3/maven-profile-2.0-beta-3.pom
[INFO] Downloaded: https://repo.maven.apache.org/maven2/org/apache/maven/maven-profile/2.0-beta-3/maven-profile-2.0-beta-3.pom (8.2 kB at 745 kB/s)
[INFO] Downloading: https://repo.maven.apache.org/maven2/plexus/plexus-velocity/1.1/plexus-velocity-1.1.pom
[INFO] Downloaded: https://repo.maven.apache.org/maven2/plexus/plexus-velocity/1.1/plexus-velocity-1.1.pom (914 B at 836 B/s)
[INFO] Downloading: https://repo.maven.apache.org/maven2/plexus/plexus-components/1.1/plexus-components-1.1.pom
[INFO] Downloaded: https://repo.maven.apache.org/maven2/plexus/plexus-components/1.1/plexus-components-1.1.pom (2.0 kB at 1.1 kB/s)
[INFO] Downloading: https://repo.maven.apache.org/maven2/plexus/plexus-root/1.0/plexus-root-1.0.pom
[INFO] Downloaded: https://repo.maven.apache.org/maven2/plexus/plexus-root/1.0/plexus-root-1.0.pom (4.9 kB at 3.4 kB/s)
[INFO] Downloading: https://repo.maven.apache.org/maven2/plexus/plexus-container-default/1.0-alpha-4/plexus-container-default-1.0-alpha-4.pom
[INFO] Downloaded: https://repo.maven.apache.org/maven2/plexus/plexus-container-default/1.0-alpha-4/plexus-container-default-1.0-alpha-4.pom (806 B at 3.1 kB/s)
[INFO] Downloading: https://repo.maven.apache.org/maven2/plexus/plexus-containers/1.0/plexus-containers-1.0.pom
[INFO] Downloaded: https://repo.maven.apache.org/maven2/plexus/plexus-containers/1.0/plexus-containers-1.0.pom (467 B at 342 B/s)
[INFO] Downloading: https://repo.maven.apache.org/maven2/classworlds/classworlds/1.1-alpha-1/classworlds-1.1-alpha-1.pom
[INFO] Downloaded: https://repo.maven.apache.org/maven2/classworlds/classworlds/1.1-alpha-1/classworlds-1.1-alpha-1.pom (3.1 kB at 2.7 kB/s)
[INFO] Downloading: https://repo.maven.apache.org/maven2/plexus/plexus-utils/1.0-alpha-3/plexus-utils-1.0-alpha-3.pom
[INFO] Downloaded: https://repo.maven.apache.org/maven2/plexus/plexus-utils/1.0-alpha-3/plexus-utils-1.0-alpha-3.pom (319 B at 165 B/s)
[INFO] Downloading: https://repo.maven.apache.org/maven2/org/codehaus/modello/modello-plugin-prevayler/1.0-alpha-6/modello-plugin-prevayler-1.0-alpha-6.pom
[INFO] Downloaded: https://repo.maven.apache.org/maven2/org/codehaus/modello/modello-plugin-prevayler/1.0-alpha-6/modello-plugin-prevayler-1.0-alpha-6.pom (9.1 kB at 41 kB/s)
[INFO] Downloading: https://repo.maven.apache.org/maven2/org/codehaus/modello/modello-plugin-store/1.0-alpha-6/modello-plugin-store-1.0-alpha-6.pom
[INFO] Downloaded: https://repo.maven.apache.org/maven2/org/codehaus/modello/modello-plugin-store/1.0-alpha-6/modello-plugin-store-1.0-alpha-6.pom (8.9 kB at 39 kB/s)
[INFO] Downloading: https://repo.maven.apache.org/maven2/org/apache/maven/maven-project/2.0-beta-3/maven-project-2.0-beta-3.pom
[INFO] Downloaded: https://repo.maven.apache.org/maven2/org/apache/maven/maven-project/2.0-beta-3/maven-project-2.0-beta-3.pom (9.1 kB at 11 kB/s)
[INFO] Downloading: https://repo.maven.apache.org/maven2/org/codehaus/modello/modello-plugin-xdoc/1.0-alpha-6/modello-plugin-xdoc-1.0-alpha-6.pom
[INFO] Downloaded: https://repo.maven.apache.org/maven2/org/codehaus/modello/modello-plugin-xdoc/1.0-alpha-6/modello-plugin-xdoc-1.0-alpha-6.pom (8.1 kB at 3.8 kB/s)
[INFO] Downloading: https://repo.maven.apache.org/maven2/org/codehaus/modello/modello-plugin-jpox/1.0-alpha-6/modello-plugin-jpox-1.0-alpha-6.pom
[INFO] Downloaded: https://repo.maven.apache.org/maven2/org/codehaus/modello/modello-plugin-jpox/1.0-alpha-6/modello-plugin-jpox-1.0-alpha-6.pom (9.1 kB at 12 kB/s)
[INFO] Downloading: https://repo.maven.apache.org/maven2/plexus/plexus-container-default/1.0-alpha-4/plexus-container-default-1.0-alpha-4.jar
[INFO] Downloaded: https://repo.maven.apache.org/maven2/plexus/plexus-container-default/1.0-alpha-4/plexus-container-default-1.0-alpha-4.jar (185 kB at 344 kB/s)
[INFO] outputDirectory: /tmp/Bugs.jar_Maven_4e955c05_java-7/maven-model/target/generated-sources
[INFO] 
[INFO] --- modello-maven-plugin:1.0-alpha-6:java (default) @ maven-model ---
[INFO] outputDirectory: /tmp/Bugs.jar_Maven_4e955c05_java-7/maven-model/target/generated-sources
[INFO] 
[INFO] --- modello-maven-plugin:1.0-alpha-6:xpp3-reader (default) @ maven-model ---
[INFO] outputDirectory: /tmp/Bugs.jar_Maven_4e955c05_java-7/maven-model/target/generated-sources
[INFO] 
[INFO] --- modello-maven-plugin:1.0-alpha-6:xsd (default) @ maven-model ---
[INFO] outputDirectory: /tmp/Bugs.jar_Maven_4e955c05_java-7/maven-model/target/generated-site/xsd
[INFO] 
[INFO] --- maven-resources-plugin:2.6:resources (default-resources) @ maven-model ---
[WARNING] Using platform encoding (UTF-8 actually) to copy filtered resources, i.e. build is platform dependent!
[INFO] skip non existing resourceDirectory /tmp/Bugs.jar_Maven_4e955c05_java-7/maven-model/src/main/resources
[INFO] 
[INFO] --- maven-compiler-plugin:3.1:compile (default-compile) @ maven-model ---
[INFO] Changes detected - recompiling the module!
[WARNING] File encoding has not been set, using platform encoding UTF-8, i.e. build is platform dependent!
[INFO] Compiling 45 source files to /tmp/Bugs.jar_Maven_4e955c05_java-7/maven-model/target/classes
[WARNING] /tmp/Bugs.jar_Maven_4e955c05_java-7/maven-model/target/generated-sources/org/apache/maven/model/io/xpp3/MavenXpp3Reader.java: Some input files use unchecked or unsafe operations.
[WARNING] /tmp/Bugs.jar_Maven_4e955c05_java-7/maven-model/target/generated-sources/org/apache/maven/model/io/xpp3/MavenXpp3Reader.java: Recompile with -Xlint:unchecked for details.
[INFO] 
[INFO] --- maven-resources-plugin:2.6:testResources (default-testResources) @ maven-model ---
[WARNING] Using platform encoding (UTF-8 actually) to copy filtered resources, i.e. build is platform dependent!
[INFO] skip non existing resourceDirectory /tmp/Bugs.jar_Maven_4e955c05_java-7/maven-model/src/test/resources
[INFO] 
[INFO] --- maven-compiler-plugin:3.1:testCompile (default-testCompile) @ maven-model ---
[INFO] No sources to compile
[INFO] 
[INFO] --- maven-surefire-plugin:2.12.4:test (default-test) @ maven-model ---
[INFO] Tests are skipped.
[INFO] 
[INFO] --- maven-jar-plugin:2.4:jar (default-jar) @ maven-model ---
[INFO] Building jar: /tmp/Bugs.jar_Maven_4e955c05_java-7/maven-model/target/maven-model-2.0.1-SNAPSHOT.jar
[INFO] 
[INFO] --- maven-install-plugin:2.4:install (default-install) @ maven-model ---
[INFO] Installing /tmp/Bugs.jar_Maven_4e955c05_java-7/maven-model/target/maven-model-2.0.1-SNAPSHOT.jar to /tmp/Bugs.jar_Maven_4e955c05_java-7/.m2/org/apache/maven/maven-model/2.0.1-SNAPSHOT/maven-model-2.0.1-SNAPSHOT.jar
[INFO] Installing /tmp/Bugs.jar_Maven_4e955c05_java-7/maven-model/pom.xml to /tmp/Bugs.jar_Maven_4e955c05_java-7/.m2/org/apache/maven/maven-model/2.0.1-SNAPSHOT/maven-model-2.0.1-SNAPSHOT.pom
[INFO] 
[INFO] ------------------------------------------------------------------------
[INFO] Building Maven Local Settings Model 2.0.1-SNAPSHOT
[INFO] ------------------------------------------------------------------------
[INFO] 
[INFO] --- modello-maven-plugin:1.0-alpha-6:xpp3-writer (default) @ maven-settings ---
[INFO] outputDirectory: /tmp/Bugs.jar_Maven_4e955c05_java-7/maven-settings/target/generated-sources
[INFO] 
[INFO] --- modello-maven-plugin:1.0-alpha-6:java (default) @ maven-settings ---
[INFO] outputDirectory: /tmp/Bugs.jar_Maven_4e955c05_java-7/maven-settings/target/generated-sources
[INFO] 
[INFO] --- modello-maven-plugin:1.0-alpha-6:xpp3-reader (default) @ maven-settings ---
[INFO] outputDirectory: /tmp/Bugs.jar_Maven_4e955c05_java-7/maven-settings/target/generated-sources
[INFO] 
[INFO] --- maven-resources-plugin:2.6:resources (default-resources) @ maven-settings ---
[WARNING] Using platform encoding (UTF-8 actually) to copy filtered resources, i.e. build is platform dependent!
[INFO] Copying 1 resource
[INFO] 
[INFO] --- maven-compiler-plugin:3.1:compile (default-compile) @ maven-settings ---
[INFO] Changes detected - recompiling the module!
[WARNING] File encoding has not been set, using platform encoding UTF-8, i.e. build is platform dependent!
[INFO] Compiling 20 source files to /tmp/Bugs.jar_Maven_4e955c05_java-7/maven-settings/target/classes
[WARNING] /tmp/Bugs.jar_Maven_4e955c05_java-7/maven-settings/src/main/java/org/apache/maven/settings/RuntimeInfo.java: Some input files use unchecked or unsafe operations.
[WARNING] /tmp/Bugs.jar_Maven_4e955c05_java-7/maven-settings/src/main/java/org/apache/maven/settings/RuntimeInfo.java: Recompile with -Xlint:unchecked for details.
[INFO] 
[INFO] --- maven-resources-plugin:2.6:testResources (default-testResources) @ maven-settings ---
[WARNING] Using platform encoding (UTF-8 actually) to copy filtered resources, i.e. build is platform dependent!
[INFO] skip non existing resourceDirectory /tmp/Bugs.jar_Maven_4e955c05_java-7/maven-settings/src/test/resources
[INFO] 
[INFO] --- maven-compiler-plugin:3.1:testCompile (default-testCompile) @ maven-settings ---
[INFO] Changes detected - recompiling the module!
[WARNING] File encoding has not been set, using platform encoding UTF-8, i.e. build is platform dependent!
[INFO] Compiling 1 source file to /tmp/Bugs.jar_Maven_4e955c05_java-7/maven-settings/target/test-classes
[INFO] 
[INFO] --- maven-surefire-plugin:2.12.4:test (default-test) @ maven-settings ---
[INFO] Tests are skipped.
[INFO] 
[INFO] --- maven-jar-plugin:2.4:jar (default-jar) @ maven-settings ---
[INFO] Building jar: /tmp/Bugs.jar_Maven_4e955c05_java-7/maven-settings/target/maven-settings-2.0.1-SNAPSHOT.jar
[INFO] 
[INFO] --- maven-install-plugin:2.4:install (default-install) @ maven-settings ---
[INFO] Installing /tmp/Bugs.jar_Maven_4e955c05_java-7/maven-settings/target/maven-settings-2.0.1-SNAPSHOT.jar to /tmp/Bugs.jar_Maven_4e955c05_java-7/.m2/org/apache/maven/maven-settings/2.0.1-SNAPSHOT/maven-settings-2.0.1-SNAPSHOT.jar
[INFO] Installing /tmp/Bugs.jar_Maven_4e955c05_java-7/maven-settings/pom.xml to /tmp/Bugs.jar_Maven_4e955c05_java-7/.m2/org/apache/maven/maven-settings/2.0.1-SNAPSHOT/maven-settings-2.0.1-SNAPSHOT.pom
[INFO] 
[INFO] ------------------------------------------------------------------------
[INFO] Building Maven Repository Metadata Model 2.0.1-SNAPSHOT
[INFO] ------------------------------------------------------------------------
[INFO] 
[INFO] --- modello-maven-plugin:1.0-alpha-6:xpp3-writer (default) @ maven-repository-metadata ---
[INFO] outputDirectory: /tmp/Bugs.jar_Maven_4e955c05_java-7/maven-repository-metadata/target/generated-sources
[INFO] 
[INFO] --- modello-maven-plugin:1.0-alpha-6:java (default) @ maven-repository-metadata ---
[INFO] outputDirectory: /tmp/Bugs.jar_Maven_4e955c05_java-7/maven-repository-metadata/target/generated-sources
[INFO] 
[INFO] --- modello-maven-plugin:1.0-alpha-6:xpp3-reader (default) @ maven-repository-metadata ---
[INFO] outputDirectory: /tmp/Bugs.jar_Maven_4e955c05_java-7/maven-repository-metadata/target/generated-sources
[INFO] 
[INFO] --- modello-maven-plugin:1.0-alpha-6:xsd (default) @ maven-repository-metadata ---
[INFO] outputDirectory: /tmp/Bugs.jar_Maven_4e955c05_java-7/maven-repository-metadata/target/generated-site/xsd
[INFO] 
[INFO] --- maven-resources-plugin:2.6:resources (default-resources) @ maven-repository-metadata ---
[WARNING] Using platform encoding (UTF-8 actually) to copy filtered resources, i.e. build is platform dependent!
[INFO] skip non existing resourceDirectory /tmp/Bugs.jar_Maven_4e955c05_java-7/maven-repository-metadata/src/main/resources
[INFO] 
[INFO] --- maven-compiler-plugin:3.1:compile (default-compile) @ maven-repository-metadata ---
[INFO] Changes detected - recompiling the module!
[WARNING] File encoding has not been set, using platform encoding UTF-8, i.e. build is platform dependent!
[INFO] Compiling 6 source files to /tmp/Bugs.jar_Maven_4e955c05_java-7/maven-repository-metadata/target/classes
[WARNING] /tmp/Bugs.jar_Maven_4e955c05_java-7/maven-repository-metadata/target/generated-sources/org/apache/maven/artifact/repository/metadata/Metadata.java: Some input files use unchecked or unsafe operations.
[WARNING] /tmp/Bugs.jar_Maven_4e955c05_java-7/maven-repository-metadata/target/generated-sources/org/apache/maven/artifact/repository/metadata/Metadata.java: Recompile with -Xlint:unchecked for details.
[INFO] 
[INFO] --- maven-resources-plugin:2.6:testResources (default-testResources) @ maven-repository-metadata ---
[WARNING] Using platform encoding (UTF-8 actually) to copy filtered resources, i.e. build is platform dependent!
[INFO] skip non existing resourceDirectory /tmp/Bugs.jar_Maven_4e955c05_java-7/maven-repository-metadata/src/test/resources
[INFO] 
[INFO] --- maven-compiler-plugin:3.1:testCompile (default-testCompile) @ maven-repository-metadata ---
[INFO] No sources to compile
[INFO] 
[INFO] --- maven-surefire-plugin:2.12.4:test (default-test) @ maven-repository-metadata ---
[INFO] Tests are skipped.
[INFO] 
[INFO] --- maven-jar-plugin:2.4:jar (default-jar) @ maven-repository-metadata ---
[INFO] Building jar: /tmp/Bugs.jar_Maven_4e955c05_java-7/maven-repository-metadata/target/maven-repository-metadata-2.0.1-SNAPSHOT.jar
[INFO] 
[INFO] --- maven-install-plugin:2.4:install (default-install) @ maven-repository-metadata ---
[INFO] Installing /tmp/Bugs.jar_Maven_4e955c05_java-7/maven-repository-metadata/target/maven-repository-metadata-2.0.1-SNAPSHOT.jar to /tmp/Bugs.jar_Maven_4e955c05_java-7/.m2/org/apache/maven/maven-repository-metadata/2.0.1-SNAPSHOT/maven-repository-metadata-2.0.1-SNAPSHOT.jar
[INFO] Installing /tmp/Bugs.jar_Maven_4e955c05_java-7/maven-repository-metadata/pom.xml to /tmp/Bugs.jar_Maven_4e955c05_java-7/.m2/org/apache/maven/maven-repository-metadata/2.0.1-SNAPSHOT/maven-repository-metadata-2.0.1-SNAPSHOT.pom
[INFO] 
[INFO] ------------------------------------------------------------------------
[INFO] Building Maven Artifact 2.0.1-SNAPSHOT
[INFO] ------------------------------------------------------------------------
[INFO] 
[INFO] --- maven-resources-plugin:2.6:resources (default-resources) @ maven-artifact ---
[WARNING] Using platform encoding (UTF-8 actually) to copy filtered resources, i.e. build is platform dependent!
[INFO] Copying 1 resource
[INFO] 
[INFO] --- maven-compiler-plugin:3.1:compile (default-compile) @ maven-artifact ---
[INFO] Changes detected - recompiling the module!
[WARNING] File encoding has not been set, using platform encoding UTF-8, i.e. build is platform dependent!
[INFO] Compiling 61 source files to /tmp/Bugs.jar_Maven_4e955c05_java-7/maven-artifact/target/classes
[WARNING] /tmp/Bugs.jar_Maven_4e955c05_java-7/maven-artifact/src/main/java/org/apache/maven/artifact/versioning/VersionRange.java: Some input files use unchecked or unsafe operations.
[WARNING] /tmp/Bugs.jar_Maven_4e955c05_java-7/maven-artifact/src/main/java/org/apache/maven/artifact/versioning/VersionRange.java: Recompile with -Xlint:unchecked for details.
[INFO] 
[INFO] --- maven-resources-plugin:2.6:testResources (default-testResources) @ maven-artifact ---
[WARNING] Using platform encoding (UTF-8 actually) to copy filtered resources, i.e. build is platform dependent!
[INFO] skip non existing resourceDirectory /tmp/Bugs.jar_Maven_4e955c05_java-7/maven-artifact/src/test/resources
[INFO] 
[INFO] --- maven-compiler-plugin:3.1:testCompile (default-testCompile) @ maven-artifact ---
[INFO] Changes detected - recompiling the module!
[WARNING] File encoding has not been set, using platform encoding UTF-8, i.e. build is platform dependent!
[INFO] Compiling 4 source files to /tmp/Bugs.jar_Maven_4e955c05_java-7/maven-artifact/target/test-classes
[WARNING] /tmp/Bugs.jar_Maven_4e955c05_java-7/maven-artifact/src/test/java/org/apache/maven/artifact/resolver/DefaultArtifactCollectorTest.java: /tmp/Bugs.jar_Maven_4e955c05_java-7/maven-artifact/src/test/java/org/apache/maven/artifact/resolver/DefaultArtifactCollectorTest.java uses unchecked or unsafe operations.
[WARNING] /tmp/Bugs.jar_Maven_4e955c05_java-7/maven-artifact/src/test/java/org/apache/maven/artifact/resolver/DefaultArtifactCollectorTest.java: Recompile with -Xlint:unchecked for details.
[INFO] 
[INFO] --- maven-surefire-plugin:2.12.4:test (default-test) @ maven-artifact ---
[INFO] Tests are skipped.
[INFO] 
[INFO] --- maven-jar-plugin:2.4:jar (default-jar) @ maven-artifact ---
[INFO] Building jar: /tmp/Bugs.jar_Maven_4e955c05_java-7/maven-artifact/target/maven-artifact-2.0.1-SNAPSHOT.jar
[INFO] 
[INFO] --- maven-install-plugin:2.4:install (default-install) @ maven-artifact ---
[INFO] Installing /tmp/Bugs.jar_Maven_4e955c05_java-7/maven-artifact/target/maven-artifact-2.0.1-SNAPSHOT.jar to /tmp/Bugs.jar_Maven_4e955c05_java-7/.m2/org/apache/maven/maven-artifact/2.0.1-SNAPSHOT/maven-artifact-2.0.1-SNAPSHOT.jar
[INFO] Installing /tmp/Bugs.jar_Maven_4e955c05_java-7/maven-artifact/pom.xml to /tmp/Bugs.jar_Maven_4e955c05_java-7/.m2/org/apache/maven/maven-artifact/2.0.1-SNAPSHOT/maven-artifact-2.0.1-SNAPSHOT.pom
[INFO] 
[INFO] ------------------------------------------------------------------------
[INFO] Building Maven Artifact Manager 2.0.1-SNAPSHOT
[INFO] ------------------------------------------------------------------------
[INFO] 
[INFO] --- maven-resources-plugin:2.6:resources (default-resources) @ maven-artifact-manager ---
[WARNING] Using platform encoding (UTF-8 actually) to copy filtered resources, i.e. build is platform dependent!
[INFO] Copying 1 resource
[INFO] 
[INFO] --- maven-compiler-plugin:3.1:compile (default-compile) @ maven-artifact-manager ---
[INFO] Changes detected - recompiling the module!
[WARNING] File encoding has not been set, using platform encoding UTF-8, i.e. build is platform dependent!
[INFO] Compiling 23 source files to /tmp/Bugs.jar_Maven_4e955c05_java-7/maven-artifact-manager/target/classes
[WARNING] /tmp/Bugs.jar_Maven_4e955c05_java-7/maven-artifact-manager/src/main/java/org/apache/maven/artifact/resolver/DefaultArtifactResolver.java: Some input files use unchecked or unsafe operations.
[WARNING] /tmp/Bugs.jar_Maven_4e955c05_java-7/maven-artifact-manager/src/main/java/org/apache/maven/artifact/resolver/DefaultArtifactResolver.java: Recompile with -Xlint:unchecked for details.
[INFO] 
[INFO] --- maven-resources-plugin:2.6:testResources (default-testResources) @ maven-artifact-manager ---
[WARNING] Using platform encoding (UTF-8 actually) to copy filtered resources, i.e. build is platform dependent!
[INFO] Copying 6 resources
[INFO] 
[INFO] --- maven-compiler-plugin:3.1:testCompile (default-testCompile) @ maven-artifact-manager ---
[INFO] Changes detected - recompiling the module!
[WARNING] File encoding has not been set, using platform encoding UTF-8, i.e. build is platform dependent!
[INFO] Compiling 8 source files to /tmp/Bugs.jar_Maven_4e955c05_java-7/maven-artifact-manager/target/test-classes
[WARNING] /tmp/Bugs.jar_Maven_4e955c05_java-7/maven-artifact-manager/src/test/java/org/apache/maven/artifact/AbstractArtifactComponentTestCase.java: Some input files use unchecked or unsafe operations.
[WARNING] /tmp/Bugs.jar_Maven_4e955c05_java-7/maven-artifact-manager/src/test/java/org/apache/maven/artifact/AbstractArtifactComponentTestCase.java: Recompile with -Xlint:unchecked for details.
[INFO] 
[INFO] --- maven-surefire-plugin:2.12.4:test (default-test) @ maven-artifact-manager ---
[INFO] Tests are skipped.
[INFO] 
[INFO] --- maven-jar-plugin:2.4:jar (default-jar) @ maven-artifact-manager ---
[INFO] Building jar: /tmp/Bugs.jar_Maven_4e955c05_java-7/maven-artifact-manager/target/maven-artifact-manager-2.0.1-SNAPSHOT.jar
[INFO] 
[INFO] --- maven-install-plugin:2.4:install (default-install) @ maven-artifact-manager ---
[INFO] Installing /tmp/Bugs.jar_Maven_4e955c05_java-7/maven-artifact-manager/target/maven-artifact-manager-2.0.1-SNAPSHOT.jar to /tmp/Bugs.jar_Maven_4e955c05_java-7/.m2/org/apache/maven/maven-artifact-manager/2.0.1-SNAPSHOT/maven-artifact-manager-2.0.1-SNAPSHOT.jar
[INFO] Installing /tmp/Bugs.jar_Maven_4e955c05_java-7/maven-artifact-manager/pom.xml to /tmp/Bugs.jar_Maven_4e955c05_java-7/.m2/org/apache/maven/maven-artifact-manager/2.0.1-SNAPSHOT/maven-artifact-manager-2.0.1-SNAPSHOT.pom
[INFO] 
[INFO] ------------------------------------------------------------------------
[INFO] Building Maven Artifact Test Helper Library 2.0.1-SNAPSHOT
[INFO] ------------------------------------------------------------------------
[INFO] 
[INFO] --- maven-resources-plugin:2.6:resources (default-resources) @ maven-artifact-test ---
[WARNING] Using platform encoding (UTF-8 actually) to copy filtered resources, i.e. build is platform dependent!
[INFO] skip non existing resourceDirectory /tmp/Bugs.jar_Maven_4e955c05_java-7/maven-artifact-test/src/main/resources
[INFO] 
[INFO] --- maven-compiler-plugin:3.1:compile (default-compile) @ maven-artifact-test ---
[INFO] Changes detected - recompiling the module!
[WARNING] File encoding has not been set, using platform encoding UTF-8, i.e. build is platform dependent!
[INFO] Compiling 1 source file to /tmp/Bugs.jar_Maven_4e955c05_java-7/maven-artifact-test/target/classes
[INFO] 
[INFO] --- maven-resources-plugin:2.6:testResources (default-testResources) @ maven-artifact-test ---
[WARNING] Using platform encoding (UTF-8 actually) to copy filtered resources, i.e. build is platform dependent!
[INFO] skip non existing resourceDirectory /tmp/Bugs.jar_Maven_4e955c05_java-7/maven-artifact-test/src/test/resources
[INFO] 
[INFO] --- maven-compiler-plugin:3.1:testCompile (default-testCompile) @ maven-artifact-test ---
[INFO] No sources to compile
[INFO] 
[INFO] --- maven-surefire-plugin:2.12.4:test (default-test) @ maven-artifact-test ---
[INFO] Tests are skipped.
[INFO] 
[INFO] --- maven-jar-plugin:2.4:jar (default-jar) @ maven-artifact-test ---
[INFO] Building jar: /tmp/Bugs.jar_Maven_4e955c05_java-7/maven-artifact-test/target/maven-artifact-test-2.0.1-SNAPSHOT.jar
[INFO] 
[INFO] --- maven-install-plugin:2.4:install (default-install) @ maven-artifact-test ---
[INFO] Installing /tmp/Bugs.jar_Maven_4e955c05_java-7/maven-artifact-test/target/maven-artifact-test-2.0.1-SNAPSHOT.jar to /tmp/Bugs.jar_Maven_4e955c05_java-7/.m2/org/apache/maven/maven-artifact-test/2.0.1-SNAPSHOT/maven-artifact-test-2.0.1-SNAPSHOT.jar
[INFO] Installing /tmp/Bugs.jar_Maven_4e955c05_java-7/maven-artifact-test/pom.xml to /tmp/Bugs.jar_Maven_4e955c05_java-7/.m2/org/apache/maven/maven-artifact-test/2.0.1-SNAPSHOT/maven-artifact-test-2.0.1-SNAPSHOT.pom
[INFO] 
[INFO] ------------------------------------------------------------------------
[INFO] Building Maven Profile Model 2.0.1-SNAPSHOT
[INFO] ------------------------------------------------------------------------
[INFO] 
[INFO] --- modello-maven-plugin:1.0-alpha-6:xpp3-writer (default) @ maven-profile ---
[INFO] outputDirectory: /tmp/Bugs.jar_Maven_4e955c05_java-7/maven-profile/target/generated-sources
[INFO] 
[INFO] --- modello-maven-plugin:1.0-alpha-6:java (default) @ maven-profile ---
[INFO] outputDirectory: /tmp/Bugs.jar_Maven_4e955c05_java-7/maven-profile/target/generated-sources
[INFO] 
[INFO] --- modello-maven-plugin:1.0-alpha-6:xpp3-reader (default) @ maven-profile ---
[INFO] outputDirectory: /tmp/Bugs.jar_Maven_4e955c05_java-7/maven-profile/target/generated-sources
[INFO] 
[INFO] --- maven-resources-plugin:2.6:resources (default-resources) @ maven-profile ---
[WARNING] Using platform encoding (UTF-8 actually) to copy filtered resources, i.e. build is platform dependent!
[INFO] Copying 1 resource
[INFO] 
[INFO] --- maven-compiler-plugin:3.1:compile (default-compile) @ maven-profile ---
[INFO] Changes detected - recompiling the module!
[WARNING] File encoding has not been set, using platform encoding UTF-8, i.e. build is platform dependent!
[INFO] Compiling 15 source files to /tmp/Bugs.jar_Maven_4e955c05_java-7/maven-profile/target/classes
[WARNING] /tmp/Bugs.jar_Maven_4e955c05_java-7/maven-profile/target/generated-sources/org/apache/maven/profiles/Profile.java: Some input files use unchecked or unsafe operations.
[WARNING] /tmp/Bugs.jar_Maven_4e955c05_java-7/maven-profile/target/generated-sources/org/apache/maven/profiles/Profile.java: Recompile with -Xlint:unchecked for details.
[INFO] 
[INFO] --- maven-resources-plugin:2.6:testResources (default-testResources) @ maven-profile ---
[WARNING] Using platform encoding (UTF-8 actually) to copy filtered resources, i.e. build is platform dependent!
[INFO] skip non existing resourceDirectory /tmp/Bugs.jar_Maven_4e955c05_java-7/maven-profile/src/test/resources
[INFO] 
[INFO] --- maven-compiler-plugin:3.1:testCompile (default-testCompile) @ maven-profile ---
[INFO] No sources to compile
[INFO] 
[INFO] --- maven-surefire-plugin:2.12.4:test (default-test) @ maven-profile ---
[INFO] Tests are skipped.
[INFO] 
[INFO] --- maven-jar-plugin:2.4:jar (default-jar) @ maven-profile ---
[INFO] Building jar: /tmp/Bugs.jar_Maven_4e955c05_java-7/maven-profile/target/maven-profile-2.0.1-SNAPSHOT.jar
[INFO] 
[INFO] --- maven-install-plugin:2.4:install (default-install) @ maven-profile ---
[INFO] Installing /tmp/Bugs.jar_Maven_4e955c05_java-7/maven-profile/target/maven-profile-2.0.1-SNAPSHOT.jar to /tmp/Bugs.jar_Maven_4e955c05_java-7/.m2/org/apache/maven/maven-profile/2.0.1-SNAPSHOT/maven-profile-2.0.1-SNAPSHOT.jar
[INFO] Installing /tmp/Bugs.jar_Maven_4e955c05_java-7/maven-profile/pom.xml to /tmp/Bugs.jar_Maven_4e955c05_java-7/.m2/org/apache/maven/maven-profile/2.0.1-SNAPSHOT/maven-profile-2.0.1-SNAPSHOT.pom
[INFO] 
[INFO] ------------------------------------------------------------------------
[INFO] Building Maven Project Builder 2.0.1-SNAPSHOT
[INFO] ------------------------------------------------------------------------
[INFO] 
[INFO] --- maven-resources-plugin:2.6:resources (default-resources) @ maven-project ---
[WARNING] Using platform encoding (UTF-8 actually) to copy filtered resources, i.e. build is platform dependent!
[INFO] Copying 2 resources
[INFO] 
[INFO] --- maven-compiler-plugin:3.1:compile (default-compile) @ maven-project ---
[INFO] Changes detected - recompiling the module!
[WARNING] File encoding has not been set, using platform encoding UTF-8, i.e. build is platform dependent!
[INFO] Compiling 42 source files to /tmp/Bugs.jar_Maven_4e955c05_java-7/maven-project/target/classes
[WARNING] /tmp/Bugs.jar_Maven_4e955c05_java-7/maven-project/src/main/java/org/apache/maven/project/inheritance/DefaultModelInheritanceAssembler.java: Some input files use unchecked or unsafe operations.
[WARNING] /tmp/Bugs.jar_Maven_4e955c05_java-7/maven-project/src/main/java/org/apache/maven/project/inheritance/DefaultModelInheritanceAssembler.java: Recompile with -Xlint:unchecked for details.
[INFO] 
[INFO] --- maven-resources-plugin:2.6:testResources (default-testResources) @ maven-project ---
[WARNING] Using platform encoding (UTF-8 actually) to copy filtered resources, i.e. build is platform dependent!
[INFO] Copying 57 resources
[INFO] 
[INFO] --- maven-compiler-plugin:3.1:testCompile (default-testCompile) @ maven-project ---
[INFO] Changes detected - recompiling the module!
[WARNING] File encoding has not been set, using platform encoding UTF-8, i.e. build is platform dependent!
[INFO] Compiling 20 source files to /tmp/Bugs.jar_Maven_4e955c05_java-7/maven-project/target/test-classes
[WARNING] /tmp/Bugs.jar_Maven_4e955c05_java-7/maven-project/src/test/java/org/apache/maven/project/inheritance/DefaultModelInheritanceAssemblerTest.java: Some input files use unchecked or unsafe operations.
[WARNING] /tmp/Bugs.jar_Maven_4e955c05_java-7/maven-project/src/test/java/org/apache/maven/project/inheritance/DefaultModelInheritanceAssemblerTest.java: Recompile with -Xlint:unchecked for details.
[INFO] 
[INFO] --- maven-surefire-plugin:2.12.4:test (default-test) @ maven-project ---
[INFO] Tests are skipped.
[INFO] 
[INFO] --- maven-jar-plugin:2.4:jar (default-jar) @ maven-project ---
[INFO] Building jar: /tmp/Bugs.jar_Maven_4e955c05_java-7/maven-project/target/maven-project-2.0.1-SNAPSHOT.jar
[INFO] 
[INFO] --- maven-install-plugin:2.4:install (default-install) @ maven-project ---
[INFO] Installing /tmp/Bugs.jar_Maven_4e955c05_java-7/maven-project/target/maven-project-2.0.1-SNAPSHOT.jar to /tmp/Bugs.jar_Maven_4e955c05_java-7/.m2/org/apache/maven/maven-project/2.0.1-SNAPSHOT/maven-project-2.0.1-SNAPSHOT.jar
[INFO] Installing /tmp/Bugs.jar_Maven_4e955c05_java-7/maven-project/pom.xml to /tmp/Bugs.jar_Maven_4e955c05_java-7/.m2/org/apache/maven/maven-project/2.0.1-SNAPSHOT/maven-project-2.0.1-SNAPSHOT.pom
[INFO] 
[INFO] ------------------------------------------------------------------------
[INFO] Building Maven Archiver 2.0.1-SNAPSHOT
[INFO] ------------------------------------------------------------------------
[INFO] Downloading: http://cvs.apache.org/maven-snapshot-repository/org/codehaus/plexus/plexus-archiver/1.0-alpha-4-SNAPSHOT/maven-metadata.xml
[INFO] Downloading: http://snapshots.maven.codehaus.org/maven2/org/codehaus/plexus/plexus-archiver/1.0-alpha-4-SNAPSHOT/maven-metadata.xml
[WARNING] Could not transfer metadata org.codehaus.plexus:plexus-archiver:1.0-alpha-4-SNAPSHOT/maven-metadata.xml from/to snapshots (http://snapshots.maven.codehaus.org/maven2): snapshots.maven.codehaus.org: Name or service not known
[WARNING] Could not transfer metadata org.codehaus.plexus:plexus-archiver:1.0-alpha-4-SNAPSHOT/maven-metadata.xml from/to apache.snapshots (http://cvs.apache.org/maven-snapshot-repository): Received fatal alert: handshake_failure
[WARNING] Failure to transfer org.codehaus.plexus:plexus-archiver:1.0-alpha-4-SNAPSHOT/maven-metadata.xml from http://snapshots.maven.codehaus.org/maven2 was cached in the local repository, resolution will not be reattempted until the update interval of snapshots has elapsed or updates are forced. Original error: Could not transfer metadata org.codehaus.plexus:plexus-archiver:1.0-alpha-4-SNAPSHOT/maven-metadata.xml from/to snapshots (http://snapshots.maven.codehaus.org/maven2): snapshots.maven.codehaus.org: Name or service not known
[WARNING] Failure to transfer org.codehaus.plexus:plexus-archiver:1.0-alpha-4-SNAPSHOT/maven-metadata.xml from http://cvs.apache.org/maven-snapshot-repository was cached in the local repository, resolution will not be reattempted until the update interval of apache.snapshots has elapsed or updates are forced. Original error: Could not transfer metadata org.codehaus.plexus:plexus-archiver:1.0-alpha-4-SNAPSHOT/maven-metadata.xml from/to apache.snapshots (http://cvs.apache.org/maven-snapshot-repository): Received fatal alert: handshake_failure
[INFO] Downloading: http://snapshots.maven.codehaus.org/maven2/org/codehaus/plexus/plexus-archiver/1.0-alpha-4-SNAPSHOT/plexus-archiver-1.0-alpha-4-SNAPSHOT.pom
[INFO] Downloading: http://cvs.apache.org/maven-snapshot-repository/org/codehaus/plexus/plexus-archiver/1.0-alpha-4-SNAPSHOT/plexus-archiver-1.0-alpha-4-SNAPSHOT.pom
[INFO] 
[INFO] ------------------------------------------------------------------------
[INFO] Building Maven Plugin Parameter Documenter API 2.0.1-SNAPSHOT
[INFO] ------------------------------------------------------------------------
[INFO] 
[INFO] --- modello-maven-plugin:1.0-alpha-6:xpp3-writer (base) @ maven-plugin-parameter-documenter ---
[INFO] outputDirectory: /tmp/Bugs.jar_Maven_4e955c05_java-7/maven-plugin-parameter-documenter/target/generated-sources
[INFO] 
[INFO] --- modello-maven-plugin:1.0-alpha-6:java (base) @ maven-plugin-parameter-documenter ---
[INFO] outputDirectory: /tmp/Bugs.jar_Maven_4e955c05_java-7/maven-plugin-parameter-documenter/target/generated-sources
[INFO] 
[INFO] --- modello-maven-plugin:1.0-alpha-6:xpp3-reader (base) @ maven-plugin-parameter-documenter ---
[INFO] outputDirectory: /tmp/Bugs.jar_Maven_4e955c05_java-7/maven-plugin-parameter-documenter/target/generated-sources
[INFO] 
[INFO] --- modello-maven-plugin:1.0-alpha-6:xsd (xsd) @ maven-plugin-parameter-documenter ---
[INFO] outputDirectory: /tmp/Bugs.jar_Maven_4e955c05_java-7/maven-plugin-parameter-documenter/target/generated-site/xsd
[INFO] 
[INFO] --- maven-resources-plugin:2.6:resources (default-resources) @ maven-plugin-parameter-documenter ---
[WARNING] Using platform encoding (UTF-8 actually) to copy filtered resources, i.e. build is platform dependent!
[INFO] skip non existing resourceDirectory /tmp/Bugs.jar_Maven_4e955c05_java-7/maven-plugin-parameter-documenter/src/main/resources
[INFO] 
[INFO] --- maven-compiler-plugin:3.1:compile (default-compile) @ maven-plugin-parameter-documenter ---
[INFO] Changes detected - recompiling the module!
[WARNING] File encoding has not been set, using platform encoding UTF-8, i.e. build is platform dependent!
[INFO] Compiling 4 source files to /tmp/Bugs.jar_Maven_4e955c05_java-7/maven-plugin-parameter-documenter/target/classes
[WARNING] /tmp/Bugs.jar_Maven_4e955c05_java-7/maven-plugin-parameter-documenter/target/generated-sources/org/apache/maven/usability/plugin/ExpressionDocumentation.java: Some input files use unchecked or unsafe operations.
[WARNING] /tmp/Bugs.jar_Maven_4e955c05_java-7/maven-plugin-parameter-documenter/target/generated-sources/org/apache/maven/usability/plugin/ExpressionDocumentation.java: Recompile with -Xlint:unchecked for details.
[INFO] 
[INFO] --- maven-resources-plugin:2.6:testResources (default-testResources) @ maven-plugin-parameter-documenter ---
[WARNING] Using platform encoding (UTF-8 actually) to copy filtered resources, i.e. build is platform dependent!
[INFO] Copying 1 resource
[INFO] 
[INFO] --- maven-compiler-plugin:3.1:testCompile (default-testCompile) @ maven-plugin-parameter-documenter ---
[INFO] Changes detected - recompiling the module!
[WARNING] File encoding has not been set, using platform encoding UTF-8, i.e. build is platform dependent!
[INFO] Compiling 1 source file to /tmp/Bugs.jar_Maven_4e955c05_java-7/maven-plugin-parameter-documenter/target/test-classes
[INFO] 
[INFO] --- maven-surefire-plugin:2.12.4:test (default-test) @ maven-plugin-parameter-documenter ---
[INFO] Tests are skipped.
[INFO] 
[INFO] --- maven-jar-plugin:2.4:jar (default-jar) @ maven-plugin-parameter-documenter ---
[INFO] Building jar: /tmp/Bugs.jar_Maven_4e955c05_java-7/maven-plugin-parameter-documenter/target/maven-plugin-parameter-documenter-2.0.1-SNAPSHOT.jar
[INFO] 
[INFO] --- maven-install-plugin:2.4:install (default-install) @ maven-plugin-parameter-documenter ---
[INFO] Installing /tmp/Bugs.jar_Maven_4e955c05_java-7/maven-plugin-parameter-documenter/target/maven-plugin-parameter-documenter-2.0.1-SNAPSHOT.jar to /tmp/Bugs.jar_Maven_4e955c05_java-7/.m2/org/apache/maven/maven-plugin-parameter-documenter/2.0.1-SNAPSHOT/maven-plugin-parameter-documenter-2.0.1-SNAPSHOT.jar
[INFO] Installing /tmp/Bugs.jar_Maven_4e955c05_java-7/maven-plugin-parameter-documenter/pom.xml to /tmp/Bugs.jar_Maven_4e955c05_java-7/.m2/org/apache/maven/maven-plugin-parameter-documenter/2.0.1-SNAPSHOT/maven-plugin-parameter-documenter-2.0.1-SNAPSHOT.pom
[INFO] 
[INFO] ------------------------------------------------------------------------
[INFO] Building Maven Reporting 2.0.1-SNAPSHOT
[INFO] ------------------------------------------------------------------------
[INFO] 
[INFO] --- maven-install-plugin:2.4:install (default-install) @ maven-reporting ---
[INFO] Installing /tmp/Bugs.jar_Maven_4e955c05_java-7/maven-reporting/pom.xml to /tmp/Bugs.jar_Maven_4e955c05_java-7/.m2/org/apache/maven/reporting/maven-reporting/2.0.1-SNAPSHOT/maven-reporting-2.0.1-SNAPSHOT.pom
[INFO] 
[INFO] ------------------------------------------------------------------------
[INFO] Building Maven Reporting API 2.0.1-SNAPSHOT
[INFO] ------------------------------------------------------------------------
[INFO] Downloading: http://cvs.apache.org/maven-snapshot-repository/org/codehaus/doxia/doxia-sink-api/1.0-alpha-6-SNAPSHOT/maven-metadata.xml
[INFO] Downloading: http://snapshots.maven.codehaus.org/maven2/org/codehaus/doxia/doxia-sink-api/1.0-alpha-6-SNAPSHOT/maven-metadata.xml
[WARNING] Could not transfer metadata org.codehaus.doxia:doxia-sink-api:1.0-alpha-6-SNAPSHOT/maven-metadata.xml from/to snapshots (http://snapshots.maven.codehaus.org/maven2): snapshots.maven.codehaus.org
[WARNING] Could not transfer metadata org.codehaus.doxia:doxia-sink-api:1.0-alpha-6-SNAPSHOT/maven-metadata.xml from/to apache.snapshots (http://cvs.apache.org/maven-snapshot-repository): Received fatal alert: handshake_failure
[WARNING] Failure to transfer org.codehaus.doxia:doxia-sink-api:1.0-alpha-6-SNAPSHOT/maven-metadata.xml from http://snapshots.maven.codehaus.org/maven2 was cached in the local repository, resolution will not be reattempted until the update interval of snapshots has elapsed or updates are forced. Original error: Could not transfer metadata org.codehaus.doxia:doxia-sink-api:1.0-alpha-6-SNAPSHOT/maven-metadata.xml from/to snapshots (http://snapshots.maven.codehaus.org/maven2): snapshots.maven.codehaus.org
[WARNING] Failure to transfer org.codehaus.doxia:doxia-sink-api:1.0-alpha-6-SNAPSHOT/maven-metadata.xml from http://cvs.apache.org/maven-snapshot-repository was cached in the local repository, resolution will not be reattempted until the update interval of apache.snapshots has elapsed or updates are forced. Original error: Could not transfer metadata org.codehaus.doxia:doxia-sink-api:1.0-alpha-6-SNAPSHOT/maven-metadata.xml from/to apache.snapshots (http://cvs.apache.org/maven-snapshot-repository): Received fatal alert: handshake_failure
[INFO] Downloading: http://snapshots.maven.codehaus.org/maven2/org/codehaus/doxia/doxia-sink-api/1.0-alpha-6-SNAPSHOT/doxia-sink-api-1.0-alpha-6-SNAPSHOT.pom
[INFO] Downloading: http://cvs.apache.org/maven-snapshot-repository/org/codehaus/doxia/doxia-sink-api/1.0-alpha-6-SNAPSHOT/doxia-sink-api-1.0-alpha-6-SNAPSHOT.pom
[INFO] 
[INFO] ------------------------------------------------------------------------
[INFO] Building Maven Error Diagnostics 2.0.1-SNAPSHOT
[INFO] ------------------------------------------------------------------------
[INFO] 
[INFO] --- maven-resources-plugin:2.6:resources (default-resources) @ maven-error-diagnostics ---
[WARNING] Using platform encoding (UTF-8 actually) to copy filtered resources, i.e. build is platform dependent!
[INFO] Copying 1 resource
[INFO] 
[INFO] --- maven-compiler-plugin:3.1:compile (default-compile) @ maven-error-diagnostics ---
[INFO] Changes detected - recompiling the module!
[WARNING] File encoding has not been set, using platform encoding UTF-8, i.e. build is platform dependent!
[INFO] Compiling 3 source files to /tmp/Bugs.jar_Maven_4e955c05_java-7/maven-error-diagnostics/target/classes
[INFO] 
[INFO] --- maven-resources-plugin:2.6:testResources (default-testResources) @ maven-error-diagnostics ---
[WARNING] Using platform encoding (UTF-8 actually) to copy filtered resources, i.e. build is platform dependent!
[INFO] skip non existing resourceDirectory /tmp/Bugs.jar_Maven_4e955c05_java-7/maven-error-diagnostics/src/test/resources
[INFO] 
[INFO] --- maven-compiler-plugin:3.1:testCompile (default-testCompile) @ maven-error-diagnostics ---
[INFO] No sources to compile
[INFO] 
[INFO] --- maven-surefire-plugin:2.12.4:test (default-test) @ maven-error-diagnostics ---
[INFO] Tests are skipped.
[INFO] 
[INFO] --- maven-jar-plugin:2.4:jar (default-jar) @ maven-error-diagnostics ---
[INFO] Building jar: /tmp/Bugs.jar_Maven_4e955c05_java-7/maven-error-diagnostics/target/maven-error-diagnostics-2.0.1-SNAPSHOT.jar
[INFO] 
[INFO] --- maven-install-plugin:2.4:install (default-install) @ maven-error-diagnostics ---
[INFO] Installing /tmp/Bugs.jar_Maven_4e955c05_java-7/maven-error-diagnostics/target/maven-error-diagnostics-2.0.1-SNAPSHOT.jar to /tmp/Bugs.jar_Maven_4e955c05_java-7/.m2/org/apache/maven/maven-error-diagnostics/2.0.1-SNAPSHOT/maven-error-diagnostics-2.0.1-SNAPSHOT.jar
[INFO] Installing /tmp/Bugs.jar_Maven_4e955c05_java-7/maven-error-diagnostics/pom.xml to /tmp/Bugs.jar_Maven_4e955c05_java-7/.m2/org/apache/maven/maven-error-diagnostics/2.0.1-SNAPSHOT/maven-error-diagnostics-2.0.1-SNAPSHOT.pom
[INFO] 
[INFO] ------------------------------------------------------------------------
[INFO] Building Maven Plugin Registry Model 2.0.1-SNAPSHOT
[INFO] ------------------------------------------------------------------------
[INFO] 
[INFO] --- modello-maven-plugin:1.0-alpha-6:xpp3-writer (default) @ maven-plugin-registry ---
[INFO] outputDirectory: /tmp/Bugs.jar_Maven_4e955c05_java-7/maven-plugin-registry/target/generated-sources
[INFO] 
[INFO] --- modello-maven-plugin:1.0-alpha-6:java (default) @ maven-plugin-registry ---
[INFO] outputDirectory: /tmp/Bugs.jar_Maven_4e955c05_java-7/maven-plugin-registry/target/generated-sources
[INFO] 
[INFO] --- modello-maven-plugin:1.0-alpha-6:xpp3-reader (default) @ maven-plugin-registry ---
[INFO] outputDirectory: /tmp/Bugs.jar_Maven_4e955c05_java-7/maven-plugin-registry/target/generated-sources
[INFO] 
[INFO] --- maven-resources-plugin:2.6:resources (default-resources) @ maven-plugin-registry ---
[WARNING] Using platform encoding (UTF-8 actually) to copy filtered resources, i.e. build is platform dependent!
[INFO] Copying 1 resource
[INFO] 
[INFO] --- maven-compiler-plugin:3.1:compile (default-compile) @ maven-plugin-registry ---
[INFO] Changes detected - recompiling the module!
[WARNING] File encoding has not been set, using platform encoding UTF-8, i.e. build is platform dependent!
[INFO] Compiling 9 source files to /tmp/Bugs.jar_Maven_4e955c05_java-7/maven-plugin-registry/target/classes
[WARNING] /tmp/Bugs.jar_Maven_4e955c05_java-7/maven-plugin-registry/target/generated-sources/org/apache/maven/plugin/registry/PluginRegistry.java: Some input files use unchecked or unsafe operations.
[WARNING] /tmp/Bugs.jar_Maven_4e955c05_java-7/maven-plugin-registry/target/generated-sources/org/apache/maven/plugin/registry/PluginRegistry.java: Recompile with -Xlint:unchecked for details.
[INFO] 
[INFO] --- maven-resources-plugin:2.6:testResources (default-testResources) @ maven-plugin-registry ---
[WARNING] Using platform encoding (UTF-8 actually) to copy filtered resources, i.e. build is platform dependent!
[INFO] skip non existing resourceDirectory /tmp/Bugs.jar_Maven_4e955c05_java-7/maven-plugin-registry/src/test/resources
[INFO] 
[INFO] --- maven-compiler-plugin:3.1:testCompile (default-testCompile) @ maven-plugin-registry ---
[INFO] No sources to compile
[INFO] 
[INFO] --- maven-surefire-plugin:2.12.4:test (default-test) @ maven-plugin-registry ---
[INFO] Tests are skipped.
[INFO] 
[INFO] --- maven-jar-plugin:2.4:jar (default-jar) @ maven-plugin-registry ---
[INFO] Building jar: /tmp/Bugs.jar_Maven_4e955c05_java-7/maven-plugin-registry/target/maven-plugin-registry-2.0.1-SNAPSHOT.jar
[INFO] 
[INFO] --- maven-install-plugin:2.4:install (default-install) @ maven-plugin-registry ---
[INFO] Installing /tmp/Bugs.jar_Maven_4e955c05_java-7/maven-plugin-registry/target/maven-plugin-registry-2.0.1-SNAPSHOT.jar to /tmp/Bugs.jar_Maven_4e955c05_java-7/.m2/org/apache/maven/maven-plugin-registry/2.0.1-SNAPSHOT/maven-plugin-registry-2.0.1-SNAPSHOT.jar
[INFO] Installing /tmp/Bugs.jar_Maven_4e955c05_java-7/maven-plugin-registry/pom.xml to /tmp/Bugs.jar_Maven_4e955c05_java-7/.m2/org/apache/maven/maven-plugin-registry/2.0.1-SNAPSHOT/maven-plugin-registry-2.0.1-SNAPSHOT.pom
[INFO] 
[INFO] ------------------------------------------------------------------------
[INFO] Building Maven Plugin API 2.0.1-SNAPSHOT
[INFO] ------------------------------------------------------------------------
[INFO] 
[INFO] --- maven-resources-plugin:2.6:resources (default-resources) @ maven-plugin-api ---
[WARNING] Using platform encoding (UTF-8 actually) to copy filtered resources, i.e. build is platform dependent!
[INFO] skip non existing resourceDirectory /tmp/Bugs.jar_Maven_4e955c05_java-7/maven-plugin-api/src/main/resources
[INFO] 
[INFO] --- maven-compiler-plugin:3.1:compile (default-compile) @ maven-plugin-api ---
[INFO] Changes detected - recompiling the module!
[WARNING] File encoding has not been set, using platform encoding UTF-8, i.e. build is platform dependent!
[INFO] Compiling 8 source files to /tmp/Bugs.jar_Maven_4e955c05_java-7/maven-plugin-api/target/classes
[INFO] 
[INFO] --- maven-resources-plugin:2.6:testResources (default-testResources) @ maven-plugin-api ---
[WARNING] Using platform encoding (UTF-8 actually) to copy filtered resources, i.e. build is platform dependent!
[INFO] skip non existing resourceDirectory /tmp/Bugs.jar_Maven_4e955c05_java-7/maven-plugin-api/src/test/resources
[INFO] 
[INFO] --- maven-compiler-plugin:3.1:testCompile (default-testCompile) @ maven-plugin-api ---
[INFO] No sources to compile
[INFO] 
[INFO] --- maven-surefire-plugin:2.12.4:test (default-test) @ maven-plugin-api ---
[INFO] Tests are skipped.
[INFO] 
[INFO] --- maven-jar-plugin:2.4:jar (default-jar) @ maven-plugin-api ---
[INFO] Building jar: /tmp/Bugs.jar_Maven_4e955c05_java-7/maven-plugin-api/target/maven-plugin-api-2.0.1-SNAPSHOT.jar
[INFO] 
[INFO] --- maven-install-plugin:2.4:install (default-install) @ maven-plugin-api ---
[INFO] Installing /tmp/Bugs.jar_Maven_4e955c05_java-7/maven-plugin-api/target/maven-plugin-api-2.0.1-SNAPSHOT.jar to /tmp/Bugs.jar_Maven_4e955c05_java-7/.m2/org/apache/maven/maven-plugin-api/2.0.1-SNAPSHOT/maven-plugin-api-2.0.1-SNAPSHOT.jar
[INFO] Installing /tmp/Bugs.jar_Maven_4e955c05_java-7/maven-plugin-api/pom.xml to /tmp/Bugs.jar_Maven_4e955c05_java-7/.m2/org/apache/maven/maven-plugin-api/2.0.1-SNAPSHOT/maven-plugin-api-2.0.1-SNAPSHOT.pom
[INFO] 
[INFO] ------------------------------------------------------------------------
[INFO] Building Maven Plugin Descriptor Model 2.0.1-SNAPSHOT
[INFO] ------------------------------------------------------------------------
[INFO] 
[INFO] --- modello-maven-plugin:1.0-alpha-6:java (default) @ maven-plugin-descriptor ---
[INFO] outputDirectory: /tmp/Bugs.jar_Maven_4e955c05_java-7/maven-plugin-descriptor/target/generated-sources
[INFO] 
[INFO] --- modello-maven-plugin:1.0-alpha-6:xpp3-reader (default) @ maven-plugin-descriptor ---
[INFO] outputDirectory: /tmp/Bugs.jar_Maven_4e955c05_java-7/maven-plugin-descriptor/target/generated-sources
[INFO] 
[INFO] --- modello-maven-plugin:1.0-alpha-6:xpp3-writer (default) @ maven-plugin-descriptor ---
[INFO] outputDirectory: /tmp/Bugs.jar_Maven_4e955c05_java-7/maven-plugin-descriptor/target/generated-sources
[INFO] 
[INFO] --- maven-resources-plugin:2.6:resources (default-resources) @ maven-plugin-descriptor ---
[WARNING] Using platform encoding (UTF-8 actually) to copy filtered resources, i.e. build is platform dependent!
[INFO] skip non existing resourceDirectory /tmp/Bugs.jar_Maven_4e955c05_java-7/maven-plugin-descriptor/src/main/resources
[INFO] 
[INFO] --- maven-compiler-plugin:3.1:compile (default-compile) @ maven-plugin-descriptor ---
[INFO] Changes detected - recompiling the module!
[WARNING] File encoding has not been set, using platform encoding UTF-8, i.e. build is platform dependent!
[INFO] Compiling 15 source files to /tmp/Bugs.jar_Maven_4e955c05_java-7/maven-plugin-descriptor/target/classes
[WARNING] /tmp/Bugs.jar_Maven_4e955c05_java-7/maven-plugin-descriptor/src/main/java/org/apache/maven/plugin/descriptor/PluginDescriptor.java: Some input files use unchecked or unsafe operations.
[WARNING] /tmp/Bugs.jar_Maven_4e955c05_java-7/maven-plugin-descriptor/src/main/java/org/apache/maven/plugin/descriptor/PluginDescriptor.java: Recompile with -Xlint:unchecked for details.
[INFO] 
[INFO] --- maven-resources-plugin:2.6:testResources (default-testResources) @ maven-plugin-descriptor ---
[WARNING] Using platform encoding (UTF-8 actually) to copy filtered resources, i.e. build is platform dependent!
[INFO] Copying 1 resource
[INFO] 
[INFO] --- maven-compiler-plugin:3.1:testCompile (default-testCompile) @ maven-plugin-descriptor ---
[INFO] Changes detected - recompiling the module!
[WARNING] File encoding has not been set, using platform encoding UTF-8, i.e. build is platform dependent!
[INFO] Compiling 1 source file to /tmp/Bugs.jar_Maven_4e955c05_java-7/maven-plugin-descriptor/target/test-classes
[INFO] 
[INFO] --- maven-surefire-plugin:2.12.4:test (default-test) @ maven-plugin-descriptor ---
[INFO] Tests are skipped.
[INFO] 
[INFO] --- maven-jar-plugin:2.4:jar (default-jar) @ maven-plugin-descriptor ---
[INFO] Building jar: /tmp/Bugs.jar_Maven_4e955c05_java-7/maven-plugin-descriptor/target/maven-plugin-descriptor-2.0.1-SNAPSHOT.jar
[INFO] 
[INFO] --- maven-install-plugin:2.4:install (default-install) @ maven-plugin-descriptor ---
[INFO] Installing /tmp/Bugs.jar_Maven_4e955c05_java-7/maven-plugin-descriptor/target/maven-plugin-descriptor-2.0.1-SNAPSHOT.jar to /tmp/Bugs.jar_Maven_4e955c05_java-7/.m2/org/apache/maven/maven-plugin-descriptor/2.0.1-SNAPSHOT/maven-plugin-descriptor-2.0.1-SNAPSHOT.jar
[INFO] Installing /tmp/Bugs.jar_Maven_4e955c05_java-7/maven-plugin-descriptor/pom.xml to /tmp/Bugs.jar_Maven_4e955c05_java-7/.m2/org/apache/maven/maven-plugin-descriptor/2.0.1-SNAPSHOT/maven-plugin-descriptor-2.0.1-SNAPSHOT.pom
[INFO] 
[INFO] ------------------------------------------------------------------------
[INFO] Building Maven Monitor 2.0.1-SNAPSHOT
[INFO] ------------------------------------------------------------------------
[INFO] 
[INFO] --- maven-resources-plugin:2.6:resources (default-resources) @ maven-monitor ---
[WARNING] Using platform encoding (UTF-8 actually) to copy filtered resources, i.e. build is platform dependent!
[INFO] skip non existing resourceDirectory /tmp/Bugs.jar_Maven_4e955c05_java-7/maven-monitor/src/main/resources
[INFO] 
[INFO] --- maven-compiler-plugin:3.1:compile (default-compile) @ maven-monitor ---
[INFO] Changes detected - recompiling the module!
[WARNING] File encoding has not been set, using platform encoding UTF-8, i.e. build is platform dependent!
[INFO] Compiling 5 source files to /tmp/Bugs.jar_Maven_4e955c05_java-7/maven-monitor/target/classes
[WARNING] /tmp/Bugs.jar_Maven_4e955c05_java-7/maven-monitor/src/main/java/org/apache/maven/monitor/event/DefaultEventDispatcher.java: /tmp/Bugs.jar_Maven_4e955c05_java-7/maven-monitor/src/main/java/org/apache/maven/monitor/event/DefaultEventDispatcher.java uses unchecked or unsafe operations.
[WARNING] /tmp/Bugs.jar_Maven_4e955c05_java-7/maven-monitor/src/main/java/org/apache/maven/monitor/event/DefaultEventDispatcher.java: Recompile with -Xlint:unchecked for details.
[INFO] 
[INFO] --- maven-resources-plugin:2.6:testResources (default-testResources) @ maven-monitor ---
[WARNING] Using platform encoding (UTF-8 actually) to copy filtered resources, i.e. build is platform dependent!
[INFO] skip non existing resourceDirectory /tmp/Bugs.jar_Maven_4e955c05_java-7/maven-monitor/src/test/resources
[INFO] 
[INFO] --- maven-compiler-plugin:3.1:testCompile (default-testCompile) @ maven-monitor ---
[INFO] No sources to compile
[INFO] 
[INFO] --- maven-surefire-plugin:2.12.4:test (default-test) @ maven-monitor ---
[INFO] Tests are skipped.
[INFO] 
[INFO] --- maven-jar-plugin:2.4:jar (default-jar) @ maven-monitor ---
[INFO] Building jar: /tmp/Bugs.jar_Maven_4e955c05_java-7/maven-monitor/target/maven-monitor-2.0.1-SNAPSHOT.jar
[INFO] 
[INFO] --- maven-install-plugin:2.4:install (default-install) @ maven-monitor ---
[INFO] Installing /tmp/Bugs.jar_Maven_4e955c05_java-7/maven-monitor/target/maven-monitor-2.0.1-SNAPSHOT.jar to /tmp/Bugs.jar_Maven_4e955c05_java-7/.m2/org/apache/maven/maven-monitor/2.0.1-SNAPSHOT/maven-monitor-2.0.1-SNAPSHOT.jar
[INFO] Installing /tmp/Bugs.jar_Maven_4e955c05_java-7/maven-monitor/pom.xml to /tmp/Bugs.jar_Maven_4e955c05_java-7/.m2/org/apache/maven/maven-monitor/2.0.1-SNAPSHOT/maven-monitor-2.0.1-SNAPSHOT.pom
[INFO] 
[INFO] ------------------------------------------------------------------------
[INFO] Building Maven Core 2.0.1-SNAPSHOT
[INFO] ------------------------------------------------------------------------
[INFO] Downloading: http://snapshots.maven.codehaus.org/maven2/org/apache/maven/reporting/maven-reporting-api/2.0.1-SNAPSHOT/maven-metadata.xml
[INFO] Downloading: http://cvs.apache.org/maven-snapshot-repository/org/apache/maven/reporting/maven-reporting-api/2.0.1-SNAPSHOT/maven-metadata.xml
[WARNING] Could not transfer metadata org.apache.maven.reporting:maven-reporting-api:2.0.1-SNAPSHOT/maven-metadata.xml from/to snapshots (http://snapshots.maven.codehaus.org/maven2): snapshots.maven.codehaus.org: Name or service not known
[WARNING] Could not transfer metadata org.apache.maven.reporting:maven-reporting-api:2.0.1-SNAPSHOT/maven-metadata.xml from/to apache.snapshots (http://cvs.apache.org/maven-snapshot-repository): Received fatal alert: handshake_failure
[WARNING] Failure to transfer org.apache.maven.reporting:maven-reporting-api:2.0.1-SNAPSHOT/maven-metadata.xml from http://snapshots.maven.codehaus.org/maven2 was cached in the local repository, resolution will not be reattempted until the update interval of snapshots has elapsed or updates are forced. Original error: Could not transfer metadata org.apache.maven.reporting:maven-reporting-api:2.0.1-SNAPSHOT/maven-metadata.xml from/to snapshots (http://snapshots.maven.codehaus.org/maven2): snapshots.maven.codehaus.org: Name or service not known
[WARNING] Failure to transfer org.apache.maven.reporting:maven-reporting-api:2.0.1-SNAPSHOT/maven-metadata.xml from http://cvs.apache.org/maven-snapshot-repository was cached in the local repository, resolution will not be reattempted until the update interval of apache.snapshots has elapsed or updates are forced. Original error: Could not transfer metadata org.apache.maven.reporting:maven-reporting-api:2.0.1-SNAPSHOT/maven-metadata.xml from/to apache.snapshots (http://cvs.apache.org/maven-snapshot-repository): Received fatal alert: handshake_failure
[INFO] Downloading: http://snapshots.maven.codehaus.org/maven2/org/apache/maven/reporting/maven-reporting-api/2.0.1-SNAPSHOT/maven-reporting-api-2.0.1-SNAPSHOT.jar
[INFO] Downloading: http://snapshots.maven.codehaus.org/maven2/org/codehaus/doxia/doxia-sink-api/1.0-alpha-6-SNAPSHOT/doxia-sink-api-1.0-alpha-6-SNAPSHOT.jar
[INFO] Downloading: http://cvs.apache.org/maven-snapshot-repository/org/apache/maven/reporting/maven-reporting-api/2.0.1-SNAPSHOT/maven-reporting-api-2.0.1-SNAPSHOT.jar
[INFO] Downloading: http://cvs.apache.org/maven-snapshot-repository/org/codehaus/doxia/doxia-sink-api/1.0-alpha-6-SNAPSHOT/doxia-sink-api-1.0-alpha-6-SNAPSHOT.jar
[INFO] 
[INFO] ------------------------------------------------------------------------
[INFO] Building Maven Model Converter 2.0.1-SNAPSHOT
[INFO] ------------------------------------------------------------------------
[INFO] 
[INFO] --- maven-resources-plugin:2.6:resources (default-resources) @ maven-model-converter ---
[WARNING] Using platform encoding (UTF-8 actually) to copy filtered resources, i.e. build is platform dependent!
[INFO] Copying 1 resource
[INFO] 
[INFO] --- maven-compiler-plugin:3.1:compile (default-compile) @ maven-model-converter ---
[INFO] Changes detected - recompiling the module!
[WARNING] File encoding has not been set, using platform encoding UTF-8, i.e. build is platform dependent!
[INFO] Compiling 6 source files to /tmp/Bugs.jar_Maven_4e955c05_java-7/maven-model-converter/target/classes
[WARNING] /tmp/Bugs.jar_Maven_4e955c05_java-7/maven-model-converter/src/main/java/org/apache/maven/model/converter/PomV3ToV4Translator.java: /tmp/Bugs.jar_Maven_4e955c05_java-7/maven-model-converter/src/main/java/org/apache/maven/model/converter/PomV3ToV4Translator.java uses unchecked or unsafe operations.
[WARNING] /tmp/Bugs.jar_Maven_4e955c05_java-7/maven-model-converter/src/main/java/org/apache/maven/model/converter/PomV3ToV4Translator.java: Recompile with -Xlint:unchecked for details.
[INFO] 
[INFO] --- maven-resources-plugin:2.6:testResources (default-testResources) @ maven-model-converter ---
[WARNING] Using platform encoding (UTF-8 actually) to copy filtered resources, i.e. build is platform dependent!
[INFO] skip non existing resourceDirectory /tmp/Bugs.jar_Maven_4e955c05_java-7/maven-model-converter/src/test/resources
[INFO] 
[INFO] --- maven-compiler-plugin:3.1:testCompile (default-testCompile) @ maven-model-converter ---
[INFO] Changes detected - recompiling the module!
[WARNING] File encoding has not been set, using platform encoding UTF-8, i.e. build is platform dependent!
[INFO] Compiling 2 source files to /tmp/Bugs.jar_Maven_4e955c05_java-7/maven-model-converter/target/test-classes
[INFO] 
[INFO] --- maven-surefire-plugin:2.12.4:test (default-test) @ maven-model-converter ---
[INFO] Tests are skipped.
[INFO] 
[INFO] --- maven-jar-plugin:2.4:jar (default-jar) @ maven-model-converter ---
[INFO] Building jar: /tmp/Bugs.jar_Maven_4e955c05_java-7/maven-model-converter/target/maven-model-converter-2.0.1-SNAPSHOT.jar
[INFO] 
[INFO] --- maven-install-plugin:2.4:install (default-install) @ maven-model-converter ---
[INFO] Installing /tmp/Bugs.jar_Maven_4e955c05_java-7/maven-model-converter/target/maven-model-converter-2.0.1-SNAPSHOT.jar to /tmp/Bugs.jar_Maven_4e955c05_java-7/.m2/org/apache/maven/maven-model-converter/2.0.1-SNAPSHOT/maven-model-converter-2.0.1-SNAPSHOT.jar
[INFO] Installing /tmp/Bugs.jar_Maven_4e955c05_java-7/maven-model-converter/pom.xml to /tmp/Bugs.jar_Maven_4e955c05_java-7/.m2/org/apache/maven/maven-model-converter/2.0.1-SNAPSHOT/maven-model-converter-2.0.1-SNAPSHOT.pom
[INFO] 
[INFO] ------------------------------------------------------------------------
[INFO] Building Maven Plugin Tools Base POM 2.0.1-SNAPSHOT
[INFO] ------------------------------------------------------------------------
[INFO] 
[INFO] --- maven-install-plugin:2.4:install (default-install) @ maven-plugin-tools ---
[INFO] Installing /tmp/Bugs.jar_Maven_4e955c05_java-7/maven-plugin-tools/pom.xml to /tmp/Bugs.jar_Maven_4e955c05_java-7/.m2/org/apache/maven/maven-plugin-tools/2.0.1-SNAPSHOT/maven-plugin-tools-2.0.1-SNAPSHOT.pom
[INFO] 
[INFO] ------------------------------------------------------------------------
[INFO] Building Maven Plugin Tools APIs 2.0.1-SNAPSHOT
[INFO] ------------------------------------------------------------------------
[INFO] 
[INFO] --- maven-resources-plugin:2.6:resources (default-resources) @ maven-plugin-tools-api ---
[WARNING] Using platform encoding (UTF-8 actually) to copy filtered resources, i.e. build is platform dependent!
[INFO] Copying 1 resource
[INFO] 
[INFO] --- maven-compiler-plugin:3.1:compile (default-compile) @ maven-plugin-tools-api ---
[INFO] Changes detected - recompiling the module!
[WARNING] File encoding has not been set, using platform encoding UTF-8, i.e. build is platform dependent!
[INFO] Compiling 9 source files to /tmp/Bugs.jar_Maven_4e955c05_java-7/maven-plugin-tools/maven-plugin-tools-api/target/classes
[WARNING] /tmp/Bugs.jar_Maven_4e955c05_java-7/maven-plugin-tools/maven-plugin-tools-api/src/main/java/org/apache/maven/tools/plugin/util/PluginUtils.java: Some input files use unchecked or unsafe operations.
[WARNING] /tmp/Bugs.jar_Maven_4e955c05_java-7/maven-plugin-tools/maven-plugin-tools-api/src/main/java/org/apache/maven/tools/plugin/util/PluginUtils.java: Recompile with -Xlint:unchecked for details.
[INFO] 
[INFO] --- maven-resources-plugin:2.6:testResources (default-testResources) @ maven-plugin-tools-api ---
[WARNING] Using platform encoding (UTF-8 actually) to copy filtered resources, i.e. build is platform dependent!
[INFO] Copying 3 resources
[INFO] 
[INFO] --- maven-compiler-plugin:3.1:testCompile (default-testCompile) @ maven-plugin-tools-api ---
[INFO] Changes detected - recompiling the module!
[WARNING] File encoding has not been set, using platform encoding UTF-8, i.e. build is platform dependent!
[INFO] Compiling 7 source files to /tmp/Bugs.jar_Maven_4e955c05_java-7/maven-plugin-tools/maven-plugin-tools-api/target/test-classes
[WARNING] /tmp/Bugs.jar_Maven_4e955c05_java-7/maven-plugin-tools/maven-plugin-tools-api/src/test/java/org/apache/maven/tools/plugin/generator/AbstractGeneratorTestCase.java: /tmp/Bugs.jar_Maven_4e955c05_java-7/maven-plugin-tools/maven-plugin-tools-api/src/test/java/org/apache/maven/tools/plugin/generator/AbstractGeneratorTestCase.java uses unchecked or unsafe operations.
[WARNING] /tmp/Bugs.jar_Maven_4e955c05_java-7/maven-plugin-tools/maven-plugin-tools-api/src/test/java/org/apache/maven/tools/plugin/generator/AbstractGeneratorTestCase.java: Recompile with -Xlint:unchecked for details.
[INFO] 
[INFO] --- maven-surefire-plugin:2.12.4:test (default-test) @ maven-plugin-tools-api ---
[INFO] Tests are skipped.
[INFO] 
[INFO] --- maven-jar-plugin:2.4:jar (default-jar) @ maven-plugin-tools-api ---
[INFO] Building jar: /tmp/Bugs.jar_Maven_4e955c05_java-7/maven-plugin-tools/maven-plugin-tools-api/target/maven-plugin-tools-api-2.0.1-SNAPSHOT.jar
[INFO] 
[INFO] --- maven-install-plugin:2.4:install (default-install) @ maven-plugin-tools-api ---
[INFO] Installing /tmp/Bugs.jar_Maven_4e955c05_java-7/maven-plugin-tools/maven-plugin-tools-api/target/maven-plugin-tools-api-2.0.1-SNAPSHOT.jar to /tmp/Bugs.jar_Maven_4e955c05_java-7/.m2/org/apache/maven/maven-plugin-tools-api/2.0.1-SNAPSHOT/maven-plugin-tools-api-2.0.1-SNAPSHOT.jar
[INFO] Installing /tmp/Bugs.jar_Maven_4e955c05_java-7/maven-plugin-tools/maven-plugin-tools-api/pom.xml to /tmp/Bugs.jar_Maven_4e955c05_java-7/.m2/org/apache/maven/maven-plugin-tools-api/2.0.1-SNAPSHOT/maven-plugin-tools-api-2.0.1-SNAPSHOT.pom
[INFO] 
[INFO] ------------------------------------------------------------------------
[INFO] Building Maven Plugin Tools for Java 2.0.1-SNAPSHOT
[INFO] ------------------------------------------------------------------------
[INFO] 
[INFO] --- maven-resources-plugin:2.6:resources (default-resources) @ maven-plugin-tools-java ---
[WARNING] Using platform encoding (UTF-8 actually) to copy filtered resources, i.e. build is platform dependent!
[INFO] Copying 1 resource
[INFO] 
[INFO] --- maven-compiler-plugin:3.1:compile (default-compile) @ maven-plugin-tools-java ---
[INFO] Changes detected - recompiling the module!
[WARNING] File encoding has not been set, using platform encoding UTF-8, i.e. build is platform dependent!
[INFO] Compiling 1 source file to /tmp/Bugs.jar_Maven_4e955c05_java-7/maven-plugin-tools/maven-plugin-tools-java/target/classes
[WARNING] /tmp/Bugs.jar_Maven_4e955c05_java-7/maven-plugin-tools/maven-plugin-tools-java/src/main/java/org/apache/maven/tools/plugin/extractor/java/JavaMojoDescriptorExtractor.java: /tmp/Bugs.jar_Maven_4e955c05_java-7/maven-plugin-tools/maven-plugin-tools-java/src/main/java/org/apache/maven/tools/plugin/extractor/java/JavaMojoDescriptorExtractor.java uses unchecked or unsafe operations.
[WARNING] /tmp/Bugs.jar_Maven_4e955c05_java-7/maven-plugin-tools/maven-plugin-tools-java/src/main/java/org/apache/maven/tools/plugin/extractor/java/JavaMojoDescriptorExtractor.java: Recompile with -Xlint:unchecked for details.
[INFO] 
[INFO] --- maven-resources-plugin:2.6:testResources (default-testResources) @ maven-plugin-tools-java ---
[WARNING] Using platform encoding (UTF-8 actually) to copy filtered resources, i.e. build is platform dependent!
[INFO] Copying 3 resources
[INFO] 
[INFO] --- maven-compiler-plugin:3.1:testCompile (default-testCompile) @ maven-plugin-tools-java ---
[INFO] Changes detected - recompiling the module!
[WARNING] File encoding has not been set, using platform encoding UTF-8, i.e. build is platform dependent!
[INFO] Compiling 1 source file to /tmp/Bugs.jar_Maven_4e955c05_java-7/maven-plugin-tools/maven-plugin-tools-java/target/test-classes
[INFO] 
[INFO] --- maven-surefire-plugin:2.12.4:test (default-test) @ maven-plugin-tools-java ---
[INFO] Tests are skipped.
[INFO] 
[INFO] --- maven-jar-plugin:2.4:jar (default-jar) @ maven-plugin-tools-java ---
[INFO] Building jar: /tmp/Bugs.jar_Maven_4e955c05_java-7/maven-plugin-tools/maven-plugin-tools-java/target/maven-plugin-tools-java-2.0.1-SNAPSHOT.jar
[INFO] 
[INFO] --- maven-install-plugin:2.4:install (default-install) @ maven-plugin-tools-java ---
[INFO] Installing /tmp/Bugs.jar_Maven_4e955c05_java-7/maven-plugin-tools/maven-plugin-tools-java/target/maven-plugin-tools-java-2.0.1-SNAPSHOT.jar to /tmp/Bugs.jar_Maven_4e955c05_java-7/.m2/org/apache/maven/maven-plugin-tools-java/2.0.1-SNAPSHOT/maven-plugin-tools-java-2.0.1-SNAPSHOT.jar
[INFO] Installing /tmp/Bugs.jar_Maven_4e955c05_java-7/maven-plugin-tools/maven-plugin-tools-java/pom.xml to /tmp/Bugs.jar_Maven_4e955c05_java-7/.m2/org/apache/maven/maven-plugin-tools-java/2.0.1-SNAPSHOT/maven-plugin-tools-java-2.0.1-SNAPSHOT.pom
[INFO] 
[INFO] ------------------------------------------------------------------------
[INFO] Building Maven Plugin Tools for Beanshell 2.0.1-SNAPSHOT
[INFO] ------------------------------------------------------------------------
[INFO] 
[INFO] --- maven-resources-plugin:2.6:resources (default-resources) @ maven-plugin-tools-beanshell ---
[WARNING] Using platform encoding (UTF-8 actually) to copy filtered resources, i.e. build is platform dependent!
[INFO] Copying 2 resources
[INFO] 
[INFO] --- maven-compiler-plugin:3.1:compile (default-compile) @ maven-plugin-tools-beanshell ---
[INFO] Changes detected - recompiling the module!
[WARNING] File encoding has not been set, using platform encoding UTF-8, i.e. build is platform dependent!
[INFO] Compiling 1 source file to /tmp/Bugs.jar_Maven_4e955c05_java-7/maven-plugin-tools/maven-plugin-tools-beanshell/target/classes
[WARNING] /tmp/Bugs.jar_Maven_4e955c05_java-7/maven-plugin-tools/maven-plugin-tools-beanshell/src/main/java/org/apache/maven/tools/plugin/extractor/beanshell/BeanshellMojoDescriptorExtractor.java: /tmp/Bugs.jar_Maven_4e955c05_java-7/maven-plugin-tools/maven-plugin-tools-beanshell/src/main/java/org/apache/maven/tools/plugin/extractor/beanshell/BeanshellMojoDescriptorExtractor.java uses unchecked or unsafe operations.
[WARNING] /tmp/Bugs.jar_Maven_4e955c05_java-7/maven-plugin-tools/maven-plugin-tools-beanshell/src/main/java/org/apache/maven/tools/plugin/extractor/beanshell/BeanshellMojoDescriptorExtractor.java: Recompile with -Xlint:unchecked for details.
[INFO] 
[INFO] --- maven-resources-plugin:2.6:testResources (default-testResources) @ maven-plugin-tools-beanshell ---
[WARNING] Using platform encoding (UTF-8 actually) to copy filtered resources, i.e. build is platform dependent!
[INFO] skip non existing resourceDirectory /tmp/Bugs.jar_Maven_4e955c05_java-7/maven-plugin-tools/maven-plugin-tools-beanshell/src/test/resources
[INFO] 
[INFO] --- maven-compiler-plugin:3.1:testCompile (default-testCompile) @ maven-plugin-tools-beanshell ---
[INFO] No sources to compile
[INFO] 
[INFO] --- maven-surefire-plugin:2.12.4:test (default-test) @ maven-plugin-tools-beanshell ---
[INFO] Tests are skipped.
[INFO] 
[INFO] --- maven-jar-plugin:2.4:jar (default-jar) @ maven-plugin-tools-beanshell ---
[INFO] Building jar: /tmp/Bugs.jar_Maven_4e955c05_java-7/maven-plugin-tools/maven-plugin-tools-beanshell/target/maven-plugin-tools-beanshell-2.0.1-SNAPSHOT.jar
[INFO] 
[INFO] --- maven-install-plugin:2.4:install (default-install) @ maven-plugin-tools-beanshell ---
[INFO] Installing /tmp/Bugs.jar_Maven_4e955c05_java-7/maven-plugin-tools/maven-plugin-tools-beanshell/target/maven-plugin-tools-beanshell-2.0.1-SNAPSHOT.jar to /tmp/Bugs.jar_Maven_4e955c05_java-7/.m2/org/apache/maven/maven-plugin-tools-beanshell/2.0.1-SNAPSHOT/maven-plugin-tools-beanshell-2.0.1-SNAPSHOT.jar
[INFO] Installing /tmp/Bugs.jar_Maven_4e955c05_java-7/maven-plugin-tools/maven-plugin-tools-beanshell/pom.xml to /tmp/Bugs.jar_Maven_4e955c05_java-7/.m2/org/apache/maven/maven-plugin-tools-beanshell/2.0.1-SNAPSHOT/maven-plugin-tools-beanshell-2.0.1-SNAPSHOT.pom
[INFO] 
[INFO] ------------------------------------------------------------------------
[INFO] Building Maven Pluggy Simplistic Plugin Generator 2.0.1-SNAPSHOT
[INFO] ------------------------------------------------------------------------
[INFO] 
[INFO] --- maven-resources-plugin:2.6:resources (default-resources) @ maven-plugin-tools-pluggy ---
[WARNING] Using platform encoding (UTF-8 actually) to copy filtered resources, i.e. build is platform dependent!
[INFO] skip non existing resourceDirectory /tmp/Bugs.jar_Maven_4e955c05_java-7/maven-plugin-tools/maven-plugin-tools-pluggy/src/main/resources
[INFO] 
[INFO] --- maven-compiler-plugin:3.1:compile (default-compile) @ maven-plugin-tools-pluggy ---
[INFO] Changes detected - recompiling the module!
[WARNING] File encoding has not been set, using platform encoding UTF-8, i.e. build is platform dependent!
[INFO] Compiling 1 source file to /tmp/Bugs.jar_Maven_4e955c05_java-7/maven-plugin-tools/maven-plugin-tools-pluggy/target/classes
[INFO] 
[INFO] --- maven-resources-plugin:2.6:testResources (default-testResources) @ maven-plugin-tools-pluggy ---
[WARNING] Using platform encoding (UTF-8 actually) to copy filtered resources, i.e. build is platform dependent!
[INFO] skip non existing resourceDirectory /tmp/Bugs.jar_Maven_4e955c05_java-7/maven-plugin-tools/maven-plugin-tools-pluggy/src/test/resources
[INFO] 
[INFO] --- maven-compiler-plugin:3.1:testCompile (default-testCompile) @ maven-plugin-tools-pluggy ---
[INFO] No sources to compile
[INFO] 
[INFO] --- maven-surefire-plugin:2.12.4:test (default-test) @ maven-plugin-tools-pluggy ---
[INFO] Tests are skipped.
[INFO] 
[INFO] --- maven-jar-plugin:2.4:jar (default-jar) @ maven-plugin-tools-pluggy ---
[INFO] Building jar: /tmp/Bugs.jar_Maven_4e955c05_java-7/maven-plugin-tools/maven-plugin-tools-pluggy/target/maven-plugin-tools-pluggy-2.0.1-SNAPSHOT.jar
[INFO] 
[INFO] --- maven-install-plugin:2.4:install (default-install) @ maven-plugin-tools-pluggy ---
[INFO] Installing /tmp/Bugs.jar_Maven_4e955c05_java-7/maven-plugin-tools/maven-plugin-tools-pluggy/target/maven-plugin-tools-pluggy-2.0.1-SNAPSHOT.jar to /tmp/Bugs.jar_Maven_4e955c05_java-7/.m2/org/apache/maven/maven-plugin-tools-pluggy/2.0.1-SNAPSHOT/maven-plugin-tools-pluggy-2.0.1-SNAPSHOT.jar
[INFO] Installing /tmp/Bugs.jar_Maven_4e955c05_java-7/maven-plugin-tools/maven-plugin-tools-pluggy/pom.xml to /tmp/Bugs.jar_Maven_4e955c05_java-7/.m2/org/apache/maven/maven-plugin-tools-pluggy/2.0.1-SNAPSHOT/maven-plugin-tools-pluggy-2.0.1-SNAPSHOT.pom
[INFO] 
[INFO] ------------------------------------------------------------------------
[INFO] Building Maven Plugin Metadata Model 2.0.1-SNAPSHOT
[INFO] ------------------------------------------------------------------------
[INFO] Downloading: http://snapshots.maven.codehaus.org/maven2/org/codehaus/modello/modello-maven-plugin/maven-metadata.xml
[INFO] Downloading: https://repo.maven.apache.org/maven2/org/codehaus/modello/modello-maven-plugin/maven-metadata.xml
[INFO] Downloaded: https://repo.maven.apache.org/maven2/org/codehaus/modello/modello-maven-plugin/maven-metadata.xml (1.7 kB at 170 kB/s)
[WARNING] Could not transfer metadata org.codehaus.modello:modello-maven-plugin/maven-metadata.xml from/to snapshots (http://snapshots.maven.codehaus.org/maven2): snapshots.maven.codehaus.org: Name or service not known
[INFO] 
[INFO] --- modello-maven-plugin:1.11:java (default) @ maven-plugin-tools-model ---
[INFO] Downloading: https://repo.maven.apache.org/maven2/org/apache/maven/maven-plugin-api/3.0/maven-plugin-api-3.0.pom
[INFO] Downloaded: https://repo.maven.apache.org/maven2/org/apache/maven/maven-plugin-api/3.0/maven-plugin-api-3.0.pom (2.3 kB at 327 kB/s)
[INFO] Downloading: https://repo.maven.apache.org/maven2/org/apache/maven/maven-model/3.0/maven-model-3.0.pom
[INFO] Downloaded: https://repo.maven.apache.org/maven2/org/apache/maven/maven-model/3.0/maven-model-3.0.pom (3.9 kB at 486 kB/s)
[INFO] Downloading: https://repo.maven.apache.org/maven2/org/codehaus/plexus/plexus-utils/3.2.0/plexus-utils-3.2.0.pom
[INFO] Downloaded: https://repo.maven.apache.org/maven2/org/codehaus/plexus/plexus-utils/3.2.0/plexus-utils-3.2.0.pom (4.8 kB at 603 kB/s)
[INFO] Downloading: https://repo.maven.apache.org/maven2/org/sonatype/sisu/sisu-inject-plexus/1.4.2/sisu-inject-plexus-1.4.2.pom
[INFO] Downloaded: https://repo.maven.apache.org/maven2/org/sonatype/sisu/sisu-inject-plexus/1.4.2/sisu-inject-plexus-1.4.2.pom (5.4 kB at 671 kB/s)
[INFO] Downloading: https://repo.maven.apache.org/maven2/org/sonatype/sisu/inject/guice-plexus/1.4.2/guice-plexus-1.4.2.pom
[INFO] Downloaded: https://repo.maven.apache.org/maven2/org/sonatype/sisu/inject/guice-plexus/1.4.2/guice-plexus-1.4.2.pom (3.1 kB at 29 kB/s)
[INFO] Downloading: https://repo.maven.apache.org/maven2/org/sonatype/sisu/inject/guice-bean/1.4.2/guice-bean-1.4.2.pom
[INFO] Downloaded: https://repo.maven.apache.org/maven2/org/sonatype/sisu/inject/guice-bean/1.4.2/guice-bean-1.4.2.pom (2.6 kB at 29 kB/s)
[INFO] Downloading: https://repo.maven.apache.org/maven2/org/sonatype/sisu/sisu-inject/1.4.2/sisu-inject-1.4.2.pom
[INFO] Downloaded: https://repo.maven.apache.org/maven2/org/sonatype/sisu/sisu-inject/1.4.2/sisu-inject-1.4.2.pom (1.2 kB at 178 kB/s)
[INFO] Downloading: https://repo.maven.apache.org/maven2/org/sonatype/sisu/sisu-parent/1.4.2/sisu-parent-1.4.2.pom
[INFO] Downloaded: https://repo.maven.apache.org/maven2/org/sonatype/sisu/sisu-parent/1.4.2/sisu-parent-1.4.2.pom (7.8 kB at 123 kB/s)
[INFO] Downloading: https://repo.maven.apache.org/maven2/org/sonatype/sisu/sisu-inject-bean/1.4.2/sisu-inject-bean-1.4.2.pom
[INFO] Downloaded: https://repo.maven.apache.org/maven2/org/sonatype/sisu/sisu-inject-bean/1.4.2/sisu-inject-bean-1.4.2.pom (5.5 kB at 84 kB/s)
[INFO] Downloading: https://repo.maven.apache.org/maven2/org/codehaus/modello/modello-core/1.11/modello-core-1.11.pom
[INFO] Downloaded: https://repo.maven.apache.org/maven2/org/codehaus/modello/modello-core/1.11/modello-core-1.11.pom (1.5 kB at 214 kB/s)
[INFO] Downloading: https://repo.maven.apache.org/maven2/org/sonatype/plexus/plexus-build-api/0.0.7/plexus-build-api-0.0.7.pom
[INFO] Downloaded: https://repo.maven.apache.org/maven2/org/sonatype/plexus/plexus-build-api/0.0.7/plexus-build-api-0.0.7.pom (3.2 kB at 458 kB/s)
[INFO] Downloading: https://repo.maven.apache.org/maven2/org/codehaus/plexus/plexus-container-default/1.7/plexus-container-default-1.7.pom
[INFO] Downloaded: https://repo.maven.apache.org/maven2/org/codehaus/plexus/plexus-container-default/1.7/plexus-container-default-1.7.pom (2.7 kB at 381 kB/s)
[INFO] Downloading: https://repo.maven.apache.org/maven2/org/codehaus/plexus/plexus-containers/1.7/plexus-containers-1.7.pom
[INFO] Downloaded: https://repo.maven.apache.org/maven2/org/codehaus/plexus/plexus-containers/1.7/plexus-containers-1.7.pom (4.8 kB at 73 kB/s)
[INFO] Downloading: https://repo.maven.apache.org/maven2/org/apache/xbean/xbean-reflect/3.7/xbean-reflect-3.7.pom
[INFO] Downloaded: https://repo.maven.apache.org/maven2/org/apache/xbean/xbean-reflect/3.7/xbean-reflect-3.7.pom (5.1 kB at 65 kB/s)
[INFO] Downloading: https://repo.maven.apache.org/maven2/org/apache/xbean/xbean/3.7/xbean-3.7.pom
[INFO] Downloaded: https://repo.maven.apache.org/maven2/org/apache/xbean/xbean/3.7/xbean-3.7.pom (15 kB at 1.5 MB/s)
[INFO] Downloading: https://repo.maven.apache.org/maven2/org/apache/geronimo/genesis/genesis-java5-flava/2.0/genesis-java5-flava-2.0.pom
[INFO] Downloaded: https://repo.maven.apache.org/maven2/org/apache/geronimo/genesis/genesis-java5-flava/2.0/genesis-java5-flava-2.0.pom (5.5 kB at 323 kB/s)
[INFO] Downloading: https://repo.maven.apache.org/maven2/org/apache/geronimo/genesis/genesis-default-flava/2.0/genesis-default-flava-2.0.pom
[INFO] Downloaded: https://repo.maven.apache.org/maven2/org/apache/geronimo/genesis/genesis-default-flava/2.0/genesis-default-flava-2.0.pom (18 kB at 1.6 MB/s)
[INFO] Downloading: https://repo.maven.apache.org/maven2/org/apache/geronimo/genesis/genesis/2.0/genesis-2.0.pom
[INFO] Downloaded: https://repo.maven.apache.org/maven2/org/apache/geronimo/genesis/genesis/2.0/genesis-2.0.pom (18 kB at 1.7 MB/s)
[INFO] Downloading: https://repo.maven.apache.org/maven2/org/apache/maven/maven-core/3.0/maven-core-3.0.pom
[INFO] Downloaded: https://repo.maven.apache.org/maven2/org/apache/maven/maven-core/3.0/maven-core-3.0.pom (6.6 kB at 947 kB/s)
[INFO] Downloading: https://repo.maven.apache.org/maven2/org/apache/maven/maven-settings/3.0/maven-settings-3.0.pom
[INFO] Downloaded: https://repo.maven.apache.org/maven2/org/apache/maven/maven-settings/3.0/maven-settings-3.0.pom (1.9 kB at 269 kB/s)
[INFO] Downloading: https://repo.maven.apache.org/maven2/org/apache/maven/maven-settings-builder/3.0/maven-settings-builder-3.0.pom
[INFO] Downloaded: https://repo.maven.apache.org/maven2/org/apache/maven/maven-settings-builder/3.0/maven-settings-builder-3.0.pom (2.2 kB at 317 kB/s)
[INFO] Downloading: https://repo.maven.apache.org/maven2/org/apache/maven/maven-repository-metadata/3.0/maven-repository-metadata-3.0.pom
[INFO] Downloaded: https://repo.maven.apache.org/maven2/org/apache/maven/maven-repository-metadata/3.0/maven-repository-metadata-3.0.pom (1.9 kB at 241 kB/s)
[INFO] Downloading: https://repo.maven.apache.org/maven2/org/apache/maven/maven-model-builder/3.0/maven-model-builder-3.0.pom
[INFO] Downloaded: https://repo.maven.apache.org/maven2/org/apache/maven/maven-model-builder/3.0/maven-model-builder-3.0.pom (2.2 kB at 33 kB/s)
[INFO] Downloading: https://repo.maven.apache.org/maven2/org/apache/maven/maven-aether-provider/3.0/maven-aether-provider-3.0.pom
[INFO] Downloaded: https://repo.maven.apache.org/maven2/org/apache/maven/maven-aether-provider/3.0/maven-aether-provider-3.0.pom (2.5 kB at 353 kB/s)
[INFO] Downloading: https://repo.maven.apache.org/maven2/org/sonatype/aether/aether-api/1.7/aether-api-1.7.pom
[INFO] Downloaded: https://repo.maven.apache.org/maven2/org/sonatype/aether/aether-api/1.7/aether-api-1.7.pom (1.7 kB at 549 B/s)
[INFO] Downloading: https://repo.maven.apache.org/maven2/org/sonatype/aether/aether-parent/1.7/aether-parent-1.7.pom
[INFO] Downloaded: https://repo.maven.apache.org/maven2/org/sonatype/aether/aether-parent/1.7/aether-parent-1.7.pom (7.7 kB at 4.3 kB/s)
[INFO] Downloading: https://repo.maven.apache.org/maven2/org/sonatype/aether/aether-util/1.7/aether-util-1.7.pom
[INFO] Downloaded: https://repo.maven.apache.org/maven2/org/sonatype/aether/aether-util/1.7/aether-util-1.7.pom (2.1 kB at 1.1 kB/s)
[INFO] Downloading: https://repo.maven.apache.org/maven2/org/sonatype/aether/aether-impl/1.7/aether-impl-1.7.pom
[INFO] Downloaded: https://repo.maven.apache.org/maven2/org/sonatype/aether/aether-impl/1.7/aether-impl-1.7.pom (3.7 kB at 336 kB/s)
[INFO] Downloading: https://repo.maven.apache.org/maven2/org/sonatype/aether/aether-spi/1.7/aether-spi-1.7.pom
[INFO] Downloaded: https://repo.maven.apache.org/maven2/org/sonatype/aether/aether-spi/1.7/aether-spi-1.7.pom (1.7 kB at 218 kB/s)
[INFO] Downloading: https://repo.maven.apache.org/maven2/org/codehaus/modello/modello-plugin-converters/1.11/modello-plugin-converters-1.11.pom
[INFO] Downloaded: https://repo.maven.apache.org/maven2/org/codehaus/modello/modello-plugin-converters/1.11/modello-plugin-converters-1.11.pom (1.6 kB at 200 kB/s)
[INFO] Downloading: https://repo.maven.apache.org/maven2/org/codehaus/modello/modello-plugins/1.11/modello-plugins-1.11.pom
[INFO] Downloaded: https://repo.maven.apache.org/maven2/org/codehaus/modello/modello-plugins/1.11/modello-plugins-1.11.pom (2.5 kB at 3.1 kB/s)
[INFO] Downloading: https://repo.maven.apache.org/maven2/org/codehaus/modello/modello-plugin-java/1.11/modello-plugin-java-1.11.pom
[INFO] Downloaded: https://repo.maven.apache.org/maven2/org/codehaus/modello/modello-plugin-java/1.11/modello-plugin-java-1.11.pom (2.6 kB at 2.0 kB/s)
[INFO] Downloading: https://repo.maven.apache.org/maven2/org/codehaus/modello/modello-plugin-dom4j/1.11/modello-plugin-dom4j-1.11.pom
[INFO] Downloaded: https://repo.maven.apache.org/maven2/org/codehaus/modello/modello-plugin-dom4j/1.11/modello-plugin-dom4j-1.11.pom (1.6 kB at 197 kB/s)
[INFO] Downloading: https://repo.maven.apache.org/maven2/org/codehaus/modello/modello-plugin-xml/1.11/modello-plugin-xml-1.11.pom
[INFO] Downloaded: https://repo.maven.apache.org/maven2/org/codehaus/modello/modello-plugin-xml/1.11/modello-plugin-xml-1.11.pom (1.0 kB at 1.8 kB/s)
[INFO] Downloading: https://repo.maven.apache.org/maven2/org/codehaus/modello/modello-plugin-jackson/1.11/modello-plugin-jackson-1.11.pom
[INFO] Downloaded: https://repo.maven.apache.org/maven2/org/codehaus/modello/modello-plugin-jackson/1.11/modello-plugin-jackson-1.11.pom (1.8 kB at 11 kB/s)
[INFO] Downloading: https://repo.maven.apache.org/maven2/com/fasterxml/jackson/core/jackson-core/2.9.7/jackson-core-2.9.7.pom
[INFO] Downloaded: https://repo.maven.apache.org/maven2/com/fasterxml/jackson/core/jackson-core/2.9.7/jackson-core-2.9.7.pom (4.1 kB at 451 kB/s)
[INFO] Downloading: https://repo.maven.apache.org/maven2/com/fasterxml/jackson/jackson-base/2.9.7/jackson-base-2.9.7.pom
[INFO] Downloaded: https://repo.maven.apache.org/maven2/com/fasterxml/jackson/jackson-base/2.9.7/jackson-base-2.9.7.pom (5.4 kB at 316 kB/s)
[INFO] Downloading: https://repo.maven.apache.org/maven2/com/fasterxml/jackson/jackson-bom/2.9.7/jackson-bom-2.9.7.pom
[INFO] Downloaded: https://repo.maven.apache.org/maven2/com/fasterxml/jackson/jackson-bom/2.9.7/jackson-bom-2.9.7.pom (12 kB at 29 kB/s)
[INFO] Downloading: https://repo.maven.apache.org/maven2/com/fasterxml/jackson/jackson-parent/2.9.1.1/jackson-parent-2.9.1.1.pom
[INFO] Downloaded: https://repo.maven.apache.org/maven2/com/fasterxml/jackson/jackson-parent/2.9.1.1/jackson-parent-2.9.1.1.pom (8.0 kB at 80 kB/s)
[INFO] Downloading: https://repo.maven.apache.org/maven2/com/fasterxml/oss-parent/33/oss-parent-33.pom
[INFO] Downloaded: https://repo.maven.apache.org/maven2/com/fasterxml/oss-parent/33/oss-parent-33.pom (22 kB at 2.0 MB/s)
[INFO] Downloading: https://repo.maven.apache.org/maven2/com/fasterxml/jackson/core/jackson-databind/2.9.7/jackson-databind-2.9.7.pom
[INFO] Downloaded: https://repo.maven.apache.org/maven2/com/fasterxml/jackson/core/jackson-databind/2.9.7/jackson-databind-2.9.7.pom (6.3 kB at 526 kB/s)
[INFO] Downloading: https://repo.maven.apache.org/maven2/com/fasterxml/jackson/core/jackson-annotations/2.9.0/jackson-annotations-2.9.0.pom
[INFO] Downloaded: https://repo.maven.apache.org/maven2/com/fasterxml/jackson/core/jackson-annotations/2.9.0/jackson-annotations-2.9.0.pom (1.9 kB at 277 kB/s)
[INFO] Downloading: https://repo.maven.apache.org/maven2/com/fasterxml/jackson/jackson-parent/2.9.0/jackson-parent-2.9.0.pom
[INFO] Downloaded: https://repo.maven.apache.org/maven2/com/fasterxml/jackson/jackson-parent/2.9.0/jackson-parent-2.9.0.pom (7.8 kB at 460 kB/s)
[INFO] Downloading: https://repo.maven.apache.org/maven2/com/fasterxml/oss-parent/28/oss-parent-28.pom
[INFO] Downloaded: https://repo.maven.apache.org/maven2/com/fasterxml/oss-parent/28/oss-parent-28.pom (20 kB at 2.0 MB/s)
[INFO] Downloading: https://repo.maven.apache.org/maven2/com/fasterxml/jackson/core/jackson-annotations/2.9.7/jackson-annotations-2.9.7.pom
[INFO] Downloaded: https://repo.maven.apache.org/maven2/com/fasterxml/jackson/core/jackson-annotations/2.9.7/jackson-annotations-2.9.7.pom (2.6 kB at 324 kB/s)
[INFO] Downloading: https://repo.maven.apache.org/maven2/com/fasterxml/jackson/jackson-parent/2.9.1/jackson-parent-2.9.1.pom
[INFO] Downloaded: https://repo.maven.apache.org/maven2/com/fasterxml/jackson/jackson-parent/2.9.1/jackson-parent-2.9.1.pom (8.0 kB at 1.0 MB/s)
[INFO] Downloading: https://repo.maven.apache.org/maven2/com/fasterxml/oss-parent/30/oss-parent-30.pom
[INFO] Downloaded: https://repo.maven.apache.org/maven2/com/fasterxml/oss-parent/30/oss-parent-30.pom (21 kB at 2.3 MB/s)
[INFO] Downloading: https://repo.maven.apache.org/maven2/org/codehaus/modello/modello-plugin-jdom/1.11/modello-plugin-jdom-1.11.pom
[INFO] Downloaded: https://repo.maven.apache.org/maven2/org/codehaus/modello/modello-plugin-jdom/1.11/modello-plugin-jdom-1.11.pom (1.9 kB at 7.1 kB/s)
[INFO] Downloading: https://repo.maven.apache.org/maven2/org/codehaus/modello/modello-plugin-jsonschema/1.11/modello-plugin-jsonschema-1.11.pom
[INFO] Downloaded: https://repo.maven.apache.org/maven2/org/codehaus/modello/modello-plugin-jsonschema/1.11/modello-plugin-jsonschema-1.11.pom (1.5 kB at 249 kB/s)
[INFO] Downloading: https://repo.maven.apache.org/maven2/org/codehaus/modello/modello-plugin-sax/1.11/modello-plugin-sax-1.11.pom
[INFO] Downloaded: https://repo.maven.apache.org/maven2/org/codehaus/modello/modello-plugin-sax/1.11/modello-plugin-sax-1.11.pom (1.3 kB at 223 kB/s)
[INFO] Downloading: https://repo.maven.apache.org/maven2/org/codehaus/modello/modello-plugin-snakeyaml/1.11/modello-plugin-snakeyaml-1.11.pom
[INFO] Downloaded: https://repo.maven.apache.org/maven2/org/codehaus/modello/modello-plugin-snakeyaml/1.11/modello-plugin-snakeyaml-1.11.pom (1.2 kB at 6.4 kB/s)
[INFO] Downloading: https://repo.maven.apache.org/maven2/org/yaml/snakeyaml/1.12/snakeyaml-1.12.pom
[INFO] Downloaded: https://repo.maven.apache.org/maven2/org/yaml/snakeyaml/1.12/snakeyaml-1.12.pom (22 kB at 2.0 MB/s)
[INFO] Downloading: https://repo.maven.apache.org/maven2/org/codehaus/modello/modello-plugin-stax/1.11/modello-plugin-stax-1.11.pom
[INFO] Downloaded: https://repo.maven.apache.org/maven2/org/codehaus/modello/modello-plugin-stax/1.11/modello-plugin-stax-1.11.pom (2.3 kB at 332 kB/s)
[INFO] Downloading: https://repo.maven.apache.org/maven2/org/codehaus/modello/modello-plugin-xdoc/1.11/modello-plugin-xdoc-1.11.pom
[INFO] Downloaded: https://repo.maven.apache.org/maven2/org/codehaus/modello/modello-plugin-xdoc/1.11/modello-plugin-xdoc-1.11.pom (1.5 kB at 221 kB/s)
[INFO] Downloading: https://repo.maven.apache.org/maven2/org/codehaus/modello/modello-plugin-xsd/1.11/modello-plugin-xsd-1.11.pom
[INFO] Downloaded: https://repo.maven.apache.org/maven2/org/codehaus/modello/modello-plugin-xsd/1.11/modello-plugin-xsd-1.11.pom (1.3 kB at 223 kB/s)
[INFO] Downloading: https://repo.maven.apache.org/maven2/org/jsoup/jsoup/1.10.2/jsoup-1.10.2.pom
[INFO] Downloaded: https://repo.maven.apache.org/maven2/org/jsoup/jsoup/1.10.2/jsoup-1.10.2.pom (7.3 kB at 912 kB/s)
[INFO] Downloading: https://repo.maven.apache.org/maven2/org/codehaus/modello/modello-plugin-xpp3/1.11/modello-plugin-xpp3-1.11.pom
[INFO] Downloaded: https://repo.maven.apache.org/maven2/org/codehaus/modello/modello-plugin-xpp3/1.11/modello-plugin-xpp3-1.11.pom (1.4 kB at 7.8 kB/s)
[INFO] Downloading: https://repo.maven.apache.org/maven2/org/sonatype/sisu/sisu-inject-bean/1.4.2/sisu-inject-bean-1.4.2.jar
[INFO] Downloading: https://repo.maven.apache.org/maven2/org/apache/maven/maven-repository-metadata/3.0/maven-repository-metadata-3.0.jar
[INFO] Downloading: https://repo.maven.apache.org/maven2/org/apache/maven/maven-model-builder/3.0/maven-model-builder-3.0.jar
[INFO] Downloading: https://repo.maven.apache.org/maven2/org/apache/maven/maven-aether-provider/3.0/maven-aether-provider-3.0.jar
[INFO] Downloading: https://repo.maven.apache.org/maven2/org/sonatype/aether/aether-impl/1.7/aether-impl-1.7.jar
[INFO] Downloaded: https://repo.maven.apache.org/maven2/org/sonatype/sisu/sisu-inject-bean/1.4.2/sisu-inject-bean-1.4.2.jar (153 kB at 4.8 MB/s)
[INFO] Downloading: https://repo.maven.apache.org/maven2/org/sonatype/aether/aether-spi/1.7/aether-spi-1.7.jar
[INFO] Downloaded: https://repo.maven.apache.org/maven2/org/apache/maven/maven-aether-provider/3.0/maven-aether-provider-3.0.jar (51 kB at 948 kB/s)
[INFO] Downloading: https://repo.maven.apache.org/maven2/org/sonatype/aether/aether-api/1.7/aether-api-1.7.jar
[INFO] Downloaded: https://repo.maven.apache.org/maven2/org/apache/maven/maven-repository-metadata/3.0/maven-repository-metadata-3.0.jar (30 kB at 519 kB/s)
[INFO] Downloading: https://repo.maven.apache.org/maven2/org/sonatype/aether/aether-util/1.7/aether-util-1.7.jar
[INFO] Downloaded: https://repo.maven.apache.org/maven2/org/sonatype/aether/aether-impl/1.7/aether-impl-1.7.jar (106 kB at 1.7 MB/s)
[INFO] Downloading: https://repo.maven.apache.org/maven2/org/apache/xbean/xbean-reflect/3.7/xbean-reflect-3.7.jar
[INFO] Downloaded: https://repo.maven.apache.org/maven2/org/apache/maven/maven-model-builder/3.0/maven-model-builder-3.0.jar (148 kB at 2.2 MB/s)
[INFO] Downloading: https://repo.maven.apache.org/maven2/org/codehaus/modello/modello-plugin-xml/1.11/modello-plugin-xml-1.11.jar
[INFO] Downloaded: https://repo.maven.apache.org/maven2/org/sonatype/aether/aether-util/1.7/aether-util-1.7.jar (108 kB at 1.5 MB/s)
[INFO] Downloading: https://repo.maven.apache.org/maven2/com/fasterxml/jackson/core/jackson-core/2.9.7/jackson-core-2.9.7.jar
[INFO] Downloaded: https://repo.maven.apache.org/maven2/org/codehaus/modello/modello-plugin-xml/1.11/modello-plugin-xml-1.11.jar (16 kB at 210 kB/s)
[INFO] Downloading: https://repo.maven.apache.org/maven2/com/fasterxml/jackson/core/jackson-databind/2.9.7/jackson-databind-2.9.7.jar
[INFO] Downloaded: https://repo.maven.apache.org/maven2/org/sonatype/aether/aether-spi/1.7/aether-spi-1.7.jar (14 kB at 108 kB/s)
[INFO] Downloading: https://repo.maven.apache.org/maven2/com/fasterxml/jackson/core/jackson-annotations/2.9.7/jackson-annotations-2.9.7.jar
[INFO] Downloaded: https://repo.maven.apache.org/maven2/org/apache/xbean/xbean-reflect/3.7/xbean-reflect-3.7.jar (148 kB at 121 kB/s)
[INFO] Downloading: https://repo.maven.apache.org/maven2/org/yaml/snakeyaml/1.12/snakeyaml-1.12.jar
[INFO] Downloaded: https://repo.maven.apache.org/maven2/com/fasterxml/jackson/core/jackson-annotations/2.9.7/jackson-annotations-2.9.7.jar (67 kB at 54 kB/s)
[INFO] Downloading: https://repo.maven.apache.org/maven2/org/jsoup/jsoup/1.10.2/jsoup-1.10.2.jar
[INFO] Downloaded: https://repo.maven.apache.org/maven2/com/fasterxml/jackson/core/jackson-core/2.9.7/jackson-core-2.9.7.jar (324 kB at 262 kB/s)
[INFO] Downloaded: https://repo.maven.apache.org/maven2/org/jsoup/jsoup/1.10.2/jsoup-1.10.2.jar (351 kB at 280 kB/s)
[INFO] Downloaded: https://repo.maven.apache.org/maven2/com/fasterxml/jackson/core/jackson-databind/2.9.7/jackson-databind-2.9.7.jar (1.4 MB at 958 kB/s)
[INFO] Downloaded: https://repo.maven.apache.org/maven2/org/sonatype/aether/aether-api/1.7/aether-api-1.7.jar (74 kB at 53 kB/s)
[INFO] Downloaded: https://repo.maven.apache.org/maven2/org/yaml/snakeyaml/1.12/snakeyaml-1.12.jar (271 kB at 190 kB/s)
[INFO] 
[INFO] ------------------------------------------------------------------------
[INFO] Building Maven Ant Plugin Tools 2.0.1-SNAPSHOT
[INFO] ------------------------------------------------------------------------
[INFO] Downloading: http://snapshots.maven.codehaus.org/maven2/org/apache/maven/maven-plugin-tools-model/2.0.1-SNAPSHOT/maven-metadata.xml
[WARNING] Could not transfer metadata org.apache.maven:maven-plugin-tools-model:2.0.1-SNAPSHOT/maven-metadata.xml from/to snapshots (http://snapshots.maven.codehaus.org/maven2): snapshots.maven.codehaus.org: Name or service not known
[WARNING] Failure to transfer org.apache.maven:maven-plugin-tools-model:2.0.1-SNAPSHOT/maven-metadata.xml from http://snapshots.maven.codehaus.org/maven2 was cached in the local repository, resolution will not be reattempted until the update interval of snapshots has elapsed or updates are forced. Original error: Could not transfer metadata org.apache.maven:maven-plugin-tools-model:2.0.1-SNAPSHOT/maven-metadata.xml from/to snapshots (http://snapshots.maven.codehaus.org/maven2): snapshots.maven.codehaus.org: Name or service not known
[INFO] Downloading: http://snapshots.maven.codehaus.org/maven2/org/apache/maven/maven-plugin-tools-model/2.0.1-SNAPSHOT/maven-plugin-tools-model-2.0.1-SNAPSHOT.jar
[INFO] 
[INFO] ------------------------------------------------------------------------
[INFO] Building Maven Reporting 2.0.1-SNAPSHOT
[INFO] ------------------------------------------------------------------------
[INFO] Downloading: http://snapshots.maven.codehaus.org/maven2/org/codehaus/doxia/doxia-core/1.0-alpha-6-SNAPSHOT/maven-metadata.xml
[INFO] Downloading: http://cvs.apache.org/maven-snapshot-repository/org/codehaus/doxia/doxia-core/1.0-alpha-6-SNAPSHOT/maven-metadata.xml
[WARNING] Could not transfer metadata org.codehaus.doxia:doxia-core:1.0-alpha-6-SNAPSHOT/maven-metadata.xml from/to snapshots (http://snapshots.maven.codehaus.org/maven2): snapshots.maven.codehaus.org
[WARNING] Could not transfer metadata org.codehaus.doxia:doxia-core:1.0-alpha-6-SNAPSHOT/maven-metadata.xml from/to apache.snapshots (http://cvs.apache.org/maven-snapshot-repository): Received fatal alert: handshake_failure
[WARNING] Failure to transfer org.codehaus.doxia:doxia-core:1.0-alpha-6-SNAPSHOT/maven-metadata.xml from http://snapshots.maven.codehaus.org/maven2 was cached in the local repository, resolution will not be reattempted until the update interval of snapshots has elapsed or updates are forced. Original error: Could not transfer metadata org.codehaus.doxia:doxia-core:1.0-alpha-6-SNAPSHOT/maven-metadata.xml from/to snapshots (http://snapshots.maven.codehaus.org/maven2): snapshots.maven.codehaus.org
[WARNING] Failure to transfer org.codehaus.doxia:doxia-core:1.0-alpha-6-SNAPSHOT/maven-metadata.xml from http://cvs.apache.org/maven-snapshot-repository was cached in the local repository, resolution will not be reattempted until the update interval of apache.snapshots has elapsed or updates are forced. Original error: Could not transfer metadata org.codehaus.doxia:doxia-core:1.0-alpha-6-SNAPSHOT/maven-metadata.xml from/to apache.snapshots (http://cvs.apache.org/maven-snapshot-repository): Received fatal alert: handshake_failure
[INFO] Downloading: http://snapshots.maven.codehaus.org/maven2/org/codehaus/doxia/doxia-core/1.0-alpha-6-SNAPSHOT/doxia-core-1.0-alpha-6-SNAPSHOT.pom
[INFO] Downloading: http://cvs.apache.org/maven-snapshot-repository/org/codehaus/doxia/doxia-core/1.0-alpha-6-SNAPSHOT/doxia-core-1.0-alpha-6-SNAPSHOT.pom
[INFO] 
[INFO] ------------------------------------------------------------------------
[INFO] Building Maven Ant Mojo Support 2.0.1-SNAPSHOT
[INFO] ------------------------------------------------------------------------
[INFO] Downloading: http://snapshots.maven.codehaus.org/maven2/org/codehaus/plexus/plexus-ant-factory/1.0-alpha-1-SNAPSHOT/maven-metadata.xml
[WARNING] Could not transfer metadata org.codehaus.plexus:plexus-ant-factory:1.0-alpha-1-SNAPSHOT/maven-metadata.xml from/to snapshots (http://snapshots.maven.codehaus.org/maven2): snapshots.maven.codehaus.org
[WARNING] Failure to transfer org.codehaus.plexus:plexus-ant-factory:1.0-alpha-1-SNAPSHOT/maven-metadata.xml from http://snapshots.maven.codehaus.org/maven2 was cached in the local repository, resolution will not be reattempted until the update interval of snapshots has elapsed or updates are forced. Original error: Could not transfer metadata org.codehaus.plexus:plexus-ant-factory:1.0-alpha-1-SNAPSHOT/maven-metadata.xml from/to snapshots (http://snapshots.maven.codehaus.org/maven2): snapshots.maven.codehaus.org
[INFO] Downloading: http://snapshots.maven.codehaus.org/maven2/org/codehaus/plexus/plexus-ant-factory/1.0-alpha-1-SNAPSHOT/plexus-ant-factory-1.0-alpha-1-SNAPSHOT.pom
[INFO] 
[INFO] ------------------------------------------------------------------------
[INFO] Building Maven Script Support Root 2.0.1-SNAPSHOT
[INFO] ------------------------------------------------------------------------
[INFO] 
[INFO] --- maven-install-plugin:2.4:install (default-install) @ maven-script ---
[INFO] Installing /tmp/Bugs.jar_Maven_4e955c05_java-7/maven-script/pom.xml to /tmp/Bugs.jar_Maven_4e955c05_java-7/.m2/org/apache/maven/maven-script/2.0.1-SNAPSHOT/maven-script-2.0.1-SNAPSHOT.pom
[INFO] 
[INFO] ------------------------------------------------------------------------
[INFO] Building Maven Beanshell Mojo Support 2.0.1-SNAPSHOT
[INFO] ------------------------------------------------------------------------
[INFO] 
[INFO] --- maven-resources-plugin:2.6:resources (default-resources) @ maven-script-beanshell ---
[WARNING] Using platform encoding (UTF-8 actually) to copy filtered resources, i.e. build is platform dependent!
[INFO] skip non existing resourceDirectory /tmp/Bugs.jar_Maven_4e955c05_java-7/maven-script/maven-script-beanshell/src/main/resources
[INFO] 
[INFO] --- maven-compiler-plugin:3.1:compile (default-compile) @ maven-script-beanshell ---
[INFO] Changes detected - recompiling the module!
[WARNING] File encoding has not been set, using platform encoding UTF-8, i.e. build is platform dependent!
[INFO] Compiling 1 source file to /tmp/Bugs.jar_Maven_4e955c05_java-7/maven-script/maven-script-beanshell/target/classes
[INFO] 
[INFO] --- maven-resources-plugin:2.6:testResources (default-testResources) @ maven-script-beanshell ---
[WARNING] Using platform encoding (UTF-8 actually) to copy filtered resources, i.e. build is platform dependent!
[INFO] skip non existing resourceDirectory /tmp/Bugs.jar_Maven_4e955c05_java-7/maven-script/maven-script-beanshell/src/test/resources
[INFO] 
[INFO] --- maven-compiler-plugin:3.1:testCompile (default-testCompile) @ maven-script-beanshell ---
[INFO] No sources to compile
[INFO] 
[INFO] --- maven-surefire-plugin:2.12.4:test (default-test) @ maven-script-beanshell ---
[INFO] Tests are skipped.
[INFO] 
[INFO] --- maven-jar-plugin:2.4:jar (default-jar) @ maven-script-beanshell ---
[INFO] Building jar: /tmp/Bugs.jar_Maven_4e955c05_java-7/maven-script/maven-script-beanshell/target/maven-script-beanshell-2.0.1-SNAPSHOT.jar
[INFO] 
[INFO] --- maven-install-plugin:2.4:install (default-install) @ maven-script-beanshell ---
[INFO] Installing /tmp/Bugs.jar_Maven_4e955c05_java-7/maven-script/maven-script-beanshell/target/maven-script-beanshell-2.0.1-SNAPSHOT.jar to /tmp/Bugs.jar_Maven_4e955c05_java-7/.m2/org/apache/maven/maven-script-beanshell/2.0.1-SNAPSHOT/maven-script-beanshell-2.0.1-SNAPSHOT.jar
[INFO] Installing /tmp/Bugs.jar_Maven_4e955c05_java-7/maven-script/maven-script-beanshell/pom.xml to /tmp/Bugs.jar_Maven_4e955c05_java-7/.m2/org/apache/maven/maven-script-beanshell/2.0.1-SNAPSHOT/maven-script-beanshell-2.0.1-SNAPSHOT.pom
[INFO] ------------------------------------------------------------------------
[INFO] Reactor Summary:
[INFO] 
[INFO] Maven .............................................. SUCCESS [  1.185 s]
[INFO] Maven Model ........................................ SUCCESS [01:04 min]
[INFO] Maven Local Settings Model ......................... SUCCESS [  8.194 s]
[INFO] Maven Repository Metadata Model .................... SUCCESS [  9.743 s]
[INFO] Maven Artifact ..................................... SUCCESS [  7.622 s]
[INFO] Maven Artifact Manager ............................. SUCCESS [  2.586 s]
[INFO] Maven Artifact Test Helper Library ................. SUCCESS [  0.174 s]
[INFO] Maven Profile Model ................................ SUCCESS [  0.311 s]
[INFO] Maven Project Builder .............................. SUCCESS [  4.918 s]
[INFO] Maven Archiver ..................................... FAILURE [  0.740 s]
[INFO] Maven Plugin Parameter Documenter API .............. SUCCESS [  4.652 s]
[INFO] Maven Reporting .................................... SUCCESS [  0.797 s]
[INFO] Maven Reporting API ................................ FAILURE [  2.855 s]
[INFO] Maven Error Diagnostics ............................ SUCCESS [  0.178 s]
[INFO] Maven Plugin Registry Model ........................ SUCCESS [  2.656 s]
[INFO] Maven Plugin API ................................... SUCCESS [  0.283 s]
[INFO] Maven Plugin Descriptor Model ...................... SUCCESS [  0.772 s]
[INFO] Maven Monitor ...................................... SUCCESS [  0.076 s]
[INFO] Maven Core ......................................... FAILURE [ 10.664 s]
[INFO] Maven Model Converter .............................. SUCCESS [  2.569 s]
[INFO] Maven Plugin Tools Base POM ........................ SUCCESS [  4.090 s]
[INFO] Maven Plugin Tools APIs ............................ SUCCESS [  0.295 s]
[INFO] Maven Plugin Tools for Java ........................ SUCCESS [  0.518 s]
[INFO] Maven Plugin Tools for Beanshell ................... SUCCESS [  0.181 s]
[INFO] Maven Pluggy Simplistic Plugin Generator ........... SUCCESS [  3.905 s]
[INFO] Maven Plugin Metadata Model ........................ FAILURE [ 28.981 s]
[INFO] Maven Ant Plugin Tools ............................. FAILURE [  0.089 s]
[INFO] Maven Reporting .................................... FAILURE [  1.882 s]
[INFO] Maven Ant Mojo Support ............................. FAILURE [  0.407 s]
[INFO] Maven Script Support Root .......................... SUCCESS [  0.010 s]
[INFO] Maven Beanshell Mojo Support ....................... SUCCESS [  0.272 s]
[INFO] ------------------------------------------------------------------------
[INFO] BUILD FAILURE
[INFO] ------------------------------------------------------------------------
[INFO] Total time: 02:47 min
[INFO] Finished at: 2020-03-09T05:22:38-07:00
[INFO] Final Memory: 39M/982M
[INFO] ------------------------------------------------------------------------
[ERROR] Failed to execute goal on project maven-archiver: Could not resolve dependencies for project org.apache.maven:maven-archiver:jar:2.0.1-SNAPSHOT: Failed to collect dependencies at org.codehaus.plexus:plexus-archiver:jar:1.0-alpha-4-SNAPSHOT: Failed to read artifact descriptor for org.codehaus.plexus:plexus-archiver:jar:1.0-alpha-4-SNAPSHOT: Could not transfer artifact org.codehaus.plexus:plexus-archiver:pom:1.0-alpha-4-SNAPSHOT from/to snapshots (http://snapshots.maven.codehaus.org/maven2): snapshots.maven.codehaus.org: Unknown host snapshots.maven.codehaus.org -> [Help 1]
[ERROR] Failed to execute goal on project maven-reporting-api: Could not resolve dependencies for project org.apache.maven.reporting:maven-reporting-api:jar:2.0.1-SNAPSHOT: Failed to collect dependencies at org.codehaus.doxia:doxia-sink-api:jar:1.0-alpha-6-SNAPSHOT: Failed to read artifact descriptor for org.codehaus.doxia:doxia-sink-api:jar:1.0-alpha-6-SNAPSHOT: Could not transfer artifact org.codehaus.doxia:doxia-sink-api:pom:1.0-alpha-6-SNAPSHOT from/to snapshots (http://snapshots.maven.codehaus.org/maven2): snapshots.maven.codehaus.org: Unknown host snapshots.maven.codehaus.org -> [Help 1]
[ERROR] Failed to execute goal on project maven-core: Could not resolve dependencies for project org.apache.maven:maven-core:jar:2.0.1-SNAPSHOT: The following artifacts could not be resolved: org.apache.maven.reporting:maven-reporting-api:jar:2.0.1-SNAPSHOT, org.codehaus.doxia:doxia-sink-api:jar:1.0-alpha-6-SNAPSHOT: Could not transfer artifact org.apache.maven.reporting:maven-reporting-api:jar:2.0.1-SNAPSHOT from/to snapshots (http://snapshots.maven.codehaus.org/maven2): snapshots.maven.codehaus.org: Unknown host snapshots.maven.codehaus.org -> [Help 1]
[ERROR] Failed to execute goal org.codehaus.modello:modello-maven-plugin:1.11:java (default) on project maven-plugin-tools-model: The parameters 'models' for goal org.codehaus.modello:modello-maven-plugin:1.11:java are missing or invalid -> [Help 2]
[ERROR] Failed to execute goal on project maven-plugin-tools-ant: Could not resolve dependencies for project org.apache.maven:maven-plugin-tools-ant:jar:2.0.1-SNAPSHOT: Could not transfer artifact org.apache.maven:maven-plugin-tools-model:jar:2.0.1-SNAPSHOT from/to snapshots (http://snapshots.maven.codehaus.org/maven2): snapshots.maven.codehaus.org: Unknown host snapshots.maven.codehaus.org -> [Help 1]
[ERROR] Failed to execute goal on project maven-reporting-impl: Could not resolve dependencies for project org.apache.maven.reporting:maven-reporting-impl:jar:2.0.1-SNAPSHOT: Failed to collect dependencies at org.codehaus.doxia:doxia-core:jar:1.0-alpha-6-SNAPSHOT: Failed to read artifact descriptor for org.codehaus.doxia:doxia-core:jar:1.0-alpha-6-SNAPSHOT: Could not transfer artifact org.codehaus.doxia:doxia-core:pom:1.0-alpha-6-SNAPSHOT from/to snapshots (http://snapshots.maven.codehaus.org/maven2): snapshots.maven.codehaus.org: Unknown host snapshots.maven.codehaus.org -> [Help 1]
[ERROR] Failed to execute goal on project maven-script-ant: Could not resolve dependencies for project org.apache.maven:maven-script-ant:jar:2.0.1-SNAPSHOT: Failed to collect dependencies at org.codehaus.plexus:plexus-ant-factory:jar:1.0-alpha-1-SNAPSHOT: Failed to read artifact descriptor for org.codehaus.plexus:plexus-ant-factory:jar:1.0-alpha-1-SNAPSHOT: Could not transfer artifact org.codehaus.plexus:plexus-ant-factory:pom:1.0-alpha-1-SNAPSHOT from/to snapshots (http://snapshots.maven.codehaus.org/maven2): snapshots.maven.codehaus.org: Unknown host snapshots.maven.codehaus.org -> [Help 1]
[ERROR] 
[ERROR] To see the full stack trace of the errors, re-run Maven with the -e switch.
[ERROR] Re-run Maven using the -X switch to enable full debug logging.
[ERROR] 
[ERROR] For more information about the errors and possible solutions, please read the following articles:
[ERROR] [Help 1] http://cwiki.apache.org/confluence/display/MAVEN/DependencyResolutionException
[ERROR] [Help 2] http://cwiki.apache.org/confluence/display/MAVEN/PluginParameterException
[ERROR] 
[ERROR] After correcting the problems, you can resume the build with the command
[ERROR]   mvn <goals> -rf :maven-archiver
[INFO] Build failures were ignored.
Picked up JAVA_TOOL_OPTIONS: -XX:CICompilerCount=2 -XX:ParallelGCThreads=2 -XX:ConcGCThreads=2 -Djdk.net.URLClassPath.disableClassPathURLCheck=true 
Picked up _JAVA_OPTIONS: -Djdk.net.URLClassPath.disableClassPathURLCheck=true
Apache Maven 3.5.0 (Red Hat 3.5.0-4.3)
Maven home: /opt/rh/rh-maven35/root/usr/share/maven
Java version: 1.7.0_80, vendor: Oracle Corporation
Java home: /scratch/jmcampos/RTA/repair_them_all_framework/jdks/jdk1.7.0_80/jre
Default locale: en_US, platform encoding: UTF-8
OS name: "linux", version: "4.14.158-1.el7.retpoline.x86_64", arch: "amd64", family: "unix"
[INFO] Scanning for projects...
[INFO] 
[INFO] ------------------------------------------------------------------------
[INFO] Building Maven Project Builder 2.0.1-SNAPSHOT
[INFO] ------------------------------------------------------------------------
[INFO] Downloading: http://snapshots.maven.codehaus.org/maven2/org/apache/maven/maven-artifact-test/2.0.1-SNAPSHOT/maven-metadata.xml
[INFO] Downloading: http://cvs.apache.org/maven-snapshot-repository/org/apache/maven/maven-artifact-test/2.0.1-SNAPSHOT/maven-metadata.xml
[WARNING] Could not transfer metadata org.apache.maven:maven-artifact-test:2.0.1-SNAPSHOT/maven-metadata.xml from/to snapshots (http://snapshots.maven.codehaus.org/maven2): snapshots.maven.codehaus.org: Name or service not known
[WARNING] Could not transfer metadata org.apache.maven:maven-artifact-test:2.0.1-SNAPSHOT/maven-metadata.xml from/to apache.snapshots (http://cvs.apache.org/maven-snapshot-repository): Received fatal alert: handshake_failure
[WARNING] Failure to transfer org.apache.maven:maven-artifact-test:2.0.1-SNAPSHOT/maven-metadata.xml from http://snapshots.maven.codehaus.org/maven2 was cached in the local repository, resolution will not be reattempted until the update interval of snapshots has elapsed or updates are forced. Original error: Could not transfer metadata org.apache.maven:maven-artifact-test:2.0.1-SNAPSHOT/maven-metadata.xml from/to snapshots (http://snapshots.maven.codehaus.org/maven2): snapshots.maven.codehaus.org: Name or service not known
[WARNING] Failure to transfer org.apache.maven:maven-artifact-test:2.0.1-SNAPSHOT/maven-metadata.xml from http://cvs.apache.org/maven-snapshot-repository was cached in the local repository, resolution will not be reattempted until the update interval of apache.snapshots has elapsed or updates are forced. Original error: Could not transfer metadata org.apache.maven:maven-artifact-test:2.0.1-SNAPSHOT/maven-metadata.xml from/to apache.snapshots (http://cvs.apache.org/maven-snapshot-repository): Received fatal alert: handshake_failure
[INFO] Downloading: http://snapshots.maven.codehaus.org/maven2/org/apache/maven/maven/2.0.1-SNAPSHOT/maven-metadata.xml
[INFO] Downloading: http://cvs.apache.org/maven-snapshot-repository/org/apache/maven/maven/2.0.1-SNAPSHOT/maven-metadata.xml
[WARNING] Could not transfer metadata org.apache.maven:maven:2.0.1-SNAPSHOT/maven-metadata.xml from/to snapshots (http://snapshots.maven.codehaus.org/maven2): snapshots.maven.codehaus.org
[WARNING] Could not transfer metadata org.apache.maven:maven:2.0.1-SNAPSHOT/maven-metadata.xml from/to apache.snapshots (http://cvs.apache.org/maven-snapshot-repository): Received fatal alert: handshake_failure
[INFO] Downloading: http://snapshots.maven.codehaus.org/maven2/org/apache/maven/maven-settings/2.0.1-SNAPSHOT/maven-metadata.xml
[INFO] Downloading: http://cvs.apache.org/maven-snapshot-repository/org/apache/maven/maven-settings/2.0.1-SNAPSHOT/maven-metadata.xml
[WARNING] Could not transfer metadata org.apache.maven:maven-settings:2.0.1-SNAPSHOT/maven-metadata.xml from/to snapshots (http://snapshots.maven.codehaus.org/maven2): snapshots.maven.codehaus.org
[WARNING] Could not transfer metadata org.apache.maven:maven-settings:2.0.1-SNAPSHOT/maven-metadata.xml from/to apache.snapshots (http://cvs.apache.org/maven-snapshot-repository): Received fatal alert: handshake_failure
[WARNING] Failure to transfer org.apache.maven:maven-settings:2.0.1-SNAPSHOT/maven-metadata.xml from http://snapshots.maven.codehaus.org/maven2 was cached in the local repository, resolution will not be reattempted until the update interval of snapshots has elapsed or updates are forced. Original error: Could not transfer metadata org.apache.maven:maven-settings:2.0.1-SNAPSHOT/maven-metadata.xml from/to snapshots (http://snapshots.maven.codehaus.org/maven2): snapshots.maven.codehaus.org
[WARNING] Failure to transfer org.apache.maven:maven-settings:2.0.1-SNAPSHOT/maven-metadata.xml from http://cvs.apache.org/maven-snapshot-repository was cached in the local repository, resolution will not be reattempted until the update interval of apache.snapshots has elapsed or updates are forced. Original error: Could not transfer metadata org.apache.maven:maven-settings:2.0.1-SNAPSHOT/maven-metadata.xml from/to apache.snapshots (http://cvs.apache.org/maven-snapshot-repository): Received fatal alert: handshake_failure
[INFO] Downloading: http://snapshots.maven.codehaus.org/maven2/org/apache/maven/maven-model/2.0.1-SNAPSHOT/maven-metadata.xml
[INFO] Downloading: http://cvs.apache.org/maven-snapshot-repository/org/apache/maven/maven-model/2.0.1-SNAPSHOT/maven-metadata.xml
[WARNING] Could not transfer metadata org.apache.maven:maven-model:2.0.1-SNAPSHOT/maven-metadata.xml from/to snapshots (http://snapshots.maven.codehaus.org/maven2): snapshots.maven.codehaus.org
[WARNING] Could not transfer metadata org.apache.maven:maven-model:2.0.1-SNAPSHOT/maven-metadata.xml from/to apache.snapshots (http://cvs.apache.org/maven-snapshot-repository): Received fatal alert: handshake_failure
[WARNING] Failure to transfer org.apache.maven:maven-model:2.0.1-SNAPSHOT/maven-metadata.xml from http://snapshots.maven.codehaus.org/maven2 was cached in the local repository, resolution will not be reattempted until the update interval of snapshots has elapsed or updates are forced. Original error: Could not transfer metadata org.apache.maven:maven-model:2.0.1-SNAPSHOT/maven-metadata.xml from/to snapshots (http://snapshots.maven.codehaus.org/maven2): snapshots.maven.codehaus.org
[WARNING] Failure to transfer org.apache.maven:maven-model:2.0.1-SNAPSHOT/maven-metadata.xml from http://cvs.apache.org/maven-snapshot-repository was cached in the local repository, resolution will not be reattempted until the update interval of apache.snapshots has elapsed or updates are forced. Original error: Could not transfer metadata org.apache.maven:maven-model:2.0.1-SNAPSHOT/maven-metadata.xml from/to apache.snapshots (http://cvs.apache.org/maven-snapshot-repository): Received fatal alert: handshake_failure
[INFO] Downloading: http://cvs.apache.org/maven-snapshot-repository/org/apache/maven/maven-artifact-manager/2.0.1-SNAPSHOT/maven-metadata.xml
[INFO] Downloading: http://snapshots.maven.codehaus.org/maven2/org/apache/maven/maven-artifact-manager/2.0.1-SNAPSHOT/maven-metadata.xml
[WARNING] Could not transfer metadata org.apache.maven:maven-artifact-manager:2.0.1-SNAPSHOT/maven-metadata.xml from/to snapshots (http://snapshots.maven.codehaus.org/maven2): snapshots.maven.codehaus.org
[WARNING] Could not transfer metadata org.apache.maven:maven-artifact-manager:2.0.1-SNAPSHOT/maven-metadata.xml from/to apache.snapshots (http://cvs.apache.org/maven-snapshot-repository): Received fatal alert: handshake_failure
[WARNING] Failure to transfer org.apache.maven:maven-artifact-manager:2.0.1-SNAPSHOT/maven-metadata.xml from http://snapshots.maven.codehaus.org/maven2 was cached in the local repository, resolution will not be reattempted until the update interval of snapshots has elapsed or updates are forced. Original error: Could not transfer metadata org.apache.maven:maven-artifact-manager:2.0.1-SNAPSHOT/maven-metadata.xml from/to snapshots (http://snapshots.maven.codehaus.org/maven2): snapshots.maven.codehaus.org
[WARNING] Failure to transfer org.apache.maven:maven-artifact-manager:2.0.1-SNAPSHOT/maven-metadata.xml from http://cvs.apache.org/maven-snapshot-repository was cached in the local repository, resolution will not be reattempted until the update interval of apache.snapshots has elapsed or updates are forced. Original error: Could not transfer metadata org.apache.maven:maven-artifact-manager:2.0.1-SNAPSHOT/maven-metadata.xml from/to apache.snapshots (http://cvs.apache.org/maven-snapshot-repository): Received fatal alert: handshake_failure
[INFO] Downloading: http://snapshots.maven.codehaus.org/maven2/org/apache/maven/maven-repository-metadata/2.0.1-SNAPSHOT/maven-metadata.xml
[INFO] Downloading: http://cvs.apache.org/maven-snapshot-repository/org/apache/maven/maven-repository-metadata/2.0.1-SNAPSHOT/maven-metadata.xml
[WARNING] Could not transfer metadata org.apache.maven:maven-repository-metadata:2.0.1-SNAPSHOT/maven-metadata.xml from/to snapshots (http://snapshots.maven.codehaus.org/maven2): snapshots.maven.codehaus.org
[WARNING] Could not transfer metadata org.apache.maven:maven-repository-metadata:2.0.1-SNAPSHOT/maven-metadata.xml from/to apache.snapshots (http://cvs.apache.org/maven-snapshot-repository): Received fatal alert: handshake_failure
[WARNING] Failure to transfer org.apache.maven:maven-repository-metadata:2.0.1-SNAPSHOT/maven-metadata.xml from http://snapshots.maven.codehaus.org/maven2 was cached in the local repository, resolution will not be reattempted until the update interval of snapshots has elapsed or updates are forced. Original error: Could not transfer metadata org.apache.maven:maven-repository-metadata:2.0.1-SNAPSHOT/maven-metadata.xml from/to snapshots (http://snapshots.maven.codehaus.org/maven2): snapshots.maven.codehaus.org
[WARNING] Failure to transfer org.apache.maven:maven-repository-metadata:2.0.1-SNAPSHOT/maven-metadata.xml from http://cvs.apache.org/maven-snapshot-repository was cached in the local repository, resolution will not be reattempted until the update interval of apache.snapshots has elapsed or updates are forced. Original error: Could not transfer metadata org.apache.maven:maven-repository-metadata:2.0.1-SNAPSHOT/maven-metadata.xml from/to apache.snapshots (http://cvs.apache.org/maven-snapshot-repository): Received fatal alert: handshake_failure
[INFO] Downloading: http://snapshots.maven.codehaus.org/maven2/org/apache/maven/maven-artifact/2.0.1-SNAPSHOT/maven-metadata.xml
[INFO] Downloading: http://cvs.apache.org/maven-snapshot-repository/org/apache/maven/maven-artifact/2.0.1-SNAPSHOT/maven-metadata.xml
[WARNING] Could not transfer metadata org.apache.maven:maven-artifact:2.0.1-SNAPSHOT/maven-metadata.xml from/to snapshots (http://snapshots.maven.codehaus.org/maven2): snapshots.maven.codehaus.org
[WARNING] Could not transfer metadata org.apache.maven:maven-artifact:2.0.1-SNAPSHOT/maven-metadata.xml from/to apache.snapshots (http://cvs.apache.org/maven-snapshot-repository): Received fatal alert: handshake_failure
[WARNING] Failure to transfer org.apache.maven:maven-artifact:2.0.1-SNAPSHOT/maven-metadata.xml from http://snapshots.maven.codehaus.org/maven2 was cached in the local repository, resolution will not be reattempted until the update interval of snapshots has elapsed or updates are forced. Original error: Could not transfer metadata org.apache.maven:maven-artifact:2.0.1-SNAPSHOT/maven-metadata.xml from/to snapshots (http://snapshots.maven.codehaus.org/maven2): snapshots.maven.codehaus.org
[WARNING] Failure to transfer org.apache.maven:maven-artifact:2.0.1-SNAPSHOT/maven-metadata.xml from http://cvs.apache.org/maven-snapshot-repository was cached in the local repository, resolution will not be reattempted until the update interval of apache.snapshots has elapsed or updates are forced. Original error: Could not transfer metadata org.apache.maven:maven-artifact:2.0.1-SNAPSHOT/maven-metadata.xml from/to apache.snapshots (http://cvs.apache.org/maven-snapshot-repository): Received fatal alert: handshake_failure
[INFO] Downloading: http://cvs.apache.org/maven-snapshot-repository/org/apache/maven/maven-profile/2.0.1-SNAPSHOT/maven-metadata.xml
[INFO] Downloading: http://snapshots.maven.codehaus.org/maven2/org/apache/maven/maven-profile/2.0.1-SNAPSHOT/maven-metadata.xml
[WARNING] Could not transfer metadata org.apache.maven:maven-profile:2.0.1-SNAPSHOT/maven-metadata.xml from/to snapshots (http://snapshots.maven.codehaus.org/maven2): snapshots.maven.codehaus.org
[WARNING] Could not transfer metadata org.apache.maven:maven-profile:2.0.1-SNAPSHOT/maven-metadata.xml from/to apache.snapshots (http://cvs.apache.org/maven-snapshot-repository): Received fatal alert: handshake_failure
[WARNING] Failure to transfer org.apache.maven:maven-profile:2.0.1-SNAPSHOT/maven-metadata.xml from http://snapshots.maven.codehaus.org/maven2 was cached in the local repository, resolution will not be reattempted until the update interval of snapshots has elapsed or updates are forced. Original error: Could not transfer metadata org.apache.maven:maven-profile:2.0.1-SNAPSHOT/maven-metadata.xml from/to snapshots (http://snapshots.maven.codehaus.org/maven2): snapshots.maven.codehaus.org
[WARNING] Failure to transfer org.apache.maven:maven-profile:2.0.1-SNAPSHOT/maven-metadata.xml from http://cvs.apache.org/maven-snapshot-repository was cached in the local repository, resolution will not be reattempted until the update interval of apache.snapshots has elapsed or updates are forced. Original error: Could not transfer metadata org.apache.maven:maven-profile:2.0.1-SNAPSHOT/maven-metadata.xml from/to apache.snapshots (http://cvs.apache.org/maven-snapshot-repository): Received fatal alert: handshake_failure
[INFO] 
[INFO] --- maven-resources-plugin:2.6:resources (default-resources) @ maven-project ---
[WARNING] Using platform encoding (UTF-8 actually) to copy filtered resources, i.e. build is platform dependent!
[INFO] Copying 2 resources
[INFO] 
[INFO] --- maven-compiler-plugin:3.1:compile (default-compile) @ maven-project ---
[INFO] Nothing to compile - all classes are up to date
[INFO] 
[INFO] --- maven-resources-plugin:2.6:testResources (default-testResources) @ maven-project ---
[WARNING] Using platform encoding (UTF-8 actually) to copy filtered resources, i.e. build is platform dependent!
[INFO] Copying 57 resources
[INFO] 
[INFO] --- maven-compiler-plugin:3.1:testCompile (default-testCompile) @ maven-project ---
[INFO] Nothing to compile - all classes are up to date
[INFO] 
[INFO] --- maven-surefire-plugin:2.12.4:test (default-test) @ maven-project ---
[INFO] Tests are skipped.
[INFO] 
[INFO] --- maven-jar-plugin:2.4:jar (default-jar) @ maven-project ---
[INFO] 
[INFO] --- maven-install-plugin:2.4:install (default-install) @ maven-project ---
[INFO] Installing /tmp/Bugs.jar_Maven_4e955c05_java-7/maven-project/target/maven-project-2.0.1-SNAPSHOT.jar to /tmp/Bugs.jar_Maven_4e955c05_java-7/.m2/org/apache/maven/maven-project/2.0.1-SNAPSHOT/maven-project-2.0.1-SNAPSHOT.jar
[INFO] Installing /tmp/Bugs.jar_Maven_4e955c05_java-7/maven-project/pom.xml to /tmp/Bugs.jar_Maven_4e955c05_java-7/.m2/org/apache/maven/maven-project/2.0.1-SNAPSHOT/maven-project-2.0.1-SNAPSHOT.pom
[INFO] ------------------------------------------------------------------------
[INFO] BUILD SUCCESS
[INFO] ------------------------------------------------------------------------
[INFO] Total time: 8.013 s
[INFO] Finished at: 2020-03-09T05:22:52-07:00
[INFO] Final Memory: 14M/982M
[INFO] ------------------------------------------------------------------------
