Picked up JAVA_TOOL_OPTIONS: -XX:CICompilerCount=2 -XX:ParallelGCThreads=2 -XX:ConcGCThreads=2 -Djdk.net.URLClassPath.disableClassPathURLCheck=true 
Java HotSpot(TM) 64-Bit Server VM warning: ignoring option MaxPermSize=512m; support was removed in 8.0
Picked up _JAVA_OPTIONS: -Djdk.net.URLClassPath.disableClassPathURLCheck=true
Apache Maven 3.5.0 (Red Hat 3.5.0-4.3)
Maven home: /opt/rh/rh-maven35/root/usr/share/maven
Java version: 1.8.0_181, vendor: Oracle Corporation
Java home: /boom/scratch/jmcampos/RTA/repair_them_all_framework/jdks/jdk1.8.0_181/jre
Default locale: en_US, platform encoding: UTF-8
OS name: "linux", version: "4.14.147-1.el7.retpoline.x86_64", arch: "amd64", family: "unix"
[INFO] Scanning for projects...
[INFO] Downloading: https://repo.maven.apache.org/maven2/org/jenkins-ci/tools/maven-hpi-plugin/2.6/maven-hpi-plugin-2.6.pom
[WARNING] The POM for org.jenkins-ci.tools:maven-hpi-plugin:jar:2.6 is missing, no dependency information available
[INFO] Downloading: https://repo.maven.apache.org/maven2/org/jenkins-ci/tools/maven-hpi-plugin/2.6/maven-hpi-plugin-2.6.jar
[WARNING] Failed to build parent project for org.jenkins-ci.plugins:ansicolor:hpi:0.5.3-SNAPSHOT
[INFO] 
[INFO] ------------------------------------------------------------------------
[INFO] Building AnsiColor 0.5.3-SNAPSHOT
[INFO] ------------------------------------------------------------------------
[INFO] 
[INFO] --- maven-hpi-plugin:2.6:validate (default-validate) @ ansicolor ---
[INFO] 
[INFO] --- maven-enforcer-plugin:3.0.0-M1:display-info (display-info) @ ansicolor ---
[INFO] Maven Version: 3.5.0
[INFO] JDK Version: 1.8.0_181 normalized as: 1.8.0-181
[INFO] OS Info: Arch: amd64 Family: unix Name: linux Version: 4.14.147-1.el7.retpoline.x86_64
[INFO] 
[INFO] --- maven-enforcer-plugin:3.0.0-M1:enforce (display-info) @ ansicolor ---
[INFO] Skipping Rule Enforcement.
[INFO] 
[INFO] --- maven-localizer-plugin:1.24:generate (default) @ ansicolor ---
[INFO] 
[INFO] --- maven-resources-plugin:3.0.2:resources (default-resources) @ ansicolor ---
[INFO] Using 'UTF-8' encoding to copy filtered resources.
[INFO] Copying 5 resources
[INFO] 
[INFO] --- maven-compiler-plugin:3.6.1:compile (default-compile) @ ansicolor ---
[INFO] Nothing to compile - all classes are up to date
[INFO] 
[INFO] --- access-modifier-checker:1.15:enforce (default-enforce) @ ansicolor ---
[INFO] 
[INFO] --- animal-sniffer-maven-plugin:1.17:check (check) @ ansicolor ---
[INFO] Resolved signature org.codehaus.mojo.signature:java18 version as 1.0 from dependencyManagement
[INFO] Checking unresolved references to org.codehaus.mojo.signature:java18:1.0
[INFO] 
[INFO] --- maven-hpi-plugin:2.6:insert-test (default-insert-test) @ ansicolor ---
[INFO] 
[INFO] --- gmaven-plugin:1.5-jenkins-3:generateTestStubs (test-in-groovy) @ ansicolor ---
[INFO] No sources found for Java stub generation
[INFO] 
[INFO] --- maven-antrun-plugin:1.3:run (createTempDir) @ ansicolor ---
[INFO] Executing tasks
[INFO] Executed tasks
[INFO] 
[INFO] --- maven-resources-plugin:3.0.2:testResources (default-testResources) @ ansicolor ---
[INFO] Using 'UTF-8' encoding to copy filtered resources.
[INFO] Copying 1 resource
[INFO] 
[INFO] --- maven-compiler-plugin:3.6.1:testCompile (default-testCompile) @ ansicolor ---
[INFO] Nothing to compile - all classes are up to date
[INFO] 
[INFO] --- maven-hpi-plugin:2.6:test-hpl (default-test-hpl) @ ansicolor ---
[INFO] Generating /boom/scratch/tmp-rta/Bears_jenkinsci-ansicolor-plugin_440438437-449394834_java-8/target/test-classes/the.hpl
[INFO] 
[INFO] --- maven-hpi-plugin:2.6:resolve-test-dependencies (default-resolve-test-dependencies) @ ansicolor ---
[INFO] 
[INFO] --- gmaven-plugin:1.5-jenkins-3:testCompile (test-in-groovy) @ ansicolor ---
[INFO] No sources found to compile
[INFO] 
[INFO] --- maven-surefire-plugin:2.20:test (default-test) @ ansicolor ---
[INFO] Downloading: http://repo.jenkins-ci.org/public/org/apache/maven/surefire/surefire-junit4/2.20/surefire-junit4-2.20.pom
[INFO] Downloaded: http://repo.jenkins-ci.org/public/org/apache/maven/surefire/surefire-junit4/2.20/surefire-junit4-2.20.pom (3.3 kB at 16 kB/s)
[INFO] Downloading: http://repo.jenkins-ci.org/public/org/apache/maven/surefire/surefire-providers/2.20/surefire-providers-2.20.pom
[INFO] Downloaded: http://repo.jenkins-ci.org/public/org/apache/maven/surefire/surefire-providers/2.20/surefire-providers-2.20.pom (2.6 kB at 15 kB/s)
[INFO] Downloading: http://repo.jenkins-ci.org/public/org/apache/maven/surefire/surefire-junit4/2.20/surefire-junit4-2.20.jar
[INFO] Downloaded: http://repo.jenkins-ci.org/public/org/apache/maven/surefire/surefire-junit4/2.20/surefire-junit4-2.20.jar (82 kB at 13 kB/s)
[INFO] 
[INFO] -------------------------------------------------------
[INFO]  T E S T S
[INFO] -------------------------------------------------------
[INFO] Running InjectedTest
[INFO] Tests run: 7, Failures: 0, Errors: 0, Skipped: 0, Time elapsed: 12.864 s - in InjectedTest
[INFO] Running hudson.plugins.ansicolor.AnsiColorBuildWrapperTest
[ERROR] Tests run: 8, Failures: 5, Errors: 0, Skipped: 0, Time elapsed: 203.237 s <<< FAILURE! - in hudson.plugins.ansicolor.AnsiColorBuildWrapperTest
[ERROR] testWorkflowWrap(hudson.plugins.ansicolor.AnsiColorBuildWrapperTest)  Time elapsed: 52.693 s  <<< FAILURE!
java.lang.AssertionError: 
Failed to match color attribute in following HTML log output:
Started
Running in Durability level: MAX_SURVIVABILITY
<span class="pipeline-new-node" nodeId="3" startId="3" enclosingId="2">[Pipeline] node
</span><span class="pipeline-node-3">Running on <a href='http://localhost:14039/jenkins/computer/slave0/' class='model-link'>slave0</a> in /boom/scratch/tmp-rta/Bears_jenkinsci-ansicolor-plugin_440438437-449394834_java-8/target/tmp/jkh8838200395805075654/workspace/p
</span><span class="pipeline-new-node" nodeId="4" startId="4" enclosingId="3">[Pipeline] {
</span><span class="pipeline-new-node" nodeId="5" startId="5" enclosingId="4">[Pipeline] wrap
</span><span class="pipeline-new-node" nodeId="6" startId="6" enclosingId="5">[Pipeline] {
</span><span class="pipeline-new-node" nodeId="7" enclosingId="6">[Pipeline] sh
</span><span class="pipeline-node-7">[p] Running shell script
The following word is supposed to be red
</span><span class="pipeline-new-node" nodeId="8" startId="6">[Pipeline] }
</span><span class="pipeline-new-node" nodeId="9" startId="5">[Pipeline] // wrap
</span><span class="pipeline-new-node" nodeId="10" startId="4">[Pipeline] }
</span><span class="pipeline-new-node" nodeId="11" startId="3">[Pipeline] // node
</span><span class="pipeline-new-node" nodeId="12" startId="2">[Pipeline] End of Pipeline
</span>Finished: SUCCESS

	at org.junit.Assert.fail(Assert.java:88)
	at org.junit.Assert.assertTrue(Assert.java:41)
	at hudson.plugins.ansicolor.AnsiColorBuildWrapperTest$1.evaluate(AnsiColorBuildWrapperTest.java:74)
	at org.jvnet.hudson.test.RestartableJenkinsRule$6.evaluate(RestartableJenkinsRule.java:240)
	at org.jvnet.hudson.test.JenkinsRule$1.evaluate(JenkinsRule.java:552)
	at org.junit.internal.runners.statements.FailOnTimeout$CallableStatement.call(FailOnTimeout.java:298)
	at org.junit.internal.runners.statements.FailOnTimeout$CallableStatement.call(FailOnTimeout.java:292)
	at java.util.concurrent.FutureTask.run(FutureTask.java:266)
	at java.lang.Thread.run(Thread.java:748)

[ERROR] testWorkflowWrap(hudson.plugins.ansicolor.AnsiColorBuildWrapperTest)  Time elapsed: 36.215 s  <<< FAILURE!
java.lang.AssertionError: 
Failed to match color attribute in following HTML log output:
Started
Running in Durability level: MAX_SURVIVABILITY
<span class="pipeline-new-node" nodeId="3" startId="3" enclosingId="2">[Pipeline] node
</span><span class="pipeline-node-3">Running on <a href='http://localhost:10519/jenkins/computer/slave0/' class='model-link'>slave0</a> in /boom/scratch/tmp-rta/Bears_jenkinsci-ansicolor-plugin_440438437-449394834_java-8/target/tmp/jkh4120414205194784648/workspace/p
</span><span class="pipeline-new-node" nodeId="4" startId="4" enclosingId="3">[Pipeline] {
</span><span class="pipeline-new-node" nodeId="5" startId="5" enclosingId="4">[Pipeline] wrap
</span><span class="pipeline-new-node" nodeId="6" startId="6" enclosingId="5">[Pipeline] {
</span><span class="pipeline-new-node" nodeId="7" enclosingId="6">[Pipeline] sh
</span><span class="pipeline-node-7">[p] Running shell script
The following word is supposed to be red
</span><span class="pipeline-new-node" nodeId="8" startId="6">[Pipeline] }
</span><span class="pipeline-new-node" nodeId="9" startId="5">[Pipeline] // wrap
</span><span class="pipeline-new-node" nodeId="10" startId="4">[Pipeline] }
</span><span class="pipeline-new-node" nodeId="11" startId="3">[Pipeline] // node
</span><span class="pipeline-new-node" nodeId="12" startId="2">[Pipeline] End of Pipeline
</span>Finished: SUCCESS

	at org.junit.Assert.fail(Assert.java:88)
	at org.junit.Assert.assertTrue(Assert.java:41)
	at hudson.plugins.ansicolor.AnsiColorBuildWrapperTest$1.evaluate(AnsiColorBuildWrapperTest.java:74)
	at org.jvnet.hudson.test.RestartableJenkinsRule$6.evaluate(RestartableJenkinsRule.java:240)
	at org.jvnet.hudson.test.JenkinsRule$1.evaluate(JenkinsRule.java:552)
	at org.junit.internal.runners.statements.FailOnTimeout$CallableStatement.call(FailOnTimeout.java:298)
	at org.junit.internal.runners.statements.FailOnTimeout$CallableStatement.call(FailOnTimeout.java:292)
	at java.util.concurrent.FutureTask.run(FutureTask.java:266)
	at java.lang.Thread.run(Thread.java:748)

[ERROR] testWorkflowWrap(hudson.plugins.ansicolor.AnsiColorBuildWrapperTest)  Time elapsed: 42.678 s  <<< FAILURE!
java.lang.AssertionError: 
Failed to match color attribute in following HTML log output:
Started
Running in Durability level: MAX_SURVIVABILITY
<span class="pipeline-new-node" nodeId="3" startId="3" enclosingId="2">[Pipeline] node
</span><span class="pipeline-node-3">Running on <a href='http://localhost:10051/jenkins/computer/slave0/' class='model-link'>slave0</a> in /boom/scratch/tmp-rta/Bears_jenkinsci-ansicolor-plugin_440438437-449394834_java-8/target/tmp/jkh1861838688542344347/workspace/p
</span><span class="pipeline-new-node" nodeId="4" startId="4" enclosingId="3">[Pipeline] {
</span><span class="pipeline-new-node" nodeId="5" startId="5" enclosingId="4">[Pipeline] wrap
</span><span class="pipeline-new-node" nodeId="6" startId="6" enclosingId="5">[Pipeline] {
</span><span class="pipeline-new-node" nodeId="7" enclosingId="6">[Pipeline] sh
</span><span class="pipeline-node-7">[p] Running shell script
The following word is supposed to be red
</span><span class="pipeline-new-node" nodeId="8" startId="6">[Pipeline] }
</span><span class="pipeline-new-node" nodeId="9" startId="5">[Pipeline] // wrap
</span><span class="pipeline-new-node" nodeId="10" startId="4">[Pipeline] }
</span><span class="pipeline-new-node" nodeId="11" startId="3">[Pipeline] // node
</span><span class="pipeline-new-node" nodeId="12" startId="2">[Pipeline] End of Pipeline
</span>Finished: SUCCESS

	at org.junit.Assert.fail(Assert.java:88)
	at org.junit.Assert.assertTrue(Assert.java:41)
	at hudson.plugins.ansicolor.AnsiColorBuildWrapperTest$1.evaluate(AnsiColorBuildWrapperTest.java:74)
	at org.jvnet.hudson.test.RestartableJenkinsRule$6.evaluate(RestartableJenkinsRule.java:240)
	at org.jvnet.hudson.test.JenkinsRule$1.evaluate(JenkinsRule.java:552)
	at org.junit.internal.runners.statements.FailOnTimeout$CallableStatement.call(FailOnTimeout.java:298)
	at org.junit.internal.runners.statements.FailOnTimeout$CallableStatement.call(FailOnTimeout.java:292)
	at java.util.concurrent.FutureTask.run(FutureTask.java:266)
	at java.lang.Thread.run(Thread.java:748)

[ERROR] testWorkflowWrap(hudson.plugins.ansicolor.AnsiColorBuildWrapperTest)  Time elapsed: 35.547 s  <<< FAILURE!
java.lang.AssertionError: 
Failed to match color attribute in following HTML log output:
Started
Running in Durability level: MAX_SURVIVABILITY
<span class="pipeline-new-node" nodeId="3" startId="3" enclosingId="2">[Pipeline] node
</span><span class="pipeline-node-3">Running on <a href='http://localhost:11529/jenkins/computer/slave0/' class='model-link'>slave0</a> in /boom/scratch/tmp-rta/Bears_jenkinsci-ansicolor-plugin_440438437-449394834_java-8/target/tmp/jkh4421692339410760151/workspace/p
</span><span class="pipeline-new-node" nodeId="4" startId="4" enclosingId="3">[Pipeline] {
</span><span class="pipeline-new-node" nodeId="5" startId="5" enclosingId="4">[Pipeline] wrap
</span><span class="pipeline-new-node" nodeId="6" startId="6" enclosingId="5">[Pipeline] {
</span><span class="pipeline-new-node" nodeId="7" enclosingId="6">[Pipeline] sh
</span><span class="pipeline-node-7">[p] Running shell script
The following word is supposed to be red
</span><span class="pipeline-new-node" nodeId="8" startId="6">[Pipeline] }
</span><span class="pipeline-new-node" nodeId="9" startId="5">[Pipeline] // wrap
</span><span class="pipeline-new-node" nodeId="10" startId="4">[Pipeline] }
</span><span class="pipeline-new-node" nodeId="11" startId="3">[Pipeline] // node
</span><span class="pipeline-new-node" nodeId="12" startId="2">[Pipeline] End of Pipeline
</span>Finished: SUCCESS

	at org.junit.Assert.fail(Assert.java:88)
	at org.junit.Assert.assertTrue(Assert.java:41)
	at hudson.plugins.ansicolor.AnsiColorBuildWrapperTest$1.evaluate(AnsiColorBuildWrapperTest.java:74)
	at org.jvnet.hudson.test.RestartableJenkinsRule$6.evaluate(RestartableJenkinsRule.java:240)
	at org.jvnet.hudson.test.JenkinsRule$1.evaluate(JenkinsRule.java:552)
	at org.junit.internal.runners.statements.FailOnTimeout$CallableStatement.call(FailOnTimeout.java:298)
	at org.junit.internal.runners.statements.FailOnTimeout$CallableStatement.call(FailOnTimeout.java:292)
	at java.util.concurrent.FutureTask.run(FutureTask.java:266)
	at java.lang.Thread.run(Thread.java:748)

[ERROR] testWorkflowWrap(hudson.plugins.ansicolor.AnsiColorBuildWrapperTest)  Time elapsed: 36.084 s  <<< FAILURE!
java.lang.AssertionError: 
Failed to match color attribute in following HTML log output:
Started
Running in Durability level: MAX_SURVIVABILITY
<span class="pipeline-new-node" nodeId="3" startId="3" enclosingId="2">[Pipeline] node
</span><span class="pipeline-node-3">Running on <a href='http://localhost:8693/jenkins/computer/slave0/' class='model-link'>slave0</a> in /boom/scratch/tmp-rta/Bears_jenkinsci-ansicolor-plugin_440438437-449394834_java-8/target/tmp/jkh6714432237706177455/workspace/p
</span><span class="pipeline-new-node" nodeId="4" startId="4" enclosingId="3">[Pipeline] {
</span><span class="pipeline-new-node" nodeId="5" startId="5" enclosingId="4">[Pipeline] wrap
</span><span class="pipeline-new-node" nodeId="6" startId="6" enclosingId="5">[Pipeline] {
</span><span class="pipeline-new-node" nodeId="7" enclosingId="6">[Pipeline] sh
</span><span class="pipeline-node-7">[p] Running shell script
The following word is supposed to be red
</span><span class="pipeline-new-node" nodeId="8" startId="6">[Pipeline] }
</span><span class="pipeline-new-node" nodeId="9" startId="5">[Pipeline] // wrap
</span><span class="pipeline-new-node" nodeId="10" startId="4">[Pipeline] }
</span><span class="pipeline-new-node" nodeId="11" startId="3">[Pipeline] // node
</span><span class="pipeline-new-node" nodeId="12" startId="2">[Pipeline] End of Pipeline
</span>Finished: SUCCESS

	at org.junit.Assert.fail(Assert.java:88)
	at org.junit.Assert.assertTrue(Assert.java:41)
	at hudson.plugins.ansicolor.AnsiColorBuildWrapperTest$1.evaluate(AnsiColorBuildWrapperTest.java:74)
	at org.jvnet.hudson.test.RestartableJenkinsRule$6.evaluate(RestartableJenkinsRule.java:240)
	at org.jvnet.hudson.test.JenkinsRule$1.evaluate(JenkinsRule.java:552)
	at org.junit.internal.runners.statements.FailOnTimeout$CallableStatement.call(FailOnTimeout.java:298)
	at org.junit.internal.runners.statements.FailOnTimeout$CallableStatement.call(FailOnTimeout.java:292)
	at java.util.concurrent.FutureTask.run(FutureTask.java:266)
	at java.lang.Thread.run(Thread.java:748)

[INFO] Running hudson.plugins.ansicolor.AnsiColorMapTest
[INFO] Tests run: 1, Failures: 0, Errors: 0, Skipped: 0, Time elapsed: 0.001 s - in hudson.plugins.ansicolor.AnsiColorMapTest
[INFO] Running hudson.plugins.ansicolor.AnsiColorStepTest
[INFO] Tests run: 3, Failures: 0, Errors: 0, Skipped: 0, Time elapsed: 1.421 s - in hudson.plugins.ansicolor.AnsiColorStepTest
[INFO] Running hudson.plugins.ansicolor.AnsiHtmlOutputStreamTest
[INFO] Tests run: 38, Failures: 0, Errors: 0, Skipped: 0, Time elapsed: 0.016 s - in hudson.plugins.ansicolor.AnsiHtmlOutputStreamTest
[INFO] 
[INFO] Results:
[INFO] 
[ERROR] Failures: 
[ERROR] hudson.plugins.ansicolor.AnsiColorBuildWrapperTest.testWorkflowWrap(hudson.plugins.ansicolor.AnsiColorBuildWrapperTest)
[ERROR]   Run 1: AnsiColorBuildWrapperTest.testWorkflowWrap Failed to match color attribute in following HTML log output:
Started
Running in Durability level: MAX_SURVIVABILITY
<span class="pipeline-new-node" nodeId="3" startId="3" enclosingId="2">[Pipeline] node
</span><span class="pipeline-node-3">Running on <a href='http://localhost:14039/jenkins/computer/slave0/' class='model-link'>slave0</a> in /boom/scratch/tmp-rta/Bears_jenkinsci-ansicolor-plugin_440438437-449394834_java-8/target/tmp/jkh8838200395805075654/workspace/p
</span><span class="pipeline-new-node" nodeId="4" startId="4" enclosingId="3">[Pipeline] {
</span><span class="pipeline-new-node" nodeId="5" startId="5" enclosingId="4">[Pipeline] wrap
</span><span class="pipeline-new-node" nodeId="6" startId="6" enclosingId="5">[Pipeline] {
</span><span class="pipeline-new-node" nodeId="7" enclosingId="6">[Pipeline] sh
</span><span class="pipeline-node-7">[p] Running shell script
The following word is supposed to be red
</span><span class="pipeline-new-node" nodeId="8" startId="6">[Pipeline] }
</span><span class="pipeline-new-node" nodeId="9" startId="5">[Pipeline] // wrap
</span><span class="pipeline-new-node" nodeId="10" startId="4">[Pipeline] }
</span><span class="pipeline-new-node" nodeId="11" startId="3">[Pipeline] // node
</span><span class="pipeline-new-node" nodeId="12" startId="2">[Pipeline] End of Pipeline
</span>Finished: SUCCESS

[ERROR]   Run 2: AnsiColorBuildWrapperTest.testWorkflowWrap Failed to match color attribute in following HTML log output:
Started
Running in Durability level: MAX_SURVIVABILITY
<span class="pipeline-new-node" nodeId="3" startId="3" enclosingId="2">[Pipeline] node
</span><span class="pipeline-node-3">Running on <a href='http://localhost:10519/jenkins/computer/slave0/' class='model-link'>slave0</a> in /boom/scratch/tmp-rta/Bears_jenkinsci-ansicolor-plugin_440438437-449394834_java-8/target/tmp/jkh4120414205194784648/workspace/p
</span><span class="pipeline-new-node" nodeId="4" startId="4" enclosingId="3">[Pipeline] {
</span><span class="pipeline-new-node" nodeId="5" startId="5" enclosingId="4">[Pipeline] wrap
</span><span class="pipeline-new-node" nodeId="6" startId="6" enclosingId="5">[Pipeline] {
</span><span class="pipeline-new-node" nodeId="7" enclosingId="6">[Pipeline] sh
</span><span class="pipeline-node-7">[p] Running shell script
The following word is supposed to be red
</span><span class="pipeline-new-node" nodeId="8" startId="6">[Pipeline] }
</span><span class="pipeline-new-node" nodeId="9" startId="5">[Pipeline] // wrap
</span><span class="pipeline-new-node" nodeId="10" startId="4">[Pipeline] }
</span><span class="pipeline-new-node" nodeId="11" startId="3">[Pipeline] // node
</span><span class="pipeline-new-node" nodeId="12" startId="2">[Pipeline] End of Pipeline
</span>Finished: SUCCESS

[ERROR]   Run 3: AnsiColorBuildWrapperTest.testWorkflowWrap Failed to match color attribute in following HTML log output:
Started
Running in Durability level: MAX_SURVIVABILITY
<span class="pipeline-new-node" nodeId="3" startId="3" enclosingId="2">[Pipeline] node
</span><span class="pipeline-node-3">Running on <a href='http://localhost:10051/jenkins/computer/slave0/' class='model-link'>slave0</a> in /boom/scratch/tmp-rta/Bears_jenkinsci-ansicolor-plugin_440438437-449394834_java-8/target/tmp/jkh1861838688542344347/workspace/p
</span><span class="pipeline-new-node" nodeId="4" startId="4" enclosingId="3">[Pipeline] {
</span><span class="pipeline-new-node" nodeId="5" startId="5" enclosingId="4">[Pipeline] wrap
</span><span class="pipeline-new-node" nodeId="6" startId="6" enclosingId="5">[Pipeline] {
</span><span class="pipeline-new-node" nodeId="7" enclosingId="6">[Pipeline] sh
</span><span class="pipeline-node-7">[p] Running shell script
The following word is supposed to be red
</span><span class="pipeline-new-node" nodeId="8" startId="6">[Pipeline] }
</span><span class="pipeline-new-node" nodeId="9" startId="5">[Pipeline] // wrap
</span><span class="pipeline-new-node" nodeId="10" startId="4">[Pipeline] }
</span><span class="pipeline-new-node" nodeId="11" startId="3">[Pipeline] // node
</span><span class="pipeline-new-node" nodeId="12" startId="2">[Pipeline] End of Pipeline
</span>Finished: SUCCESS

[ERROR]   Run 4: AnsiColorBuildWrapperTest.testWorkflowWrap Failed to match color attribute in following HTML log output:
Started
Running in Durability level: MAX_SURVIVABILITY
<span class="pipeline-new-node" nodeId="3" startId="3" enclosingId="2">[Pipeline] node
</span><span class="pipeline-node-3">Running on <a href='http://localhost:11529/jenkins/computer/slave0/' class='model-link'>slave0</a> in /boom/scratch/tmp-rta/Bears_jenkinsci-ansicolor-plugin_440438437-449394834_java-8/target/tmp/jkh4421692339410760151/workspace/p
</span><span class="pipeline-new-node" nodeId="4" startId="4" enclosingId="3">[Pipeline] {
</span><span class="pipeline-new-node" nodeId="5" startId="5" enclosingId="4">[Pipeline] wrap
</span><span class="pipeline-new-node" nodeId="6" startId="6" enclosingId="5">[Pipeline] {
</span><span class="pipeline-new-node" nodeId="7" enclosingId="6">[Pipeline] sh
</span><span class="pipeline-node-7">[p] Running shell script
The following word is supposed to be red
</span><span class="pipeline-new-node" nodeId="8" startId="6">[Pipeline] }
</span><span class="pipeline-new-node" nodeId="9" startId="5">[Pipeline] // wrap
</span><span class="pipeline-new-node" nodeId="10" startId="4">[Pipeline] }
</span><span class="pipeline-new-node" nodeId="11" startId="3">[Pipeline] // node
</span><span class="pipeline-new-node" nodeId="12" startId="2">[Pipeline] End of Pipeline
</span>Finished: SUCCESS

[ERROR]   Run 5: AnsiColorBuildWrapperTest.testWorkflowWrap Failed to match color attribute in following HTML log output:
Started
Running in Durability level: MAX_SURVIVABILITY
<span class="pipeline-new-node" nodeId="3" startId="3" enclosingId="2">[Pipeline] node
</span><span class="pipeline-node-3">Running on <a href='http://localhost:8693/jenkins/computer/slave0/' class='model-link'>slave0</a> in /boom/scratch/tmp-rta/Bears_jenkinsci-ansicolor-plugin_440438437-449394834_java-8/target/tmp/jkh6714432237706177455/workspace/p
</span><span class="pipeline-new-node" nodeId="4" startId="4" enclosingId="3">[Pipeline] {
</span><span class="pipeline-new-node" nodeId="5" startId="5" enclosingId="4">[Pipeline] wrap
</span><span class="pipeline-new-node" nodeId="6" startId="6" enclosingId="5">[Pipeline] {
</span><span class="pipeline-new-node" nodeId="7" enclosingId="6">[Pipeline] sh
</span><span class="pipeline-node-7">[p] Running shell script
The following word is supposed to be red
</span><span class="pipeline-new-node" nodeId="8" startId="6">[Pipeline] }
</span><span class="pipeline-new-node" nodeId="9" startId="5">[Pipeline] // wrap
</span><span class="pipeline-new-node" nodeId="10" startId="4">[Pipeline] }
</span><span class="pipeline-new-node" nodeId="11" startId="3">[Pipeline] // node
</span><span class="pipeline-new-node" nodeId="12" startId="2">[Pipeline] End of Pipeline
</span>Finished: SUCCESS

[INFO] 
[INFO] 
[ERROR] Tests run: 53, Failures: 1, Errors: 0, Skipped: 0
[INFO] 
[INFO] ------------------------------------------------------------------------
[INFO] BUILD FAILURE
[INFO] ------------------------------------------------------------------------
[INFO] Total time: 03:54 min
[INFO] Finished at: 2020-03-14T10:16:40-07:00
[INFO] Final Memory: 43M/1508M
[INFO] ------------------------------------------------------------------------
[ERROR] Failed to execute goal org.apache.maven.plugins:maven-surefire-plugin:2.20:test (default-test) on project ansicolor: There are test failures.
[ERROR] 
[ERROR] Please refer to /boom/scratch/tmp-rta/Bears_jenkinsci-ansicolor-plugin_440438437-449394834_java-8/target/surefire-reports for the individual test results.
[ERROR] Please refer to dump files (if any exist) [date]-jvmRun[N].dump, [date].dumpstream and [date]-jvmRun[N].dumpstream.
[ERROR] -> [Help 1]
[ERROR] 
[ERROR] To see the full stack trace of the errors, re-run Maven with the -e switch.
[ERROR] Re-run Maven using the -X switch to enable full debug logging.
[ERROR] 
[ERROR] For more information about the errors and possible solutions, please read the following articles:
[ERROR] [Help 1] http://cwiki.apache.org/confluence/display/MAVEN/MojoFailureException
