Picked up JAVA_TOOL_OPTIONS: -XX:CICompilerCount=2 -XX:ParallelGCThreads=2 -XX:ConcGCThreads=2 -Djdk.net.URLClassPath.disableClassPathURLCheck=true 
Java HotSpot(TM) 64-Bit Server VM warning: ignoring option MaxPermSize=512m; support was removed in 8.0
Picked up _JAVA_OPTIONS: -Djdk.net.URLClassPath.disableClassPathURLCheck=true
Apache Maven 3.5.0 (Red Hat 3.5.0-4.3)
Maven home: /opt/rh/rh-maven35/root/usr/share/maven
Java version: 1.8.0_181, vendor: Oracle Corporation
Java home: /bam/scratch/jmcampos/RTA/repair_them_all_framework/jdks/jdk1.8.0_181/jre
Default locale: en_US, platform encoding: UTF-8
OS name: "linux", version: "4.14.147-1.el7.retpoline.x86_64", arch: "amd64", family: "unix"
[INFO] Scanning for projects...
[INFO] Inspecting build with total of 1 modules...
[INFO] Installing Nexus Staging features:
[INFO]   ... total of 1 executions of maven-deploy-plugin replaced with nexus-staging-maven-plugin
[INFO] 
[INFO] ------------------------------------------------------------------------
[INFO] Building Shift AST 1.5.1-SNAPSHOT
[INFO] ------------------------------------------------------------------------
[INFO] 
[INFO] --- jacoco-maven-plugin:0.7.2.201409121644:prepare-agent (pre-unit-test) @ es2017 ---
[INFO] Skipping JaCoCo execution because property jacoco.skip is set.
[INFO] JACOCO_AGENT_OPT set to empty
[INFO] 
[INFO] --- build-helper-maven-plugin:1.7:add-source (add-source) @ es2017 ---
[INFO] Source directory: /bam/scratch/tmp-rta/Bears_shapesecurity-shift-java_455763022-456154969_java-8/generated-sources/main/java added.
[INFO] 
[INFO] --- maven-resources-plugin:2.6:resources (default-resources) @ es2017 ---
[INFO] Using 'UTF-8' encoding to copy filtered resources.
[INFO] skip non existing resourceDirectory /bam/scratch/tmp-rta/Bears_shapesecurity-shift-java_455763022-456154969_java-8/src/main/resources
[INFO] 
[INFO] --- maven-compiler-plugin:2.3.2:compile (default-compile) @ es2017 ---
[INFO] Compiling 24 source files to /bam/scratch/tmp-rta/Bears_shapesecurity-shift-java_455763022-456154969_java-8/target/classes
[INFO] 
[INFO] --- maven-resources-plugin:2.6:testResources (default-testResources) @ es2017 ---
[INFO] Using 'UTF-8' encoding to copy filtered resources.
[INFO] Copying 24 resources
[INFO] 
[INFO] --- maven-compiler-plugin:2.3.2:testCompile (default-testCompile) @ es2017 ---
[INFO] Compiling 12 source files to /bam/scratch/tmp-rta/Bears_shapesecurity-shift-java_455763022-456154969_java-8/target/test-classes
[INFO] 
[INFO] --- maven-surefire-plugin:2.17:test (default-test) @ es2017 ---
[INFO] Surefire report directory: /bam/scratch/tmp-rta/Bears_shapesecurity-shift-java_455763022-456154969_java-8/target/surefire-reports
[INFO] Downloading: https://repo.maven.apache.org/maven2/org/apache/maven/surefire/surefire-junit4/2.17/surefire-junit4-2.17.pom
[INFO] Downloaded: https://repo.maven.apache.org/maven2/org/apache/maven/surefire/surefire-junit4/2.17/surefire-junit4-2.17.pom (2.5 kB at 10 kB/s)
[INFO] Downloading: https://repo.maven.apache.org/maven2/org/apache/maven/surefire/surefire-providers/2.17/surefire-providers-2.17.pom
[INFO] Downloaded: https://repo.maven.apache.org/maven2/org/apache/maven/surefire/surefire-providers/2.17/surefire-providers-2.17.pom (2.4 kB at 238 kB/s)
[INFO] Downloading: https://repo.maven.apache.org/maven2/org/apache/maven/surefire/surefire-junit4/2.17/surefire-junit4-2.17.jar
[INFO] Downloaded: https://repo.maven.apache.org/maven2/org/apache/maven/surefire/surefire-junit4/2.17/surefire-junit4-2.17.jar (64 kB at 2.8 MB/s)

-------------------------------------------------------
 T E S T S
-------------------------------------------------------
Picked up JAVA_TOOL_OPTIONS: -XX:CICompilerCount=2 -XX:ParallelGCThreads=2 -XX:ConcGCThreads=2 -Djdk.net.URLClassPath.disableClassPathURLCheck=true -XX:CICompilerCount=2 -XX:ParallelGCThreads=2 -XX:ConcGCThreads=2 -Djdk.net.URLClassPath.disableClassPathURLCheck=true 
Picked up _JAVA_OPTIONS: -Djdk.net.URLClassPath.disableClassPathURLCheck=true
Running com.shapesecurity.shift.es2017.test262.parser.EarlyTest
Tests run: 1, Failures: 0, Errors: 1, Skipped: 0, Time elapsed: 0.033 sec <<< FAILURE! - in com.shapesecurity.shift.es2017.test262.parser.EarlyTest
initializationError(com.shapesecurity.shift.es2017.test262.parser.EarlyTest)  Time elapsed: 0.006 sec  <<< ERROR!
java.lang.NullPointerException: null
	at java.util.Arrays.stream(Arrays.java:5004)
	at com.shapesecurity.shift.es2017.test262.parser.EarlyTest.data(EarlyTest.java:117)

Running com.shapesecurity.shift.es2017.test262.parser.FailTest
Tests run: 1, Failures: 0, Errors: 1, Skipped: 0, Time elapsed: 0 sec <<< FAILURE! - in com.shapesecurity.shift.es2017.test262.parser.FailTest
initializationError(com.shapesecurity.shift.es2017.test262.parser.FailTest)  Time elapsed: 0 sec  <<< ERROR!
java.lang.NullPointerException: null
	at java.util.Arrays.stream(Arrays.java:5004)
	at com.shapesecurity.shift.es2017.test262.parser.FailTest.data(FailTest.java:46)

Running com.shapesecurity.shift.es2017.test262.parser.PassTest
Tests run: 1, Failures: 0, Errors: 1, Skipped: 0, Time elapsed: 0 sec <<< FAILURE! - in com.shapesecurity.shift.es2017.test262.parser.PassTest
initializationError(com.shapesecurity.shift.es2017.test262.parser.PassTest)  Time elapsed: 0 sec  <<< ERROR!
java.lang.NullPointerException: null
	at java.util.Arrays.stream(Arrays.java:5004)
	at com.shapesecurity.shift.es2017.test262.parser.PassTest.data(PassTest.java:178)

Running com.shapesecurity.shift.es2017.test262.Test262
Tests run: 1, Failures: 0, Errors: 1, Skipped: 0, Time elapsed: 0.031 sec <<< FAILURE! - in com.shapesecurity.shift.es2017.test262.Test262
testTest262(com.shapesecurity.shift.es2017.test262.Test262)  Time elapsed: 0.007 sec  <<< ERROR!
java.nio.file.NoSuchFileException: src/test/resources/test262/test
	at sun.nio.fs.UnixException.translateToIOException(UnixException.java:86)
	at sun.nio.fs.UnixException.rethrowAsIOException(UnixException.java:102)
	at sun.nio.fs.UnixException.rethrowAsIOException(UnixException.java:107)
	at sun.nio.fs.UnixFileAttributeViews$Basic.readAttributes(UnixFileAttributeViews.java:55)
	at sun.nio.fs.UnixFileSystemProvider.readAttributes(UnixFileSystemProvider.java:144)
	at sun.nio.fs.LinuxFileSystemProvider.readAttributes(LinuxFileSystemProvider.java:99)
	at java.nio.file.Files.readAttributes(Files.java:1737)
	at java.nio.file.FileTreeWalker.getAttributes(FileTreeWalker.java:219)
	at java.nio.file.FileTreeWalker.visit(FileTreeWalker.java:276)
	at java.nio.file.FileTreeWalker.walk(FileTreeWalker.java:322)
	at java.nio.file.FileTreeIterator.<init>(FileTreeIterator.java:72)
	at java.nio.file.Files.walk(Files.java:3574)
	at java.nio.file.Files.walk(Files.java:3625)
	at com.shapesecurity.shift.es2017.test262.Test262.testTest262(Test262.java:187)

Running com.shapesecurity.shift.es2017.parser.miscellaneous.GroupingTest
Tests run: 1, Failures: 0, Errors: 0, Skipped: 0, Time elapsed: 0.125 sec - in com.shapesecurity.shift.es2017.parser.miscellaneous.GroupingTest
Running com.shapesecurity.shift.es2017.parser.miscellaneous.IncompatibilitiesTest
Tests run: 3, Failures: 0, Errors: 0, Skipped: 0, Time elapsed: 0.019 sec - in com.shapesecurity.shift.es2017.parser.miscellaneous.IncompatibilitiesTest
Running com.shapesecurity.shift.es2017.parser.miscellaneous.WhitespaceTest
Tests run: 1, Failures: 0, Errors: 0, Skipped: 0, Time elapsed: 0.006 sec - in com.shapesecurity.shift.es2017.parser.miscellaneous.WhitespaceTest
Running com.shapesecurity.shift.es2017.parser.miscellaneous.CommentsTest
Tests run: 1, Failures: 0, Errors: 0, Skipped: 0, Time elapsed: 0.001 sec - in com.shapesecurity.shift.es2017.parser.miscellaneous.CommentsTest
Running com.shapesecurity.shift.es2017.parser.miscellaneous.AsyncAwaitTest
Tests run: 7, Failures: 0, Errors: 1, Skipped: 0, Time elapsed: 0 sec <<< FAILURE! - in com.shapesecurity.shift.es2017.parser.miscellaneous.AsyncAwaitTest
testAwait(com.shapesecurity.shift.es2017.parser.miscellaneous.AsyncAwaitTest)  Time elapsed: 0 sec  <<< ERROR!
com.shapesecurity.shift.es2017.parser.JsError: JavaScript error: Line 1 Column 20 (Index = 20), Unexpected token "await".
	at com.shapesecurity.shift.es2017.parser.Tokenizer.createError(Tokenizer.java:462)
	at com.shapesecurity.shift.es2017.parser.Tokenizer.createUnexpected(Tokenizer.java:440)
	at com.shapesecurity.shift.es2017.parser.GenericParser.parsePropertyDefinition(GenericParser.java:2182)
	at com.shapesecurity.shift.es2017.parser.GenericParser.parseObjectExpression(GenericParser.java:1986)
	at com.shapesecurity.shift.es2017.parser.GenericParser.parsePrimaryExpression(GenericParser.java:1810)
	at com.shapesecurity.shift.es2017.parser.GenericParser.parseLeftHandSideExpression(GenericParser.java:1601)
	at com.shapesecurity.shift.es2017.parser.GenericParser.parseUpdateExpression(GenericParser.java:1465)
	at com.shapesecurity.shift.es2017.parser.GenericParser.parseUnaryExpression(GenericParser.java:1437)
	at com.shapesecurity.shift.es2017.parser.GenericParser.parseExponentiationExpression(GenericParser.java:1409)
	at com.shapesecurity.shift.es2017.parser.GenericParser.parseBinaryExpression(GenericParser.java:1348)
	at com.shapesecurity.shift.es2017.parser.GenericParser.parseConditionalExpression(GenericParser.java:1321)
	at com.shapesecurity.shift.es2017.parser.GenericParser.parseAssignmentExpressionOrTarget(GenericParser.java:1179)
	at com.shapesecurity.shift.es2017.parser.GenericParser.inheritCoverGrammar(GenericParser.java:1143)
	at com.shapesecurity.shift.es2017.parser.GenericParser.parseGroupExpression(GenericParser.java:2092)
	at com.shapesecurity.shift.es2017.parser.GenericParser.parsePrimaryExpression(GenericParser.java:1765)
	at com.shapesecurity.shift.es2017.parser.GenericParser.parseLeftHandSideExpression(GenericParser.java:1601)
	at com.shapesecurity.shift.es2017.parser.GenericParser.parseUpdateExpression(GenericParser.java:1465)
	at com.shapesecurity.shift.es2017.parser.GenericParser.parseUnaryExpression(GenericParser.java:1437)
	at com.shapesecurity.shift.es2017.parser.GenericParser.parseExponentiationExpression(GenericParser.java:1409)
	at com.shapesecurity.shift.es2017.parser.GenericParser.parseBinaryExpression(GenericParser.java:1348)
	at com.shapesecurity.shift.es2017.parser.GenericParser.parseConditionalExpression(GenericParser.java:1321)
	at com.shapesecurity.shift.es2017.parser.GenericParser.parseAssignmentExpressionOrTarget(GenericParser.java:1179)
	at com.shapesecurity.shift.es2017.parser.GenericParser.isolateCoverGrammar(GenericParser.java:1125)
	at com.shapesecurity.shift.es2017.parser.GenericParser.parseAssignmentExpression(GenericParser.java:1166)
	at com.shapesecurity.shift.es2017.parser.GenericParser.parseExpression(GenericParser.java:1103)
	at com.shapesecurity.shift.es2017.parser.GenericParser.parseExpressionStatement(GenericParser.java:1095)
	at com.shapesecurity.shift.es2017.parser.GenericParser.parseStatementHelper(GenericParser.java:610)
	at com.shapesecurity.shift.es2017.parser.GenericParser.isolateCoverGrammar(GenericParser.java:1125)
	at com.shapesecurity.shift.es2017.parser.GenericParser.parseStatement(GenericParser.java:588)
	at com.shapesecurity.shift.es2017.parser.GenericParser.parseStatementListItem(GenericParser.java:261)
	at com.shapesecurity.shift.es2017.parser.GenericParser.parseBody(GenericParser.java:185)
	at com.shapesecurity.shift.es2017.parser.GenericParser.parseTopLevel(GenericParser.java:151)
	at com.shapesecurity.shift.es2017.parser.GenericParser.parseScript(GenericParser.java:160)
	at com.shapesecurity.shift.es2017.parser.Parser.parseScript(Parser.java:17)
	at com.shapesecurity.shift.es2017.parser.ParserTestCase.testScript(ParserTestCase.java:27)
	at com.shapesecurity.shift.es2017.parser.miscellaneous.AsyncAwaitTest.testAwait(AsyncAwaitTest.java:81)

Running com.shapesecurity.shift.es2017.parser.miscellaneous.SemicolonsTest
Tests run: 2, Failures: 0, Errors: 0, Skipped: 0, Time elapsed: 0 sec - in com.shapesecurity.shift.es2017.parser.miscellaneous.SemicolonsTest
Running com.shapesecurity.shift.es2017.parser.miscellaneous.LocationTest
Tests run: 12, Failures: 0, Errors: 0, Skipped: 0, Time elapsed: 0 sec - in com.shapesecurity.shift.es2017.parser.miscellaneous.LocationTest
Running com.shapesecurity.shift.es2017.parser.miscellaneous.InteractionsTest
Tests run: 1, Failures: 0, Errors: 0, Skipped: 0, Time elapsed: 0.008 sec - in com.shapesecurity.shift.es2017.parser.miscellaneous.InteractionsTest
Running com.shapesecurity.shift.es2017.parser.destructuring.assignment.ObjectAssignmentTargetTest
Tests run: 1, Failures: 0, Errors: 0, Skipped: 0, Time elapsed: 0.01 sec - in com.shapesecurity.shift.es2017.parser.destructuring.assignment.ObjectAssignmentTargetTest
Running com.shapesecurity.shift.es2017.parser.destructuring.assignment.ArrayAssignmentTargetTest
Tests run: 1, Failures: 0, Errors: 0, Skipped: 0, Time elapsed: 0 sec - in com.shapesecurity.shift.es2017.parser.destructuring.assignment.ArrayAssignmentTargetTest
Running com.shapesecurity.shift.es2017.parser.destructuring.binding_pattern.ArrayBindingTest
Tests run: 1, Failures: 0, Errors: 0, Skipped: 0, Time elapsed: 0.001 sec - in com.shapesecurity.shift.es2017.parser.destructuring.binding_pattern.ArrayBindingTest
Running com.shapesecurity.shift.es2017.parser.destructuring.binding_pattern.ObjectBindingTest
Tests run: 1, Failures: 0, Errors: 0, Skipped: 0, Time elapsed: 0.002 sec - in com.shapesecurity.shift.es2017.parser.destructuring.binding_pattern.ObjectBindingTest
Running com.shapesecurity.shift.es2017.parser.destructuring.binding_pattern.BindingIdentifierTest
Tests run: 1, Failures: 0, Errors: 0, Skipped: 0, Time elapsed: 0 sec - in com.shapesecurity.shift.es2017.parser.destructuring.binding_pattern.BindingIdentifierTest
Running com.shapesecurity.shift.es2017.parser.expressions.ThisExpressionTest
Tests run: 1, Failures: 0, Errors: 0, Skipped: 0, Time elapsed: 0 sec - in com.shapesecurity.shift.es2017.parser.expressions.ThisExpressionTest
Running com.shapesecurity.shift.es2017.parser.expressions.literals.LiteralRegExpExpressionTest
Tests run: 1, Failures: 0, Errors: 0, Skipped: 0, Time elapsed: 0.002 sec - in com.shapesecurity.shift.es2017.parser.expressions.literals.LiteralRegExpExpressionTest
Running com.shapesecurity.shift.es2017.parser.expressions.literals.LiteralNullExpressionTest
Tests run: 1, Failures: 0, Errors: 0, Skipped: 0, Time elapsed: 0 sec - in com.shapesecurity.shift.es2017.parser.expressions.literals.LiteralNullExpressionTest
Running com.shapesecurity.shift.es2017.parser.expressions.literals.LiteralStringExpressionTest
Tests run: 1, Failures: 0, Errors: 0, Skipped: 0, Time elapsed: 0.003 sec - in com.shapesecurity.shift.es2017.parser.expressions.literals.LiteralStringExpressionTest
Running com.shapesecurity.shift.es2017.parser.expressions.literals.LiteralNumericExpressionTest
Tests run: 1, Failures: 0, Errors: 0, Skipped: 0, Time elapsed: 0.003 sec - in com.shapesecurity.shift.es2017.parser.expressions.literals.LiteralNumericExpressionTest
Running com.shapesecurity.shift.es2017.parser.expressions.literals.LiteralInfinityExpressionTest
Tests run: 1, Failures: 0, Errors: 0, Skipped: 0, Time elapsed: 0.001 sec - in com.shapesecurity.shift.es2017.parser.expressions.literals.LiteralInfinityExpressionTest
Running com.shapesecurity.shift.es2017.parser.expressions.YieldGeneratorExpressionTest
Tests run: 1, Failures: 0, Errors: 0, Skipped: 0, Time elapsed: 0 sec - in com.shapesecurity.shift.es2017.parser.expressions.YieldGeneratorExpressionTest
Running com.shapesecurity.shift.es2017.parser.expressions.SuperExpressionTest
Tests run: 1, Failures: 0, Errors: 0, Skipped: 0, Time elapsed: 0.006 sec - in com.shapesecurity.shift.es2017.parser.expressions.SuperExpressionTest
Running com.shapesecurity.shift.es2017.parser.expressions.ArrowExpressionTest
Tests run: 1, Failures: 0, Errors: 0, Skipped: 0, Time elapsed: 0.005 sec - in com.shapesecurity.shift.es2017.parser.expressions.ArrowExpressionTest
Running com.shapesecurity.shift.es2017.parser.expressions.NewExpressionTest
Tests run: 1, Failures: 0, Errors: 0, Skipped: 0, Time elapsed: 0 sec - in com.shapesecurity.shift.es2017.parser.expressions.NewExpressionTest
Running com.shapesecurity.shift.es2017.parser.expressions.ConditionalExpressionTest
Tests run: 1, Failures: 0, Errors: 0, Skipped: 0, Time elapsed: 0 sec - in com.shapesecurity.shift.es2017.parser.expressions.ConditionalExpressionTest
Running com.shapesecurity.shift.es2017.parser.expressions.BinaryExpressionTest
Tests run: 1, Failures: 0, Errors: 0, Skipped: 0, Time elapsed: 0.004 sec - in com.shapesecurity.shift.es2017.parser.expressions.BinaryExpressionTest
Running com.shapesecurity.shift.es2017.parser.expressions.FunctionExpressionTest
Tests run: 1, Failures: 0, Errors: 0, Skipped: 0, Time elapsed: 0.002 sec - in com.shapesecurity.shift.es2017.parser.expressions.FunctionExpressionTest
Running com.shapesecurity.shift.es2017.parser.expressions.ClassExpressionTest
Tests run: 1, Failures: 0, Errors: 0, Skipped: 0, Time elapsed: 0.003 sec - in com.shapesecurity.shift.es2017.parser.expressions.ClassExpressionTest
Running com.shapesecurity.shift.es2017.parser.expressions.GroupedExpressionTest
Tests run: 1, Failures: 0, Errors: 0, Skipped: 0, Time elapsed: 0.001 sec - in com.shapesecurity.shift.es2017.parser.expressions.GroupedExpressionTest
Running com.shapesecurity.shift.es2017.parser.expressions.StaticMemberExpressionTest
Tests run: 1, Failures: 0, Errors: 0, Skipped: 0, Time elapsed: 0 sec - in com.shapesecurity.shift.es2017.parser.expressions.StaticMemberExpressionTest
Running com.shapesecurity.shift.es2017.parser.expressions.TemplateExpressionTest
Tests run: 1, Failures: 0, Errors: 0, Skipped: 0, Time elapsed: 0.001 sec - in com.shapesecurity.shift.es2017.parser.expressions.TemplateExpressionTest
Running com.shapesecurity.shift.es2017.parser.expressions.YieldExpressionTest
Tests run: 1, Failures: 0, Errors: 0, Skipped: 0, Time elapsed: 0.002 sec - in com.shapesecurity.shift.es2017.parser.expressions.YieldExpressionTest
Running com.shapesecurity.shift.es2017.parser.expressions.IdentifierExpressionTest
Tests run: 1, Failures: 0, Errors: 0, Skipped: 0, Time elapsed: 0.003 sec - in com.shapesecurity.shift.es2017.parser.expressions.IdentifierExpressionTest
Running com.shapesecurity.shift.es2017.parser.expressions.ComputedMemberExpressionTest
Tests run: 1, Failures: 0, Errors: 0, Skipped: 0, Time elapsed: 0.001 sec - in com.shapesecurity.shift.es2017.parser.expressions.ComputedMemberExpressionTest
Running com.shapesecurity.shift.es2017.parser.expressions.AssignmentExpressionTest
Tests run: 1, Failures: 0, Errors: 0, Skipped: 0, Time elapsed: 0.003 sec - in com.shapesecurity.shift.es2017.parser.expressions.AssignmentExpressionTest
Running com.shapesecurity.shift.es2017.parser.expressions.CallExpressionTest
Tests run: 1, Failures: 0, Errors: 0, Skipped: 0, Time elapsed: 0.001 sec - in com.shapesecurity.shift.es2017.parser.expressions.CallExpressionTest
Running com.shapesecurity.shift.es2017.parser.expressions.NewTargetExpressionTest
Tests run: 1, Failures: 0, Errors: 0, Skipped: 0, Time elapsed: 0.001 sec - in com.shapesecurity.shift.es2017.parser.expressions.NewTargetExpressionTest
Running com.shapesecurity.shift.es2017.parser.expressions.UpdateExpressionTest
Tests run: 1, Failures: 0, Errors: 0, Skipped: 0, Time elapsed: 0.001 sec - in com.shapesecurity.shift.es2017.parser.expressions.UpdateExpressionTest
Running com.shapesecurity.shift.es2017.parser.expressions.ObjectExpressionTest
Tests run: 1, Failures: 0, Errors: 0, Skipped: 0, Time elapsed: 0.006 sec - in com.shapesecurity.shift.es2017.parser.expressions.ObjectExpressionTest
Running com.shapesecurity.shift.es2017.parser.expressions.UnaryExpressionTest
Tests run: 1, Failures: 0, Errors: 0, Skipped: 0, Time elapsed: 0 sec - in com.shapesecurity.shift.es2017.parser.expressions.UnaryExpressionTest
Running com.shapesecurity.shift.es2017.parser.expressions.ArrayExpressionTest
Tests run: 1, Failures: 0, Errors: 0, Skipped: 0, Time elapsed: 0.001 sec - in com.shapesecurity.shift.es2017.parser.expressions.ArrayExpressionTest
Running com.shapesecurity.shift.es2017.parser.statements.BreakStatementTest
Tests run: 1, Failures: 0, Errors: 0, Skipped: 0, Time elapsed: 0.001 sec - in com.shapesecurity.shift.es2017.parser.statements.BreakStatementTest
Running com.shapesecurity.shift.es2017.parser.statements.ForOfStatementTest
Tests run: 1, Failures: 0, Errors: 0, Skipped: 0, Time elapsed: 0.001 sec - in com.shapesecurity.shift.es2017.parser.statements.ForOfStatementTest
Running com.shapesecurity.shift.es2017.parser.statements.TryCatchStatementTest
Tests run: 1, Failures: 0, Errors: 0, Skipped: 0, Time elapsed: 0 sec - in com.shapesecurity.shift.es2017.parser.statements.TryCatchStatementTest
Running com.shapesecurity.shift.es2017.parser.statements.ReturnStatementTest
Tests run: 1, Failures: 0, Errors: 0, Skipped: 0, Time elapsed: 0.001 sec - in com.shapesecurity.shift.es2017.parser.statements.ReturnStatementTest
Running com.shapesecurity.shift.es2017.parser.statements.WithStatementTest
Tests run: 1, Failures: 0, Errors: 0, Skipped: 0, Time elapsed: 0 sec - in com.shapesecurity.shift.es2017.parser.statements.WithStatementTest
Running com.shapesecurity.shift.es2017.parser.statements.ForInStatementTest
Tests run: 1, Failures: 0, Errors: 0, Skipped: 0, Time elapsed: 0.002 sec - in com.shapesecurity.shift.es2017.parser.statements.ForInStatementTest
Running com.shapesecurity.shift.es2017.parser.statements.ThrowStatementTest
Tests run: 1, Failures: 0, Errors: 0, Skipped: 0, Time elapsed: 0 sec - in com.shapesecurity.shift.es2017.parser.statements.ThrowStatementTest
Running com.shapesecurity.shift.es2017.parser.statements.BlockStatementTest
Tests run: 1, Failures: 0, Errors: 0, Skipped: 0, Time elapsed: 0 sec - in com.shapesecurity.shift.es2017.parser.statements.BlockStatementTest
Running com.shapesecurity.shift.es2017.parser.statements.DoWhileStatementTest
Tests run: 1, Failures: 0, Errors: 0, Skipped: 0, Time elapsed: 0 sec - in com.shapesecurity.shift.es2017.parser.statements.DoWhileStatementTest
Running com.shapesecurity.shift.es2017.parser.statements.ExpressionStatementTest
Tests run: 1, Failures: 0, Errors: 0, Skipped: 0, Time elapsed: 0 sec - in com.shapesecurity.shift.es2017.parser.statements.ExpressionStatementTest
Running com.shapesecurity.shift.es2017.parser.statements.IfStatementTest
Tests run: 1, Failures: 0, Errors: 0, Skipped: 0, Time elapsed: 0.001 sec - in com.shapesecurity.shift.es2017.parser.statements.IfStatementTest
Running com.shapesecurity.shift.es2017.parser.statements.ForStatementTest
Tests run: 1, Failures: 0, Errors: 0, Skipped: 0, Time elapsed: 0.003 sec - in com.shapesecurity.shift.es2017.parser.statements.ForStatementTest
Running com.shapesecurity.shift.es2017.parser.statements.SwitchStatementTest
Tests run: 1, Failures: 0, Errors: 0, Skipped: 0, Time elapsed: 0 sec - in com.shapesecurity.shift.es2017.parser.statements.SwitchStatementTest
Running com.shapesecurity.shift.es2017.parser.statements.TryFinallyStatementTest
Tests run: 1, Failures: 0, Errors: 0, Skipped: 0, Time elapsed: 0.001 sec - in com.shapesecurity.shift.es2017.parser.statements.TryFinallyStatementTest
Running com.shapesecurity.shift.es2017.parser.statements.DebuggerStatementTest
Tests run: 1, Failures: 0, Errors: 0, Skipped: 0, Time elapsed: 0 sec - in com.shapesecurity.shift.es2017.parser.statements.DebuggerStatementTest
Running com.shapesecurity.shift.es2017.parser.statements.WhileStatementTest
Tests run: 1, Failures: 0, Errors: 0, Skipped: 0, Time elapsed: 0 sec - in com.shapesecurity.shift.es2017.parser.statements.WhileStatementTest
Running com.shapesecurity.shift.es2017.parser.statements.VariableDeclarationStatementTest
Tests run: 1, Failures: 0, Errors: 0, Skipped: 0, Time elapsed: 0.003 sec - in com.shapesecurity.shift.es2017.parser.statements.VariableDeclarationStatementTest
Running com.shapesecurity.shift.es2017.parser.statements.ContinueStatementTest
Tests run: 1, Failures: 0, Errors: 0, Skipped: 0, Time elapsed: 0.001 sec - in com.shapesecurity.shift.es2017.parser.statements.ContinueStatementTest
Running com.shapesecurity.shift.es2017.parser.statements.LabeledStatementTest
Tests run: 1, Failures: 0, Errors: 0, Skipped: 0, Time elapsed: 0.001 sec - in com.shapesecurity.shift.es2017.parser.statements.LabeledStatementTest
Running com.shapesecurity.shift.es2017.parser.statements.EmptyStatementTest
Tests run: 1, Failures: 0, Errors: 0, Skipped: 0, Time elapsed: 0 sec - in com.shapesecurity.shift.es2017.parser.statements.EmptyStatementTest
Running com.shapesecurity.shift.es2017.parser.statements.SwitchStatementWithDefaultTest
Tests run: 1, Failures: 0, Errors: 0, Skipped: 0, Time elapsed: 0.001 sec - in com.shapesecurity.shift.es2017.parser.statements.SwitchStatementWithDefaultTest
Running com.shapesecurity.shift.es2017.parser.EarlyErrorsTest
Tests run: 4, Failures: 0, Errors: 0, Skipped: 0, Time elapsed: 0.093 sec - in com.shapesecurity.shift.es2017.parser.EarlyErrorsTest
Running com.shapesecurity.shift.es2017.parser.API.ModuleTest
Tests run: 1, Failures: 0, Errors: 0, Skipped: 0, Time elapsed: 0 sec - in com.shapesecurity.shift.es2017.parser.API.ModuleTest
Running com.shapesecurity.shift.es2017.parser.API.ScriptTest
Tests run: 1, Failures: 0, Errors: 0, Skipped: 0, Time elapsed: 0.001 sec - in com.shapesecurity.shift.es2017.parser.API.ScriptTest
Running com.shapesecurity.shift.es2017.parser.API.APITest
Tests run: 3, Failures: 0, Errors: 0, Skipped: 0, Time elapsed: 0.001 sec - in com.shapesecurity.shift.es2017.parser.API.APITest
Running com.shapesecurity.shift.es2017.parser.ParserTest
Tests run: 1, Failures: 0, Errors: 0, Skipped: 0, Time elapsed: 0 sec - in com.shapesecurity.shift.es2017.parser.ParserTest
Running com.shapesecurity.shift.es2017.parser.declarations.FunctionDeclarationTest
Tests run: 1, Failures: 0, Errors: 0, Skipped: 0, Time elapsed: 0.001 sec - in com.shapesecurity.shift.es2017.parser.declarations.FunctionDeclarationTest
Running com.shapesecurity.shift.es2017.parser.declarations.GeneratorDeclarationTest
Tests run: 1, Failures: 0, Errors: 0, Skipped: 0, Time elapsed: 0.001 sec - in com.shapesecurity.shift.es2017.parser.declarations.GeneratorDeclarationTest
Running com.shapesecurity.shift.es2017.parser.declarations.LexicalDeclarationTest
Tests run: 1, Failures: 0, Errors: 0, Skipped: 0, Time elapsed: 0.002 sec - in com.shapesecurity.shift.es2017.parser.declarations.LexicalDeclarationTest
Running com.shapesecurity.shift.es2017.parser.declarations.ClassDeclarationTest
Tests run: 1, Failures: 0, Errors: 0, Skipped: 0, Time elapsed: 0 sec - in com.shapesecurity.shift.es2017.parser.declarations.ClassDeclarationTest
Running com.shapesecurity.shift.es2017.parser.modules.ExportTest
Tests run: 1, Failures: 0, Errors: 0, Skipped: 0, Time elapsed: 0.004 sec - in com.shapesecurity.shift.es2017.parser.modules.ExportTest
Running com.shapesecurity.shift.es2017.parser.modules.ImportTest
Tests run: 1, Failures: 0, Errors: 0, Skipped: 0, Time elapsed: 0.001 sec - in com.shapesecurity.shift.es2017.parser.modules.ImportTest
Running com.shapesecurity.shift.es2017.parser.DirectiveTest
Tests run: 1, Failures: 0, Errors: 0, Skipped: 0, Time elapsed: 0.002 sec - in com.shapesecurity.shift.es2017.parser.DirectiveTest
Running com.shapesecurity.shift.es2017.parser.FailuresTest
Tests run: 1, Failures: 0, Errors: 0, Skipped: 0, Time elapsed: 0.005 sec - in com.shapesecurity.shift.es2017.parser.FailuresTest
Running com.shapesecurity.shift.es2017.parser.property_definitions.PropertyNameTest
Tests run: 1, Failures: 0, Errors: 0, Skipped: 0, Time elapsed: 0.002 sec - in com.shapesecurity.shift.es2017.parser.property_definitions.PropertyNameTest
Running com.shapesecurity.shift.es2017.parser.property_definitions.GeneratorMethodTest
Tests run: 1, Failures: 0, Errors: 0, Skipped: 0, Time elapsed: 0 sec - in com.shapesecurity.shift.es2017.parser.property_definitions.GeneratorMethodTest
Running com.shapesecurity.shift.es2017.reducer.CloneReducerTest
Tests run: 64, Failures: 0, Errors: 0, Skipped: 0, Time elapsed: 0.056 sec - in com.shapesecurity.shift.es2017.reducer.CloneReducerTest
Running com.shapesecurity.shift.es2017.reducer.ReducerTest
Tests run: 2, Failures: 0, Errors: 0, Skipped: 0, Time elapsed: 0.298 sec - in com.shapesecurity.shift.es2017.reducer.ReducerTest
Running com.shapesecurity.shift.es2017.path.BranchGetterTest
Tests run: 1, Failures: 0, Errors: 0, Skipped: 0, Time elapsed: 0.002 sec - in com.shapesecurity.shift.es2017.path.BranchGetterTest
Running com.shapesecurity.shift.es2017.path.EqualityTest
Tests run: 2, Failures: 0, Errors: 0, Skipped: 0, Time elapsed: 0 sec - in com.shapesecurity.shift.es2017.path.EqualityTest
Running com.shapesecurity.shift.es2017.path.BranchIteratorTest
Tests run: 1, Failures: 0, Errors: 0, Skipped: 0, Time elapsed: 0.559 sec - in com.shapesecurity.shift.es2017.path.BranchIteratorTest
Running com.shapesecurity.shift.es2017.path.ToStringTest
Tests run: 1, Failures: 0, Errors: 0, Skipped: 0, Time elapsed: 0 sec - in com.shapesecurity.shift.es2017.path.ToStringTest
Running com.shapesecurity.shift.es2017.codegen.WebSafeCodeGenTest
Tests run: 4, Failures: 0, Errors: 0, Skipped: 0, Time elapsed: 0.011 sec - in com.shapesecurity.shift.es2017.codegen.WebSafeCodeGenTest
Running com.shapesecurity.shift.es2017.codegen.CodeGenTest
Tests run: 73, Failures: 0, Errors: 0, Skipped: 0, Time elapsed: 0.093 sec - in com.shapesecurity.shift.es2017.codegen.CodeGenTest
Running com.shapesecurity.shift.es2017.fuzzer.FuzzerTest
[  8.1%] Average speed 159.827 tests per milli-second. 9589642 tests per min.[  8.4%] Average speed 99.588 tests per milli-second. 5975286 tests per min.[  8.7%] Average speed 75.079 tests per milli-second. 4504717 tests per min.[  9.0%] Average speed 66.863 tests per milli-second. 4011772 tests per min.[  9.3%] Average speed 58.968 tests per milli-second. 3538090 tests per min.[  9.6%] Average speed 53.516 tests per milli-second. 3210976 tests per min.[  9.9%] Average speed 49.924 tests per milli-second. 2995436 tests per min.[ 10.2%] Average speed 46.914 tests per milli-second. 2814853 tests per min.[ 10.5%] Average speed 44.122 tests per milli-second. 2647299 tests per min.[ 10.8%] Average speed 42.366 tests per milli-second. 2541986 tests per min.[ 11.1%] Average speed 39.877 tests per milli-second. 2392621 tests per min.[ 11.4%] Average speed 38.060 tests per milli-second. 2283595 tests per min.[ 11.7%] Average speed 36.659 tests per milli-second. 2199548 tests per min.[ 12.0%] Average speed 35.701 tests per milli-second. 2142042 tests per min.[ 12.3%] Average speed 35.019 tests per milli-second. 2101170 tests per min.[ 12.6%] Average speed 34.153 tests per milli-second. 2049167 tests per min.[ 12.9%] Average speed 33.670 tests per milli-second. 2020207 tests per min.[ 13.2%] Average speed 32.904 tests per milli-second. 1974243 tests per min.[ 13.5%] Average speed 32.411 tests per milli-second. 1944660 tests per min.[ 13.8%] Average speed 32.079 tests per milli-second. 1924750 tests per min.[ 14.1%] Average speed 31.801 tests per milli-second. 1908079 tests per min.[ 14.4%] Average speed 31.679 tests per milli-second. 1900759 tests per min.[ 14.7%] Average speed 31.385 tests per milli-second. 1883083 tests per min.[ 15.0%] Average speed 31.114 tests per milli-second. 1866827 tests per min.[ 15.3%] Average speed 30.931 tests per milli-second. 1855864 tests per min.[ 15.6%] Average speed 30.661 tests per milli-second. 1839641 tests per min.[ 15.9%] Average speed 30.248 tests per milli-second. 1814893 tests per min.[ 16.2%] Average speed 30.009 tests per milli-second. 1800568 tests per min.[ 16.5%] Average speed 29.680 tests per milli-second. 1780778 tests per min.[ 16.8%] Average speed 29.373 tests per milli-second. 1762408 tests per min.[ 17.1%] Average speed 29.210 tests per milli-second. 1752606 tests per min.[ 17.4%] Average speed 29.063 tests per milli-second. 1743766 tests per min.[ 17.7%] Average speed 28.731 tests per milli-second. 1723840 tests per min.[ 18.0%] Average speed 28.664 tests per milli-second. 1719835 tests per min.[ 18.3%] Average speed 28.560 tests per milli-second. 1713586 tests per min.[ 18.6%] Average speed 28.423 tests per milli-second. 1705388 tests per min.[ 18.9%] Average speed 28.441 tests per milli-second. 1706433 tests per min.[ 19.2%] Average speed 28.509 tests per milli-second. 1710522 tests per min.[ 19.5%] Average speed 28.563 tests per milli-second. 1713788 tests per min.[ 19.8%] Average speed 28.460 tests per milli-second. 1707582 tests per min.[ 20.1%] Average speed 28.424 tests per milli-second. 1705435 tests per min.[ 20.4%] Average speed 28.245 tests per milli-second. 1694719 tests per min.[ 20.7%] Average speed 28.210 tests per milli-second. 1692572 tests per min.[ 21.0%] Average speed 28.231 tests per milli-second. 1693834 tests per min.[ 21.3%] Average speed 28.120 tests per milli-second. 1687230 tests per min.[ 21.6%] Average speed 28.134 tests per milli-second. 1688053 tests per min.[ 21.9%] Average speed 28.048 tests per milli-second. 1682885 tests per min.[ 22.2%] Average speed 28.111 tests per milli-second. 1686676 tests per min.[ 22.5%] Average speed 27.990 tests per milli-second. 1679399 tests per min.[ 22.8%] Average speed 27.988 tests per milli-second. 1679284 tests per min.[ 23.1%] Average speed 27.906 tests per milli-second. 1674363 tests per min.[ 23.4%] Average speed 27.828 tests per milli-second. 1669694 tests per min.[ 23.7%] Average speed 27.792 tests per milli-second. 1667513 tests per min.[ 24.0%] Average speed 27.741 tests per milli-second. 1664485 tests per min.[ 24.3%] Average speed 27.767 tests per milli-second. 1665998 tests per min.[ 24.6%] Average speed 27.793 tests per milli-second. 1667560 tests per min.[ 24.9%] Average speed 27.759 tests per milli-second. 1665563 tests per min.[ 25.2%] Average speed 27.693 tests per milli-second. 1661599 tests per min.[ 25.5%] Average speed 27.703 tests per milli-second. 1662176 tests per min.[ 25.8%] Average speed 27.731 tests per milli-second. 1663838 tests per min.[ 26.1%] Average speed 27.758 tests per milli-second. 1665507 tests per min.[ 26.4%] Average speed 27.798 tests per milli-second. 1667860 tests per min.[ 26.7%] Average speed 27.682 tests per milli-second. 1660943 tests per min.[ 27.0%] Average speed 27.677 tests per milli-second. 1660624 tests per min.[ 27.3%] Average speed 27.709 tests per milli-second. 1662551 tests per min.[ 27.6%] Average speed 27.715 tests per milli-second. 1662878 tests per min.[ 27.9%] Average speed 27.683 tests per milli-second. 1660982 tests per min.[ 28.2%] Average speed 27.773 tests per milli-second. 1666377 tests per min.[ 28.5%] Average speed 27.796 tests per milli-second. 1667777 tests per min.[ 28.8%] Average speed 27.787 tests per milli-second. 1667233 tests per min.[ 29.1%] Average speed 27.766 tests per milli-second. 1665969 tests per min.[ 29.4%] Average speed 27.787 tests per milli-second. 1667239 tests per min.[ 29.7%] Average speed 27.790 tests per milli-second. 1667397 tests per min.[ 30.0%] Average speed 27.784 tests per milli-second. 1667052 tests per min.[ 30.3%] Average speed 27.668 tests per milli-second. 1660064 tests per min.[ 30.6%] Average speed 27.739 tests per milli-second. 1664312 tests per min.[ 30.9%] Average speed 27.742 tests per milli-second. 1664517 tests per min.[ 31.2%] Average speed 27.788 tests per milli-second. 1667302 tests per min.[ 31.5%] Average speed 27.751 tests per milli-second. 1665065 tests per min.[ 31.8%] Average speed 27.831 tests per milli-second. 1669890 tests per min.[ 32.1%] Average speed 27.903 tests per milli-second. 1674199 tests per min.[ 32.4%] Average speed 27.980 tests per milli-second. 1678800 tests per min.[ 32.7%] Average speed 27.978 tests per milli-second. 1678688 tests per min.[ 33.0%] Average speed 27.909 tests per milli-second. 1674535 tests per min.[ 33.3%] Average speed 27.980 tests per milli-second. 1678771 tests per min.[ 33.6%] Average speed 27.978 tests per milli-second. 1678700 tests per min.[ 33.9%] Average speed 28.014 tests per milli-second. 1680843 tests per min.[ 34.2%] Average speed 27.983 tests per milli-second. 1678950 tests per min.[ 34.5%] Average speed 28.019 tests per milli-second. 1681141 tests per min.[ 34.8%] Average speed 28.073 tests per milli-second. 1684351 tests per min.[ 35.1%] Average speed 28.073 tests per milli-second. 1684397 tests per min.[ 35.4%] Average speed 28.106 tests per milli-second. 1686336 tests per min.[ 35.7%] Average speed 28.137 tests per milli-second. 1688245 tests per min.[ 36.0%] Average speed 28.185 tests per milli-second. 1691112 tests per min.[ 36.3%] Average speed 28.211 tests per milli-second. 1692685 tests per min.[ 36.6%] Average speed 28.262 tests per milli-second. 1695709 tests per min.[ 36.9%] Average speed 28.273 tests per milli-second. 1696359 tests per min.[ 37.2%] Average speed 28.283 tests per milli-second. 1696972 tests per min.[ 37.5%] Average speed 28.281 tests per milli-second. 1696866 tests per min.[ 37.8%] Average speed 28.314 tests per milli-second. 1698810 tests per min.[ 38.1%] Average speed 28.339 tests per milli-second. 1700356 tests per min.[ 38.4%] Average speed 28.358 tests per milli-second. 1701451 tests per min.[ 38.7%] Average speed 28.367 tests per milli-second. 1702009 tests per min.[ 39.0%] Average speed 28.334 tests per milli-second. 1700063 tests per min.[ 39.3%] Average speed 28.376 tests per milli-second. 1702551 tests per min.[ 39.6%] Average speed 28.394 tests per milli-second. 1703658 tests per min.[ 39.9%] Average speed 28.380 tests per milli-second. 1702814 tests per min.[ 40.2%] Average speed 28.422 tests per milli-second. 1705330 tests per min.[ 40.5%] Average speed 28.433 tests per milli-second. 1705955 tests per min.[ 40.8%] Average speed 28.499 tests per milli-second. 1709967 tests per min.[ 41.1%] Average speed 28.087 tests per milli-second. 1685228 tests per min.[ 41.4%] Average speed 28.133 tests per milli-second. 1687978 tests per min.[ 41.7%] Average speed 28.114 tests per milli-second. 1686826 tests per min.[ 42.0%] Average speed 28.121 tests per milli-second. 1687251 tests per min.[ 42.3%] Average speed 28.124 tests per milli-second. 1687454 tests per min.[ 42.6%] Average speed 28.136 tests per milli-second. 1688143 tests per min.[ 42.9%] Average speed 28.130 tests per milli-second. 1687787 tests per min.[ 43.2%] Average speed 28.183 tests per milli-second. 1691009 tests per min.[ 43.5%] Average speed 28.225 tests per milli-second. 1693496 tests per min.[ 43.8%] Average speed 28.273 tests per milli-second. 1696381 tests per min.[ 44.1%] Average speed 28.337 tests per milli-second. 1700212 tests per min.[ 44.4%] Average speed 28.385 tests per milli-second. 1703130 tests per min.[ 44.7%] Average speed 28.418 tests per milli-second. 1705097 tests per min.[ 45.0%] Average speed 28.474 tests per milli-second. 1708441 tests per min.[ 45.3%] Average speed 28.515 tests per milli-second. 1710905 tests per min.[ 45.6%] Average speed 28.585 tests per milli-second. 1715101 tests per min.[ 45.9%] Average speed 28.643 tests per milli-second. 1718564 tests per min.[ 46.2%] Average speed 28.687 tests per milli-second. 1721223 tests per min.[ 46.5%] Average speed 28.679 tests per milli-second. 1720714 tests per min.[ 46.8%] Average speed 28.715 tests per milli-second. 1722875 tests per min.[ 47.1%] Average speed 28.764 tests per milli-second. 1725840 tests per min.[ 47.4%] Average speed 28.786 tests per milli-second. 1727148 tests per min.[ 47.7%] Average speed 28.789 tests per milli-second. 1727357 tests per min.[ 48.0%] Average speed 28.788 tests per milli-second. 1727253 tests per min.[ 48.3%] Average speed 28.779 tests per milli-second. 1726766 tests per min.[ 48.6%] Average speed 28.847 tests per milli-second. 1730804 tests per min.[ 48.9%] Average speed 28.845 tests per milli-second. 1730720 tests per min.[ 49.2%] Average speed 28.864 tests per milli-second. 1731855 tests per min.[ 49.5%] Average speed 28.906 tests per milli-second. 1734353 tests per min.[ 49.8%] Average speed 28.949 tests per milli-second. 1736931 tests per min.[ 50.1%] Average speed 29.001 tests per milli-second. 1740074 tests per min.[ 50.4%] Average speed 29.016 tests per milli-second. 1740956 tests per min.[ 50.7%] Average speed 29.038 tests per milli-second. 1742260 tests per min.[ 51.0%] Average speed 29.044 tests per milli-second. 1742665 tests per min.[ 51.3%] Average speed 29.091 tests per milli-second. 1745482 tests per min.[ 51.6%] Average speed 29.116 tests per milli-second. 1746935 tests per min.[ 51.9%] Average speed 29.187 tests per milli-second. 1751209 tests per min.[ 52.2%] Average speed 29.222 tests per milli-second. 1753341 tests per min.[ 52.5%] Average speed 29.234 tests per milli-second. 1754066 tests per min.[ 52.8%] Average speed 29.286 tests per milli-second. 1757138 tests per min.[ 53.1%] Average speed 29.257 tests per milli-second. 1755424 tests per min.[ 53.4%] Average speed 29.298 tests per milli-second. 1757870 tests per min.[ 53.7%] Average speed 29.360 tests per milli-second. 1761589 tests per min.[ 54.0%] Average speed 29.373 tests per milli-second. 1762353 tests per min.[ 54.3%] Average speed 29.413 tests per milli-second. 1764808 tests per min.[ 54.6%] Average speed 29.421 tests per milli-second. 1765283 tests per min.[ 54.9%] Average speed 29.435 tests per milli-second. 1766092 tests per min.[ 55.2%] Average speed 29.460 tests per milli-second. 1767626 tests per min.[ 55.5%] Average speed 29.484 tests per milli-second. 1769036 tests per min.[ 55.8%] Average speed 29.525 tests per milli-second. 1771488 tests per min.[ 56.1%] Average speed 29.598 tests per milli-second. 1775881 tests per min.[ 56.4%] Average speed 29.583 tests per milli-second. 1774954 tests per min.[ 56.7%] Average speed 29.562 tests per milli-second. 1773725 tests per min.[ 57.0%] Average speed 29.548 tests per milli-second. 1772905 tests per min.[ 57.3%] Average speed 29.568 tests per milli-second. 1774075 tests per min.[ 57.6%] Average speed 29.563 tests per milli-second. 1773798 tests per min.[ 57.9%] Average speed 29.605 tests per milli-second. 1776297 tests per min.[ 58.2%] Average speed 29.628 tests per milli-second. 1777708 tests per min.[ 58.5%] Average speed 29.635 tests per milli-second. 1778120 tests per min.[ 58.8%] Average speed 29.624 tests per milli-second. 1777434 tests per min.[ 59.1%] Average speed 29.611 tests per milli-second. 1776689 tests per min.[ 59.4%] Average speed 29.620 tests per milli-second. 1777215 tests per min.[ 59.7%] Average speed 29.650 tests per milli-second. 1779025 tests per min.[ 60.0%] Average speed 29.651 tests per milli-second. 1779065 tests per min.[ 60.3%] Average speed 29.691 tests per milli-second. 1781438 tests per min.[ 60.6%] Average speed 29.681 tests per milli-second. 1780867 tests per min.[ 60.9%] Average speed 29.233 tests per milli-second. 1753974 tests per min.[ 61.2%] Average speed 29.270 tests per milli-second. 1756223 tests per min.[ 61.5%] Average speed 29.273 tests per milli-second. 1756370 tests per min.[ 61.8%] Average speed 29.322 tests per milli-second. 1759343 tests per min.[ 62.1%] Average speed 29.335 tests per milli-second. 1760096 tests per min.[ 62.4%] Average speed 29.353 tests per milli-second. 1761168 tests per min.[ 62.7%] Average speed 29.376 tests per milli-second. 1762558 tests per min.[ 63.0%] Average speed 29.367 tests per milli-second. 1762007 tests per min.[ 63.3%] Average speed 29.374 tests per milli-second. 1762452 tests per min.[ 63.6%] Average speed 29.426 tests per milli-second. 1765572 tests per min.[ 63.9%] Average speed 29.438 tests per milli-second. 1766252 tests per min.[ 64.2%] Average speed 29.479 tests per milli-second. 1768737 tests per min.[ 64.5%] Average speed 29.512 tests per milli-second. 1770722 tests per min.[ 64.8%] Average speed 29.529 tests per milli-second. 1771746 tests per min.[ 65.1%] Average speed 29.560 tests per milli-second. 1773595 tests per min.[ 65.4%] Average speed 29.602 tests per milli-second. 1776095 tests per min.[ 65.7%] Average speed 29.643 tests per milli-second. 1778607 tests per min.[ 66.0%] Average speed 29.702 tests per milli-second. 1782147 tests per min.[ 66.3%] Average speed 29.700 tests per milli-second. 1781987 tests per min.[ 66.6%] Average speed 29.715 tests per milli-second. 1782903 tests per min.[ 66.9%] Average speed 29.721 tests per milli-second. 1783248 tests per min.[ 67.2%] Average speed 29.744 tests per milli-second. 1784649 tests per min.[ 67.5%] Average speed 29.746 tests per milli-second. 1784766 tests per min.[ 67.8%] Average speed 29.769 tests per milli-second. 1786168 tests per min.[ 68.1%] Average speed 29.811 tests per milli-second. 1788646 tests per min.[ 68.4%] Average speed 29.843 tests per milli-second. 1790597 tests per min.[ 68.7%] Average speed 29.857 tests per milli-second. 1791421 tests per min.[ 69.0%] Average speed 29.884 tests per milli-second. 1793061 tests per min.[ 69.3%] Average speed 29.933 tests per milli-second. 1795971 tests per min.[ 69.6%] Average speed 29.942 tests per milli-second. 1796535 tests per min.[ 69.9%] Average speed 29.951 tests per milli-second. 1797057 tests per min.[ 70.2%] Average speed 30.007 tests per milli-second. 1800402 tests per min.[ 70.5%] Average speed 30.031 tests per milli-second. 1801858 tests per min.[ 70.8%] Average speed 30.040 tests per milli-second. 1802401 tests per min.[ 71.1%] Average speed 30.082 tests per milli-second. 1804898 tests per min.[ 71.4%] Average speed 30.083 tests per milli-second. 1805008 tests per min.[ 71.7%] Average speed 30.075 tests per milli-second. 1804486 tests per min.[ 72.0%] Average speed 30.053 tests per milli-second. 1803155 tests per min.[ 72.3%] Average speed 30.054 tests per milli-second. 1803241 tests per min.[ 72.6%] Average speed 30.086 tests per milli-second. 1805176 tests per min.[ 72.9%] Average speed 30.105 tests per milli-second. 1806316 tests per min.[ 73.2%] Average speed 30.137 tests per milli-second. 1808226 tests per min.[ 73.5%] Average speed 30.151 tests per milli-second. 1809075 tests per min.[ 73.8%] Average speed 30.170 tests per milli-second. 1810181 tests per min.[ 74.1%] Average speed 30.178 tests per milli-second. 1810674 tests per min.[ 74.4%] Average speed 30.225 tests per milli-second. 1813495 tests per min.[ 74.7%] Average speed 30.240 tests per milli-second. 1814412 tests per min.[ 75.0%] Average speed 30.264 tests per milli-second. 1815830 tests per min.[ 75.3%] Average speed 30.296 tests per milli-second. 1817745 tests per min.[ 75.6%] Average speed 30.337 tests per milli-second. 1820215 tests per min.[ 75.9%] Average speed 30.369 tests per milli-second. 1822129 tests per min.[ 76.2%] Average speed 30.388 tests per milli-second. 1823294 tests per min.[ 76.5%] Average speed 30.403 tests per milli-second. 1824193 tests per min.[ 76.8%] Average speed 30.418 tests per milli-second. 1825108 tests per min.[ 77.1%] Average speed 30.457 tests per milli-second. 1827397 tests per min.[ 77.4%] Average speed 30.487 tests per milli-second. 1829243 tests per min.[ 77.7%] Average speed 30.482 tests per milli-second. 1828910 tests per min.[ 78.0%] Average speed 30.529 tests per milli-second. 1831712 tests per min.[ 78.3%] Average speed 30.530 tests per milli-second. 1831792 tests per min.[ 78.6%] Average speed 30.575 tests per milli-second. 1834520 tests per min.[ 78.9%] Average speed 30.604 tests per milli-second. 1836232 tests per min.[ 79.2%] Average speed 30.638 tests per milli-second. 1838271 tests per min.[ 79.5%] Average speed 30.667 tests per milli-second. 1840022 tests per min.[ 79.8%] Average speed 30.696 tests per milli-second. 1841781 tests per min.[ 80.1%] Average speed 30.734 tests per milli-second. 1844046 tests per min.[ 80.4%] Average speed 30.728 tests per milli-second. 1843666 tests per min.[ 80.7%] Average speed 30.704 tests per milli-second. 1842260 tests per min.[ 81.0%] Average speed 30.726 tests per milli-second. 1843584 tests per min.[ 81.3%] Average speed 30.770 tests per milli-second. 1846216 tests per min.[ 81.6%] Average speed 30.819 tests per milli-second. 1849155 tests per min.[ 81.9%] Average speed 30.821 tests per milli-second. 1849272 tests per min.[ 82.2%] Average speed 30.844 tests per milli-second. 1850662 tests per min.[ 82.5%] Average speed 30.817 tests per milli-second. 1849040 tests per min.[ 82.8%] Average speed 30.802 tests per milli-second. 1848117 tests per min.[ 83.1%] Average speed 30.821 tests per milli-second. 1849266 tests per min.[ 83.4%] Average speed 30.840 tests per milli-second. 1850370 tests per min.[ 83.7%] Average speed 30.871 tests per milli-second. 1852264 tests per min.[ 84.0%] Average speed 30.873 tests per milli-second. 1852398 tests per min.[ 84.3%] Average speed 30.867 tests per milli-second. 1852011 tests per min.[ 84.6%] Average speed 30.856 tests per milli-second. 1851381 tests per min.[ 84.9%] Average speed 30.896 tests per milli-second. 1853739 tests per min.[ 85.2%] Average speed 30.912 tests per milli-second. 1854698 tests per min.[ 85.5%] Average speed 30.901 tests per milli-second. 1854036 tests per min.[ 85.8%] Average speed 30.928 tests per milli-second. 1855665 tests per min.[ 86.1%] Average speed 30.956 tests per milli-second. 1857332 tests per min.[ 86.4%] Average speed 30.992 tests per milli-second. 1859549 tests per min.[ 86.7%] Average speed 31.032 tests per milli-second. 1861915 tests per min.[ 87.0%] Average speed 31.061 tests per milli-second. 1863669 tests per min.[ 87.3%] Average speed 31.062 tests per milli-second. 1863747 tests per min.[ 87.6%] Average speed 31.094 tests per milli-second. 1865621 tests per min.[ 87.9%] Average speed 31.092 tests per milli-second. 1865538 tests per min.[ 88.2%] Average speed 31.071 tests per milli-second. 1864250 tests per min.[ 88.5%] Average speed 31.082 tests per milli-second. 1864920 tests per min.[ 88.8%] Average speed 31.076 tests per milli-second. 1864563 tests per min.[ 89.1%] Average speed 31.091 tests per milli-second. 1865443 tests per min.[ 89.4%] Average speed 31.091 tests per milli-second. 1865455 tests per min.[ 89.7%] Average speed 31.082 tests per milli-second. 1864917 tests per min.[ 90.0%] Average speed 31.059 tests per milli-second. 1863537 tests per min.[ 90.3%] Average speed 31.048 tests per milli-second. 1862868 tests per min.[ 90.6%] Average speed 31.073 tests per milli-second. 1864401 tests per min.[ 90.9%] Average speed 31.088 tests per milli-second. 1865253 tests per min.[ 91.2%] Average speed 31.109 tests per milli-second. 1866558 tests per min.[ 91.5%] Average speed 31.134 tests per milli-second. 1868015 tests per min.[ 91.8%] Average speed 31.143 tests per milli-second. 1868553 tests per min.[ 92.1%] Average speed 31.152 tests per milli-second. 1869137 tests per min.[ 92.4%] Average speed 31.177 tests per milli-second. 1870618 tests per min.[ 92.7%] Average speed 31.158 tests per milli-second. 1869471 tests per min.[ 93.0%] Average speed 31.160 tests per milli-second. 1869601 tests per min.[ 93.3%] Average speed 31.162 tests per milli-second. 1869733 tests per min.[ 93.6%] Average speed 31.171 tests per milli-second. 1870279 tests per min.[ 93.9%] Average speed 31.176 tests per milli-second. 1870577 tests per min.[ 94.2%] Average speed 31.183 tests per milli-second. 1870969 tests per min.[ 94.5%] Average speed 31.192 tests per milli-second. 1871541 tests per min.[ 94.8%] Average speed 31.187 tests per milli-second. 1871247 tests per min.[ 95.1%] Average speed 31.208 tests per milli-second. 1872492 tests per min.[ 95.4%] Average speed 31.188 tests per milli-second. 1871290 tests per min.[ 95.7%] Average speed 31.177 tests per milli-second. 1870592 tests per min.[ 96.0%] Average speed 31.191 tests per milli-second. 1871452 tests per min.[ 96.3%] Average speed 31.214 tests per milli-second. 1872859 tests per min.[ 96.6%] Average speed 31.224 tests per milli-second. 1873464 tests per min.[ 96.9%] Average speed 31.194 tests per milli-second. 1871646 tests per min.[ 97.2%] Average speed 31.230 tests per milli-second. 1873801 tests per min.[ 97.5%] Average speed 31.240 tests per milli-second. 1874408 tests per min.[ 97.8%] Average speed 31.261 tests per milli-second. 1875641 tests per min.[ 98.1%] Average speed 31.264 tests per milli-second. 1875820 tests per min.[ 98.4%] Average speed 31.256 tests per milli-second. 1875353 tests per min.[ 98.7%] Average speed 31.275 tests per milli-second. 1876525 tests per min.[ 99.0%] Average speed 31.264 tests per milli-second. 1875860 tests per min.[ 99.3%] Average speed 31.266 tests per milli-second. 1875978 tests per min.[ 99.6%] Average speed 31.276 tests per milli-second. 1876583 tests per min.[ 99.9%] Average speed 31.296 tests per milli-second. 1877745 tests per min.[100.0%] Average speed 31.286 tests per milli-second. 1877131 tests per min.

Tests run: 1, Failures: 0, Errors: 0, Skipped: 0, Time elapsed: 0.345 sec - in com.shapesecurity.shift.es2017.fuzzer.FuzzerTest
Running com.shapesecurity.shift.es2017.template.ApplyTemplateTest
Tests run: 8, Failures: 0, Errors: 0, Skipped: 0, Time elapsed: 0.022 sec - in com.shapesecurity.shift.es2017.template.ApplyTemplateTest
Running com.shapesecurity.shift.es2017.template.ApplyStructuredTemplateTest
Tests run: 1, Failures: 0, Errors: 0, Skipped: 0, Time elapsed: 0.016 sec - in com.shapesecurity.shift.es2017.template.ApplyStructuredTemplateTest
Running com.shapesecurity.shift.es2017.template.FindNodesTest
Tests run: 15, Failures: 0, Errors: 0, Skipped: 0, Time elapsed: 0.005 sec - in com.shapesecurity.shift.es2017.template.FindNodesTest
Running com.shapesecurity.shift.es2017.scope.ScopeLookupTest
Tests run: 4, Failures: 0, Errors: 0, Skipped: 0, Time elapsed: 0.018 sec - in com.shapesecurity.shift.es2017.scope.ScopeLookupTest
Running com.shapesecurity.shift.es2017.scope.ScopeSerializerTest
Tests run: 7, Failures: 0, Errors: 0, Skipped: 0, Time elapsed: 0.005 sec - in com.shapesecurity.shift.es2017.scope.ScopeSerializerTest
Running com.shapesecurity.shift.es2017.scope.ScopeTest
Tests run: 39, Failures: 0, Errors: 0, Skipped: 0, Time elapsed: 0.026 sec - in com.shapesecurity.shift.es2017.scope.ScopeTest
Running com.shapesecurity.shift.es2017.validator.ValidatorTest
Tests run: 23, Failures: 0, Errors: 0, Skipped: 0, Time elapsed: 0.022 sec - in com.shapesecurity.shift.es2017.validator.ValidatorTest
Running com.shapesecurity.shift.es2017.Serialization.DeserializerTest
Tests run: 52, Failures: 0, Errors: 0, Skipped: 0, Time elapsed: 0.071 sec - in com.shapesecurity.shift.es2017.Serialization.DeserializerTest
Running com.shapesecurity.shift.es2017.integration.IntegrationTest
Fuzzer ran for 5 seconds and generated all valid ASTs.
Tests run: 4, Failures: 0, Errors: 0, Skipped: 0, Time elapsed: 5.003 sec - in com.shapesecurity.shift.es2017.integration.IntegrationTest

Results :

Tests in error: 
  EarlyTest.data:117  NullPointer
  FailTest.data:46  NullPointer
  PassTest.data:178  NullPointer
  Test262.testTest262:187  NoSuchFile src/test/resources/test262/test
  AsyncAwaitTest.testAwait:81  Js JavaScript error: Line 1 Column 20 (Index = 2...

Tests run: 407, Failures: 0, Errors: 5, Skipped: 0

[INFO] ------------------------------------------------------------------------
[INFO] BUILD FAILURE
[INFO] ------------------------------------------------------------------------
[INFO] Total time: 11.272 s
[INFO] Finished at: 2020-03-13T20:50:33-07:00
[INFO] Final Memory: 39M/1237M
[INFO] ------------------------------------------------------------------------
[ERROR] Failed to execute goal org.apache.maven.plugins:maven-surefire-plugin:2.17:test (default-test) on project es2017: There are test failures.
[ERROR] 
[ERROR] Please refer to /bam/scratch/tmp-rta/Bears_shapesecurity-shift-java_455763022-456154969_java-8/target/surefire-reports for the individual test results.
[ERROR] -> [Help 1]
[ERROR] 
[ERROR] To see the full stack trace of the errors, re-run Maven with the -e switch.
[ERROR] Re-run Maven using the -X switch to enable full debug logging.
[ERROR] 
[ERROR] For more information about the errors and possible solutions, please read the following articles:
[ERROR] [Help 1] http://cwiki.apache.org/confluence/display/MAVEN/MojoFailureException
