Picked up JAVA_TOOL_OPTIONS: -XX:CICompilerCount=2 -XX:ParallelGCThreads=2 -XX:ConcGCThreads=2 -Djdk.net.URLClassPath.disableClassPathURLCheck=true 
Picked up _JAVA_OPTIONS: -Djdk.net.URLClassPath.disableClassPathURLCheck=true
[INFO] Scanning for projects...
[INFO] 
[INFO] [1m------------------------------------------------------------------------[m
[INFO] [1mBuilding median-fcf701e8bed9c75a4cc52a990a577eb0204d7aadf138a4cad08726a847d66e77126f95f06f839ec9224b7e8a887b873fe0d4b6f4311b4e8bd2a36e5028d1feca-002 0.0.1-SNAPSHOT[m
[INFO] [1m------------------------------------------------------------------------[m
[INFO] 
[INFO] [1m--- [0;32mmaven-resources-plugin:2.6:resources[m [1m(default-resources)[m @ [36mintroclassJava[0;1m ---[m
[WARNING] Using platform encoding (UTF-8 actually) to copy filtered resources, i.e. build is platform dependent!
[INFO] skip non existing resourceDirectory /scratch/tmp-rta/IntroClassJava_median_fcf701e8bed9c75a4cc52a990a577eb0204d7aadf138a4cad08726a847d66e77126f95f06f839ec9224b7e8a887b873fe0d4b6f4311b4e8bd2a36e5028d1feca-002_java-8/src/main/resources
[INFO] 
[INFO] [1m--- [0;32mmaven-compiler-plugin:3.1:compile[m [1m(default-compile)[m @ [36mintroclassJava[0;1m ---[m
[INFO] Nothing to compile - all classes are up to date
[INFO] 
[INFO] [1m--- [0;32mmaven-resources-plugin:2.6:testResources[m [1m(default-testResources)[m @ [36mintroclassJava[0;1m ---[m
[WARNING] Using platform encoding (UTF-8 actually) to copy filtered resources, i.e. build is platform dependent!
[INFO] skip non existing resourceDirectory /scratch/tmp-rta/IntroClassJava_median_fcf701e8bed9c75a4cc52a990a577eb0204d7aadf138a4cad08726a847d66e77126f95f06f839ec9224b7e8a887b873fe0d4b6f4311b4e8bd2a36e5028d1feca-002_java-8/src/test/resources
[INFO] 
[INFO] [1m--- [0;32mmaven-compiler-plugin:3.1:testCompile[m [1m(default-testCompile)[m @ [36mintroclassJava[0;1m ---[m
[INFO] Nothing to compile - all classes are up to date
[INFO] 
[INFO] [1m--- [0;32mmaven-surefire-plugin:2.12.4:test[m [1m(default-test)[m @ [36mintroclassJava[0;1m ---[m
[INFO] Surefire report directory: /scratch/tmp-rta/IntroClassJava_median_fcf701e8bed9c75a4cc52a990a577eb0204d7aadf138a4cad08726a847d66e77126f95f06f839ec9224b7e8a887b873fe0d4b6f4311b4e8bd2a36e5028d1feca-002_java-8/target/surefire-reports

-------------------------------------------------------
 T E S T S
-------------------------------------------------------
Picked up JAVA_TOOL_OPTIONS: -XX:CICompilerCount=2 -XX:ParallelGCThreads=2 -XX:ConcGCThreads=2 -Djdk.net.URLClassPath.disableClassPathURLCheck=true -XX:CICompilerCount=2 -XX:ParallelGCThreads=2 -XX:ConcGCThreads=2 -Djdk.net.URLClassPath.disableClassPathURLCheck=true 
Picked up _JAVA_OPTIONS: -Djdk.net.URLClassPath.disableClassPathURLCheck=true
Running introclassJava.median_fcf701e8_002WhiteboxTest
Tests run: 6, Failures: 3, Errors: 0, Skipped: 0, Time elapsed: 0.087 sec <<< FAILURE!
test1(introclassJava.median_fcf701e8_002WhiteboxTest)  Time elapsed: 0.036 sec  <<< FAILURE!
org.junit.ComparisonFailure: expected:<...rsseparatedbyspaces>[0isthemedian]> but was:<...rsseparatedbyspaces>[]>
	at org.junit.Assert.assertEquals(Assert.java:115)
	at org.junit.Assert.assertEquals(Assert.java:144)
	at introclassJava.median_fcf701e8_002WhiteboxTest.test1(median_fcf701e8_002WhiteboxTest.java:14)
	at sun.reflect.NativeMethodAccessorImpl.invoke0(Native Method)
	at sun.reflect.NativeMethodAccessorImpl.invoke(NativeMethodAccessorImpl.java:62)
	at sun.reflect.DelegatingMethodAccessorImpl.invoke(DelegatingMethodAccessorImpl.java:43)
	at java.lang.reflect.Method.invoke(Method.java:498)
	at org.junit.runners.model.FrameworkMethod$1.runReflectiveCall(FrameworkMethod.java:47)
	at org.junit.internal.runners.model.ReflectiveCallable.run(ReflectiveCallable.java:12)
	at org.junit.runners.model.FrameworkMethod.invokeExplosively(FrameworkMethod.java:44)
	at org.junit.internal.runners.statements.InvokeMethod.evaluate(InvokeMethod.java:17)
	at org.junit.internal.runners.statements.FailOnTimeout$StatementThread.run(FailOnTimeout.java:74)

test3(introclassJava.median_fcf701e8_002WhiteboxTest)  Time elapsed: 0.003 sec  <<< FAILURE!
org.junit.ComparisonFailure: expected:<...rsseparatedbyspaces>[0isthemedian]> but was:<...rsseparatedbyspaces>[]>
	at org.junit.Assert.assertEquals(Assert.java:115)
	at org.junit.Assert.assertEquals(Assert.java:144)
	at introclassJava.median_fcf701e8_002WhiteboxTest.test3(median_fcf701e8_002WhiteboxTest.java:32)
	at sun.reflect.NativeMethodAccessorImpl.invoke0(Native Method)
	at sun.reflect.NativeMethodAccessorImpl.invoke(NativeMethodAccessorImpl.java:62)
	at sun.reflect.DelegatingMethodAccessorImpl.invoke(DelegatingMethodAccessorImpl.java:43)
	at java.lang.reflect.Method.invoke(Method.java:498)
	at org.junit.runners.model.FrameworkMethod$1.runReflectiveCall(FrameworkMethod.java:47)
	at org.junit.internal.runners.model.ReflectiveCallable.run(ReflectiveCallable.java:12)
	at org.junit.runners.model.FrameworkMethod.invokeExplosively(FrameworkMethod.java:44)
	at org.junit.internal.runners.statements.InvokeMethod.evaluate(InvokeMethod.java:17)
	at org.junit.internal.runners.statements.FailOnTimeout$StatementThread.run(FailOnTimeout.java:74)

test4(introclassJava.median_fcf701e8_002WhiteboxTest)  Time elapsed: 0.004 sec  <<< FAILURE!
org.junit.ComparisonFailure: expected:<...rsseparatedbyspaces>[0isthemedian]> but was:<...rsseparatedbyspaces>[]>
	at org.junit.Assert.assertEquals(Assert.java:115)
	at org.junit.Assert.assertEquals(Assert.java:144)
	at introclassJava.median_fcf701e8_002WhiteboxTest.test4(median_fcf701e8_002WhiteboxTest.java:41)
	at sun.reflect.NativeMethodAccessorImpl.invoke0(Native Method)
	at sun.reflect.NativeMethodAccessorImpl.invoke(NativeMethodAccessorImpl.java:62)
	at sun.reflect.DelegatingMethodAccessorImpl.invoke(DelegatingMethodAccessorImpl.java:43)
	at java.lang.reflect.Method.invoke(Method.java:498)
	at org.junit.runners.model.FrameworkMethod$1.runReflectiveCall(FrameworkMethod.java:47)
	at org.junit.internal.runners.model.ReflectiveCallable.run(ReflectiveCallable.java:12)
	at org.junit.runners.model.FrameworkMethod.invokeExplosively(FrameworkMethod.java:44)
	at org.junit.internal.runners.statements.InvokeMethod.evaluate(InvokeMethod.java:17)
	at org.junit.internal.runners.statements.FailOnTimeout$StatementThread.run(FailOnTimeout.java:74)

Running introclassJava.median_fcf701e8_002BlackboxTest
Tests run: 7, Failures: 1, Errors: 0, Skipped: 0, Time elapsed: 0.008 sec <<< FAILURE!
test7(introclassJava.median_fcf701e8_002BlackboxTest)  Time elapsed: 0.003 sec  <<< FAILURE!
org.junit.ComparisonFailure: expected:<...rsseparatedbyspaces>[9isthemedian]> but was:<...rsseparatedbyspaces>[]>
	at org.junit.Assert.assertEquals(Assert.java:115)
	at org.junit.Assert.assertEquals(Assert.java:144)
	at introclassJava.median_fcf701e8_002BlackboxTest.test7(median_fcf701e8_002BlackboxTest.java:68)
	at sun.reflect.NativeMethodAccessorImpl.invoke0(Native Method)
	at sun.reflect.NativeMethodAccessorImpl.invoke(NativeMethodAccessorImpl.java:62)
	at sun.reflect.DelegatingMethodAccessorImpl.invoke(DelegatingMethodAccessorImpl.java:43)
	at java.lang.reflect.Method.invoke(Method.java:498)
	at org.junit.runners.model.FrameworkMethod$1.runReflectiveCall(FrameworkMethod.java:47)
	at org.junit.internal.runners.model.ReflectiveCallable.run(ReflectiveCallable.java:12)
	at org.junit.runners.model.FrameworkMethod.invokeExplosively(FrameworkMethod.java:44)
	at org.junit.internal.runners.statements.InvokeMethod.evaluate(InvokeMethod.java:17)
	at org.junit.internal.runners.statements.FailOnTimeout$StatementThread.run(FailOnTimeout.java:74)


Results :

Failed tests:   test1(introclassJava.median_fcf701e8_002WhiteboxTest): expected:<...rsseparatedbyspaces>[0isthemedian]> but was:<...rsseparatedbyspaces>[]>
  test3(introclassJava.median_fcf701e8_002WhiteboxTest): expected:<...rsseparatedbyspaces>[0isthemedian]> but was:<...rsseparatedbyspaces>[]>
  test4(introclassJava.median_fcf701e8_002WhiteboxTest): expected:<...rsseparatedbyspaces>[0isthemedian]> but was:<...rsseparatedbyspaces>[]>
  test7(introclassJava.median_fcf701e8_002BlackboxTest): expected:<...rsseparatedbyspaces>[9isthemedian]> but was:<...rsseparatedbyspaces>[]>

Tests run: 13, Failures: 4, Errors: 0, Skipped: 0

[INFO] [1m------------------------------------------------------------------------[m
[INFO] [1;31mBUILD FAILURE[m
[INFO] [1m------------------------------------------------------------------------[m
[INFO] Total time: 2.040 s
[INFO] Finished at: 2020-03-14T01:45:10-07:00
[INFO] Final Memory: 25M/1963M
[INFO] [1m------------------------------------------------------------------------[m
[ERROR] Failed to execute goal [32morg.apache.maven.plugins:maven-surefire-plugin:2.12.4:test[m [1m(default-test)[m on project [36mintroclassJava[m: [1;31mThere are test failures.[m
[ERROR] [1;31m[m
[ERROR] [1;31mPlease refer to /scratch/tmp-rta/IntroClassJava_median_fcf701e8bed9c75a4cc52a990a577eb0204d7aadf138a4cad08726a847d66e77126f95f06f839ec9224b7e8a887b873fe0d4b6f4311b4e8bd2a36e5028d1feca-002_java-8/target/surefire-reports for the individual test results.[m
[ERROR] -> [1m[Help 1][m
[ERROR] 
[ERROR] To see the full stack trace of the errors, re-run Maven with the [1m-e[m switch.
[ERROR] Re-run Maven using the [1m-X[m switch to enable full debug logging.
[ERROR] 
[ERROR] For more information about the errors and possible solutions, please read the following articles:
[ERROR] [1m[Help 1][m http://cwiki.apache.org/confluence/display/MAVEN/MojoFailureException
