Picked up JAVA_TOOL_OPTIONS: -XX:CICompilerCount=2 -XX:ParallelGCThreads=2 -XX:ConcGCThreads=2 -Djdk.net.URLClassPath.disableClassPathURLCheck=true 
Picked up _JAVA_OPTIONS: -Djdk.net.URLClassPath.disableClassPathURLCheck=true
Apache Maven 3.5.0 (Red Hat 3.5.0-4.3)
Maven home: /opt/rh/rh-maven35/root/usr/share/maven
Java version: 1.7.0_80, vendor: Oracle Corporation
Java home: /scratch/jmcampos/RTA/repair_them_all_framework/jdks/jdk1.7.0_80/jre
Default locale: en_US, platform encoding: UTF-8
OS name: "linux", version: "4.14.125-1.el7.retpoline.x86_64", arch: "amd64", family: "unix"
[INFO] Scanning for projects...
[INFO] 
[INFO] ------------------------------------------------------------------------
[INFO] Building Wicket Extensions 6.0-SNAPSHOT
[INFO] ------------------------------------------------------------------------
[INFO] Downloading: http://repository.apache.org/snapshots/org/apache/wicket/wicket-core/6.0-SNAPSHOT/maven-metadata.xml
[INFO] Downloaded: http://repository.apache.org/snapshots/org/apache/wicket/wicket-core/6.0-SNAPSHOT/maven-metadata.xml (1.4 kB at 3.1 kB/s)
[INFO] Downloading: http://repository.apache.org/snapshots/org/apache/wicket/wicket-parent/6.0-SNAPSHOT/maven-metadata.xml
[INFO] Downloaded: http://repository.apache.org/snapshots/org/apache/wicket/wicket-parent/6.0-SNAPSHOT/maven-metadata.xml (609 B at 622 B/s)
[INFO] Downloading: http://repository.apache.org/snapshots/org/apache/wicket/wicket-util/6.0-SNAPSHOT/maven-metadata.xml
[INFO] Downloaded: http://repository.apache.org/snapshots/org/apache/wicket/wicket-util/6.0-SNAPSHOT/maven-metadata.xml (1.4 kB at 4.3 kB/s)
[INFO] Downloading: http://repository.apache.org/snapshots/org/apache/wicket/wicket-request/6.0-SNAPSHOT/maven-metadata.xml
[INFO] Downloaded: http://repository.apache.org/snapshots/org/apache/wicket/wicket-request/6.0-SNAPSHOT/maven-metadata.xml (1.4 kB at 4.4 kB/s)
[INFO] 
[INFO] --- maven-remote-resources-plugin:1.2.1:process (default) @ wicket-extensions ---
[INFO] 
[INFO] --- maven-resources-plugin:2.5:resources (default-resources) @ wicket-extensions ---
[debug] execute contextualize
[INFO] Using 'UTF-8' encoding to copy filtered resources.
[INFO] Copying 115 resources
[INFO] skip non existing resourceDirectory /tmp/Bugs.jar_Wicket_1f128536_java-7/wicket-extensions/src/main/resources
[INFO] Copying 3 resources
[INFO] 
[INFO] --- maven-compiler-plugin:2.3.2:compile (default-compile) @ wicket-extensions ---
[INFO] Nothing to compile - all classes are up to date
[INFO] 
[INFO] --- maven-bundle-plugin:2.2.0:manifest (bundle-manifest) @ wicket-extensions ---
[WARNING] Warning in manifest for org.apache.wicket:wicket-extensions:jar:6.0-SNAPSHOT : Superfluous export-package instructions: [org.apache.wicket.extensions.markup.html.repeater, org.apache.wicket.extensions.markup.html.image, org.apache.wicket.extensions.markup, org.apache, org.apache.wicket.extensions.ajax.markup, org.apache.wicket.extensions.markup.html, org.apache.wicket.extensions.markup.html.repeater.data, org.apache.wicket, org.apache.wicket.extensions.captcha, org.apache.wicket.extensions.util, org.apache.wicket.extensions.ajax, org, org.apache.wicket.extensions.validation, org.apache.wicket.extensions.ajax.markup.html.repeater.data, org.apache.wicket.extensions.ajax.markup.html.form, org.apache.wicket.extensions.ajax.markup.html.repeater]
[INFO] 
[INFO] --- maven-resources-plugin:2.5:testResources (default-testResources) @ wicket-extensions ---
[debug] execute contextualize
[INFO] Using 'UTF-8' encoding to copy filtered resources.
[INFO] Copying 5 resources
[INFO] Copying 3 resources
[INFO] 
[INFO] --- maven-compiler-plugin:2.3.2:testCompile (default-testCompile) @ wicket-extensions ---
[INFO] Nothing to compile - all classes are up to date
[INFO] 
[INFO] --- maven-surefire-plugin:2.10:test (default-test) @ wicket-extensions ---
[INFO] Surefire report directory: /tmp/Bugs.jar_Wicket_1f128536_java-7/wicket-extensions/target/surefire-reports
[INFO] Downloading: https://repo.maven.apache.org/maven2/org/apache/maven/surefire/surefire-junit4/2.10/surefire-junit4-2.10.pom
[INFO] Downloaded: https://repo.maven.apache.org/maven2/org/apache/maven/surefire/surefire-junit4/2.10/surefire-junit4-2.10.pom (2.6 kB at 5.9 kB/s)
[INFO] Downloading: https://repo.maven.apache.org/maven2/org/apache/maven/surefire/surefire-providers/2.10/surefire-providers-2.10.pom
[INFO] Downloaded: https://repo.maven.apache.org/maven2/org/apache/maven/surefire/surefire-providers/2.10/surefire-providers-2.10.pom (2.3 kB at 162 kB/s)
[INFO] Downloading: https://repo.maven.apache.org/maven2/org/apache/maven/surefire/surefire-junit4/2.10/surefire-junit4-2.10.jar
[INFO] Downloaded: https://repo.maven.apache.org/maven2/org/apache/maven/surefire/surefire-junit4/2.10/surefire-junit4-2.10.jar (33 kB at 170 kB/s)

-------------------------------------------------------
 T E S T S
-------------------------------------------------------
Picked up JAVA_TOOL_OPTIONS: -XX:CICompilerCount=2 -XX:ParallelGCThreads=2 -XX:ConcGCThreads=2 -Djdk.net.URLClassPath.disableClassPathURLCheck=true -XX:CICompilerCount=2 -XX:ParallelGCThreads=2 -XX:ConcGCThreads=2 -Djdk.net.URLClassPath.disableClassPathURLCheck=true 
Picked up _JAVA_OPTIONS: -Djdk.net.URLClassPath.disableClassPathURLCheck=true
Running org.apache.wicket.extensions.ajax.markup.html.AjaxEditableTest
Tests run: 4, Failures: 1, Errors: 0, Skipped: 0, Time elapsed: 0.848 sec <<< FAILURE!
Running org.apache.wicket.extensions.markup.html.repeater.data.table.DataTableTest
Tests run: 3, Failures: 0, Errors: 0, Skipped: 0, Time elapsed: 1.244 sec
Running org.apache.wicket.extensions.markup.html.form.palette.PaletteTest
Tests run: 3, Failures: 0, Errors: 0, Skipped: 0, Time elapsed: 0.561 sec
Running org.apache.wicket.extensions.markup.html.tree.MoveChildToParentNodeMarkedForRecreationTest
Tests run: 1, Failures: 0, Errors: 0, Skipped: 0, Time elapsed: 0.1 sec
Running org.apache.wicket.extensions.markup.html.basic.DefaultLinkParserTest
Tests run: 3, Failures: 0, Errors: 0, Skipped: 0, Time elapsed: 0.007 sec
Running org.apache.wicket.extensions.markup.html.upload.UploadFormWithProgressBarTest
Tests run: 1, Failures: 0, Errors: 0, Skipped: 0, Time elapsed: 0.116 sec
Running org.apache.wicket.extensions.markup.html.image.resource.ThumbnailImageResourceTest
Tests run: 1, Failures: 0, Errors: 0, Skipped: 0, Time elapsed: 0.324 sec
Running org.apache.wicket.extensions.markup.html.AjaxLazyLoadPanelTesterTest
Tests run: 1, Failures: 0, Errors: 0, Skipped: 0, Time elapsed: 0.034 sec
Running org.apache.wicket.extensions.wizard.WizardModelTest
Tests run: 1, Failures: 0, Errors: 0, Skipped: 0, Time elapsed: 0.006 sec
Running org.apache.wicket.extensions.validation.validator.RfcCompliantEmailValidatorTest
Tests run: 2, Failures: 0, Errors: 0, Skipped: 0, Time elapsed: 0.012 sec
Running org.apache.wicket.util.license.ApacheLicenceHeaderTest
Tests run: 1, Failures: 0, Errors: 0, Skipped: 0, Time elapsed: 0.221 sec
Running org.apache.wicket.util.markup.xhtml.WellFormedXmlTest
Tests run: 1, Failures: 0, Errors: 0, Skipped: 0, Time elapsed: 0.086 sec

Results :

Failed tests:   testModelObjectClassInference(org.apache.wicket.extensions.ajax.markup.html.AjaxEditableTest)

Tests run: 22, Failures: 1, Errors: 0, Skipped: 0

[INFO] ------------------------------------------------------------------------
[INFO] BUILD FAILURE
[INFO] ------------------------------------------------------------------------
[INFO] Total time: 10.793 s
[INFO] Finished at: 2020-03-09T04:11:09-07:00
[INFO] Final Memory: 21M/982M
[INFO] ------------------------------------------------------------------------
[ERROR] Failed to execute goal org.apache.maven.plugins:maven-surefire-plugin:2.10:test (default-test) on project wicket-extensions: There are test failures.
[ERROR] 
[ERROR] Please refer to /tmp/Bugs.jar_Wicket_1f128536_java-7/wicket-extensions/target/surefire-reports for the individual test results.
[ERROR] -> [Help 1]
[ERROR] 
[ERROR] To see the full stack trace of the errors, re-run Maven with the -e switch.
[ERROR] Re-run Maven using the -X switch to enable full debug logging.
[ERROR] 
[ERROR] For more information about the errors and possible solutions, please read the following articles:
[ERROR] [Help 1] http://cwiki.apache.org/confluence/display/MAVEN/MojoFailureException
