Picked up JAVA_TOOL_OPTIONS: -XX:CICompilerCount=2 -XX:ParallelGCThreads=2 -XX:ConcGCThreads=2 -Djdk.net.URLClassPath.disableClassPathURLCheck=true 
Java HotSpot(TM) 64-Bit Server VM warning: ignoring option MaxPermSize=512m; support was removed in 8.0
Picked up _JAVA_OPTIONS: -Djdk.net.URLClassPath.disableClassPathURLCheck=true
Apache Maven 3.5.0 (Red Hat 3.5.0-4.3)
Maven home: /opt/rh/rh-maven35/root/usr/share/maven
Java version: 1.8.0_181, vendor: Oracle Corporation
Java home: /boom/scratch/jmcampos/RTA/repair_them_all_framework/jdks/jdk1.8.0_181/jre
Default locale: en_US, platform encoding: UTF-8
OS name: "linux", version: "4.14.147-1.el7.retpoline.x86_64", arch: "amd64", family: "unix"
[INFO] Scanning for projects...
[INFO] Downloading: https://repo.maven.apache.org/maven2/org/apache/maven/wagon/wagon-ssh/maven-metadata.xml
[INFO] Downloaded: https://repo.maven.apache.org/maven2/org/apache/maven/wagon/wagon-ssh/maven-metadata.xml (1.4 kB at 6.5 kB/s)
[WARNING] 
[WARNING] Some problems were encountered while building the effective model for fr.inria.gforge.spoon:spoon-core:jar:7.2.0-SNAPSHOT
[WARNING] 'build.plugins.plugin.version' for org.pitest:pitest-maven is missing. @ line 564, column 15
[WARNING] 
[WARNING] It is highly recommended to fix these problems because they threaten the stability of your build.
[WARNING] 
[WARNING] For this reason, future Maven versions might no longer support building such malformed projects.
[WARNING] 
[INFO] Inspecting build with total of 1 modules...
[INFO] Installing Nexus Staging features:
[INFO]   ... total of 1 executions of maven-deploy-plugin replaced with nexus-staging-maven-plugin
[INFO] 
[INFO] ------------------------------------------------------------------------
[INFO] Building Spoon Core 7.2.0-SNAPSHOT
[INFO] ------------------------------------------------------------------------
[INFO] Downloading: https://repo.maven.apache.org/maven2/org/pitest/pitest-maven/maven-metadata.xml
[INFO] Downloaded: https://repo.maven.apache.org/maven2/org/pitest/pitest-maven/maven-metadata.xml (1.8 kB at 221 B/s)
[INFO] Downloading: https://repo.maven.apache.org/maven2/com/mycila/license-maven-plugin/maven-metadata.xml
[INFO] Downloaded: https://repo.maven.apache.org/maven2/com/mycila/license-maven-plugin/maven-metadata.xml (685 B at 173 B/s)
[INFO] Downloading: http://maven.inria.fr/artifactory/spoon-public-snapshot/org/eclipse/platform/org.eclipse.core.resources/maven-metadata.xml
[INFO] Downloading: http://maven.inria.fr/artifactory/triskell-public-release/org/eclipse/platform/org.eclipse.core.resources/maven-metadata.xml
[INFO] Downloading: https://repo.maven.apache.org/maven2/org/eclipse/platform/org.eclipse.core.resources/maven-metadata.xml
[INFO] Downloading: https://oss.sonatype.org/content/repositories/snapshots/org/eclipse/platform/org.eclipse.core.resources/maven-metadata.xml
[INFO] Downloaded: https://repo.maven.apache.org/maven2/org/eclipse/platform/org.eclipse.core.resources/maven-metadata.xml (628 B at 140 B/s)
[INFO] Downloading: https://oss.sonatype.org/content/repositories/snapshots/org/eclipse/platform/org.eclipse.core.expressions/maven-metadata.xml
[INFO] Downloading: http://maven.inria.fr/artifactory/spoon-public-snapshot/org/eclipse/platform/org.eclipse.core.expressions/maven-metadata.xml
[INFO] Downloading: http://maven.inria.fr/artifactory/triskell-public-release/org/eclipse/platform/org.eclipse.core.expressions/maven-metadata.xml
[INFO] Downloading: https://repo.maven.apache.org/maven2/org/eclipse/platform/org.eclipse.core.expressions/maven-metadata.xml
[INFO] Downloaded: https://repo.maven.apache.org/maven2/org/eclipse/platform/org.eclipse.core.expressions/maven-metadata.xml (590 B at 12 kB/s)
[INFO] Downloading: http://maven.inria.fr/artifactory/triskell-public-release/org/eclipse/platform/org.eclipse.core.runtime/maven-metadata.xml
[INFO] Downloading: https://oss.sonatype.org/content/repositories/snapshots/org/eclipse/platform/org.eclipse.core.runtime/maven-metadata.xml
[INFO] Downloading: https://repo.maven.apache.org/maven2/org/eclipse/platform/org.eclipse.core.runtime/maven-metadata.xml
[INFO] Downloading: http://maven.inria.fr/artifactory/spoon-public-snapshot/org/eclipse/platform/org.eclipse.core.runtime/maven-metadata.xml
[INFO] Downloaded: https://repo.maven.apache.org/maven2/org/eclipse/platform/org.eclipse.core.runtime/maven-metadata.xml (616 B at 38 kB/s)
[INFO] Downloading: http://maven.inria.fr/artifactory/spoon-public-snapshot/org/eclipse/platform/org.eclipse.osgi/maven-metadata.xml
[INFO] Downloading: http://maven.inria.fr/artifactory/triskell-public-release/org/eclipse/platform/org.eclipse.osgi/maven-metadata.xml
[INFO] Downloading: https://oss.sonatype.org/content/repositories/snapshots/org/eclipse/platform/org.eclipse.osgi/maven-metadata.xml
[INFO] Downloading: https://repo.maven.apache.org/maven2/org/eclipse/platform/org.eclipse.osgi/maven-metadata.xml
[INFO] Downloaded: https://repo.maven.apache.org/maven2/org/eclipse/platform/org.eclipse.osgi/maven-metadata.xml (713 B at 38 B/s)
[INFO] Downloading: http://maven.inria.fr/artifactory/spoon-public-snapshot/org/eclipse/platform/org.eclipse.equinox.common/maven-metadata.xml
[INFO] Downloading: https://repo.maven.apache.org/maven2/org/eclipse/platform/org.eclipse.equinox.common/maven-metadata.xml
[INFO] Downloading: http://maven.inria.fr/artifactory/triskell-public-release/org/eclipse/platform/org.eclipse.equinox.common/maven-metadata.xml
[INFO] Downloading: https://oss.sonatype.org/content/repositories/snapshots/org/eclipse/platform/org.eclipse.equinox.common/maven-metadata.xml
[INFO] Downloaded: https://repo.maven.apache.org/maven2/org/eclipse/platform/org.eclipse.equinox.common/maven-metadata.xml (626 B at 70 kB/s)
[INFO] Downloading: http://maven.inria.fr/artifactory/spoon-public-snapshot/org/eclipse/platform/org.eclipse.core.jobs/maven-metadata.xml
[INFO] Downloading: https://repo.maven.apache.org/maven2/org/eclipse/platform/org.eclipse.core.jobs/maven-metadata.xml
[INFO] Downloading: http://maven.inria.fr/artifactory/triskell-public-release/org/eclipse/platform/org.eclipse.core.jobs/maven-metadata.xml
[INFO] Downloading: https://oss.sonatype.org/content/repositories/snapshots/org/eclipse/platform/org.eclipse.core.jobs/maven-metadata.xml
[INFO] Downloaded: https://repo.maven.apache.org/maven2/org/eclipse/platform/org.eclipse.core.jobs/maven-metadata.xml (714 B at 177 B/s)
[INFO] Downloading: http://maven.inria.fr/artifactory/spoon-public-snapshot/org/eclipse/platform/org.eclipse.equinox.registry/maven-metadata.xml
[INFO] Downloading: http://maven.inria.fr/artifactory/triskell-public-release/org/eclipse/platform/org.eclipse.equinox.registry/maven-metadata.xml
[INFO] Downloading: https://repo.maven.apache.org/maven2/org/eclipse/platform/org.eclipse.equinox.registry/maven-metadata.xml
[INFO] Downloading: https://oss.sonatype.org/content/repositories/snapshots/org/eclipse/platform/org.eclipse.equinox.registry/maven-metadata.xml
[INFO] Downloaded: https://repo.maven.apache.org/maven2/org/eclipse/platform/org.eclipse.equinox.registry/maven-metadata.xml (621 B at 78 kB/s)
[INFO] Downloading: https://repo.maven.apache.org/maven2/org/eclipse/platform/org.eclipse.equinox.preferences/maven-metadata.xml
[INFO] Downloading: http://maven.inria.fr/artifactory/triskell-public-release/org/eclipse/platform/org.eclipse.equinox.preferences/maven-metadata.xml
[INFO] Downloading: https://oss.sonatype.org/content/repositories/snapshots/org/eclipse/platform/org.eclipse.equinox.preferences/maven-metadata.xml
[INFO] Downloading: http://maven.inria.fr/artifactory/spoon-public-snapshot/org/eclipse/platform/org.eclipse.equinox.preferences/maven-metadata.xml
[INFO] Downloaded: https://repo.maven.apache.org/maven2/org/eclipse/platform/org.eclipse.equinox.preferences/maven-metadata.xml (591 B at 54 kB/s)
[INFO] Downloading: http://maven.inria.fr/artifactory/spoon-public-snapshot/org/eclipse/platform/org.eclipse.core.contenttype/maven-metadata.xml
[INFO] Downloading: https://repo.maven.apache.org/maven2/org/eclipse/platform/org.eclipse.core.contenttype/maven-metadata.xml
[INFO] Downloading: https://oss.sonatype.org/content/repositories/snapshots/org/eclipse/platform/org.eclipse.core.contenttype/maven-metadata.xml
[INFO] Downloading: http://maven.inria.fr/artifactory/triskell-public-release/org/eclipse/platform/org.eclipse.core.contenttype/maven-metadata.xml
[INFO] Downloaded: https://repo.maven.apache.org/maven2/org/eclipse/platform/org.eclipse.core.contenttype/maven-metadata.xml (588 B at 82 B/s)
[INFO] Downloading: http://maven.inria.fr/artifactory/triskell-public-release/org/eclipse/platform/org.eclipse.equinox.app/maven-metadata.xml
[INFO] Downloading: http://maven.inria.fr/artifactory/spoon-public-snapshot/org/eclipse/platform/org.eclipse.equinox.app/maven-metadata.xml
[INFO] Downloading: https://oss.sonatype.org/content/repositories/snapshots/org/eclipse/platform/org.eclipse.equinox.app/maven-metadata.xml
[INFO] Downloading: https://repo.maven.apache.org/maven2/org/eclipse/platform/org.eclipse.equinox.app/maven-metadata.xml
[INFO] Downloaded: https://repo.maven.apache.org/maven2/org/eclipse/platform/org.eclipse.equinox.app/maven-metadata.xml (552 B at 180 B/s)
[INFO] Downloading: http://maven.inria.fr/artifactory/spoon-public-snapshot/org/eclipse/platform/org.eclipse.core.filesystem/maven-metadata.xml
[INFO] Downloading: https://repo.maven.apache.org/maven2/org/eclipse/platform/org.eclipse.core.filesystem/maven-metadata.xml
[INFO] Downloading: http://maven.inria.fr/artifactory/triskell-public-release/org/eclipse/platform/org.eclipse.core.filesystem/maven-metadata.xml
[INFO] Downloading: https://oss.sonatype.org/content/repositories/snapshots/org/eclipse/platform/org.eclipse.core.filesystem/maven-metadata.xml
[INFO] Downloaded: https://repo.maven.apache.org/maven2/org/eclipse/platform/org.eclipse.core.filesystem/maven-metadata.xml (587 B at 49 kB/s)
[INFO] Downloading: http://maven.inria.fr/artifactory/spoon-public-snapshot/org/eclipse/platform/org.eclipse.text/maven-metadata.xml
[INFO] Downloading: http://maven.inria.fr/artifactory/triskell-public-release/org/eclipse/platform/org.eclipse.text/maven-metadata.xml
[INFO] Downloading: https://oss.sonatype.org/content/repositories/snapshots/org/eclipse/platform/org.eclipse.text/maven-metadata.xml
[INFO] Downloading: https://repo.maven.apache.org/maven2/org/eclipse/platform/org.eclipse.text/maven-metadata.xml
[INFO] Downloaded: https://repo.maven.apache.org/maven2/org/eclipse/platform/org.eclipse.text/maven-metadata.xml (602 B at 110 B/s)
[INFO] Downloading: http://maven.inria.fr/artifactory/spoon-public-snapshot/org/eclipse/platform/org.eclipse.core.commands/maven-metadata.xml
[INFO] Downloading: https://repo.maven.apache.org/maven2/org/eclipse/platform/org.eclipse.core.commands/maven-metadata.xml
[INFO] Downloading: http://maven.inria.fr/artifactory/triskell-public-release/org/eclipse/platform/org.eclipse.core.commands/maven-metadata.xml
[INFO] Downloading: https://oss.sonatype.org/content/repositories/snapshots/org/eclipse/platform/org.eclipse.core.commands/maven-metadata.xml
[INFO] Downloaded: https://repo.maven.apache.org/maven2/org/eclipse/platform/org.eclipse.core.commands/maven-metadata.xml (616 B at 56 kB/s)
[INFO] Downloading: http://maven.inria.fr/artifactory/spoon-public-snapshot/junit/junit-dep/maven-metadata.xml
[INFO] Downloading: https://repo.maven.apache.org/maven2/junit/junit-dep/maven-metadata.xml
[INFO] Downloading: http://maven.inria.fr/artifactory/triskell-public-release/junit/junit-dep/maven-metadata.xml
[INFO] Downloading: https://oss.sonatype.org/content/repositories/snapshots/junit/junit-dep/maven-metadata.xml
[INFO] Downloaded: https://repo.maven.apache.org/maven2/junit/junit-dep/maven-metadata.xml (563 B at 143 B/s)
[INFO] Downloading: http://maven.inria.fr/artifactory/spoon-public-snapshot/commons-io/commons-io/maven-metadata.xml
[INFO] Downloading: http://maven.inria.fr/artifactory/triskell-public-release/commons-io/commons-io/maven-metadata.xml
[INFO] Downloading: https://repo.maven.apache.org/maven2/commons-io/commons-io/maven-metadata.xml
[INFO] Downloading: https://oss.sonatype.org/content/repositories/snapshots/commons-io/commons-io/maven-metadata.xml
[INFO] Downloaded: https://repo.maven.apache.org/maven2/commons-io/commons-io/maven-metadata.xml (783 B at 18 kB/s)
[INFO] 
[INFO] --- maven-enforcer-plugin:1.0:enforce (enforce-maven) @ spoon-core ---
[INFO] Skipping Rule Enforcement.
[INFO] 
[INFO] --- jacoco-maven-plugin:0.8.1:prepare-agent (default) @ spoon-core ---
[INFO] Skipping JaCoCo execution because property jacoco.skip is set.
[INFO] argLine set to empty
[INFO] 
[INFO] --- maven-resources-plugin:2.6:resources (default-resources) @ spoon-core ---
[INFO] Using 'UTF-8' encoding to copy filtered resources.
[INFO] Copying 3 resources
[INFO] Copying 1 resource
[INFO] 
[INFO] --- maven-compiler-plugin:3.7.0:compile (default-compile) @ spoon-core ---
[INFO] Nothing to compile - all classes are up to date
[INFO] 
[INFO] --- maven-resources-plugin:2.6:testResources (default-testResources) @ spoon-core ---
[INFO] Using 'UTF-8' encoding to copy filtered resources.
[INFO] Copying 188 resources
[INFO] 
[INFO] --- maven-compiler-plugin:3.7.0:testCompile (default-testCompile) @ spoon-core ---
[INFO] Nothing to compile - all classes are up to date
[INFO] 
[INFO] --- maven-surefire-plugin:2.21.0:test (default-test) @ spoon-core ---
[INFO] Downloading: https://repo.maven.apache.org/maven2/org/apache/maven/surefire/surefire-junit4/2.21.0/surefire-junit4-2.21.0.pom
[INFO] Downloaded: https://repo.maven.apache.org/maven2/org/apache/maven/surefire/surefire-junit4/2.21.0/surefire-junit4-2.21.0.pom (3.1 kB at 206 kB/s)
[INFO] Downloading: https://repo.maven.apache.org/maven2/org/apache/maven/surefire/surefire-providers/2.21.0/surefire-providers-2.21.0.pom
[INFO] Downloaded: https://repo.maven.apache.org/maven2/org/apache/maven/surefire/surefire-providers/2.21.0/surefire-providers-2.21.0.pom (2.5 kB at 314 kB/s)
[INFO] Downloading: https://repo.maven.apache.org/maven2/org/apache/maven/surefire/surefire-junit4/2.21.0/surefire-junit4-2.21.0.jar
[INFO] Downloaded: https://repo.maven.apache.org/maven2/org/apache/maven/surefire/surefire-junit4/2.21.0/surefire-junit4-2.21.0.jar (85 kB at 2.5 MB/s)
[INFO] 
[INFO] -------------------------------------------------------
[INFO]  T E S T S
[INFO] -------------------------------------------------------
[INFO] Running spoon.test.api.FileSystemFolderTest
[INFO] Tests run: 2, Failures: 0, Errors: 0, Skipped: 0, Time elapsed: 0.454 s - in spoon.test.api.FileSystemFolderTest
[INFO] Running spoon.test.api.NoClasspathTest
[ERROR] Tests run: 5, Failures: 0, Errors: 1, Skipped: 0, Time elapsed: 9.744 s <<< FAILURE! - in spoon.test.api.NoClasspathTest
[ERROR] test(spoon.test.api.NoClasspathTest)  Time elapsed: 0.069 s  <<< ERROR!
java.lang.NullPointerException
	at spoon.test.api.NoClasspathTest.test(NoClasspathTest.java:58)

[INFO] Running spoon.test.api.APITest
./target/nooutput_b356b67d-d586-47cc-aceb-d28b89e9029a
[ERROR] Tests run: 23, Failures: 0, Errors: 7, Skipped: 0, Time elapsed: 12.959 s <<< FAILURE! - in spoon.test.api.APITest
[ERROR] testOneLinerIntro(spoon.test.api.APITest)  Time elapsed: 0.048 s  <<< ERROR!
java.lang.NullPointerException
	at spoon.test.api.APITest.testOneLinerIntro(APITest.java:438)

[ERROR] testDuplicateEntry(spoon.test.api.APITest)  Time elapsed: 0.062 s  <<< ERROR!
java.lang.NullPointerException
	at spoon.test.api.APITest.testDuplicateEntry(APITest.java:136)

[ERROR] testGetOneLinerMainClassFromCU(spoon.test.api.APITest)  Time elapsed: 0.057 s  <<< ERROR!
java.lang.NullPointerException
	at spoon.test.api.APITest.testGetOneLinerMainClassFromCU(APITest.java:588)

[ERROR] testOverrideOutputWriter(spoon.test.api.APITest)  Time elapsed: 0.073 s  <<< ERROR!
java.lang.NullPointerException
	at spoon.test.api.APITest.testOverrideOutputWriter(APITest.java:118)

[ERROR] testDuplicateFolder(spoon.test.api.APITest)  Time elapsed: 0.049 s  <<< ERROR!
java.lang.NullPointerException
	at spoon.test.api.APITest.testDuplicateFolder(APITest.java:152)

[ERROR] testDuplicateFilePlusFolder(spoon.test.api.APITest)  Time elapsed: 0.051 s  <<< ERROR!
java.lang.NullPointerException
	at spoon.test.api.APITest.testDuplicateFilePlusFolder(APITest.java:165)

[ERROR] testBasicAPIUsage(spoon.test.api.APITest)  Time elapsed: 0.05 s  <<< ERROR!
java.lang.NullPointerException
	at spoon.test.api.APITest.testBasicAPIUsage(APITest.java:87)

[INFO] Running spoon.test.api.MetamodelTest
[INFO] Tests run: 16, Failures: 0, Errors: 0, Skipped: 0, Time elapsed: 3.559 s - in spoon.test.api.MetamodelTest
[INFO] Running spoon.test.exceptions.ExceptionTest
[INFO] Tests run: 6, Failures: 0, Errors: 0, Skipped: 0, Time elapsed: 0.225 s - in spoon.test.exceptions.ExceptionTest
[INFO] Running spoon.test.intercession.insertBefore.InsertMethodsTest
[ERROR] Tests run: 9, Failures: 0, Errors: 9, Skipped: 0, Time elapsed: 0.741 s <<< FAILURE! - in spoon.test.intercession.insertBefore.InsertMethodsTest
[ERROR] testInsertBeforeWithoutBrace(spoon.test.intercession.insertBefore.InsertMethodsTest)  Time elapsed: 0.085 s  <<< ERROR!
spoon.compiler.ModelBuildingException: 
snippet compilation error while compiling: class Wrapper {
    static void wrap() throws java.lang.Throwable {
        class X {public void foo() {  int x=0;  int y=0;  int z=x+y; }};;
    }
}
	at spoon.test.intercession.insertBefore.InsertMethodsTest.setup(InsertMethodsTest.java:65)
Caused by: java.lang.NullPointerException
	at spoon.test.intercession.insertBefore.InsertMethodsTest.setup(InsertMethodsTest.java:65)

[ERROR] insertBeforeAndUpdateParent(spoon.test.intercession.insertBefore.InsertMethodsTest)  Time elapsed: 0.088 s  <<< ERROR!
spoon.compiler.ModelBuildingException: 
snippet compilation error while compiling: class Wrapper {
    static void wrap() throws java.lang.Throwable {
        class X {public void foo() {  int x=0;  int y=0;  int z=x+y; }};;
    }
}
	at spoon.test.intercession.insertBefore.InsertMethodsTest.setup(InsertMethodsTest.java:65)
Caused by: java.lang.NullPointerException
	at spoon.test.intercession.insertBefore.InsertMethodsTest.setup(InsertMethodsTest.java:65)

[ERROR] testInsertBeforeWithBrace(spoon.test.intercession.insertBefore.InsertMethodsTest)  Time elapsed: 0.08 s  <<< ERROR!
spoon.compiler.ModelBuildingException: 
snippet compilation error while compiling: class Wrapper {
    static void wrap() throws java.lang.Throwable {
        class X {public void foo() {  int x=0;  int y=0;  int z=x+y; }};;
    }
}
	at spoon.test.intercession.insertBefore.InsertMethodsTest.setup(InsertMethodsTest.java:65)
Caused by: java.lang.NullPointerException
	at spoon.test.intercession.insertBefore.InsertMethodsTest.setup(InsertMethodsTest.java:65)

[ERROR] testInsertAfter(spoon.test.intercession.insertBefore.InsertMethodsTest)  Time elapsed: 0.081 s  <<< ERROR!
spoon.compiler.ModelBuildingException: 
snippet compilation error while compiling: class Wrapper {
    static void wrap() throws java.lang.Throwable {
        class X {public void foo() {  int x=0;  int y=0;  int z=x+y; }};;
    }
}
	at spoon.test.intercession.insertBefore.InsertMethodsTest.setup(InsertMethodsTest.java:65)
Caused by: java.lang.NullPointerException
	at spoon.test.intercession.insertBefore.InsertMethodsTest.setup(InsertMethodsTest.java:65)

[ERROR] testInsertAfterWithoutBrace(spoon.test.intercession.insertBefore.InsertMethodsTest)  Time elapsed: 0.08 s  <<< ERROR!
spoon.compiler.ModelBuildingException: 
snippet compilation error while compiling: class Wrapper {
    static void wrap() throws java.lang.Throwable {
        class X {public void foo() {  int x=0;  int y=0;  int z=x+y; }};;
    }
}
	at spoon.test.intercession.insertBefore.InsertMethodsTest.setup(InsertMethodsTest.java:65)
Caused by: java.lang.NullPointerException
	at spoon.test.intercession.insertBefore.InsertMethodsTest.setup(InsertMethodsTest.java:65)

[ERROR] testInsertBefore(spoon.test.intercession.insertBefore.InsertMethodsTest)  Time elapsed: 0.082 s  <<< ERROR!
spoon.compiler.ModelBuildingException: 
snippet compilation error while compiling: class Wrapper {
    static void wrap() throws java.lang.Throwable {
        class X {public void foo() {  int x=0;  int y=0;  int z=x+y; }};;
    }
}
	at spoon.test.intercession.insertBefore.InsertMethodsTest.setup(InsertMethodsTest.java:65)
Caused by: java.lang.NullPointerException
	at spoon.test.intercession.insertBefore.InsertMethodsTest.setup(InsertMethodsTest.java:65)

[ERROR] testInsertAfterWithBrace(spoon.test.intercession.insertBefore.InsertMethodsTest)  Time elapsed: 0.081 s  <<< ERROR!
spoon.compiler.ModelBuildingException: 
snippet compilation error while compiling: class Wrapper {
    static void wrap() throws java.lang.Throwable {
        class X {public void foo() {  int x=0;  int y=0;  int z=x+y; }};;
    }
}
	at spoon.test.intercession.insertBefore.InsertMethodsTest.setup(InsertMethodsTest.java:65)
Caused by: java.lang.NullPointerException
	at spoon.test.intercession.insertBefore.InsertMethodsTest.setup(InsertMethodsTest.java:65)

[ERROR] testInsertAfterSwitchCase(spoon.test.intercession.insertBefore.InsertMethodsTest)  Time elapsed: 0.084 s  <<< ERROR!
spoon.compiler.ModelBuildingException: 
snippet compilation error while compiling: class Wrapper {
    static void wrap() throws java.lang.Throwable {
        class X {public void foo() {  int x=0;  int y=0;  int z=x+y; }};;
    }
}
	at spoon.test.intercession.insertBefore.InsertMethodsTest.setup(InsertMethodsTest.java:65)
Caused by: java.lang.NullPointerException
	at spoon.test.intercession.insertBefore.InsertMethodsTest.setup(InsertMethodsTest.java:65)

[ERROR] testInsertBeforeSwitchCase(spoon.test.intercession.insertBefore.InsertMethodsTest)  Time elapsed: 0.079 s  <<< ERROR!
spoon.compiler.ModelBuildingException: 
snippet compilation error while compiling: class Wrapper {
    static void wrap() throws java.lang.Throwable {
        class X {public void foo() {  int x=0;  int y=0;  int z=x+y; }};;
    }
}
	at spoon.test.intercession.insertBefore.InsertMethodsTest.setup(InsertMethodsTest.java:65)
Caused by: java.lang.NullPointerException
	at spoon.test.intercession.insertBefore.InsertMethodsTest.setup(InsertMethodsTest.java:65)

[INFO] Running spoon.test.intercession.IntercessionTest
[ERROR] Tests run: 8, Failures: 0, Errors: 5, Skipped: 1, Time elapsed: 3.336 s <<< FAILURE! - in spoon.test.intercession.IntercessionTest
[ERROR] testInsertIfIntercession(spoon.test.intercession.IntercessionTest)  Time elapsed: 0.035 s  <<< ERROR!
spoon.compiler.ModelBuildingException: 
snippet compilation error while compiling: class Wrapper {
    static void wrap() throws java.lang.Throwable {
        class X {public int bar() {if (1 == 0)
            return 1;
        else
            return 0;
        }};;
    }
}
	at spoon.test.intercession.IntercessionTest.testInsertIfIntercession(IntercessionTest.java:148)
Caused by: java.lang.NullPointerException
	at spoon.test.intercession.IntercessionTest.testInsertIfIntercession(IntercessionTest.java:148)

[ERROR] testInsertAfter(spoon.test.intercession.IntercessionTest)  Time elapsed: 0.041 s  <<< ERROR!
spoon.compiler.ModelBuildingException: 
snippet compilation error while compiling: class Wrapper {
    static void wrap() throws java.lang.Throwable {
        class X {public void foo() { int x=0; int y=0; int z=x+y;}};;
    }
}
	at spoon.test.intercession.IntercessionTest.testInsertAfter(IntercessionTest.java:181)
Caused by: java.lang.NullPointerException
	at spoon.test.intercession.IntercessionTest.testInsertAfter(IntercessionTest.java:181)

[ERROR] testInsertBegin(spoon.test.intercession.IntercessionTest)  Time elapsed: 0.038 s  <<< ERROR!
spoon.compiler.ModelBuildingException: 
snippet compilation error while compiling: class Wrapper {
    static void wrap() throws java.lang.Throwable {
        class X {public void foo() { int x=0;}};;
    }
}
	at spoon.test.intercession.IntercessionTest.testInsertBegin(IntercessionTest.java:69)
Caused by: java.lang.NullPointerException
	at spoon.test.intercession.IntercessionTest.testInsertBegin(IntercessionTest.java:69)

[ERROR] testInsertEnd(spoon.test.intercession.IntercessionTest)  Time elapsed: 0.039 s  <<< ERROR!
spoon.compiler.ModelBuildingException: 
snippet compilation error while compiling: class Wrapper {
    static void wrap() throws java.lang.Throwable {
        class X {public void foo() { int x=0; String foo="toto";}};;
    }
}
	at spoon.test.intercession.IntercessionTest.testInsertEnd(IntercessionTest.java:89)
Caused by: java.lang.NullPointerException
	at spoon.test.intercession.IntercessionTest.testInsertEnd(IntercessionTest.java:89)

[ERROR] testEqualConstructor(spoon.test.intercession.IntercessionTest)  Time elapsed: 0.039 s  <<< ERROR!
spoon.compiler.ModelBuildingException: 
snippet compilation error while compiling: class Wrapper {
    static void wrap() throws java.lang.Throwable {
        class X { public X() {} };;
    }
}
	at spoon.test.intercession.IntercessionTest.testEqualConstructor(IntercessionTest.java:111)
Caused by: java.lang.NullPointerException
	at spoon.test.intercession.IntercessionTest.testEqualConstructor(IntercessionTest.java:111)

[INFO] Running spoon.test.intercession.RemoveTest
[ERROR] Tests run: 1, Failures: 0, Errors: 1, Skipped: 0, Time elapsed: 0 s <<< FAILURE! - in spoon.test.intercession.RemoveTest
[ERROR] testRemoveAllStatements(spoon.test.intercession.RemoveTest)  Time elapsed: 0 s  <<< ERROR!
spoon.compiler.ModelBuildingException: 
snippet compilation error while compiling: class Wrapper {
    static void wrap() throws java.lang.Throwable {
        class X {public void foo() { int x=0;int y=0;}};;
    }
}
	at spoon.test.intercession.RemoveTest.testRemoveAllStatements(RemoveTest.java:42)
Caused by: java.lang.NullPointerException
	at spoon.test.intercession.RemoveTest.testRemoveAllStatements(RemoveTest.java:42)

[INFO] Running spoon.test.intercession.OneCanCallSetterWithNullParameterizedTest
[INFO] Tests run: 126, Failures: 0, Errors: 0, Skipped: 0, Time elapsed: 0.005 s - in spoon.test.intercession.OneCanCallSetterWithNullParameterizedTest
[INFO] Running spoon.test.loop.LoopTest
[INFO] Tests run: 2, Failures: 0, Errors: 0, Skipped: 0, Time elapsed: 0 s - in spoon.test.loop.LoopTest
[INFO] Running spoon.test.prettyprinter.LinesTest
[INFO] Tests run: 3, Failures: 0, Errors: 0, Skipped: 0, Time elapsed: 8.361 s - in spoon.test.prettyprinter.LinesTest
[INFO] Running spoon.test.prettyprinter.PrinterTest
[INFO] Tests run: 9, Failures: 0, Errors: 0, Skipped: 0, Time elapsed: 1.731 s - in spoon.test.prettyprinter.PrinterTest
[INFO] Running spoon.test.prettyprinter.TestSniperPrinter
[INFO] Tests run: 9, Failures: 0, Errors: 0, Skipped: 0, Time elapsed: 0.73 s - in spoon.test.prettyprinter.TestSniperPrinter
[INFO] Running spoon.test.prettyprinter.QualifiedThisRefTest
[INFO] Tests run: 3, Failures: 0, Errors: 0, Skipped: 0, Time elapsed: 0.261 s - in spoon.test.prettyprinter.QualifiedThisRefTest
[INFO] Running spoon.test.prettyprinter.DefaultPrettyPrinterTest
[ERROR] Tests run: 14, Failures: 0, Errors: 1, Skipped: 0, Time elapsed: 1.146 s <<< FAILURE! - in spoon.test.prettyprinter.DefaultPrettyPrinterTest
[ERROR] testTernaryParenthesesOnLocalVariable(spoon.test.prettyprinter.DefaultPrettyPrinterTest)  Time elapsed: 0.058 s  <<< ERROR!
spoon.compiler.ModelBuildingException: 
snippet compilation error while compiling: class Wrapper {
    static void wrap() throws java.lang.Throwable {
        final int foo = (new Object() instanceof Object ? new Object().equals(null) : new Object().equals(new Object())) ? 0 : new Object().hashCode();;
    }
}
	at spoon.test.prettyprinter.DefaultPrettyPrinterTest.testTernaryParenthesesOnLocalVariable(DefaultPrettyPrinterTest.java:312)
Caused by: java.lang.NullPointerException
	at spoon.test.prettyprinter.DefaultPrettyPrinterTest.testTernaryParenthesesOnLocalVariable(DefaultPrettyPrinterTest.java:312)

[INFO] Running spoon.test.variable.AccessFullyQualifiedFieldTest
[INFO] Tests run: 9, Failures: 0, Errors: 0, Skipped: 0, Time elapsed: 1.951 s - in spoon.test.variable.AccessFullyQualifiedFieldTest
[INFO] Running spoon.test.variable.InferredVariableTest
[INFO] Tests run: 2, Failures: 0, Errors: 0, Skipped: 0, Time elapsed: 0.05 s - in spoon.test.variable.InferredVariableTest
[INFO] Running spoon.test.variable.AccessTest
[ERROR] Tests run: 8, Failures: 0, Errors: 1, Skipped: 0, Time elapsed: 0.435 s <<< FAILURE! - in spoon.test.variable.AccessTest
[ERROR] testAccessToStringOnPostIncrement(spoon.test.variable.AccessTest)  Time elapsed: 0.056 s  <<< ERROR!
spoon.compiler.ModelBuildingException: 
snippet compilation error while compiling: class Wrapper {
    static void wrap() throws java.lang.Throwable {
        class X {public void foo() { Integer i = 1; (i++).toString(); int k = 0; k++;}};;
    }
}
	at spoon.test.variable.AccessTest.testAccessToStringOnPostIncrement(AccessTest.java:230)
Caused by: java.lang.NullPointerException
	at spoon.test.variable.AccessTest.testAccessToStringOnPostIncrement(AccessTest.java:230)

[INFO] Running spoon.test.visitor.VisitorTest
[INFO] Tests run: 1, Failures: 0, Errors: 0, Skipped: 0, Time elapsed: 0.048 s - in spoon.test.visitor.VisitorTest
[INFO] Running spoon.test.visitor.AssignmentsEqualsTest
[ERROR] Tests run: 1, Failures: 0, Errors: 1, Skipped: 0, Time elapsed: 0.048 s <<< FAILURE! - in spoon.test.visitor.AssignmentsEqualsTest
[ERROR] testEquals(spoon.test.visitor.AssignmentsEqualsTest)  Time elapsed: 0.048 s  <<< ERROR!
java.lang.NullPointerException
	at spoon.test.visitor.AssignmentsEqualsTest.testEquals(AssignmentsEqualsTest.java:19)

[INFO] Running spoon.test.imports.ImportTest
[ERROR] Tests run: 48, Failures: 0, Errors: 3, Skipped: 0, Time elapsed: 22.353 s <<< FAILURE! - in spoon.test.imports.ImportTest
[ERROR] testNullable(spoon.test.imports.ImportTest)  Time elapsed: 0.051 s  <<< ERROR!
java.lang.NullPointerException
	at spoon.test.imports.ImportTest.testNullable(ImportTest.java:1429)

[ERROR] testSuperInheritanceHierarchyFunctionNoClasspath(spoon.test.imports.ImportTest)  Time elapsed: 0.085 s  <<< ERROR!
java.lang.NullPointerException
	at spoon.test.imports.ImportTest.testSuperInheritanceHierarchyFunctionNoClasspath(ImportTest.java:980)

[ERROR] testStaticImportForInvocationInNoClasspath(spoon.test.imports.ImportTest)  Time elapsed: 0.077 s  <<< ERROR!
java.lang.NullPointerException
	at spoon.test.imports.ImportTest.testStaticImportForInvocationInNoClasspath(ImportTest.java:306)

[INFO] Running spoon.test.imports.ImportAndExtendWithPackageNameTest
[ERROR] Tests run: 1, Failures: 0, Errors: 1, Skipped: 0, Time elapsed: 0.042 s <<< FAILURE! - in spoon.test.imports.ImportAndExtendWithPackageNameTest
[ERROR] testBuildModel(spoon.test.imports.ImportAndExtendWithPackageNameTest)  Time elapsed: 0.042 s  <<< ERROR!
java.lang.NullPointerException
	at spoon.test.imports.ImportAndExtendWithPackageNameTest.testBuildModel(ImportAndExtendWithPackageNameTest.java:38)

[INFO] Running spoon.test.imports.ImportScannerTest
2020-03-14 09:53:52,300 WARN spoon.Launcher - ImportScannerTest: Import scanner imports 606 unused imports and misses 0 imports
[INFO] Tests run: 7, Failures: 0, Errors: 0, Skipped: 0, Time elapsed: 69.821 s - in spoon.test.imports.ImportScannerTest
[INFO] Running spoon.test.module.TestModule
[ERROR] Tests run: 8, Failures: 0, Errors: 4, Skipped: 2, Time elapsed: 20.739 s <<< FAILURE! - in spoon.test.module.TestModule
[ERROR] testModuleInfoWithComments(spoon.test.module.TestModule)  Time elapsed: 0.024 s  <<< ERROR!
java.lang.NullPointerException
	at spoon.test.module.TestModule.testModuleInfoWithComments(TestModule.java:207)

[ERROR] testModuleInfoShouldBeCorrectlyPrettyPrinted(spoon.test.module.TestModule)  Time elapsed: 0.012 s  <<< ERROR!
java.lang.NullPointerException
	at spoon.test.module.TestModule.testModuleInfoShouldBeCorrectlyPrettyPrinted(TestModule.java:180)

[ERROR] testCompleteModuleInfoContentNoClasspath(spoon.test.module.TestModule)  Time elapsed: 0.012 s  <<< ERROR!
java.lang.NullPointerException
	at spoon.test.module.TestModule.testCompleteModuleInfoContentNoClasspath(TestModule.java:104)

[ERROR] testDirectiveOrders(spoon.test.module.TestModule)  Time elapsed: 0.011 s  <<< ERROR!
java.lang.NullPointerException
	at spoon.test.module.TestModule.testDirectiveOrders(TestModule.java:257)

[INFO] Running spoon.test.comment.CommentTest
[ERROR] Tests run: 24, Failures: 0, Errors: 2, Skipped: 0, Time elapsed: 39.94 s <<< FAILURE! - in spoon.test.comment.CommentTest
[ERROR] testSnippedWithComments(spoon.test.comment.CommentTest)  Time elapsed: 0.06 s  <<< ERROR!
java.lang.NullPointerException
	at spoon.test.comment.CommentTest.testSnippedWithComments(CommentTest.java:725)

[ERROR] testDocumentationContract(spoon.test.comment.CommentTest)  Time elapsed: 2.215 s  <<< ERROR!
spoon.compiler.ModelBuildingException: 
snippet compilation error while compiling: class Wrapper {
    static void wrap() throws java.lang.Throwable {

            int[] array = new int[10];
            System.out.println(
            array[0] // <-- array read
            );
        ;
    }
}
	at spoon.test.comment.CommentTest.lambda$testDocumentationContract$0(CommentTest.java:852)
	at spoon.test.comment.CommentTest.testDocumentationContract(CommentTest.java:787)
Caused by: java.lang.NullPointerException
	at spoon.test.comment.CommentTest.lambda$testDocumentationContract$0(CommentTest.java:852)
	at spoon.test.comment.CommentTest.testDocumentationContract(CommentTest.java:787)

[INFO] Running spoon.test.pkg.PackageTest
[INFO] Tests run: 12, Failures: 0, Errors: 0, Skipped: 0, Time elapsed: 1.044 s - in spoon.test.pkg.PackageTest
[INFO] Running spoon.test.annotation.AnnotationValuesTest
[INFO] Tests run: 6, Failures: 0, Errors: 0, Skipped: 0, Time elapsed: 0.166 s - in spoon.test.annotation.AnnotationValuesTest
[INFO] Running spoon.test.annotation.AnnotationTest
[ERROR] Tests run: 52, Failures: 0, Errors: 1, Skipped: 0, Time elapsed: 2.548 s <<< FAILURE! - in spoon.test.annotation.AnnotationTest
[ERROR] testGetAnnotationFromParameter(spoon.test.annotation.AnnotationTest)  Time elapsed: 0.043 s  <<< ERROR!
java.lang.NullPointerException
	at spoon.test.annotation.AnnotationTest.testGetAnnotationFromParameter(AnnotationTest.java:1135)

[INFO] Running spoon.test.annotation.AnnotationLoopTest
[INFO] Tests run: 1, Failures: 0, Errors: 0, Skipped: 0, Time elapsed: 0.071 s - in spoon.test.annotation.AnnotationLoopTest
[INFO] Running spoon.test.parent.NullParentTest
[INFO] Tests run: 8, Failures: 0, Errors: 0, Skipped: 0, Time elapsed: 0.426 s - in spoon.test.parent.NullParentTest
[INFO] Running spoon.test.parent.ContractOnSettersParametrizedTest
[INFO] Tests run: 69, Failures: 0, Errors: 0, Skipped: 0, Time elapsed: 0.737 s - in spoon.test.parent.ContractOnSettersParametrizedTest
[INFO] Running spoon.test.parent.TopLevelTypeTest
[INFO] Tests run: 1, Failures: 0, Errors: 0, Skipped: 0, Time elapsed: 0.033 s - in spoon.test.parent.TopLevelTypeTest
[INFO] Running spoon.test.parent.ParentTest
[ERROR] Tests run: 11, Failures: 0, Errors: 2, Skipped: 1, Time elapsed: 0.739 s <<< FAILURE! - in spoon.test.parent.ParentTest
[ERROR] testParentOfCtPackageReference(spoon.test.parent.ParentTest)  Time elapsed: 0.091 s  <<< ERROR!
java.lang.NullPointerException
	at spoon.test.parent.ParentTest.testParentOfCtPackageReference(ParentTest.java:148)

[ERROR] testHasParent(spoon.test.parent.ParentTest)  Time elapsed: 0.091 s  <<< ERROR!
java.lang.NullPointerException
	at spoon.test.parent.ParentTest.testHasParent(ParentTest.java:292)

[INFO] Running spoon.test.parent.SetParentTest
[INFO] Tests run: 69, Failures: 0, Errors: 0, Skipped: 0, Time elapsed: 0.054 s - in spoon.test.parent.SetParentTest
[INFO] Running spoon.test.trycatch.TryCatchTest
[ERROR] Tests run: 12, Failures: 0, Errors: 5, Skipped: 0, Time elapsed: 0.792 s <<< FAILURE! - in spoon.test.trycatch.TryCatchTest
[ERROR] testFullyQualifiedException(spoon.test.trycatch.TryCatchTest)  Time elapsed: 0.057 s  <<< ERROR!
spoon.compiler.ModelBuildingException: 
snippet compilation error while compiling: class Wrapper {
    static void wrap() throws java.lang.Throwable {
        class X {public void foo() { try{}catch(java.lang.RuntimeException e){}}};;
    }
}
	at spoon.test.trycatch.TryCatchTest.testFullyQualifiedException(TryCatchTest.java:83)
Caused by: java.lang.NullPointerException
	at spoon.test.trycatch.TryCatchTest.testFullyQualifiedException(TryCatchTest.java:83)

[ERROR] testCatchWithUnknownExceptions(spoon.test.trycatch.TryCatchTest)  Time elapsed: 0.046 s  <<< ERROR!
java.lang.NullPointerException
	at spoon.test.trycatch.TryCatchTest.testCatchWithUnknownExceptions(TryCatchTest.java:316)

[ERROR] testExceptionJava7(spoon.test.trycatch.TryCatchTest)  Time elapsed: 0.047 s  <<< ERROR!
spoon.compiler.ModelBuildingException: 
snippet compilation error while compiling: class Wrapper {
    static void wrap() throws java.lang.Throwable {
        class X {public void foo() { try{}catch(RuntimeException | Error e){System.exit(0);}}};;
    }
}
	at spoon.test.trycatch.TryCatchTest.testExceptionJava7(TryCatchTest.java:120)
Caused by: java.lang.NullPointerException
	at spoon.test.trycatch.TryCatchTest.testExceptionJava7(TryCatchTest.java:120)

[ERROR] testCatchOrder(spoon.test.trycatch.TryCatchTest)  Time elapsed: 0.046 s  <<< ERROR!
spoon.compiler.ModelBuildingException: 
snippet compilation error while compiling: class Wrapper {
    static void wrap() throws java.lang.Throwable {
        class X {public void foo() { try{}catch(RuntimeException e){java.lang.System.exit(0);}      catch(Exception e){}}};;
    }
}
	at spoon.test.trycatch.TryCatchTest.testCatchOrder(TryCatchTest.java:98)
Caused by: java.lang.NullPointerException
	at spoon.test.trycatch.TryCatchTest.testCatchOrder(TryCatchTest.java:98)

[ERROR] testTryCatchVariableGetType(spoon.test.trycatch.TryCatchTest)  Time elapsed: 0.06 s  <<< ERROR!
spoon.compiler.ModelBuildingException: 
snippet compilation error while compiling: class Wrapper {
    static void wrap() throws java.lang.Throwable {
        class X {public void foo() { try{}catch(RuntimeException e){System.exit(0);}}};;
    }
}
	at spoon.test.trycatch.TryCatchTest.testTryCatchVariableGetType(TryCatchTest.java:233)
Caused by: java.lang.NullPointerException
	at spoon.test.trycatch.TryCatchTest.testTryCatchVariableGetType(TryCatchTest.java:233)

[INFO] Running spoon.test.reference.ExecutableReferenceGenericTest
[INFO] Tests run: 12, Failures: 0, Errors: 0, Skipped: 0, Time elapsed: 0.707 s - in spoon.test.reference.ExecutableReferenceGenericTest
[INFO] Running spoon.test.reference.ElasticsearchStackoverflowTest
[INFO] Tests run: 1, Failures: 0, Errors: 0, Skipped: 0, Time elapsed: 0.09 s - in spoon.test.reference.ElasticsearchStackoverflowTest
[INFO] Running spoon.test.reference.VariableAccessTest
[ERROR] Tests run: 11, Failures: 0, Errors: 4, Skipped: 0, Time elapsed: 0.654 s <<< FAILURE! - in spoon.test.reference.VariableAccessTest
[ERROR] testMultipleDeclarationsOfLocalVariable(spoon.test.reference.VariableAccessTest)  Time elapsed: 0.063 s  <<< ERROR!
java.lang.NullPointerException
	at spoon.test.reference.VariableAccessTest.testMultipleDeclarationsOfLocalVariable(VariableAccessTest.java:255)

[ERROR] testDeclaringTypeOfALambdaReferencedByParameterReference(spoon.test.reference.VariableAccessTest)  Time elapsed: 0.066 s  <<< ERROR!
java.lang.NullPointerException
	at spoon.test.reference.VariableAccessTest.testDeclaringTypeOfALambdaReferencedByParameterReference(VariableAccessTest.java:119)

[ERROR] testGetDeclarationAfterClone(spoon.test.reference.VariableAccessTest)  Time elapsed: 0.056 s  <<< ERROR!
java.lang.NullPointerException
	at spoon.test.reference.VariableAccessTest.testGetDeclarationAfterClone(VariableAccessTest.java:150)

[ERROR] testDeclarationOfVariableReference(spoon.test.reference.VariableAccessTest)  Time elapsed: 0.049 s  <<< ERROR!
java.lang.NullPointerException
	at spoon.test.reference.VariableAccessTest.testDeclarationOfVariableReference(VariableAccessTest.java:98)

[INFO] Running spoon.test.reference.AnnotationFieldReferenceTest
[INFO] Tests run: 1, Failures: 0, Errors: 0, Skipped: 0, Time elapsed: 0.066 s - in spoon.test.reference.AnnotationFieldReferenceTest
[INFO] Running spoon.test.reference.TypeReferenceTest
[ERROR] Tests run: 28, Failures: 0, Errors: 9, Skipped: 0, Time elapsed: 1.292 s <<< FAILURE! - in spoon.test.reference.TypeReferenceTest
[ERROR] testTypeDeclarationWildcard(spoon.test.reference.TypeReferenceTest)  Time elapsed: 0.05 s  <<< ERROR!
spoon.compiler.ModelBuildingException: 
snippet compilation error while compiling: class Wrapper {
    static void wrap() throws java.lang.Throwable {
        java.util.List<?> l = null;
    }
}
	at spoon.test.reference.TypeReferenceTest.testTypeDeclarationWildcard(TypeReferenceTest.java:618)
Caused by: java.lang.NullPointerException
	at spoon.test.reference.TypeReferenceTest.testTypeDeclarationWildcard(TypeReferenceTest.java:618)

[ERROR] testAnonymousClassesHaveAnEmptyStringForItsNameInNoClasspath(spoon.test.reference.TypeReferenceTest)  Time elapsed: 0.049 s  <<< ERROR!
java.lang.NullPointerException
	at spoon.test.reference.TypeReferenceTest.testAnonymousClassesHaveAnEmptyStringForItsNameInNoClasspath(TypeReferenceTest.java:472)

[ERROR] testTypeReferenceSpecifiedInClassDeclarationInNoClasspath(spoon.test.reference.TypeReferenceTest)  Time elapsed: 0.053 s  <<< ERROR!
java.lang.NullPointerException
	at spoon.test.reference.TypeReferenceTest.testTypeReferenceSpecifiedInClassDeclarationInNoClasspath(TypeReferenceTest.java:354)

[ERROR] testConstructorCallInNoClasspath(spoon.test.reference.TypeReferenceTest)  Time elapsed: 0.062 s  <<< ERROR!
java.lang.NullPointerException
	at spoon.test.reference.TypeReferenceTest.testConstructorCallInNoClasspath(TypeReferenceTest.java:496)

[ERROR] testArgumentOfAInvocationIsNotATypeAccess(spoon.test.reference.TypeReferenceTest)  Time elapsed: 0.054 s  <<< ERROR!
java.lang.NullPointerException
	at spoon.test.reference.TypeReferenceTest.testArgumentOfAInvocationIsNotATypeAccess(TypeReferenceTest.java:410)

[ERROR] testAnnotationOnMethodWithPrimitiveReturnTypeInNoClasspath(spoon.test.reference.TypeReferenceTest)  Time elapsed: 0.049 s  <<< ERROR!
java.lang.NullPointerException
	at spoon.test.reference.TypeReferenceTest.testAnnotationOnMethodWithPrimitiveReturnTypeInNoClasspath(TypeReferenceTest.java:455)

[ERROR] testTypeReferenceSpecifiedInClassDeclarationInNoClasspathWithGenerics(spoon.test.reference.TypeReferenceTest)  Time elapsed: 0.055 s  <<< ERROR!
java.lang.NullPointerException
	at spoon.test.reference.TypeReferenceTest.testTypeReferenceSpecifiedInClassDeclarationInNoClasspathWithGenerics(TypeReferenceTest.java:380)

[ERROR] testPackageInNoClasspath(spoon.test.reference.TypeReferenceTest)  Time elapsed: 0.053 s  <<< ERROR!
java.lang.NullPointerException
	at spoon.test.reference.TypeReferenceTest.testPackageInNoClasspath(TypeReferenceTest.java:320)

[ERROR] testInvocationWithFieldAccessInNoClasspath(spoon.test.reference.TypeReferenceTest)  Time elapsed: 0.054 s  <<< ERROR!
java.lang.NullPointerException
	at spoon.test.reference.TypeReferenceTest.testInvocationWithFieldAccessInNoClasspath(TypeReferenceTest.java:429)

[INFO] Running spoon.test.reference.ExecutableReferenceTest
[ERROR] Tests run: 8, Failures: 0, Errors: 2, Skipped: 0, Time elapsed: 0.502 s <<< FAILURE! - in spoon.test.reference.ExecutableReferenceTest
[ERROR] testCallMethodOfClassNotPresent(spoon.test.reference.ExecutableReferenceTest)  Time elapsed: 0.08 s  <<< ERROR!
java.lang.NullPointerException
	at spoon.test.reference.ExecutableReferenceTest.testCallMethodOfClassNotPresent(ExecutableReferenceTest.java:52)

[ERROR] testCreateReferenceForAnonymousExecutable(spoon.test.reference.ExecutableReferenceTest)  Time elapsed: 0.049 s  <<< ERROR!
java.lang.NullPointerException
	at spoon.test.reference.ExecutableReferenceTest.testCreateReferenceForAnonymousExecutable(ExecutableReferenceTest.java:154)

[INFO] Running spoon.test.reference.CloneReferenceTest
[ERROR] Tests run: 2, Failures: 0, Errors: 2, Skipped: 0, Time elapsed: 0 s <<< FAILURE! - in spoon.test.reference.CloneReferenceTest
[ERROR] testGetDeclarationOfFieldAfterClone(spoon.test.reference.CloneReferenceTest)  Time elapsed: 0 s  <<< ERROR!
java.lang.NullPointerException
	at spoon.test.reference.CloneReferenceTest.testGetDeclarationOfFieldAfterClone(CloneReferenceTest.java:78)

[ERROR] testGetDeclarationAfterClone(spoon.test.reference.CloneReferenceTest)  Time elapsed: 0 s  <<< ERROR!
java.lang.NullPointerException
	at spoon.test.reference.CloneReferenceTest.testGetDeclarationAfterClone(CloneReferenceTest.java:46)

[INFO] Running spoon.test.ctElement.ElementTest
[INFO] Tests run: 1, Failures: 0, Errors: 0, Skipped: 0, Time elapsed: 0 s - in spoon.test.ctElement.ElementTest
[INFO] Running spoon.test.ctElement.MetadataTest
[INFO] Tests run: 1, Failures: 0, Errors: 0, Skipped: 0, Time elapsed: 0 s - in spoon.test.ctElement.MetadataTest
[INFO] Running spoon.test.architecture.SpoonArchitectureEnforcerTest
2020-03-14 09:55:15,787 ERROR spoon.support.compiler.jdt.JDTCommentBuilder - "/* c2 */" cannot be added into the AST, with parent class spoon.support.reflect.code.CtLiteralImplplease report the bug by posting on https://github.com/INRIA/spoon/issues/2482
2020-03-14 09:55:15,787 ERROR spoon.support.compiler.jdt.JDTCommentBuilder - "// c5" cannot be added into the AST, with parent class spoon.support.reflect.code.CtLiteralImplplease report the bug by posting on https://github.com/INRIA/spoon/issues/2482
2020-03-14 09:55:15,787 ERROR spoon.support.compiler.jdt.JDTCommentBuilder - "/* c6 */" cannot be added into the AST, with parent class spoon.support.reflect.code.CtLiteralImplplease report the bug by posting on https://github.com/INRIA/spoon/issues/2482
2020-03-14 09:55:15,787 ERROR spoon.support.compiler.jdt.JDTCommentBuilder - "// c7" cannot be added into the AST, with parent class spoon.support.reflect.code.CtLiteralImplplease report the bug by posting on https://github.com/INRIA/spoon/issues/2482
[INFO] Tests run: 8, Failures: 0, Errors: 0, Skipped: 0, Time elapsed: 15.741 s - in spoon.test.architecture.SpoonArchitectureEnforcerTest
[INFO] Running spoon.test.position.PositionTest
2020-03-14 09:55:20,006 ERROR spoon.support.compiler.jdt.JDTCommentBuilder - "/* c2 */" cannot be added into the AST, with parent class spoon.support.reflect.code.CtLiteralImplplease report the bug by posting on https://github.com/INRIA/spoon/issues/2482
2020-03-14 09:55:20,006 ERROR spoon.support.compiler.jdt.JDTCommentBuilder - "// c5" cannot be added into the AST, with parent class spoon.support.reflect.code.CtLiteralImplplease report the bug by posting on https://github.com/INRIA/spoon/issues/2482
2020-03-14 09:55:20,006 ERROR spoon.support.compiler.jdt.JDTCommentBuilder - "/* c6 */" cannot be added into the AST, with parent class spoon.support.reflect.code.CtLiteralImplplease report the bug by posting on https://github.com/INRIA/spoon/issues/2482
2020-03-14 09:55:20,006 ERROR spoon.support.compiler.jdt.JDTCommentBuilder - "// c7" cannot be added into the AST, with parent class spoon.support.reflect.code.CtLiteralImplplease report the bug by posting on https://github.com/INRIA/spoon/issues/2482
2020-03-14 09:55:20,349 ERROR spoon.support.compiler.jdt.JDTCommentBuilder - "/* c2 */" cannot be added into the AST, with parent class spoon.support.reflect.code.CtLiteralImplplease report the bug by posting on https://github.com/INRIA/spoon/issues/2482
2020-03-14 09:55:20,350 ERROR spoon.support.compiler.jdt.JDTCommentBuilder - "// c5" cannot be added into the AST, with parent class spoon.support.reflect.code.CtLiteralImplplease report the bug by posting on https://github.com/INRIA/spoon/issues/2482
2020-03-14 09:55:20,350 ERROR spoon.support.compiler.jdt.JDTCommentBuilder - "/* c6 */" cannot be added into the AST, with parent class spoon.support.reflect.code.CtLiteralImplplease report the bug by posting on https://github.com/INRIA/spoon/issues/2482
2020-03-14 09:55:20,350 ERROR spoon.support.compiler.jdt.JDTCommentBuilder - "// c7" cannot be added into the AST, with parent class spoon.support.reflect.code.CtLiteralImplplease report the bug by posting on https://github.com/INRIA/spoon/issues/2482
2020-03-14 09:55:20,544 ERROR spoon.support.compiler.jdt.JDTCommentBuilder - "/* c2 */" cannot be added into the AST, with parent class spoon.support.reflect.code.CtLiteralImplplease report the bug by posting on https://github.com/INRIA/spoon/issues/2482
2020-03-14 09:55:20,544 ERROR spoon.support.compiler.jdt.JDTCommentBuilder - "// c5" cannot be added into the AST, with parent class spoon.support.reflect.code.CtLiteralImplplease report the bug by posting on https://github.com/INRIA/spoon/issues/2482
2020-03-14 09:55:20,545 ERROR spoon.support.compiler.jdt.JDTCommentBuilder - "/* c6 */" cannot be added into the AST, with parent class spoon.support.reflect.code.CtLiteralImplplease report the bug by posting on https://github.com/INRIA/spoon/issues/2482
2020-03-14 09:55:20,545 ERROR spoon.support.compiler.jdt.JDTCommentBuilder - "// c7" cannot be added into the AST, with parent class spoon.support.reflect.code.CtLiteralImplplease report the bug by posting on https://github.com/INRIA/spoon/issues/2482
2020-03-14 09:55:20,885 ERROR spoon.support.compiler.jdt.JDTCommentBuilder - "/* c2 */" cannot be added into the AST, with parent class spoon.support.reflect.code.CtLiteralImplplease report the bug by posting on https://github.com/INRIA/spoon/issues/2482
2020-03-14 09:55:20,886 ERROR spoon.support.compiler.jdt.JDTCommentBuilder - "// c5" cannot be added into the AST, with parent class spoon.support.reflect.code.CtLiteralImplplease report the bug by posting on https://github.com/INRIA/spoon/issues/2482
2020-03-14 09:55:20,886 ERROR spoon.support.compiler.jdt.JDTCommentBuilder - "/* c6 */" cannot be added into the AST, with parent class spoon.support.reflect.code.CtLiteralImplplease report the bug by posting on https://github.com/INRIA/spoon/issues/2482
2020-03-14 09:55:20,886 ERROR spoon.support.compiler.jdt.JDTCommentBuilder - "// c7" cannot be added into the AST, with parent class spoon.support.reflect.code.CtLiteralImplplease report the bug by posting on https://github.com/INRIA/spoon/issues/2482
[INFO] Tests run: 31, Failures: 0, Errors: 0, Skipped: 0, Time elapsed: 1.263 s - in spoon.test.position.PositionTest
[INFO] Running spoon.test.position.TestSourceFragment
[INFO] Tests run: 7, Failures: 0, Errors: 0, Skipped: 0, Time elapsed: 0.033 s - in spoon.test.position.TestSourceFragment
[INFO] Running spoon.test.query_function.VariableReferencesTest
2020-03-14 09:55:21,112 WARN spoon.Launcher - Spoon is now using the 'no classpath mode' by default. If you want to ensure using Spoon in full classpath mode, please use the new flag: --cpmode fullclasspath.
2020-03-14 09:55:21,112 WARN spoon.Launcher - Spoon now parse by default the comments. Consider using the option --disable-comments if you want the old behaviour.
2020-03-14 09:55:21,112 INFO spoon.Launcher - Spoon version 7.2.0-SNAPSHOT
2020-03-14 09:55:21,112 INFO spoon.Launcher - running Spoon...
2020-03-14 09:55:21,112 INFO spoon.Launcher - start processing...
2020-03-14 09:55:21,158 INFO spoon.Launcher - end of processing: 
2020-03-14 09:55:21,159 INFO spoon.Launcher - no errors, no warnings
2020-03-14 09:55:21,179 WARN spoon.Launcher - Spoon is now using the 'no classpath mode' by default. If you want to ensure using Spoon in full classpath mode, please use the new flag: --cpmode fullclasspath.
2020-03-14 09:55:21,179 WARN spoon.Launcher - Spoon now parse by default the comments. Consider using the option --disable-comments if you want the old behaviour.
2020-03-14 09:55:21,179 INFO spoon.Launcher - Spoon version 7.2.0-SNAPSHOT
2020-03-14 09:55:21,179 INFO spoon.Launcher - running Spoon...
2020-03-14 09:55:21,180 INFO spoon.Launcher - start processing...
2020-03-14 09:55:21,221 INFO spoon.Launcher - end of processing: 
2020-03-14 09:55:21,221 INFO spoon.Launcher - no errors, no warnings
2020-03-14 09:55:21,234 WARN spoon.Launcher - Spoon is now using the 'no classpath mode' by default. If you want to ensure using Spoon in full classpath mode, please use the new flag: --cpmode fullclasspath.
2020-03-14 09:55:21,234 WARN spoon.Launcher - Spoon now parse by default the comments. Consider using the option --disable-comments if you want the old behaviour.
2020-03-14 09:55:21,235 INFO spoon.Launcher - Spoon version 7.2.0-SNAPSHOT
2020-03-14 09:55:21,235 INFO spoon.Launcher - running Spoon...
2020-03-14 09:55:21,235 INFO spoon.Launcher - start processing...
2020-03-14 09:55:21,274 INFO spoon.Launcher - end of processing: 
2020-03-14 09:55:21,274 INFO spoon.Launcher - no errors, no warnings
2020-03-14 09:55:21,276 WARN spoon.Launcher - Spoon is now using the 'no classpath mode' by default. If you want to ensure using Spoon in full classpath mode, please use the new flag: --cpmode fullclasspath.
2020-03-14 09:55:21,276 WARN spoon.Launcher - Spoon now parse by default the comments. Consider using the option --disable-comments if you want the old behaviour.
2020-03-14 09:55:21,276 INFO spoon.Launcher - Spoon version 7.2.0-SNAPSHOT
2020-03-14 09:55:21,276 INFO spoon.Launcher - running Spoon...
2020-03-14 09:55:21,276 INFO spoon.Launcher - start processing...
2020-03-14 09:55:21,316 INFO spoon.Launcher - end of processing: 
2020-03-14 09:55:21,316 INFO spoon.Launcher - no errors, no warnings
2020-03-14 09:55:21,327 WARN spoon.Launcher - Spoon is now using the 'no classpath mode' by default. If you want to ensure using Spoon in full classpath mode, please use the new flag: --cpmode fullclasspath.
2020-03-14 09:55:21,327 WARN spoon.Launcher - Spoon now parse by default the comments. Consider using the option --disable-comments if you want the old behaviour.
2020-03-14 09:55:21,328 INFO spoon.Launcher - Spoon version 7.2.0-SNAPSHOT
2020-03-14 09:55:21,328 INFO spoon.Launcher - running Spoon...
2020-03-14 09:55:21,328 INFO spoon.Launcher - start processing...
2020-03-14 09:55:21,369 INFO spoon.Launcher - end of processing: 
2020-03-14 09:55:21,369 INFO spoon.Launcher - no errors, no warnings
2020-03-14 09:55:21,373 WARN spoon.Launcher - Spoon is now using the 'no classpath mode' by default. If you want to ensure using Spoon in full classpath mode, please use the new flag: --cpmode fullclasspath.
2020-03-14 09:55:21,373 WARN spoon.Launcher - Spoon now parse by default the comments. Consider using the option --disable-comments if you want the old behaviour.
2020-03-14 09:55:21,373 INFO spoon.Launcher - Spoon version 7.2.0-SNAPSHOT
2020-03-14 09:55:21,373 INFO spoon.Launcher - running Spoon...
2020-03-14 09:55:21,373 INFO spoon.Launcher - start processing...
2020-03-14 09:55:21,414 INFO spoon.Launcher - end of processing: 
2020-03-14 09:55:21,415 INFO spoon.Launcher - no errors, no warnings
2020-03-14 09:55:21,418 WARN spoon.Launcher - Spoon is now using the 'no classpath mode' by default. If you want to ensure using Spoon in full classpath mode, please use the new flag: --cpmode fullclasspath.
2020-03-14 09:55:21,418 WARN spoon.Launcher - Spoon now parse by default the comments. Consider using the option --disable-comments if you want the old behaviour.
2020-03-14 09:55:21,418 INFO spoon.Launcher - Spoon version 7.2.0-SNAPSHOT
2020-03-14 09:55:21,418 INFO spoon.Launcher - running Spoon...
2020-03-14 09:55:21,418 INFO spoon.Launcher - start processing...
2020-03-14 09:55:21,460 INFO spoon.Launcher - end of processing: 
2020-03-14 09:55:21,461 INFO spoon.Launcher - no errors, no warnings
2020-03-14 09:55:21,497 WARN spoon.Launcher - Spoon is now using the 'no classpath mode' by default. If you want to ensure using Spoon in full classpath mode, please use the new flag: --cpmode fullclasspath.
2020-03-14 09:55:21,497 WARN spoon.Launcher - Spoon now parse by default the comments. Consider using the option --disable-comments if you want the old behaviour.
2020-03-14 09:55:21,498 INFO spoon.Launcher - Spoon version 7.2.0-SNAPSHOT
2020-03-14 09:55:21,498 INFO spoon.Launcher - running Spoon...
2020-03-14 09:55:21,498 INFO spoon.Launcher - start processing...
2020-03-14 09:55:21,538 INFO spoon.Launcher - end of processing: 
2020-03-14 09:55:21,538 INFO spoon.Launcher - no errors, no warnings
[INFO] Tests run: 8, Failures: 0, Errors: 0, Skipped: 0, Time elapsed: 0.449 s - in spoon.test.query_function.VariableReferencesTest
[INFO] Running spoon.test.query_function.testclasses.VariableReferencesModelTest
[INFO] Tests run: 15, Failures: 0, Errors: 0, Skipped: 0, Time elapsed: 0 s - in spoon.test.query_function.testclasses.VariableReferencesModelTest
[INFO] Running spoon.test.fieldaccesses.FieldAccessTest
[ERROR] Tests run: 16, Failures: 0, Errors: 3, Skipped: 0, Time elapsed: 0.632 s <<< FAILURE! - in spoon.test.fieldaccesses.FieldAccessTest
[ERROR] testFieldAccessOnUnknownType(spoon.test.fieldaccesses.FieldAccessTest)  Time elapsed: 0.032 s  <<< ERROR!
java.lang.NullPointerException

[ERROR] testFieldAccessNoClasspath(spoon.test.fieldaccesses.FieldAccessTest)  Time elapsed: 0.036 s  <<< ERROR!
java.lang.NullPointerException

[ERROR] testFieldAccessAutoExplicit(spoon.test.fieldaccesses.FieldAccessTest)  Time elapsed: 0.075 s  <<< ERROR!
spoon.compiler.ModelBuildingException: 
snippet compilation error while compiling: class Wrapper {
    static void wrap() throws java.lang.Throwable {
        int age = 1;
    }
}
	at spoon.test.fieldaccesses.FieldAccessTest.testFieldAccessAutoExplicit(FieldAccessTest.java:426)
Caused by: java.lang.NullPointerException

[INFO] Running spoon.test.template.TemplateEnumAccessTest
[INFO] Tests run: 1, Failures: 0, Errors: 0, Skipped: 0, Time elapsed: 0.09 s - in spoon.test.template.TemplateEnumAccessTest
[INFO] Running spoon.test.template.TemplateReplaceReturnTest
[INFO] Tests run: 2, Failures: 0, Errors: 0, Skipped: 0, Time elapsed: 0.167 s - in spoon.test.template.TemplateReplaceReturnTest
[INFO] Running spoon.test.template.TemplateInvocationSubstitutionTest
[INFO] Tests run: 3, Failures: 0, Errors: 0, Skipped: 0, Time elapsed: 0.141 s - in spoon.test.template.TemplateInvocationSubstitutionTest
[INFO] Running spoon.test.template.core.ParameterInfoTest
[INFO] Tests run: 21, Failures: 0, Errors: 0, Skipped: 0, Time elapsed: 0.004 s - in spoon.test.template.core.ParameterInfoTest
[INFO] Running spoon.test.template.PatternTest
[INFO] Tests run: 34, Failures: 0, Errors: 0, Skipped: 0, Time elapsed: 2.227 s - in spoon.test.template.PatternTest
[INFO] Running spoon.test.template.TemplateTest
0
[INFO] Tests run: 24, Failures: 0, Errors: 0, Skipped: 0, Time elapsed: 1.992 s - in spoon.test.template.TemplateTest
[INFO] Running spoon.test.template.TemplateArrayAccessTest
[INFO] Tests run: 2, Failures: 0, Errors: 0, Skipped: 0, Time elapsed: 0.097 s - in spoon.test.template.TemplateArrayAccessTest
[INFO] Running spoon.test.template.TemplateClassAccessTest
[INFO] Tests run: 1, Failures: 0, Errors: 0, Skipped: 0, Time elapsed: 0 s - in spoon.test.template.TemplateClassAccessTest
[INFO] Running spoon.test.staticFieldAccess2.ImplicitStaticFieldReferenceTest
[INFO] Tests run: 16, Failures: 0, Errors: 0, Skipped: 0, Time elapsed: 13.339 s - in spoon.test.staticFieldAccess2.ImplicitStaticFieldReferenceTest
[INFO] Running spoon.test.strings.StringLiteralTest
[ERROR] Tests run: 1, Failures: 0, Errors: 1, Skipped: 0, Time elapsed: 0.046 s <<< FAILURE! - in spoon.test.strings.StringLiteralTest
[ERROR] testSnippetFullClass(spoon.test.strings.StringLiteralTest)  Time elapsed: 0.046 s  <<< ERROR!
spoon.compiler.ModelBuildingException: 
snippet compilation error while compiling: class Wrapper {
    static void wrap() throws java.lang.Throwable {
        class StringValueUTF {
        	String f0 = "toto";
        	String f1 = "\n";
        	char c1 = '\n';
        	String f2 = "\u20ac";
        	char c2 = '\u20ac';
        	String f3 = "";
        	char c3 = '';
        	String f4 = "\t";
        	char c4 = '\t';
        	String f5 = "	";
        	char c5 = '	';
        	String f6 = "\u20ac";
        };
    }
}
	at spoon.test.strings.StringLiteralTest.testSnippetFullClass(StringLiteralTest.java:47)
Caused by: java.lang.NullPointerException

[INFO] Running spoon.test.strings.StringTest
[INFO] Tests run: 1, Failures: 0, Errors: 0, Skipped: 0, Time elapsed: 0.04 s - in spoon.test.strings.StringTest
[INFO] Running spoon.test.type.TypeTest
[ERROR] Tests run: 13, Failures: 0, Errors: 1, Skipped: 0, Time elapsed: 10.988 s <<< FAILURE! - in spoon.test.type.TypeTest
[ERROR] testTypeAccessOnPrimitive(spoon.test.type.TypeTest)  Time elapsed: 0.05 s  <<< ERROR!
spoon.compiler.ModelBuildingException: 
snippet compilation error while compiling: class Wrapper {
    static void wrap() throws java.lang.Throwable {
        class X {public void foo() { Class klass=null;  boolean x= (klass == short.class);}};;
    }
}
	at spoon.test.type.TypeTest.testTypeAccessOnPrimitive(TypeTest.java:99)
Caused by: java.lang.NullPointerException

[INFO] Running spoon.test.filters.FilterTest
[INFO] Tests run: 43, Failures: 0, Errors: 0, Skipped: 0, Time elapsed: 3.911 s - in spoon.test.filters.FilterTest
[INFO] Running spoon.test.filters.CUFilterTest
[INFO] Tests run: 3, Failures: 0, Errors: 0, Skipped: 0, Time elapsed: 0.11 s - in spoon.test.filters.CUFilterTest
[INFO] Running spoon.test.ctBlock.TestCtBlock
[INFO] Tests run: 3, Failures: 0, Errors: 0, Skipped: 0, Time elapsed: 0.11 s - in spoon.test.ctBlock.TestCtBlock
[INFO] Running spoon.test.refactoring.MethodsRefactoringTest
[INFO] Tests run: 5, Failures: 0, Errors: 0, Skipped: 0, Time elapsed: 0.364 s - in spoon.test.refactoring.MethodsRefactoringTest
[INFO] Running spoon.test.refactoring.CtRenameLocalVariableRefactoringTest
[INFO] Tests run: 4, Failures: 0, Errors: 0, Skipped: 0, Time elapsed: 21.281 s - in spoon.test.refactoring.CtRenameLocalVariableRefactoringTest
[INFO] Running spoon.test.refactoring.RefactoringTest
[INFO] Tests run: 4, Failures: 0, Errors: 0, Skipped: 0, Time elapsed: 8.533 s - in spoon.test.refactoring.RefactoringTest
[INFO] Running spoon.test.interfaces.TestInterfaceWithoutSetup
[INFO] Tests run: 2, Failures: 0, Errors: 0, Skipped: 0, Time elapsed: 0.267 s - in spoon.test.interfaces.TestInterfaceWithoutSetup
[INFO] Running spoon.test.interfaces.InterfaceTest
[INFO] Tests run: 6, Failures: 0, Errors: 0, Skipped: 0, Time elapsed: 0.238 s - in spoon.test.interfaces.InterfaceTest
[INFO] Running spoon.test.initializers.InitializerTest
[INFO] Tests run: 2, Failures: 0, Errors: 0, Skipped: 0, Time elapsed: 0.08 s - in spoon.test.initializers.InitializerTest
[INFO] Running spoon.test.compilation.CompilationTest
>> Hello: Bar <<
>> Hello: FooEx <<
>> Hello: IBar <<
>> Hello: SimpleProcessor <<
[ERROR] Tests run: 13, Failures: 0, Errors: 4, Skipped: 0, Time elapsed: 2.028 s <<< FAILURE! - in spoon.test.compilation.CompilationTest
[ERROR] compileTest(spoon.test.compilation.CompilationTest)  Time elapsed: 0.036 s  <<< ERROR!
java.lang.NullPointerException

[ERROR] compileCommandLineTest(spoon.test.compilation.CompilationTest)  Time elapsed: 0.041 s  <<< ERROR!
java.lang.NullPointerException

[ERROR] testNewInstance(spoon.test.compilation.CompilationTest)  Time elapsed: 0.041 s  <<< ERROR!
spoon.compiler.ModelBuildingException: 
snippet compilation error while compiling: class Wrapper {
    static void wrap() throws java.lang.Throwable {
        class X implements spoon.test.compilation.testclasses.Ifoo { public int foo() {int i=0; return i;} };
    }
}
	at spoon.test.compilation.CompilationTest.testNewInstance(CompilationTest.java:170)
Caused by: java.lang.NullPointerException

[ERROR] testExoticClassLoader(spoon.test.compilation.CompilationTest)  Time elapsed: 0.037 s  <<< ERROR!
java.lang.NullPointerException

[INFO] Running spoon.test.modifiers.TestModifiers
[INFO] Tests run: 6, Failures: 0, Errors: 0, Skipped: 0, Time elapsed: 0.324 s - in spoon.test.modifiers.TestModifiers
[INFO] Running spoon.test.factory.CodeFactoryTest
[INFO] Tests run: 1, Failures: 0, Errors: 0, Skipped: 0, Time elapsed: 0 s - in spoon.test.factory.CodeFactoryTest
[INFO] Running spoon.test.factory.AnnotationFactoryTest
[INFO] Tests run: 1, Failures: 0, Errors: 0, Skipped: 0, Time elapsed: 0.032 s - in spoon.test.factory.AnnotationFactoryTest
[INFO] Running spoon.test.factory.ClassFactoryTest
[INFO] Tests run: 2, Failures: 0, Errors: 0, Skipped: 0, Time elapsed: 0 s - in spoon.test.factory.ClassFactoryTest
[INFO] Running spoon.test.factory.ExecutableFactoryTest
[INFO] Tests run: 1, Failures: 0, Errors: 0, Skipped: 0, Time elapsed: 0 s - in spoon.test.factory.ExecutableFactoryTest
[INFO] Running spoon.test.factory.FactoryTest
[INFO] Tests run: 5, Failures: 0, Errors: 0, Skipped: 0, Time elapsed: 0.157 s - in spoon.test.factory.FactoryTest
[INFO] Running spoon.test.factory.ConstructorFactoryTest
[INFO] Tests run: 2, Failures: 0, Errors: 0, Skipped: 0, Time elapsed: 0.036 s - in spoon.test.factory.ConstructorFactoryTest
[INFO] Running spoon.test.factory.TypeFactoryTest
[ERROR] Tests run: 5, Failures: 0, Errors: 1, Skipped: 0, Time elapsed: 0.123 s <<< FAILURE! - in spoon.test.factory.TypeFactoryTest
[ERROR] testGetClassWithDollarAndNestedClass(spoon.test.factory.TypeFactoryTest)  Time elapsed: 0.037 s  <<< ERROR!
java.lang.NullPointerException

[INFO] Running spoon.test.factory.FieldFactoryTest
[INFO] Tests run: 2, Failures: 0, Errors: 0, Skipped: 0, Time elapsed: 0.115 s - in spoon.test.factory.FieldFactoryTest
[INFO] Running spoon.test.ctType.CtTypeTest
[ERROR] Tests run: 8, Failures: 0, Errors: 3, Skipped: 0, Time elapsed: 2.746 s <<< FAILURE! - in spoon.test.ctType.CtTypeTest
[ERROR] testHasMethodNotHasMethod(spoon.test.ctType.CtTypeTest)  Time elapsed: 0.036 s  <<< ERROR!
spoon.compiler.ModelBuildingException: 
snippet compilation error while compiling: class Wrapper {
    static void wrap() throws java.lang.Throwable {
        class X { public void foo() {} };
    }
}
	at spoon.test.ctType.CtTypeTest.testHasMethodNotHasMethod(CtTypeTest.java:61)
Caused by: java.lang.NullPointerException

[ERROR] testHasMethodInDirectMethod(spoon.test.ctType.CtTypeTest)  Time elapsed: 0.052 s  <<< ERROR!
spoon.compiler.ModelBuildingException: 
snippet compilation error while compiling: class Wrapper {
    static void wrap() throws java.lang.Throwable {
        class X { public void foo() {} };
    }
}
	at spoon.test.ctType.CtTypeTest.testHasMethodInDirectMethod(CtTypeTest.java:53)
Caused by: java.lang.NullPointerException

[ERROR] testHasMethodOnNull(spoon.test.ctType.CtTypeTest)  Time elapsed: 0.05 s  <<< ERROR!
spoon.compiler.ModelBuildingException: 
snippet compilation error while compiling: class Wrapper {
    static void wrap() throws java.lang.Throwable {
        class X { public void foo() {} };
    }
}
	at spoon.test.ctType.CtTypeTest.testHasMethodOnNull(CtTypeTest.java:70)
Caused by: java.lang.NullPointerException

[INFO] Running spoon.test.ctType.CtTypeParameterTest
[INFO] Tests run: 2, Failures: 0, Errors: 0, Skipped: 0, Time elapsed: 0.122 s - in spoon.test.ctType.CtTypeParameterTest
[INFO] Running spoon.test.model.TypeTest
[ERROR] Tests run: 8, Failures: 0, Errors: 1, Skipped: 0, Time elapsed: 0.366 s <<< FAILURE! - in spoon.test.model.TypeTest
[ERROR] testGetUsedTypesForTypeInRootPackage(spoon.test.model.TypeTest)  Time elapsed: 0.042 s  <<< ERROR!
spoon.compiler.ModelBuildingException: 
snippet compilation error while compiling: class Wrapper {
    static void wrap() throws java.lang.Throwable {
        class X { X x; };
    }
}
	at spoon.test.model.TypeTest.testGetUsedTypesForTypeInRootPackage(TypeTest.java:82)
Caused by: java.lang.NullPointerException

[INFO] Running spoon.test.model.IncrementalLauncherTest
[ERROR] Tests run: 4, Failures: 0, Errors: 4, Skipped: 0, Time elapsed: 0.59 s <<< FAILURE! - in spoon.test.model.IncrementalLauncherTest
[ERROR] testCache(spoon.test.model.IncrementalLauncherTest)  Time elapsed: 0.15 s  <<< ERROR!
java.lang.NullPointerException

[ERROR] testIncremental1(spoon.test.model.IncrementalLauncherTest)  Time elapsed: 0.218 s  <<< ERROR!
java.lang.NullPointerException

[ERROR] testIncremental2(spoon.test.model.IncrementalLauncherTest)  Time elapsed: 0.091 s  <<< ERROR!
java.lang.NullPointerException

[ERROR] testIncremental3(spoon.test.model.IncrementalLauncherTest)  Time elapsed: 0.129 s  <<< ERROR!
java.lang.NullPointerException

[INFO] Running spoon.test.model.SwitchCaseTest
[ERROR] Tests run: 2, Failures: 0, Errors: 1, Skipped: 0, Time elapsed: 0.127 s <<< FAILURE! - in spoon.test.model.SwitchCaseTest
[ERROR] testIterationStatements(spoon.test.model.SwitchCaseTest)  Time elapsed: 0.051 s  <<< ERROR!
spoon.compiler.ModelBuildingException: 
snippet compilation error while compiling: class Wrapper {
    static void wrap() throws java.lang.Throwable {
        class X {public void foo() { int x=0;switch(x) {case 0: x=x+1;break;case 1: x=0;default: x=-1;}}};;
    }
}
	at spoon.test.model.SwitchCaseTest.testIterationStatements(SwitchCaseTest.java:53)
Caused by: java.lang.NullPointerException

[INFO] Running spoon.test.model.BlockTest
[ERROR] Tests run: 2, Failures: 0, Errors: 2, Skipped: 0, Time elapsed: 0.119 s <<< FAILURE! - in spoon.test.model.BlockTest
[ERROR] testAddEmptyBlock(spoon.test.model.BlockTest)  Time elapsed: 0.067 s  <<< ERROR!
spoon.compiler.ModelBuildingException: 
snippet compilation error while compiling: class Wrapper {
    static void wrap() throws java.lang.Throwable {
        class X {public void foo() { }};;
    }
}
	at spoon.test.model.BlockTest.testAddEmptyBlock(BlockTest.java:72)
Caused by: java.lang.NullPointerException

[ERROR] testIterationStatements(spoon.test.model.BlockTest)  Time elapsed: 0.052 s  <<< ERROR!
spoon.compiler.ModelBuildingException: 
snippet compilation error while compiling: class Wrapper {
    static void wrap() throws java.lang.Throwable {
        class X {public void foo() { int x=0;int y=0;}};;
    }
}
	at spoon.test.model.BlockTest.testIterationStatements(BlockTest.java:46)
Caused by: java.lang.NullPointerException

[INFO] Running spoon.test.model.AnonymousExecutableTest
[INFO] Tests run: 1, Failures: 0, Errors: 0, Skipped: 0, Time elapsed: 0.044 s - in spoon.test.model.AnonymousExecutableTest
[INFO] Running spoon.test.generics.GenericsTest
[ERROR] Tests run: 48, Failures: 0, Errors: 1, Skipped: 0, Time elapsed: 8.856 s <<< FAILURE! - in spoon.test.generics.GenericsTest
[ERROR] testDiamond1(spoon.test.generics.GenericsTest)  Time elapsed: 0.041 s  <<< ERROR!
spoon.compiler.ModelBuildingException: 
snippet compilation error while compiling: class Wrapper {
    static void wrap() throws java.lang.Throwable {
        class Diamond {
        	java.util.List<String> f = new java.util.ArrayList<>();
        };
    }
}
	at spoon.test.generics.GenericsTest.testDiamond1(GenericsTest.java:172)
Caused by: java.lang.NullPointerException

[INFO] Running spoon.test.executable.ExecutableTest
[INFO] Tests run: 4, Failures: 0, Errors: 0, Skipped: 0, Time elapsed: 0.185 s - in spoon.test.executable.ExecutableTest
[INFO] Running spoon.test.executable.ExecutableRefTest
[INFO] Tests run: 5, Failures: 0, Errors: 0, Skipped: 0, Time elapsed: 2.019 s - in spoon.test.executable.ExecutableRefTest
[INFO] Running spoon.test.path.PathTest
[INFO] Tests run: 16, Failures: 0, Errors: 0, Skipped: 0, Time elapsed: 0.919 s - in spoon.test.path.PathTest
[INFO] Running spoon.test.method_overriding.MethodOverriddingTest
[INFO] Tests run: 4, Failures: 0, Errors: 0, Skipped: 0, Time elapsed: 0.158 s - in spoon.test.method_overriding.MethodOverriddingTest
[INFO] Running spoon.test.constructorcallnewclass.ConstructorCallTest
[INFO] Tests run: 6, Failures: 0, Errors: 0, Skipped: 0, Time elapsed: 7.309 s - in spoon.test.constructorcallnewclass.ConstructorCallTest
[INFO] Running spoon.test.constructorcallnewclass.NewClassTest
[ERROR] Tests run: 7, Failures: 0, Errors: 1, Skipped: 0, Time elapsed: 0.501 s <<< FAILURE! - in spoon.test.constructorcallnewclass.NewClassTest
[ERROR] testCtNewClassInNoClasspath(spoon.test.constructorcallnewclass.NewClassTest)  Time elapsed: 0.103 s  <<< ERROR!
java.lang.NullPointerException

[INFO] Running spoon.test.varargs.VarArgsTest
[INFO] Tests run: 1, Failures: 0, Errors: 0, Skipped: 0, Time elapsed: 0.043 s - in spoon.test.varargs.VarArgsTest
[INFO] Running spoon.test.staticFieldAccess.StaticAccessTest
[INFO] Tests run: 2, Failures: 0, Errors: 0, Skipped: 0, Time elapsed: 0.678 s - in spoon.test.staticFieldAccess.StaticAccessTest
[INFO] Running spoon.test.field.FieldTest
[ERROR] Tests run: 6, Failures: 0, Errors: 1, Skipped: 0, Time elapsed: 0.258 s <<< FAILURE! - in spoon.test.field.FieldTest
[ERROR] getFQNofFieldReference(spoon.test.field.FieldTest)  Time elapsed: 0.05 s  <<< ERROR!
java.lang.NullPointerException

[INFO] Running spoon.test.targeted.TargetedExpressionTest
[ERROR] Tests run: 17, Failures: 0, Errors: 3, Skipped: 0, Time elapsed: 0.861 s <<< FAILURE! - in spoon.test.targeted.TargetedExpressionTest
[ERROR] testInitializeFieldAccessInNoclasspathMode(spoon.test.targeted.TargetedExpressionTest)  Time elapsed: 0.046 s  <<< ERROR!
java.lang.NullPointerException

[ERROR] testStaticTargetsOfFieldAccessNoClasspath(spoon.test.targeted.TargetedExpressionTest)  Time elapsed: 0.047 s  <<< ERROR!
java.lang.NullPointerException

[ERROR] testStaticTargetsOfInvNoClasspath(spoon.test.targeted.TargetedExpressionTest)  Time elapsed: 0.048 s  <<< ERROR!
java.lang.NullPointerException

[INFO] Running spoon.test.snippets.SnippetTest
[ERROR] Tests run: 7, Failures: 0, Errors: 4, Skipped: 0, Time elapsed: 0.37 s <<< FAILURE! - in spoon.test.snippets.SnippetTest
[ERROR] testSnippetFullClass(spoon.test.snippets.SnippetTest)  Time elapsed: 0.046 s  <<< ERROR!
spoon.compiler.ModelBuildingException: 
snippet compilation error while compiling: class Wrapper {
    static void wrap() throws java.lang.Throwable {
        class X {public void foo() { int x=0;}};;
    }
}
	at spoon.test.snippets.SnippetTest.testSnippetFullClass(SnippetTest.java:54)
Caused by: java.lang.NullPointerException

[ERROR] testCompileSnippetSeveralTimes(spoon.test.snippets.SnippetTest)  Time elapsed: 0.041 s  <<< ERROR!
spoon.compiler.ModelBuildingException: 
snippet compilation error while compiling: class Wrapper {
    static java.lang.Object wrap() throws java.lang.Throwable {
        return 1 > 2;
    }
}
	at spoon.test.snippets.SnippetTest.testCompileSnippetSeveralTimes(SnippetTest.java:81)
Caused by: java.lang.NullPointerException

[ERROR] testCompileSnippetWithContext(spoon.test.snippets.SnippetTest)  Time elapsed: 0.041 s  <<< ERROR!
spoon.compiler.ModelBuildingException: 
snippet compilation error while compiling: class Wrapper {
    static void wrap() throws java.lang.Throwable {
        int i = 1;;
    }
}
	at spoon.test.snippets.SnippetTest.testCompileSnippetWithContext(SnippetTest.java:107)
Caused by: java.lang.NullPointerException

[ERROR] testCompileStatementWithReturn(spoon.test.snippets.SnippetTest)  Time elapsed: 0.049 s  <<< ERROR!
spoon.compiler.ModelBuildingException: 
snippet compilation error while compiling: class Wrapper {
    static java.lang.Integer wrap() throws java.lang.Throwable {
        return 3;
    }
}
	at spoon.test.snippets.SnippetTest.testCompileStatementWithReturn(SnippetTest.java:116)
Caused by: java.lang.NullPointerException

[INFO] Running spoon.test.delete.DeleteTest
[INFO] Tests run: 14, Failures: 0, Errors: 0, Skipped: 0, Time elapsed: 0.621 s - in spoon.test.delete.DeleteTest
[INFO] Running spoon.test.OutputTypeTest
[INFO] Tests run: 1, Failures: 0, Errors: 0, Skipped: 0, Time elapsed: 0.001 s - in spoon.test.OutputTypeTest
[INFO] Running spoon.test.condition.ConditionalTest
[INFO] Tests run: 6, Failures: 0, Errors: 0, Skipped: 0, Time elapsed: 0.235 s - in spoon.test.condition.ConditionalTest
[INFO] Running spoon.test.control.ControlTest
[INFO] Tests run: 2, Failures: 0, Errors: 0, Skipped: 0, Time elapsed: 0.075 s - in spoon.test.control.ControlTest
[INFO] Running spoon.test.enums.EnumsTypeTest
[ERROR] Tests run: 2, Failures: 0, Errors: 2, Skipped: 0, Time elapsed: 0.049 s <<< FAILURE! - in spoon.test.enums.EnumsTypeTest
[ERROR] testEnumsType(spoon.test.enums.EnumsTypeTest)  Time elapsed: 0.023 s  <<< ERROR!
java.lang.NullPointerException

[ERROR] testEnumsFromInterface(spoon.test.enums.EnumsTypeTest)  Time elapsed: 0.026 s  <<< ERROR!
java.lang.NullPointerException

[INFO] Running spoon.test.enums.EnumsTest
[INFO] Tests run: 8, Failures: 0, Errors: 0, Skipped: 0, Time elapsed: 3.033 s - in spoon.test.enums.EnumsTest
[INFO] Running spoon.test.javadoc.JavaDocTest
[INFO] Tests run: 2, Failures: 0, Errors: 0, Skipped: 0, Time elapsed: 0.086 s - in spoon.test.javadoc.JavaDocTest
[INFO] Running spoon.test.processing.ProcessingTest
[INFO] Tests run: 10, Failures: 0, Errors: 0, Skipped: 0, Time elapsed: 3.811 s - in spoon.test.processing.ProcessingTest
[INFO] Running spoon.test.limits.utils.InternalTest
[INFO] Tests run: 2, Failures: 0, Errors: 0, Skipped: 0, Time elapsed: 0.101 s - in spoon.test.limits.utils.InternalTest
[INFO] Running spoon.test.serializable.SourcePositionTest
[ERROR] Tests run: 1, Failures: 0, Errors: 1, Skipped: 0, Time elapsed: 0.043 s <<< FAILURE! - in spoon.test.serializable.SourcePositionTest
[ERROR] testSourcePosition(spoon.test.serializable.SourcePositionTest)  Time elapsed: 0.043 s  <<< ERROR!
java.lang.NullPointerException

[INFO] Running spoon.test.serializable.ModelStreamerTest
Testing factory serialization with different compressors with source folder: ./src/main/java/spoon/reflect/declaration
110205 bytes for default
585239 bytes for NONE
72030 bytes for LZMA
112151 bytes for GZIP
80470 bytes for BZIP2
[INFO] Tests run: 5, Failures: 0, Errors: 0, Skipped: 0, Time elapsed: 8.499 s - in spoon.test.serializable.ModelStreamerTest
[INFO] Running spoon.test.serializable.SerializableTest
[ERROR] Tests run: 3, Failures: 0, Errors: 1, Skipped: 0, Time elapsed: 0 s <<< FAILURE! - in spoon.test.serializable.SerializableTest
[ERROR] testSerialCtStatement(spoon.test.serializable.SerializableTest)  Time elapsed: 0 s  <<< ERROR!
spoon.compiler.ModelBuildingException: 
snippet compilation error while compiling: class Wrapper {
    static void wrap() throws java.lang.Throwable {
        String hello ="t1"; System.out.println(hello);
    }
}
	at spoon.test.serializable.SerializableTest.testSerialCtStatement(SerializableTest.java:45)
Caused by: java.lang.NullPointerException

[INFO] Running spoon.test.methodreference.MethodReferenceTest
[ERROR] Tests run: 13, Failures: 0, Errors: 2, Skipped: 0, Time elapsed: 1.253 s <<< FAILURE! - in spoon.test.methodreference.MethodReferenceTest
[ERROR] testNoClasspathExecutableReferenceExpression(spoon.test.methodreference.MethodReferenceTest)  Time elapsed: 0.112 s  <<< ERROR!
java.lang.NullPointerException

[ERROR] testNoClasspathSuperExecutable(spoon.test.methodreference.MethodReferenceTest)  Time elapsed: 0.179 s  <<< ERROR!
java.lang.NullPointerException

[INFO] Running spoon.test.compilationunit.GetBinaryFilesTest
[INFO] Tests run: 5, Failures: 0, Errors: 0, Skipped: 0, Time elapsed: 0.451 s - in spoon.test.compilationunit.GetBinaryFilesTest
[INFO] Running spoon.test.compilationunit.TestCompilationUnit
[INFO] Tests run: 9, Failures: 0, Errors: 0, Skipped: 0, Time elapsed: 0.416 s - in spoon.test.compilationunit.TestCompilationUnit
[INFO] Running spoon.test.lambda.LambdaTest
[ERROR] Tests run: 23, Failures: 0, Errors: 2, Skipped: 0, Time elapsed: 0 s <<< FAILURE! - in spoon.test.lambda.LambdaTest
[ERROR] testFieldAccessInLambdaNoClassPath(spoon.test.lambda.LambdaTest)  Time elapsed: 0 s  <<< ERROR!
java.lang.NullPointerException

[ERROR] testTypeAccessInLambdaNoClassPath(spoon.test.lambda.LambdaTest)  Time elapsed: 0 s  <<< ERROR!
java.lang.NullPointerException

[INFO] Running spoon.test.ctClass.CtClassTest
[ERROR] Tests run: 8, Failures: 0, Errors: 1, Skipped: 0, Time elapsed: 7.525 s <<< FAILURE! - in spoon.test.ctClass.CtClassTest
[ERROR] testAllTypeReferencesToALocalTypeShouldNotStartWithNumber(spoon.test.ctClass.CtClassTest)  Time elapsed: 0.083 s  <<< ERROR!
spoon.compiler.ModelBuildingException: 
snippet compilation error while compiling: class Wrapper {
    static void wrap() throws java.lang.Throwable {
        class Pozole {
            public void m() {
                class Cook {
                    public Cook() {
                    }

                    public void m() {
                        final java.lang.Class<Cook> cookClass = Cook.class;
                    }
                }
                new Cook();
            }
        };
    }
}
	at spoon.test.ctClass.CtClassTest.testAllTypeReferencesToALocalTypeShouldNotStartWithNumber(CtClassTest.java:165)
Caused by: java.lang.NullPointerException

[INFO] Running spoon.test.jdtimportbuilder.ImportBuilderTest
[INFO] Tests run: 8, Failures: 0, Errors: 0, Skipped: 0, Time elapsed: 0.839 s - in spoon.test.jdtimportbuilder.ImportBuilderTest
[INFO] Running spoon.test.labels.TestLabels
[INFO] Tests run: 1, Failures: 0, Errors: 0, Skipped: 0, Time elapsed: 0.039 s - in spoon.test.labels.TestLabels
[INFO] Running spoon.test.sourcePosition.SourcePositionTest
[INFO] Tests run: 3, Failures: 0, Errors: 0, Skipped: 0, Time elapsed: 0.122 s - in spoon.test.sourcePosition.SourcePositionTest
[INFO] Running spoon.test.literal.LiteralTest
[INFO] Tests run: 5, Failures: 0, Errors: 0, Skipped: 0, Time elapsed: 0.984 s - in spoon.test.literal.LiteralTest
[INFO] Running spoon.test.visibility.VisibilityTest
[INFO] Tests run: 5, Failures: 0, Errors: 0, Skipped: 0, Time elapsed: 3.934 s - in spoon.test.visibility.VisibilityTest
[INFO] Running spoon.test.role.TestCtRole
[INFO] Tests run: 6, Failures: 0, Errors: 0, Skipped: 0, Time elapsed: 0 s - in spoon.test.role.TestCtRole
[INFO] Running spoon.test.constructor.ConstructorTest
[INFO] Tests run: 7, Failures: 0, Errors: 0, Skipped: 0, Time elapsed: 0.786 s - in spoon.test.constructor.ConstructorTest
[INFO] Running spoon.test.arrays.ArraysTest
[INFO] Tests run: 8, Failures: 0, Errors: 0, Skipped: 0, Time elapsed: 0.471 s - in spoon.test.arrays.ArraysTest
[INFO] Running spoon.test.secondaryclasses.ClassesTest
[INFO] Tests run: 6, Failures: 0, Errors: 0, Skipped: 0, Time elapsed: 0.314 s - in spoon.test.secondaryclasses.ClassesTest
[INFO] Running spoon.test.ctBodyHolder.CtBodyHolderTest
[INFO] Tests run: 6, Failures: 0, Errors: 0, Skipped: 0, Time elapsed: 0.372 s - in spoon.test.ctBodyHolder.CtBodyHolderTest
[INFO] Running spoon.test.invocations.InvocationTest
[INFO] Tests run: 3, Failures: 0, Errors: 0, Skipped: 0, Time elapsed: 0.247 s - in spoon.test.invocations.InvocationTest
[INFO] Running spoon.test.ctCase.SwitchCaseTest
[INFO] Tests run: 2, Failures: 0, Errors: 0, Skipped: 0, Time elapsed: 0.097 s - in spoon.test.ctCase.SwitchCaseTest
[INFO] Running spoon.test.main.MainTest
[INFO] Tests run: 5, Failures: 0, Errors: 0, Skipped: 0, Time elapsed: 72.754 s - in spoon.test.main.MainTest
[INFO] Running spoon.test.support.ResourceTest
[INFO] Tests run: 4, Failures: 0, Errors: 0, Skipped: 0, Time elapsed: 0 s - in spoon.test.support.ResourceTest
[INFO] Running spoon.test.replace.ReplaceParametrizedTest
[INFO] Tests run: 83, Failures: 0, Errors: 0, Skipped: 0, Time elapsed: 0.001 s - in spoon.test.replace.ReplaceParametrizedTest
[INFO] Running spoon.test.replace.ReplaceTest
[ERROR] Tests run: 17, Failures: 0, Errors: 2, Skipped: 0, Time elapsed: 0.001 s <<< FAILURE! - in spoon.test.replace.ReplaceTest
[ERROR] testReplaceAPackageReferenceByAnotherOne(spoon.test.replace.ReplaceTest)  Time elapsed: 0.001 s  <<< ERROR!
java.lang.NullPointerException

[ERROR] testReplaceBlockTry(spoon.test.replace.ReplaceTest)  Time elapsed: 0 s  <<< ERROR!
spoon.compiler.ModelBuildingException: 
snippet compilation error while compiling: class Wrapper {
    static void wrap() throws java.lang.Throwable {
        int j = 0;;
    }
}
	at spoon.test.replace.ReplaceTest.testReplaceBlockTry(ReplaceTest.java:433)
Caused by: java.lang.NullPointerException

[INFO] Running spoon.test.reflect.visitor.ReferenceQueryTest
[INFO] Tests run: 1, Failures: 0, Errors: 0, Skipped: 0, Time elapsed: 0.001 s - in spoon.test.reflect.visitor.ReferenceQueryTest
[INFO] Running spoon.test.eval.EvalTest
[ERROR] Tests run: 10, Failures: 0, Errors: 2, Skipped: 0, Time elapsed: 0.001 s <<< FAILURE! - in spoon.test.eval.EvalTest
[ERROR] testVisitorPartialEvaluator_binary(spoon.test.eval.EvalTest)  Time elapsed: 0 s  <<< ERROR!
spoon.compiler.ModelBuildingException: 
snippet compilation error while compiling: class Wrapper {
    static java.lang.Object wrap() throws java.lang.Throwable {
        return 0+1;
    }
}
	at spoon.test.eval.EvalTest.testVisitorPartialEvaluator_binary(EvalTest.java:133)
Caused by: java.lang.NullPointerException

[ERROR] testVisitorPartialEvaluator_if(spoon.test.eval.EvalTest)  Time elapsed: 0 s  <<< ERROR!
spoon.compiler.ModelBuildingException: 
snippet compilation error while compiling: class Wrapper {
    static void wrap() throws java.lang.Throwable {
        if (false) {System.out.println("foo");} else {System.out.println("bar");} ;
    }
}
	at spoon.test.eval.EvalTest.testVisitorPartialEvaluator_if(EvalTest.java:165)
Caused by: java.lang.NullPointerException

[INFO] Running spoon.test.parameters.ParameterTest
[ERROR] Tests run: 3, Failures: 0, Errors: 2, Skipped: 0, Time elapsed: 0.378 s <<< FAILURE! - in spoon.test.parameters.ParameterTest
[ERROR] testMultiParameterLambdaTypeReference(spoon.test.parameters.ParameterTest)  Time elapsed: 0.065 s  <<< ERROR!
java.lang.NullPointerException

[ERROR] testGetParameterReferenceInLambdaNoClasspath(spoon.test.parameters.ParameterTest)  Time elapsed: 0.05 s  <<< ERROR!
java.lang.NullPointerException

[INFO] Running spoon.test.change.ChangeCollectorTest
[INFO] Tests run: 1, Failures: 0, Errors: 0, Skipped: 0, Time elapsed: 0.047 s - in spoon.test.change.ChangeCollectorTest
[INFO] Running spoon.test.casts.CastTest
[ERROR] Tests run: 5, Failures: 0, Errors: 3, Skipped: 0, Time elapsed: 0.212 s <<< FAILURE! - in spoon.test.casts.CastTest
[ERROR] testCast1(spoon.test.casts.CastTest)  Time elapsed: 0.041 s  <<< ERROR!
spoon.compiler.ModelBuildingException: 
snippet compilation error while compiling: class Wrapper {
    static void wrap() throws java.lang.Throwable {
        class X {public void foo() { String x=(String) new Object();}};;
    }
}
	at spoon.test.casts.CastTest.testCast1(CastTest.java:47)
Caused by: java.lang.NullPointerException

[ERROR] testCast2(spoon.test.casts.CastTest)  Time elapsed: 0.042 s  <<< ERROR!
spoon.compiler.ModelBuildingException: 
snippet compilation error while compiling: class Wrapper {
    static void wrap() throws java.lang.Throwable {
        class X {public void foo() { Class<String> x=(Class<String>) new Object();}};;
    }
}
	at spoon.test.casts.CastTest.testCast2(CastTest.java:64)
Caused by: java.lang.NullPointerException

[ERROR] testCast3(spoon.test.casts.CastTest)  Time elapsed: 0.042 s  <<< ERROR!
spoon.compiler.ModelBuildingException: 
snippet compilation error while compiling: class Wrapper {
    static void wrap() throws java.lang.Throwable {
        class X<A> {void addConsumedAnnotationType(Class<? extends A> annotationType) {}
        public void foo() { Class<?> x = null; addConsumedAnnotationType((Class<A>) x);}};;
    }
}
	at spoon.test.casts.CastTest.testCast3(CastTest.java:81)
Caused by: java.lang.NullPointerException

[INFO] Running spoon.test.comparison.EqualTest
java.lang.NullPointerException
[ERROR] Tests run: 5, Failures: 1, Errors: 4, Skipped: 0, Time elapsed: 0.233 s <<< FAILURE! - in spoon.test.comparison.EqualTest
[ERROR] testEqualsDetails(spoon.test.comparison.EqualTest)  Time elapsed: 0.038 s  <<< ERROR!
spoon.compiler.ModelBuildingException: 
snippet compilation error while compiling: class Wrapper {
    static void wrap() throws java.lang.Throwable {
        try{}catch(RuntimeException | AssertionError e){};
    }
}
	at spoon.test.comparison.EqualTest.testEqualsDetails(EqualTest.java:119)
Caused by: java.lang.NullPointerException

[ERROR] testEqualsMultitype(spoon.test.comparison.EqualTest)  Time elapsed: 0.043 s  <<< ERROR!
spoon.compiler.ModelBuildingException: 
snippet compilation error while compiling: class Wrapper {
    static void wrap() throws java.lang.Throwable {
        try{}catch(RuntimeException | AssertionError e){};
    }
}
	at spoon.test.comparison.EqualTest.testEqualsMultitype(EqualTest.java:98)
Caused by: java.lang.NullPointerException

[ERROR] testEqualsActualTypeRef(spoon.test.comparison.EqualTest)  Time elapsed: 0.051 s  <<< ERROR!
spoon.compiler.ModelBuildingException: 
snippet compilation error while compiling: class Wrapper {
    static void wrap() throws java.lang.Throwable {
        java.util.List<String> l ;
    }
}
	at spoon.test.comparison.EqualTest.testEqualsActualTypeRef(EqualTest.java:111)
Caused by: java.lang.NullPointerException

[ERROR] testEqualsEmptyException(spoon.test.comparison.EqualTest)  Time elapsed: 0.05 s  <<< FAILURE!
java.lang.AssertionError: Unable create model
	at spoon.test.comparison.EqualTest.testEqualsEmptyException(EqualTest.java:59)

[ERROR] testEqualsComment(spoon.test.comparison.EqualTest)  Time elapsed: 0.051 s  <<< ERROR!
spoon.compiler.ModelBuildingException: 
snippet compilation error while compiling: class Wrapper {
    static void wrap() throws java.lang.Throwable {
        int i=0;
    }
}
	at spoon.test.comparison.EqualTest.testEqualsComment(EqualTest.java:88)
Caused by: java.lang.NullPointerException

[INFO] Running spoon.test.properties.PropertiesTest
[INFO] Tests run: 1, Failures: 0, Errors: 0, Skipped: 0, Time elapsed: 0.046 s - in spoon.test.properties.PropertiesTest
[INFO] Running spoon.test.jar.JarTest
[ERROR] Tests run: 4, Failures: 0, Errors: 2, Skipped: 0, Time elapsed: 0.147 s <<< FAILURE! - in spoon.test.jar.JarTest
[ERROR] testFile(spoon.test.jar.JarTest)  Time elapsed: 0.049 s  <<< ERROR!
java.lang.NullPointerException

[ERROR] testResource(spoon.test.jar.JarTest)  Time elapsed: 0.048 s  <<< ERROR!
java.lang.NullPointerException

[INFO] Running spoon.test.signature.SignatureTest
[ERROR] Tests run: 8, Failures: 0, Errors: 6, Skipped: 0, Time elapsed: 0.359 s <<< FAILURE! - in spoon.test.signature.SignatureTest
[ERROR] testMethodInvocationSignatureStaticFieldsVariables(spoon.test.signature.SignatureTest)  Time elapsed: 0.048 s  <<< ERROR!
spoon.compiler.ModelBuildingException: 
snippet compilation error while compiling: class Wrapper {
    static void wrap() throws java.lang.Throwable {
        Integer.toBinaryString(Integer.MAX_VALUE);
    }
}
	at spoon.test.signature.SignatureTest.testMethodInvocationSignatureStaticFieldsVariables(SignatureTest.java:154)
Caused by: java.lang.NullPointerException

[ERROR] testNullSignatureInUnboundVariable(spoon.test.signature.SignatureTest)  Time elapsed: 0.051 s  <<< ERROR!
java.lang.IndexOutOfBoundsException: Index: 0, Size: 0
	at spoon.test.signature.SignatureTest.testNullSignatureInUnboundVariable(SignatureTest.java:115)

[ERROR] testUnboundFieldSignature(spoon.test.signature.SignatureTest)  Time elapsed: 0.041 s  <<< ERROR!
java.lang.IndexOutOfBoundsException: Index: 0, Size: 0
	at spoon.test.signature.SignatureTest.testUnboundFieldSignature(SignatureTest.java:285)

[ERROR] testLiteralSignature(spoon.test.signature.SignatureTest)  Time elapsed: 0.041 s  <<< ERROR!
spoon.compiler.ModelBuildingException: 
snippet compilation error while compiling: class Wrapper {
    static void wrap() throws java.lang.Throwable {
        System.out.println("hello");
    }
}
	at spoon.test.signature.SignatureTest.testLiteralSignature(SignatureTest.java:135)
Caused by: java.lang.NullPointerException

[ERROR] testMethodInvocationSignatureWithVariableAccess(spoon.test.signature.SignatureTest)  Time elapsed: 0.041 s  <<< ERROR!
java.lang.NullPointerException

[ERROR] testNullSignature(spoon.test.signature.SignatureTest)  Time elapsed: 0.041 s  <<< ERROR!
spoon.compiler.ModelBuildingException: 
snippet compilation error while compiling: class Wrapper {
    static void wrap() throws java.lang.Throwable {
        class X {public Object foo() { return null;}};;
    }
}
	at spoon.test.signature.SignatureTest.testNullSignature(SignatureTest.java:73)
Caused by: java.lang.NullPointerException

[INFO] Running spoon.test.method.MethodTest
[ERROR] Tests run: 6, Failures: 0, Errors: 1, Skipped: 0, Time elapsed: 0.215 s <<< FAILURE! - in spoon.test.method.MethodTest
[ERROR] testGetAllMethods(spoon.test.method.MethodTest)  Time elapsed: 0.04 s  <<< ERROR!
java.lang.NullPointerException

[INFO] Running spoon.test.logging.LogTest
2020-03-14 09:58:57,129 WARN spoon.Launcher - Spoon is now using the 'no classpath mode' by default. If you want to ensure using Spoon in full classpath mode, please use the new flag: --cpmode fullclasspath.
2020-03-14 09:58:57,129 WARN spoon.Launcher - Spoon now parse by default the comments. Consider using the option --disable-comments if you want the old behaviour.
2020-03-14 09:58:57,129 DEBUG spoon.Launcher - destination: /boom/scratch/tmp-rta/Bears_INRIA-spoon_453383968-453477713_java-8/spooned-classes
2020-03-14 09:58:57,129 DEBUG spoon.Launcher - source classpath: null
2020-03-14 09:58:57,129 DEBUG spoon.Launcher - template classpath: []
2020-03-14 09:58:57,130 INFO spoon.Launcher - Log info
2020-03-14 09:58:57,130 WARN spoon.Launcher - Log warn
2020-03-14 09:58:57,130 ERROR spoon.Launcher - Log error
2020-03-14 09:58:57,130 DEBUG spoon.Launcher - Log debug
2020-03-14 09:58:57,130 WARN spoon.Launcher - Spoon is now using the 'no classpath mode' by default. If you want to ensure using Spoon in full classpath mode, please use the new flag: --cpmode fullclasspath.
2020-03-14 09:58:57,130 WARN spoon.Launcher - Spoon now parse by default the comments. Consider using the option --disable-comments if you want the old behaviour.
2020-03-14 09:58:57,131 DEBUG spoon.Launcher - destination: /boom/scratch/tmp-rta/Bears_INRIA-spoon_453383968-453477713_java-8/spooned-classes
2020-03-14 09:58:57,131 DEBUG spoon.Launcher - source classpath: null
2020-03-14 09:58:57,131 DEBUG spoon.Launcher - template classpath: []
2020-03-14 09:58:57,131 INFO spoon.Launcher - Log info
2020-03-14 09:58:57,131 WARN spoon.Launcher - Log warn
2020-03-14 09:58:57,131 ERROR spoon.Launcher - Log error
2020-03-14 09:58:57,131 DEBUG spoon.Launcher - Log debug
2020-03-14 09:58:57,131 WARN spoon.Launcher - Spoon is now using the 'no classpath mode' by default. If you want to ensure using Spoon in full classpath mode, please use the new flag: --cpmode fullclasspath.
2020-03-14 09:58:57,132 WARN spoon.Launcher - Spoon now parse by default the comments. Consider using the option --disable-comments if you want the old behaviour.
2020-03-14 09:58:57,132 INFO spoon.Launcher - Log info
2020-03-14 09:58:57,132 WARN spoon.Launcher - Log warn
2020-03-14 09:58:57,132 ERROR spoon.Launcher - Log error
2020-03-14 09:58:57,132 WARN spoon.Launcher - Spoon is now using the 'no classpath mode' by default. If you want to ensure using Spoon in full classpath mode, please use the new flag: --cpmode fullclasspath.
2020-03-14 09:58:57,132 WARN spoon.Launcher - Spoon now parse by default the comments. Consider using the option --disable-comments if you want the old behaviour.
2020-03-14 09:58:57,133 WARN spoon.Launcher - Log warn
2020-03-14 09:58:57,133 ERROR spoon.Launcher - Log error
2020-03-14 09:58:57,133 ERROR spoon.Launcher - Log error
[INFO] Tests run: 6, Failures: 0, Errors: 0, Skipped: 0, Time elapsed: 0.004 s - in spoon.test.logging.LogTest
[INFO] Running spoon.testing.CtElementAssertTest
[INFO] Tests run: 5, Failures: 0, Errors: 0, Skipped: 0, Time elapsed: 0.197 s - in spoon.testing.CtElementAssertTest
[INFO] Running spoon.testing.CtPackageAssertTest
[INFO] Tests run: 4, Failures: 0, Errors: 0, Skipped: 0, Time elapsed: 0.118 s - in spoon.testing.CtPackageAssertTest
[INFO] Running spoon.testing.AbstractAssertTest
[INFO] Tests run: 4, Failures: 0, Errors: 0, Skipped: 0, Time elapsed: 0.285 s - in spoon.testing.AbstractAssertTest
[INFO] Running spoon.testing.FileAssertTest
[INFO] Tests run: 2, Failures: 0, Errors: 0, Skipped: 0, Time elapsed: 0 s - in spoon.testing.FileAssertTest
[INFO] Running spoon.reflect.visitor.CtVisitorTest
[INFO] Tests run: 1, Failures: 0, Errors: 0, Skipped: 0, Time elapsed: 0 s - in spoon.reflect.visitor.CtVisitorTest
[INFO] Running spoon.reflect.visitor.CtScannerTest
[INFO] Tests run: 3, Failures: 0, Errors: 0, Skipped: 0, Time elapsed: 13.297 s - in spoon.reflect.visitor.CtScannerTest
[INFO] Running spoon.reflect.visitor.CtIteratorTest
[INFO] Tests run: 1, Failures: 0, Errors: 0, Skipped: 0, Time elapsed: 0.14 s - in spoon.reflect.visitor.CtIteratorTest
[INFO] Running spoon.reflect.visitor.CtInheritanceScannerMethodsTest
[INFO] Tests run: 1, Failures: 0, Errors: 0, Skipped: 0, Time elapsed: 0 s - in spoon.reflect.visitor.CtInheritanceScannerMethodsTest
[INFO] Running spoon.reflect.visitor.CtInheritanceScannerTest
[INFO] Tests run: 83, Failures: 0, Errors: 0, Skipped: 0, Time elapsed: 0.002 s - in spoon.reflect.visitor.CtInheritanceScannerTest
[INFO] Running spoon.reflect.declaration.CtTypeInformationTest
[INFO] Tests run: 4, Failures: 0, Errors: 0, Skipped: 0, Time elapsed: 0 s - in spoon.reflect.declaration.CtTypeInformationTest
[INFO] Running spoon.reflect.declaration.UnknownDeclarationTest
[ERROR] Tests run: 1, Failures: 0, Errors: 1, Skipped: 0, Time elapsed: 0 s <<< FAILURE! - in spoon.reflect.declaration.UnknownDeclarationTest
[ERROR] testUnknownCalls(spoon.reflect.declaration.UnknownDeclarationTest)  Time elapsed: 0 s  <<< ERROR!
java.lang.NullPointerException

[INFO] Running spoon.reflect.ast.CloneTest
[ERROR] Tests run: 5, Failures: 0, Errors: 2, Skipped: 0, Time elapsed: 3.672 s <<< FAILURE! - in spoon.reflect.ast.CloneTest
[ERROR] testCopyMethod(spoon.reflect.ast.CloneTest)  Time elapsed: 0 s  <<< ERROR!
java.lang.NullPointerException

[ERROR] testCloneCastConditional(spoon.reflect.ast.CloneTest)  Time elapsed: 0.035 s  <<< ERROR!
java.lang.NullPointerException

[INFO] Running spoon.reflect.ast.AstCheckerTest
[INFO] Tests run: 2, Failures: 0, Errors: 0, Skipped: 0, Time elapsed: 3.298 s - in spoon.reflect.ast.AstCheckerTest
[INFO] Running spoon.LauncherTest
[ERROR] Tests run: 4, Failures: 0, Errors: 1, Skipped: 0, Time elapsed: 0.129 s <<< FAILURE! - in spoon.LauncherTest
[ERROR] testLLauncherBuildModelReturnAModel(spoon.LauncherTest)  Time elapsed: 0.04 s  <<< ERROR!
java.lang.NullPointerException

[INFO] Running spoon.support.compiler.jdt.ExtendedStringLiteralTest
[INFO] Tests run: 1, Failures: 0, Errors: 0, Skipped: 0, Time elapsed: 0.039 s - in spoon.support.compiler.jdt.ExtendedStringLiteralTest
[INFO] Running spoon.support.compiler.jdt.JDTBasedSpoonCompilerTest
[INFO] Tests run: 1, Failures: 0, Errors: 0, Skipped: 0, Time elapsed: 0.996 s - in spoon.support.compiler.jdt.JDTBasedSpoonCompilerTest
[INFO] Running spoon.support.compiler.jdt.JDTBuilderTest
[INFO] Tests run: 1, Failures: 0, Errors: 0, Skipped: 0, Time elapsed: 0 s - in spoon.support.compiler.jdt.JDTBuilderTest
[INFO] Running spoon.support.compiler.jdt.JDTBatchCompilerTest
[INFO] Tests run: 1, Failures: 0, Errors: 0, Skipped: 0, Time elapsed: 4.79 s - in spoon.support.compiler.jdt.JDTBatchCompilerTest
[INFO] Running spoon.support.compiler.classpath.ComputeClasspathTest
[INFO] Tests run: 1, Failures: 0, Errors: 0, Skipped: 0, Time elapsed: 0 s - in spoon.support.compiler.classpath.ComputeClasspathTest
[INFO] Running spoon.support.visitor.java.JavaReflectionTreeBuilderTest
[ERROR] Tests run: 19, Failures: 0, Errors: 1, Skipped: 0, Time elapsed: 1.018 s <<< FAILURE! - in spoon.support.visitor.java.JavaReflectionTreeBuilderTest
[ERROR] testInnerClassWithConstructorParameterAnnotated(spoon.support.visitor.java.JavaReflectionTreeBuilderTest)  Time elapsed: 0.032 s  <<< ERROR!
java.lang.NullPointerException

[INFO] Running spoon.JarLauncherTest
Processing /boom/scratch/tmp-rta/Bears_INRIA-spoon_453383968-453477713_java-8/src/test/resources/jarLauncher/helloworld-1.0-SNAPSHOT.jar (use silent to silence)
Processing se.kth.castor.MyI
Processing se.kth.castor.App
Processing se.kth.castor.UseJson
Processing Bidon
Processing Enclosing
[ERROR] Tests run: 3, Failures: 0, Errors: 3, Skipped: 0, Time elapsed: 7.373 s <<< FAILURE! - in spoon.JarLauncherTest
[ERROR] testJarLauncherNoPom(spoon.JarLauncherTest)  Time elapsed: 0.34 s  <<< ERROR!
java.lang.NullPointerException

[ERROR] testJarLauncher(spoon.JarLauncherTest)  Time elapsed: 5.677 s  <<< ERROR!
java.lang.NullPointerException

[ERROR] testJarLauncherFernflower(spoon.JarLauncherTest)  Time elapsed: 1.356 s  <<< ERROR!
java.lang.NullPointerException

[INFO] Running spoon.processing.CtGenerationTest
[INFO] Tests run: 4, Failures: 0, Errors: 0, Skipped: 0, Time elapsed: 21.258 s - in spoon.processing.CtGenerationTest
[INFO] Running spoon.processing.ProcessingTest
[INFO] Tests run: 2, Failures: 0, Errors: 0, Skipped: 0, Time elapsed: 0.045 s - in spoon.processing.ProcessingTest
[INFO] Running spoon.MavenLauncherTest
[WARNING] Tests run: 8, Failures: 0, Errors: 0, Skipped: 1, Time elapsed: 39.612 s - in spoon.MavenLauncherTest
[INFO] Running spoon.decompiler.SpoonClassFileTransformerTest
Processing se.kth.castor.TransformMe
[INFO] Tests run: 1, Failures: 0, Errors: 0, Skipped: 0, Time elapsed: 2.046 s - in spoon.decompiler.SpoonClassFileTransformerTest
[INFO] 
[INFO] Results:
[INFO] 
[ERROR] Failures: 
[ERROR]   EqualTest.testEqualsEmptyException:59 Unable create model
[ERROR] Errors: 
[ERROR]   JarLauncherTest.testJarLauncher  NullPointer
[ERROR]   JarLauncherTest.testJarLauncherFernflower  NullPointer
[ERROR]   JarLauncherTest.testJarLauncherNoPom  NullPointer
[ERROR]   LauncherTest.testLLauncherBuildModelReturnAModel  NullPointer
[ERROR]   CloneTest.testCloneCastConditional  NullPointer
[ERROR]   CloneTest.testCopyMethod  NullPointer
[ERROR]   UnknownDeclarationTest.testUnknownCalls  NullPointer
[ERROR]   JavaReflectionTreeBuilderTest.testInnerClassWithConstructorParameterAnnotated  NullPointer
[ERROR]   AnnotationTest.testGetAnnotationFromParameter:1135  NullPointer
[ERROR]   APITest.testBasicAPIUsage:87  NullPointer
[ERROR]   APITest.testDuplicateEntry:136  NullPointer
[ERROR]   APITest.testDuplicateFilePlusFolder:165  NullPointer
[ERROR]   APITest.testDuplicateFolder:152  NullPointer
[ERROR]   APITest.testGetOneLinerMainClassFromCU:588  NullPointer
[ERROR]   APITest.testOneLinerIntro:438  NullPointer
[ERROR]   APITest.testOverrideOutputWriter:118  NullPointer
[ERROR]   NoClasspathTest.test:58  NullPointer
[ERROR]   CastTest.testCast1:47  ModelBuilding snippet compilation error while compilin...
[ERROR]   CastTest.testCast2:64  ModelBuilding snippet compilation error while compilin...
[ERROR]   CastTest.testCast3:81  ModelBuilding snippet compilation error while compilin...
[ERROR]   CommentTest.testDocumentationContract:787->lambda$testDocumentationContract$0:852  ModelBuilding
[ERROR]   CommentTest.testSnippedWithComments:725  NullPointer
[ERROR]   EqualTest.testEqualsActualTypeRef:111  ModelBuilding snippet compilation erro...
[ERROR]   EqualTest.testEqualsComment:88  ModelBuilding snippet compilation error while...
[ERROR]   EqualTest.testEqualsDetails:119  ModelBuilding snippet compilation error whil...
[ERROR]   EqualTest.testEqualsMultitype:98  ModelBuilding snippet compilation error whi...
[ERROR]   CompilationTest.compileCommandLineTest  NullPointer
[ERROR]   CompilationTest.compileTest  NullPointer
[ERROR]   CompilationTest.testExoticClassLoader  NullPointer
[ERROR]   CompilationTest.testNewInstance:170  ModelBuilding snippet compilation error ...
[ERROR]   NewClassTest.testCtNewClassInNoClasspath  NullPointer
[ERROR]   CtClassTest.testAllTypeReferencesToALocalTypeShouldNotStartWithNumber:165  ModelBuilding
[ERROR]   CtTypeTest.testHasMethodInDirectMethod:53  ModelBuilding snippet compilation ...
[ERROR]   CtTypeTest.testHasMethodNotHasMethod:61  ModelBuilding snippet compilation er...
[ERROR]   CtTypeTest.testHasMethodOnNull:70  ModelBuilding snippet compilation error wh...
[ERROR]   EnumsTypeTest.testEnumsFromInterface  NullPointer
[ERROR]   EnumsTypeTest.testEnumsType  NullPointer
[ERROR]   EvalTest.testVisitorPartialEvaluator_binary:133  ModelBuilding snippet compil...
[ERROR]   EvalTest.testVisitorPartialEvaluator_if:165  ModelBuilding snippet compilatio...
[ERROR]   TypeFactoryTest.testGetClassWithDollarAndNestedClass  NullPointer
[ERROR]   FieldTest.getFQNofFieldReference  NullPointer
[ERROR]   FieldAccessTest.testFieldAccessAutoExplicit:426  ModelBuilding snippet compil...
[ERROR]   FieldAccessTest.testFieldAccessNoClasspath  NullPointer
[ERROR]   FieldAccessTest.testFieldAccessOnUnknownType  NullPointer
[ERROR]   GenericsTest.testDiamond1:172  ModelBuilding snippet compilation error while ...
[ERROR]   ImportAndExtendWithPackageNameTest.testBuildModel:38  NullPointer
[ERROR]   ImportTest.testNullable:1429  NullPointer
[ERROR]   ImportTest.testStaticImportForInvocationInNoClasspath:306  NullPointer
[ERROR]   ImportTest.testSuperInheritanceHierarchyFunctionNoClasspath:980  NullPointer
[ERROR]   IntercessionTest.testEqualConstructor:111  ModelBuilding snippet compilation ...
[ERROR]   IntercessionTest.testInsertAfter:181  ModelBuilding snippet compilation error...
[ERROR]   IntercessionTest.testInsertBegin:69  ModelBuilding snippet compilation error ...
[ERROR]   IntercessionTest.testInsertEnd:89  ModelBuilding snippet compilation error wh...
[ERROR]   IntercessionTest.testInsertIfIntercession:148  ModelBuilding snippet compilat...
[ERROR]   RemoveTest.testRemoveAllStatements:42  ModelBuilding snippet compilation erro...
[ERROR]   InsertMethodsTest.setup:65  ModelBuilding snippet compilation error while com...
[ERROR]   InsertMethodsTest.setup:65  ModelBuilding snippet compilation error while com...
[ERROR]   InsertMethodsTest.setup:65  ModelBuilding snippet compilation error while com...
[ERROR]   InsertMethodsTest.setup:65  ModelBuilding snippet compilation error while com...
[ERROR]   InsertMethodsTest.setup:65  ModelBuilding snippet compilation error while com...
[ERROR]   InsertMethodsTest.setup:65  ModelBuilding snippet compilation error while com...
[ERROR]   InsertMethodsTest.setup:65  ModelBuilding snippet compilation error while com...
[ERROR]   InsertMethodsTest.setup:65  ModelBuilding snippet compilation error while com...
[ERROR]   InsertMethodsTest.setup:65  ModelBuilding snippet compilation error while com...
[ERROR]   JarTest.testFile  NullPointer
[ERROR]   JarTest.testResource  NullPointer
[ERROR]   LambdaTest.testFieldAccessInLambdaNoClassPath  NullPointer
[ERROR]   LambdaTest.testTypeAccessInLambdaNoClassPath  NullPointer
[ERROR]   MethodTest.testGetAllMethods  NullPointer
[ERROR]   MethodReferenceTest.testNoClasspathExecutableReferenceExpression  NullPointer
[ERROR]   MethodReferenceTest.testNoClasspathSuperExecutable  NullPointer
[ERROR]   BlockTest.testAddEmptyBlock:72  ModelBuilding snippet compilation error while...
[ERROR]   BlockTest.testIterationStatements:46  ModelBuilding snippet compilation error...
[ERROR]   IncrementalLauncherTest.testCache  NullPointer
[ERROR]   IncrementalLauncherTest.testIncremental1  NullPointer
[ERROR]   IncrementalLauncherTest.testIncremental2  NullPointer
[ERROR]   IncrementalLauncherTest.testIncremental3  NullPointer
[ERROR]   SwitchCaseTest.testIterationStatements:53  ModelBuilding snippet compilation ...
[ERROR]   TypeTest.testGetUsedTypesForTypeInRootPackage:82  ModelBuilding snippet compi...
[ERROR]   TestModule.testCompleteModuleInfoContentNoClasspath:104  NullPointer
[ERROR]   TestModule.testDirectiveOrders:257  NullPointer
[ERROR]   TestModule.testModuleInfoShouldBeCorrectlyPrettyPrinted:180  NullPointer
[ERROR]   TestModule.testModuleInfoWithComments:207  NullPointer
[ERROR]   ParameterTest.testGetParameterReferenceInLambdaNoClasspath  NullPointer
[ERROR]   ParameterTest.testMultiParameterLambdaTypeReference  NullPointer
[ERROR]   ParentTest.testHasParent:292  NullPointer
[ERROR]   ParentTest.testParentOfCtPackageReference:148  NullPointer
[ERROR]   DefaultPrettyPrinterTest.testTernaryParenthesesOnLocalVariable:312  ModelBuilding
[ERROR]   CloneReferenceTest.testGetDeclarationAfterClone:46  NullPointer
[ERROR]   CloneReferenceTest.testGetDeclarationOfFieldAfterClone:78  NullPointer
[ERROR]   ExecutableReferenceTest.testCallMethodOfClassNotPresent:52  NullPointer
[ERROR]   ExecutableReferenceTest.testCreateReferenceForAnonymousExecutable:154  NullPointer
[ERROR]   TypeReferenceTest.testAnnotationOnMethodWithPrimitiveReturnTypeInNoClasspath:455  NullPointer
[ERROR]   TypeReferenceTest.testAnonymousClassesHaveAnEmptyStringForItsNameInNoClasspath:472  NullPointer
[ERROR]   TypeReferenceTest.testArgumentOfAInvocationIsNotATypeAccess:410  NullPointer
[ERROR]   TypeReferenceTest.testConstructorCallInNoClasspath:496  NullPointer
[ERROR]   TypeReferenceTest.testInvocationWithFieldAccessInNoClasspath:429  NullPointer
[ERROR]   TypeReferenceTest.testPackageInNoClasspath:320  NullPointer
[ERROR]   TypeReferenceTest.testTypeDeclarationWildcard:618  ModelBuilding snippet comp...
[ERROR]   TypeReferenceTest.testTypeReferenceSpecifiedInClassDeclarationInNoClasspath:354  NullPointer
[ERROR]   TypeReferenceTest.testTypeReferenceSpecifiedInClassDeclarationInNoClasspathWithGenerics:380  NullPointer
[ERROR]   VariableAccessTest.testDeclarationOfVariableReference:98  NullPointer
[ERROR]   VariableAccessTest.testDeclaringTypeOfALambdaReferencedByParameterReference:119  NullPointer
[ERROR]   VariableAccessTest.testGetDeclarationAfterClone:150  NullPointer
[ERROR]   VariableAccessTest.testMultipleDeclarationsOfLocalVariable:255  NullPointer
[ERROR]   ReplaceTest.testReplaceAPackageReferenceByAnotherOne  NullPointer
[ERROR]   ReplaceTest.testReplaceBlockTry:433  ModelBuilding snippet compilation error ...
[ERROR]   SerializableTest.testSerialCtStatement:45  ModelBuilding snippet compilation ...
[ERROR]   SourcePositionTest.testSourcePosition  NullPointer
[ERROR]   SignatureTest.testLiteralSignature:135  ModelBuilding snippet compilation err...
[ERROR]   SignatureTest.testMethodInvocationSignatureStaticFieldsVariables:154  ModelBuilding
[ERROR]   SignatureTest.testMethodInvocationSignatureWithVariableAccess  NullPointer
[ERROR]   SignatureTest.testNullSignature:73  ModelBuilding snippet compilation error w...
[ERROR]   SignatureTest.testNullSignatureInUnboundVariable:115  IndexOutOfBounds Index:...
[ERROR]   SignatureTest.testUnboundFieldSignature:285  IndexOutOfBounds Index: 0, Size:...
[ERROR]   SnippetTest.testCompileSnippetSeveralTimes:81  ModelBuilding snippet compilat...
[ERROR]   SnippetTest.testCompileSnippetWithContext:107  ModelBuilding snippet compilat...
[ERROR]   SnippetTest.testCompileStatementWithReturn:116  ModelBuilding snippet compila...
[ERROR]   SnippetTest.testSnippetFullClass:54  ModelBuilding snippet compilation error ...
[ERROR]   StringLiteralTest.testSnippetFullClass:47  ModelBuilding snippet compilation ...
[ERROR]   TargetedExpressionTest.testInitializeFieldAccessInNoclasspathMode  NullPointer
[ERROR]   TargetedExpressionTest.testStaticTargetsOfFieldAccessNoClasspath  NullPointer
[ERROR]   TargetedExpressionTest.testStaticTargetsOfInvNoClasspath  NullPointer
[ERROR]   TryCatchTest.testCatchOrder:98  ModelBuilding snippet compilation error while...
[ERROR]   TryCatchTest.testCatchWithUnknownExceptions:316  NullPointer
[ERROR]   TryCatchTest.testExceptionJava7:120  ModelBuilding snippet compilation error ...
[ERROR]   TryCatchTest.testFullyQualifiedException:83  ModelBuilding snippet compilatio...
[ERROR]   TryCatchTest.testTryCatchVariableGetType:233  ModelBuilding snippet compilati...
[ERROR]   TypeTest.testTypeAccessOnPrimitive:99  ModelBuilding snippet compilation erro...
[ERROR]   AccessTest.testAccessToStringOnPostIncrement:230  ModelBuilding snippet compi...
[ERROR]   AssignmentsEqualsTest.testEquals:19  NullPointer
[INFO] 
[ERROR] Tests run: 1610, Failures: 1, Errors: 131, Skipped: 5
[INFO] 
[INFO] ------------------------------------------------------------------------
[INFO] BUILD FAILURE
[INFO] ------------------------------------------------------------------------
[INFO] Total time: 11:02 min
[INFO] Finished at: 2020-03-14T10:00:40-07:00
[INFO] Final Memory: 22M/1080M
[INFO] ------------------------------------------------------------------------
[ERROR] Failed to execute goal org.apache.maven.plugins:maven-surefire-plugin:2.21.0:test (default-test) on project spoon-core: There are test failures.
[ERROR] 
[ERROR] Please refer to /boom/scratch/tmp-rta/Bears_INRIA-spoon_453383968-453477713_java-8/target/surefire-reports for the individual test results.
[ERROR] Please refer to dump files (if any exist) [date]-jvmRun[N].dump, [date].dumpstream and [date]-jvmRun[N].dumpstream.
[ERROR] -> [Help 1]
[ERROR] 
[ERROR] To see the full stack trace of the errors, re-run Maven with the -e switch.
[ERROR] Re-run Maven using the -X switch to enable full debug logging.
[ERROR] 
[ERROR] For more information about the errors and possible solutions, please read the following articles:
[ERROR] [Help 1] http://cwiki.apache.org/confluence/display/MAVEN/MojoFailureException
