Picked up JAVA_TOOL_OPTIONS: -XX:CICompilerCount=2 -XX:ParallelGCThreads=2 -XX:ConcGCThreads=2 -Djdk.net.URLClassPath.disableClassPathURLCheck=true 
Picked up _JAVA_OPTIONS: -Djdk.net.URLClassPath.disableClassPathURLCheck=true
Apache Maven 3.5.0 (Red Hat 3.5.0-4.3)
Maven home: /opt/rh/rh-maven35/root/usr/share/maven
Java version: 1.7.0_80, vendor: Oracle Corporation
Java home: /boom/scratch/jmcampos/RTA/repair_them_all_framework/jdks/jdk1.7.0_80/jre
Default locale: en_US, platform encoding: UTF-8
OS name: "linux", version: "4.14.147-1.el7.retpoline.x86_64", arch: "amd64", family: "unix"
[INFO] Scanning for projects...
[INFO] 
[INFO] ------------------------------------------------------------------------
[INFO] Building Wicket Date/Time 1.5-SNAPSHOT
[INFO] ------------------------------------------------------------------------
[INFO] Downloading: http://repository.apache.org/snapshots/org/apache/wicket/wicket/1.5-SNAPSHOT/maven-metadata.xml
[INFO] Downloaded: http://repository.apache.org/snapshots/org/apache/wicket/wicket/1.5-SNAPSHOT/maven-metadata.xml (602 B at 382 B/s)
[INFO] Downloading: http://repository.apache.org/snapshots/org/apache/wicket/wicket-parent/1.5-SNAPSHOT/maven-metadata.xml
[INFO] Downloaded: http://repository.apache.org/snapshots/org/apache/wicket/wicket-parent/1.5-SNAPSHOT/maven-metadata.xml (609 B at 387 B/s)
[INFO] Downloading: http://repository.apache.org/snapshots/org/apache/wicket/wicket-core/1.5-SNAPSHOT/maven-metadata.xml
[INFO] Downloaded: http://repository.apache.org/snapshots/org/apache/wicket/wicket-core/1.5-SNAPSHOT/maven-metadata.xml (1.4 kB at 414 B/s)
[INFO] Downloading: http://repository.apache.org/snapshots/org/apache/wicket/wicket-util/1.5-SNAPSHOT/maven-metadata.xml
[INFO] Downloaded: http://repository.apache.org/snapshots/org/apache/wicket/wicket-util/1.5-SNAPSHOT/maven-metadata.xml (1.4 kB at 3.2 kB/s)
[INFO] Downloading: http://repository.apache.org/snapshots/org/apache/wicket/wicket-request/1.5-SNAPSHOT/maven-metadata.xml
[INFO] Downloaded: http://repository.apache.org/snapshots/org/apache/wicket/wicket-request/1.5-SNAPSHOT/maven-metadata.xml (1.4 kB at 3.8 kB/s)
[INFO] 
[INFO] --- maven-remote-resources-plugin:1.2:process (default) @ wicket-datetime ---
[INFO] Setting property: classpath.resource.loader.class => 'org.codehaus.plexus.velocity.ContextClassLoaderResourceLoader'.
[INFO] Setting property: velocimacro.messages.on => 'false'.
[INFO] Setting property: resource.loader => 'classpath'.
[INFO] Setting property: resource.manager.logwhenfound => 'false'.
[INFO] 
[INFO] --- maven-resources-plugin:2.4.3:resources (default-resources) @ wicket-datetime ---
[INFO] Using 'UTF-8' encoding to copy filtered resources.
[INFO] Copying 21 resources
[INFO] Copying 0 resource
[INFO] Copying 3 resources
[INFO] 
[INFO] --- maven-compiler-plugin:2.3.2:compile (default-compile) @ wicket-datetime ---
[INFO] Nothing to compile - all classes are up to date
[INFO] 
[INFO] --- maven-bundle-plugin:1.4.1:manifest (bundle-manifest) @ wicket-datetime ---
[INFO] 
[INFO] --- maven-resources-plugin:2.4.3:testResources (default-testResources) @ wicket-datetime ---
[INFO] Using 'UTF-8' encoding to copy filtered resources.
[INFO] Copying 4 resources
[INFO] Copying 3 resources
[INFO] 
[INFO] --- maven-compiler-plugin:2.3.2:testCompile (default-testCompile) @ wicket-datetime ---
[INFO] Nothing to compile - all classes are up to date
[INFO] 
[INFO] --- maven-surefire-plugin:2.6:test (default-test) @ wicket-datetime ---
[INFO] Downloading: https://repo.maven.apache.org/maven2/org/apache/maven/surefire/surefire-junit4/2.6/surefire-junit4-2.6.pom
[INFO] Downloaded: https://repo.maven.apache.org/maven2/org/apache/maven/surefire/surefire-junit4/2.6/surefire-junit4-2.6.pom (2.0 kB at 982 B/s)
[INFO] Downloading: https://repo.maven.apache.org/maven2/org/apache/maven/surefire/surefire-providers/2.6/surefire-providers-2.6.pom
[INFO] Downloaded: https://repo.maven.apache.org/maven2/org/apache/maven/surefire/surefire-providers/2.6/surefire-providers-2.6.pom (1.8 kB at 867 B/s)
[INFO] Downloading: https://repo.maven.apache.org/maven2/org/apache/maven/surefire/surefire-junit4/2.6/surefire-junit4-2.6.jar
[INFO] Downloaded: https://repo.maven.apache.org/maven2/org/apache/maven/surefire/surefire-junit4/2.6/surefire-junit4-2.6.jar (12 kB at 455 kB/s)
[INFO] Surefire report directory: /tmp/Bugs.jar_Wicket_292a2582_java-7/wicket-datetime/target/surefire-reports
Picked up JAVA_TOOL_OPTIONS: -XX:CICompilerCount=2 -XX:ParallelGCThreads=2 -XX:ConcGCThreads=2 -Djdk.net.URLClassPath.disableClassPathURLCheck=true -XX:CICompilerCount=2 -XX:ParallelGCThreads=2 -XX:ConcGCThreads=2 -Djdk.net.URLClassPath.disableClassPathURLCheck=true 
Picked up _JAVA_OPTIONS: -Djdk.net.URLClassPath.disableClassPathURLCheck=true

-------------------------------------------------------
 T E S T S
-------------------------------------------------------
Running org.apache.wicket.extensions.yui.calendar.DatePickerTest
ERROR - DatePickerTest             - =========== test1() =================
=== org.apache.wicket.extensions.yui.calendar.DatesPage1 ===
ERROR - DatePickerTest             - =========== test2() =================
ERROR - DatePickerTest             - orig: 1289026800000; date: 1289026800000; dateTime: 1289026800000
ERROR - DatePickerTest             - orig: Sat Nov 06 00:00:00 PDT 2010; date: Sat Nov 06 00:00:00 PDT 2010; dateTime: Sat Nov 06 00:00:00 PDT 2010
ERROR - DatePickerTest             - =========== test3() =================
ERROR - DatePickerTest             - orig: 1289026800000; date: 1289113200000; dateTime: 1289113200000
ERROR - DatePickerTest             - orig: Sat Nov 06 08:00:00 CET 2010; date: Sun Nov 07 08:00:00 CET 2010; dateTime: Sun Nov 07 08:00:00 CET 2010
ERROR - DatePickerTest             - =========== testDifferentDateTimeZoneConversion() =================
ERROR - DatePickerTest             - orig: 1288963800000; date: 1288963800000; dateTime: 1288963800000
ERROR - DatePickerTest             - orig: Fri Nov 05 14:30:00 CET 2010; date: Fri Nov 05 14:30:00 CET 2010; dateTime: Fri Nov 05 14:30:00 CET 2010
ERROR - DatePickerTest             - =========== testDates1() =================
ERROR - DatePickerTest             - >>> convertDateNew()
ERROR - DatePickerTest             - 1. date: 1289026800000  2010-11-06T00:00:00.000-07:00
ERROR - DatePickerTest             - 2. halfday adjustments: 1289026800000  2010-11-06T00:00:00.000-07:00
ERROR - DatePickerTest             - 3. final date: 1289026800000  Sat Nov 06 08:00:00 CET 2010
ERROR - DatePickerTest             - ; origNew: 1289026800000; expected: 1289026800000
ERROR - DatePickerTest             - ; origNew: Sat Nov 06 08:00:00 CET 2010; expected: Sat Nov 06 08:00:00 CET 2010
ERROR - DatePickerTest             - =========== testDates2() =================
ERROR - DatePickerTest             - >>> convertDateNew()
ERROR - DatePickerTest             - 1. date: 1289026800000  2010-11-06T00:00:00.000-07:00
ERROR - DatePickerTest             - 2. halfday adjustments: 1289026800000  2010-11-06T00:00:00.000-07:00
ERROR - DatePickerTest             - 3. final date: 1289026800000  Sat Nov 06 08:00:00 CET 2010
ERROR - DatePickerTest             - ; origNew: 1289026800000; expected: 1289026800000
ERROR - DatePickerTest             - ; origNew: Sat Nov 06 08:00:00 CET 2010; expected: Sat Nov 06 08:00:00 CET 2010
ERROR - DatePickerTest             - =========== testDates3() =================
ERROR - DatePickerTest             - >>> convertDateNew()
ERROR - DatePickerTest             - 1. date: 1289070000000  2010-11-06T12:00:00.000-07:00
ERROR - DatePickerTest             - 2. halfday adjustments: 1289070000000  2010-11-06T12:00:00.000-07:00
ERROR - DatePickerTest             - 3. final date: 1289070000000  Sat Nov 06 20:00:00 CET 2010
ERROR - DatePickerTest             - ; origNew: 1289070000000; expected: 1289070000000
ERROR - DatePickerTest             - ; origNew: Sat Nov 06 20:00:00 CET 2010; expected: Sat Nov 06 20:00:00 CET 2010
Tests run: 8, Failures: 1, Errors: 0, Skipped: 0, Time elapsed: 0.934 sec <<< FAILURE!
Running org.apache.wicket.util.license.ApacheLicenceHeaderTest
Tests run: 1, Failures: 0, Errors: 0, Skipped: 0, Time elapsed: 0.058 sec

Results :

Failed tests: 
  test3(org.apache.wicket.extensions.yui.calendar.DatePickerTest)

Tests run: 9, Failures: 1, Errors: 0, Skipped: 0

[INFO] ------------------------------------------------------------------------
[INFO] BUILD FAILURE
[INFO] ------------------------------------------------------------------------
[INFO] Total time: 25.536 s
[INFO] Finished at: 2020-03-09T05:58:27-07:00
[INFO] Final Memory: 18M/982M
[INFO] ------------------------------------------------------------------------
[ERROR] Failed to execute goal org.apache.maven.plugins:maven-surefire-plugin:2.6:test (default-test) on project wicket-datetime: There are test failures.
[ERROR] 
[ERROR] Please refer to /tmp/Bugs.jar_Wicket_292a2582_java-7/wicket-datetime/target/surefire-reports for the individual test results.
[ERROR] -> [Help 1]
[ERROR] 
[ERROR] To see the full stack trace of the errors, re-run Maven with the -e switch.
[ERROR] Re-run Maven using the -X switch to enable full debug logging.
[ERROR] 
[ERROR] For more information about the errors and possible solutions, please read the following articles:
[ERROR] [Help 1] http://cwiki.apache.org/confluence/display/MAVEN/MojoFailureException
