Picked up JAVA_TOOL_OPTIONS: -XX:CICompilerCount=2 -XX:ParallelGCThreads=2 -XX:ConcGCThreads=2 -Djdk.net.URLClassPath.disableClassPathURLCheck=true 
Java HotSpot(TM) 64-Bit Server VM warning: ignoring option MaxPermSize=512m; support was removed in 8.0
Picked up _JAVA_OPTIONS: -Djdk.net.URLClassPath.disableClassPathURLCheck=true
Apache Maven 3.5.0 (Red Hat 3.5.0-4.3)
Maven home: /opt/rh/rh-maven35/root/usr/share/maven
Java version: 1.8.0_181, vendor: Oracle Corporation
Java home: /scratch/jmcampos/RTA/repair_them_all_framework/jdks/jdk1.8.0_181/jre
Default locale: en_US, platform encoding: UTF-8
OS name: "linux", version: "4.14.158-1.el7.retpoline.x86_64", arch: "amd64", family: "unix"
[INFO] Scanning for projects...
[INFO] Downloading: https://repo.spring.io/libs-snapshot/org/springframework/data/build/spring-data-parent/2.0.4.BUILD-SNAPSHOT/maven-metadata.xml
[INFO] Downloaded: https://repo.spring.io/libs-snapshot/org/springframework/data/build/spring-data-parent/2.0.4.BUILD-SNAPSHOT/maven-metadata.xml (639 B at 1.3 kB/s)
[INFO] Downloading: https://repo.spring.io/libs-snapshot/org/springframework/data/build/spring-data-build/2.0.4.BUILD-SNAPSHOT/maven-metadata.xml
[INFO] Downloaded: https://repo.spring.io/libs-snapshot/org/springframework/data/build/spring-data-build/2.0.4.BUILD-SNAPSHOT/maven-metadata.xml (638 B at 87 B/s)
[INFO] 
[INFO] ------------------------------------------------------------------------
[INFO] Building Spring Data JPA 2.0.4.BUILD-SNAPSHOT
[INFO] ------------------------------------------------------------------------
[INFO] Downloading: https://repo.spring.io/libs-snapshot/org/springframework/data/spring-data-commons/2.0.4.BUILD-SNAPSHOT/maven-metadata.xml
[INFO] Downloaded: https://repo.spring.io/libs-snapshot/org/springframework/data/spring-data-commons/2.0.4.BUILD-SNAPSHOT/maven-metadata.xml (1.3 kB at 6.0 kB/s)
[INFO] 
[INFO] --- jacoco-maven-plugin:0.8.0:prepare-agent (jacoco-initialize) @ spring-data-jpa ---
[INFO] Skipping JaCoCo execution because property jacoco.skip is set.
[INFO] argLine set to empty
[INFO] 
[INFO] --- apt-maven-plugin:1.1.3:process (sources) @ spring-data-jpa ---
[INFO] 
[INFO] --- maven-resources-plugin:2.6:resources (default-resources) @ spring-data-jpa ---
[INFO] Using 'UTF-8' encoding to copy filtered resources.
[INFO] Copying 14 resources
[INFO] 
[INFO] --- kotlin-maven-plugin:1.1.61:compile (compile) @ spring-data-jpa ---
[WARNING] No sources found skipping Kotlin compile
[INFO] 
[INFO] --- maven-compiler-plugin:3.6.1:compile (java-compile) @ spring-data-jpa ---
[INFO] Changes detected - recompiling the module!
[INFO] Compiling 110 source files to /scratch/tmp-rta/Bears_spring-projects-spring-data-jpa_343344047-343370260_java-8/target/classes
[INFO] /scratch/tmp-rta/Bears_spring-projects-spring-data-jpa_343344047-343370260_java-8/src/main/java/org/springframework/data/jpa/domain/Specifications.java: Some input files use or override a deprecated API.
[INFO] /scratch/tmp-rta/Bears_spring-projects-spring-data-jpa_343344047-343370260_java-8/src/main/java/org/springframework/data/jpa/domain/Specifications.java: Recompile with -Xlint:deprecation for details.
[INFO] 
[INFO] --- aspectj-maven-plugin:1.8:compile (default) @ spring-data-jpa ---
[INFO] Showing AJC message detail for messages of types: [error, warning, fail]
[WARNING] You aren't using a compiler supported by lombok, so lombok will not work and has been disabled.
Your processor is: org.aspectj.org.eclipse.jdt.internal.compiler.apt.dispatch.BatchProcessingEnvImpl
Lombok supports: sun/apple javac 1.6, ECJ
	<unknown source file>:<no line information>

[INFO] 
[INFO] --- apt-maven-plugin:1.1.3:test-process (test-sources) @ spring-data-jpa ---
[ERROR] /scratch/tmp-rta/Bears_spring-projects-spring-data-jpa_343344047-343370260_java-8/target/generated-test-sources/test-annotations/org/springframework/data/jpa/domain/sample/QAuditableUser.java:25: error: cannot find symbol
    public final org.springframework.data.jpa.domain.QAbstractAuditable _super = new org.springframework.data.jpa.domain.QAbstractAuditable(this);
                                                    ^
  symbol:   class QAbstractAuditable
  location: package org.springframework.data.jpa.domain
/scratch/tmp-rta/Bears_spring-projects-spring-data-jpa_343344047-343370260_java-8/target/generated-test-sources/test-annotations/org/springframework/data/jpa/domain/sample/QAuditableRole.java:25: error: cannot find symbol
    public final org.springframework.data.jpa.domain.QAbstractAuditable _super = new org.springframework.data.jpa.domain.QAbstractAuditable(this);
                                                    ^
  symbol:   class QAbstractAuditable
  location: package org.springframework.data.jpa.domain
/scratch/tmp-rta/Bears_spring-projects-spring-data-jpa_343344047-343370260_java-8/target/generated-test-sources/test-annotations/org/springframework/data/jpa/domain/sample/QCustomAbstractPersistable.java:22: error: cannot find symbol
    public final org.springframework.data.jpa.domain.QAbstractPersistable _super = new org.springframework.data.jpa.domain.QAbstractPersistable(this);
                                                    ^
  symbol:   class QAbstractPersistable
  location: package org.springframework.data.jpa.domain
/scratch/tmp-rta/Bears_spring-projects-spring-data-jpa_343344047-343370260_java-8/target/generated-test-sources/test-annotations/org/springframework/data/jpa/domain/sample/QAccount.java:22: error: cannot find symbol
    public final org.springframework.data.jpa.domain.QAbstractPersistable _super = new org.springframework.data.jpa.domain.QAbstractPersistable(this);
                                                    ^
  symbol:   class QAbstractPersistable
  location: package org.springframework.data.jpa.domain
/scratch/tmp-rta/Bears_spring-projects-spring-data-jpa_343344047-343370260_java-8/target/generated-test-sources/test-annotations/org/springframework/data/jpa/domain/sample/CustomAbstractPersistable_.java:8: error: cannot find symbol
public abstract class CustomAbstractPersistable_ extends org.springframework.data.jpa.domain.AbstractPersistable_ {
                                                                                            ^
  symbol:   class AbstractPersistable_
  location: package org.springframework.data.jpa.domain
/scratch/tmp-rta/Bears_spring-projects-spring-data-jpa_343344047-343370260_java-8/target/generated-test-sources/test-annotations/org/springframework/data/jpa/domain/sample/Account_.java:8: error: cannot find symbol
public abstract class Account_ extends org.springframework.data.jpa.domain.AbstractPersistable_ {
                                                                          ^
  symbol:   class AbstractPersistable_
  location: package org.springframework.data.jpa.domain
/scratch/tmp-rta/Bears_spring-projects-spring-data-jpa_343344047-343370260_java-8/target/generated-test-sources/test-annotations/org/springframework/data/jpa/domain/sample/AuditableUser_.java:10: error: cannot find symbol
public abstract class AuditableUser_ extends org.springframework.data.jpa.domain.AbstractAuditable_ {
                                                                                ^
  symbol:   class AbstractAuditable_
  location: package org.springframework.data.jpa.domain
/scratch/tmp-rta/Bears_spring-projects-spring-data-jpa_343344047-343370260_java-8/target/generated-test-sources/test-annotations/org/springframework/data/jpa/domain/sample/AuditableRole_.java:9: error: cannot find symbol
public abstract class AuditableRole_ extends org.springframework.data.jpa.domain.AbstractAuditable_ {
                                                                                ^
  symbol:   class AbstractAuditable_
  location: package org.springframework.data.jpa.domain
8 errors

[INFO] 
[INFO] --- maven-resources-plugin:2.6:testResources (default-testResources) @ spring-data-jpa ---
[INFO] Using 'UTF-8' encoding to copy filtered resources.
[INFO] Copying 34 resources
[INFO] 
[INFO] --- kotlin-maven-plugin:1.1.61:test-compile (test-compile) @ spring-data-jpa ---
[WARNING] No sources found skipping Kotlin compile
[INFO] 
[INFO] --- maven-compiler-plugin:3.6.1:testCompile (java-test-compile) @ spring-data-jpa ---
[INFO] Changes detected - recompiling the module!
[INFO] Compiling 247 source files to /scratch/tmp-rta/Bears_spring-projects-spring-data-jpa_343344047-343370260_java-8/target/test-classes
[INFO] /scratch/tmp-rta/Bears_spring-projects-spring-data-jpa_343344047-343370260_java-8/src/test/java/org/springframework/data/jpa/domain/SpecificationsUnitTests.java: Some input files use or override a deprecated API.
[INFO] /scratch/tmp-rta/Bears_spring-projects-spring-data-jpa_343344047-343370260_java-8/src/test/java/org/springframework/data/jpa/domain/SpecificationsUnitTests.java: Recompile with -Xlint:deprecation for details.
[INFO] /scratch/tmp-rta/Bears_spring-projects-spring-data-jpa_343344047-343370260_java-8/src/test/java/org/springframework/data/jpa/repository/config/AbstractAuditingViaJavaConfigRepositoriesTests.java: /scratch/tmp-rta/Bears_spring-projects-spring-data-jpa_343344047-343370260_java-8/src/test/java/org/springframework/data/jpa/repository/config/AbstractAuditingViaJavaConfigRepositoriesTests.java uses unchecked or unsafe operations.
[INFO] /scratch/tmp-rta/Bears_spring-projects-spring-data-jpa_343344047-343370260_java-8/src/test/java/org/springframework/data/jpa/repository/config/AbstractAuditingViaJavaConfigRepositoriesTests.java: Recompile with -Xlint:unchecked for details.
[INFO] 
[INFO] --- maven-surefire-plugin:2.12:test (default-test) @ spring-data-jpa ---
[INFO] Surefire report directory: /scratch/tmp-rta/Bears_spring-projects-spring-data-jpa_343344047-343370260_java-8/target/surefire-reports
[INFO] Downloading: https://repo.spring.io/plugins-release/org/apache/maven/surefire/surefire-junit4/2.12/surefire-junit4-2.12.pom
[INFO] Downloaded: https://repo.spring.io/plugins-release/org/apache/maven/surefire/surefire-junit4/2.12/surefire-junit4-2.12.pom (2.4 kB at 846 B/s)
[INFO] Downloading: https://repo.spring.io/plugins-release/org/apache/maven/surefire/surefire-providers/2.12/surefire-providers-2.12.pom
[INFO] Downloaded: https://repo.spring.io/plugins-release/org/apache/maven/surefire/surefire-providers/2.12/surefire-providers-2.12.pom (2.3 kB at 1.1 kB/s)
[INFO] Downloading: https://repo.spring.io/plugins-release/org/apache/maven/surefire/surefire-junit4/2.12/surefire-junit4-2.12.jar
[INFO] Downloaded: https://repo.spring.io/plugins-release/org/apache/maven/surefire/surefire-junit4/2.12/surefire-junit4-2.12.jar (34 kB at 128 kB/s)

-------------------------------------------------------
 T E S T S
-------------------------------------------------------
Picked up JAVA_TOOL_OPTIONS: -XX:CICompilerCount=2 -XX:ParallelGCThreads=2 -XX:ConcGCThreads=2 -Djdk.net.URLClassPath.disableClassPathURLCheck=true -XX:CICompilerCount=2 -XX:ParallelGCThreads=2 -XX:ConcGCThreads=2 -Djdk.net.URLClassPath.disableClassPathURLCheck=true 
Picked up _JAVA_OPTIONS: -Djdk.net.URLClassPath.disableClassPathURLCheck=true

Results :

Tests run: 0, Failures: 0, Errors: 0, Skipped: 0

[INFO] 
[INFO] --- maven-surefire-plugin:2.12:test (unit-tests) @ spring-data-jpa ---
[INFO] Surefire report directory: /scratch/tmp-rta/Bears_spring-projects-spring-data-jpa_343344047-343370260_java-8/target/surefire-reports

-------------------------------------------------------
 T E S T S
-------------------------------------------------------
Picked up JAVA_TOOL_OPTIONS: -XX:CICompilerCount=2 -XX:ParallelGCThreads=2 -XX:ConcGCThreads=2 -Djdk.net.URLClassPath.disableClassPathURLCheck=true -XX:CICompilerCount=2 -XX:ParallelGCThreads=2 -XX:ConcGCThreads=2 -Djdk.net.URLClassPath.disableClassPathURLCheck=true 
Picked up _JAVA_OPTIONS: -Djdk.net.URLClassPath.disableClassPathURLCheck=true
Running org.springframework.data.jpa.repository.support.SimpleJpaRepositoryUnitTests
Tests run: 7, Failures: 0, Errors: 0, Skipped: 0, Time elapsed: 1.586 sec
Running org.springframework.data.jpa.repository.support.JpaEntityInformationSupportUnitTests
Tests run: 2, Failures: 0, Errors: 0, Skipped: 0, Time elapsed: 0.054 sec
Running org.springframework.data.jpa.repository.support.CrudMethodMetadataPopulatingMethodInterceptorUnitTests
Tests run: 2, Failures: 0, Errors: 0, Skipped: 0, Time elapsed: 0.319 sec
Running org.springframework.data.jpa.repository.support.EntityManagerFactoryRefUnitTests
Tests run: 1, Failures: 0, Errors: 0, Skipped: 0, Time elapsed: 0.618 sec
Running org.springframework.data.jpa.repository.support.DefaultJpaContextUnitTests
Tests run: 2, Failures: 0, Errors: 0, Skipped: 0, Time elapsed: 0 sec
Running org.springframework.data.jpa.repository.support.EntityManagerBeanDefinitionRegistratPostProcessorUnitTests
Tests run: 2, Failures: 0, Errors: 0, Skipped: 0, Time elapsed: 0.047 sec
Running org.springframework.data.jpa.repository.support.JpaMetamodelEntityInformationUnitTests
Tests run: 1, Failures: 0, Errors: 0, Skipped: 0, Time elapsed: 0.136 sec
Running org.springframework.data.jpa.repository.support.JpaRepositoryFactoryUnitTests
Tests run: 9, Failures: 0, Errors: 0, Skipped: 0, Time elapsed: 0.395 sec
Running org.springframework.data.jpa.repository.support.JpaPersistableEntityInformationUnitTests
Tests run: 1, Failures: 0, Errors: 0, Skipped: 0, Time elapsed: 0.067 sec
Running org.springframework.data.jpa.repository.support.JpaRepositoryFactoryBeanUnitTests
Tests run: 3, Failures: 0, Errors: 0, Skipped: 0, Time elapsed: 0.181 sec
Running org.springframework.data.jpa.repository.cdi.JpaRepositoryExtensionUnitTests
Tests run: 3, Failures: 0, Errors: 0, Skipped: 0, Time elapsed: 0.042 sec
Running org.springframework.data.jpa.repository.query.JpaParametersUnitTests
Tests run: 1, Failures: 0, Errors: 0, Skipped: 0, Time elapsed: 0.004 sec
Running org.springframework.data.jpa.repository.query.StoredProcedureAttributesUnitTests
Tests run: 1, Failures: 0, Errors: 0, Skipped: 0, Time elapsed: 0.001 sec
Running org.springframework.data.jpa.repository.query.JpaQueryExecutionUnitTests
Tests run: 14, Failures: 0, Errors: 0, Skipped: 0, Time elapsed: 0.187 sec
Running org.springframework.data.jpa.repository.query.StoredProcedureAttributeSourceUnitTests
Tests run: 8, Failures: 0, Errors: 0, Skipped: 0, Time elapsed: 0.05 sec
Running org.springframework.data.jpa.repository.query.JpaQueryMethodUnitTests
Tests run: 39, Failures: 0, Errors: 0, Skipped: 0, Time elapsed: 0.156 sec
Running org.springframework.data.jpa.repository.query.ParameterBinderUnitTests
Tests run: 11, Failures: 0, Errors: 0, Skipped: 0, Time elapsed: 0.094 sec
Running org.springframework.data.jpa.repository.query.TupleConverterUnitTests
Tests run: 3, Failures: 0, Errors: 0, Skipped: 0, Time elapsed: 0.276 sec
Running org.springframework.data.jpa.repository.query.LikeBindingUnitTests
Tests run: 8, Failures: 0, Errors: 0, Skipped: 0, Time elapsed: 0.004 sec
Running org.springframework.data.jpa.repository.query.ParameterMetadataProviderUnitTests
Tests run: 1, Failures: 0, Errors: 0, Skipped: 0, Time elapsed: 0.102 sec
Running org.springframework.data.jpa.repository.query.QuotationMapUnitTests
Tests run: 10, Failures: 0, Errors: 0, Skipped: 0, Time elapsed: 0.009 sec
Running org.springframework.data.jpa.repository.query.Jpa21UtilsUnitTests
Tests run: 1, Failures: 0, Errors: 0, Skipped: 0, Time elapsed: 0.017 sec
Running org.springframework.data.jpa.repository.query.NamedOrIndexedQueryParameterSetterUnitTests
Tests run: 4, Failures: 0, Errors: 0, Skipped: 0, Time elapsed: 0.081 sec
Running org.springframework.data.jpa.repository.query.JpaQueryLookupStrategyUnitTests
Tests run: 2, Failures: 1, Errors: 0, Skipped: 0, Time elapsed: 0.032 sec <<< FAILURE!
sholdThrowMorePreciseExceptionIfTryingToUsePaginationInNativeQueries(org.springframework.data.jpa.repository.query.JpaQueryLookupStrategyUnitTests)  Time elapsed: 0.016 sec  <<< FAILURE!
java.lang.AssertionError: 
Expecting:
 <"Cannot use native queries with dynamic sorting and/or pagination in method public abstract java.util.List org.springframework.data.jpa.repository.query.JpaQueryLookupStrategyUnitTests$UserRepository.findByInvalidNativeQuery(java.lang.String,org.springframework.data.domain.Sort)">
to contain:
 <"Cannot use native queries with dynamic sorting in method"> 
	at org.springframework.data.jpa.repository.query.JpaQueryLookupStrategyUnitTests.sholdThrowMorePreciseExceptionIfTryingToUsePaginationInNativeQueries(JpaQueryLookupStrategyUnitTests.java:101)
	at sun.reflect.NativeMethodAccessorImpl.invoke0(Native Method)
	at sun.reflect.NativeMethodAccessorImpl.invoke(NativeMethodAccessorImpl.java:62)
	at sun.reflect.DelegatingMethodAccessorImpl.invoke(DelegatingMethodAccessorImpl.java:43)
	at java.lang.reflect.Method.invoke(Method.java:498)
	at org.junit.runners.model.FrameworkMethod$1.runReflectiveCall(FrameworkMethod.java:50)
	at org.junit.internal.runners.model.ReflectiveCallable.run(ReflectiveCallable.java:12)
	at org.junit.runners.model.FrameworkMethod.invokeExplosively(FrameworkMethod.java:47)
	at org.junit.internal.runners.statements.InvokeMethod.evaluate(InvokeMethod.java:17)
	at org.junit.internal.runners.statements.RunBefores.evaluate(RunBefores.java:26)
	at org.junit.runners.ParentRunner.runLeaf(ParentRunner.java:325)
	at org.junit.runners.BlockJUnit4ClassRunner.runChild(BlockJUnit4ClassRunner.java:78)
	at org.junit.runners.BlockJUnit4ClassRunner.runChild(BlockJUnit4ClassRunner.java:57)
	at org.junit.runners.ParentRunner$3.run(ParentRunner.java:290)
	at org.junit.runners.ParentRunner$1.schedule(ParentRunner.java:71)
	at org.junit.runners.ParentRunner.runChildren(ParentRunner.java:288)
	at org.junit.runners.ParentRunner.access$000(ParentRunner.java:58)
	at org.junit.runners.ParentRunner$2.evaluate(ParentRunner.java:268)
	at org.junit.runners.ParentRunner.run(ParentRunner.java:363)
	at org.mockito.internal.runners.DefaultInternalRunner$1.run(DefaultInternalRunner.java:78)
	at org.mockito.internal.runners.DefaultInternalRunner.run(DefaultInternalRunner.java:84)
	at org.mockito.internal.runners.StrictRunner.run(StrictRunner.java:39)
	at org.mockito.junit.MockitoJUnitRunner.run(MockitoJUnitRunner.java:161)
	at org.apache.maven.surefire.junit4.JUnit4Provider.execute(JUnit4Provider.java:236)
	at org.apache.maven.surefire.junit4.JUnit4Provider.executeTestSet(JUnit4Provider.java:134)
	at org.apache.maven.surefire.junit4.JUnit4Provider.invoke(JUnit4Provider.java:113)
	at sun.reflect.NativeMethodAccessorImpl.invoke0(Native Method)
	at sun.reflect.NativeMethodAccessorImpl.invoke(NativeMethodAccessorImpl.java:62)
	at sun.reflect.DelegatingMethodAccessorImpl.invoke(DelegatingMethodAccessorImpl.java:43)
	at java.lang.reflect.Method.invoke(Method.java:498)
	at org.apache.maven.surefire.util.ReflectionUtils.invokeMethodWithArray(ReflectionUtils.java:189)
	at org.apache.maven.surefire.booter.ProviderFactory$ProviderProxy.invoke(ProviderFactory.java:165)
	at org.apache.maven.surefire.booter.ProviderFactory.invokeProvider(ProviderFactory.java:85)
	at org.apache.maven.surefire.booter.ForkedBooter.runSuitesInProcess(ForkedBooter.java:103)
	at org.apache.maven.surefire.booter.ForkedBooter.main(ForkedBooter.java:74)
Running org.springframework.data.jpa.repository.query.SimpleJpaQueryUnitTests
Tests run: 10, Failures: 0, Errors: 0, Skipped: 0, Time elapsed: 0.116 sec
Running org.springframework.data.jpa.repository.query.ExpressionBasedStringQueryUnitTests
Tests run: 2, Failures: 0, Errors: 0, Skipped: 0, Time elapsed: 0.004 sec
Running org.springframework.data.jpa.repository.query.NamedQueryUnitTests
Tests run: 2, Failures: 0, Errors: 0, Skipped: 0, Time elapsed: 0.008 sec
Running org.springframework.data.jpa.repository.query.ParameterBindingParserUnitTests
Tests run: 1, Failures: 0, Errors: 0, Skipped: 0, Time elapsed: 0.068 sec
Running org.springframework.data.jpa.repository.query.StringQueryUnitTests
Tests run: 26, Failures: 0, Errors: 0, Skipped: 0, Time elapsed: 0.236 sec
Running org.springframework.data.jpa.repository.query.QueryParameterSetterFactoryUnitTests
Tests run: 2, Failures: 0, Errors: 0, Skipped: 0, Time elapsed: 0.174 sec
Running org.springframework.data.jpa.repository.query.QueryUtilsUnitTests
Tests run: 44, Failures: 0, Errors: 0, Skipped: 0, Time elapsed: 0.033 sec
Running org.springframework.data.jpa.repository.config.JpaAuditingRegistrarUnitTests
Tests run: 2, Failures: 0, Errors: 0, Skipped: 0, Time elapsed: 0.048 sec
Running org.springframework.data.jpa.repository.config.JpaRepositoryConfigExtensionUnitTests
Tests run: 4, Failures: 0, Errors: 0, Skipped: 0, Time elapsed: 0.118 sec
Running org.springframework.data.jpa.repository.config.JpaRepositoriesRegistrarUnitTests
Tests run: 1, Failures: 0, Errors: 0, Skipped: 0, Time elapsed: 0.166 sec
Running org.springframework.data.jpa.repository.CrudMethodMetadataUnitTests
Tests run: 3, Failures: 0, Errors: 0, Skipped: 0, Time elapsed: 0.125 sec
Running org.springframework.data.jpa.support.ClasspathScanningPersistenceUnitPostProcessorUnitTests
Tests run: 8, Failures: 0, Errors: 0, Skipped: 0, Time elapsed: 0.108 sec
Running org.springframework.data.jpa.support.MergingPersistenceUnitManagerUnitTests
Tests run: 5, Failures: 0, Errors: 0, Skipped: 0, Time elapsed: 0.034 sec
Running org.springframework.data.jpa.domain.support.AuditingBeanFactoryPostProcessorUnitTests
Tests run: 4, Failures: 0, Errors: 0, Skipped: 0, Time elapsed: 0.344 sec
Running org.springframework.data.jpa.domain.support.AuditingNamespaceUnitTests
Tests run: 5, Failures: 0, Errors: 0, Skipped: 0, Time elapsed: 0.278 sec
Running org.springframework.data.jpa.domain.support.AnnotationAuditingBeanFactoryPostProcessorUnitTests
Tests run: 4, Failures: 0, Errors: 0, Skipped: 0, Time elapsed: 0.061 sec
Running org.springframework.data.jpa.domain.SpecificationUnitTests
Tests run: 8, Failures: 0, Errors: 0, Skipped: 0, Time elapsed: 0.454 sec
Running org.springframework.data.jpa.domain.SpecificationsUnitTests
Tests run: 8, Failures: 0, Errors: 0, Skipped: 0, Time elapsed: 0.057 sec
Running org.springframework.data.jpa.mapping.JpaPersistentPropertyImplUnitTests
Tests run: 15, Failures: 0, Errors: 0, Skipped: 0, Time elapsed: 0.127 sec
Running org.springframework.data.jpa.mapping.JpaMetamodelMappingContextUnitTests
Tests run: 1, Failures: 0, Errors: 0, Skipped: 0, Time elapsed: 0.003 sec
Running org.springframework.data.jpa.util.JpaMetamodelUnitTests
Tests run: 1, Failures: 0, Errors: 0, Skipped: 0, Time elapsed: 0.001 sec
Running org.springframework.data.jpa.convert.threeten.Jsr310JpaConvertersUnitTests
Tests run: 5, Failures: 0, Errors: 0, Skipped: 0, Time elapsed: 0.012 sec
Running org.springframework.data.jpa.convert.QueryByExamplePredicateBuilderUnitTests
Tests run: 8, Failures: 0, Errors: 0, Skipped: 0, Time elapsed: 0.133 sec
Running org.springframework.data.jpa.provider.PersistenceProviderUnitTests
Tests run: 3, Failures: 0, Errors: 0, Skipped: 0, Time elapsed: 0.23 sec

Results :

Failed tests:   sholdThrowMorePreciseExceptionIfTryingToUsePaginationInNativeQueries(org.springframework.data.jpa.repository.query.JpaQueryLookupStrategyUnitTests): (..)

Tests run: 308, Failures: 1, Errors: 0, Skipped: 0

[INFO] ------------------------------------------------------------------------
[INFO] BUILD FAILURE
[INFO] ------------------------------------------------------------------------
[INFO] Total time: 01:26 min
[INFO] Finished at: 2020-03-13T16:44:02-07:00
[INFO] Final Memory: 52M/1647M
[INFO] ------------------------------------------------------------------------
[ERROR] Failed to execute goal org.apache.maven.plugins:maven-surefire-plugin:2.12:test (unit-tests) on project spring-data-jpa: There are test failures.
[ERROR] 
[ERROR] Please refer to /scratch/tmp-rta/Bears_spring-projects-spring-data-jpa_343344047-343370260_java-8/target/surefire-reports for the individual test results.
[ERROR] -> [Help 1]
[ERROR] 
[ERROR] To see the full stack trace of the errors, re-run Maven with the -e switch.
[ERROR] Re-run Maven using the -X switch to enable full debug logging.
[ERROR] 
[ERROR] For more information about the errors and possible solutions, please read the following articles:
[ERROR] [Help 1] http://cwiki.apache.org/confluence/display/MAVEN/MojoFailureException
