Picked up JAVA_TOOL_OPTIONS: -XX:CICompilerCount=2 -XX:ParallelGCThreads=2 -XX:ConcGCThreads=2 -Djdk.net.URLClassPath.disableClassPathURLCheck=true 
Picked up _JAVA_OPTIONS: -Djdk.net.URLClassPath.disableClassPathURLCheck=true
[INFO] Scanning for projects...
[INFO] 
[INFO] [1m------------------------------------------------------------------------[m
[INFO] [1mBuilding checksum-e9c74e27a17310a52842f7099c3e5c126298e1a08f2b841169cd5f155e6f2970d14d0314da1f6314ed970de1d20be306a60f0ce341d1c4d01300cc6efad7ab9b-000 0.0.1-SNAPSHOT[m
[INFO] [1m------------------------------------------------------------------------[m
[INFO] 
[INFO] [1m--- [0;32mmaven-resources-plugin:2.6:resources[m [1m(default-resources)[m @ [36mintroclassJava[0;1m ---[m
[WARNING] Using platform encoding (UTF-8 actually) to copy filtered resources, i.e. build is platform dependent!
[INFO] skip non existing resourceDirectory /tmp/IntroClassJava_checksum_e9c74e27a17310a52842f7099c3e5c126298e1a08f2b841169cd5f155e6f2970d14d0314da1f6314ed970de1d20be306a60f0ce341d1c4d01300cc6efad7ab9b-000_java-7/src/main/resources
[INFO] 
[INFO] [1m--- [0;32mmaven-compiler-plugin:3.1:compile[m [1m(default-compile)[m @ [36mintroclassJava[0;1m ---[m
[INFO] Nothing to compile - all classes are up to date
[INFO] 
[INFO] [1m--- [0;32mmaven-resources-plugin:2.6:testResources[m [1m(default-testResources)[m @ [36mintroclassJava[0;1m ---[m
[WARNING] Using platform encoding (UTF-8 actually) to copy filtered resources, i.e. build is platform dependent!
[INFO] skip non existing resourceDirectory /tmp/IntroClassJava_checksum_e9c74e27a17310a52842f7099c3e5c126298e1a08f2b841169cd5f155e6f2970d14d0314da1f6314ed970de1d20be306a60f0ce341d1c4d01300cc6efad7ab9b-000_java-7/src/test/resources
[INFO] 
[INFO] [1m--- [0;32mmaven-compiler-plugin:3.1:testCompile[m [1m(default-testCompile)[m @ [36mintroclassJava[0;1m ---[m
[INFO] Nothing to compile - all classes are up to date
[INFO] 
[INFO] [1m--- [0;32mmaven-surefire-plugin:2.12.4:test[m [1m(default-test)[m @ [36mintroclassJava[0;1m ---[m
[INFO] Surefire report directory: /tmp/IntroClassJava_checksum_e9c74e27a17310a52842f7099c3e5c126298e1a08f2b841169cd5f155e6f2970d14d0314da1f6314ed970de1d20be306a60f0ce341d1c4d01300cc6efad7ab9b-000_java-7/target/surefire-reports

-------------------------------------------------------
 T E S T S
-------------------------------------------------------
Picked up JAVA_TOOL_OPTIONS: -XX:CICompilerCount=2 -XX:ParallelGCThreads=2 -XX:ConcGCThreads=2 -Djdk.net.URLClassPath.disableClassPathURLCheck=true -XX:CICompilerCount=2 -XX:ParallelGCThreads=2 -XX:ConcGCThreads=2 -Djdk.net.URLClassPath.disableClassPathURLCheck=true 
Picked up _JAVA_OPTIONS: -Djdk.net.URLClassPath.disableClassPathURLCheck=true
Running introclassJava.checksum_e9c74e27_000BlackboxTest
Tests run: 6, Failures: 0, Errors: 0, Skipped: 0, Time elapsed: 0.064 sec
Running introclassJava.checksum_e9c74e27_000WhiteboxTest
Tests run: 10, Failures: 3, Errors: 0, Skipped: 0, Time elapsed: 0.002 sec <<< FAILURE!
test1(introclassJava.checksum_e9c74e27_000WhiteboxTest)  Time elapsed: 0.001 sec  <<< FAILURE!
org.junit.ComparisonFailure: expected:<...agereturn>Checksumis[]]> but was:<...agereturn>Checksumis[]>
	at org.junit.Assert.assertEquals(Assert.java:115)
	at org.junit.Assert.assertEquals(Assert.java:144)
	at introclassJava.checksum_e9c74e27_000WhiteboxTest.test1(checksum_e9c74e27_000WhiteboxTest.java:14)
	at sun.reflect.NativeMethodAccessorImpl.invoke0(Native Method)
	at sun.reflect.NativeMethodAccessorImpl.invoke(NativeMethodAccessorImpl.java:57)
	at sun.reflect.DelegatingMethodAccessorImpl.invoke(DelegatingMethodAccessorImpl.java:43)
	at java.lang.reflect.Method.invoke(Method.java:606)
	at org.junit.runners.model.FrameworkMethod$1.runReflectiveCall(FrameworkMethod.java:47)
	at org.junit.internal.runners.model.ReflectiveCallable.run(ReflectiveCallable.java:12)
	at org.junit.runners.model.FrameworkMethod.invokeExplosively(FrameworkMethod.java:44)
	at org.junit.internal.runners.statements.InvokeMethod.evaluate(InvokeMethod.java:17)
	at org.junit.internal.runners.statements.FailOnTimeout$StatementThread.run(FailOnTimeout.java:74)

test7(introclassJava.checksum_e9c74e27_000WhiteboxTest)  Time elapsed: 0 sec  <<< FAILURE!
org.junit.ComparisonFailure: expected:<...agereturn>Checksumis[V]> but was:<...agereturn>Checksumis[]>
	at org.junit.Assert.assertEquals(Assert.java:115)
	at org.junit.Assert.assertEquals(Assert.java:144)
	at introclassJava.checksum_e9c74e27_000WhiteboxTest.test7(checksum_e9c74e27_000WhiteboxTest.java:77)
	at sun.reflect.NativeMethodAccessorImpl.invoke0(Native Method)
	at sun.reflect.NativeMethodAccessorImpl.invoke(NativeMethodAccessorImpl.java:57)
	at sun.reflect.DelegatingMethodAccessorImpl.invoke(DelegatingMethodAccessorImpl.java:43)
	at java.lang.reflect.Method.invoke(Method.java:606)
	at org.junit.runners.model.FrameworkMethod$1.runReflectiveCall(FrameworkMethod.java:47)
	at org.junit.internal.runners.model.ReflectiveCallable.run(ReflectiveCallable.java:12)
	at org.junit.runners.model.FrameworkMethod.invokeExplosively(FrameworkMethod.java:44)
	at org.junit.internal.runners.statements.InvokeMethod.evaluate(InvokeMethod.java:17)
	at org.junit.internal.runners.statements.FailOnTimeout$StatementThread.run(FailOnTimeout.java:74)

test8(introclassJava.checksum_e9c74e27_000WhiteboxTest)  Time elapsed: 0 sec  <<< FAILURE!
org.junit.ComparisonFailure: expected:<...agereturn>Checksumis[X]> but was:<...agereturn>Checksumis[]>
	at org.junit.Assert.assertEquals(Assert.java:115)
	at org.junit.Assert.assertEquals(Assert.java:144)
	at introclassJava.checksum_e9c74e27_000WhiteboxTest.test8(checksum_e9c74e27_000WhiteboxTest.java:86)
	at sun.reflect.NativeMethodAccessorImpl.invoke0(Native Method)
	at sun.reflect.NativeMethodAccessorImpl.invoke(NativeMethodAccessorImpl.java:57)
	at sun.reflect.DelegatingMethodAccessorImpl.invoke(DelegatingMethodAccessorImpl.java:43)
	at java.lang.reflect.Method.invoke(Method.java:606)
	at org.junit.runners.model.FrameworkMethod$1.runReflectiveCall(FrameworkMethod.java:47)
	at org.junit.internal.runners.model.ReflectiveCallable.run(ReflectiveCallable.java:12)
	at org.junit.runners.model.FrameworkMethod.invokeExplosively(FrameworkMethod.java:44)
	at org.junit.internal.runners.statements.InvokeMethod.evaluate(InvokeMethod.java:17)
	at org.junit.internal.runners.statements.FailOnTimeout$StatementThread.run(FailOnTimeout.java:74)


Results :

Failed tests:   test1(introclassJava.checksum_e9c74e27_000WhiteboxTest): expected:<...agereturn>Checksumis[]]> but was:<...agereturn>Checksumis[]>
  test7(introclassJava.checksum_e9c74e27_000WhiteboxTest): expected:<...agereturn>Checksumis[V]> but was:<...agereturn>Checksumis[]>
  test8(introclassJava.checksum_e9c74e27_000WhiteboxTest): expected:<...agereturn>Checksumis[X]> but was:<...agereturn>Checksumis[]>

Tests run: 16, Failures: 3, Errors: 0, Skipped: 0

[INFO] [1m------------------------------------------------------------------------[m
[INFO] [1;31mBUILD FAILURE[m
[INFO] [1m------------------------------------------------------------------------[m
[INFO] Total time: 8.128 s
[INFO] Finished at: 2020-03-09T03:56:04-07:00
[INFO] Final Memory: 25M/1963M
[INFO] [1m------------------------------------------------------------------------[m
[ERROR] Failed to execute goal [32morg.apache.maven.plugins:maven-surefire-plugin:2.12.4:test[m [1m(default-test)[m on project [36mintroclassJava[m: [1;31mThere are test failures.[m
[ERROR] [1;31m[m
[ERROR] [1;31mPlease refer to /tmp/IntroClassJava_checksum_e9c74e27a17310a52842f7099c3e5c126298e1a08f2b841169cd5f155e6f2970d14d0314da1f6314ed970de1d20be306a60f0ce341d1c4d01300cc6efad7ab9b-000_java-7/target/surefire-reports for the individual test results.[m
[ERROR] -> [1m[Help 1][m
[ERROR] 
[ERROR] To see the full stack trace of the errors, re-run Maven with the [1m-e[m switch.
[ERROR] Re-run Maven using the [1m-X[m switch to enable full debug logging.
[ERROR] 
[ERROR] For more information about the errors and possible solutions, please read the following articles:
[ERROR] [1m[Help 1][m http://cwiki.apache.org/confluence/display/MAVEN/MojoFailureException
