Picked up JAVA_TOOL_OPTIONS: -XX:CICompilerCount=2 -XX:ParallelGCThreads=2 -XX:ConcGCThreads=2 -Djdk.net.URLClassPath.disableClassPathURLCheck=true 
Picked up _JAVA_OPTIONS: -Djdk.net.URLClassPath.disableClassPathURLCheck=true
Apache Maven 3.5.0 (Red Hat 3.5.0-4.3)
Maven home: /opt/rh/rh-maven35/root/usr/share/maven
Java version: 1.7.0_80, vendor: Oracle Corporation
Java home: /boom/scratch/jmcampos/RTA/repair_them_all_framework/jdks/jdk1.7.0_80/jre
Default locale: en_US, platform encoding: UTF-8
OS name: "linux", version: "4.14.147-1.el7.retpoline.x86_64", arch: "amd64", family: "unix"
[INFO] Scanning for projects...
[INFO] 
[INFO] ------------------------------------------------------------------------
[INFO] Building Camel :: Core 2.11-SNAPSHOT
[INFO] ------------------------------------------------------------------------
[INFO] 
[INFO] --- maven-bundle-plugin:2.3.7:cleanVersions (versions) @ camel-core ---
[INFO] 
[INFO] --- maven-remote-resources-plugin:1.3:process (default) @ camel-core ---
[INFO] 
[INFO] --- maven-resources-plugin:2.4.3:resources (default-resources) @ camel-core ---
[INFO] Using 'UTF-8' encoding to copy filtered resources.
[INFO] Copying 37 resources
[INFO] Copying 3 resources
[INFO] 
[INFO] --- maven-compiler-plugin:2.5.1:compile (default-compile) @ camel-core ---
[INFO] Nothing to compile - all classes are up to date
[INFO] 
[INFO] --- maven-resources-plugin:2.4.3:testResources (default-testResources) @ camel-core ---
[INFO] Using 'UTF-8' encoding to copy filtered resources.
[INFO] Copying 92 resources
[INFO] Copying 3 resources
[INFO] 
[INFO] --- maven-compiler-plugin:2.5.1:testCompile (default-testCompile) @ camel-core ---
[INFO] Nothing to compile - all classes are up to date
[INFO] 
[INFO] --- maven-surefire-plugin:2.8:test (default-test) @ camel-core ---
[INFO] Surefire report directory: /boom/scratch/Bugs.jar_Camel_0c3c7d1b_java-7/camel-core/target/surefire-reports
[INFO] Downloading: https://repo.maven.apache.org/maven2/org/apache/maven/surefire/surefire-junit4/2.8/surefire-junit4-2.8.pom
[INFO] Downloaded: https://repo.maven.apache.org/maven2/org/apache/maven/surefire/surefire-junit4/2.8/surefire-junit4-2.8.pom (2.6 kB at 6.2 kB/s)
[INFO] Downloading: https://repo.maven.apache.org/maven2/org/apache/maven/surefire/surefire-providers/2.8/surefire-providers-2.8.pom
[INFO] Downloaded: https://repo.maven.apache.org/maven2/org/apache/maven/surefire/surefire-providers/2.8/surefire-providers-2.8.pom (1.9 kB at 156 kB/s)
[INFO] Downloading: https://repo.maven.apache.org/maven2/org/apache/maven/surefire/surefire-junit4/2.8/surefire-junit4-2.8.jar
[INFO] Downloaded: https://repo.maven.apache.org/maven2/org/apache/maven/surefire/surefire-junit4/2.8/surefire-junit4-2.8.jar (33 kB at 1.2 MB/s)
Picked up JAVA_TOOL_OPTIONS: -XX:CICompilerCount=2 -XX:ParallelGCThreads=2 -XX:ConcGCThreads=2 -Djdk.net.URLClassPath.disableClassPathURLCheck=true -XX:CICompilerCount=2 -XX:ParallelGCThreads=2 -XX:ConcGCThreads=2 -Djdk.net.URLClassPath.disableClassPathURLCheck=true 
Picked up _JAVA_OPTIONS: -Djdk.net.URLClassPath.disableClassPathURLCheck=true

-------------------------------------------------------
 T E S T S
-------------------------------------------------------
Running org.apache.camel.BodyAndHeaderConvertTest
Tests run: 4, Failures: 0, Errors: 0, Skipped: 0, Time elapsed: 0.493 sec
Running org.apache.camel.CamelExceptionsTest
Tests run: 26, Failures: 0, Errors: 0, Skipped: 0, Time elapsed: 0.785 sec
Running org.apache.camel.ExchangePatternTest
Tests run: 2, Failures: 0, Errors: 0, Skipped: 0, Time elapsed: 0.002 sec
Running org.apache.camel.InjectorDefaultsTest
Tests run: 3, Failures: 0, Errors: 0, Skipped: 0, Time elapsed: 0.049 sec
Running org.apache.camel.SuspendableServiceTest
Tests run: 1, Failures: 0, Errors: 0, Skipped: 0, Time elapsed: 0.001 sec
Running org.apache.camel.UnitOfWorkSyncProcessTest
Tests run: 1, Failures: 0, Errors: 0, Skipped: 0, Time elapsed: 0.239 sec
Running org.apache.camel.builder.AddRoutesAtRuntimeTest
Tests run: 1, Failures: 0, Errors: 0, Skipped: 0, Time elapsed: 0.045 sec
Running org.apache.camel.builder.BuilderWithScopesTest
Tests run: 22, Failures: 0, Errors: 0, Skipped: 0, Time elapsed: 0.496 sec
Running org.apache.camel.builder.ContextErrorHandlerTest
Tests run: 2, Failures: 0, Errors: 0, Skipped: 0, Time elapsed: 0.072 sec
Running org.apache.camel.builder.ErrorHandlerTest
Tests run: 5, Failures: 0, Errors: 0, Skipped: 0, Time elapsed: 0.613 sec
Running org.apache.camel.builder.ExceptionBuilderTest
Tests run: 6, Failures: 0, Errors: 0, Skipped: 0, Time elapsed: 0.965 sec
Running org.apache.camel.builder.ExceptionBuilderWithHandledExceptionTest
Tests run: 3, Failures: 0, Errors: 0, Skipped: 0, Time elapsed: 0.053 sec
Running org.apache.camel.builder.ExchangeBuilderTest
Tests run: 2, Failures: 0, Errors: 0, Skipped: 0, Time elapsed: 0.002 sec
Running org.apache.camel.builder.ExpressionBuilderTest
Tests run: 6, Failures: 0, Errors: 0, Skipped: 0, Time elapsed: 0.066 sec
Running org.apache.camel.builder.ExpressionClauseTest
Tests run: 2, Failures: 0, Errors: 0, Skipped: 0, Time elapsed: 0.087 sec
Running org.apache.camel.builder.LoggingErrorHandlerBuilderTest
Tests run: 6, Failures: 0, Errors: 0, Skipped: 0, Time elapsed: 0.097 sec
Running org.apache.camel.builder.NotifyBuilderTest
Tests run: 43, Failures: 0, Errors: 0, Skipped: 0, Time elapsed: 0.994 sec
Running org.apache.camel.builder.NotifyBuilderWhenDoneByIndexTest
Tests run: 1, Failures: 0, Errors: 0, Skipped: 0, Time elapsed: 0.536 sec
Running org.apache.camel.builder.PredicateBinaryCoerceRouteTest
Tests run: 14, Failures: 0, Errors: 0, Skipped: 0, Time elapsed: 0.216 sec
Running org.apache.camel.builder.PredicateBinaryCoerceTypeTest
Tests run: 10, Failures: 0, Errors: 0, Skipped: 0, Time elapsed: 0.06 sec
Running org.apache.camel.builder.PredicateBuilderConcurrentTest
Tests run: 1, Failures: 0, Errors: 0, Skipped: 0, Time elapsed: 0.084 sec
Running org.apache.camel.builder.PredicateBuilderTest
Tests run: 12, Failures: 0, Errors: 0, Skipped: 0, Time elapsed: 0.052 sec
Running org.apache.camel.builder.ProxyBuilderSkipJavaLangObjectMethodsTest
Tests run: 1, Failures: 0, Errors: 0, Skipped: 0, Time elapsed: 0.019 sec
Running org.apache.camel.builder.ProxyBuilderTest
Tests run: 1, Failures: 0, Errors: 0, Skipped: 0, Time elapsed: 1.016 sec
Running org.apache.camel.builder.RouteBuilderAddRoutesOnlyInterceptTest
Tests run: 1, Failures: 0, Errors: 0, Skipped: 0, Time elapsed: 0.015 sec
Running org.apache.camel.builder.RouteBuilderAddRoutesTest
Tests run: 1, Failures: 0, Errors: 0, Skipped: 0, Time elapsed: 0.013 sec
Running org.apache.camel.builder.RouteBuilderTest
Tests run: 13, Failures: 0, Errors: 0, Skipped: 0, Time elapsed: 0.595 sec
Running org.apache.camel.builder.SimpleBuilderTest
Tests run: 3, Failures: 0, Errors: 0, Skipped: 0, Time elapsed: 0.042 sec
Running org.apache.camel.builder.ThreadPoolBuilderTest
Tests run: 11, Failures: 0, Errors: 0, Skipped: 0, Time elapsed: 0.275 sec
Running org.apache.camel.builder.ValueBuilderTest
Tests run: 3, Failures: 0, Errors: 0, Skipped: 0, Time elapsed: 0.068 sec
Running org.apache.camel.builder.xml.DefaultNamespaceContextTest
Tests run: 6, Failures: 0, Errors: 0, Skipped: 0, Time elapsed: 0.053 sec
Running org.apache.camel.builder.xml.ExtractXPathWithNamespaceTest
Tests run: 3, Failures: 0, Errors: 0, Skipped: 0, Time elapsed: 0.048 sec
Running org.apache.camel.builder.xml.XPathContentBasedRouterTest
Tests run: 1, Failures: 0, Errors: 0, Skipped: 0, Time elapsed: 0.023 sec
Running org.apache.camel.builder.xml.XPathFunctionsTest
Tests run: 3, Failures: 0, Errors: 0, Skipped: 0, Time elapsed: 0.072 sec
Running org.apache.camel.builder.xml.XPathHeaderNameResultTypeAndNamespaceTest
Tests run: 1, Failures: 0, Errors: 0, Skipped: 0, Time elapsed: 0.015 sec
Running org.apache.camel.builder.xml.XPathHeaderNameTest
Tests run: 3, Failures: 0, Errors: 0, Skipped: 0, Time elapsed: 0.049 sec
Running org.apache.camel.builder.xml.XPathHeaderTest
Tests run: 3, Failures: 0, Errors: 0, Skipped: 0, Time elapsed: 0.05 sec
Running org.apache.camel.builder.xml.XPathMockTest
Tests run: 6, Failures: 0, Errors: 0, Skipped: 0, Time elapsed: 0.127 sec
Running org.apache.camel.builder.xml.XPathNamespaceResultTypeTest
Tests run: 3, Failures: 0, Errors: 0, Skipped: 0, Time elapsed: 0.067 sec
Running org.apache.camel.builder.xml.XPathNamespaceTest
Tests run: 3, Failures: 0, Errors: 0, Skipped: 0, Time elapsed: 0.046 sec
Running org.apache.camel.builder.xml.XPathNestedNamespaceTest
Tests run: 1, Failures: 0, Errors: 0, Skipped: 0, Time elapsed: 0.024 sec
Running org.apache.camel.builder.xml.XPathTest
Tests run: 33, Failures: 0, Errors: 0, Skipped: 0, Time elapsed: 0.672 sec
Running org.apache.camel.builder.xml.XPathTransformRouteTest
Tests run: 1, Failures: 0, Errors: 0, Skipped: 0, Time elapsed: 0.048 sec
Running org.apache.camel.builder.xml.XPathTransformTest
Tests run: 3, Failures: 0, Errors: 0, Skipped: 0, Time elapsed: 0.066 sec
Running org.apache.camel.builder.xml.XPathWithNamespacesFromDomTest
Tests run: 1, Failures: 0, Errors: 0, Skipped: 0, Time elapsed: 0.014 sec
Running org.apache.camel.builder.xml.XsltBuilderTest
Tests run: 18, Failures: 0, Errors: 0, Skipped: 0, Time elapsed: 6.796 sec
Running org.apache.camel.builder.xml.XsltOutputFileTest
Tests run: 2, Failures: 0, Errors: 0, Skipped: 0, Time elapsed: 0.038 sec
Running org.apache.camel.builder.xml.XsltTest
Tests run: 1, Failures: 0, Errors: 0, Skipped: 0, Time elapsed: 0.019 sec
Running org.apache.camel.builder.xml.XsltTestErrorListenerTest
Tests run: 1, Failures: 0, Errors: 0, Skipped: 0, Time elapsed: 0.009 sec
Running org.apache.camel.component.bean.BeanChoseMethodWithMatchingTypeAndSkipSettersTest
Tests run: 2, Failures: 0, Errors: 0, Skipped: 0, Time elapsed: 6.023 sec
Running org.apache.camel.component.bean.BeanComponentCustomCreateEndpointTest
Tests run: 2, Failures: 0, Errors: 0, Skipped: 0, Time elapsed: 0.017 sec
Running org.apache.camel.component.bean.BeanConcurrentTest
Tests run: 1, Failures: 0, Errors: 0, Skipped: 0, Time elapsed: 0.341 sec
Running org.apache.camel.component.bean.BeanConsumerShutdownTest
Tests run: 1, Failures: 0, Errors: 0, Skipped: 0, Time elapsed: 5.036 sec
Running org.apache.camel.component.bean.BeanConsumerTemplateTest
Tests run: 2, Failures: 0, Errors: 0, Skipped: 0, Time elapsed: 0.021 sec
Running org.apache.camel.component.bean.BeanEndpointTest
Tests run: 6, Failures: 0, Errors: 0, Skipped: 0, Time elapsed: 0.05 sec
Running org.apache.camel.component.bean.BeanExchangeAsReturnTypeNotAllowedTest
Tests run: 1, Failures: 0, Errors: 0, Skipped: 0, Time elapsed: 0.013 sec
Running org.apache.camel.component.bean.BeanExcludedMethodTest
Tests run: 2, Failures: 0, Errors: 0, Skipped: 0, Time elapsed: 0.01 sec
Running org.apache.camel.component.bean.BeanExplicitMethodAmbiguousTest
Tests run: 4, Failures: 0, Errors: 0, Skipped: 0, Time elapsed: 0.045 sec
Running org.apache.camel.component.bean.BeanExplicitMethodTest
Tests run: 2, Failures: 0, Errors: 0, Skipped: 0, Time elapsed: 0.017 sec
Running org.apache.camel.component.bean.BeanExpressionConcurrentTest
Tests run: 1, Failures: 0, Errors: 0, Skipped: 0, Time elapsed: 0.212 sec
Running org.apache.camel.component.bean.BeanHandlerMethodPredicateTest
Tests run: 1, Failures: 0, Errors: 0, Skipped: 0, Time elapsed: 0.01 sec
Running org.apache.camel.component.bean.BeanHandlerMethodTest
Tests run: 5, Failures: 0, Errors: 0, Skipped: 0, Time elapsed: 0.027 sec
Running org.apache.camel.component.bean.BeanImplicitMethodTest
Tests run: 1, Failures: 0, Errors: 0, Skipped: 0, Time elapsed: 0.01 sec
Running org.apache.camel.component.bean.BeanInPipelineTest
Tests run: 1, Failures: 0, Errors: 0, Skipped: 0, Time elapsed: 0.011 sec
Running org.apache.camel.component.bean.BeanInfoAMoreComplexOverloadedTest
Tests run: 3, Failures: 0, Errors: 0, Skipped: 0, Time elapsed: 0.014 sec
Running org.apache.camel.component.bean.BeanInfoInheritanceTest
Tests run: 3, Failures: 0, Errors: 0, Skipped: 0, Time elapsed: 0.014 sec
Running org.apache.camel.component.bean.BeanInfoOverloadedTest
Tests run: 1, Failures: 0, Errors: 0, Skipped: 0, Time elapsed: 0.005 sec
Running org.apache.camel.component.bean.BeanInfoSelectMethodTest
Tests run: 2, Failures: 0, Errors: 0, Skipped: 0, Time elapsed: 0.024 sec
Running org.apache.camel.component.bean.BeanInfoTest
Tests run: 9, Failures: 0, Errors: 0, Skipped: 0, Time elapsed: 0.013 sec
Running org.apache.camel.component.bean.BeanInvocationSerializeTest
Tests run: 2, Failures: 0, Errors: 0, Skipped: 0, Time elapsed: 0.017 sec
Running org.apache.camel.component.bean.BeanInvokeSimpleOgnlToStringMethodTest
Tests run: 1, Failures: 0, Errors: 0, Skipped: 0, Time elapsed: 0.012 sec
Running org.apache.camel.component.bean.BeanInvokeStaticTest
Tests run: 2, Failures: 0, Errors: 0, Skipped: 0, Time elapsed: 0.016 sec
Running org.apache.camel.component.bean.BeanInvokeTest
Tests run: 3, Failures: 0, Errors: 0, Skipped: 0, Time elapsed: 0.2 sec
Running org.apache.camel.component.bean.BeanInvokeToStringMethodTest
Tests run: 1, Failures: 0, Errors: 0, Skipped: 0, Time elapsed: 0.013 sec
Running org.apache.camel.component.bean.BeanInvokeWithNullBodyTest
Tests run: 3, Failures: 0, Errors: 0, Skipped: 0, Time elapsed: 0.025 sec
Running org.apache.camel.component.bean.BeanLookupUsingJndiRegistryIssueTest
Tests run: 1, Failures: 0, Errors: 0, Skipped: 0, Time elapsed: 0.042 sec
Running org.apache.camel.component.bean.BeanMethodBeanTest
Tests run: 1, Failures: 0, Errors: 0, Skipped: 0, Time elapsed: 0.001 sec
Running org.apache.camel.component.bean.BeanMethodNameHeaderIssueTest
Tests run: 1, Failures: 0, Errors: 0, Skipped: 0, Time elapsed: 0.051 sec
Running org.apache.camel.component.bean.BeanMethodWithMultipleParametersTest
Tests run: 3, Failures: 0, Errors: 0, Skipped: 0, Time elapsed: 0.022 sec
Running org.apache.camel.component.bean.BeanNoTypeConvertionPossibleTest
Tests run: 3, Failures: 0, Errors: 0, Skipped: 0, Time elapsed: 0.033 sec
Running org.apache.camel.component.bean.BeanNoTypeConvertionPossibleWhenHeaderTest
Tests run: 4, Failures: 0, Errors: 0, Skipped: 0, Time elapsed: 0.038 sec
Running org.apache.camel.component.bean.BeanOverloadedMethodFQNTest
Tests run: 6, Failures: 0, Errors: 0, Skipped: 0, Time elapsed: 0.069 sec
Running org.apache.camel.component.bean.BeanOverloadedMethodParameterValueTest
Tests run: 8, Failures: 0, Errors: 0, Skipped: 0, Time elapsed: 0.072 sec
Running org.apache.camel.component.bean.BeanOverloadedMethodTest
Tests run: 11, Failures: 0, Errors: 0, Skipped: 0, Time elapsed: 0.124 sec
Running org.apache.camel.component.bean.BeanParameterInfoTest
Tests run: 1, Failures: 0, Errors: 0, Skipped: 0, Time elapsed: 0.005 sec
Running org.apache.camel.component.bean.BeanParameterInvalidValueTest
Tests run: 4, Failures: 0, Errors: 0, Skipped: 0, Time elapsed: 0.066 sec
Running org.apache.camel.component.bean.BeanParameterMethodCallThreeBodyOgnlTest
Tests run: 1, Failures: 0, Errors: 0, Skipped: 0, Time elapsed: 0.015 sec
Running org.apache.camel.component.bean.BeanParameterNoBeanBindingTest
Tests run: 1, Failures: 0, Errors: 0, Skipped: 0, Time elapsed: 0.013 sec
Running org.apache.camel.component.bean.BeanParameterThreeBodyOgnlTest
Tests run: 1, Failures: 0, Errors: 0, Skipped: 0, Time elapsed: 0.116 sec
Running org.apache.camel.component.bean.BeanParameterValueOgnlTest
Tests run: 3, Failures: 0, Errors: 0, Skipped: 0, Time elapsed: 0.041 sec
Running org.apache.camel.component.bean.BeanParameterValueOverloadedTest
Tests run: 2, Failures: 0, Errors: 0, Skipped: 0, Time elapsed: 0.022 sec
Running org.apache.camel.component.bean.BeanParameterValueTest
Tests run: 8, Failures: 0, Errors: 0, Skipped: 0, Time elapsed: 0.144 sec
Running org.apache.camel.component.bean.BeanPerformanceTest
Tests run: 1, Failures: 0, Errors: 0, Skipped: 0, Time elapsed: 3.163 sec
Running org.apache.camel.component.bean.BeanPipelineTest
Tests run: 1, Failures: 0, Errors: 0, Skipped: 0, Time elapsed: 0.015 sec
Running org.apache.camel.component.bean.BeanPrivateClassWithInterfaceMethodTest
Tests run: 2, Failures: 0, Errors: 0, Skipped: 0, Time elapsed: 0.022 sec
Running org.apache.camel.component.bean.BeanPropagateHeaderTest
Tests run: 1, Failures: 0, Errors: 0, Skipped: 0, Time elapsed: 0.024 sec
Running org.apache.camel.component.bean.BeanProxyTest
[Fatal Error] :1:1: Content is not allowed in prolog.
Tests run: 14, Failures: 0, Errors: 0, Skipped: 0, Time elapsed: 2.318 sec
Running org.apache.camel.component.bean.BeanRefMethodNotFoundTest
Tests run: 1, Failures: 0, Errors: 0, Skipped: 0, Time elapsed: 0.008 sec
Running org.apache.camel.component.bean.BeanRefNotFoundTest
Tests run: 1, Failures: 0, Errors: 0, Skipped: 0, Time elapsed: 0.007 sec
Running org.apache.camel.component.bean.BeanRegistryBeanTest
Tests run: 5, Failures: 0, Errors: 0, Skipped: 0, Time elapsed: 0.022 sec
Running org.apache.camel.component.bean.BeanReturnNullTest
Tests run: 3, Failures: 0, Errors: 0, Skipped: 0, Time elapsed: 0.057 sec
Running org.apache.camel.component.bean.BeanWithAnnotationAndExchangeTest
Tests run: 1, Failures: 0, Errors: 0, Skipped: 0, Time elapsed: 0.009 sec
Running org.apache.camel.component.bean.BeanWithAnnotationInheritedTest
Tests run: 5, Failures: 0, Errors: 0, Skipped: 0, Time elapsed: 0.077 sec
Running org.apache.camel.component.bean.BeanWithAttachmentAnnotationTest
Tests run: 1, Failures: 0, Errors: 0, Skipped: 0, Time elapsed: 0.01 sec
Running org.apache.camel.component.bean.BeanWithExchangeExceptionAnnotationTest
Tests run: 1, Failures: 0, Errors: 0, Skipped: 0, Time elapsed: 0.009 sec
Running org.apache.camel.component.bean.BeanWithExchangeExceptionAnnotationWrappedExceptionTest
Tests run: 1, Failures: 0, Errors: 0, Skipped: 0, Time elapsed: 0.007 sec
Running org.apache.camel.component.bean.BeanWithExpressionInjectionTest
Tests run: 1, Failures: 0, Errors: 0, Skipped: 0, Time elapsed: 0.011 sec
Running org.apache.camel.component.bean.BeanWithHeaderTest
Tests run: 1, Failures: 0, Errors: 0, Skipped: 0, Time elapsed: 0.02 sec
Running org.apache.camel.component.bean.BeanWithHeadersAndBodyInject2Test
Tests run: 3, Failures: 0, Errors: 0, Skipped: 0, Time elapsed: 0.024 sec
Running org.apache.camel.component.bean.BeanWithHeadersAndBodyInject3Test
Tests run: 2, Failures: 0, Errors: 0, Skipped: 0, Time elapsed: 0.015 sec
Running org.apache.camel.component.bean.BeanWithHeadersAndBodyInjectionTest
Tests run: 1, Failures: 0, Errors: 0, Skipped: 0, Time elapsed: 0.008 sec
Running org.apache.camel.component.bean.BeanWithMethodHeaderTest
Tests run: 7, Failures: 0, Errors: 0, Skipped: 0, Time elapsed: 0.065 sec
Running org.apache.camel.component.bean.BeanWithPropertiesAndHeadersAndBodyInjectionTest
Tests run: 1, Failures: 0, Errors: 0, Skipped: 0, Time elapsed: 0.01 sec
Running org.apache.camel.component.bean.BeanWithPropertiesAndHeadersInjectionTest
Tests run: 1, Failures: 0, Errors: 0, Skipped: 0, Time elapsed: 0.006 sec
Running org.apache.camel.component.bean.BeanWithXPathInjectionUsingHeaderValueTest
Tests run: 1, Failures: 0, Errors: 0, Skipped: 0, Time elapsed: 0.015 sec
Running org.apache.camel.component.bean.BeanWithXPathInjectionUsingResultTypeTest
Tests run: 1, Failures: 0, Errors: 0, Skipped: 0, Time elapsed: 0.009 sec
Running org.apache.camel.component.bean.BodyAnnotationToDisambiguateMethodsTest
Tests run: 1, Failures: 0, Errors: 0, Skipped: 0, Time elapsed: 0.007 sec
Running org.apache.camel.component.bean.BridgeMethodTest
Tests run: 1, Failures: 0, Errors: 0, Skipped: 0, Time elapsed: 1.01 sec
Running org.apache.camel.component.bean.ClassComponentInvalidConfigurationTest
Tests run: 2, Failures: 0, Errors: 0, Skipped: 0, Time elapsed: 0.014 sec
Running org.apache.camel.component.bean.ClassComponentTest
Tests run: 1, Failures: 0, Errors: 0, Skipped: 0, Time elapsed: 0.008 sec
Running org.apache.camel.component.bean.ClassComponentWithPropertiesLookupSetFromEndpointTest
Tests run: 1, Failures: 0, Errors: 0, Skipped: 0, Time elapsed: 0.008 sec
Running org.apache.camel.component.bean.ClassComponentWithPropertiesSetFromEndpointTest
Tests run: 1, Failures: 0, Errors: 0, Skipped: 0, Time elapsed: 0.008 sec
Running org.apache.camel.component.bean.CustomParameterMappingStrategyTest
Tests run: 1, Failures: 0, Errors: 0, Skipped: 0, Time elapsed: 0.008 sec
Running org.apache.camel.component.bean.DefaultParameterMappingStrategyTest
Tests run: 6, Failures: 0, Errors: 0, Skipped: 0, Time elapsed: 0.087 sec
Running org.apache.camel.component.bean.ExpressionAnnotationToDisambiguateMethodsTest
Tests run: 2, Failures: 0, Errors: 0, Skipped: 0, Time elapsed: 0.015 sec
Running org.apache.camel.component.bean.FileBeanParameterBindingTest
Tests run: 1, Failures: 0, Errors: 0, Skipped: 0, Time elapsed: 2.951 sec
Running org.apache.camel.component.bean.FromBeanTest
Tests run: 1, Failures: 0, Errors: 0, Skipped: 0, Time elapsed: 2.011 sec
Running org.apache.camel.component.bean.MethodCallBeanRefMethodNotFoundTest
Tests run: 1, Failures: 0, Errors: 0, Skipped: 0, Time elapsed: 0.011 sec
Running org.apache.camel.component.bean.MethodCallBeanRefNotFoundTest
Tests run: 1, Failures: 0, Errors: 0, Skipped: 0, Time elapsed: 0.008 sec
Running org.apache.camel.component.bean.MyServiceProxyTest
Tests run: 5, Failures: 0, Errors: 0, Skipped: 0, Time elapsed: 0.048 sec
Running org.apache.camel.component.bean.NewInstanceTest
Tests run: 1, Failures: 0, Errors: 0, Skipped: 0, Time elapsed: 0.009 sec
Running org.apache.camel.component.bean.PredicateAsBeanTest
Tests run: 1, Failures: 0, Errors: 0, Skipped: 0, Time elapsed: 0.009 sec
Running org.apache.camel.component.bean.ProxyReturnFutureExceptionTest
Tests run: 1, Failures: 0, Errors: 0, Skipped: 0, Time elapsed: 2.013 sec
Running org.apache.camel.component.bean.ProxyReturnFutureListTest
Tests run: 2, Failures: 0, Errors: 0, Skipped: 0, Time elapsed: 6.02 sec
Running org.apache.camel.component.bean.ProxyReturnFutureTest
Tests run: 2, Failures: 0, Errors: 0, Skipped: 0, Time elapsed: 6.021 sec
Running org.apache.camel.component.bean.RouteMethodCallStaticTest
Tests run: 1, Failures: 0, Errors: 0, Skipped: 0, Time elapsed: 0.016 sec
Running org.apache.camel.component.bean.SendBodyToBeanDirectlyTest
Tests run: 2, Failures: 0, Errors: 0, Skipped: 0, Time elapsed: 0.021 sec
Running org.apache.camel.component.bean.issues.BeanRouteToDerivedClassTest
Tests run: 3, Failures: 0, Errors: 0, Skipped: 0, Time elapsed: 0.03 sec
Running org.apache.camel.component.bean.issues.FilterBeanLanguageNonRegistryTest
Tests run: 1, Failures: 0, Errors: 0, Skipped: 0, Time elapsed: 0.01 sec
Running org.apache.camel.component.bean.issues.FilterBeanNonRegistryTest
Tests run: 2, Failures: 0, Errors: 0, Skipped: 0, Time elapsed: 0.018 sec
Running org.apache.camel.component.bean.issues.FilterBeanRegistryTest
Tests run: 2, Failures: 0, Errors: 0, Skipped: 0, Time elapsed: 0.018 sec
Running org.apache.camel.component.bean.issues.FilterPojoIssueTest
Tests run: 2, Failures: 0, Errors: 0, Skipped: 0, Time elapsed: 0.036 sec
Running org.apache.camel.component.bean.pojomessage.PojoProxyHelperOneWayTest
Tests run: 1, Failures: 0, Errors: 0, Skipped: 0, Time elapsed: 0.011 sec
Running org.apache.camel.component.bean.pojomessage.PojoProxyHelperRequestReplyTest
Tests run: 1, Failures: 0, Errors: 0, Skipped: 0, Time elapsed: 0.009 sec
Running org.apache.camel.component.browse.BrowseEndpointTest
Tests run: 2, Failures: 0, Errors: 0, Skipped: 0, Time elapsed: 0.015 sec
Running org.apache.camel.component.browse.BrowseRouteTest
Tests run: 1, Failures: 0, Errors: 0, Skipped: 0, Time elapsed: 0.008 sec
Running org.apache.camel.component.browse.BrowseTest
Tests run: 1, Failures: 0, Errors: 0, Skipped: 0, Time elapsed: 0.01 sec
Running org.apache.camel.component.dataset.BigDataSetTest
Tests run: 1, Failures: 0, Errors: 0, Skipped: 0, Time elapsed: 0.012 sec
Running org.apache.camel.component.dataset.CustomDataSetTest
Tests run: 1, Failures: 0, Errors: 0, Skipped: 0, Time elapsed: 1.053 sec
Running org.apache.camel.component.dataset.DataSetConsumeTest
Tests run: 1, Failures: 0, Errors: 0, Skipped: 0, Time elapsed: 0.007 sec
Running org.apache.camel.component.dataset.DataSetEndpointTest
Tests run: 5, Failures: 0, Errors: 0, Skipped: 0, Time elapsed: 3.134 sec
Running org.apache.camel.component.dataset.DataSetPreloadTest
Tests run: 1, Failures: 0, Errors: 0, Skipped: 0, Time elapsed: 1.08 sec
Running org.apache.camel.component.dataset.DataSetSedaTest
Tests run: 1, Failures: 0, Errors: 0, Skipped: 0, Time elapsed: 1.649 sec
Running org.apache.camel.component.dataset.DataSetTest
Tests run: 1, Failures: 0, Errors: 0, Skipped: 0, Time elapsed: 1.071 sec
Running org.apache.camel.component.direct.DirectEndpointRouteInlinedTest
Tests run: 2, Failures: 0, Errors: 0, Skipped: 0, Time elapsed: 0.014 sec
Running org.apache.camel.component.direct.DirectEndpointTest
Tests run: 2, Failures: 0, Errors: 0, Skipped: 0, Time elapsed: 0.014 sec
Running org.apache.camel.component.direct.DirectNoMultipleConsumersTest
Tests run: 1, Failures: 0, Errors: 0, Skipped: 0, Time elapsed: 0.007 sec
Running org.apache.camel.component.direct.DirectNoToTypeTest
Tests run: 1, Failures: 0, Errors: 0, Skipped: 0, Time elapsed: 0.007 sec
Running org.apache.camel.component.direct.DirectQueueTest
Tests run: 1, Failures: 0, Errors: 0, Skipped: 0, Time elapsed: 0.007 sec
Running org.apache.camel.component.direct.DirectRouteTest
Tests run: 1, Failures: 0, Errors: 0, Skipped: 0, Time elapsed: 0.043 sec
Running org.apache.camel.component.direct.DirectShouldUseSameThreadTest
Tests run: 1, Failures: 0, Errors: 0, Skipped: 0, Time elapsed: 0.01 sec
Running org.apache.camel.component.direct.SendToNonExistingDirectEndpointTest
Tests run: 1, Failures: 0, Errors: 0, Skipped: 0, Time elapsed: 0.005 sec
Running org.apache.camel.component.direct.SendingToAlotOfDifferentDirectEndpointTest
Tests run: 1, Failures: 0, Errors: 0, Skipped: 0, Time elapsed: 0.085 sec
Running org.apache.camel.component.direct.TwoCamelContextDirectEndpointTest
Tests run: 1, Failures: 0, Errors: 0, Skipped: 0, Time elapsed: 0.069 sec
Running org.apache.camel.component.directvm.DirectVmConsumerExpressionTest
Tests run: 1, Failures: 0, Errors: 0, Skipped: 0, Time elapsed: 0.032 sec
Running org.apache.camel.component.directvm.DirectVmShouldUseSameThreadTest
Tests run: 1, Failures: 0, Errors: 0, Skipped: 0, Time elapsed: 0.008 sec
Running org.apache.camel.component.directvm.DirectVmTwoCamelContextDuplicateConsumerTest
Tests run: 1, Failures: 0, Errors: 0, Skipped: 0, Time elapsed: 0.025 sec
Running org.apache.camel.component.directvm.DirectVmTwoCamelContextTest
Tests run: 1, Failures: 0, Errors: 0, Skipped: 0, Time elapsed: 0.016 sec
Running org.apache.camel.component.file.AntPathMatcherGenericFileFilterTest
Tests run: 4, Failures: 2, Errors: 0, Skipped: 0, Time elapsed: 14.62 sec <<< FAILURE!
Running org.apache.camel.component.file.BeanToFileTest
Tests run: 1, Failures: 0, Errors: 0, Skipped: 0, Time elapsed: 5.953 sec
Running org.apache.camel.component.file.ConsumerTemplateFileShutdownTest
Tests run: 1, Failures: 0, Errors: 0, Skipped: 0, Time elapsed: 2.044 sec
Running org.apache.camel.component.file.DirectoryCreateIssueTest
Tests run: 1, Failures: 1, Errors: 0, Skipped: 0, Time elapsed: 20.086 sec <<< FAILURE!
Running org.apache.camel.component.file.FileAbsoluteAndRelativeConsumerTest
Tests run: 2, Failures: 0, Errors: 0, Skipped: 0, Time elapsed: 9.287 sec
Running org.apache.camel.component.file.FileAbsolutePathIssueTest
Tests run: 1, Failures: 0, Errors: 0, Skipped: 0, Time elapsed: 11.174 sec
Running org.apache.camel.component.file.FileBatchConsumerMemoryLeakTest
Tests run: 1, Failures: 0, Errors: 0, Skipped: 0, Time elapsed: 0.002 sec
Running org.apache.camel.component.file.FileBeginFailureOneTimeTest
Tests run: 1, Failures: 0, Errors: 0, Skipped: 0, Time elapsed: 1.516 sec
Running org.apache.camel.component.file.FileBrowsableEndpointTest
Tests run: 4, Failures: 0, Errors: 0, Skipped: 0, Time elapsed: 4.423 sec
Running org.apache.camel.component.file.FileConcurrentWriteAppendSameFileTest
Tests run: 1, Failures: 1, Errors: 0, Skipped: 0, Time elapsed: 41.37 sec <<< FAILURE!
Running org.apache.camel.component.file.FileConfigureTest
Tests run: 3, Failures: 0, Errors: 0, Skipped: 0, Time elapsed: 0.018 sec
Running org.apache.camel.component.file.FileConsumeAlterFileNameHeaderIssueTest
Tests run: 4, Failures: 0, Errors: 0, Skipped: 0, Time elapsed: 20.654 sec
Running org.apache.camel.component.file.FileConsumeAsyncTest
Tests run: 1, Failures: 0, Errors: 0, Skipped: 0, Time elapsed: 3.949 sec
Running org.apache.camel.component.file.FileConsumeCharsetTest
Tests run: 1, Failures: 0, Errors: 0, Skipped: 0, Time elapsed: 1.011 sec
Running org.apache.camel.component.file.FileConsumeFilesAndDeleteTest
Tests run: 1, Failures: 1, Errors: 0, Skipped: 0, Time elapsed: 19.213 sec <<< FAILURE!
Running org.apache.camel.component.file.FileConsumeMaxMessagesPerPollTest
Tests run: 1, Failures: 0, Errors: 0, Skipped: 0, Time elapsed: 11.159 sec
Running org.apache.camel.component.file.FileConsumeMoveRelativeNameTest
Tests run: 1, Failures: 1, Errors: 0, Skipped: 0, Time elapsed: 24.515 sec <<< FAILURE!
Running org.apache.camel.component.file.FileConsumeMultipleDirectoriesTest
Tests run: 1, Failures: 0, Errors: 0, Skipped: 0, Time elapsed: 8.7 sec
Running org.apache.camel.component.file.FileConsumeNoopIdempotentAutoTest
Tests run: 1, Failures: 0, Errors: 0, Skipped: 0, Time elapsed: 1.012 sec
Running org.apache.camel.component.file.FileConsumeNoopIdempotentDisabledTest
Tests run: 1, Failures: 0, Errors: 0, Skipped: 0, Time elapsed: 1.605 sec
Running org.apache.camel.component.file.FileConsumeNoopIdempotentEnabledTest
Tests run: 1, Failures: 0, Errors: 0, Skipped: 0, Time elapsed: 9.701 sec
Running org.apache.camel.component.file.FileConsumeNotEagerMaxMessagesPerPollTest
Tests run: 1, Failures: 0, Errors: 0, Skipped: 0, Time elapsed: 7.079 sec
Running org.apache.camel.component.file.FileConsumePollEnrichFileTest
Tests run: 1, Failures: 1, Errors: 0, Skipped: 0, Time elapsed: 4.788 sec <<< FAILURE!
Running org.apache.camel.component.file.FileConsumePollEnrichFileUsingProcessorTest
Tests run: 1, Failures: 0, Errors: 0, Skipped: 0, Time elapsed: 4.635 sec
Running org.apache.camel.component.file.FileConsumeRootDirManualTest
Tests run: 1, Failures: 0, Errors: 0, Skipped: 0, Time elapsed: 0.015 sec
Running org.apache.camel.component.file.FileConsumeRunLoggingLevelTest
Tests run: 1, Failures: 0, Errors: 0, Skipped: 0, Time elapsed: 1.021 sec
Running org.apache.camel.component.file.FileConsumeSimpleAbsoluteMoveToAbsoluteTest
Tests run: 1, Failures: 0, Errors: 0, Skipped: 0, Time elapsed: 1.068 sec
Running org.apache.camel.component.file.FileConsumeSimpleAbsoluteMoveToRelativeTest
Tests run: 1, Failures: 0, Errors: 0, Skipped: 0, Time elapsed: 4.268 sec
Running org.apache.camel.component.file.FileConsumeSimpleRelativeMoveToAbsoluteTest
Tests run: 1, Failures: 0, Errors: 0, Skipped: 0, Time elapsed: 1.339 sec
Running org.apache.camel.component.file.FileConsumeSimpleRelativeMoveToRelativeTest
Tests run: 1, Failures: 0, Errors: 0, Skipped: 0, Time elapsed: 1.018 sec
Running org.apache.camel.component.file.FileConsumeSingleDirectoryOnlyTest
Tests run: 1, Failures: 0, Errors: 0, Skipped: 0, Time elapsed: 1.126 sec
Running org.apache.camel.component.file.FileConsumeTemplateTest
Tests run: 1, Failures: 0, Errors: 0, Skipped: 0, Time elapsed: 1.407 sec
Running org.apache.camel.component.file.FileConsumeWithDollarInPathTest
Tests run: 1, Failures: 0, Errors: 0, Skipped: 0, Time elapsed: 1.019 sec
Running org.apache.camel.component.file.FileConsumerAbsolutePathDefaultMoveTest
Tests run: 1, Failures: 0, Errors: 0, Skipped: 0, Time elapsed: 1.062 sec
Running org.apache.camel.component.file.FileConsumerAbsolutePathTest
Tests run: 1, Failures: 0, Errors: 0, Skipped: 0, Time elapsed: 1.09 sec
Running org.apache.camel.component.file.FileConsumerAbsolutePathWithAbsoluteMoveTest
Tests run: 1, Failures: 0, Errors: 0, Skipped: 0, Time elapsed: 1.065 sec
Running org.apache.camel.component.file.FileConsumerAbsolutePathWithRelativeMoveTest
Tests run: 1, Failures: 0, Errors: 0, Skipped: 0, Time elapsed: 1.066 sec
Running org.apache.camel.component.file.FileConsumerAbsoluteRootPathDefaultMoveTest
Tests run: 1, Failures: 0, Errors: 0, Skipped: 0, Time elapsed: 0.008 sec
Running org.apache.camel.component.file.FileConsumerAutoCreateDirectoryTest
Tests run: 5, Failures: 0, Errors: 0, Skipped: 0, Time elapsed: 0.373 sec
Running org.apache.camel.component.file.FileConsumerBatchTest
Tests run: 1, Failures: 1, Errors: 0, Skipped: 0, Time elapsed: 13.707 sec <<< FAILURE!
Running org.apache.camel.component.file.FileConsumerBeginAndCommitExpressionRenameStrategyTest
Tests run: 2, Failures: 0, Errors: 0, Skipped: 0, Time elapsed: 13.785 sec
Running org.apache.camel.component.file.FileConsumerBeginAndCommitRenameStrategyTest
Tests run: 2, Failures: 0, Errors: 0, Skipped: 0, Time elapsed: 6.102 sec
Running org.apache.camel.component.file.FileConsumerBeginExpressionRenameStrategyTest
Tests run: 2, Failures: 0, Errors: 0, Skipped: 0, Time elapsed: 13.161 sec
Running org.apache.camel.component.file.FileConsumerBeginRenameStrategyTest
Tests run: 2, Failures: 0, Errors: 0, Skipped: 0, Time elapsed: 17.155 sec
Running org.apache.camel.component.file.FileConsumerBridgeRouteExceptionHandlerTest
Tests run: 1, Failures: 0, Errors: 0, Skipped: 0, Time elapsed: 4.104 sec
Running org.apache.camel.component.file.FileConsumerCommitRenameAbsolutePathStrategyTest
Tests run: 1, Failures: 0, Errors: 0, Skipped: 0, Time elapsed: 6.993 sec
Running org.apache.camel.component.file.FileConsumerCommitRenameStrategyTest
Tests run: 2, Failures: 0, Errors: 0, Skipped: 0, Time elapsed: 2.297 sec
Running org.apache.camel.component.file.FileConsumerCustomExceptionHandlerTest
Tests run: 1, Failures: 0, Errors: 0, Skipped: 0, Time elapsed: 2.523 sec
Running org.apache.camel.component.file.FileConsumerDeleteAndFailureTest
Tests run: 1, Failures: 0, Errors: 0, Skipped: 0, Time elapsed: 1.14 sec
Running org.apache.camel.component.file.FileConsumerDeleteAndMoveFailedTest
Tests run: 1, Failures: 0, Errors: 0, Skipped: 0, Time elapsed: 1.066 sec
Running org.apache.camel.component.file.FileConsumerDirectoryFilterTest
Tests run: 1, Failures: 0, Errors: 0, Skipped: 0, Time elapsed: 1.011 sec
Running org.apache.camel.component.file.FileConsumerDirectoryNotMatchedTest
Tests run: 1, Failures: 0, Errors: 0, Skipped: 0, Time elapsed: 2.07 sec
Running org.apache.camel.component.file.FileConsumerExcludeNameTest
Tests run: 1, Failures: 0, Errors: 0, Skipped: 0, Time elapsed: 1.022 sec
Running org.apache.camel.component.file.FileConsumerFailureHandledTest
Tests run: 4, Failures: 0, Errors: 0, Skipped: 0, Time elapsed: 4.081 sec
Running org.apache.camel.component.file.FileConsumerFileExpressionTest
Tests run: 2, Failures: 0, Errors: 0, Skipped: 0, Time elapsed: 2.64 sec
Running org.apache.camel.component.file.FileConsumerFileFilterTest
Tests run: 2, Failures: 0, Errors: 0, Skipped: 0, Time elapsed: 2.179 sec
Running org.apache.camel.component.file.FileConsumerIdempotentRefTest
Tests run: 1, Failures: 0, Errors: 0, Skipped: 0, Time elapsed: 1.156 sec
Running org.apache.camel.component.file.FileConsumerIdempotentTest
Tests run: 1, Failures: 0, Errors: 0, Skipped: 0, Time elapsed: 1.128 sec
Running org.apache.camel.component.file.FileConsumerIdleMessageTest
Tests run: 1, Failures: 0, Errors: 0, Skipped: 0, Time elapsed: 1.07 sec
Running org.apache.camel.component.file.FileConsumerIncludeAndExcludeNameTest
Tests run: 1, Failures: 0, Errors: 0, Skipped: 0, Time elapsed: 66.537 sec
Running org.apache.camel.component.file.FileConsumerIncludeNameTest
Tests run: 1, Failures: 0, Errors: 0, Skipped: 0, Time elapsed: 28.498 sec
Running org.apache.camel.component.file.FileConsumerInterceptEmptyFileTest
Tests run: 1, Failures: 0, Errors: 0, Skipped: 0, Time elapsed: 40.541 sec
Running org.apache.camel.component.file.FileConsumerMoveAndMoveFailureTest
Tests run: 1, Failures: 0, Errors: 0, Skipped: 0, Time elapsed: 26.463 sec
Running org.apache.camel.component.file.FileConsumerMoveExpressionTest
Tests run: 5, Failures: 0, Errors: 0, Skipped: 0, Time elapsed: 27.375 sec
Running org.apache.camel.component.file.FileConsumerMoveFailureOnCompletionTest
Tests run: 2, Failures: 0, Errors: 0, Skipped: 0, Time elapsed: 26.744 sec
Running org.apache.camel.component.file.FileConsumerMoveFailureTest
Tests run: 1, Failures: 0, Errors: 0, Skipped: 0, Time elapsed: 1.062 sec
Running org.apache.camel.component.file.FileConsumerNoopTest
Tests run: 1, Failures: 0, Errors: 0, Skipped: 0, Time elapsed: 20.066 sec
Running org.apache.camel.component.file.FileConsumerPollStrategyNotBeginTest
Tests run: 1, Failures: 0, Errors: 0, Skipped: 0, Time elapsed: 0.129 sec
Running org.apache.camel.component.file.FileConsumerPollStrategyPolledMessagesTest
Tests run: 1, Failures: 0, Errors: 0, Skipped: 0, Time elapsed: 1.181 sec
Running org.apache.camel.component.file.FileConsumerPollStrategyRollbackThrowExceptionTest
Tests run: 1, Failures: 0, Errors: 0, Skipped: 0, Time elapsed: 0.198 sec
Running org.apache.camel.component.file.FileConsumerPollStrategyStopOnRollbackTest
Tests run: 1, Failures: 0, Errors: 0, Skipped: 0, Time elapsed: 2.095 sec
Running org.apache.camel.component.file.FileConsumerPollStrategyTest
Tests run: 1, Failures: 0, Errors: 0, Skipped: 0, Time elapsed: 27.905 sec
Running org.apache.camel.component.file.FileConsumerPreMoveCopyAndDeleteOnRenameFailFalseTest
Tests run: 2, Failures: 0, Errors: 0, Skipped: 0, Time elapsed: 19.264 sec
Running org.apache.camel.component.file.FileConsumerPreMoveDeleteTest
Tests run: 2, Failures: 0, Errors: 0, Skipped: 0, Time elapsed: 23.679 sec
Running org.apache.camel.component.file.FileConsumerPreMoveIssueTest
Tests run: 1, Failures: 0, Errors: 0, Skipped: 0, Time elapsed: 4.9 sec
Running org.apache.camel.component.file.FileConsumerPreMoveNoopTest
Tests run: 2, Failures: 0, Errors: 0, Skipped: 0, Time elapsed: 21.888 sec
Running org.apache.camel.component.file.FileConsumerPreMoveTest
Tests run: 2, Failures: 0, Errors: 0, Skipped: 0, Time elapsed: 17.6 sec
Running org.apache.camel.component.file.FileConsumerProducerRouteTest
Tests run: 1, Failures: 1, Errors: 0, Skipped: 0, Time elapsed: 35.321 sec <<< FAILURE!
Running org.apache.camel.component.file.FileConsumerRelativeFileNameTest
Tests run: 1, Failures: 1, Errors: 0, Skipped: 0, Time elapsed: 12.095 sec <<< FAILURE!
Running org.apache.camel.component.file.FileConsumerSharedThreadPollStopRouteTest
Tests run: 1, Failures: 0, Errors: 0, Skipped: 0, Time elapsed: 17.426 sec
Running org.apache.camel.component.file.FileConsumerSharedThreadPollTest
Tests run: 1, Failures: 0, Errors: 0, Skipped: 0, Time elapsed: 6.95 sec
Running org.apache.camel.component.file.FileConsumerSkipDotFilesTest
Tests run: 2, Failures: 0, Errors: 0, Skipped: 0, Time elapsed: 5.142 sec
Running org.apache.camel.component.file.FileConsumerSuspendAndResumeTest
Tests run: 1, Failures: 0, Errors: 0, Skipped: 0, Time elapsed: 9.776 sec
Running org.apache.camel.component.file.FileConsumerSuspendTest
Tests run: 1, Failures: 0, Errors: 0, Skipped: 0, Time elapsed: 9.062 sec
Running org.apache.camel.component.file.FileConsumerTemplateTest
Tests run: 1, Failures: 0, Errors: 0, Skipped: 0, Time elapsed: 7.914 sec
Running org.apache.camel.component.file.FileContentBasedRouterTest
Tests run: 3, Failures: 0, Errors: 0, Skipped: 0, Time elapsed: 58.325 sec
Running org.apache.camel.component.file.FileConvertBodyToUTF8Test
Tests run: 1, Failures: 0, Errors: 0, Skipped: 0, Time elapsed: 8.657 sec
Running org.apache.camel.component.file.FileEagerDeleteTargetFileTest
Tests run: 3, Failures: 0, Errors: 0, Skipped: 0, Time elapsed: 28.913 sec
Running org.apache.camel.component.file.FileExclusiveReadManuelTest
Tests run: 1, Failures: 0, Errors: 0, Skipped: 0, Time elapsed: 0.11 sec
Running org.apache.camel.component.file.FileExclusiveReadNoneStrategyTest
Tests run: 1, Failures: 0, Errors: 0, Skipped: 0, Time elapsed: 5.84 sec
Running org.apache.camel.component.file.FileHeaderFileNameProducedTest
Tests run: 1, Failures: 0, Errors: 0, Skipped: 0, Time elapsed: 1.818 sec
Running org.apache.camel.component.file.FileIdempotentReadSameFileAgainTest
Tests run: 1, Failures: 0, Errors: 0, Skipped: 0, Time elapsed: 16.882 sec
Running org.apache.camel.component.file.FileInvalidStartingPathTest
Tests run: 2, Failures: 0, Errors: 0, Skipped: 0, Time elapsed: 0.01 sec
Running org.apache.camel.component.file.FileKeepLastModifiedTest
Tests run: 3, Failures: 2, Errors: 0, Skipped: 0, Time elapsed: 39.611 sec <<< FAILURE!
Running org.apache.camel.component.file.FileLanguageCBRTest
Tests run: 3, Failures: 0, Errors: 0, Skipped: 0, Time elapsed: 11.137 sec
Running org.apache.camel.component.file.FileMEPInOutTest
Tests run: 1, Failures: 0, Errors: 0, Skipped: 0, Time elapsed: 0.161 sec
Running org.apache.camel.component.file.FileMarkerFileDeleteOldLockFilesTest
Tests run: 1, Failures: 0, Errors: 0, Skipped: 0, Time elapsed: 1.195 sec
Running org.apache.camel.component.file.FileMarkerFileRecursiveDeleteOldLockFilesTest
Tests run: 1, Failures: 0, Errors: 0, Skipped: 0, Time elapsed: 1.298 sec
Running org.apache.camel.component.file.FileMoveErrorOnExceptionNotHandledTest
Tests run: 1, Failures: 0, Errors: 0, Skipped: 0, Time elapsed: 1.071 sec
Running org.apache.camel.component.file.FileNoOpLockFileTest
Tests run: 2, Failures: 0, Errors: 0, Skipped: 0, Time elapsed: 2.426 sec
Running org.apache.camel.component.file.FilePollEnrichNoWaitTest
Tests run: 1, Failures: 0, Errors: 0, Skipped: 0, Time elapsed: 2.174 sec
Running org.apache.camel.component.file.FilePollEnrichTest
Tests run: 1, Failures: 0, Errors: 0, Skipped: 0, Time elapsed: 2.165 sec
Running org.apache.camel.component.file.FilePollingConsumerTest
Tests run: 1, Failures: 0, Errors: 0, Skipped: 0, Time elapsed: 2.663 sec
Running org.apache.camel.component.file.FileProduceAppendTest
Tests run: 1, Failures: 0, Errors: 0, Skipped: 0, Time elapsed: 0.053 sec
Running org.apache.camel.component.file.FileProduceGeneratedFileNameTest
Tests run: 1, Failures: 0, Errors: 0, Skipped: 0, Time elapsed: 0.028 sec
Running org.apache.camel.component.file.FileProduceTempFileNameTest
Tests run: 3, Failures: 0, Errors: 0, Skipped: 0, Time elapsed: 0.073 sec
Running org.apache.camel.component.file.FileProduceTempPrefixTest
Tests run: 5, Failures: 0, Errors: 0, Skipped: 0, Time elapsed: 0.184 sec
Running org.apache.camel.component.file.FileProducerAllowNullBodyFileAlreadyExistsTest
Tests run: 2, Failures: 0, Errors: 0, Skipped: 0, Time elapsed: 0.1 sec
Running org.apache.camel.component.file.FileProducerAllowNullBodyTest
Tests run: 2, Failures: 0, Errors: 0, Skipped: 0, Time elapsed: 0.012 sec
Running org.apache.camel.component.file.FileProducerCharsetUTFOptimizedTest
Tests run: 1, Failures: 0, Errors: 0, Skipped: 0, Time elapsed: 1.051 sec
Running org.apache.camel.component.file.FileProducerCharsetUTFtoISOConfiguredTest
Tests run: 1, Failures: 0, Errors: 0, Skipped: 0, Time elapsed: 1.026 sec
Running org.apache.camel.component.file.FileProducerCharsetUTFtoISOConvertBodyToTest
Tests run: 1, Failures: 0, Errors: 0, Skipped: 0, Time elapsed: 1.189 sec
Running org.apache.camel.component.file.FileProducerCharsetUTFtoISOTest
Tests run: 1, Failures: 0, Errors: 0, Skipped: 0, Time elapsed: 1.015 sec
Running org.apache.camel.component.file.FileProducerCharsetUTFtoUTFTest
Tests run: 1, Failures: 0, Errors: 0, Skipped: 0, Time elapsed: 1.268 sec
Running org.apache.camel.component.file.FileProducerExpressionTest
Tests run: 7, Failures: 0, Errors: 0, Skipped: 0, Time elapsed: 52.78 sec
Running org.apache.camel.component.file.FileProducerFileExistAppendNoFileBeforeTest
Tests run: 1, Failures: 0, Errors: 0, Skipped: 0, Time elapsed: 7.118 sec
Running org.apache.camel.component.file.FileProducerFileExistAppendTest
Tests run: 1, Failures: 1, Errors: 0, Skipped: 0, Time elapsed: 9.672 sec <<< FAILURE!
Running org.apache.camel.component.file.FileProducerFileExistFailTest
Tests run: 1, Failures: 1, Errors: 0, Skipped: 0, Time elapsed: 5.404 sec <<< FAILURE!
Running org.apache.camel.component.file.FileProducerFileExistIgnoreTest
Tests run: 1, Failures: 0, Errors: 0, Skipped: 0, Time elapsed: 11.132 sec
Running org.apache.camel.component.file.FileProducerFileExistOverrideNoFileBeforeTest
Tests run: 1, Failures: 0, Errors: 0, Skipped: 0, Time elapsed: 6.778 sec
Running org.apache.camel.component.file.FileProducerFileExistOverrideTest
Tests run: 1, Failures: 1, Errors: 0, Skipped: 0, Time elapsed: 18.143 sec <<< FAILURE!
Running org.apache.camel.component.file.FileProducerFilenameConstantTest
Tests run: 1, Failures: 0, Errors: 0, Skipped: 0, Time elapsed: 4.343 sec
Running org.apache.camel.component.file.FileProducerMoveExistingTest
Tests run: 5, Failures: 0, Errors: 0, Skipped: 0, Time elapsed: 40.091 sec
Running org.apache.camel.component.file.FileProducerTempFileExistsIssueTest
Tests run: 6, Failures: 0, Errors: 0, Skipped: 0, Time elapsed: 58.21 sec
Running org.apache.camel.component.file.FileRecursiveDepthTest
Tests run: 3, Failures: 0, Errors: 0, Skipped: 0, Time elapsed: 80.156 sec
Running org.apache.camel.component.file.FileRecursiveNoopTest
Tests run: 1, Failures: 0, Errors: 0, Skipped: 0, Time elapsed: 1.587 sec
Running org.apache.camel.component.file.FileRenameFileOnCommitIssueTest
Tests run: 1, Failures: 0, Errors: 0, Skipped: 0, Time elapsed: 1.116 sec
Running org.apache.camel.component.file.FileRenameReadLockMustUseMarkerFileTest
Tests run: 1, Failures: 0, Errors: 0, Skipped: 0, Time elapsed: 1.051 sec
Running org.apache.camel.component.file.FileRouteOnDosWithNoVolTest
Tests run: 3, Failures: 0, Errors: 0, Skipped: 0, Time elapsed: 2.397 sec
Running org.apache.camel.component.file.FileSortByExpressionTest
Tests run: 2, Failures: 0, Errors: 0, Skipped: 0, Time elapsed: 2.503 sec
Running org.apache.camel.component.file.FileSortByIgnoreCaseExpressionTest
Tests run: 3, Failures: 0, Errors: 0, Skipped: 0, Time elapsed: 2.461 sec
Running org.apache.camel.component.file.FileSortByNestedExpressionTest
Tests run: 2, Failures: 0, Errors: 0, Skipped: 0, Time elapsed: 2.798 sec
Running org.apache.camel.component.file.FileSorterRefTest
Tests run: 1, Failures: 0, Errors: 0, Skipped: 0, Time elapsed: 36.27 sec
Running org.apache.camel.component.file.FileToFileNioLowBufferTest
Tests run: 1, Failures: 0, Errors: 0, Skipped: 0, Time elapsed: 13.146 sec
Running org.apache.camel.component.file.FileToFileWithFlattenTest
Tests run: 2, Failures: 2, Errors: 0, Skipped: 0, Time elapsed: 51.951 sec <<< FAILURE!
Running org.apache.camel.component.file.FilerConsumerDoneFileNameDeleteTest
Tests run: 1, Failures: 0, Errors: 0, Skipped: 0, Time elapsed: 8.647 sec
Running org.apache.camel.component.file.FilerConsumerDoneFileNamePrefixTest
Tests run: 1, Failures: 0, Errors: 0, Skipped: 0, Time elapsed: 6.081 sec
Running org.apache.camel.component.file.FilerConsumerDoneFileNameSimplePrefixTest
Tests run: 1, Failures: 0, Errors: 0, Skipped: 0, Time elapsed: 8.454 sec
Running org.apache.camel.component.file.FilerConsumerDoneFileNameSuffixTest
Tests run: 1, Failures: 0, Errors: 0, Skipped: 0, Time elapsed: 1.803 sec
Running org.apache.camel.component.file.FilerConsumerDoneFileNameTest
Tests run: 1, Failures: 0, Errors: 0, Skipped: 0, Time elapsed: 0.948 sec
Running org.apache.camel.component.file.FilerConsumerDoneFileNoopTest
Tests run: 1, Failures: 0, Errors: 0, Skipped: 0, Time elapsed: 1.012 sec
Running org.apache.camel.component.file.FilerConsumerDualDoneFileNameTest
Tests run: 2, Failures: 0, Errors: 0, Skipped: 0, Time elapsed: 2.36 sec
Running org.apache.camel.component.file.FilerConsumerPreMoveDoneFileNameTest
Tests run: 1, Failures: 0, Errors: 0, Skipped: 0, Time elapsed: 11.382 sec
Running org.apache.camel.component.file.FilerConsumerShouldSkipDoneFilePrefixTest
Tests run: 1, Failures: 0, Errors: 0, Skipped: 0, Time elapsed: 0.947 sec
Running org.apache.camel.component.file.FilerConsumerShouldSkipDoneFileSuffixTest
Tests run: 1, Failures: 0, Errors: 0, Skipped: 0, Time elapsed: 0.316 sec
Running org.apache.camel.component.file.FilerConsumerShouldSkipDoneFileTest
Tests run: 1, Failures: 0, Errors: 0, Skipped: 0, Time elapsed: 1.829 sec
Running org.apache.camel.component.file.FilerProducerAbsoluteTest
Tests run: 1, Failures: 0, Errors: 0, Skipped: 0, Time elapsed: 0.093 sec
Running org.apache.camel.component.file.FilerProducerDoneFileNameTest
Tests run: 6, Failures: 0, Errors: 0, Skipped: 0, Time elapsed: 0.286 sec
Running org.apache.camel.component.file.FilerProducerFileNamesTest
Tests run: 2, Failures: 0, Errors: 0, Skipped: 0, Time elapsed: 0.058 sec
Running org.apache.camel.component.file.FromFileDoNotDeleteFileIfProcessFailsTest
Tests run: 1, Failures: 0, Errors: 0, Skipped: 0, Time elapsed: 1.012 sec
Running org.apache.camel.component.file.FromFileDoNotMoveFileIfProcessFailsTest
Tests run: 1, Failures: 0, Errors: 0, Skipped: 0, Time elapsed: 1.012 sec
Running org.apache.camel.component.file.FromFileMoveDoneCustomHeaderTest
Tests run: 1, Failures: 0, Errors: 0, Skipped: 0, Time elapsed: 1.062 sec
Running org.apache.camel.component.file.FromFileMoveFileIfProcessFailsTest
Tests run: 1, Failures: 0, Errors: 0, Skipped: 0, Time elapsed: 1.062 sec
Running org.apache.camel.component.file.FromFileMulticastToFilesTest
Tests run: 2, Failures: 0, Errors: 0, Skipped: 0, Time elapsed: 2.282 sec
Running org.apache.camel.component.file.FromFilePollThirdTimeOkTest
Tests run: 1, Failures: 0, Errors: 0, Skipped: 0, Time elapsed: 0.062 sec
Running org.apache.camel.component.file.GenericFileConverterTest
Tests run: 6, Failures: 0, Errors: 0, Skipped: 0, Time elapsed: 13.108 sec
Running org.apache.camel.component.file.NewFileConsumeTest
Tests run: 1, Failures: 0, Errors: 0, Skipped: 0, Time elapsed: 1.569 sec
Running org.apache.camel.component.file.NewFileConsumerTest
Tests run: 1, Failures: 0, Errors: 0, Skipped: 0, Time elapsed: 4.646 sec
Running org.apache.camel.component.file.NewFileProduceTest
Tests run: 1, Failures: 0, Errors: 0, Skipped: 0, Time elapsed: 5.349 sec
Running org.apache.camel.component.file.ToFileRouteTest
Tests run: 1, Failures: 0, Errors: 0, Skipped: 0, Time elapsed: 4.679 sec
Running org.apache.camel.component.file.XPathToFileTest
Tests run: 1, Failures: 0, Errors: 0, Skipped: 0, Time elapsed: 11.803 sec
Running org.apache.camel.component.file.strategy.FileChangedReadLockTest
Tests run: 1, Failures: 0, Errors: 0, Skipped: 0, Time elapsed: 8.131 sec
Running org.apache.camel.component.file.strategy.FileChangedReadLockTimeoutTest
Tests run: 1, Failures: 0, Errors: 0, Skipped: 0, Time elapsed: 9.174 sec
Running org.apache.camel.component.file.strategy.FileChangedZeroLengthReadLockTest
Tests run: 1, Failures: 0, Errors: 0, Skipped: 0, Time elapsed: 4.917 sec
Running org.apache.camel.component.file.strategy.GenericFileDeleteProcessStrategyTest
Tests run: 2, Failures: 0, Errors: 0, Skipped: 0, Time elapsed: 4.011 sec
Running org.apache.camel.component.file.strategy.MarkerFileExclusiveReadLockStrategyTest
Tests run: 1, Failures: 1, Errors: 0, Skipped: 0, Time elapsed: 8.888 sec <<< FAILURE!
Running org.apache.camel.component.file.stress.FileAsyncStressReadLockLockFileTest
Tests run: 1, Failures: 0, Errors: 0, Skipped: 0, Time elapsed: 114.663 sec
Running org.apache.camel.component.file.stress.FileAsyncStressReadLockNoneTest
Tests run: 1, Failures: 0, Errors: 0, Skipped: 0, Time elapsed: 6.486 sec
Running org.apache.camel.component.file.stress.FileAsyncStressReadLockRenameTest
Tests run: 1, Failures: 0, Errors: 0, Skipped: 0, Time elapsed: 6.943 sec
Running org.apache.camel.component.file.stress.FileAsyncStressTest
Tests run: 1, Failures: 0, Errors: 0, Skipped: 0, Time elapsed: 160.171 sec
Running org.apache.camel.component.file.stress.FileConsumerPollManyFilesTest
Tests run: 1, Failures: 0, Errors: 0, Skipped: 0, Time elapsed: 27.725 sec
Running org.apache.camel.component.language.LanguageEndpointScriptRouteTest
Tests run: 1, Failures: 0, Errors: 0, Skipped: 0, Time elapsed: 0.013 sec
Running org.apache.camel.component.language.LanguageHeaderRouteTest
Tests run: 1, Failures: 0, Errors: 0, Skipped: 0, Time elapsed: 0.01 sec
Running org.apache.camel.component.language.LanguageLoadScriptFromClasspathHeaderTest
Tests run: 1, Failures: 0, Errors: 0, Skipped: 0, Time elapsed: 0.016 sec
Running org.apache.camel.component.language.LanguageLoadScriptFromClasspathTest
Tests run: 1, Failures: 0, Errors: 0, Skipped: 0, Time elapsed: 0.012 sec
Running org.apache.camel.component.language.LanguageLoadScriptFromFileCachedTest
Tests run: 1, Failures: 0, Errors: 0, Skipped: 0, Time elapsed: 0.08 sec
Running org.apache.camel.component.language.LanguageLoadScriptFromFileUpdateTest
Tests run: 1, Failures: 0, Errors: 0, Skipped: 0, Time elapsed: 0.074 sec
Running org.apache.camel.component.language.LanguageRouteConvertBodyTest
Tests run: 1, Failures: 0, Errors: 0, Skipped: 0, Time elapsed: 0.015 sec
Running org.apache.camel.component.language.LanguageRouteNoTransformTest
Tests run: 1, Failures: 0, Errors: 0, Skipped: 0, Time elapsed: 0.008 sec
Running org.apache.camel.component.language.LanguageRouteTest
Tests run: 1, Failures: 0, Errors: 0, Skipped: 0, Time elapsed: 0.01 sec
Running org.apache.camel.component.language.LanguageScriptInHeaderRouteTakePrecedenceTest
Tests run: 2, Failures: 0, Errors: 0, Skipped: 0, Time elapsed: 0.033 sec
Running org.apache.camel.component.language.LanguageScriptInHeaderRouteTest
Tests run: 1, Failures: 0, Errors: 0, Skipped: 0, Time elapsed: 0.035 sec
Running org.apache.camel.component.language.LanguageScriptRouteTest
Tests run: 1, Failures: 0, Errors: 0, Skipped: 0, Time elapsed: 0.028 sec
Running org.apache.camel.component.language.LanguageXPathRouteTest
Tests run: 1, Failures: 0, Errors: 0, Skipped: 0, Time elapsed: 0.015 sec
Running org.apache.camel.component.log.LogEndpointTest
Tests run: 1, Failures: 0, Errors: 0, Skipped: 0, Time elapsed: 0.031 sec
Running org.apache.camel.component.log.LogFormatterTest
Tests run: 14, Failures: 0, Errors: 0, Skipped: 0, Time elapsed: 0.073 sec
Running org.apache.camel.component.log.LogInputStreamTest
Tests run: 4, Failures: 0, Errors: 0, Skipped: 0, Time elapsed: 0.054 sec
Running org.apache.camel.component.log.LogRouteTest
Tests run: 4, Failures: 0, Errors: 0, Skipped: 0, Time elapsed: 0.019 sec
Running org.apache.camel.component.log.ThroughputLoggerTest
Tests run: 2, Failures: 0, Errors: 0, Skipped: 0, Time elapsed: 1.452 sec
Running org.apache.camel.component.mock.MockAsBeanTest
Tests run: 3, Failures: 0, Errors: 0, Skipped: 0, Time elapsed: 0.167 sec
Running org.apache.camel.component.mock.MockAssertionClauseTest
Tests run: 2, Failures: 0, Errors: 0, Skipped: 0, Time elapsed: 0.014 sec
Running org.apache.camel.component.mock.MockEndpointTest
Tests run: 69, Failures: 0, Errors: 0, Skipped: 0, Time elapsed: 4.434 sec
Running org.apache.camel.component.mock.MockEndpointTimeClauseTest
Exception in thread "pool-771-thread-1" java.lang.IllegalStateException: ProducerTemplate has not been started
	at org.apache.camel.impl.DefaultProducerTemplate.getProducerCache(DefaultProducerTemplate.java:675)
	at org.apache.camel.impl.DefaultProducerTemplate.send(DefaultProducerTemplate.java:111)
	at org.apache.camel.impl.DefaultProducerTemplate.sendBody(DefaultProducerTemplate.java:124)
	at org.apache.camel.impl.DefaultProducerTemplate.sendBody(DefaultProducerTemplate.java:131)
	at org.apache.camel.component.mock.MockEndpointTimeClauseTest$2.run(MockEndpointTimeClauseTest.java:109)
	at java.util.concurrent.ThreadPoolExecutor.runWorker(ThreadPoolExecutor.java:1145)
	at java.util.concurrent.ThreadPoolExecutor$Worker.run(ThreadPoolExecutor.java:615)
	at java.lang.Thread.run(Thread.java:745)
Tests run: 11, Failures: 0, Errors: 0, Skipped: 0, Time elapsed: 7.838 sec
Running org.apache.camel.component.mock.MockEndpointWithParametersTest
Tests run: 1, Failures: 0, Errors: 0, Skipped: 0, Time elapsed: 0.008 sec
Running org.apache.camel.component.mock.MockExpectedBodiesAsListTest
Tests run: 3, Failures: 0, Errors: 0, Skipped: 0, Time elapsed: 0.019 sec
Running org.apache.camel.component.mock.MockPredicateTest
Tests run: 3, Failures: 0, Errors: 0, Skipped: 0, Time elapsed: 0.018 sec
Running org.apache.camel.component.mock.MockThroughtputTest
Tests run: 1, Failures: 0, Errors: 0, Skipped: 0, Time elapsed: 0.009 sec
Running org.apache.camel.component.mock.MockXpathTest
Tests run: 1, Failures: 0, Errors: 0, Skipped: 0, Time elapsed: 0.009 sec
Running org.apache.camel.component.pojo.PojoRouteTest
Tests run: 1, Failures: 0, Errors: 0, Skipped: 0, Time elapsed: 0.056 sec
Running org.apache.camel.component.properties.OptionalPropertiesDslInvalidSyntaxTest
Tests run: 2, Failures: 0, Errors: 0, Skipped: 0, Time elapsed: 0.011 sec
Running org.apache.camel.component.properties.OptionalPropertiesDslTest
Tests run: 1, Failures: 0, Errors: 0, Skipped: 0, Time elapsed: 0.01 sec
Running org.apache.camel.component.properties.PropertiesComponentAdviceWithInterceptSendToEndpointTest
Tests run: 1, Failures: 0, Errors: 0, Skipped: 0, Time elapsed: 0.009 sec
Running org.apache.camel.component.properties.PropertiesComponentDefaultTest
Tests run: 5, Failures: 0, Errors: 0, Skipped: 0, Time elapsed: 0.031 sec
Running org.apache.camel.component.properties.PropertiesComponentEIPChoiceConvertBodyToTest
Tests run: 2, Failures: 0, Errors: 0, Skipped: 0, Time elapsed: 0.015 sec
Running org.apache.camel.component.properties.PropertiesComponentEIPConvertBodyToTest
Tests run: 1, Failures: 0, Errors: 0, Skipped: 0, Time elapsed: 0.007 sec
Running org.apache.camel.component.properties.PropertiesComponentEIPRoutingSlipTest
Tests run: 1, Failures: 0, Errors: 0, Skipped: 0, Time elapsed: 0.009 sec
Running org.apache.camel.component.properties.PropertiesComponentEndpointTest
Tests run: 3, Failures: 0, Errors: 0, Skipped: 0, Time elapsed: 0.017 sec
Running org.apache.camel.component.properties.PropertiesComponentInterceptSendToEndpointTest
Tests run: 1, Failures: 0, Errors: 0, Skipped: 0, Time elapsed: 0.007 sec
Running org.apache.camel.component.properties.PropertiesComponentLoadPropertiesFromFileTest
Tests run: 24, Failures: 0, Errors: 0, Skipped: 0, Time elapsed: 0.452 sec
Running org.apache.camel.component.properties.PropertiesComponentLoadPropertiesFromFileTrimValuesTest
Tests run: 1, Failures: 0, Errors: 0, Skipped: 0, Time elapsed: 0.005 sec
Running org.apache.camel.component.properties.PropertiesComponentLocationWithJvmPropertyTest
Tests run: 1, Failures: 0, Errors: 0, Skipped: 0, Time elapsed: 0.008 sec
Running org.apache.camel.component.properties.PropertiesComponentLocationWithTwoJvmPropertyTest
Tests run: 1, Failures: 0, Errors: 0, Skipped: 0, Time elapsed: 0.007 sec
Running org.apache.camel.component.properties.PropertiesComponentNestPropertiesTest
Tests run: 1, Failures: 0, Errors: 0, Skipped: 0, Time elapsed: 0.01 sec
Running org.apache.camel.component.properties.PropertiesComponentOnExceptionTest
Tests run: 1, Failures: 0, Errors: 0, Skipped: 0, Time elapsed: 0.088 sec
Running org.apache.camel.component.properties.PropertiesComponentOverridePropertiesTest
Tests run: 1, Failures: 0, Errors: 0, Skipped: 0, Time elapsed: 0.008 sec
Running org.apache.camel.component.properties.PropertiesComponentRefTest
Tests run: 2, Failures: 0, Errors: 0, Skipped: 0, Time elapsed: 0.014 sec
Running org.apache.camel.component.properties.PropertiesComponentRegistryTest
Tests run: 3, Failures: 0, Errors: 0, Skipped: 0, Time elapsed: 0.013 sec
Running org.apache.camel.component.properties.PropertiesComponentSetHeaderSimpleTest
Tests run: 1, Failures: 0, Errors: 0, Skipped: 0, Time elapsed: 0.008 sec
Running org.apache.camel.component.properties.PropertiesComponentSimpleLanguageTest
Tests run: 6, Failures: 0, Errors: 0, Skipped: 0, Time elapsed: 0.056 sec
Running org.apache.camel.component.properties.PropertiesComponentTest
Tests run: 24, Failures: 0, Errors: 0, Skipped: 0, Time elapsed: 0.398 sec
Running org.apache.camel.component.properties.PropertiesEnvironmentVariableOverrideTest
Tests run: 1, Failures: 0, Errors: 0, Skipped: 0, Time elapsed: 0.01 sec
Running org.apache.camel.component.properties.PropertiesResolverTest
Tests run: 1, Failures: 0, Errors: 0, Skipped: 0, Time elapsed: 0.007 sec
Running org.apache.camel.component.ref.RefComponentTest
Tests run: 1, Failures: 0, Errors: 0, Skipped: 0, Time elapsed: 0.006 sec
Running org.apache.camel.component.ref.RefFileEndpointTest
Tests run: 1, Failures: 0, Errors: 0, Skipped: 0, Time elapsed: 10.079 sec
Running org.apache.camel.component.ref.RefInvalidTest
Tests run: 2, Failures: 0, Errors: 0, Skipped: 0, Time elapsed: 0.034 sec
Running org.apache.camel.component.seda.CollectionProducerTest
Tests run: 1, Failures: 0, Errors: 0, Skipped: 0, Time elapsed: 0.006 sec
Running org.apache.camel.component.seda.DirectRequestReplyAndSedaInOnlyTest
Tests run: 1, Failures: 0, Errors: 0, Skipped: 0, Time elapsed: 1.02 sec
Running org.apache.camel.component.seda.FileSedaShutdownCompleteAllTasksTest
Tests run: 1, Failures: 0, Errors: 0, Skipped: 0, Time elapsed: 28.809 sec
Running org.apache.camel.component.seda.SedaAsyncProducerTest
Tests run: 2, Failures: 0, Errors: 0, Skipped: 0, Time elapsed: 0.219 sec
Running org.apache.camel.component.seda.SedaAsyncRouteTest
Tests run: 1, Failures: 0, Errors: 0, Skipped: 0, Time elapsed: 0.021 sec
Running org.apache.camel.component.seda.SedaBlockWhenFullTest
Tests run: 2, Failures: 0, Errors: 0, Skipped: 0, Time elapsed: 1.085 sec
Running org.apache.camel.component.seda.SedaComplexInOutTest
Tests run: 1, Failures: 0, Errors: 0, Skipped: 0, Time elapsed: 0.044 sec
Running org.apache.camel.component.seda.SedaComponentReferenceEndpointTest
Tests run: 1, Failures: 0, Errors: 0, Skipped: 0, Time elapsed: 0.039 sec
Running org.apache.camel.component.seda.SedaConcurrentConsumersNPEIssueTest
Tests run: 2, Failures: 0, Errors: 0, Skipped: 0, Time elapsed: 0.063 sec
Running org.apache.camel.component.seda.SedaConcurrentConsumersTest
Tests run: 1, Failures: 0, Errors: 0, Skipped: 0, Time elapsed: 0.027 sec
Running org.apache.camel.component.seda.SedaConcurrentTest
Tests run: 4, Failures: 0, Errors: 0, Skipped: 0, Time elapsed: 16.168 sec
Running org.apache.camel.component.seda.SedaConfigureTest
Tests run: 4, Failures: 0, Errors: 0, Skipped: 0, Time elapsed: 0.017 sec
Running org.apache.camel.component.seda.SedaConsumerSuspendResumeTest
Tests run: 1, Failures: 0, Errors: 0, Skipped: 0, Time elapsed: 4.042 sec
Running org.apache.camel.component.seda.SedaDefaultUnboundedQueueSizeTest
Tests run: 2, Failures: 0, Errors: 0, Skipped: 0, Time elapsed: 0.083 sec
Running org.apache.camel.component.seda.SedaEndpointTest
Tests run: 6, Failures: 0, Errors: 0, Skipped: 0, Time elapsed: 0.025 sec
Running org.apache.camel.component.seda.SedaFromRouteIdTest
Tests run: 1, Failures: 0, Errors: 0, Skipped: 0, Time elapsed: 0.037 sec
Running org.apache.camel.component.seda.SedaInOnlyChainedTest
Tests run: 1, Failures: 0, Errors: 0, Skipped: 0, Time elapsed: 0.05 sec
Running org.apache.camel.component.seda.SedaInOnlyTest
Tests run: 1, Failures: 0, Errors: 0, Skipped: 0, Time elapsed: 0.018 sec
Running org.apache.camel.component.seda.SedaInOutBigChainedTest
Tests run: 1, Failures: 0, Errors: 0, Skipped: 0, Time elapsed: 0.035 sec
Running org.apache.camel.component.seda.SedaInOutChainedTest
Tests run: 1, Failures: 0, Errors: 0, Skipped: 0, Time elapsed: 0.03 sec
Running org.apache.camel.component.seda.SedaInOutChainedTimeoutTest
Tests run: 1, Failures: 0, Errors: 0, Skipped: 0, Time elapsed: 3.038 sec
Running org.apache.camel.component.seda.SedaInOutChainedWithOnCompletionTest
Tests run: 1, Failures: 0, Errors: 0, Skipped: 0, Time elapsed: 0.031 sec
Running org.apache.camel.component.seda.SedaInOutTest
Tests run: 1, Failures: 0, Errors: 0, Skipped: 0, Time elapsed: 0.018 sec
Running org.apache.camel.component.seda.SedaInOutWithErrorDeadLetterChannelTest
Tests run: 1, Failures: 0, Errors: 0, Skipped: 0, Time elapsed: 0.02 sec
Running org.apache.camel.component.seda.SedaInOutWithErrorTest
Tests run: 1, Failures: 0, Errors: 0, Skipped: 0, Time elapsed: 0.022 sec
Running org.apache.camel.component.seda.SedaMultipleConsumersTest
Tests run: 2, Failures: 0, Errors: 0, Skipped: 0, Time elapsed: 0.097 sec
Running org.apache.camel.component.seda.SedaNoConsumerTest
Tests run: 2, Failures: 0, Errors: 0, Skipped: 0, Time elapsed: 1.039 sec
Running org.apache.camel.component.seda.SedaQueueTest
Tests run: 1, Failures: 0, Errors: 0, Skipped: 0, Time elapsed: 1.041 sec
Running org.apache.camel.component.seda.SedaRemoveRouteThenAddAgainTest
Tests run: 1, Failures: 0, Errors: 0, Skipped: 0, Time elapsed: 0.061 sec
Running org.apache.camel.component.seda.SedaRouteTest
Tests run: 2, Failures: 0, Errors: 0, Skipped: 0, Time elapsed: 0.205 sec
Running org.apache.camel.component.seda.SedaShouldNotUseSameThreadTest
Tests run: 1, Failures: 0, Errors: 0, Skipped: 0, Time elapsed: 0.056 sec
Running org.apache.camel.component.seda.SedaTimeoutDisabledTest
Tests run: 1, Failures: 0, Errors: 0, Skipped: 0, Time elapsed: 0.556 sec
Running org.apache.camel.component.seda.SedaTimeoutTest
Tests run: 3, Failures: 0, Errors: 0, Skipped: 0, Time elapsed: 1.991 sec
Running org.apache.camel.component.seda.SedaUnitOfWorkTest
Tests run: 1, Failures: 0, Errors: 0, Skipped: 0, Time elapsed: 0.054 sec
Running org.apache.camel.component.seda.SedaWaitForTaskAsPropertyTest
Tests run: 2, Failures: 0, Errors: 0, Skipped: 0, Time elapsed: 0.084 sec
Running org.apache.camel.component.seda.SedaWaitForTaskCompleteOnCompletionTest
Tests run: 1, Failures: 0, Errors: 0, Skipped: 0, Time elapsed: 0.067 sec
Running org.apache.camel.component.seda.SedaWaitForTaskCompleteTest
Tests run: 2, Failures: 0, Errors: 0, Skipped: 0, Time elapsed: 0.067 sec
Running org.apache.camel.component.seda.SedaWaitForTaskIfReplyExpectedTest
Tests run: 2, Failures: 0, Errors: 0, Skipped: 0, Time elapsed: 0.093 sec
Running org.apache.camel.component.seda.SedaWaitForTaskNewerOnCompletionTest
Tests run: 1, Failures: 0, Errors: 0, Skipped: 0, Time elapsed: 1.074 sec
Running org.apache.camel.component.seda.SedaWaitForTaskNewerTest
Tests run: 2, Failures: 0, Errors: 0, Skipped: 0, Time elapsed: 0.1 sec
Running org.apache.camel.component.seda.TracingWithDelayTest
Tests run: 1, Failures: 0, Errors: 0, Skipped: 0, Time elapsed: 0.032 sec
Running org.apache.camel.component.stub.StubInOnlyTest
Tests run: 1, Failures: 0, Errors: 0, Skipped: 0, Time elapsed: 0.03 sec
Running org.apache.camel.component.test.TestEndpointTest
Tests run: 1, Failures: 0, Errors: 0, Skipped: 0, Time elapsed: 2.053 sec
Running org.apache.camel.component.timer.TimerDelayTest
Tests run: 1, Failures: 0, Errors: 0, Skipped: 0, Time elapsed: 0.534 sec
Running org.apache.camel.component.timer.TimerEndpointTest
Tests run: 3, Failures: 0, Errors: 0, Skipped: 0, Time elapsed: 2.059 sec
Running org.apache.camel.component.timer.TimerFiredTimeTest
Tests run: 1, Failures: 0, Errors: 0, Skipped: 0, Time elapsed: 1.014 sec
Running org.apache.camel.component.timer.TimerMultipleConsumerStopRouteTest
Tests run: 1, Failures: 0, Errors: 0, Skipped: 0, Time elapsed: 1.211 sec
Running org.apache.camel.component.timer.TimerMultipleConsumerTest
Tests run: 1, Failures: 0, Errors: 0, Skipped: 0, Time elapsed: 1.037 sec
Running org.apache.camel.component.timer.TimerNameTest
Tests run: 1, Failures: 0, Errors: 0, Skipped: 0, Time elapsed: 2.018 sec
Running org.apache.camel.component.timer.TimerRepeatCountTest
Tests run: 1, Failures: 0, Errors: 0, Skipped: 0, Time elapsed: 1.562 sec
Running org.apache.camel.component.timer.TimerRestartTest
Tests run: 1, Failures: 0, Errors: 0, Skipped: 0, Time elapsed: 2.073 sec
Running org.apache.camel.component.timer.TimerRouteTest
Tests run: 1, Failures: 0, Errors: 0, Skipped: 0, Time elapsed: 0.527 sec
Running org.apache.camel.component.timer.TimerRouteWithTracerTest
Tests run: 1, Failures: 0, Errors: 0, Skipped: 0, Time elapsed: 0.543 sec
Running org.apache.camel.component.timer.TimerSuspendCamelContextTest
Tests run: 1, Failures: 0, Errors: 0, Skipped: 0, Time elapsed: 2.512 sec
Running org.apache.camel.component.timer.TimerWithTimeOptionTest
Tests run: 8, Failures: 0, Errors: 0, Skipped: 0, Time elapsed: 13.14 sec
Running org.apache.camel.component.validator.FileValidatorRouteTest
Tests run: 2, Failures: 0, Errors: 0, Skipped: 0, Time elapsed: 43.101 sec
Running org.apache.camel.component.validator.ValidatorIllegalImportTest
Tests run: 2, Failures: 0, Errors: 0, Skipped: 0, Time elapsed: 0.03 sec
Running org.apache.camel.component.validator.ValidatorIncludeRouteTest
Tests run: 6, Failures: 0, Errors: 0, Skipped: 0, Time elapsed: 0.082 sec
Running org.apache.camel.component.validator.ValidatorRouteTest
Tests run: 2, Failures: 0, Errors: 0, Skipped: 0, Time elapsed: 0.022 sec
Running org.apache.camel.component.validator.ValidatorWithResourceResolverRouteTest
Tests run: 2, Failures: 0, Errors: 0, Skipped: 0, Time elapsed: 0.047 sec
Running org.apache.camel.component.vm.VMSplitterTest
Tests run: 1, Failures: 0, Errors: 0, Skipped: 0, Time elapsed: 0.021 sec
Running org.apache.camel.component.vm.VmComponentReferenceEndpointTest
Tests run: 1, Failures: 0, Errors: 0, Skipped: 0, Time elapsed: 0.038 sec
Running org.apache.camel.component.vm.VmConcurrentConsumersTest
Tests run: 1, Failures: 0, Errors: 0, Skipped: 0, Time elapsed: 0.03 sec
Running org.apache.camel.component.vm.VmDifferentOptionsOnConsumerAndProducerTest
Tests run: 1, Failures: 0, Errors: 0, Skipped: 0, Time elapsed: 0.043 sec
Running org.apache.camel.component.vm.VmInOnlyChainedTest
Tests run: 1, Failures: 0, Errors: 0, Skipped: 0, Time elapsed: 0.088 sec
Running org.apache.camel.component.vm.VmInOnlyTest
Tests run: 1, Failures: 0, Errors: 0, Skipped: 0, Time elapsed: 0.027 sec
Running org.apache.camel.component.vm.VmInOutChainedTest
Tests run: 1, Failures: 0, Errors: 0, Skipped: 0, Time elapsed: 0.051 sec
Running org.apache.camel.component.vm.VmInOutChainedTimeoutTest
Tests run: 1, Failures: 0, Errors: 0, Skipped: 0, Time elapsed: 1.231 sec
Running org.apache.camel.component.vm.VmInOutTest
Tests run: 1, Failures: 0, Errors: 0, Skipped: 0, Time elapsed: 0.023 sec
Running org.apache.camel.component.vm.VmInOutWithErrorTest
Tests run: 1, Failures: 0, Errors: 0, Skipped: 0, Time elapsed: 0.029 sec
Running org.apache.camel.component.vm.VmQueueTest
Tests run: 1, Failures: 0, Errors: 0, Skipped: 0, Time elapsed: 0.04 sec
Running org.apache.camel.component.vm.VmShouldNotUseSameThreadTest
Tests run: 1, Failures: 0, Errors: 0, Skipped: 0, Time elapsed: 0.028 sec
Running org.apache.camel.component.vm.VmTimeoutIssueTest
Tests run: 2, Failures: 0, Errors: 0, Skipped: 0, Time elapsed: 3.074 sec
Running org.apache.camel.component.vm.VmUseSameQueueTest
Tests run: 1, Failures: 0, Errors: 0, Skipped: 0, Time elapsed: 0.028 sec
Running org.apache.camel.component.vm.VmWaitForTaskCompleteTest
Tests run: 2, Failures: 0, Errors: 0, Skipped: 0, Time elapsed: 0.055 sec
Running org.apache.camel.component.vm.VmWaitForTaskIfReplyExpectedTest
Tests run: 2, Failures: 0, Errors: 0, Skipped: 0, Time elapsed: 0.05 sec
Running org.apache.camel.component.vm.VmWaitForTaskNewerTest
Tests run: 2, Failures: 0, Errors: 0, Skipped: 0, Time elapsed: 0.055 sec
Running org.apache.camel.component.xslt.InvalidXsltFileTest
Tests run: 1, Failures: 0, Errors: 0, Skipped: 0, Time elapsed: 0.045 sec
Running org.apache.camel.component.xslt.XsltContentCacheTest
Tests run: 4, Failures: 0, Errors: 0, Skipped: 0, Time elapsed: 59.161 sec
Running org.apache.camel.component.xslt.XsltCustomizeURIResolverTest
Tests run: 1, Failures: 0, Errors: 0, Skipped: 0, Time elapsed: 1.033 sec
Running org.apache.camel.component.xslt.XsltFileNotFoundTest
Tests run: 1, Failures: 0, Errors: 0, Skipped: 0, Time elapsed: 0.047 sec
Running org.apache.camel.component.xslt.XsltFromFileExceptionTest
Tests run: 2, Failures: 0, Errors: 0, Skipped: 0, Time elapsed: 2.091 sec
Running org.apache.camel.component.xslt.XsltFromHeaderOverrideEndpointUriTest
Tests run: 1, Failures: 0, Errors: 0, Skipped: 0, Time elapsed: 0.1 sec
Running org.apache.camel.component.xslt.XsltIncludeClasspathDotInDirectoryTest
Tests run: 1, Failures: 0, Errors: 0, Skipped: 0, Time elapsed: 1.069 sec
Running org.apache.camel.component.xslt.XsltIncludeClasspathTest
Tests run: 1, Failures: 0, Errors: 0, Skipped: 0, Time elapsed: 1.068 sec
Running org.apache.camel.component.xslt.XsltIncludeRelativeOtherTest
Tests run: 1, Failures: 0, Errors: 0, Skipped: 0, Time elapsed: 1.074 sec
Running org.apache.camel.component.xslt.XsltIncludeRelativeTest
Tests run: 1, Failures: 0, Errors: 0, Skipped: 0, Time elapsed: 1.062 sec
Running org.apache.camel.component.xslt.XsltIncludeTest
Tests run: 1, Failures: 0, Errors: 0, Skipped: 0, Time elapsed: 1.056 sec
Running org.apache.camel.component.xslt.XsltOutputBytesTest
Tests run: 1, Failures: 0, Errors: 0, Skipped: 0, Time elapsed: 0.028 sec
Running org.apache.camel.component.xslt.XsltOutputDOMTest
Tests run: 1, Failures: 0, Errors: 0, Skipped: 0, Time elapsed: 0.021 sec
Running org.apache.camel.component.xslt.XsltOutputFileDeleteTest
Tests run: 1, Failures: 0, Errors: 0, Skipped: 0, Time elapsed: 0.028 sec
Running org.apache.camel.component.xslt.XsltOutputFileTest
Tests run: 2, Failures: 0, Errors: 0, Skipped: 0, Time elapsed: 0.113 sec
Running org.apache.camel.component.xslt.XsltOutputStringTest
Tests run: 1, Failures: 0, Errors: 0, Skipped: 0, Time elapsed: 0.018 sec
Running org.apache.camel.component.xslt.XsltReferenceParameterTest
Tests run: 2, Failures: 0, Errors: 0, Skipped: 0, Time elapsed: 0.152 sec
Running org.apache.camel.component.xslt.XsltRouteAllowStAXTest
Tests run: 1, Failures: 0, Errors: 0, Skipped: 0, Time elapsed: 0.044 sec
Running org.apache.camel.component.xslt.XsltRouteFileTest
Tests run: 1, Failures: 0, Errors: 0, Skipped: 0, Time elapsed: 0.035 sec
Running org.apache.camel.component.xslt.XsltRouteTest
Tests run: 1, Failures: 0, Errors: 0, Skipped: 0, Time elapsed: 0.044 sec
Running org.apache.camel.component.xslt.XsltTransformingExceptionTest
Tests run: 2, Failures: 0, Errors: 0, Skipped: 0, Time elapsed: 0.069 sec
Running org.apache.camel.converter.CamelConverterTest
Tests run: 2, Failures: 0, Errors: 0, Skipped: 0, Time elapsed: 0.018 sec
Running org.apache.camel.converter.CollectionConverterTest
Tests run: 8, Failures: 0, Errors: 0, Skipped: 0, Time elapsed: 0.007 sec
Running org.apache.camel.converter.ConverterTest
Tests run: 17, Failures: 0, Errors: 0, Skipped: 0, Time elapsed: 0.053 sec
Running org.apache.camel.converter.DateTimeConverterTest
Tests run: 1, Failures: 0, Errors: 0, Skipped: 0, Time elapsed: 0.005 sec
Running org.apache.camel.converter.EnumConverterTest
Tests run: 3, Failures: 0, Errors: 0, Skipped: 0, Time elapsed: 0.013 sec
Running org.apache.camel.converter.FallbackPromoteTest
Tests run: 1, Failures: 0, Errors: 0, Skipped: 0, Time elapsed: 0.005 sec
Running org.apache.camel.converter.FutureConverterTest
Tests run: 7, Failures: 0, Errors: 0, Skipped: 0, Time elapsed: 3.184 sec
Running org.apache.camel.converter.IOConverterTest
Tests run: 20, Failures: 0, Errors: 0, Skipped: 0, Time elapsed: 0.141 sec
Running org.apache.camel.converter.InstanceFallbackConverterTest
Tests run: 4, Failures: 0, Errors: 0, Skipped: 0, Time elapsed: 0.017 sec
Running org.apache.camel.converter.JaxpTest
Tests run: 4, Failures: 0, Errors: 0, Skipped: 0, Time elapsed: 0.018 sec
Running org.apache.camel.converter.NIOConverterTest
Tests run: 11, Failures: 0, Errors: 0, Skipped: 0, Time elapsed: 0.069 sec
Running org.apache.camel.converter.ObjectConverterNaNTest
Tests run: 10, Failures: 0, Errors: 0, Skipped: 0, Time elapsed: 0.056 sec
Running org.apache.camel.converter.ObjectConverterTest
Tests run: 11, Failures: 0, Errors: 0, Skipped: 0, Time elapsed: 0.003 sec
Running org.apache.camel.converter.ObjectHelperTest
Tests run: 10, Failures: 0, Errors: 0, Skipped: 0, Time elapsed: 0.003 sec
Running org.apache.camel.converter.PrimitiveTypeConverterIssueTest
Tests run: 1, Failures: 0, Errors: 0, Skipped: 0, Time elapsed: 0.052 sec
Running org.apache.camel.converter.PropertyEditorTypeConverterIssueTest
Tests run: 1, Failures: 0, Errors: 0, Skipped: 0, Time elapsed: 0.035 sec
Running org.apache.camel.converter.StaticFallbackConverterTest
Tests run: 4, Failures: 0, Errors: 0, Skipped: 0, Time elapsed: 0.022 sec
Running org.apache.camel.converter.StringSourceTest
Tests run: 1, Failures: 0, Errors: 0, Skipped: 0, Time elapsed: 0.016 sec
Running org.apache.camel.converter.TimePatternConverterTest
Tests run: 18, Failures: 0, Errors: 0, Skipped: 0, Time elapsed: 0.107 sec
Running org.apache.camel.converter.TimePatternTypeConversionTest
Tests run: 4, Failures: 0, Errors: 0, Skipped: 0, Time elapsed: 0.051 sec
Running org.apache.camel.converter.TimerDrivenTimePatternConverterTest
Tests run: 2, Failures: 0, Errors: 0, Skipped: 0, Time elapsed: 6.022 sec
Running org.apache.camel.converter.TypeConverterAwareTest
Tests run: 1, Failures: 0, Errors: 0, Skipped: 0, Time elapsed: 0.007 sec
Running org.apache.camel.converter.jaxp.BytesSourceTest
Tests run: 2, Failures: 0, Errors: 0, Skipped: 0, Time elapsed: 0.008 sec
Running org.apache.camel.converter.jaxp.DomConverterTest
Tests run: 6, Failures: 0, Errors: 0, Skipped: 0, Time elapsed: 0.035 sec
Running org.apache.camel.converter.jaxp.StreamSourceConverterTest
Tests run: 2, Failures: 0, Errors: 0, Skipped: 0, Time elapsed: 0.009 sec
Running org.apache.camel.converter.jaxp.XmlConverterTest
Tests run: 45, Failures: 0, Errors: 0, Skipped: 0, Time elapsed: 30.636 sec
Running org.apache.camel.converter.stream.CachedOutputStreamTest
Tests run: 5, Failures: 0, Errors: 0, Skipped: 0, Time elapsed: 1.577 sec
Running org.apache.camel.converter.stream.FileInputStreamCacheTest
Tests run: 1, Failures: 0, Errors: 0, Skipped: 0, Time elapsed: 0.005 sec
Running org.apache.camel.converter.stream.InputStreamCacheTest
Tests run: 1, Failures: 0, Errors: 0, Skipped: 0, Time elapsed: 0.005 sec
Running org.apache.camel.converter.stream.ReaderCacheTest
Tests run: 1, Failures: 0, Errors: 0, Skipped: 0, Time elapsed: 0.005 sec
Running org.apache.camel.converter.stream.SourceCacheTest
Tests run: 1, Failures: 0, Errors: 0, Skipped: 0, Time elapsed: 0.008 sec
Running org.apache.camel.converter.stream.StreamCacheConverterTest
Tests run: 6, Failures: 0, Errors: 0, Skipped: 0, Time elapsed: 0.032 sec
Running org.apache.camel.converter.stream.StreamSourceCacheTest
Tests run: 1, Failures: 0, Errors: 0, Skipped: 0, Time elapsed: 0.005 sec
Running org.apache.camel.impl.ActiveMQUuidGeneratorTest
Tests run: 2, Failures: 0, Errors: 0, Skipped: 0, Time elapsed: 0.085 sec
Running org.apache.camel.impl.CamelContextAddRouteDefinitionsFromXmlTest
Tests run: 5, Failures: 0, Errors: 0, Skipped: 0, Time elapsed: 1.16 sec
Running org.apache.camel.impl.CamelContextSharedProducerServicePoolTest
Tests run: 2, Failures: 0, Errors: 0, Skipped: 0, Time elapsed: 0.01 sec
Running org.apache.camel.impl.CamelCustomDefaultThreadPoolProfileTest
Tests run: 1, Failures: 0, Errors: 0, Skipped: 0, Time elapsed: 0.012 sec
Running org.apache.camel.impl.CamelPostProcessorHelperConsumePropertyTest
Tests run: 5, Failures: 0, Errors: 0, Skipped: 0, Time elapsed: 0.04 sec
Running org.apache.camel.impl.CamelPostProcessorHelperTest
Tests run: 15, Failures: 0, Errors: 0, Skipped: 0, Time elapsed: 1.116 sec
Running org.apache.camel.impl.CamelProduceInterfaceTest
Tests run: 1, Failures: 0, Errors: 0, Skipped: 0, Time elapsed: 0.01 sec
Running org.apache.camel.impl.ConfigurationHelperTest
Tests run: 7, Failures: 0, Errors: 0, Skipped: 0, Time elapsed: 0.131 sec
Running org.apache.camel.impl.CustomExchangePatternTest
Tests run: 3, Failures: 0, Errors: 0, Skipped: 0, Time elapsed: 0.023 sec
Running org.apache.camel.impl.CustomIdFactoryTest
Tests run: 2, Failures: 0, Errors: 0, Skipped: 0, Time elapsed: 0.019 sec
Running org.apache.camel.impl.CustomProducerServicePoolTest
Tests run: 2, Failures: 0, Errors: 0, Skipped: 0, Time elapsed: 0.009 sec
Running org.apache.camel.impl.CustomThreadPoolFactoryTest
Tests run: 1, Failures: 0, Errors: 0, Skipped: 0, Time elapsed: 0.006 sec
Running org.apache.camel.impl.DefaultCamelBeanPostProcessorTest
Tests run: 1, Failures: 0, Errors: 0, Skipped: 0, Time elapsed: 0.008 sec
Running org.apache.camel.impl.DefaultCamelContextAutoStartupTest
Tests run: 3, Failures: 0, Errors: 0, Skipped: 0, Time elapsed: 0.017 sec
Running org.apache.camel.impl.DefaultCamelContextEndpointCacheLimitTest
Tests run: 1, Failures: 0, Errors: 0, Skipped: 0, Time elapsed: 0.011 sec
Running org.apache.camel.impl.DefaultCamelContextEndpointCacheTest
Tests run: 1, Failures: 0, Errors: 0, Skipped: 0, Time elapsed: 0.093 sec
Running org.apache.camel.impl.DefaultCamelContextLazyLoadTypeConvertersTest
Tests run: 3, Failures: 0, Errors: 0, Skipped: 0, Time elapsed: 0.036 sec
Running org.apache.camel.impl.DefaultCamelContextRestartTest
Tests run: 1, Failures: 0, Errors: 0, Skipped: 0, Time elapsed: 0.013 sec
Running org.apache.camel.impl.DefaultCamelContextStopFailureTest
Tests run: 1, Failures: 0, Errors: 0, Skipped: 0, Time elapsed: 0.007 sec
Running org.apache.camel.impl.DefaultCamelContextSuspendResumeRouteStartupOrderTest
Tests run: 1, Failures: 0, Errors: 0, Skipped: 0, Time elapsed: 1.043 sec
Running org.apache.camel.impl.DefaultCamelContextSuspendResumeRouteTest
Tests run: 1, Failures: 0, Errors: 0, Skipped: 0, Time elapsed: 1.042 sec
Running org.apache.camel.impl.DefaultCamelContextTest
Tests run: 20, Failures: 0, Errors: 0, Skipped: 0, Time elapsed: 0.098 sec
Running org.apache.camel.impl.DefaultCamelContextWithLifecycleStrategyRestartTest
Tests run: 2, Failures: 0, Errors: 0, Skipped: 0, Time elapsed: 0.036 sec
Running org.apache.camel.impl.DefaultClassResolverTest
Tests run: 11, Failures: 0, Errors: 0, Skipped: 0, Time elapsed: 0.003 sec
Running org.apache.camel.impl.DefaultComponentReferencePropertiesTest
Tests run: 8, Failures: 0, Errors: 0, Skipped: 0, Time elapsed: 0.043 sec
Running org.apache.camel.impl.DefaultComponentTest
Tests run: 15, Failures: 0, Errors: 0, Skipped: 0, Time elapsed: 0.078 sec
Running org.apache.camel.impl.DefaultComponentValidateURITest
Tests run: 6, Failures: 0, Errors: 0, Skipped: 0, Time elapsed: 0.038 sec
Running org.apache.camel.impl.DefaultConsumerCacheTest
Tests run: 1, Failures: 0, Errors: 0, Skipped: 0, Time elapsed: 0.156 sec
Running org.apache.camel.impl.DefaultConsumerTemplateTest
Tests run: 25, Failures: 0, Errors: 0, Skipped: 0, Time elapsed: 15.323 sec
Running org.apache.camel.impl.DefaultConsumerTemplateWithCustomCacheMaxSizeTest
Tests run: 3, Failures: 0, Errors: 0, Skipped: 0, Time elapsed: 0.033 sec
Running org.apache.camel.impl.DefaultEndpointTest
Tests run: 1, Failures: 0, Errors: 0, Skipped: 0, Time elapsed: 0.006 sec
Running org.apache.camel.impl.DefaultExchangeHolderTest
Tests run: 6, Failures: 0, Errors: 0, Skipped: 0, Time elapsed: 0.027 sec
Running org.apache.camel.impl.DefaultExchangeTest
Tests run: 8, Failures: 0, Errors: 0, Skipped: 0, Time elapsed: 0.031 sec
Running org.apache.camel.impl.DefaultExecutorServiceManagerTest
Tests run: 26, Failures: 0, Errors: 0, Skipped: 0, Time elapsed: 0.084 sec
Running org.apache.camel.impl.DefaultExecutorServiceStrategyTest
Tests run: 18, Failures: 0, Errors: 0, Skipped: 0, Time elapsed: 0.071 sec
Running org.apache.camel.impl.DefaultHeaderFilterStrategyTest
Tests run: 5, Failures: 0, Errors: 0, Skipped: 0, Time elapsed: 0.021 sec
Running org.apache.camel.impl.DefaultInflightRepositoryTest
Tests run: 1, Failures: 0, Errors: 0, Skipped: 0, Time elapsed: 0.004 sec
Running org.apache.camel.impl.DefaultInjectorTest
Tests run: 1, Failures: 0, Errors: 0, Skipped: 0, Time elapsed: 0.016 sec
Running org.apache.camel.impl.DefaultMessageHeaderTest
Tests run: 16, Failures: 0, Errors: 0, Skipped: 0, Time elapsed: 0.006 sec
Running org.apache.camel.impl.DefaultProducerCacheTest
Tests run: 2, Failures: 1, Errors: 0, Skipped: 0, Time elapsed: 0.082 sec <<< FAILURE!
Running org.apache.camel.impl.DefaultProducerTemplateAsyncTest
Tests run: 23, Failures: 0, Errors: 0, Skipped: 0, Time elapsed: 7.057 sec
Running org.apache.camel.impl.DefaultProducerTemplateTest
Tests run: 14, Failures: 0, Errors: 0, Skipped: 0, Time elapsed: 0.249 sec
Running org.apache.camel.impl.DefaultProducerTemplateWithCustomCacheMaxSizeTest
Tests run: 3, Failures: 0, Errors: 0, Skipped: 0, Time elapsed: 0.038 sec
Running org.apache.camel.impl.DefaultUnitOfWorkTest
Tests run: 1, Failures: 0, Errors: 0, Skipped: 0, Time elapsed: 0.002 sec
Running org.apache.camel.impl.EndpointConfigurationTest
Tests run: 3, Failures: 0, Errors: 0, Skipped: 1, Time elapsed: 0.021 sec
Running org.apache.camel.impl.EndpointShutdownOnceTest
Tests run: 1, Failures: 0, Errors: 0, Skipped: 0, Time elapsed: 0.014 sec
Running org.apache.camel.impl.ExpressionAdapterTest
Tests run: 2, Failures: 0, Errors: 0, Skipped: 0, Time elapsed: 0.007 sec
Running org.apache.camel.impl.ExpressionSupportTest
Tests run: 2, Failures: 0, Errors: 0, Skipped: 0, Time elapsed: 0.007 sec
Running org.apache.camel.impl.FromEndpointTest
Tests run: 1, Failures: 0, Errors: 0, Skipped: 0, Time elapsed: 0.017 sec
Running org.apache.camel.impl.FromHasNoOutputRouteTest
Tests run: 1, Failures: 0, Errors: 0, Skipped: 0, Time elapsed: 0.005 sec
Running org.apache.camel.impl.FromMultipleEndpointTest
Tests run: 1, Failures: 0, Errors: 0, Skipped: 0, Time elapsed: 0.018 sec
Running org.apache.camel.impl.GracefulShutdownNoAutoStartOrderClashTest
Tests run: 1, Failures: 0, Errors: 0, Skipped: 0, Time elapsed: 0.007 sec
Running org.apache.camel.impl.GzipDataFormatFileDeleteTest
Tests run: 1, Failures: 0, Errors: 0, Skipped: 0, Time elapsed: 17.502 sec
Running org.apache.camel.impl.GzipDataFormatFileUnmarshalDeleteTest
Tests run: 1, Failures: 0, Errors: 0, Skipped: 0, Time elapsed: 1.057 sec
Running org.apache.camel.impl.GzipDataFormatTest
Tests run: 2, Failures: 0, Errors: 0, Skipped: 0, Time elapsed: 0.032 sec
Running org.apache.camel.impl.HeaderFilterStrategyComponentTest
Tests run: 2, Failures: 0, Errors: 0, Skipped: 0, Time elapsed: 0.002 sec
Running org.apache.camel.impl.InflightRepositoryRouteTest
Tests run: 1, Failures: 0, Errors: 0, Skipped: 0, Time elapsed: 0.008 sec
Running org.apache.camel.impl.InterceptSendToMockEndpointStrategyTest
Tests run: 2, Failures: 0, Errors: 0, Skipped: 0, Time elapsed: 0.031 sec
Running org.apache.camel.impl.JavaUuidGeneratorTest
Tests run: 2, Failures: 0, Errors: 0, Skipped: 0, Time elapsed: 1.368 sec
Running org.apache.camel.impl.LifecycleStrategyFailOnStartupTest
Tests run: 1, Failures: 0, Errors: 0, Skipped: 0, Time elapsed: 0.009 sec
Running org.apache.camel.impl.LifecycleStrategyServiceTest
Tests run: 1, Failures: 0, Errors: 0, Skipped: 0, Time elapsed: 0.025 sec
Running org.apache.camel.impl.LimitedPollingConsumerPollStrategyTest
Tests run: 6, Failures: 0, Errors: 0, Skipped: 0, Time elapsed: 0.148 sec
Running org.apache.camel.impl.LogDebugBodyMaxCharsTest
Tests run: 1, Failures: 0, Errors: 0, Skipped: 0, Time elapsed: 0.016 sec
Running org.apache.camel.impl.LogDebugBodyStreamsTest
Tests run: 6, Failures: 0, Errors: 0, Skipped: 0, Time elapsed: 0.117 sec
Running org.apache.camel.impl.MainSupportTest
Apache Camel Runner takes the following options

  -h or -help = Displays the help screen
  -r or -routers <routerBuilderClasses> = Sets the router builder classes which will be loaded while starting the camel context
  -o or -outdir <dot> = Sets the DOT output directory where the visual representations of the routes are generated
  -ad or -aggregate-dot <aggregate-dot> = Aggregates all routes (in addition to individual route generation) into one context to create one monolithic DOT file for visual representations the entire system.
  -d or -duration <duration> = Sets the time duration that the application will run for, by default in milliseconds. You can use '10s' for 10 seconds etc
  -t or -trace = Enables tracing
  -out or -output <filename> = Output all routes to the specified XML file
Tests run: 2, Failures: 0, Errors: 0, Skipped: 0, Time elapsed: 1.014 sec
Running org.apache.camel.impl.MessageSupportTest
Tests run: 4, Failures: 0, Errors: 0, Skipped: 0, Time elapsed: 0.016 sec
Running org.apache.camel.impl.MultipleConsumersSupportTest
Tests run: 2, Failures: 0, Errors: 0, Skipped: 0, Time elapsed: 0.035 sec
Running org.apache.camel.impl.MultipleLifecycleStrategyTest
Tests run: 1, Failures: 0, Errors: 0, Skipped: 0, Time elapsed: 0.015 sec
Running org.apache.camel.impl.PendingExchangesShutdownGracefulTest
Tests run: 1, Failures: 0, Errors: 0, Skipped: 0, Time elapsed: 2.532 sec
Running org.apache.camel.impl.PendingExchangesTwoRouteShutdownGracefulTest
Tests run: 1, Failures: 0, Errors: 0, Skipped: 0, Time elapsed: 5.041 sec
Running org.apache.camel.impl.ProxyInstantiationExceptionTest
Tests run: 1, Failures: 0, Errors: 0, Skipped: 0, Time elapsed: 0.005 sec
Running org.apache.camel.impl.RefDataFormatTest
Tests run: 2, Failures: 0, Errors: 0, Skipped: 0, Time elapsed: 0.018 sec
Running org.apache.camel.impl.RegistryLookupTypeClassCastExceptionTest
Tests run: 4, Failures: 0, Errors: 0, Skipped: 0, Time elapsed: 0.002 sec
Running org.apache.camel.impl.RegistryTest
Tests run: 3, Failures: 0, Errors: 0, Skipped: 0, Time elapsed: 0.002 sec
Running org.apache.camel.impl.RouteDirectSuspendResumeTest
Tests run: 1, Failures: 0, Errors: 0, Skipped: 0, Time elapsed: 0.009 sec
Running org.apache.camel.impl.RouteMustHaveOutputOnExceptionTest
Tests run: 2, Failures: 0, Errors: 0, Skipped: 0, Time elapsed: 0.015 sec
Running org.apache.camel.impl.RouteNoOutputTest
Tests run: 1, Failures: 0, Errors: 0, Skipped: 0, Time elapsed: 0.006 sec
Running org.apache.camel.impl.RoutePolicyCallbackTest
Tests run: 1, Failures: 0, Errors: 0, Skipped: 0, Time elapsed: 0.009 sec
Running org.apache.camel.impl.RoutePolicyRefCallbackTest
Tests run: 1, Failures: 0, Errors: 0, Skipped: 0, Time elapsed: 0.013 sec
Running org.apache.camel.impl.RoutePolicyTest
Tests run: 8, Failures: 0, Errors: 0, Skipped: 0, Time elapsed: 0.085 sec
Running org.apache.camel.impl.RouteRemove2Test
Tests run: 1, Failures: 0, Errors: 0, Skipped: 0, Time elapsed: 0.066 sec
Running org.apache.camel.impl.RouteRemoveTest
Tests run: 2, Failures: 0, Errors: 0, Skipped: 0, Time elapsed: 0.041 sec
Running org.apache.camel.impl.RouteSedaSuspendResumeTest
Tests run: 1, Failures: 0, Errors: 0, Skipped: 0, Time elapsed: 1.032 sec
Running org.apache.camel.impl.RouteSuspendResumeWarmUpTest
Tests run: 1, Failures: 0, Errors: 0, Skipped: 0, Time elapsed: 0.008 sec
Running org.apache.camel.impl.RouteWithMistypedComponentNameTest
Tests run: 2, Failures: 0, Errors: 0, Skipped: 0, Time elapsed: 0.003 sec
Running org.apache.camel.impl.ScheduledPollConsumerTest
Tests run: 3, Failures: 0, Errors: 0, Skipped: 0, Time elapsed: 0.021 sec
Running org.apache.camel.impl.ScheduledPollEndpointConfigureConsumerRestartTest
Tests run: 1, Failures: 0, Errors: 0, Skipped: 0, Time elapsed: 2.011 sec
Running org.apache.camel.impl.SerializationDataFormatTest
Tests run: 1, Failures: 0, Errors: 0, Skipped: 0, Time elapsed: 0.011 sec
Running org.apache.camel.impl.ServicePoolTest
Tests run: 8, Failures: 0, Errors: 0, Skipped: 0, Time elapsed: 0.088 sec
Running org.apache.camel.impl.ShutdownGracefuTimeoutTriggerTest
Tests run: 1, Failures: 0, Errors: 0, Skipped: 0, Time elapsed: 2.015 sec
Running org.apache.camel.impl.ShutdownGracefulNoAutoStartedRoutesTest
Tests run: 1, Failures: 0, Errors: 0, Skipped: 0, Time elapsed: 0.011 sec
Running org.apache.camel.impl.ShutdownRouteGracefulTimeoutTriggerTest
Tests run: 1, Failures: 0, Errors: 0, Skipped: 0, Time elapsed: 12.023 sec
Running org.apache.camel.impl.SimpleRegistryTest
Tests run: 6, Failures: 0, Errors: 0, Skipped: 0, Time elapsed: 0.002 sec
Running org.apache.camel.impl.SimpleShutdownGracefulNoAtuoStartedTest
Tests run: 1, Failures: 0, Errors: 0, Skipped: 0, Time elapsed: 3.02 sec
Running org.apache.camel.impl.SimpleShutdownGracefulTest
Tests run: 1, Failures: 0, Errors: 0, Skipped: 0, Time elapsed: 3.018 sec
Running org.apache.camel.impl.SimpleUuidGeneratorTest
Tests run: 2, Failures: 0, Errors: 0, Skipped: 0, Time elapsed: 0.048 sec
Running org.apache.camel.impl.StartAndStopRoutesTest
Tests run: 1, Failures: 0, Errors: 0, Skipped: 0, Time elapsed: 0.021 sec
Running org.apache.camel.impl.StartStopAndShutdownRouteTest
Tests run: 1, Failures: 0, Errors: 0, Skipped: 0, Time elapsed: 0.006 sec
Running org.apache.camel.impl.StartupListenerComponentFromRegistryTest
Tests run: 1, Failures: 0, Errors: 0, Skipped: 0, Time elapsed: 0.006 sec
Running org.apache.camel.impl.StartupListenerComponentTest
Tests run: 1, Failures: 0, Errors: 0, Skipped: 0, Time elapsed: 0.007 sec
Running org.apache.camel.impl.StartupListenerTest
Tests run: 2, Failures: 0, Errors: 0, Skipped: 0, Time elapsed: 0.012 sec
Running org.apache.camel.impl.StopRouteAbortAfterTimeoutTest
Tests run: 2, Failures: 0, Errors: 0, Skipped: 0, Time elapsed: 13.03 sec
Running org.apache.camel.impl.StringDataFormatTest
Tests run: 4, Failures: 0, Errors: 0, Skipped: 0, Time elapsed: 0.147 sec
Running org.apache.camel.impl.TwoRouteSuspendResumeTest
Tests run: 1, Failures: 0, Errors: 0, Skipped: 0, Time elapsed: 1.04 sec
Running org.apache.camel.impl.TypeConverterRegistryMissesThenAddTest
Tests run: 1, Failures: 0, Errors: 0, Skipped: 0, Time elapsed: 0.004 sec
Running org.apache.camel.impl.TypeConverterRegistryTest
Tests run: 2, Failures: 0, Errors: 0, Skipped: 0, Time elapsed: 0.006 sec
Running org.apache.camel.impl.VetoCamelContextStartTest
Tests run: 1, Failures: 0, Errors: 0, Skipped: 0, Time elapsed: 0.003 sec
Running org.apache.camel.impl.ZipDataFormatFileDeleteTest
Tests run: 1, Failures: 0, Errors: 0, Skipped: 0, Time elapsed: 12.812 sec
Running org.apache.camel.impl.ZipDataFormatFileUnmarshalDeleteTest
Tests run: 1, Failures: 0, Errors: 0, Skipped: 0, Time elapsed: 9.492 sec
Running org.apache.camel.impl.ZipDataFormatTest
Tests run: 5, Failures: 0, Errors: 0, Skipped: 0, Time elapsed: 0.03 sec
Running org.apache.camel.issues.AdviceWithContextScopedErrorHandlerIssueTest
Tests run: 1, Failures: 0, Errors: 0, Skipped: 0, Time elapsed: 0.008 sec
Running org.apache.camel.issues.AdviceWithInvalidConfiguredTest
Tests run: 2, Failures: 0, Errors: 0, Skipped: 0, Time elapsed: 0.012 sec
Running org.apache.camel.issues.AdviceWithIssueTest
Tests run: 6, Failures: 0, Errors: 0, Skipped: 0, Time elapsed: 0.046 sec
Running org.apache.camel.issues.AdviceWithOnExceptionAndInterceptTest
Tests run: 1, Failures: 0, Errors: 0, Skipped: 0, Time elapsed: 0.017 sec
Running org.apache.camel.issues.AdviceWithRouteScopedErrorHandlerIssueTest
Tests run: 1, Failures: 0, Errors: 0, Skipped: 0, Time elapsed: 0.009 sec
Running org.apache.camel.issues.AdviceWithTwoRoutesOnExceptionIssueTest
Tests run: 1, Failures: 0, Errors: 0, Skipped: 0, Time elapsed: 0.013 sec
Running org.apache.camel.issues.AdviceWithUrlIssueTest
Tests run: 2, Failures: 0, Errors: 0, Skipped: 0, Time elapsed: 0.079 sec
Running org.apache.camel.issues.AggregatorWithBatchConsumingIssueTest
Tests run: 1, Failures: 0, Errors: 0, Skipped: 0, Time elapsed: 0.016 sec
Running org.apache.camel.issues.AmahDeadLetterTest
Tests run: 1, Failures: 0, Errors: 0, Skipped: 0, Time elapsed: 0.022 sec
Running org.apache.camel.issues.CBRConcurrencyIssueTest
Tests run: 2, Failures: 0, Errors: 0, Skipped: 0, Time elapsed: 0.065 sec
Running org.apache.camel.issues.CBRContainsIssueTest
Tests run: 6, Failures: 0, Errors: 0, Skipped: 0, Time elapsed: 0.037 sec
Running org.apache.camel.issues.CBRCustomPredicateAsFilterTest
Tests run: 1, Failures: 0, Errors: 0, Skipped: 0, Time elapsed: 0.007 sec
Running org.apache.camel.issues.CacheInputStreamInDeadLetterIssue520Test
Tests run: 3, Failures: 0, Errors: 0, Skipped: 0, Time elapsed: 0.027 sec
Running org.apache.camel.issues.Camel4857UriIssueTest
Tests run: 2, Failures: 0, Errors: 0, Skipped: 0, Time elapsed: 0.009 sec
Running org.apache.camel.issues.ChangeHeaderCaseIssueTest
Tests run: 1, Failures: 0, Errors: 0, Skipped: 0, Time elapsed: 0.008 sec
Running org.apache.camel.issues.CharlesSplitAndTryCatchRollbackIssueTest
Tests run: 4, Failures: 0, Errors: 0, Skipped: 0, Time elapsed: 0.034 sec
Running org.apache.camel.issues.CharlesSplitUseBeanAsErrorHandlerIssueTest
Tests run: 2, Failures: 0, Errors: 0, Skipped: 0, Time elapsed: 0.02 sec
Running org.apache.camel.issues.ChoicePredicateSimpleHeaderTest
Tests run: 4, Failures: 0, Errors: 0, Skipped: 0, Time elapsed: 0.028 sec
Running org.apache.camel.issues.ContextScopedOnExceptionErrorHandlerRefIssueTest
Tests run: 1, Failures: 0, Errors: 0, Skipped: 0, Time elapsed: 0.007 sec
Running org.apache.camel.issues.ContextScopedOnExceptionErrorHandlerRefIssueTwoRoutesTest
Tests run: 2, Failures: 0, Errors: 0, Skipped: 0, Time elapsed: 0.015 sec
Running org.apache.camel.issues.ContextScopedOnExceptionMultipleRouteBuildersReverseTest
Tests run: 2, Failures: 0, Errors: 0, Skipped: 0, Time elapsed: 0.015 sec
Running org.apache.camel.issues.ContextScopedOnExceptionMultipleRouteBuildersTest
Tests run: 2, Failures: 0, Errors: 0, Skipped: 0, Time elapsed: 0.016 sec
Running org.apache.camel.issues.ContextScopedOnExceptionNotHandledErrorHandlerRefIssueTest
Tests run: 1, Failures: 0, Errors: 0, Skipped: 0, Time elapsed: 0.01 sec
Running org.apache.camel.issues.ContextScopedOnExceptionNotHandledErrorHandlerRefIssueTwoRoutesTest
Tests run: 2, Failures: 0, Errors: 0, Skipped: 0, Time elapsed: 0.017 sec
Running org.apache.camel.issues.ContextScopedOnExceptionNotHandledRouteScopedErrorHandlerRefIssueTest
Tests run: 1, Failures: 0, Errors: 0, Skipped: 0, Time elapsed: 0.01 sec
Running org.apache.camel.issues.ContextScopedOnExceptionNotHandledRouteScopedErrorHandlerRefIssueTwoRoutesTest
Tests run: 2, Failures: 0, Errors: 0, Skipped: 0, Time elapsed: 0.016 sec
Running org.apache.camel.issues.ContextScopedOnExceptionRouteScopedErrorHandlerRefIssueTest
Tests run: 1, Failures: 0, Errors: 0, Skipped: 0, Time elapsed: 0.008 sec
Running org.apache.camel.issues.ContextScopedOnExceptionRouteScopedErrorHandlerRefIssueTwoRoutesTest
Tests run: 2, Failures: 0, Errors: 0, Skipped: 0, Time elapsed: 0.015 sec
Running org.apache.camel.issues.DavidSiefertTest
Tests run: 2, Failures: 0, Errors: 0, Skipped: 0, Time elapsed: 0.016 sec
Running org.apache.camel.issues.DoCatchCaughExceptionIssueTest
Tests run: 1, Failures: 0, Errors: 0, Skipped: 0, Time elapsed: 0.007 sec
Running org.apache.camel.issues.ErrorHandlerAdviceIssueTest
Tests run: 1, Failures: 0, Errors: 0, Skipped: 0, Time elapsed: 0.02 sec
Running org.apache.camel.issues.ExceptionCamel4022Test
Tests run: 1, Failures: 0, Errors: 0, Skipped: 0, Time elapsed: 0.016 sec
Running org.apache.camel.issues.ExceptionPolicyIssueTest
Tests run: 1, Failures: 0, Errors: 0, Skipped: 0, Time elapsed: 0.007 sec
Running org.apache.camel.issues.ExceptionTest
Tests run: 4, Failures: 0, Errors: 0, Skipped: 0, Time elapsed: 0.04 sec
Running org.apache.camel.issues.ExceptionThrownFromOnExceptionNoEndlessLoopTest
Tests run: 1, Failures: 0, Errors: 0, Skipped: 0, Time elapsed: 0.019 sec
Running org.apache.camel.issues.ExceptionThrownFromOnExceptionTest
Tests run: 6, Failures: 0, Errors: 0, Skipped: 0, Time elapsed: 0.081 sec
Running org.apache.camel.issues.FilePollingConsumerIssueTest
Tests run: 1, Failures: 0, Errors: 0, Skipped: 0, Time elapsed: 9.087 sec
Running org.apache.camel.issues.FileSplitStreamingWithChoiceTest
Tests run: 1, Failures: 0, Errors: 0, Skipped: 0, Time elapsed: 3.89 sec
Running org.apache.camel.issues.FilterCustomPredicateAsFilterTest
Tests run: 1, Failures: 0, Errors: 0, Skipped: 0, Time elapsed: 0.01 sec
Running org.apache.camel.issues.GertJBIIssueTest
Tests run: 2, Failures: 0, Errors: 0, Skipped: 0, Time elapsed: 0.022 sec
Running org.apache.camel.issues.InterceptCustomPredicateAsFilterTest
Tests run: 1, Failures: 0, Errors: 0, Skipped: 0, Time elapsed: 0.009 sec
Running org.apache.camel.issues.InterceptFromLogTest
Tests run: 1, Failures: 0, Errors: 0, Skipped: 0, Time elapsed: 0.046 sec
Running org.apache.camel.issues.InterceptFromPredicateProceedAndStopTest
Tests run: 6, Failures: 0, Errors: 0, Skipped: 0, Time elapsed: 0.107 sec
Running org.apache.camel.issues.Issue170Test
Tests run: 1, Failures: 0, Errors: 0, Skipped: 0, Time elapsed: 0.017 sec
Running org.apache.camel.issues.Issue3Test
Tests run: 1, Failures: 0, Errors: 0, Skipped: 0, Time elapsed: 0.007 sec
Running org.apache.camel.issues.MessageWithAttachmentRedeliveryIssueTest
Tests run: 1, Failures: 0, Errors: 0, Skipped: 0, Time elapsed: 0.007 sec
Running org.apache.camel.issues.MethodClassByTypeIssueTest
Tests run: 2, Failures: 0, Errors: 0, Skipped: 0, Time elapsed: 0.016 sec
Running org.apache.camel.issues.MockExepctedHeadersIssueTest
Tests run: 2, Failures: 0, Errors: 0, Skipped: 0, Time elapsed: 0.013 sec
Running org.apache.camel.issues.MulticastParallelStopOnExceptionWithOnExceptionIssueTest
Tests run: 4, Failures: 0, Errors: 0, Skipped: 0, Time elapsed: 0.045 sec
Running org.apache.camel.issues.MulticastParallelWithOnExceptionIssueTest
Tests run: 4, Failures: 0, Errors: 0, Skipped: 0, Time elapsed: 0.038 sec
Running org.apache.camel.issues.MulticastPipelineAggregateIssueTest
Tests run: 1, Failures: 0, Errors: 0, Skipped: 0, Time elapsed: 0.016 sec
Running org.apache.camel.issues.MulticastStopOnExceptionWithOnExceptionIssueTest
Tests run: 4, Failures: 0, Errors: 0, Skipped: 0, Time elapsed: 0.031 sec
Running org.apache.camel.issues.MulticastWithOnExceptionIssueTest
Tests run: 4, Failures: 0, Errors: 0, Skipped: 0, Time elapsed: 0.03 sec
Running org.apache.camel.issues.MultipleErrorHandlerOnExceptionIssueTest
Tests run: 2, Failures: 0, Errors: 0, Skipped: 0, Time elapsed: 0.056 sec
Running org.apache.camel.issues.MultipleFromTest
Tests run: 1, Failures: 0, Errors: 0, Skipped: 0, Time elapsed: 0.028 sec
Running org.apache.camel.issues.NeilSplitterTest
Tests run: 2, Failures: 0, Errors: 0, Skipped: 0, Time elapsed: 0.019 sec
Running org.apache.camel.issues.NotifyBuilderOnFailureShutdownCamelIssueTest
Tests run: 1, Failures: 0, Errors: 0, Skipped: 0, Time elapsed: 1.911 sec
Running org.apache.camel.issues.OnExceptionBeforeErrorHandlerIssueTest
Tests run: 3, Failures: 0, Errors: 0, Skipped: 0, Time elapsed: 0.025 sec
Running org.apache.camel.issues.OnExceptionErrorHandlerRefIssueTest
Tests run: 1, Failures: 0, Errors: 0, Skipped: 0, Time elapsed: 0.008 sec
Running org.apache.camel.issues.OnExceptionErrorHandlerRefIssueTwoRoutesTest
Tests run: 2, Failures: 0, Errors: 0, Skipped: 0, Time elapsed: 0.018 sec
Running org.apache.camel.issues.OnExceptionHandledNoFailureProcessorTest
Tests run: 1, Failures: 0, Errors: 0, Skipped: 0, Time elapsed: 0.005 sec
Running org.apache.camel.issues.OnExceptionNotHandledErrorHandlerRefIssueTest
Tests run: 1, Failures: 0, Errors: 0, Skipped: 0, Time elapsed: 0.006 sec
Running org.apache.camel.issues.OnExceptionNotHandledErrorHandlerRefIssueTwoRoutesTest
Tests run: 2, Failures: 0, Errors: 0, Skipped: 0, Time elapsed: 0.01 sec
Running org.apache.camel.issues.OnExceptionNotHandledRouteScopedErrorHandlerRefIssueTest
Tests run: 1, Failures: 0, Errors: 0, Skipped: 0, Time elapsed: 0.006 sec
Running org.apache.camel.issues.OnExceptionNotHandledRouteScopedErrorHandlerRefIssueTwoRoutesTest
Tests run: 2, Failures: 0, Errors: 0, Skipped: 0, Time elapsed: 0.011 sec
Running org.apache.camel.issues.OnExceptionProcessIssueTest
Tests run: 1, Failures: 0, Errors: 0, Skipped: 0, Time elapsed: 0.008 sec
Running org.apache.camel.issues.OnExceptionRouteScopedErrorHandlerRefIssueTest
Tests run: 1, Failures: 0, Errors: 0, Skipped: 0, Time elapsed: 0.007 sec
Running org.apache.camel.issues.OnExceptionRouteScopedErrorHandlerRefIssueTwoRoutesTest
Tests run: 2, Failures: 0, Errors: 0, Skipped: 0, Time elapsed: 0.013 sec
Running org.apache.camel.issues.ProxyReturnNullIssueTest
Tests run: 2, Failures: 0, Errors: 0, Skipped: 0, Time elapsed: 0.019 sec
Running org.apache.camel.issues.RecipientListDirectNoConsumerIssueTest
Tests run: 2, Failures: 0, Errors: 0, Skipped: 0, Time elapsed: 0.015 sec
Running org.apache.camel.issues.RecipientListErrorHandlingIssueTest
Tests run: 2, Failures: 0, Errors: 0, Skipped: 0, Time elapsed: 0.02 sec
Running org.apache.camel.issues.RecipientListUseOriginalMessageEndpointExceptionIssueTest
Tests run: 1, Failures: 0, Errors: 0, Skipped: 0, Time elapsed: 7.545 sec
Running org.apache.camel.issues.RecipientListUseOriginalMessageIssueTest
Tests run: 1, Failures: 0, Errors: 0, Skipped: 0, Time elapsed: 1.16 sec
Running org.apache.camel.issues.RedeliveryErrorHandlerAsyncDelayedTwoCamelContextIssueTest
Tests run: 1, Failures: 0, Errors: 0, Skipped: 0, Time elapsed: 3.322 sec
Running org.apache.camel.issues.RedeliveryPolicyOnExceptionWhileRedeliveringIssueTest
Tests run: 1, Failures: 0, Errors: 0, Skipped: 0, Time elapsed: 0.01 sec
Running org.apache.camel.issues.RegExPredicateIssueTest
Tests run: 2, Failures: 0, Errors: 0, Skipped: 0, Time elapsed: 0.03 sec
Running org.apache.camel.issues.RetryContextScopedUntilRecipientListIssueTest
Tests run: 8, Failures: 0, Errors: 0, Skipped: 0, Time elapsed: 0.344 sec
Running org.apache.camel.issues.RetryContextScopedUntilRecipientListParallelIssueTest
Tests run: 8, Failures: 0, Errors: 0, Skipped: 0, Time elapsed: 2.541 sec
Running org.apache.camel.issues.RetryRouteScopedUntilRecipientListIssueTest
Tests run: 8, Failures: 0, Errors: 0, Skipped: 0, Time elapsed: 2.242 sec
Running org.apache.camel.issues.RetryRouteScopedUntilRecipientListParallelIssueTest
Tests run: 8, Failures: 0, Errors: 0, Skipped: 0, Time elapsed: 3.256 sec
Running org.apache.camel.issues.RetryWhilePredicateExpressionIssueTest
Tests run: 1, Failures: 0, Errors: 0, Skipped: 0, Time elapsed: 0.02 sec
Running org.apache.camel.issues.RetryWhileSimpleExpressionIssueTest
Tests run: 1, Failures: 0, Errors: 0, Skipped: 0, Time elapsed: 0.015 sec
Running org.apache.camel.issues.RomeksExceptionTest
Tests run: 2, Failures: 0, Errors: 0, Skipped: 0, Time elapsed: 0.026 sec
Running org.apache.camel.issues.RouteScopedErrorHandlerAndOnExceptionTest
Tests run: 2, Failures: 0, Errors: 0, Skipped: 0, Time elapsed: 0.02 sec
Running org.apache.camel.issues.RouteScopedOnExceptionMultipleRouteBuildersTest
Tests run: 2, Failures: 0, Errors: 0, Skipped: 0, Time elapsed: 0.015 sec
Running org.apache.camel.issues.RouteScopedOnExceptionWithInterceptSendToEndpointIssueTest
Tests run: 1, Failures: 0, Errors: 0, Skipped: 0, Time elapsed: 0.012 sec
Running org.apache.camel.issues.RouteScopedOnExceptionWithInterceptSendToEndpointIssueWithPredicateTest
Tests run: 1, Failures: 0, Errors: 0, Skipped: 0, Time elapsed: 0.011 sec
Running org.apache.camel.issues.RouteWithCustomIdTest
Tests run: 1, Failures: 0, Errors: 0, Skipped: 0, Time elapsed: 0.016 sec
Running org.apache.camel.issues.SameRouteAndContextScopedErrorHandlerIssueTest
Tests run: 1, Failures: 0, Errors: 0, Skipped: 0, Time elapsed: 0.009 sec
Running org.apache.camel.issues.SedaFileIdempotentIssueTest
Tests run: 1, Failures: 0, Errors: 0, Skipped: 0, Time elapsed: 10.578 sec
Running org.apache.camel.issues.SedaFileIdempotentNoTimeoutIssueTest
Tests run: 1, Failures: 0, Errors: 0, Skipped: 0, Time elapsed: 6.417 sec
Running org.apache.camel.issues.SedaFileIdempotentTimeoutIssueTest
Tests run: 1, Failures: 0, Errors: 0, Skipped: 0, Time elapsed: 2.024 sec
Running org.apache.camel.issues.SedaMultipleConsumersIssueTest
Tests run: 1, Failures: 0, Errors: 0, Skipped: 0, Time elapsed: 0.031 sec
Running org.apache.camel.issues.SetHeaderInDoCatchIssueTest
Tests run: 3, Failures: 0, Errors: 0, Skipped: 0, Time elapsed: 0.027 sec
Running org.apache.camel.issues.SetHeaderIssueTest
Tests run: 2, Failures: 0, Errors: 0, Skipped: 0, Time elapsed: 0.024 sec
Running org.apache.camel.issues.SplitPropertiesFileIssueTest
Tests run: 1, Failures: 0, Errors: 0, Skipped: 0, Time elapsed: 4.882 sec
Running org.apache.camel.issues.SplitWithCustomAggregationStrategyTest
Tests run: 1, Failures: 0, Errors: 0, Skipped: 0, Time elapsed: 0.067 sec
Running org.apache.camel.issues.SplitterCorrelationIdIssueTest
Tests run: 1, Failures: 0, Errors: 0, Skipped: 0, Time elapsed: 0.007 sec
Running org.apache.camel.issues.SplitterParallelIssueTest
Tests run: 1, Failures: 0, Errors: 0, Skipped: 0, Time elapsed: 2.824 sec
Running org.apache.camel.issues.SplitterThrowExceptionInExpressionTest
Tests run: 1, Failures: 0, Errors: 0, Skipped: 0, Time elapsed: 0.009 sec
Running org.apache.camel.issues.SplitterUsingBeanReturningMessageTest
Tests run: 1, Failures: 0, Errors: 0, Skipped: 0, Time elapsed: 0.009 sec
Running org.apache.camel.issues.StopCamelFromRouteTest
Tests run: 1, Failures: 0, Errors: 0, Skipped: 0, Time elapsed: 0.03 sec
Running org.apache.camel.issues.StopRouteFromRouteTest
Tests run: 1, Failures: 0, Errors: 0, Skipped: 0, Time elapsed: 1.537 sec
Running org.apache.camel.issues.StopRouteImpactsErrorHandlerTest
Tests run: 1, Failures: 0, Errors: 0, Skipped: 0, Time elapsed: 0.014 sec
Running org.apache.camel.issues.StopRouteShouldNotStopContextScopedErrorHandlerIssueTest
Tests run: 1, Failures: 0, Errors: 0, Skipped: 0, Time elapsed: 0.008 sec
Running org.apache.camel.issues.StopRouteShouldNotStopRouteScopedErrorHandlerIssueTest
Tests run: 1, Failures: 0, Errors: 0, Skipped: 0, Time elapsed: 0.008 sec
Running org.apache.camel.issues.ThreadsDoTryCatchInterceptSendToAllEndpointIssueTest
Tests run: 1, Failures: 0, Errors: 0, Skipped: 0, Time elapsed: 0.01 sec
Running org.apache.camel.issues.TimerAndErrorHandlerIssueTest
Tests run: 1, Failures: 0, Errors: 0, Skipped: 0, Time elapsed: 1.507 sec
Running org.apache.camel.issues.TryCatchFinallyOnExceptionIssueTest
Tests run: 1, Failures: 0, Errors: 0, Skipped: 0, Time elapsed: 0.019 sec
Running org.apache.camel.issues.TryCatchSetHeaderIssueTest
Tests run: 2, Failures: 0, Errors: 0, Skipped: 0, Time elapsed: 0.009 sec
Running org.apache.camel.issues.TryCatchWithSplitIssueTest
Tests run: 2, Failures: 0, Errors: 0, Skipped: 0, Time elapsed: 0.013 sec
Running org.apache.camel.issues.TryCatchWithSplitNotHandledIssueTest
Tests run: 1, Failures: 0, Errors: 0, Skipped: 0, Time elapsed: 0.008 sec
Running org.apache.camel.issues.TwoRouteScopedOnExceptionWithInterceptSendToEndpointIssueWithPredicateTest
Tests run: 1, Failures: 0, Errors: 0, Skipped: 0, Time elapsed: 0.007 sec
Running org.apache.camel.issues.TypeConverterConcurrencyIssueTest
Tests run: 1, Failures: 0, Errors: 0, Skipped: 0, Time elapsed: 0.25 sec
Running org.apache.camel.issues.XPathSplitStreamTest
Tests run: 1, Failures: 0, Errors: 0, Skipped: 0, Time elapsed: 5.604 sec
Running org.apache.camel.language.BeanAnnotationParameterTest
Tests run: 4, Failures: 0, Errors: 0, Skipped: 0, Time elapsed: 0.044 sec
Running org.apache.camel.language.BeanAnnotationParameterTwoTest
Tests run: 4, Failures: 0, Errors: 0, Skipped: 0, Time elapsed: 0.041 sec
Running org.apache.camel.language.BeanLanguageInvalidOGNLTest
Tests run: 1, Failures: 0, Errors: 0, Skipped: 0, Time elapsed: 0.006 sec
Running org.apache.camel.language.BeanLanguageOGNLTest
Tests run: 1, Failures: 0, Errors: 0, Skipped: 0, Time elapsed: 0.007 sec
Running org.apache.camel.language.BeanTest
Tests run: 7, Failures: 0, Errors: 0, Skipped: 0, Time elapsed: 0.029 sec
Running org.apache.camel.language.ConstantTest
Tests run: 2, Failures: 0, Errors: 0, Skipped: 0, Time elapsed: 0.007 sec
Running org.apache.camel.language.FileLanguageTest
Tests run: 13, Failures: 0, Errors: 0, Skipped: 0, Time elapsed: 56.485 sec
Running org.apache.camel.language.HeaderTest
Tests run: 3, Failures: 0, Errors: 0, Skipped: 0, Time elapsed: 0.022 sec
Running org.apache.camel.language.NoSuchLanguageTest
Tests run: 1, Failures: 0, Errors: 0, Skipped: 0, Time elapsed: 0.01 sec
Running org.apache.camel.language.PropertyTest
Tests run: 3, Failures: 0, Errors: 0, Skipped: 0, Time elapsed: 0.012 sec
Running org.apache.camel.language.RefTest
Tests run: 3, Failures: 0, Errors: 0, Skipped: 0, Time elapsed: 0.019 sec
Running org.apache.camel.language.SimpleLanguageRouteTest
Tests run: 1, Failures: 0, Errors: 0, Skipped: 0, Time elapsed: 0.023 sec
Running org.apache.camel.language.SimpleOgnlMapIssueTest
Tests run: 2, Failures: 0, Errors: 0, Skipped: 0, Time elapsed: 0.023 sec
Running org.apache.camel.language.TokenPairIteratorSplitChoicePerformanceTest
Tests run: 1, Failures: 0, Errors: 0, Skipped: 0, Time elapsed: 0.344 sec
Running org.apache.camel.language.TokenPairPredicateTest
Tests run: 1, Failures: 0, Errors: 0, Skipped: 0, Time elapsed: 1.023 sec
Running org.apache.camel.language.TokenXMLPairMultiNamespaceSplitTest
Tests run: 1, Failures: 0, Errors: 0, Skipped: 0, Time elapsed: 2.033 sec
Running org.apache.camel.language.TokenXMLPairNamespaceMultilineSplitTest
Tests run: 1, Failures: 0, Errors: 0, Skipped: 0, Time elapsed: 2.014 sec
Running org.apache.camel.language.TokenXMLPairNamespaceSplitTest
Tests run: 1, Failures: 0, Errors: 0, Skipped: 0, Time elapsed: 1.028 sec
Running org.apache.camel.language.TokenizerTest
Tests run: 23, Failures: 0, Errors: 0, Skipped: 0, Time elapsed: 0.194 sec
Running org.apache.camel.language.XPathAnotherRouteConcurrentTest
Tests run: 1, Failures: 0, Errors: 0, Skipped: 0, Time elapsed: 1.072 sec
Running org.apache.camel.language.XPathFromFileExceptionTest
[Fatal Error] :1:21: XML document structures must start and end within the same entity.
Tests run: 2, Failures: 0, Errors: 0, Skipped: 0, Time elapsed: 2.034 sec
Running org.apache.camel.language.XPathFunctionTest
Tests run: 3, Failures: 0, Errors: 0, Skipped: 0, Time elapsed: 0.125 sec
Running org.apache.camel.language.XPathLanguageSingleNodeListTest
Tests run: 2, Failures: 0, Errors: 0, Skipped: 0, Time elapsed: 0.06 sec
Running org.apache.camel.language.XPathOutFunctionTest
Tests run: 3, Failures: 0, Errors: 0, Skipped: 0, Time elapsed: 0.054 sec
Running org.apache.camel.language.XPathRouteConcurrentBigTest
Tests run: 1, Failures: 0, Errors: 0, Skipped: 0, Time elapsed: 0.315 sec
Running org.apache.camel.language.XPathRouteConcurrentTest
Tests run: 5, Failures: 0, Errors: 0, Skipped: 0, Time elapsed: 0.291 sec
Running org.apache.camel.language.XPathSplitChoicePerformanceTest
Tests run: 1, Failures: 0, Errors: 0, Skipped: 0, Time elapsed: 0.302 sec
Running org.apache.camel.language.XPathTest
Tests run: 3, Failures: 0, Errors: 0, Skipped: 0, Time elapsed: 0.026 sec
Running org.apache.camel.language.simple.SimpleBackwardsCompatibleTest
Tests run: 4, Failures: 0, Errors: 0, Skipped: 0, Time elapsed: 0.02 sec
Running org.apache.camel.language.simple.SimpleChangeFunctionTokensTest
Tests run: 4, Failures: 0, Errors: 0, Skipped: 0, Time elapsed: 0.017 sec
Running org.apache.camel.language.simple.SimpleDecHeaderTest
Tests run: 1, Failures: 0, Errors: 0, Skipped: 0, Time elapsed: 0.01 sec
Running org.apache.camel.language.simple.SimpleIncHeaderTest
Tests run: 1, Failures: 0, Errors: 0, Skipped: 0, Time elapsed: 0.012 sec
Running org.apache.camel.language.simple.SimpleOperatorTest
Tests run: 34, Failures: 0, Errors: 0, Skipped: 0, Time elapsed: 0.269 sec
Running org.apache.camel.language.simple.SimpleParserExpressionInvalidTest
Tests run: 5, Failures: 0, Errors: 0, Skipped: 0, Time elapsed: 0.026 sec
Running org.apache.camel.language.simple.SimpleParserExpressionTest
Tests run: 16, Failures: 0, Errors: 0, Skipped: 0, Time elapsed: 0.063 sec
Running org.apache.camel.language.simple.SimpleParserPredicateInvalidTest
Tests run: 7, Failures: 0, Errors: 0, Skipped: 0, Time elapsed: 0.026 sec
Running org.apache.camel.language.simple.SimpleParserPredicateTest
Tests run: 15, Failures: 0, Errors: 0, Skipped: 0, Time elapsed: 0.058 sec
Running org.apache.camel.language.simple.SimpleParserRegexpPredicateTest
Tests run: 1, Failures: 0, Errors: 0, Skipped: 0, Time elapsed: 0.004 sec
Running org.apache.camel.language.simple.SimplePropertiesNestedTest
Tests run: 1, Failures: 0, Errors: 0, Skipped: 0, Time elapsed: 0.009 sec
Running org.apache.camel.language.simple.SimpleTest
Tests run: 87, Failures: 0, Errors: 0, Skipped: 0, Time elapsed: 1.784 sec
Running org.apache.camel.language.simple.SimpleWithPropertiesTest
Tests run: 1, Failures: 0, Errors: 0, Skipped: 0, Time elapsed: 0.004 sec
Running org.apache.camel.main.MainTest
Tests run: 2, Failures: 0, Errors: 0, Skipped: 0, Time elapsed: 0.099 sec
Running org.apache.camel.management.AddEventNotifierTest
Tests run: 1, Failures: 0, Errors: 0, Skipped: 0, Time elapsed: 0.02 sec
Running org.apache.camel.management.BigRouteTest
Tests run: 1, Failures: 0, Errors: 0, Skipped: 0, Time elapsed: 1.712 sec
Running org.apache.camel.management.CamelChoiceWithManagementTest
Tests run: 2, Failures: 0, Errors: 0, Skipped: 0, Time elapsed: 0.078 sec
Running org.apache.camel.management.DefaultManagementAgentMockTest
Tests run: 1, Failures: 0, Errors: 0, Skipped: 0, Time elapsed: 0.11 sec
Running org.apache.camel.management.DualManagedThreadPoolProfileTest
Tests run: 1, Failures: 0, Errors: 0, Skipped: 0, Time elapsed: 0.033 sec
Running org.apache.camel.management.DualManagedThreadPoolWithIdTest
Tests run: 1, Failures: 0, Errors: 0, Skipped: 0, Time elapsed: 0.033 sec
Running org.apache.camel.management.EventNotifierEventsTest
Tests run: 3, Failures: 0, Errors: 0, Skipped: 0, Time elapsed: 0.027 sec
Running org.apache.camel.management.EventNotifierExchangeCompletedTest
Tests run: 1, Failures: 0, Errors: 0, Skipped: 0, Time elapsed: 0.509 sec
Running org.apache.camel.management.EventNotifierExchangeSentParallelTest
Tests run: 2, Failures: 0, Errors: 0, Skipped: 0, Time elapsed: 1.722 sec
Running org.apache.camel.management.EventNotifierExchangeSentTest
Tests run: 2, Failures: 0, Errors: 0, Skipped: 0, Time elapsed: 2.22 sec
Running org.apache.camel.management.EventNotifierFailureHandledEventsTest
Tests run: 2, Failures: 0, Errors: 0, Skipped: 0, Time elapsed: 0.015 sec
Running org.apache.camel.management.EventNotifierRedeliveryEventsTest
Tests run: 2, Failures: 0, Errors: 0, Skipped: 0, Time elapsed: 0.306 sec
Running org.apache.camel.management.EventNotifierServiceStoppingFailedEventTest
Tests run: 1, Failures: 0, Errors: 0, Skipped: 0, Time elapsed: 0.008 sec
Running org.apache.camel.management.ExceptionWithManagementTest
Tests run: 1, Failures: 0, Errors: 0, Skipped: 0, Time elapsed: 0.028 sec
Running org.apache.camel.management.JmxInstrumentationCustomMBeanTest
Tests run: 4, Failures: 0, Errors: 0, Skipped: 0, Time elapsed: 0.104 sec
Running org.apache.camel.management.JmxInstrumentationDisableOnCamelContextTest
Tests run: 3, Failures: 0, Errors: 0, Skipped: 0, Time elapsed: 0.027 sec
Running org.apache.camel.management.JmxInstrumentationDisableTest
Tests run: 3, Failures: 0, Errors: 0, Skipped: 0, Time elapsed: 0.047 sec
Running org.apache.camel.management.JmxInstrumentationOnlyRegisterProcessorWithCustomIdTest
Tests run: 1, Failures: 0, Errors: 0, Skipped: 0, Time elapsed: 0.04 sec
Running org.apache.camel.management.JmxInstrumentationUsingDefaultsTest
Tests run: 2, Failures: 0, Errors: 0, Skipped: 0, Time elapsed: 0.066 sec
Running org.apache.camel.management.JmxInstrumentationUsingPlatformMBSTest
Tests run: 3, Failures: 0, Errors: 0, Skipped: 0, Time elapsed: 0.086 sec
Running org.apache.camel.management.JmxInstrumentationUsingPropertiesTest
Tests run: 3, Failures: 0, Errors: 0, Skipped: 0, Time elapsed: 0.076 sec
Running org.apache.camel.management.JmxInstrumentationWithConnectorTest
Tests run: 2, Failures: 0, Errors: 0, Skipped: 0, Time elapsed: 6.451 sec
Running org.apache.camel.management.JmxNotificationEventNotifierTest
Tests run: 2, Failures: 0, Errors: 0, Skipped: 0, Time elapsed: 0.066 sec
Running org.apache.camel.management.JmxRecipientListTest
Tests run: 2, Failures: 0, Errors: 0, Skipped: 0, Time elapsed: 0.049 sec
Running org.apache.camel.management.LoadTimerTest
Tests run: 1, Failures: 0, Errors: 0, Skipped: 0, Time elapsed: 4.003 sec
Running org.apache.camel.management.LoadTripletTest
Tests run: 2, Failures: 0, Errors: 0, Skipped: 0, Time elapsed: 0.109 sec
Running org.apache.camel.management.LoggingEventNotifierTest
Tests run: 2, Failures: 0, Errors: 0, Skipped: 0, Time elapsed: 0.06 sec
Running org.apache.camel.management.ManagedBrowsableEndpointAsXmlTest
Tests run: 7, Failures: 0, Errors: 0, Skipped: 0, Time elapsed: 0.174 sec
Running org.apache.camel.management.ManagedBrowsableEndpointEmptyTest
Tests run: 1, Failures: 0, Errors: 0, Skipped: 0, Time elapsed: 0.025 sec
Running org.apache.camel.management.ManagedBrowsableEndpointTest
Tests run: 1, Failures: 0, Errors: 0, Skipped: 0, Time elapsed: 0.025 sec
Running org.apache.camel.management.ManagedCBRTest
Tests run: 1, Failures: 0, Errors: 0, Skipped: 0, Time elapsed: 0.031 sec
Running org.apache.camel.management.ManagedCamelContextAutoStartupTest
Tests run: 1, Failures: 0, Errors: 0, Skipped: 0, Time elapsed: 0.022 sec
Running org.apache.camel.management.ManagedCamelContextDumpRoutesAsXmlTest
Tests run: 1, Failures: 0, Errors: 0, Skipped: 0, Time elapsed: 0.192 sec
Running org.apache.camel.management.ManagedCamelContextDumpStatsAsXmlTest
Tests run: 1, Failures: 0, Errors: 0, Skipped: 0, Time elapsed: 0.157 sec
Running org.apache.camel.management.ManagedCamelContextSuspendResumeTest
Tests run: 1, Failures: 0, Errors: 0, Skipped: 0, Time elapsed: 0.023 sec
Running org.apache.camel.management.ManagedCamelContextSuspendStartTest
Tests run: 1, Failures: 0, Errors: 0, Skipped: 0, Time elapsed: 0.024 sec
Running org.apache.camel.management.ManagedCamelContextTest
Tests run: 3, Failures: 0, Errors: 0, Skipped: 0, Time elapsed: 0.092 sec
Running org.apache.camel.management.ManagedCamelContextTracerTest
Tests run: 1, Failures: 0, Errors: 0, Skipped: 0, Time elapsed: 0.032 sec
Running org.apache.camel.management.ManagedCamelContextUpdateRoutesFromXmlTest
Tests run: 1, Failures: 0, Errors: 0, Skipped: 0, Time elapsed: 0.189 sec
Running org.apache.camel.management.ManagedCanekContextExchangeStatisticsTest
Tests run: 1, Failures: 0, Errors: 0, Skipped: 0, Time elapsed: 0.031 sec
Running org.apache.camel.management.ManagedConsumerCacheHitsTest
Tests run: 1, Failures: 0, Errors: 0, Skipped: 0, Time elapsed: 0.048 sec
Running org.apache.camel.management.ManagedConsumerCacheTest
Tests run: 1, Failures: 0, Errors: 0, Skipped: 0, Time elapsed: 0.026 sec
Running org.apache.camel.management.ManagedCustomBeanTest
Tests run: 1, Failures: 0, Errors: 0, Skipped: 0, Time elapsed: 0.027 sec
Running org.apache.camel.management.ManagedCustomPolicyTest
Tests run: 1, Failures: 0, Errors: 0, Skipped: 0, Time elapsed: 0.029 sec
Running org.apache.camel.management.ManagedCustomProcessorTest
Tests run: 1, Failures: 0, Errors: 0, Skipped: 0, Time elapsed: 0.039 sec
Running org.apache.camel.management.ManagedDelayerTest
Tests run: 1, Failures: 0, Errors: 0, Skipped: 0, Time elapsed: 3.029 sec
Running org.apache.camel.management.ManagedDualCamelContextTest
Tests run: 1, Failures: 0, Errors: 0, Skipped: 0, Time elapsed: 0.037 sec
Running org.apache.camel.management.ManagedEndpointRegistryTest
Tests run: 1, Failures: 0, Errors: 0, Skipped: 0, Time elapsed: 0.022 sec
Running org.apache.camel.management.ManagedErrorHandlerOptionsTest
Tests run: 1, Failures: 0, Errors: 0, Skipped: 0, Time elapsed: 2.037 sec
Running org.apache.camel.management.ManagedErrorHandlerRedeliveryTest
Tests run: 1, Failures: 0, Errors: 0, Skipped: 0, Time elapsed: 0.03 sec
Running org.apache.camel.management.ManagedErrorHandlerTest
Tests run: 1, Failures: 0, Errors: 0, Skipped: 0, Time elapsed: 0.03 sec
Running org.apache.camel.management.ManagedFileIdempotentConsumerTest
Tests run: 1, Failures: 0, Errors: 0, Skipped: 0, Time elapsed: 1.177 sec
Running org.apache.camel.management.ManagedInterceptTest
Tests run: 1, Failures: 0, Errors: 0, Skipped: 0, Time elapsed: 0.025 sec
Running org.apache.camel.management.ManagedLoadBalancerTest
Tests run: 1, Failures: 0, Errors: 0, Skipped: 0, Time elapsed: 0.026 sec
Running org.apache.camel.management.ManagedMemoryIdempotentConsumerTest
Tests run: 2, Failures: 0, Errors: 0, Skipped: 0, Time elapsed: 0.048 sec
Running org.apache.camel.management.ManagedMulticastTest
Tests run: 1, Failures: 0, Errors: 0, Skipped: 0, Time elapsed: 0.023 sec
Running org.apache.camel.management.ManagedNamePatternFixedTest
Tests run: 1, Failures: 0, Errors: 0, Skipped: 0, Time elapsed: 0.021 sec
Running org.apache.camel.management.ManagedNamePatternTest
Tests run: 1, Failures: 0, Errors: 0, Skipped: 0, Time elapsed: 0.023 sec
Running org.apache.camel.management.ManagedRedeliverRouteOnlyTest
Tests run: 1, Failures: 0, Errors: 0, Skipped: 0, Time elapsed: 0.026 sec
Running org.apache.camel.management.ManagedRedeliverTest
Tests run: 1, Failures: 0, Errors: 0, Skipped: 0, Time elapsed: 0.039 sec
Running org.apache.camel.management.ManagedRegisterCamelContextTest
Tests run: 1, Failures: 0, Errors: 0, Skipped: 0, Time elapsed: 0.024 sec
Running org.apache.camel.management.ManagedRegisterEndpointTest
Tests run: 1, Failures: 0, Errors: 0, Skipped: 0, Time elapsed: 0.025 sec
Running org.apache.camel.management.ManagedRegisterExchangeStatisticsTest
Tests run: 1, Failures: 0, Errors: 0, Skipped: 0, Time elapsed: 0.024 sec
Running org.apache.camel.management.ManagedRegisterRouteTest
Tests run: 1, Failures: 0, Errors: 0, Skipped: 0, Time elapsed: 0.025 sec
Running org.apache.camel.management.ManagedRegisterTwoRoutesTest
Tests run: 1, Failures: 0, Errors: 0, Skipped: 0, Time elapsed: 0.027 sec
Running org.apache.camel.management.ManagedRouteAddFromRouteTest
Tests run: 1, Failures: 0, Errors: 0, Skipped: 0, Time elapsed: 0.062 sec
Running org.apache.camel.management.ManagedRouteAddRemoveTest
Tests run: 7, Failures: 0, Errors: 0, Skipped: 0, Time elapsed: 0.194 sec
Running org.apache.camel.management.ManagedRouteAddSecondRouteNotRegisterNewRoutesTest
Tests run: 1, Failures: 0, Errors: 0, Skipped: 0, Time elapsed: 0.022 sec
Running org.apache.camel.management.ManagedRouteAddSecondRouteTest
Tests run: 1, Failures: 0, Errors: 0, Skipped: 0, Time elapsed: 0.025 sec
Running org.apache.camel.management.ManagedRouteAutoStartupTest
Tests run: 1, Failures: 0, Errors: 0, Skipped: 0, Time elapsed: 0.024 sec
Running org.apache.camel.management.ManagedRouteContextTracerTest
Tests run: 1, Failures: 0, Errors: 0, Skipped: 0, Time elapsed: 0.028 sec
Running org.apache.camel.management.ManagedRouteDumpRouteAsXmlTest
Tests run: 1, Failures: 0, Errors: 0, Skipped: 0, Time elapsed: 0.153 sec
Running org.apache.camel.management.ManagedRouteDumpStatsAsXmlTest
Tests run: 1, Failures: 0, Errors: 0, Skipped: 0, Time elapsed: 0.13 sec
Running org.apache.camel.management.ManagedRouteNoAutoStartupTest
Tests run: 1, Failures: 0, Errors: 0, Skipped: 0, Time elapsed: 1.024 sec
Running org.apache.camel.management.ManagedRoutePerformanceCounterTest
Tests run: 1, Failures: 0, Errors: 0, Skipped: 0, Time elapsed: 9.029 sec
Running org.apache.camel.management.ManagedRoutePolicyTest
Tests run: 1, Failures: 0, Errors: 0, Skipped: 0, Time elapsed: 0.031 sec
Running org.apache.camel.management.ManagedRouteRemoveContextScopedErrorHandlerTest
Tests run: 1, Failures: 0, Errors: 0, Skipped: 0, Time elapsed: 0.054 sec
Running org.apache.camel.management.ManagedRouteRemoveRouteAndContextScopedErrorHandlerTest
Tests run: 2, Failures: 0, Errors: 0, Skipped: 0, Time elapsed: 0.12 sec
Running org.apache.camel.management.ManagedRouteRemoveRouteScopedErrorHandlerTest
Tests run: 1, Failures: 0, Errors: 0, Skipped: 0, Time elapsed: 0.044 sec
Running org.apache.camel.management.ManagedRouteRemoveTest
Tests run: 1, Failures: 0, Errors: 0, Skipped: 0, Time elapsed: 4.035 sec
Running org.apache.camel.management.ManagedRouteRemoveWireTapExplicitThreadPoolTest
Tests run: 1, Failures: 0, Errors: 0, Skipped: 0, Time elapsed: 0.054 sec
Running org.apache.camel.management.ManagedRouteRemoveWireTapTest
Tests run: 1, Failures: 0, Errors: 0, Skipped: 0, Time elapsed: 0.049 sec
Running org.apache.camel.management.ManagedRouteShutdownAndStartTest
Tests run: 1, Failures: 0, Errors: 0, Skipped: 0, Time elapsed: 16.009 sec
Running org.apache.camel.management.ManagedRouteStopAndStartCleanupTest
Tests run: 1, Failures: 0, Errors: 0, Skipped: 0, Time elapsed: 12.822 sec
Running org.apache.camel.management.ManagedRouteStopAndStartTest
Tests run: 1, Failures: 0, Errors: 0, Skipped: 0, Time elapsed: 15.76 sec
Running org.apache.camel.management.ManagedRouteStopTest
Tests run: 1, Failures: 0, Errors: 0, Skipped: 0, Time elapsed: 0.028 sec
Running org.apache.camel.management.ManagedRouteStopUsingMBeanAPITest
Tests run: 1, Failures: 0, Errors: 0, Skipped: 0, Time elapsed: 0.035 sec
Running org.apache.camel.management.ManagedRouteStopWithAbortAfterTimeoutTest
Tests run: 2, Failures: 0, Errors: 0, Skipped: 0, Time elapsed: 13.075 sec
Running org.apache.camel.management.ManagedRouteSuspendAndResumeTest
Tests run: 1, Failures: 0, Errors: 0, Skipped: 0, Time elapsed: 7.402 sec
Running org.apache.camel.management.ManagedRouteUpdateRouteFromXmlTest
Tests run: 1, Failures: 0, Errors: 0, Skipped: 0, Time elapsed: 0.396 sec
Running org.apache.camel.management.ManagedRouteWithOnExceptionTest
Tests run: 3, Failures: 0, Errors: 0, Skipped: 0, Time elapsed: 0.648 sec
Running org.apache.camel.management.ManagedScheduledPollConsumerTest
Tests run: 1, Failures: 0, Errors: 0, Skipped: 0, Time elapsed: 0.063 sec
Running org.apache.camel.management.ManagedSedaEndpointTest
Tests run: 1, Failures: 0, Errors: 0, Skipped: 0, Time elapsed: 0.106 sec
Running org.apache.camel.management.ManagedSedaRouteRemoveTest
Tests run: 1, Failures: 0, Errors: 0, Skipped: 0, Time elapsed: 0.061 sec
Running org.apache.camel.management.ManagedSendProcessorTest
Tests run: 1, Failures: 0, Errors: 0, Skipped: 0, Time elapsed: 0.041 sec
Running org.apache.camel.management.ManagedServiceUrlPathTest
Tests run: 1, Failures: 0, Errors: 0, Skipped: 0, Time elapsed: 0.001 sec
Running org.apache.camel.management.ManagedShutdownStrategyTest
Tests run: 1, Failures: 0, Errors: 0, Skipped: 0, Time elapsed: 0.032 sec
Running org.apache.camel.management.ManagedStatisticsDisabledTest
Tests run: 1, Failures: 0, Errors: 0, Skipped: 0, Time elapsed: 0.032 sec
Running org.apache.camel.management.ManagedStatisticsLevelOffTest
Tests run: 1, Failures: 0, Errors: 0, Skipped: 0, Time elapsed: 0.026 sec
Running org.apache.camel.management.ManagedStatisticsLevelRoutesOnlyTest
Tests run: 1, Failures: 0, Errors: 0, Skipped: 0, Time elapsed: 0.028 sec
Running org.apache.camel.management.ManagedStatisticsTest
Tests run: 1, Failures: 0, Errors: 0, Skipped: 0, Time elapsed: 0.04 sec
Running org.apache.camel.management.ManagedStatisticsWithSplitterTest
Tests run: 1, Failures: 0, Errors: 0, Skipped: 0, Time elapsed: 0.042 sec
Running org.apache.camel.management.ManagedSuspendedServiceTest
Tests run: 1, Failures: 0, Errors: 0, Skipped: 0, Time elapsed: 2.53 sec
Running org.apache.camel.management.ManagedThreadPoolProfileTest
Tests run: 1, Failures: 0, Errors: 0, Skipped: 0, Time elapsed: 0.028 sec
Running org.apache.camel.management.ManagedThreadPoolTest
Tests run: 1, Failures: 0, Errors: 0, Skipped: 0, Time elapsed: 2.053 sec
Running org.apache.camel.management.ManagedThreadPoolWithIdTest
Tests run: 1, Failures: 0, Errors: 0, Skipped: 0, Time elapsed: 0.085 sec
Running org.apache.camel.management.ManagedThrottlerTest
Tests run: 1, Failures: 0, Errors: 0, Skipped: 0, Time elapsed: 6.084 sec
Running org.apache.camel.management.ManagedTimerTest
Tests run: 1, Failures: 0, Errors: 0, Skipped: 0, Time elapsed: 1.328 sec
Running org.apache.camel.management.ManagedTracerOptionsTest
Tests run: 1, Failures: 0, Errors: 0, Skipped: 0, Time elapsed: 0.04 sec
Running org.apache.camel.management.ManagedTypeConverterRegistryTest
Tests run: 1, Failures: 0, Errors: 0, Skipped: 0, Time elapsed: 0.045 sec
Running org.apache.camel.management.ManagedUnregisterCamelContextTest
Tests run: 1, Failures: 0, Errors: 0, Skipped: 0, Time elapsed: 0.012 sec
Running org.apache.camel.management.ManagedUnregisterComponentTest
Tests run: 1, Failures: 0, Errors: 0, Skipped: 0, Time elapsed: 0.024 sec
Running org.apache.camel.management.ManagedUnregisterConsumerTest
Tests run: 1, Failures: 0, Errors: 0, Skipped: 0, Time elapsed: 0.026 sec
Running org.apache.camel.management.ManagedUnregisterEndpointTest
Tests run: 1, Failures: 0, Errors: 0, Skipped: 0, Time elapsed: 0.024 sec
Running org.apache.camel.management.ManagedUnregisterProcessorTest
Tests run: 1, Failures: 0, Errors: 0, Skipped: 0, Time elapsed: 0.026 sec
Running org.apache.camel.management.ManagedUnregisterProducerTest
Tests run: 1, Failures: 0, Errors: 0, Skipped: 0, Time elapsed: 0.054 sec
Running org.apache.camel.management.ManagedUnregisterRouteTest
Tests run: 1, Failures: 0, Errors: 0, Skipped: 0, Time elapsed: 0.035 sec
Running org.apache.camel.management.MultiInstanceProcessorTest
Tests run: 2, Failures: 0, Errors: 0, Skipped: 0, Time elapsed: 0.117 sec
Running org.apache.camel.management.MultipleEventNotifierEventsTest
Tests run: 2, Failures: 0, Errors: 0, Skipped: 0, Time elapsed: 0.078 sec
Running org.apache.camel.management.PublishEventNotifierTest
Tests run: 2, Failures: 0, Errors: 0, Skipped: 0, Time elapsed: 0.081 sec
Running org.apache.camel.management.PublishEventNotifierToRouteTest
Tests run: 2, Failures: 0, Errors: 0, Skipped: 0, Time elapsed: 0.121 sec
Running org.apache.camel.management.RemoveEventNotifierTest
Tests run: 1, Failures: 0, Errors: 0, Skipped: 0, Time elapsed: 0.012 sec
Running org.apache.camel.management.RemoveRouteDefinitionTest
Tests run: 3, Failures: 0, Errors: 0, Skipped: 0, Time elapsed: 0.174 sec
Running org.apache.camel.management.TwoManagedCamelContextAutoAssignedNameClashTest
Tests run: 1, Failures: 0, Errors: 0, Skipped: 0, Time elapsed: 0.045 sec
Running org.apache.camel.management.TwoManagedCamelContextClashTest
Tests run: 3, Failures: 0, Errors: 0, Skipped: 0, Time elapsed: 0.096 sec
Running org.apache.camel.management.TwoManagedCamelContextTest
Tests run: 1, Failures: 0, Errors: 0, Skipped: 0, Time elapsed: 0.031 sec
Running org.apache.camel.management.TwoManagedNamePatternTest
Tests run: 1, Failures: 0, Errors: 0, Skipped: 0, Time elapsed: 0.021 sec
Running org.apache.camel.model.ChoiceDefinitionTest
Tests run: 10, Failures: 0, Errors: 0, Skipped: 0, Time elapsed: 0.003 sec
Running org.apache.camel.model.GenerateXmFromCamelContextlTest
Tests run: 1, Failures: 0, Errors: 0, Skipped: 0, Time elapsed: 0.13 sec
Running org.apache.camel.model.GenerateXmlTest
Tests run: 2, Failures: 0, Errors: 0, Skipped: 0, Time elapsed: 0.231 sec
Running org.apache.camel.model.LoadRouteFromXmlTest
Tests run: 1, Failures: 0, Errors: 0, Skipped: 0, Time elapsed: 0.119 sec
Running org.apache.camel.model.LoadRouteFromXmlWithInterceptTest
Tests run: 1, Failures: 0, Errors: 0, Skipped: 0, Time elapsed: 0.113 sec
Running org.apache.camel.model.LoadRouteFromXmlWithOnExceptionTest
Tests run: 1, Failures: 0, Errors: 0, Skipped: 0, Time elapsed: 0.121 sec
Running org.apache.camel.model.LoadRouteFromXmlWithPolicyTest
Tests run: 1, Failures: 0, Errors: 0, Skipped: 0, Time elapsed: 0.131 sec
Running org.apache.camel.model.ModelSanityCheckerTest
Tests run: 1, Failures: 0, Errors: 0, Skipped: 0, Time elapsed: 0.73 sec
Running org.apache.camel.model.ProcessorTypeConfigurationTest
Tests run: 1, Failures: 0, Errors: 0, Skipped: 0, Time elapsed: 0.006 sec
Running org.apache.camel.model.StartingRoutesErrorReportedTest
Tests run: 4, Failures: 0, Errors: 0, Skipped: 0, Time elapsed: 0.017 sec
Running org.apache.camel.model.XmlParseTest
Tests run: 41, Failures: 0, Errors: 0, Skipped: 0, Time elapsed: 3.183 sec
Running org.apache.camel.processor.AOPAfterFinallyTest
Tests run: 2, Failures: 0, Errors: 0, Skipped: 0, Time elapsed: 0.018 sec
Running org.apache.camel.processor.AOPAfterTest
Tests run: 1, Failures: 0, Errors: 0, Skipped: 0, Time elapsed: 0.02 sec
Running org.apache.camel.processor.AOPAroundFinallyTest
Tests run: 2, Failures: 0, Errors: 0, Skipped: 0, Time elapsed: 0.018 sec
Running org.apache.camel.processor.AOPAroundTest
Tests run: 1, Failures: 0, Errors: 0, Skipped: 0, Time elapsed: 0.008 sec
Running org.apache.camel.processor.AOPBeforeTest
Tests run: 1, Failures: 0, Errors: 0, Skipped: 0, Time elapsed: 0.007 sec
Running org.apache.camel.processor.AOPNestedRouteTest
Tests run: 1, Failures: 0, Errors: 0, Skipped: 0, Time elapsed: 0.009 sec
Running org.apache.camel.processor.BatchResequencerAllowDuplicatesTest
Tests run: 1, Failures: 0, Errors: 0, Skipped: 0, Time elapsed: 1.011 sec
Running org.apache.camel.processor.BatchResequencerJMSPriorityTest
Tests run: 1, Failures: 0, Errors: 0, Skipped: 0, Time elapsed: 1.009 sec
Running org.apache.camel.processor.BatchResequencerWithDuplicateTest
Tests run: 2, Failures: 0, Errors: 0, Skipped: 0, Time elapsed: 2.018 sec
Running org.apache.camel.processor.BeanInvocationThrowsExceptionTest
Tests run: 2, Failures: 0, Errors: 0, Skipped: 0, Time elapsed: 0.013 sec
Running org.apache.camel.processor.BeanMethodHeartbeatTest
Tests run: 1, Failures: 0, Errors: 0, Skipped: 0, Time elapsed: 1.008 sec
Running org.apache.camel.processor.BeanOgnMethodWithXPathInjectionTest
Tests run: 2, Failures: 0, Errors: 0, Skipped: 0, Time elapsed: 0.019 sec
Running org.apache.camel.processor.BeanRecipientListInterfaceAnnotationTest
Tests run: 1, Failures: 0, Errors: 0, Skipped: 0, Time elapsed: 0.01 sec
Running org.apache.camel.processor.BeanRecipientListNoMethodNameTest
Tests run: 1, Failures: 0, Errors: 0, Skipped: 0, Time elapsed: 0.006 sec
Running org.apache.camel.processor.BeanRecipientListTest
Tests run: 1, Failures: 0, Errors: 0, Skipped: 0, Time elapsed: 0.006 sec
Running org.apache.camel.processor.BeanRecipientListTimeoutTest
Tests run: 1, Failures: 0, Errors: 0, Skipped: 0, Time elapsed: 2.033 sec
Running org.apache.camel.processor.BeanRouteTest
Tests run: 2, Failures: 0, Errors: 0, Skipped: 0, Time elapsed: 0.01 sec
Running org.apache.camel.processor.BeanValidateTypeTest
Tests run: 1, Failures: 0, Errors: 0, Skipped: 0, Time elapsed: 0.004 sec
Running org.apache.camel.processor.BeanWithExceptionTest
Tests run: 2, Failures: 0, Errors: 0, Skipped: 0, Time elapsed: 0.016 sec
Running org.apache.camel.processor.BeanWithXPathInjectionTest
Tests run: 2, Failures: 0, Errors: 0, Skipped: 0, Time elapsed: 0.014 sec
Running org.apache.camel.processor.BreadcrumbDisabledTest
Tests run: 2, Failures: 0, Errors: 0, Skipped: 0, Time elapsed: 0.014 sec
Running org.apache.camel.processor.BreadcrumbTest
Tests run: 2, Failures: 0, Errors: 0, Skipped: 0, Time elapsed: 0.014 sec
Running org.apache.camel.processor.CBRHeaderPredicateTest
Tests run: 1, Failures: 0, Errors: 0, Skipped: 0, Time elapsed: 0.006 sec
Running org.apache.camel.processor.CBRSimplePredicateEmptyBodyTest
Tests run: 1, Failures: 0, Errors: 0, Skipped: 0, Time elapsed: 0.007 sec
Running org.apache.camel.processor.CBRWithLoadBalancerTest
Tests run: 3, Failures: 0, Errors: 0, Skipped: 0, Time elapsed: 0.018 sec
Running org.apache.camel.processor.CBRWithMulticastTest
Tests run: 3, Failures: 0, Errors: 0, Skipped: 0, Time elapsed: 0.02 sec
Running org.apache.camel.processor.CBRWithRecipientListTest
Tests run: 3, Failures: 0, Errors: 0, Skipped: 0, Time elapsed: 0.021 sec
Running org.apache.camel.processor.CBRWithWireTapTest
Tests run: 3, Failures: 0, Errors: 0, Skipped: 0, Time elapsed: 0.021 sec
Running org.apache.camel.processor.ChannelTest
Tests run: 1, Failures: 0, Errors: 0, Skipped: 0, Time elapsed: 0.028 sec
Running org.apache.camel.processor.ChoiceCompoundPredicateTest
Tests run: 5, Failures: 0, Errors: 0, Skipped: 0, Time elapsed: 0.033 sec
Running org.apache.camel.processor.ChoiceNoActionTest
Tests run: 2, Failures: 0, Errors: 0, Skipped: 0, Time elapsed: 0.012 sec
Running org.apache.camel.processor.ChoiceNoErrorHandlerTest
Tests run: 1, Failures: 0, Errors: 0, Skipped: 0, Time elapsed: 0.007 sec
Running org.apache.camel.processor.ChoiceTest
Tests run: 3, Failures: 0, Errors: 0, Skipped: 0, Time elapsed: 0.027 sec
Running org.apache.camel.processor.ChoiceWhenBeanExpressionTest
Tests run: 2, Failures: 0, Errors: 0, Skipped: 0, Time elapsed: 0.015 sec
Running org.apache.camel.processor.ChoiceWhenBeanExpressionWithExceptionTest
Tests run: 2, Failures: 0, Errors: 0, Skipped: 0, Time elapsed: 0.025 sec
Running org.apache.camel.processor.ChoiceWhenNotPredicateTest
Tests run: 2, Failures: 0, Errors: 0, Skipped: 0, Time elapsed: 0.013 sec
Running org.apache.camel.processor.ChoiceWithEndTest
Tests run: 4, Failures: 0, Errors: 0, Skipped: 0, Time elapsed: 0.035 sec
Running org.apache.camel.processor.ChoiceWithSimpleExpressionTest
Tests run: 3, Failures: 0, Errors: 0, Skipped: 0, Time elapsed: 0.091 sec
Running org.apache.camel.processor.ChoiceWithTranfromTest
Tests run: 1, Failures: 0, Errors: 0, Skipped: 0, Time elapsed: 0.009 sec
Running org.apache.camel.processor.ClaimCheckTest
Tests run: 1, Failures: 0, Errors: 0, Skipped: 0, Time elapsed: 0.01 sec
Running org.apache.camel.processor.ComposedMessageProcessorTest
Tests run: 2, Failures: 0, Errors: 0, Skipped: 0, Time elapsed: 4.037 sec
Running org.apache.camel.processor.ConvertBodyTest
Tests run: 9, Failures: 0, Errors: 0, Skipped: 0, Time elapsed: 0.071 sec
Running org.apache.camel.processor.CreateRouteWithNonExistingEndpointTest
Tests run: 1, Failures: 0, Errors: 0, Skipped: 0, Time elapsed: 0.005 sec
Running org.apache.camel.processor.CustomLoadBalanceTest
Tests run: 1, Failures: 0, Errors: 0, Skipped: 0, Time elapsed: 0.008 sec
Running org.apache.camel.processor.CustomProcessorFactoryTest
Tests run: 2, Failures: 0, Errors: 0, Skipped: 0, Time elapsed: 0.017 sec
Running org.apache.camel.processor.CustomRefLoadBalanceTest
Tests run: 1, Failures: 0, Errors: 0, Skipped: 0, Time elapsed: 0.007 sec
Running org.apache.camel.processor.CustomRoutePolicyTest
Tests run: 1, Failures: 0, Errors: 0, Skipped: 0, Time elapsed: 0.006 sec
Running org.apache.camel.processor.CustomScheduledRoutePolicyTest
Tests run: 1, Failures: 0, Errors: 0, Skipped: 0, Time elapsed: 2.017 sec
Running org.apache.camel.processor.DataFormatServiceCustomRefTest
Tests run: 2, Failures: 0, Errors: 0, Skipped: 0, Time elapsed: 0.032 sec
Running org.apache.camel.processor.DataFormatServiceTest
Tests run: 2, Failures: 0, Errors: 0, Skipped: 0, Time elapsed: 0.015 sec
Running org.apache.camel.processor.DataFormatTest
Tests run: 2, Failures: 0, Errors: 0, Skipped: 0, Time elapsed: 0.04 sec
Running org.apache.camel.processor.DeadLetterChannelBuilderWithInvalidDeadLetterUriTest
Tests run: 2, Failures: 0, Errors: 0, Skipped: 0, Time elapsed: 0.005 sec
Running org.apache.camel.processor.DeadLetterChannelCatchThrowableTest
Tests run: 1, Failures: 0, Errors: 0, Skipped: 0, Time elapsed: 0.007 sec
Running org.apache.camel.processor.DeadLetterChannelExceptionCausePropagatedTest
Tests run: 1, Failures: 0, Errors: 0, Skipped: 0, Time elapsed: 0.012 sec
Running org.apache.camel.processor.DeadLetterChannelExceptionCausePropagatedWithDefaultErrorHandlerTest
Tests run: 1, Failures: 0, Errors: 0, Skipped: 0, Time elapsed: 0.008 sec
Running org.apache.camel.processor.DeadLetterChannelHandledExampleTest
Tests run: 2, Failures: 0, Errors: 0, Skipped: 0, Time elapsed: 0.055 sec
Running org.apache.camel.processor.DeadLetterChannelHandledExampleWithDefaultErrorHandlerTest
Tests run: 2, Failures: 0, Errors: 0, Skipped: 0, Time elapsed: 0.023 sec
Running org.apache.camel.processor.DeadLetterChannelNoRedeliveryTest
Tests run: 1, Failures: 0, Errors: 0, Skipped: 0, Time elapsed: 0.008 sec
Running org.apache.camel.processor.DeadLetterChannelOnExceptionOnRedeliveryTest
Tests run: 2, Failures: 0, Errors: 0, Skipped: 0, Time elapsed: 0.016 sec
Running org.apache.camel.processor.DeadLetterChannelOnRedeliveryTest
Tests run: 2, Failures: 0, Errors: 0, Skipped: 0, Time elapsed: 0.014 sec
Running org.apache.camel.processor.DeadLetterChannelPropagateCausedExceptionTest
Tests run: 5, Failures: 0, Errors: 0, Skipped: 0, Time elapsed: 0.037 sec
Running org.apache.camel.processor.DeadLetterChannelRedeliverWithDelayBlockingTest
Tests run: 1, Failures: 0, Errors: 0, Skipped: 0, Time elapsed: 0.527 sec
Running org.apache.camel.processor.DeadLetterChannelRedeliveringWhileShutdownTest
Tests run: 1, Failures: 0, Errors: 0, Skipped: 0, Time elapsed: 6.519 sec
Running org.apache.camel.processor.DeadLetterChannelRedeliveryDelayPatternTest
Tests run: 1, Failures: 0, Errors: 0, Skipped: 0, Time elapsed: 1.259 sec
Running org.apache.camel.processor.DeadLetterChannelRedeliveryTest
Tests run: 3, Failures: 0, Errors: 0, Skipped: 0, Time elapsed: 0.021 sec
Running org.apache.camel.processor.DeadLetterChannelRestartFromBeginningTest
Tests run: 1, Failures: 0, Errors: 0, Skipped: 0, Time elapsed: 0.435 sec
Running org.apache.camel.processor.DeadLetterChannelSetHeaderTest
Tests run: 1, Failures: 0, Errors: 0, Skipped: 0, Time elapsed: 0.009 sec
Running org.apache.camel.processor.DeadLetterChannelTest
Tests run: 3, Failures: 0, Errors: 0, Skipped: 0, Time elapsed: 0.274 sec
Running org.apache.camel.processor.DeadLetterChannelUnmarshalSetHeaderTest
Tests run: 1, Failures: 0, Errors: 0, Skipped: 0, Time elapsed: 0.007 sec
Running org.apache.camel.processor.DeadLetterChannelUseOriginalInBodyTest
Tests run: 2, Failures: 0, Errors: 0, Skipped: 0, Time elapsed: 0.015 sec
Running org.apache.camel.processor.DeadLetterChannelUseOriginalInBodyWithFileTest
Tests run: 1, Failures: 0, Errors: 0, Skipped: 0, Time elapsed: 5.321 sec
Running org.apache.camel.processor.DefaultConsumerBridgeErrorHandlerRedeliveryTest
Tests run: 1, Failures: 0, Errors: 0, Skipped: 0, Time elapsed: 0.01 sec
Running org.apache.camel.processor.DefaultConsumerBridgeErrorHandlerTest
Tests run: 1, Failures: 0, Errors: 0, Skipped: 0, Time elapsed: 0.008 sec
Running org.apache.camel.processor.DefaultErrorHandlerCatchThrowableTest
Tests run: 1, Failures: 0, Errors: 0, Skipped: 0, Time elapsed: 0.011 sec
Running org.apache.camel.processor.DefaultErrorHandlerExplicitConfiguredTest
Tests run: 3, Failures: 0, Errors: 0, Skipped: 0, Time elapsed: 0.025 sec
Running org.apache.camel.processor.DefaultErrorHandlerOnExceptionTest
Tests run: 2, Failures: 0, Errors: 0, Skipped: 0, Time elapsed: 0.013 sec
Running org.apache.camel.processor.DefaultErrorHandlerOnExceptionTraceTest
Tests run: 2, Failures: 0, Errors: 0, Skipped: 0, Time elapsed: 0.017 sec
Running org.apache.camel.processor.DefaultErrorHandlerRedeliveryTest
Tests run: 3, Failures: 0, Errors: 0, Skipped: 0, Time elapsed: 0.031 sec
Running org.apache.camel.processor.DefaultErrorHandlerTest
Tests run: 3, Failures: 0, Errors: 0, Skipped: 0, Time elapsed: 0.023 sec
Running org.apache.camel.processor.DefaultScheduledPollConsumerBridgeErrorHandlerTest
Tests run: 1, Failures: 0, Errors: 0, Skipped: 0, Time elapsed: 1.007 sec
Running org.apache.camel.processor.DefinitionPolicyPerProcessorTest
Tests run: 1, Failures: 0, Errors: 0, Skipped: 0, Time elapsed: 0.008 sec
Running org.apache.camel.processor.DelayInterceptorTest
Tests run: 1, Failures: 0, Errors: 0, Skipped: 0, Time elapsed: 4.012 sec
Running org.apache.camel.processor.DelayerAsyncDelayedTest
Tests run: 2, Failures: 0, Errors: 0, Skipped: 0, Time elapsed: 2.063 sec
Running org.apache.camel.processor.DelayerPerRouteTest
Tests run: 1, Failures: 0, Errors: 0, Skipped: 0, Time elapsed: 2.027 sec
Running org.apache.camel.processor.DelayerTest
Tests run: 3, Failures: 0, Errors: 0, Skipped: 0, Time elapsed: 3.123 sec
Running org.apache.camel.processor.DelayerWhileShutdownTest
Tests run: 1, Failures: 0, Errors: 0, Skipped: 0, Time elapsed: 5.028 sec
Running org.apache.camel.processor.DetourTest
Tests run: 2, Failures: 0, Errors: 0, Skipped: 0, Time elapsed: 0.014 sec
Running org.apache.camel.processor.DoTryCatchWithSplitterTest
Tests run: 1, Failures: 0, Errors: 0, Skipped: 0, Time elapsed: 0.011 sec
Running org.apache.camel.processor.DoubleLoadBalancerMisconfigurationTest
Tests run: 3, Failures: 0, Errors: 0, Skipped: 0, Time elapsed: 0.003 sec
Running org.apache.camel.processor.DualPipelineTest
Tests run: 1, Failures: 0, Errors: 0, Skipped: 0, Time elapsed: 0.008 sec
Running org.apache.camel.processor.DynamicRouter2Test
Tests run: 1, Failures: 0, Errors: 0, Skipped: 0, Time elapsed: 0.024 sec
Running org.apache.camel.processor.DynamicRouter3Test
Tests run: 1, Failures: 0, Errors: 0, Skipped: 0, Time elapsed: 0.024 sec
Running org.apache.camel.processor.DynamicRouterAnnotationTest
Tests run: 1, Failures: 0, Errors: 0, Skipped: 0, Time elapsed: 0.01 sec
Running org.apache.camel.processor.DynamicRouterExchangeHeaders2Test
Tests run: 1, Failures: 0, Errors: 0, Skipped: 0, Time elapsed: 0.027 sec
Running org.apache.camel.processor.DynamicRouterExchangeHeadersTest
Tests run: 1, Failures: 0, Errors: 0, Skipped: 0, Time elapsed: 0.028 sec
Running org.apache.camel.processor.DynamicRouterExchangePropertiesTest
Tests run: 1, Failures: 0, Errors: 0, Skipped: 0, Time elapsed: 0.028 sec
Running org.apache.camel.processor.DynamicRouterTest
Tests run: 1, Failures: 0, Errors: 0, Skipped: 0, Time elapsed: 0.029 sec
Running org.apache.camel.processor.DynamicRouterThrowExceptionFromExpressionTest
Tests run: 1, Failures: 0, Errors: 0, Skipped: 0, Time elapsed: 0.027 sec
Running org.apache.camel.processor.Endpoint2MustBeStartedBeforeSendProcessorTest
Tests run: 4, Failures: 0, Errors: 0, Skipped: 0, Time elapsed: 0.023 sec
Running org.apache.camel.processor.EndpointMustBeStartedBeforeSendProcessorTest
Tests run: 4, Failures: 0, Errors: 0, Skipped: 0, Time elapsed: 0.036 sec
Running org.apache.camel.processor.ErrorHandlerOnExceptionRedeliveryAndHandledTest
Tests run: 1, Failures: 0, Errors: 0, Skipped: 0, Time elapsed: 0.013 sec
Running org.apache.camel.processor.ErrorHandlerSupportTest
Tests run: 4, Failures: 0, Errors: 0, Skipped: 0, Time elapsed: 0.002 sec
Running org.apache.camel.processor.ErrorHandlerTest
Tests run: 2, Failures: 0, Errors: 0, Skipped: 0, Time elapsed: 0.014 sec
Running org.apache.camel.processor.ErrorHandlerWrappedEachNodeTest
Tests run: 1, Failures: 0, Errors: 0, Skipped: 0, Time elapsed: 0.009 sec
Running org.apache.camel.processor.EvaluateExpressionProcessorTest
Tests run: 2, Failures: 0, Errors: 0, Skipped: 0, Time elapsed: 0.016 sec
Running org.apache.camel.processor.EventNotifierExchangeSentExampleTest
Tests run: 1, Failures: 0, Errors: 0, Skipped: 0, Time elapsed: 1.008 sec
Running org.apache.camel.processor.ExceptionHandlerStreamCacheTest
Tests run: 4, Failures: 0, Errors: 0, Skipped: 0, Time elapsed: 0.035 sec
Running org.apache.camel.processor.ExchangeCreatedTimestampTest
Tests run: 1, Failures: 0, Errors: 0, Skipped: 0, Time elapsed: 0.528 sec
Running org.apache.camel.processor.FailOverAllFailedExceptionTest
Tests run: 1, Failures: 0, Errors: 0, Skipped: 0, Time elapsed: 0.017 sec
Running org.apache.camel.processor.FailOverLoadBalanceAutoStartupFalseTest
Tests run: 1, Failures: 0, Errors: 0, Skipped: 0, Time elapsed: 0.013 sec
Running org.apache.camel.processor.FailOverLoadBalanceMultipleExceptionTest
Tests run: 1, Failures: 0, Errors: 0, Skipped: 0, Time elapsed: 0.014 sec
Running org.apache.camel.processor.FailOverLoadBalanceTest
Tests run: 2, Failures: 0, Errors: 0, Skipped: 0, Time elapsed: 0.028 sec
Running org.apache.camel.processor.FailOverLoadBalanceWithRedeliveryTest
Tests run: 1, Failures: 0, Errors: 0, Skipped: 0, Time elapsed: 0.011 sec
Running org.apache.camel.processor.FailOverLoadBalanceWrappedExceptionNoLuckTest
Tests run: 1, Failures: 0, Errors: 0, Skipped: 0, Time elapsed: 0.014 sec
Running org.apache.camel.processor.FailOverLoadBalanceWrappedExceptionTest
Tests run: 1, Failures: 0, Errors: 0, Skipped: 0, Time elapsed: 0.015 sec
Running org.apache.camel.processor.FailOverLoadBalancerSetFaultTest
Tests run: 1, Failures: 0, Errors: 0, Skipped: 0, Time elapsed: 0.04 sec
Running org.apache.camel.processor.FailOverNotCatchedExceptionTest
Tests run: 1, Failures: 0, Errors: 0, Skipped: 0, Time elapsed: 0.015 sec
Running org.apache.camel.processor.FailoverLoadBalancerBreakoutDuringShutdownTest
Tests run: 1, Failures: 0, Errors: 0, Skipped: 0, Time elapsed: 1.019 sec
Running org.apache.camel.processor.FailoverMaximumFailoverAttemptsTest
Tests run: 1, Failures: 0, Errors: 0, Skipped: 0, Time elapsed: 0.016 sec
Running org.apache.camel.processor.FailoverRoundRobinGoodBadTest
Tests run: 1, Failures: 0, Errors: 0, Skipped: 0, Time elapsed: 0.009 sec
Running org.apache.camel.processor.FailoverRoundRobinTest
Tests run: 1, Failures: 0, Errors: 0, Skipped: 0, Time elapsed: 0.012 sec
Running org.apache.camel.processor.FaultRetryRouteNewConfigurationTest
Tests run: 1, Failures: 0, Errors: 0, Skipped: 0, Time elapsed: 1.007 sec
Running org.apache.camel.processor.FaultRetryRouteTest
Tests run: 1, Failures: 0, Errors: 0, Skipped: 0, Time elapsed: 1.008 sec
Running org.apache.camel.processor.FaultRouteTest
Tests run: 2, Failures: 0, Errors: 0, Skipped: 0, Time elapsed: 0.016 sec
Running org.apache.camel.processor.FileIdempotentConsumerLoadStoreTest
Tests run: 1, Failures: 0, Errors: 0, Skipped: 0, Time elapsed: 0.009 sec
Running org.apache.camel.processor.FileIdempotentConsumerTest
Tests run: 1, Failures: 0, Errors: 0, Skipped: 0, Time elapsed: 0.281 sec
Running org.apache.camel.processor.FileIdempotentRemoveTest
Tests run: 1, Failures: 0, Errors: 0, Skipped: 0, Time elapsed: 6.956 sec
Running org.apache.camel.processor.FileIdempotentTrunkStoreTest
Tests run: 1, Failures: 0, Errors: 0, Skipped: 0, Time elapsed: 0.25 sec
Running org.apache.camel.processor.FileRollbackOnCompletionTest
Tests run: 2, Failures: 0, Errors: 0, Skipped: 0, Time elapsed: 15.655 sec
Running org.apache.camel.processor.FilterBeforeSplitTest
Tests run: 2, Failures: 0, Errors: 0, Skipped: 0, Time elapsed: 0.017 sec
Running org.apache.camel.processor.FilterNotMatchedTest
Tests run: 2, Failures: 0, Errors: 0, Skipped: 0, Time elapsed: 0.014 sec
Running org.apache.camel.processor.FilterNotTest
Tests run: 2, Failures: 0, Errors: 0, Skipped: 0, Time elapsed: 0.013 sec
Running org.apache.camel.processor.FilterSimpleTest
Tests run: 2, Failures: 0, Errors: 0, Skipped: 0, Time elapsed: 0.014 sec
Running org.apache.camel.processor.FilterTest
Tests run: 2, Failures: 0, Errors: 0, Skipped: 0, Time elapsed: 0.022 sec
Running org.apache.camel.processor.FlipRoutePolicyTest
Tests run: 1, Failures: 0, Errors: 0, Skipped: 0, Time elapsed: 10.044 sec
Running org.apache.camel.processor.FromToInOutTest
Tests run: 1, Failures: 0, Errors: 0, Skipped: 0, Time elapsed: 0.009 sec
Running org.apache.camel.processor.HandleFaultPerRouteTest
Tests run: 1, Failures: 0, Errors: 0, Skipped: 0, Time elapsed: 0.023 sec
Running org.apache.camel.processor.IdempotentConsumerAsyncTest
Tests run: 3, Failures: 0, Errors: 0, Skipped: 0, Time elapsed: 1.125 sec
Running org.apache.camel.processor.IdempotentConsumerConcurrentTest
Tests run: 4, Failures: 0, Errors: 0, Skipped: 0, Time elapsed: 0.148 sec
Running org.apache.camel.processor.IdempotentConsumerEagerTest
Tests run: 5, Failures: 0, Errors: 0, Skipped: 0, Time elapsed: 0.052 sec
Running org.apache.camel.processor.IdempotentConsumerNoMessageIdTest
Tests run: 1, Failures: 0, Errors: 0, Skipped: 0, Time elapsed: 10.022 sec
Running org.apache.camel.processor.IdempotentConsumerRemoveOnFailureTest
Tests run: 1, Failures: 0, Errors: 0, Skipped: 0, Time elapsed: 0.013 sec
Running org.apache.camel.processor.IdempotentConsumerTest
Tests run: 6, Failures: 0, Errors: 0, Skipped: 0, Time elapsed: 0.057 sec
Running org.apache.camel.processor.IdempotentConsumerUsingCustomRepositoryTest
Tests run: 1, Failures: 0, Errors: 0, Skipped: 0, Time elapsed: 0.008 sec
Running org.apache.camel.processor.InheritErrorHandlerDefaultTest
Tests run: 1, Failures: 0, Errors: 0, Skipped: 0, Time elapsed: 0.008 sec
Running org.apache.camel.processor.InheritErrorHandlerFalseTest
Tests run: 1, Failures: 0, Errors: 0, Skipped: 0, Time elapsed: 0.008 sec
Running org.apache.camel.processor.InheritErrorHandlerTrueTest
Tests run: 1, Failures: 0, Errors: 0, Skipped: 0, Time elapsed: 0.009 sec
Running org.apache.camel.processor.InlinedProcessorIdTest
Tests run: 1, Failures: 0, Errors: 0, Skipped: 0, Time elapsed: 0.008 sec
Running org.apache.camel.processor.JoinRoutesTest
Tests run: 1, Failures: 0, Errors: 0, Skipped: 0, Time elapsed: 0.009 sec
Running org.apache.camel.processor.LogEipPropagateExceptionTest
Tests run: 2, Failures: 0, Errors: 0, Skipped: 0, Time elapsed: 0.022 sec
Running org.apache.camel.processor.LogProcessorTest
Tests run: 5, Failures: 0, Errors: 0, Skipped: 0, Time elapsed: 0.048 sec
Running org.apache.camel.processor.LoopCopyErrorTest
Tests run: 1, Failures: 0, Errors: 0, Skipped: 0, Time elapsed: 0.022 sec
Running org.apache.camel.processor.LoopCopyTest
Tests run: 1, Failures: 0, Errors: 0, Skipped: 0, Time elapsed: 0.009 sec
Running org.apache.camel.processor.LoopNoCopyTest
Tests run: 1, Failures: 0, Errors: 0, Skipped: 0, Time elapsed: 0.008 sec
Running org.apache.camel.processor.LoopTest
Tests run: 6, Failures: 0, Errors: 0, Skipped: 0, Time elapsed: 10.088 sec
Running org.apache.camel.processor.MDCResetTest
Tests run: 2, Failures: 0, Errors: 0, Skipped: 0, Time elapsed: 0.027 sec
Running org.apache.camel.processor.MDCTest
Tests run: 2, Failures: 0, Errors: 0, Skipped: 0, Time elapsed: 0.018 sec
Running org.apache.camel.processor.MDCWireTapTest
Tests run: 1, Failures: 0, Errors: 0, Skipped: 0, Time elapsed: 2.01 sec
Running org.apache.camel.processor.MDCWithBreadcrumbTest
Tests run: 2, Failures: 0, Errors: 0, Skipped: 0, Time elapsed: 0.018 sec
Running org.apache.camel.processor.MarkRollbackOnlyTest
Tests run: 1, Failures: 0, Errors: 0, Skipped: 0, Time elapsed: 0.008 sec
Running org.apache.camel.processor.MethodFilterTest
Tests run: 2, Failures: 0, Errors: 0, Skipped: 0, Time elapsed: 0.014 sec
Running org.apache.camel.processor.MultiErrorHandlerInRouteNotHandledTest
Tests run: 3, Failures: 0, Errors: 0, Skipped: 0, Time elapsed: 0.029 sec
Running org.apache.camel.processor.MultiErrorHandlerInRouteTest
Tests run: 3, Failures: 0, Errors: 0, Skipped: 0, Time elapsed: 0.023 sec
Running org.apache.camel.processor.MulticastCompletedPropertyTest
Tests run: 1, Failures: 0, Errors: 0, Skipped: 0, Time elapsed: 0.008 sec
Running org.apache.camel.processor.MulticastFineGrainedErrorHandlingTest
Tests run: 2, Failures: 0, Errors: 0, Skipped: 0, Time elapsed: 0.018 sec
Running org.apache.camel.processor.MulticastNoOnPrepareTest
Tests run: 1, Failures: 0, Errors: 0, Skipped: 0, Time elapsed: 0.009 sec
Running org.apache.camel.processor.MulticastNoStopOnExceptionTest
Tests run: 2, Failures: 0, Errors: 0, Skipped: 0, Time elapsed: 0.02 sec
Running org.apache.camel.processor.MulticastOnPrepareTest
Tests run: 1, Failures: 0, Errors: 0, Skipped: 0, Time elapsed: 0.009 sec
Running org.apache.camel.processor.MulticastParallelAllTimeoutAwareTest
Tests run: 1, Failures: 0, Errors: 0, Skipped: 0, Time elapsed: 2.51 sec
Running org.apache.camel.processor.MulticastParallelFailureEndpointTest
Tests run: 2, Failures: 0, Errors: 0, Skipped: 0, Time elapsed: 0.028 sec
Running org.apache.camel.processor.MulticastParallelFineGrainedErrorHandlingTest
Tests run: 2, Failures: 0, Errors: 0, Skipped: 0, Time elapsed: 0.022 sec
Running org.apache.camel.processor.MulticastParallelLastTimeoutTest
Tests run: 1, Failures: 0, Errors: 0, Skipped: 0, Time elapsed: 3.012 sec
Running org.apache.camel.processor.MulticastParallelMiddleTimeoutTest
Tests run: 1, Failures: 0, Errors: 0, Skipped: 0, Time elapsed: 3.019 sec
Running org.apache.camel.processor.MulticastParallelNoStopOnExceptionTest
Tests run: 2, Failures: 0, Errors: 0, Skipped: 0, Time elapsed: 2.02 sec
Running org.apache.camel.processor.MulticastParallelStopOnExceptionTest
Tests run: 2, Failures: 0, Errors: 0, Skipped: 0, Time elapsed: 2.022 sec
Running org.apache.camel.processor.MulticastParallelStreamingTest
Tests run: 2, Failures: 0, Errors: 0, Skipped: 0, Time elapsed: 5.528 sec
Running org.apache.camel.processor.MulticastParallelStreamingTimeoutTest
Tests run: 1, Failures: 0, Errors: 0, Skipped: 0, Time elapsed: 3.01 sec
Running org.apache.camel.processor.MulticastParallelStreamingTwoTimeoutTest
Tests run: 1, Failures: 0, Errors: 0, Skipped: 0, Time elapsed: 4.029 sec
Running org.apache.camel.processor.MulticastParallelStressTest
Tests run: 3, Failures: 0, Errors: 0, Skipped: 0, Time elapsed: 1.444 sec
Running org.apache.camel.processor.MulticastParallelTest
Tests run: 2, Failures: 0, Errors: 0, Skipped: 0, Time elapsed: 2.202 sec
Running org.apache.camel.processor.MulticastParallelTimeout2Test
Tests run: 1, Failures: 0, Errors: 0, Skipped: 0, Time elapsed: 1.31 sec
Running org.apache.camel.processor.MulticastParallelTimeout3Test
Tests run: 1, Failures: 0, Errors: 0, Skipped: 0, Time elapsed: 1.32 sec
Running org.apache.camel.processor.MulticastParallelTimeoutAwareTest
Tests run: 1, Failures: 0, Errors: 0, Skipped: 0, Time elapsed: 2.107 sec
Running org.apache.camel.processor.MulticastParallelTimeoutTest
Tests run: 1, Failures: 0, Errors: 0, Skipped: 0, Time elapsed: 1.329 sec
Running org.apache.camel.processor.MulticastParallelTwoTimeoutTest
Tests run: 1, Failures: 0, Errors: 0, Skipped: 0, Time elapsed: 4.041 sec
Running org.apache.camel.processor.MulticastRedeliverTest
Tests run: 3, Failures: 0, Errors: 0, Skipped: 0, Time elapsed: 0.035 sec
Running org.apache.camel.processor.MulticastStopOnExceptionLastWithOnExceptionTest
Tests run: 2, Failures: 0, Errors: 0, Skipped: 0, Time elapsed: 0.02 sec
Running org.apache.camel.processor.MulticastStopOnExceptionTest
Tests run: 2, Failures: 0, Errors: 0, Skipped: 0, Time elapsed: 0.02 sec
Running org.apache.camel.processor.MulticastStopOnExceptionWithOnExceptionTest
Tests run: 2, Failures: 0, Errors: 0, Skipped: 0, Time elapsed: 0.021 sec
Running org.apache.camel.processor.MulticastStreamCachingTest
Tests run: 1, Failures: 0, Errors: 0, Skipped: 0, Time elapsed: 0.011 sec
Running org.apache.camel.processor.MulticastSubUnitOfWorkTest
Tests run: 2, Failures: 0, Errors: 0, Skipped: 0, Time elapsed: 0.016 sec
Running org.apache.camel.processor.MulticastTest
Tests run: 1, Failures: 0, Errors: 0, Skipped: 0, Time elapsed: 0.018 sec
Running org.apache.camel.processor.MulticastThreadPoolProfileTest
Tests run: 2, Failures: 0, Errors: 0, Skipped: 0, Time elapsed: 2.135 sec
Running org.apache.camel.processor.MulticastUnitOfWorkTest
Tests run: 1, Failures: 0, Errors: 0, Skipped: 0, Time elapsed: 0.01 sec
Running org.apache.camel.processor.MulticastWithOnExceptionFirstTest
Tests run: 2, Failures: 0, Errors: 0, Skipped: 0, Time elapsed: 0.019 sec
Running org.apache.camel.processor.MulticastWithOnExceptionLastTest
Tests run: 2, Failures: 0, Errors: 0, Skipped: 0, Time elapsed: 0.025 sec
Running org.apache.camel.processor.MulticastWithOnExceptionTest
Tests run: 2, Failures: 0, Errors: 0, Skipped: 0, Time elapsed: 0.018 sec
Running org.apache.camel.processor.NavigateRouteTest
Tests run: 1, Failures: 0, Errors: 0, Skipped: 0, Time elapsed: 0.007 sec
Running org.apache.camel.processor.NewProcessorAndServiceTest
Tests run: 1, Failures: 0, Errors: 0, Skipped: 0, Time elapsed: 0.006 sec
Running org.apache.camel.processor.NoErrorHandlerTest
Tests run: 2, Failures: 0, Errors: 0, Skipped: 0, Time elapsed: 0.012 sec
Running org.apache.camel.processor.NormalizerTest
Tests run: 1, Failures: 0, Errors: 0, Skipped: 0, Time elapsed: 0.019 sec
Running org.apache.camel.processor.OnCompletionAndInterceptAndOnExceptionGlobalTest
Tests run: 2, Failures: 0, Errors: 0, Skipped: 0, Time elapsed: 0.02 sec
Running org.apache.camel.processor.OnCompletionAndInterceptGlobalSSEnabledTest
Tests run: 2, Failures: 0, Errors: 0, Skipped: 0, Time elapsed: 0.019 sec
Running org.apache.camel.processor.OnCompletionAndInterceptGlobalTest
Tests run: 2, Failures: 0, Errors: 0, Skipped: 0, Time elapsed: 0.017 sec
Running org.apache.camel.processor.OnCompletionAndInterceptTest
Tests run: 2, Failures: 0, Errors: 0, Skipped: 0, Time elapsed: 0.016 sec
Running org.apache.camel.processor.OnCompletionAsyncTest
Tests run: 5, Failures: 0, Errors: 0, Skipped: 0, Time elapsed: 4.048 sec
Running org.apache.camel.processor.OnCompletionContainsTest
Tests run: 1, Failures: 0, Errors: 0, Skipped: 0, Time elapsed: 0.007 sec
Running org.apache.camel.processor.OnCompletionGlobalCustomPoolTest
Tests run: 2, Failures: 0, Errors: 0, Skipped: 0, Time elapsed: 0.015 sec
Running org.apache.camel.processor.OnCompletionGlobalTest
Tests run: 2, Failures: 0, Errors: 0, Skipped: 0, Time elapsed: 0.016 sec
Running org.apache.camel.processor.OnCompletionGlobalTraceTest
Tests run: 2, Failures: 0, Errors: 0, Skipped: 0, Time elapsed: 0.019 sec
Running org.apache.camel.processor.OnCompletionInvalidConfiguredTest
Tests run: 1, Failures: 0, Errors: 0, Skipped: 0, Time elapsed: 0.001 sec
Running org.apache.camel.processor.OnCompletionMoreGlobalRouteCompletionTest
Tests run: 3, Failures: 0, Errors: 0, Skipped: 0, Time elapsed: 0.028 sec
Running org.apache.camel.processor.OnCompletionMoreGlobalTest
Tests run: 2, Failures: 0, Errors: 0, Skipped: 0, Time elapsed: 0.019 sec
Running org.apache.camel.processor.OnCompletionOnCompleteOnlyTest
Tests run: 2, Failures: 0, Errors: 0, Skipped: 0, Time elapsed: 0.017 sec
Running org.apache.camel.processor.OnCompletionOnFailureOnlyTest
Tests run: 2, Failures: 0, Errors: 0, Skipped: 0, Time elapsed: 0.015 sec
Running org.apache.camel.processor.OnCompletionRouteScopeOverrideGlobalScopeTest
Tests run: 2, Failures: 0, Errors: 0, Skipped: 0, Time elapsed: 0.016 sec
Running org.apache.camel.processor.OnCompletionShouldBeLastTest
Tests run: 1, Failures: 0, Errors: 0, Skipped: 0, Time elapsed: 0.006 sec
Running org.apache.camel.processor.OnCompletionTest
Tests run: 2, Failures: 0, Errors: 0, Skipped: 0, Time elapsed: 0.014 sec
Running org.apache.camel.processor.OnCompletionUseOriginalBodyTest
Tests run: 1, Failures: 0, Errors: 0, Skipped: 0, Time elapsed: 1.008 sec
Running org.apache.camel.processor.OnCompletionWhenTest
Tests run: 2, Failures: 0, Errors: 0, Skipped: 0, Time elapsed: 0.014 sec
Running org.apache.camel.processor.OnExceptionContinueToRouteTest
Tests run: 1, Failures: 0, Errors: 0, Skipped: 0, Time elapsed: 0.008 sec
Running org.apache.camel.processor.PipelineConcurrentTest
Tests run: 1, Failures: 0, Errors: 0, Skipped: 0, Time elapsed: 0.092 sec
Running org.apache.camel.processor.PipelineMEPTest
Tests run: 2, Failures: 0, Errors: 0, Skipped: 0, Time elapsed: 0.015 sec
Running org.apache.camel.processor.PipelineTest
Tests run: 5, Failures: 0, Errors: 0, Skipped: 0, Time elapsed: 0.043 sec
Running org.apache.camel.processor.PolicyPerProcessorTest
Tests run: 1, Failures: 0, Errors: 0, Skipped: 0, Time elapsed: 0.007 sec
Running org.apache.camel.processor.PolicyPerRouteTest
Tests run: 1, Failures: 0, Errors: 0, Skipped: 0, Time elapsed: 0.006 sec
Running org.apache.camel.processor.ProcessorMutateExchangeRedeliverTest
Tests run: 2, Failures: 0, Errors: 0, Skipped: 0, Time elapsed: 0.016 sec
Running org.apache.camel.processor.RandomLoadBalanceJavaDSLBuilderTest
Tests run: 3, Failures: 0, Errors: 0, Skipped: 0, Time elapsed: 0.026 sec
Running org.apache.camel.processor.RandomLoadBalanceTest
Tests run: 1, Failures: 0, Errors: 0, Skipped: 0, Time elapsed: 0.014 sec
Running org.apache.camel.processor.RecipeientListWithSimpleExpressionTest
Tests run: 2, Failures: 0, Errors: 0, Skipped: 0, Time elapsed: 0.562 sec
Running org.apache.camel.processor.RecipientListAggregationStrategyTest
Tests run: 1, Failures: 0, Errors: 0, Skipped: 0, Time elapsed: 0.009 sec
Running org.apache.camel.processor.RecipientListBeanOnPrepareTest
Tests run: 1, Failures: 0, Errors: 0, Skipped: 0, Time elapsed: 0.018 sec
Running org.apache.camel.processor.RecipientListBeanSubUnitOfWorkTest
Tests run: 2, Failures: 0, Errors: 0, Skipped: 0, Time elapsed: 0.018 sec
Running org.apache.camel.processor.RecipientListBeanTest
Tests run: 2, Failures: 0, Errors: 0, Skipped: 0, Time elapsed: 0.019 sec
Running org.apache.camel.processor.RecipientListContextScopedOnExceptionIssueTest
Tests run: 2, Failures: 0, Errors: 0, Skipped: 0, Time elapsed: 0.018 sec
Running org.apache.camel.processor.RecipientListDoNotStopOnExceptionTest
Tests run: 1, Failures: 0, Errors: 0, Skipped: 0, Time elapsed: 0.011 sec
Running org.apache.camel.processor.RecipientListFineGrainedErrorHandlingTest
Tests run: 4, Failures: 0, Errors: 0, Skipped: 0, Time elapsed: 0.042 sec
Running org.apache.camel.processor.RecipientListIgnoreInvalidEndpointsTest
Tests run: 2, Failures: 0, Errors: 0, Skipped: 0, Time elapsed: 0.019 sec
Running org.apache.camel.processor.RecipientListInvalidEndpointErrorHandlerTest
Tests run: 1, Failures: 0, Errors: 0, Skipped: 0, Time elapsed: 0.007 sec
Running org.apache.camel.processor.RecipientListInvalidEndpointIgnoreInvalidEndpointsTest
Tests run: 1, Failures: 0, Errors: 0, Skipped: 0, Time elapsed: 0.007 sec
Running org.apache.camel.processor.RecipientListLeakTest
Tests run: 1, Failures: 0, Errors: 0, Skipped: 0, Time elapsed: 0.007 sec
Running org.apache.camel.processor.RecipientListOnPrepareTest
Tests run: 1, Failures: 0, Errors: 0, Skipped: 0, Time elapsed: 0.009 sec
Running org.apache.camel.processor.RecipientListParallelAggregateThreadPoolIssueTest
Tests run: 1, Failures: 0, Errors: 0, Skipped: 0, Time elapsed: 0.031 sec
Running org.apache.camel.processor.RecipientListParallelFineGrainedErrorHandlingTest
Tests run: 3, Failures: 0, Errors: 0, Skipped: 0, Time elapsed: 0.032 sec
Running org.apache.camel.processor.RecipientListParallelStopOnExceptionWithOnExceptionTest
Tests run: 1, Failures: 0, Errors: 0, Skipped: 0, Time elapsed: 0.013 sec
Running org.apache.camel.processor.RecipientListParallelStreamingTest
Tests run: 1, Failures: 0, Errors: 0, Skipped: 0, Time elapsed: 1.015 sec
Running org.apache.camel.processor.RecipientListParallelTest
Tests run: 1, Failures: 0, Errors: 0, Skipped: 0, Time elapsed: 1.013 sec
Running org.apache.camel.processor.RecipientListParallelTimeoutTest
Tests run: 1, Failures: 0, Errors: 0, Skipped: 0, Time elapsed: 5.016 sec
Running org.apache.camel.processor.RecipientListRedeliverTest
Tests run: 3, Failures: 0, Errors: 0, Skipped: 0, Time elapsed: 0.028 sec
Running org.apache.camel.processor.RecipientListReturnValueTest
Tests run: 2, Failures: 0, Errors: 0, Skipped: 0, Time elapsed: 0.018 sec
Running org.apache.camel.processor.RecipientListStopOnExceptionTest
Tests run: 1, Failures: 0, Errors: 0, Skipped: 0, Time elapsed: 0.011 sec
Running org.apache.camel.processor.RecipientListStopOnExceptionWithOnExceptionTest
Tests run: 1, Failures: 0, Errors: 0, Skipped: 0, Time elapsed: 0.01 sec
Running org.apache.camel.processor.RecipientListSubUnitOfWorkTest
Tests run: 2, Failures: 0, Errors: 0, Skipped: 0, Time elapsed: 0.017 sec
Running org.apache.camel.processor.RecipientListTest
Tests run: 1, Failures: 0, Errors: 0, Skipped: 0, Time elapsed: 0.007 sec
Running org.apache.camel.processor.RecipientListThrowExceptionFromExpressionTest
Tests run: 1, Failures: 0, Errors: 0, Skipped: 0, Time elapsed: 0.025 sec
Running org.apache.camel.processor.RecipientListThrowExceptionSubRouteTest
Tests run: 2, Failures: 0, Errors: 0, Skipped: 0, Time elapsed: 0.016 sec
Running org.apache.camel.processor.RecipientListWithArrayHeaderTest
Tests run: 1, Failures: 0, Errors: 0, Skipped: 0, Time elapsed: 0.005 sec
Running org.apache.camel.processor.RecipientListWithDelimiterTest
Tests run: 2, Failures: 0, Errors: 0, Skipped: 0, Time elapsed: 0.01 sec
Running org.apache.camel.processor.RecipientListWithStringDelimitedHeaderTest
Tests run: 1, Failures: 0, Errors: 0, Skipped: 0, Time elapsed: 0.007 sec
Running org.apache.camel.processor.RecipientListWithStringDelimitedPropertyTest
Tests run: 1, Failures: 0, Errors: 0, Skipped: 0, Time elapsed: 0.007 sec
Running org.apache.camel.processor.RedeliverToSubRouteTest
Tests run: 1, Failures: 0, Errors: 0, Skipped: 0, Time elapsed: 0.007 sec
Running org.apache.camel.processor.RedeliverWithExceptionAndFaultTest
Tests run: 3, Failures: 0, Errors: 0, Skipped: 0, Time elapsed: 0.016 sec
Running org.apache.camel.processor.RedeliveryErrorHandlerBlockedDelayTest
Tests run: 1, Failures: 0, Errors: 0, Skipped: 0, Time elapsed: 4.019 sec
Running org.apache.camel.processor.RedeliveryErrorHandlerBreakoutDuringShutdownTest
Tests run: 1, Failures: 0, Errors: 0, Skipped: 0, Time elapsed: 1.015 sec
Running org.apache.camel.processor.RedeliveryErrorHandlerLogHandledTest
Tests run: 7, Failures: 0, Errors: 0, Skipped: 0, Time elapsed: 0.061 sec
Running org.apache.camel.processor.RedeliveryErrorHandlerNoRedeliveryOnShutdownTest
Tests run: 1, Failures: 0, Errors: 0, Skipped: 0, Time elapsed: 1.019 sec
Running org.apache.camel.processor.RedeliveryErrorHandlerNonBlockedDelayTest
Tests run: 1, Failures: 0, Errors: 0, Skipped: 0, Time elapsed: 4.02 sec
Running org.apache.camel.processor.RedeliveryOnExceptionBlockedDelayTest
Tests run: 1, Failures: 0, Errors: 0, Skipped: 0, Time elapsed: 4.021 sec
Running org.apache.camel.processor.RedeliveryPolicyDelayPatternTest
Tests run: 1, Failures: 0, Errors: 0, Skipped: 0, Time elapsed: 0.001 sec
Running org.apache.camel.processor.RedeliveryPolicyPerExceptionTest
Tests run: 2, Failures: 0, Errors: 0, Skipped: 0, Time elapsed: 0.034 sec
Running org.apache.camel.processor.RegExRouteTest
Tests run: 1, Failures: 0, Errors: 0, Skipped: 0, Time elapsed: 0.008 sec
Running org.apache.camel.processor.RemoveHeaderTest
Tests run: 1, Failures: 0, Errors: 0, Skipped: 0, Time elapsed: 0.008 sec
Running org.apache.camel.processor.RemoveHeadersExcludeTest
Tests run: 2, Failures: 0, Errors: 0, Skipped: 0, Time elapsed: 0.016 sec
Running org.apache.camel.processor.RemoveHeadersTest
Tests run: 2, Failures: 0, Errors: 0, Skipped: 0, Time elapsed: 0.019 sec
Running org.apache.camel.processor.RemovePropertyTest
Tests run: 1, Failures: 0, Errors: 0, Skipped: 0, Time elapsed: 0.009 sec
Running org.apache.camel.processor.ResequenceBatchIgnoreInvalidExchangesTest
Tests run: 4, Failures: 0, Errors: 0, Skipped: 0, Time elapsed: 4.034 sec
Running org.apache.camel.processor.ResequenceBatchNotIgnoreInvalidExchangesTest
Tests run: 4, Failures: 0, Errors: 0, Skipped: 0, Time elapsed: 4.04 sec
Running org.apache.camel.processor.ResequenceStreamIgnoreInvalidExchangesTest
Tests run: 4, Failures: 0, Errors: 0, Skipped: 0, Time elapsed: 6.039 sec
Running org.apache.camel.processor.ResequenceStreamNotIgnoreInvalidExchangesTest
Tests run: 4, Failures: 0, Errors: 0, Skipped: 0, Time elapsed: 7.074 sec
Running org.apache.camel.processor.ResequenceStreamRejectOldExchangesTest
Tests run: 4, Failures: 0, Errors: 0, Skipped: 0, Time elapsed: 13.039 sec
Running org.apache.camel.processor.ResequencerTest
Tests run: 3, Failures: 0, Errors: 0, Skipped: 0, Time elapsed: 1.087 sec
Running org.apache.camel.processor.RollbackCustomMessageTest
Tests run: 1, Failures: 0, Errors: 0, Skipped: 0, Time elapsed: 0.006 sec
Running org.apache.camel.processor.RollbackDefaultErrorHandlerTest
Tests run: 3, Failures: 0, Errors: 0, Skipped: 0, Time elapsed: 0.019 sec
Running org.apache.camel.processor.RollbackDefaultMessageTest
Tests run: 1, Failures: 0, Errors: 0, Skipped: 0, Time elapsed: 0.005 sec
Running org.apache.camel.processor.RollbackTest
Tests run: 3, Failures: 0, Errors: 0, Skipped: 0, Time elapsed: 0.02 sec
Running org.apache.camel.processor.RoundRobinLoadBalanceTest
Tests run: 1, Failures: 0, Errors: 0, Skipped: 0, Time elapsed: 0.007 sec
Running org.apache.camel.processor.RouteAutoStartupTest
Tests run: 6, Failures: 0, Errors: 0, Skipped: 0, Time elapsed: 0.033 sec
Running org.apache.camel.processor.RouteFormattedUriTest
Tests run: 1, Failures: 0, Errors: 0, Skipped: 0, Time elapsed: 3.846 sec
Running org.apache.camel.processor.RouteIdTest
Tests run: 2, Failures: 0, Errors: 0, Skipped: 0, Time elapsed: 0.018 sec
Running org.apache.camel.processor.RouteMEPOptionalOutTest
Tests run: 5, Failures: 0, Errors: 0, Skipped: 0, Time elapsed: 0.033 sec
Running org.apache.camel.processor.RouteNoAutoStartupTest
Tests run: 2, Failures: 0, Errors: 0, Skipped: 0, Time elapsed: 0.224 sec
Running org.apache.camel.processor.RoutePerformanceCountTest
Tests run: 1, Failures: 0, Errors: 0, Skipped: 0, Time elapsed: 0.216 sec
Running org.apache.camel.processor.RoutePerformanceTest
Tests run: 1, Failures: 0, Errors: 0, Skipped: 0, Time elapsed: 1.832 sec
Running org.apache.camel.processor.RoutePoliciesRefTest
Tests run: 1, Failures: 0, Errors: 0, Skipped: 0, Time elapsed: 0.01 sec
Running org.apache.camel.processor.RoutePoliciesTest
Tests run: 1, Failures: 0, Errors: 0, Skipped: 0, Time elapsed: 0.007 sec
Running org.apache.camel.processor.RouteServicesStartupOrderTest
Tests run: 1, Failures: 0, Errors: 0, Skipped: 0, Time elapsed: 0.044 sec
Running org.apache.camel.processor.RouteShutdownNotReverseOrderTest
Tests run: 1, Failures: 0, Errors: 0, Skipped: 0, Time elapsed: 0.007 sec
Running org.apache.camel.processor.RouteShutdownReverseOrderTest
Tests run: 1, Failures: 0, Errors: 0, Skipped: 0, Time elapsed: 0.006 sec
Running org.apache.camel.processor.RouteStartupOrderClashTest
Tests run: 1, Failures: 0, Errors: 0, Skipped: 0, Time elapsed: 0.005 sec
Running org.apache.camel.processor.RouteStartupOrderDirectTest
Tests run: 1, Failures: 0, Errors: 0, Skipped: 0, Time elapsed: 0.006 sec
Running org.apache.camel.processor.RouteStartupOrderSimpleTest
Tests run: 1, Failures: 0, Errors: 0, Skipped: 0, Time elapsed: 0.019 sec
Running org.apache.camel.processor.RouteStartupOrderSuspendResumeNoAutoStartupTest
Tests run: 2, Failures: 0, Errors: 0, Skipped: 0, Time elapsed: 0.017 sec
Running org.apache.camel.processor.RouteStartupOrderSuspendResumeTest
Tests run: 1, Failures: 0, Errors: 0, Skipped: 0, Time elapsed: 0.01 sec
Running org.apache.camel.processor.RouteStartupOrderTest
Tests run: 1, Failures: 0, Errors: 0, Skipped: 0, Time elapsed: 0.038 sec
Running org.apache.camel.processor.RouteStartupOrderWithDefaultTest
Tests run: 1, Failures: 0, Errors: 0, Skipped: 0, Time elapsed: 0.029 sec
Running org.apache.camel.processor.RouteStopTest
Tests run: 4, Failures: 0, Errors: 0, Skipped: 0, Time elapsed: 0.042 sec
Running org.apache.camel.processor.RouteWithConstantFieldFromExchangeFailTest
Tests run: 1, Failures: 0, Errors: 0, Skipped: 0, Time elapsed: 0.006 sec
Running org.apache.camel.processor.RouteWithConstantFieldFromExchangeTest
Tests run: 1, Failures: 0, Errors: 0, Skipped: 0, Time elapsed: 0.007 sec
Running org.apache.camel.processor.RoutingSlipContextScopedOnExceptionIssueTest
Tests run: 2, Failures: 0, Errors: 0, Skipped: 0, Time elapsed: 0.048 sec
Running org.apache.camel.processor.RoutingSlipInOutAndInOnlyTest
Tests run: 2, Failures: 0, Errors: 0, Skipped: 0, Time elapsed: 0.042 sec
Running org.apache.camel.processor.RoutingSlipNoSuchEndpointExceptionTest
Tests run: 2, Failures: 0, Errors: 0, Skipped: 0, Time elapsed: 0.034 sec
Running org.apache.camel.processor.RoutingSlipRedeliverTest
Tests run: 3, Failures: 0, Errors: 0, Skipped: 0, Time elapsed: 0.028 sec
Running org.apache.camel.processor.RoutingSlipThrowExceptionFromExpressionTest
Tests run: 1, Failures: 0, Errors: 0, Skipped: 0, Time elapsed: 0.029 sec
Running org.apache.camel.processor.SamplingThrottlerTest
Tests run: 5, Failures: 0, Errors: 0, Skipped: 0, Time elapsed: 5.653 sec
Running org.apache.camel.processor.SendToNonExistingEndpointTest
Tests run: 1, Failures: 0, Errors: 0, Skipped: 0, Time elapsed: 0.005 sec
Running org.apache.camel.processor.SetBodyProcessorTest
Tests run: 1, Failures: 0, Errors: 0, Skipped: 0, Time elapsed: 0.007 sec
Running org.apache.camel.processor.SetExchangePatternTest
Tests run: 10, Failures: 0, Errors: 0, Skipped: 0, Time elapsed: 0.083 sec
Running org.apache.camel.processor.SetHeaderTest
Tests run: 1, Failures: 0, Errors: 0, Skipped: 0, Time elapsed: 0.009 sec
Running org.apache.camel.processor.SetHeaderUsingDslExpressionsTest
Tests run: 7, Failures: 0, Errors: 0, Skipped: 0, Time elapsed: 0.048 sec
Running org.apache.camel.processor.SetPropertyTest
Tests run: 1, Failures: 0, Errors: 0, Skipped: 0, Time elapsed: 0.007 sec
Running org.apache.camel.processor.ShutdownCompleteAllTasksTest
Tests run: 1, Failures: 0, Errors: 0, Skipped: 0, Time elapsed: 40.143 sec
Running org.apache.camel.processor.ShutdownCompleteCurrentTaskOnlyTest
Process 1583874242333 is killed.
[INFO] ------------------------------------------------------------------------
[INFO] BUILD FAILURE
[INFO] ------------------------------------------------------------------------
[INFO] Total time: 50:06 min
[INFO] Finished at: 2020-03-10T14:54:02-07:00
[INFO] Final Memory: 19M/982M
[INFO] ------------------------------------------------------------------------
[ERROR] Failed to execute goal org.apache.maven.plugins:maven-surefire-plugin:2.8:test (default-test) on project camel-core: There are test failures.
[ERROR] 
[ERROR] Please refer to /boom/scratch/Bugs.jar_Camel_0c3c7d1b_java-7/camel-core/target/surefire-reports for the individual test results.
[ERROR] -> [Help 1]
[ERROR] 
[ERROR] To see the full stack trace of the errors, re-run Maven with the -e switch.
[ERROR] Re-run Maven using the -X switch to enable full debug logging.
[ERROR] 
[ERROR] For more information about the errors and possible solutions, please read the following articles:
[ERROR] [Help 1] http://cwiki.apache.org/confluence/display/MAVEN/MojoFailureException
